Aligning contigs to reference...
	Running Nucmer
Parsing coords...
Loading reference...
	Loaded [NZ_LN831035.1_Haemophilus_influenzae_genome_assembly_NCTC8143__chromosome___1]
Loading SNPs...
Loading regions...
	No regions given, using whole reference.
	Total Regions: 1
	Total Region Length: 1890645
Analyzing contigs...
CONTIG: NODE_1_length_311333_cov_153.831482 (311459bp)
Top Length: 23322  Top ID: 95.38
		Skipping redundant alignment 606865 606945 | 58206 58286 | 81 81 | 100.0 | NZ_LN831035.1_Haemophilus_influenzae_genome_assembly_NCTC8143__chromosome___1 NODE_1_length_311333_cov_153.831482
		Skipping redundant alignment 473313 473420 | 103186 103293 | 108 108 | 100.0 | NZ_LN831035.1_Haemophilus_influenzae_genome_assembly_NCTC8143__chromosome___1 NODE_1_length_311333_cov_153.831482
		Skipping redundant alignment 1569952 1570059 | 103186 103293 | 108 108 | 100.0 | NZ_LN831035.1_Haemophilus_influenzae_genome_assembly_NCTC8143__chromosome___1 NODE_1_length_311333_cov_153.831482
		Skipping redundant alignment 473299 473403 | 103188 103292 | 105 105 | 100.0 | NZ_LN831035.1_Haemophilus_influenzae_genome_assembly_NCTC8143__chromosome___1 NODE_1_length_311333_cov_153.831482
		Skipping redundant alignment 1569944 1570046 | 103190 103292 | 103 103 | 100.0 | NZ_LN831035.1_Haemophilus_influenzae_genome_assembly_NCTC8143__chromosome___1 NODE_1_length_311333_cov_153.831482
		Skipping redundant alignment 1453780 1453846 | 163757 163691 | 67 67 | 100.0 | NZ_LN831035.1_Haemophilus_influenzae_genome_assembly_NCTC8143__chromosome___1 NODE_1_length_311333_cov_153.831482
		Skipping redundant alignment 1453780 1453846 | 163769 163703 | 67 67 | 100.0 | NZ_LN831035.1_Haemophilus_influenzae_genome_assembly_NCTC8143__chromosome___1 NODE_1_length_311333_cov_153.831482
		Skipping redundant alignment 1453771 1453846 | 163783 163707 | 76 77 | 97.4 | NZ_LN831035.1_Haemophilus_influenzae_genome_assembly_NCTC8143__chromosome___1 NODE_1_length_311333_cov_153.831482
		Skipping redundant alignment 766006 766422 | 202582 202165 | 417 418 | 98.8 | NZ_LN831035.1_Haemophilus_influenzae_genome_assembly_NCTC8143__chromosome___1 NODE_1_length_311333_cov_153.831482
		Skipping redundant alignment 765445 765861 | 202582 202165 | 417 418 | 98.56 | NZ_LN831035.1_Haemophilus_influenzae_genome_assembly_NCTC8143__chromosome___1 NODE_1_length_311333_cov_153.831482
		Skipping redundant alignment 766286 766702 | 202582 202165 | 417 418 | 98.56 | NZ_LN831035.1_Haemophilus_influenzae_genome_assembly_NCTC8143__chromosome___1 NODE_1_length_311333_cov_153.831482
		Skipping redundant alignment 765726 766141 | 202582 202165 | 416 418 | 98.33 | NZ_LN831035.1_Haemophilus_influenzae_genome_assembly_NCTC8143__chromosome___1 NODE_1_length_311333_cov_153.831482
		Skipping redundant alignment 766567 766982 | 202582 202165 | 416 418 | 98.33 | NZ_LN831035.1_Haemophilus_influenzae_genome_assembly_NCTC8143__chromosome___1 NODE_1_length_311333_cov_153.831482
		Skipping redundant alignment 766847 767262 | 202582 202165 | 416 418 | 98.33 | NZ_LN831035.1_Haemophilus_influenzae_genome_assembly_NCTC8143__chromosome___1 NODE_1_length_311333_cov_153.831482
		Skipping redundant alignment 765306 765581 | 202440 202165 | 276 276 | 99.28 | NZ_LN831035.1_Haemophilus_influenzae_genome_assembly_NCTC8143__chromosome___1 NODE_1_length_311333_cov_153.831482
		Skipping redundant alignment 766147 766381 | 202960 202726 | 235 235 | 99.57 | NZ_LN831035.1_Haemophilus_influenzae_genome_assembly_NCTC8143__chromosome___1 NODE_1_length_311333_cov_153.831482
		Skipping redundant alignment 765587 765821 | 202960 202726 | 235 235 | 99.15 | NZ_LN831035.1_Haemophilus_influenzae_genome_assembly_NCTC8143__chromosome___1 NODE_1_length_311333_cov_153.831482
		Skipping redundant alignment 765867 766101 | 202960 202726 | 235 235 | 99.15 | NZ_LN831035.1_Haemophilus_influenzae_genome_assembly_NCTC8143__chromosome___1 NODE_1_length_311333_cov_153.831482
		Skipping redundant alignment 766428 766662 | 202960 202726 | 235 235 | 99.15 | NZ_LN831035.1_Haemophilus_influenzae_genome_assembly_NCTC8143__chromosome___1 NODE_1_length_311333_cov_153.831482
		Skipping redundant alignment 766708 766942 | 202960 202726 | 235 235 | 99.15 | NZ_LN831035.1_Haemophilus_influenzae_genome_assembly_NCTC8143__chromosome___1 NODE_1_length_311333_cov_153.831482
		Skipping redundant alignment 766988 767222 | 202960 202726 | 235 235 | 99.15 | NZ_LN831035.1_Haemophilus_influenzae_genome_assembly_NCTC8143__chromosome___1 NODE_1_length_311333_cov_153.831482
		Skipping redundant alignment 767268 767502 | 202960 202726 | 235 235 | 98.3 | NZ_LN831035.1_Haemophilus_influenzae_genome_assembly_NCTC8143__chromosome___1 NODE_1_length_311333_cov_153.831482
		Skipping redundant alignment 1090529 1090627 | 230278 230376 | 99 99 | 100.0 | NZ_LN831035.1_Haemophilus_influenzae_genome_assembly_NCTC8143__chromosome___1 NODE_1_length_311333_cov_153.831482
		Skipping redundant alignment 951390 951468 | 265621 265543 | 79 79 | 100.0 | NZ_LN831035.1_Haemophilus_influenzae_genome_assembly_NCTC8143__chromosome___1 NODE_1_length_311333_cov_153.831482
		Skipping redundant alignment 1008993 1009071 | 265621 265543 | 79 79 | 100.0 | NZ_LN831035.1_Haemophilus_influenzae_genome_assembly_NCTC8143__chromosome___1 NODE_1_length_311333_cov_153.831482
		Skipping redundant alignment 641912 641990 | 299453 299375 | 79 79 | 100.0 | NZ_LN831035.1_Haemophilus_influenzae_genome_assembly_NCTC8143__chromosome___1 NODE_1_length_311333_cov_153.831482
		Skipping redundant alignment 1173166 1173243 | 299593 299670 | 78 78 | 100.0 | NZ_LN831035.1_Haemophilus_influenzae_genome_assembly_NCTC8143__chromosome___1 NODE_1_length_311333_cov_153.831482
			Skipping redundant alignments after choosing the best set of alignments
		Skipping redundant alignment 275741 275864 | 311459 311334 | 124 126 | 97.62 | NZ_LN831035.1_Haemophilus_influenzae_genome_assembly_NCTC8143__chromosome___1 NODE_1_length_311333_cov_153.831482
		Skipping redundant alignment 309306 309429 | 311459 311334 | 124 126 | 97.62 | NZ_LN831035.1_Haemophilus_influenzae_genome_assembly_NCTC8143__chromosome___1 NODE_1_length_311333_cov_153.831482
		Skipping redundant alignment 431620 431745 | 311334 311459 | 126 126 | 99.21 | NZ_LN831035.1_Haemophilus_influenzae_genome_assembly_NCTC8143__chromosome___1 NODE_1_length_311333_cov_153.831482
		Skipping redundant alignment 1145648 1145771 | 311334 311459 | 124 126 | 97.62 | NZ_LN831035.1_Haemophilus_influenzae_genome_assembly_NCTC8143__chromosome___1 NODE_1_length_311333_cov_153.831482
		This contig is misassembled. 56 total aligns.
			Real Alignment 1: 968460 968542 | 1 83 | 83 83 | 98.8 | NZ_LN831035.1_Haemophilus_influenzae_genome_assembly_NCTC8143__chromosome___1 NODE_1_length_311333_cov_153.831482
			  Extensive misassembly ( relocation, inconsistency = -461219 ) between these two alignments
			Real Alignment 2: 532270 532992 | 25030 25751 | 723 722 | 96.69 | NZ_LN831035.1_Haemophilus_influenzae_genome_assembly_NCTC8143__chromosome___1 NODE_1_length_311333_cov_153.831482
			  Overlap between these two alignments (local misassembly). Inconsistency = -129 
			Real Alignment 3: 535859 543767 | 28747 36656 | 7909 7910 | 97.22 | NZ_LN831035.1_Haemophilus_influenzae_genome_assembly_NCTC8143__chromosome___1 NODE_1_length_311333_cov_153.831482
			  Extensive misassembly ( relocation, inconsistency = 8059 ) between these two alignments
			Real Alignment 4: 551863 560527 | 36693 45338 | 8665 8646 | 96.1 | NZ_LN831035.1_Haemophilus_influenzae_genome_assembly_NCTC8143__chromosome___1 NODE_1_length_311333_cov_153.831482
			  Extensive misassembly ( relocation, inconsistency = 139500 ) between these two alignments
			Real Alignment 5: 709740 712975 | 55051 58286 | 3236 3236 | 95.7 | NZ_LN831035.1_Haemophilus_influenzae_genome_assembly_NCTC8143__chromosome___1 NODE_1_length_311333_cov_153.831482
			  Extensive misassembly ( relocation, inconsistency = 8738 ) between these two alignments
			Real Alignment 6: 724505 735114 | 71686 61078 | 10610 10609 | 96.28 | NZ_LN831035.1_Haemophilus_influenzae_genome_assembly_NCTC8143__chromosome___1 NODE_1_length_311333_cov_153.831482
			  Overlap between these two alignments (local misassembly). Inconsistency = -184 
			Excluding internal overlap of size 18 between Alignment 7 and 8:  109035 112667 | 82041 85672 | 3633 3632 --> 109053 112667 | 82059 85672 | 3615 3614
			Real Alignment 7: 714317 724505 | 82058 71870 | 10189 10189 | 96.03 | NZ_LN831035.1_Haemophilus_influenzae_genome_assembly_NCTC8143__chromosome___1 NODE_1_length_311333_cov_153.831482
			  Extensive misassembly ( relocation, inconsistency = -615453 ) between these two alignments
			Real Alignment 8: 109053 112667 | 82059 85672 | 3615 3614 | 95.65 | NZ_LN831035.1_Haemophilus_influenzae_genome_assembly_NCTC8143__chromosome___1 NODE_1_length_311333_cov_153.831482
			  Extensive misassembly ( relocation, inconsistency = 1726 ) between these two alignments
			Real Alignment 9: 114417 136531 | 85696 107780 | 22115 22085 | 95.56 | NZ_LN831035.1_Haemophilus_influenzae_genome_assembly_NCTC8143__chromosome___1 NODE_1_length_311333_cov_153.831482
			  Extensive misassembly ( relocation, inconsistency = 683142 ) between these two alignments
			Real Alignment 10: 823738 832979 | 121089 111845 | 9242 9245 | 96.54 | NZ_LN831035.1_Haemophilus_influenzae_genome_assembly_NCTC8143__chromosome___1 NODE_1_length_311333_cov_153.831482
			  Extensive misassembly ( relocation, inconsistency = 223324 ) between these two alignments
			Real Alignment 11: 588649 599457 | 132848 122046 | 10809 10803 | 95.86 | NZ_LN831035.1_Haemophilus_influenzae_genome_assembly_NCTC8143__chromosome___1 NODE_1_length_311333_cov_153.831482
			  Extensive misassembly ( relocation, inconsistency = -247351 ) between these two alignments
			Real Alignment 12: 801413 805157 | 167420 163691 | 3745 3730 | 95.86 | NZ_LN831035.1_Haemophilus_influenzae_genome_assembly_NCTC8143__chromosome___1 NODE_1_length_311333_cov_153.831482
			  Overlap between these two alignments (local misassembly). Inconsistency = -354 
			Real Alignment 13: 790423 791638 | 178764 177549 | 1216 1216 | 97.37 | NZ_LN831035.1_Haemophilus_influenzae_genome_assembly_NCTC8143__chromosome___1 NODE_1_length_311333_cov_153.831482
			  Overlap between these two alignments (local misassembly). Inconsistency = -505 
			Real Alignment 14: 767127 790431 | 202582 179261 | 23305 23322 | 95.38 | NZ_LN831035.1_Haemophilus_influenzae_genome_assembly_NCTC8143__chromosome___1 NODE_1_length_311333_cov_153.831482
			  Extensive misassembly ( relocation, inconsistency = 1443 ) between these two alignments
			Real Alignment 15: 746213 765540 | 222058 202726 | 19328 19333 | 95.51 | NZ_LN831035.1_Haemophilus_influenzae_genome_assembly_NCTC8143__chromosome___1 NODE_1_length_311333_cov_153.831482
			  Overlap between these two alignments (local misassembly). Inconsistency = -148 
			Excluding internal overlap of size 8 between Alignment 16 and 17:  737949 738457 | 230470 229962 | 509 509 --> 737957 738457 | 230462 229962 | 501 501
			Real Alignment 16: 737957 738457 | 230462 229962 | 501 501 | 95.69 | NZ_LN831035.1_Haemophilus_influenzae_genome_assembly_NCTC8143__chromosome___1 NODE_1_length_311333_cov_153.831482
			  Extensive misassembly ( relocation, inconsistency = -131013 ) between these two alignments
			Real Alignment 17: 607445 617537 | 230463 240551 | 10093 10089 | 96.61 | NZ_LN831035.1_Haemophilus_influenzae_genome_assembly_NCTC8143__chromosome___1 NODE_1_length_311333_cov_153.831482
			  Overlap between these two alignments (local misassembly). Inconsistency = -731 
			Excluding internal overlap of size 49 between Alignment 18 and 19:  630242 642087 | 253987 265718 | 11846 11732 --> 630242 642038 | 253987 265669 | 11797 11683
			Real Alignment 18: 630242 642038 | 253987 265669 | 11797 11683 | 95.27 | NZ_LN831035.1_Haemophilus_influenzae_genome_assembly_NCTC8143__chromosome___1 NODE_1_length_311333_cov_153.831482
			  Extensive misassembly ( relocation, inconsistency = 49575 ) between these two alignments
			Real Alignment 19: 691614 705861 | 265670 279922 | 14248 14253 | 96.63 | NZ_LN831035.1_Haemophilus_influenzae_genome_assembly_NCTC8143__chromosome___1 NODE_1_length_311333_cov_153.831482
			  Extensive misassembly ( relocation, inconsistency = -409450 ) between these two alignments
			Real Alignment 20: 303274 303358 | 286869 286785 | 85 85 | 100.0 | NZ_LN831035.1_Haemophilus_influenzae_genome_assembly_NCTC8143__chromosome___1 NODE_1_length_311333_cov_153.831482
			  Overlap between these two alignments (local misassembly). Inconsistency = -100 
			Real Alignment 21: 303274 303354 | 286969 286889 | 81 81 | 100.0 | NZ_LN831035.1_Haemophilus_influenzae_genome_assembly_NCTC8143__chromosome___1 NODE_1_length_311333_cov_153.831482
			  Extensive misassembly ( relocation, inconsistency = 693232 ) between these two alignments
			Real Alignment 22: 1008946 1009209 | 299329 299590 | 264 262 | 96.21 | NZ_LN831035.1_Haemophilus_influenzae_genome_assembly_NCTC8143__chromosome___1 NODE_1_length_311333_cov_153.831482
			  Gap between these two alignments (local misassembly). Inconsistency = 103 
			Real Alignment 23: 1009313 1009394 | 299591 299672 | 82 82 | 100.0 | NZ_LN831035.1_Haemophilus_influenzae_genome_assembly_NCTC8143__chromosome___1 NODE_1_length_311333_cov_153.831482
			  Extensive misassembly ( relocation, inconsistency = -729355 ) between these two alignments
			Real Alignment 24: 291619 291698 | 311331 311252 | 80 80 | 100.0 | NZ_LN831035.1_Haemophilus_influenzae_genome_assembly_NCTC8143__chromosome___1 NODE_1_length_311333_cov_153.831482
			  Extensive misassembly ( relocation, inconsistency = 554465 ) between these two alignments
			Real Alignment 25: 846166 846291 | 311334 311459 | 126 126 | 99.21 | NZ_LN831035.1_Haemophilus_influenzae_genome_assembly_NCTC8143__chromosome___1 NODE_1_length_311333_cov_153.831482

CONTIG: NODE_2_length_39119_cov_167.875656 (39245bp)
Top Length: 16546  Top ID: 95.75
		Skipping redundant alignment 275879 275993 | 39242 39130 | 115 113 | 98.26 | NZ_LN831035.1_Haemophilus_influenzae_genome_assembly_NCTC8143__chromosome___1 NODE_2_length_39119_cov_167.875656
		Skipping redundant alignment 1145534 1145633 | 39144 39242 | 100 99 | 96.0 | NZ_LN831035.1_Haemophilus_influenzae_genome_assembly_NCTC8143__chromosome___1 NODE_2_length_39119_cov_167.875656
		Skipping redundant alignment 431516 431605 | 39154 39242 | 90 89 | 97.78 | NZ_LN831035.1_Haemophilus_influenzae_genome_assembly_NCTC8143__chromosome___1 NODE_2_length_39119_cov_167.875656
		This contig is misassembled. 8 total aligns.
			Real Alignment 1: 452485 469029 | 3222 19767 | 16545 16546 | 95.75 | NZ_LN831035.1_Haemophilus_influenzae_genome_assembly_NCTC8143__chromosome___1 NODE_2_length_39119_cov_167.875656
			  Gap between these two alignments (local misassembly). Inconsistency = 611 
			Real Alignment 2: 473363 475055 | 23490 25183 | 1693 1694 | 96.04 | NZ_LN831035.1_Haemophilus_influenzae_genome_assembly_NCTC8143__chromosome___1 NODE_2_length_39119_cov_167.875656
			  Extensive misassembly ( relocation, inconsistency = -1932 ) between these two alignments
			Real Alignment 3: 475114 477126 | 27174 29181 | 2013 2008 | 97.37 | NZ_LN831035.1_Haemophilus_influenzae_genome_assembly_NCTC8143__chromosome___1 NODE_2_length_39119_cov_167.875656
			  Extensive misassembly ( relocation, inconsistency = -241927 ) between these two alignments
			Real Alignment 4: 235993 242597 | 29975 36579 | 6605 6605 | 96.67 | NZ_LN831035.1_Haemophilus_influenzae_genome_assembly_NCTC8143__chromosome___1 NODE_2_length_39119_cov_167.875656
			  Extensive misassembly ( relocation, inconsistency = 66797 ) between these two alignments
			Real Alignment 5: 309444 312061 | 39242 36629 | 2618 2614 | 97.1 | NZ_LN831035.1_Haemophilus_influenzae_genome_assembly_NCTC8143__chromosome___1 NODE_2_length_39119_cov_167.875656

CONTIG: NODE_3_length_25597_cov_176.608231 (25723bp)
Top Length: 8254  Top ID: 96.77
		Skipping redundant alignment 447467 447592 | 126 1 | 126 126 | 97.62 | NZ_LN831035.1_Haemophilus_influenzae_genome_assembly_NCTC8143__chromosome___1 NODE_3_length_25597_cov_176.608231
		Skipping redundant alignment 1145541 1145757 | 25505 25722 | 217 218 | 97.72 | NZ_LN831035.1_Haemophilus_influenzae_genome_assembly_NCTC8143__chromosome___1 NODE_3_length_25597_cov_176.608231
		Skipping redundant alignment 846061 846277 | 25507 25722 | 217 216 | 98.16 | NZ_LN831035.1_Haemophilus_influenzae_genome_assembly_NCTC8143__chromosome___1 NODE_3_length_25597_cov_176.608231
		Skipping redundant alignment 309320 309534 | 25722 25507 | 215 216 | 97.24 | NZ_LN831035.1_Haemophilus_influenzae_genome_assembly_NCTC8143__chromosome___1 NODE_3_length_25597_cov_176.608231
		Skipping redundant alignment 275755 275961 | 25722 25515 | 207 208 | 98.09 | NZ_LN831035.1_Haemophilus_influenzae_genome_assembly_NCTC8143__chromosome___1 NODE_3_length_25597_cov_176.608231
		This contig is misassembled. 7 total aligns.
			Real Alignment 1: 407223 415458 | 1 8254 | 8236 8254 | 96.77 | NZ_LN831035.1_Haemophilus_influenzae_genome_assembly_NCTC8143__chromosome___1 NODE_3_length_25597_cov_176.608231
			  Extensive misassembly ( relocation, inconsistency = -1182 ) between these two alignments
			Real Alignment 2: 423676 431731 | 17654 25722 | 8056 8069 | 95.18 | NZ_LN831035.1_Haemophilus_influenzae_genome_assembly_NCTC8143__chromosome___1 NODE_3_length_25597_cov_176.608231

CONTIG: NODE_4_length_186812_cov_140.254013 (186938bp)
Top Length: 27046  Top ID: 95.46
		Skipping redundant alignment 275490 275961 | 1 473 | 472 473 | 96.62 | NZ_LN831035.1_Haemophilus_influenzae_genome_assembly_NCTC8143__chromosome___1 NODE_4_length_186812_cov_140.254013
		Skipping redundant alignment 962859 963235 | 377 1 | 377 377 | 98.15 | NZ_LN831035.1_Haemophilus_influenzae_genome_assembly_NCTC8143__chromosome___1 NODE_4_length_186812_cov_140.254013
		Skipping redundant alignment 738043 738141 | 130615 130713 | 99 99 | 100.0 | NZ_LN831035.1_Haemophilus_influenzae_genome_assembly_NCTC8143__chromosome___1 NODE_4_length_186812_cov_140.254013
			Skipping redundant alignments after choosing the best set of alignments
		Skipping redundant alignment 431506 431996 | 488 1 | 491 488 | 96.54 | NZ_LN831035.1_Haemophilus_influenzae_genome_assembly_NCTC8143__chromosome___1 NODE_4_length_186812_cov_140.254013
		This contig is misassembled. 16 total aligns.
			Real Alignment 1: 846051 846542 | 491 1 | 492 491 | 96.54 | NZ_LN831035.1_Haemophilus_influenzae_genome_assembly_NCTC8143__chromosome___1 NODE_4_length_186812_cov_140.254013
			  Extensive misassembly ( relocation, inconsistency = -299828 ) between these two alignments
			Real Alignment 2: 1133387 1139026 | 12983 7344 | 5640 5640 | 95.8 | NZ_LN831035.1_Haemophilus_influenzae_genome_assembly_NCTC8143__chromosome___1 NODE_4_length_186812_cov_140.254013
			  Extensive misassembly ( relocation, inconsistency = -596505 ) between these two alignments
			Real Alignment 3: 1726713 1729571 | 16158 13304 | 2859 2855 | 95.24 | NZ_LN831035.1_Haemophilus_influenzae_genome_assembly_NCTC8143__chromosome___1 NODE_4_length_186812_cov_140.254013
			  Extensive misassembly ( relocation, inconsistency = -1923 ) between these two alignments
			Real Alignment 4: 1715548 1726415 | 29243 18379 | 10868 10865 | 97.02 | NZ_LN831035.1_Haemophilus_influenzae_genome_assembly_NCTC8143__chromosome___1 NODE_4_length_186812_cov_140.254013
			  Extensive misassembly ( relocation, inconsistency = -738616 ) between these two alignments
			Real Alignment 5: 989133 997381 | 30577 38826 | 8249 8250 | 95.35 | NZ_LN831035.1_Haemophilus_influenzae_genome_assembly_NCTC8143__chromosome___1 NODE_4_length_186812_cov_140.254013
			  Extensive misassembly ( relocation, inconsistency = 730932 ) between these two alignments
			Real Alignment 6: 1731164 1739630 | 41677 50134 | 8467 8458 | 95.36 | NZ_LN831035.1_Haemophilus_influenzae_genome_assembly_NCTC8143__chromosome___1 NODE_4_length_186812_cov_140.254013
			  Overlap between these two alignments (local misassembly). Inconsistency = -673 
			Excluding internal overlap of size 1 between Alignment 7 and 8:  1739664 1749657 | 50841 60829 | 9994 9989 --> 1739664 1749656 | 50841 60828 | 9993 9988
			Real Alignment 7: 1739664 1749656 | 50841 60828 | 9993 9988 | 96.01 | NZ_LN831035.1_Haemophilus_influenzae_genome_assembly_NCTC8143__chromosome___1 NODE_4_length_186812_cov_140.254013
			  Gap between these two alignments (local misassembly). Inconsistency = 164 
			Excluding internal overlap of size 6 between Alignment 8 and 9:  1109625 1133248 | 111448 87869 | 23624 23580 --> 1109625 1133242 | 111448 87875 | 23618 23574
			Real Alignment 8: 1749821 1776921 | 60829 87874 | 27101 27046 | 95.46 | NZ_LN831035.1_Haemophilus_influenzae_genome_assembly_NCTC8143__chromosome___1 NODE_4_length_186812_cov_140.254013
			  Extensive misassembly ( relocation, inconsistency = -667297 ) between these two alignments
			Real Alignment 9: 1109625 1133242 | 111448 87875 | 23618 23574 | 96.61 | NZ_LN831035.1_Haemophilus_influenzae_genome_assembly_NCTC8143__chromosome___1 NODE_4_length_186812_cov_140.254013
			  Overlap between these two alignments (local misassembly). Inconsistency = -127 
			Real Alignment 10: 1085578 1109639 | 135666 111561 | 24062 24106 | 95.81 | NZ_LN831035.1_Haemophilus_influenzae_genome_assembly_NCTC8143__chromosome___1 NODE_4_length_186812_cov_140.254013
			  Extensive misassembly ( relocation, inconsistency = 182029 ) between these two alignments
			Real Alignment 11: 862152 869782 | 177066 169433 | 7631 7634 | 95.44 | NZ_LN831035.1_Haemophilus_influenzae_genome_assembly_NCTC8143__chromosome___1 NODE_4_length_186812_cov_140.254013
			  Extensive misassembly ( relocation, inconsistency = -116180 ) between these two alignments
			Real Alignment 12: 968460 968542 | 186938 186856 | 83 83 | 98.8 | NZ_LN831035.1_Haemophilus_influenzae_genome_assembly_NCTC8143__chromosome___1 NODE_4_length_186812_cov_140.254013

CONTIG: NODE_5_length_26946_cov_145.931458 (27072bp)
Top Length: 18544  Top ID: 96.13
		Skipping redundant alignment 309433 309557 | 3 126 | 125 124 | 98.4 | NZ_LN831035.1_Haemophilus_influenzae_genome_assembly_NCTC8143__chromosome___1 NODE_5_length_26946_cov_145.931458
		Skipping redundant alignment 1145534 1145644 | 112 3 | 111 110 | 95.5 | NZ_LN831035.1_Haemophilus_influenzae_genome_assembly_NCTC8143__chromosome___1 NODE_5_length_26946_cov_145.931458
		Skipping redundant alignment 431516 431616 | 102 3 | 101 100 | 97.03 | NZ_LN831035.1_Haemophilus_influenzae_genome_assembly_NCTC8143__chromosome___1 NODE_5_length_26946_cov_145.931458
		Skipping redundant alignment 962777 962856 | 15840 15761 | 80 80 | 100.0 | NZ_LN831035.1_Haemophilus_influenzae_genome_assembly_NCTC8143__chromosome___1 NODE_5_length_26946_cov_145.931458
			Skipping redundant alignments after choosing the best set of alignments
		Skipping redundant alignment 269964 270089 | 26947 27072 | 126 126 | 97.62 | NZ_LN831035.1_Haemophilus_influenzae_genome_assembly_NCTC8143__chromosome___1 NODE_5_length_26946_cov_145.931458
		Skipping redundant alignment 437160 437285 | 27072 26947 | 126 126 | 98.41 | NZ_LN831035.1_Haemophilus_influenzae_genome_assembly_NCTC8143__chromosome___1 NODE_5_length_26946_cov_145.931458
		Skipping redundant alignment 943279 943360 | 26772 26691 | 82 82 | 100.0 | NZ_LN831035.1_Haemophilus_influenzae_genome_assembly_NCTC8143__chromosome___1 NODE_5_length_26946_cov_145.931458
		Skipping redundant alignment 968398 968523 | 27072 26947 | 126 126 | 100.0 | NZ_LN831035.1_Haemophilus_influenzae_genome_assembly_NCTC8143__chromosome___1 NODE_5_length_26946_cov_145.931458
		Skipping redundant alignment 1151423 1151548 | 27072 26947 | 126 126 | 97.62 | NZ_LN831035.1_Haemophilus_influenzae_genome_assembly_NCTC8143__chromosome___1 NODE_5_length_26946_cov_145.931458
		This contig is misassembled. 12 total aligns.
			Real Alignment 1: 275868 294394 | 3 18546 | 18527 18544 | 96.13 | NZ_LN831035.1_Haemophilus_influenzae_genome_assembly_NCTC8143__chromosome___1 NODE_5_length_26946_cov_145.931458
			  Extensive misassembly ( relocation, inconsistency = 640635 ) between these two alignments
			Real Alignment 2: 943175 943259 | 26776 26692 | 85 85 | 100.0 | NZ_LN831035.1_Haemophilus_influenzae_genome_assembly_NCTC8143__chromosome___1 NODE_5_length_26946_cov_145.931458
			  Extensive misassembly ( relocation, inconsistency = 91174 ) between these two alignments
			Real Alignment 3: 851705 851830 | 27072 26947 | 126 126 | 97.62 | NZ_LN831035.1_Haemophilus_influenzae_genome_assembly_NCTC8143__chromosome___1 NODE_5_length_26946_cov_145.931458

CONTIG: NODE_6_length_10068_cov_175.156143 (10194bp)
Top Length: 10098  Top ID: 95.43
		Marking as insignificant: 407223 407349 | 10194 10068 | 127 127 | 97.64 | NZ_LN831035.1_Haemophilus_influenzae_genome_assembly_NCTC8143__chromosome___1 NODE_6_length_10068_cov_175.156143
		One align captures most of this contig: 437511 447592 | 97 10194 | 10082 10098 | 95.43 | NZ_LN831035.1_Haemophilus_influenzae_genome_assembly_NCTC8143__chromosome___1 NODE_6_length_10068_cov_175.156143

CONTIG: NODE_7_length_50836_cov_155.284012 (50962bp)
Top Length: 8646  Top ID: 95.38
		Skipping redundant alignment 309444 309589 | 4 148 | 146 145 | 98.63 | NZ_LN831035.1_Haemophilus_influenzae_genome_assembly_NCTC8143__chromosome___1 NODE_7_length_50836_cov_155.284012
		Skipping redundant alignment 275879 275993 | 4 116 | 115 113 | 98.26 | NZ_LN831035.1_Haemophilus_influenzae_genome_assembly_NCTC8143__chromosome___1 NODE_7_length_50836_cov_155.284012
		Skipping redundant alignment 1145534 1145633 | 102 4 | 100 99 | 96.0 | NZ_LN831035.1_Haemophilus_influenzae_genome_assembly_NCTC8143__chromosome___1 NODE_7_length_50836_cov_155.284012
		Skipping redundant alignment 431516 431605 | 92 4 | 90 89 | 97.78 | NZ_LN831035.1_Haemophilus_influenzae_genome_assembly_NCTC8143__chromosome___1 NODE_7_length_50836_cov_155.284012
		This contig is misassembled. 7 total aligns.
			Warning! This contig is more unaligned than misassembled. Contig length is 50962 and total length of all aligns is 16662
		Alignment: 837503 846151 | 8649 4 | 8649 8646 | 95.38 | NZ_LN831035.1_Haemophilus_influenzae_genome_assembly_NCTC8143__chromosome___1 NODE_7_length_50836_cov_155.284012
		Alignment: 870863 878606 | 34739 42476 | 7744 7738 | 95.64 | NZ_LN831035.1_Haemophilus_influenzae_genome_assembly_NCTC8143__chromosome___1 NODE_7_length_50836_cov_155.284012
		Alignment: 971804 972080 | 44163 43886 | 277 278 | 96.4 | NZ_LN831035.1_Haemophilus_influenzae_genome_assembly_NCTC8143__chromosome___1 NODE_7_length_50836_cov_155.284012
		Unaligned bases: 34300
		This contig has both significant aligned and unaligned parts (of length >= min-contig)!
CONTIG: NODE_8_length_1388_cov_514.852295 (1514bp)
Top Length: 1514  Top ID: 98.48
		This contig has 6 significant alignments. [An ambiguously mapped contig]
		Using only first of these alignment (option --ambiguity-usage is set to "one"):
		Alignment: 963110 964624 | 1514 1 | 1515 1514 | 98.48 | NZ_LN831035.1_Haemophilus_influenzae_genome_assembly_NCTC8143__chromosome___1 NODE_8_length_1388_cov_514.852295
		Skipping alignment  431871 433385 | 1514 1 | 1515 1514 | 98.02 | NZ_LN831035.1_Haemophilus_influenzae_genome_assembly_NCTC8143__chromosome___1 NODE_8_length_1388_cov_514.852295
		Skipping alignment  846417 847931 | 1514 1 | 1515 1514 | 98.02 | NZ_LN831035.1_Haemophilus_influenzae_genome_assembly_NCTC8143__chromosome___1 NODE_8_length_1388_cov_514.852295
		Skipping alignment  274101 275615 | 1 1514 | 1515 1514 | 97.95 | NZ_LN831035.1_Haemophilus_influenzae_genome_assembly_NCTC8143__chromosome___1 NODE_8_length_1388_cov_514.852295
		Skipping alignment  307666 309180 | 1 1514 | 1515 1514 | 97.95 | NZ_LN831035.1_Haemophilus_influenzae_genome_assembly_NCTC8143__chromosome___1 NODE_8_length_1388_cov_514.852295
		Skipping alignment  1145897 1147411 | 1514 1 | 1515 1514 | 97.95 | NZ_LN831035.1_Haemophilus_influenzae_genome_assembly_NCTC8143__chromosome___1 NODE_8_length_1388_cov_514.852295

CONTIG: NODE_9_length_3328_cov_573.854553 (3454bp)
Top Length: 1744  Top ID: 96.5
		Skipping redundant alignment 968390 968523 | 134 1 | 134 134 | 99.25 | NZ_LN831035.1_Haemophilus_influenzae_genome_assembly_NCTC8143__chromosome___1 NODE_9_length_3328_cov_573.854553
		Skipping redundant alignment 437152 437285 | 134 1 | 134 134 | 97.76 | NZ_LN831035.1_Haemophilus_influenzae_genome_assembly_NCTC8143__chromosome___1 NODE_9_length_3328_cov_573.854553
		Skipping redundant alignment 851697 851830 | 134 1 | 134 134 | 97.01 | NZ_LN831035.1_Haemophilus_influenzae_genome_assembly_NCTC8143__chromosome___1 NODE_9_length_3328_cov_573.854553
			Skipping redundant alignments after choosing the best set of alignments
		Skipping redundant alignment 303529 303674 | 1 143 | 146 143 | 95.21 | NZ_LN831035.1_Haemophilus_influenzae_genome_assembly_NCTC8143__chromosome___1 NODE_9_length_3328_cov_573.854553
		Skipping redundant alignment 303868 305609 | 296 2039 | 1742 1744 | 96.5 | NZ_LN831035.1_Haemophilus_influenzae_genome_assembly_NCTC8143__chromosome___1 NODE_9_length_3328_cov_573.854553
		Skipping redundant alignment 305730 306351 | 2045 2666 | 622 622 | 100.0 | NZ_LN831035.1_Haemophilus_influenzae_genome_assembly_NCTC8143__chromosome___1 NODE_9_length_3328_cov_573.854553
		Skipping redundant alignment 306460 307243 | 2671 3454 | 784 784 | 99.23 | NZ_LN831035.1_Haemophilus_influenzae_genome_assembly_NCTC8143__chromosome___1 NODE_9_length_3328_cov_573.854553
		Skipping redundant alignment 433569 434352 | 3454 2671 | 784 784 | 99.23 | NZ_LN831035.1_Haemophilus_influenzae_genome_assembly_NCTC8143__chromosome___1 NODE_9_length_3328_cov_573.854553
		Skipping redundant alignment 434461 435082 | 2666 2045 | 622 622 | 100.0 | NZ_LN831035.1_Haemophilus_influenzae_genome_assembly_NCTC8143__chromosome___1 NODE_9_length_3328_cov_573.854553
		Skipping redundant alignment 435203 436944 | 2039 296 | 1742 1744 | 96.5 | NZ_LN831035.1_Haemophilus_influenzae_genome_assembly_NCTC8143__chromosome___1 NODE_9_length_3328_cov_573.854553
		Skipping redundant alignment 848115 848897 | 3454 2671 | 783 784 | 98.34 | NZ_LN831035.1_Haemophilus_influenzae_genome_assembly_NCTC8143__chromosome___1 NODE_9_length_3328_cov_573.854553
		Skipping redundant alignment 849006 849627 | 2666 2045 | 622 622 | 100.0 | NZ_LN831035.1_Haemophilus_influenzae_genome_assembly_NCTC8143__chromosome___1 NODE_9_length_3328_cov_573.854553
		Skipping redundant alignment 849748 851489 | 2039 296 | 1742 1744 | 96.5 | NZ_LN831035.1_Haemophilus_influenzae_genome_assembly_NCTC8143__chromosome___1 NODE_9_length_3328_cov_573.854553
		Skipping redundant alignment 964808 965590 | 3454 2671 | 783 784 | 97.83 | NZ_LN831035.1_Haemophilus_influenzae_genome_assembly_NCTC8143__chromosome___1 NODE_9_length_3328_cov_573.854553
		Skipping redundant alignment 965699 966320 | 2666 2045 | 622 622 | 100.0 | NZ_LN831035.1_Haemophilus_influenzae_genome_assembly_NCTC8143__chromosome___1 NODE_9_length_3328_cov_573.854553
		Skipping redundant alignment 966441 968182 | 2039 296 | 1742 1744 | 96.27 | NZ_LN831035.1_Haemophilus_influenzae_genome_assembly_NCTC8143__chromosome___1 NODE_9_length_3328_cov_573.854553
		Skipping redundant alignment 1147834 1148617 | 3454 2671 | 784 784 | 99.23 | NZ_LN831035.1_Haemophilus_influenzae_genome_assembly_NCTC8143__chromosome___1 NODE_9_length_3328_cov_573.854553
		Skipping redundant alignment 1148726 1149347 | 2666 2045 | 622 622 | 100.0 | NZ_LN831035.1_Haemophilus_influenzae_genome_assembly_NCTC8143__chromosome___1 NODE_9_length_3328_cov_573.854553
		This contig is misassembled. 22 total aligns.
			Real Alignment 1: 269964 270109 | 1 143 | 146 143 | 95.21 | NZ_LN831035.1_Haemophilus_influenzae_genome_assembly_NCTC8143__chromosome___1 NODE_9_length_3328_cov_573.854553
			  Gap between these two alignments (local misassembly). Inconsistency = 41 
			Real Alignment 2: 270303 272044 | 296 2039 | 1742 1744 | 96.5 | NZ_LN831035.1_Haemophilus_influenzae_genome_assembly_NCTC8143__chromosome___1 NODE_9_length_3328_cov_573.854553
			  Gap between these two alignments (local misassembly). Inconsistency = 115 
			Real Alignment 3: 272165 272786 | 2045 2666 | 622 622 | 100.0 | NZ_LN831035.1_Haemophilus_influenzae_genome_assembly_NCTC8143__chromosome___1 NODE_9_length_3328_cov_573.854553
			  Gap between these two alignments (local misassembly). Inconsistency = 104 
			Real Alignment 4: 272895 273678 | 2671 3454 | 784 784 | 99.23 | NZ_LN831035.1_Haemophilus_influenzae_genome_assembly_NCTC8143__chromosome___1 NODE_9_length_3328_cov_573.854553

CONTIG: NODE_15_length_1150785_cov_139.851166 (1150911bp)
Top Length: 38887  Top ID: 95.99
		Skipping redundant alignment 303529 303610 | 82 1 | 82 82 | 98.78 | NZ_LN831035.1_Haemophilus_influenzae_genome_assembly_NCTC8143__chromosome___1 NODE_15_length_1150785_cov_139.851166
		Skipping redundant alignment 567886 567963 | 86431 86354 | 78 78 | 100.0 | NZ_LN831035.1_Haemophilus_influenzae_genome_assembly_NCTC8143__chromosome___1 NODE_15_length_1150785_cov_139.851166
		Skipping redundant alignment 1555617 1556053 | 194051 193611 | 437 441 | 96.37 | NZ_LN831035.1_Haemophilus_influenzae_genome_assembly_NCTC8143__chromosome___1 NODE_15_length_1150785_cov_139.851166
		Skipping redundant alignment 951606 951687 | 572427 572346 | 82 82 | 100.0 | NZ_LN831035.1_Haemophilus_influenzae_genome_assembly_NCTC8143__chromosome___1 NODE_15_length_1150785_cov_139.851166
		Skipping redundant alignment 1173166 1173243 | 572425 572348 | 78 78 | 100.0 | NZ_LN831035.1_Haemophilus_influenzae_genome_assembly_NCTC8143__chromosome___1 NODE_15_length_1150785_cov_139.851166
		Skipping redundant alignment 951353 951605 | 572784 572531 | 253 254 | 95.67 | NZ_LN831035.1_Haemophilus_influenzae_genome_assembly_NCTC8143__chromosome___1 NODE_15_length_1150785_cov_139.851166
		Skipping redundant alignment 641912 641990 | 572668 572746 | 79 79 | 100.0 | NZ_LN831035.1_Haemophilus_influenzae_genome_assembly_NCTC8143__chromosome___1 NODE_15_length_1150785_cov_139.851166
		Skipping redundant alignment 1597355 1597574 | 708116 707897 | 220 220 | 96.36 | NZ_LN831035.1_Haemophilus_influenzae_genome_assembly_NCTC8143__chromosome___1 NODE_15_length_1150785_cov_139.851166
		Skipping redundant alignment 1596843 1597355 | 709578 709066 | 513 513 | 96.69 | NZ_LN831035.1_Haemophilus_influenzae_genome_assembly_NCTC8143__chromosome___1 NODE_15_length_1150785_cov_139.851166
		Skipping redundant alignment 374359 374516 | 1042185 1042028 | 158 158 | 98.73 | NZ_LN831035.1_Haemophilus_influenzae_genome_assembly_NCTC8143__chromosome___1 NODE_15_length_1150785_cov_139.851166
		Skipping redundant alignment 423049 423198 | 1042028 1042181 | 150 154 | 95.45 | NZ_LN831035.1_Haemophilus_influenzae_genome_assembly_NCTC8143__chromosome___1 NODE_15_length_1150785_cov_139.851166
		Skipping redundant alignment 423049 423198 | 1042028 1042177 | 150 150 | 98.0 | NZ_LN831035.1_Haemophilus_influenzae_genome_assembly_NCTC8143__chromosome___1 NODE_15_length_1150785_cov_139.851166
		Skipping redundant alignment 1439712 1439801 | 1042147 1042058 | 90 90 | 98.89 | NZ_LN831035.1_Haemophilus_influenzae_genome_assembly_NCTC8143__chromosome___1 NODE_15_length_1150785_cov_139.851166
		Skipping redundant alignment 423087 423207 | 1042082 1042201 | 121 120 | 98.35 | NZ_LN831035.1_Haemophilus_influenzae_genome_assembly_NCTC8143__chromosome___1 NODE_15_length_1150785_cov_139.851166
		Skipping redundant alignment 1439712 1439793 | 1042191 1042110 | 82 82 | 100.0 | NZ_LN831035.1_Haemophilus_influenzae_genome_assembly_NCTC8143__chromosome___1 NODE_15_length_1150785_cov_139.851166
		Skipping redundant alignment 1439714 1439793 | 1042193 1042114 | 80 80 | 100.0 | NZ_LN831035.1_Haemophilus_influenzae_genome_assembly_NCTC8143__chromosome___1 NODE_15_length_1150785_cov_139.851166
		Skipping redundant alignment 1439710 1439793 | 1118572 1118655 | 84 84 | 100.0 | NZ_LN831035.1_Haemophilus_influenzae_genome_assembly_NCTC8143__chromosome___1 NODE_15_length_1150785_cov_139.851166
		Skipping redundant alignment 319214 319307 | 1118574 1118667 | 94 94 | 100.0 | NZ_LN831035.1_Haemophilus_influenzae_genome_assembly_NCTC8143__chromosome___1 NODE_15_length_1150785_cov_139.851166
		Skipping redundant alignment 319234 319327 | 1118574 1118667 | 94 94 | 100.0 | NZ_LN831035.1_Haemophilus_influenzae_genome_assembly_NCTC8143__chromosome___1 NODE_15_length_1150785_cov_139.851166
		Skipping redundant alignment 319212 319303 | 1118576 1118667 | 92 92 | 100.0 | NZ_LN831035.1_Haemophilus_influenzae_genome_assembly_NCTC8143__chromosome___1 NODE_15_length_1150785_cov_139.851166
		Skipping redundant alignment 1439712 1439793 | 1118578 1118659 | 82 82 | 100.0 | NZ_LN831035.1_Haemophilus_influenzae_genome_assembly_NCTC8143__chromosome___1 NODE_15_length_1150785_cov_139.851166
		Skipping redundant alignment 1439712 1439793 | 1118586 1118667 | 82 82 | 100.0 | NZ_LN831035.1_Haemophilus_influenzae_genome_assembly_NCTC8143__chromosome___1 NODE_15_length_1150785_cov_139.851166
		Skipping redundant alignment 382197 382261 | 1126525 1126589 | 65 65 | 100.0 | NZ_LN831035.1_Haemophilus_influenzae_genome_assembly_NCTC8143__chromosome___1 NODE_15_length_1150785_cov_139.851166
			Skipping redundant alignments after choosing the best set of alignments
		Skipping redundant alignment 567883 567963 | 586602 586682 | 81 81 | 100.0 | NZ_LN831035.1_Haemophilus_influenzae_genome_assembly_NCTC8143__chromosome___1 NODE_15_length_1150785_cov_139.851166
		Skipping redundant alignment 567883 567963 | 86402 86322 | 81 81 | 100.0 | NZ_LN831035.1_Haemophilus_influenzae_genome_assembly_NCTC8143__chromosome___1 NODE_15_length_1150785_cov_139.851166
		Skipping redundant alignment 968442 968542 | 1 101 | 101 101 | 99.01 | NZ_LN831035.1_Haemophilus_influenzae_genome_assembly_NCTC8143__chromosome___1 NODE_15_length_1150785_cov_139.851166
		This contig is misassembled. 109 total aligns.
			Real Alignment 1: 1151467 1151568 | 1 101 | 102 101 | 97.06 | NZ_LN831035.1_Haemophilus_influenzae_genome_assembly_NCTC8143__chromosome___1 NODE_15_length_1150785_cov_139.851166
			  Extensive misassembly ( relocation, inconsistency = -184134 ) between these two alignments
			Real Alignment 2: 968452 968542 | 1119 1209 | 91 91 | 96.7 | NZ_LN831035.1_Haemophilus_influenzae_genome_assembly_NCTC8143__chromosome___1 NODE_15_length_1150785_cov_139.851166
			  Extensive misassembly ( relocation, inconsistency = 183086 ) between these two alignments
			Real Alignment 3: 1151643 1155760 | 1224 5326 | 4118 4103 | 95.34 | NZ_LN831035.1_Haemophilus_influenzae_genome_assembly_NCTC8143__chromosome___1 NODE_15_length_1150785_cov_139.851166
			  Extensive misassembly ( relocation, inconsistency = -8473 ) between these two alignments
			Real Alignment 4: 1173267 1177938 | 31306 35977 | 4672 4672 | 98.2 | NZ_LN831035.1_Haemophilus_influenzae_genome_assembly_NCTC8143__chromosome___1 NODE_15_length_1150785_cov_139.851166
			  Extensive misassembly ( relocation, inconsistency = 1157 ) between these two alignments
			Real Alignment 5: 1179145 1190503 | 36027 47377 | 11359 11351 | 95.64 | NZ_LN831035.1_Haemophilus_influenzae_genome_assembly_NCTC8143__chromosome___1 NODE_15_length_1150785_cov_139.851166
			  Extensive misassembly ( relocation, inconsistency = 135235 ) between these two alignments
			Real Alignment 6: 1329691 1330249 | 51330 51887 | 559 558 | 95.53 | NZ_LN831035.1_Haemophilus_influenzae_genome_assembly_NCTC8143__chromosome___1 NODE_15_length_1150785_cov_139.851166
			  Extensive misassembly ( relocation, inconsistency = 1393 ) between these two alignments
			Real Alignment 7: 1331646 1334205 | 51891 54444 | 2560 2554 | 95.27 | NZ_LN831035.1_Haemophilus_influenzae_genome_assembly_NCTC8143__chromosome___1 NODE_15_length_1150785_cov_139.851166
			  Extensive misassembly ( relocation, inconsistency = 2104 ) between these two alignments
			Real Alignment 8: 1336806 1338833 | 54941 56967 | 2028 2027 | 96.16 | NZ_LN831035.1_Haemophilus_influenzae_genome_assembly_NCTC8143__chromosome___1 NODE_15_length_1150785_cov_139.851166
			  Extensive misassembly ( relocation, inconsistency = -138550 ) between these two alignments
			Real Alignment 9: 1205508 1213499 | 62192 70163 | 7992 7972 | 95.04 | NZ_LN831035.1_Haemophilus_influenzae_genome_assembly_NCTC8143__chromosome___1 NODE_15_length_1150785_cov_139.851166
			  Extensive misassembly ( relocation, inconsistency = 10380 ) between these two alignments
			Real Alignment 10: 1223883 1240068 | 70167 86331 | 16186 16165 | 95.91 | NZ_LN831035.1_Haemophilus_influenzae_genome_assembly_NCTC8143__chromosome___1 NODE_15_length_1150785_cov_139.851166
			  Extensive misassembly ( relocation, inconsistency = -672204 ) between these two alignments
			Real Alignment 11: 567883 567963 | 86430 86350 | 81 81 | 100.0 | NZ_LN831035.1_Haemophilus_influenzae_genome_assembly_NCTC8143__chromosome___1 NODE_15_length_1150785_cov_139.851166
			  Extensive misassembly ( relocation, inconsistency = -1130159 ) between these two alignments
			Real Alignment 12: 1665158 1681974 | 119294 102498 | 16817 16797 | 95.75 | NZ_LN831035.1_Haemophilus_influenzae_genome_assembly_NCTC8143__chromosome___1 NODE_15_length_1150785_cov_139.851166
			  Overlap between these two alignments (local misassembly). Inconsistency = -987 
			Real Alignment 13: 1664268 1665167 | 121169 120272 | 900 898 | 97.11 | NZ_LN831035.1_Haemophilus_influenzae_genome_assembly_NCTC8143__chromosome___1 NODE_15_length_1150785_cov_139.851166
			  Extensive misassembly ( relocation, inconsistency = -3089 ) between these two alignments
			Real Alignment 14: 1637024 1653336 | 151491 135190 | 16313 16302 | 95.61 | NZ_LN831035.1_Haemophilus_influenzae_genome_assembly_NCTC8143__chromosome___1 NODE_15_length_1150785_cov_139.851166
			  Extensive misassembly ( relocation, inconsistency = -320835 ) between these two alignments
			Real Alignment 15: 1362374 1362672 | 181364 181662 | 299 299 | 95.32 | NZ_LN831035.1_Haemophilus_influenzae_genome_assembly_NCTC8143__chromosome___1 NODE_15_length_1150785_cov_139.851166
			  Overlap between these two alignments (local misassembly). Inconsistency = -90 
			Real Alignment 16: 1363082 1388017 | 182162 207093 | 24936 24932 | 95.04 | NZ_LN831035.1_Haemophilus_influenzae_genome_assembly_NCTC8143__chromosome___1 NODE_15_length_1150785_cov_139.851166
			  Extensive misassembly ( relocation, inconsistency = 119414 ) between these two alignments
			Real Alignment 17: 1508511 1509343 | 209005 208173 | 833 833 | 98.08 | NZ_LN831035.1_Haemophilus_influenzae_genome_assembly_NCTC8143__chromosome___1 NODE_15_length_1150785_cov_139.851166
			  Overlap between these two alignments (local misassembly). Inconsistency = -716 
			Real Alignment 18: 1489756 1507439 | 228459 210793 | 17684 17667 | 96.75 | NZ_LN831035.1_Haemophilus_influenzae_genome_assembly_NCTC8143__chromosome___1 NODE_15_length_1150785_cov_139.851166
			  Extensive misassembly ( relocation, inconsistency = -36419 ) between these two alignments
			Real Alignment 19: 1521555 1526159 | 233076 228475 | 4605 4602 | 95.53 | NZ_LN831035.1_Haemophilus_influenzae_genome_assembly_NCTC8143__chromosome___1 NODE_15_length_1150785_cov_139.851166
			  Extensive misassembly ( relocation, inconsistency = -152904 ) between these two alignments
			Real Alignment 20: 1388088 1390500 | 247909 250321 | 2413 2413 | 96.4 | NZ_LN831035.1_Haemophilus_influenzae_genome_assembly_NCTC8143__chromosome___1 NODE_15_length_1150785_cov_139.851166
			  Extensive misassembly ( relocation, inconsistency = 74822 ) between these two alignments
			Real Alignment 21: 1480043 1481213 | 266212 265042 | 1171 1171 | 98.21 | NZ_LN831035.1_Haemophilus_influenzae_genome_assembly_NCTC8143__chromosome___1 NODE_15_length_1150785_cov_139.851166
			  Extensive misassembly ( relocation, inconsistency = 23177 ) between these two alignments
			Real Alignment 22: 1451859 1452425 | 271220 270653 | 567 568 | 95.07 | NZ_LN831035.1_Haemophilus_influenzae_genome_assembly_NCTC8143__chromosome___1 NODE_15_length_1150785_cov_139.851166
			  Extensive misassembly ( relocation, inconsistency = 2035 ) between these two alignments
			Real Alignment 23: 1438280 1439657 | 282768 281387 | 1378 1382 | 96.17 | NZ_LN831035.1_Haemophilus_influenzae_genome_assembly_NCTC8143__chromosome___1 NODE_15_length_1150785_cov_139.851166
			  Overlap between these two alignments (local misassembly). Inconsistency = -393 
			Real Alignment 24: 1432177 1438282 | 289243 283159 | 6106 6085 | 98.44 | NZ_LN831035.1_Haemophilus_influenzae_genome_assembly_NCTC8143__chromosome___1 NODE_15_length_1150785_cov_139.851166
			  Overlap between these two alignments (local misassembly). Inconsistency = -214 
			Real Alignment 25: 1423085 1431756 | 298548 289878 | 8672 8671 | 96.27 | NZ_LN831035.1_Haemophilus_influenzae_genome_assembly_NCTC8143__chromosome___1 NODE_15_length_1150785_cov_139.851166
			  Extensive misassembly ( relocation, inconsistency = 1885 ) between these two alignments
			Real Alignment 26: 1402629 1421065 | 317031 298683 | 18437 18349 | 96.12 | NZ_LN831035.1_Haemophilus_influenzae_genome_assembly_NCTC8143__chromosome___1 NODE_15_length_1150785_cov_139.851166
			  Extensive misassembly ( relocation, inconsistency = 59364 ) between these two alignments
			Real Alignment 27: 1488117 1489698 | 324719 326300 | 1582 1582 | 95.51 | NZ_LN831035.1_Haemophilus_influenzae_genome_assembly_NCTC8143__chromosome___1 NODE_15_length_1150785_cov_139.851166
			  Extensive misassembly ( relocation, inconsistency = 36516 ) between these two alignments
			Real Alignment 28: 1526218 1534746 | 326304 334829 | 8529 8526 | 95.54 | NZ_LN831035.1_Haemophilus_influenzae_genome_assembly_NCTC8143__chromosome___1 NODE_15_length_1150785_cov_139.851166
			  Extensive misassembly ( relocation, inconsistency = 5617 ) between these two alignments
			Real Alignment 29: 1543195 1554944 | 337661 349410 | 11750 11750 | 95.18 | NZ_LN831035.1_Haemophilus_influenzae_genome_assembly_NCTC8143__chromosome___1 NODE_15_length_1150785_cov_139.851166
			  Extensive misassembly ( relocation, inconsistency = -203346 ) between these two alignments
			Real Alignment 30: 1352666 1357644 | 355460 350478 | 4979 4983 | 96.47 | NZ_LN831035.1_Haemophilus_influenzae_genome_assembly_NCTC8143__chromosome___1 NODE_15_length_1150785_cov_139.851166
			  Extensive misassembly ( relocation, inconsistency = 199315 ) between these two alignments
			Real Alignment 31: 1557087 1569966 | 355588 368465 | 12880 12878 | 95.24 | NZ_LN831035.1_Haemophilus_influenzae_genome_assembly_NCTC8143__chromosome___1 NODE_15_length_1150785_cov_139.851166
			  Extensive misassembly ( relocation, inconsistency = -247126 ) between these two alignments
			Real Alignment 32: 1351937 1352362 | 397986 397562 | 426 425 | 97.65 | NZ_LN831035.1_Haemophilus_influenzae_genome_assembly_NCTC8143__chromosome___1 NODE_15_length_1150785_cov_139.851166
			  Extensive misassembly ( relocation, inconsistency = -247987 ) between these two alignments
			Real Alignment 33: 1597805 1598022 | 400105 399888 | 218 218 | 97.25 | NZ_LN831035.1_Haemophilus_influenzae_genome_assembly_NCTC8143__chromosome___1 NODE_15_length_1150785_cov_139.851166
			  Extensive misassembly ( relocation, inconsistency = 236161 ) between these two alignments
			Real Alignment 34: 1318999 1325580 | 442759 436169 | 6582 6591 | 96.16 | NZ_LN831035.1_Haemophilus_influenzae_genome_assembly_NCTC8143__chromosome___1 NODE_15_length_1150785_cov_139.851166
			  Extensive misassembly ( relocation, inconsistency = -52877 ) between these two alignments
			Real Alignment 35: 1295539 1295753 | 465595 465810 | 215 216 | 97.22 | NZ_LN831035.1_Haemophilus_influenzae_genome_assembly_NCTC8143__chromosome___1 NODE_15_length_1150785_cov_139.851166
			  Extensive misassembly ( relocation, inconsistency = -14040 ) between these two alignments
			Real Alignment 36: 1281728 1295447 | 479594 465825 | 13720 13770 | 95.17 | NZ_LN831035.1_Haemophilus_influenzae_genome_assembly_NCTC8143__chromosome___1 NODE_15_length_1150785_cov_139.851166
			  Overlap between these two alignments (local misassembly). Inconsistency = -387 
			Excluding internal overlap of size 2 between Alignment 37 and 38:  1258159 1259693 | 503244 501710 | 1535 1535 --> 1258159 1259691 | 503244 501712 | 1533 1533
			Real Alignment 37: 1259992 1274064 | 501711 487645 | 14073 14067 | 97.49 | NZ_LN831035.1_Haemophilus_influenzae_genome_assembly_NCTC8143__chromosome___1 NODE_15_length_1150785_cov_139.851166
			  Gap between these two alignments (local misassembly). Inconsistency = 300 
			Real Alignment 38: 1258159 1259691 | 503244 501712 | 1533 1533 | 98.18 | NZ_LN831035.1_Haemophilus_influenzae_genome_assembly_NCTC8143__chromosome___1 NODE_15_length_1150785_cov_139.851166
			  Extensive misassembly ( relocation, inconsistency = 422297 ) between these two alignments
			Real Alignment 39: 1682154 1685030 | 503410 506288 | 2877 2879 | 96.77 | NZ_LN831035.1_Haemophilus_influenzae_genome_assembly_NCTC8143__chromosome___1 NODE_15_length_1150785_cov_139.851166
			  Overlap between these two alignments (local misassembly). Inconsistency = -101 
			Real Alignment 40: 1692431 1711695 | 513790 533057 | 19265 19268 | 95.91 | NZ_LN831035.1_Haemophilus_influenzae_genome_assembly_NCTC8143__chromosome___1 NODE_15_length_1150785_cov_139.851166
			  Extensive misassembly ( relocation, inconsistency = -725955 ) between these two alignments
			Real Alignment 41: 988086 989120 | 536442 535403 | 1035 1040 | 95.58 | NZ_LN831035.1_Haemophilus_influenzae_genome_assembly_NCTC8143__chromosome___1 NODE_15_length_1150785_cov_139.851166
			  Extensive misassembly ( relocation, inconsistency = -116937 ) between these two alignments
			Real Alignment 42: 878670 899962 | 542929 564146 | 21293 21218 | 96.17 | NZ_LN831035.1_Haemophilus_influenzae_genome_assembly_NCTC8143__chromosome___1 NODE_15_length_1150785_cov_139.851166
			  Extensive misassembly ( relocation, inconsistency = 152828 ) between these two alignments
			Excluding internal overlap of size 5 between Alignment 43 and 44:  1016078 1016379 | 565189 564888 | 302 302 --> 1016078 1016374 | 565189 564893 | 297 297
			Real Alignment 43: 1052842 1053536 | 564892 564198 | 695 695 | 95.25 | NZ_LN831035.1_Haemophilus_influenzae_genome_assembly_NCTC8143__chromosome___1 NODE_15_length_1150785_cov_139.851166
			  Extensive misassembly ( relocation, inconsistency = 36467 ) between these two alignments
			Real Alignment 44: 1016078 1016374 | 565189 564893 | 297 297 | 96.03 | NZ_LN831035.1_Haemophilus_influenzae_genome_assembly_NCTC8143__chromosome___1 NODE_15_length_1150785_cov_139.851166
			  Overlap between these two alignments (local misassembly). Inconsistency = -792 
			Real Alignment 45: 1013987 1016064 | 568072 565995 | 2078 2078 | 95.04 | NZ_LN831035.1_Haemophilus_influenzae_genome_assembly_NCTC8143__chromosome___1 NODE_15_length_1150785_cov_139.851166
			  Gap between these two alignments (local misassembly). Inconsistency = 522 
			Real Alignment 46: 1012576 1013394 | 568961 568143 | 819 819 | 95.48 | NZ_LN831035.1_Haemophilus_influenzae_genome_assembly_NCTC8143__chromosome___1 NODE_15_length_1150785_cov_139.851166
			  Overlap between these two alignments (local misassembly). Inconsistency = -203 
			Real Alignment 47: 999120 1012270 | 582619 569470 | 13151 13150 | 96.02 | NZ_LN831035.1_Haemophilus_influenzae_genome_assembly_NCTC8143__chromosome___1 NODE_15_length_1150785_cov_139.851166
			  Overlap between these two alignments (local misassembly). Inconsistency = -605 
			Real Alignment 48: 997565 998711 | 584779 583633 | 1147 1147 | 96.52 | NZ_LN831035.1_Haemophilus_influenzae_genome_assembly_NCTC8143__chromosome___1 NODE_15_length_1150785_cov_139.851166
			  Extensive misassembly ( relocation, inconsistency = -432647 ) between these two alignments
			Real Alignment 49: 567886 567963 | 586601 586678 | 78 78 | 100.0 | NZ_LN831035.1_Haemophilus_influenzae_genome_assembly_NCTC8143__chromosome___1 NODE_15_length_1150785_cov_139.851166
			  Extensive misassembly ( relocation, inconsistency = 338619 ) between these two alignments
			Real Alignment 50: 908884 937793 | 617976 588980 | 28910 28997 | 96.8 | NZ_LN831035.1_Haemophilus_influenzae_genome_assembly_NCTC8143__chromosome___1 NODE_15_length_1150785_cov_139.851166
			  Overlap between these two alignments (local misassembly). Inconsistency = -710 
			Excluding internal overlap of size 11 between Alignment 51 and 52:  900143 908830 | 627425 618740 | 8688 8686 --> 900154 908830 | 627414 618740 | 8677 8675
			Real Alignment 51: 900154 908830 | 627414 618740 | 8677 8675 | 96.27 | NZ_LN831035.1_Haemophilus_influenzae_genome_assembly_NCTC8143__chromosome___1 NODE_15_length_1150785_cov_139.851166
			  Extensive misassembly ( relocation, inconsistency = 868598 ) between these two alignments
			Real Alignment 52: 1777429 1792977 | 627415 642963 | 15549 15549 | 99.87 | NZ_LN831035.1_Haemophilus_influenzae_genome_assembly_NCTC8143__chromosome___1 NODE_15_length_1150785_cov_139.851166
			  Extensive misassembly ( relocation, inconsistency = -3991 ) between these two alignments
			Real Alignment 53: 1792811 1818488 | 646788 672456 | 25678 25669 | 98.7 | NZ_LN831035.1_Haemophilus_influenzae_genome_assembly_NCTC8143__chromosome___1 NODE_15_length_1150785_cov_139.851166
			  Overlap between these two alignments (local misassembly). Inconsistency = -36 
			Real Alignment 54: 1828027 1842013 | 682031 696020 | 13987 13990 | 96.16 | NZ_LN831035.1_Haemophilus_influenzae_genome_assembly_NCTC8143__chromosome___1 NODE_15_length_1150785_cov_139.851166
			  Extensive misassembly ( relocation, inconsistency = -822243 ) between these two alignments
			Real Alignment 55: 1028682 1030477 | 704932 706728 | 1796 1797 | 97.38 | NZ_LN831035.1_Haemophilus_influenzae_genome_assembly_NCTC8143__chromosome___1 NODE_15_length_1150785_cov_139.851166
			  Overlap between these two alignments (local misassembly). Inconsistency = -63 
			Real Alignment 56: 1030550 1033303 | 706864 709617 | 2754 2754 | 96.26 | NZ_LN831035.1_Haemophilus_influenzae_genome_assembly_NCTC8143__chromosome___1 NODE_15_length_1150785_cov_139.851166
			  Gap between these two alignments (local misassembly). Inconsistency = 6 
			Real Alignment 57: 1033497 1040584 | 709805 716892 | 7088 7088 | 96.62 | NZ_LN831035.1_Haemophilus_influenzae_genome_assembly_NCTC8143__chromosome___1 NODE_15_length_1150785_cov_139.851166
			  Gap between these two alignments (local misassembly). Inconsistency = 7 
			Real Alignment 58: 1041961 1048014 | 718262 724315 | 6054 6054 | 97.13 | NZ_LN831035.1_Haemophilus_influenzae_genome_assembly_NCTC8143__chromosome___1 NODE_15_length_1150785_cov_139.851166
			  Extensive misassembly ( relocation, inconsistency = 775977 ) between these two alignments
			Real Alignment 59: 1850644 1858342 | 750968 758663 | 7699 7696 | 98.13 | NZ_LN831035.1_Haemophilus_influenzae_genome_assembly_NCTC8143__chromosome___1 NODE_15_length_1150785_cov_139.851166
			  Overlap between these two alignments (local misassembly). Inconsistency = -817 
			Real Alignment 60: 1860885 1881656 | 762023 782807 | 20772 20785 | 96.28 | NZ_LN831035.1_Haemophilus_influenzae_genome_assembly_NCTC8143__chromosome___1 NODE_15_length_1150785_cov_139.851166
			  Extensive misassembly ( relocation, inconsistency = -1890743 ) between these two alignments
			Excluding internal overlap of size 6 between Alignment 61 and 62:  1 1365 | 791895 793259 | 1365 1365 --> 1 1359 | 791895 793253 | 1359 1359
			Real Alignment 61: 1 1359 | 791895 793253 | 1359 1359 | 97.0 | NZ_LN831035.1_Haemophilus_influenzae_genome_assembly_NCTC8143__chromosome___1 NODE_15_length_1150785_cov_139.851166
			  Gap between these two alignments (local misassembly). Inconsistency = 246 
			Real Alignment 62: 1606 4344 | 793254 795993 | 2739 2740 | 96.86 | NZ_LN831035.1_Haemophilus_influenzae_genome_assembly_NCTC8143__chromosome___1 NODE_15_length_1150785_cov_139.851166
			  Extensive misassembly ( relocation, inconsistency = 1059 ) between these two alignments
			Real Alignment 63: 8810 22125 | 799400 812710 | 13316 13311 | 96.85 | NZ_LN831035.1_Haemophilus_influenzae_genome_assembly_NCTC8143__chromosome___1 NODE_15_length_1150785_cov_139.851166
			  Overlap between these two alignments (local misassembly). Inconsistency = -584 
			Real Alignment 64: 22137 24970 | 813306 816142 | 2834 2837 | 97.0 | NZ_LN831035.1_Haemophilus_influenzae_genome_assembly_NCTC8143__chromosome___1 NODE_15_length_1150785_cov_139.851166
			  Extensive misassembly ( relocation, inconsistency = -2404 ) between these two alignments
			Real Alignment 65: 25006 46258 | 818582 839827 | 21253 21246 | 97.38 | NZ_LN831035.1_Haemophilus_influenzae_genome_assembly_NCTC8143__chromosome___1 NODE_15_length_1150785_cov_139.851166
			  Extensive misassembly ( relocation, inconsistency = 1328 ) between these two alignments
			Real Alignment 66: 73441 108890 | 865682 901147 | 35450 35466 | 95.79 | NZ_LN831035.1_Haemophilus_influenzae_genome_assembly_NCTC8143__chromosome___1 NODE_15_length_1150785_cov_139.851166
			  Extensive misassembly ( relocation, inconsistency = 47784 ) between these two alignments
			Real Alignment 67: 156772 157967 | 901245 902440 | 1196 1196 | 96.91 | NZ_LN831035.1_Haemophilus_influenzae_genome_assembly_NCTC8143__chromosome___1 NODE_15_length_1150785_cov_139.851166
			  Extensive misassembly ( relocation, inconsistency = -1378 ) between these two alignments
			Real Alignment 68: 176065 194661 | 921916 940496 | 18597 18581 | 95.35 | NZ_LN831035.1_Haemophilus_influenzae_genome_assembly_NCTC8143__chromosome___1 NODE_15_length_1150785_cov_139.851166
			  Overlap between these two alignments (local misassembly). Inconsistency = -382 
			Real Alignment 69: 194651 204615 | 940868 950833 | 9965 9966 | 99.04 | NZ_LN831035.1_Haemophilus_influenzae_genome_assembly_NCTC8143__chromosome___1 NODE_15_length_1150785_cov_139.851166
			  Extensive misassembly ( relocation, inconsistency = 1061 ) between these two alignments
			Real Alignment 70: 205779 223822 | 950936 968997 | 18044 18062 | 97.32 | NZ_LN831035.1_Haemophilus_influenzae_genome_assembly_NCTC8143__chromosome___1 NODE_15_length_1150785_cov_139.851166
			  Extensive misassembly ( relocation, inconsistency = -13266 ) between these two alignments
			Real Alignment 71: 223978 230292 | 982419 988731 | 6315 6313 | 96.36 | NZ_LN831035.1_Haemophilus_influenzae_genome_assembly_NCTC8143__chromosome___1 NODE_15_length_1150785_cov_139.851166
			  Overlap between these two alignments (local misassembly). Inconsistency = -978 
			Real Alignment 72: 231490 235557 | 990907 994974 | 4068 4068 | 95.11 | NZ_LN831035.1_Haemophilus_influenzae_genome_assembly_NCTC8143__chromosome___1 NODE_15_length_1150785_cov_139.851166
			  Extensive misassembly ( relocation, inconsistency = 104757 ) between these two alignments
			Real Alignment 73: 345166 359402 | 1014049 999826 | 14237 14224 | 96.81 | NZ_LN831035.1_Haemophilus_influenzae_genome_assembly_NCTC8143__chromosome___1 NODE_15_length_1150785_cov_139.851166
			  Overlap between these two alignments (local misassembly). Inconsistency = -496 
			Real Alignment 74: 327498 345170 | 1032260 1014541 | 17673 17720 | 95.97 | NZ_LN831035.1_Haemophilus_influenzae_genome_assembly_NCTC8143__chromosome___1 NODE_15_length_1150785_cov_139.851166
			  Extensive misassembly ( relocation, inconsistency = -1683 ) between these two alignments
			Real Alignment 75: 320732 327499 | 1040664 1033942 | 6768 6723 | 95.47 | NZ_LN831035.1_Haemophilus_influenzae_genome_assembly_NCTC8143__chromosome___1 NODE_15_length_1150785_cov_139.851166
			  Gap between these two alignments (local misassembly). Inconsistency = 3 
			Real Alignment 76: 312072 320389 | 1049333 1041004 | 8318 8330 | 97.01 | NZ_LN831035.1_Haemophilus_influenzae_genome_assembly_NCTC8143__chromosome___1 NODE_15_length_1150785_cov_139.851166
			  Extensive misassembly ( relocation, inconsistency = -222711 ) between these two alignments
			Real Alignment 77: 492023 530921 | 1092081 1053195 | 38899 38887 | 95.99 | NZ_LN831035.1_Haemophilus_influenzae_genome_assembly_NCTC8143__chromosome___1 NODE_15_length_1150785_cov_139.851166
			  Overlap between these two alignments (local misassembly). Inconsistency = -134 
			Real Alignment 78: 486578 492012 | 1097662 1092226 | 5435 5437 | 95.57 | NZ_LN831035.1_Haemophilus_influenzae_genome_assembly_NCTC8143__chromosome___1 NODE_15_length_1150785_cov_139.851166
			  Extensive misassembly ( relocation, inconsistency = -137879 ) between these two alignments
			Real Alignment 79: 364255 367936 | 1107784 1111456 | 3682 3673 | 98.42 | NZ_LN831035.1_Haemophilus_influenzae_genome_assembly_NCTC8143__chromosome___1 NODE_15_length_1150785_cov_139.851166
			  Overlap between these two alignments (local misassembly). Inconsistency = -199 
			Real Alignment 80: 367937 374109 | 1111656 1117837 | 6173 6182 | 95.33 | NZ_LN831035.1_Haemophilus_influenzae_genome_assembly_NCTC8143__chromosome___1 NODE_15_length_1150785_cov_139.851166
			  Overlap between these two alignments (local misassembly). Inconsistency = -490 
			Real Alignment 81: 374050 374454 | 1118268 1118667 | 405 400 | 96.56 | NZ_LN831035.1_Haemophilus_influenzae_genome_assembly_NCTC8143__chromosome___1 NODE_15_length_1150785_cov_139.851166
			  Overlap between these two alignments (local misassembly). Inconsistency = -349 
			Real Alignment 82: 377467 381998 | 1122029 1126533 | 4532 4505 | 95.21 | NZ_LN831035.1_Haemophilus_influenzae_genome_assembly_NCTC8143__chromosome___1 NODE_15_length_1150785_cov_139.851166
			  Overlap between these two alignments (local misassembly). Inconsistency = -634 
			Real Alignment 83: 393300 405375 | 1138469 1150533 | 12076 12065 | 95.62 | NZ_LN831035.1_Haemophilus_influenzae_genome_assembly_NCTC8143__chromosome___1 NODE_15_length_1150785_cov_139.851166

CONTIG: NODE_16_length_1163_cov_286.803101 (1289bp)
Top Length: 1276  Top ID: 96.79
			Skipping redundant alignments after choosing the best set of alignments
		Skipping redundant alignment 447467 448743 | 1289 14 | 1277 1276 | 96.79 | NZ_LN831035.1_Haemophilus_influenzae_genome_assembly_NCTC8143__chromosome___1 NODE_16_length_1163_cov_286.803101
		This contig is partially unaligned. (Aligned 1276 out of 1289 bases)
		Alignment: 406072 407348 | 14 1289 | 1277 1276 | 96.79 | NZ_LN831035.1_Haemophilus_influenzae_genome_assembly_NCTC8143__chromosome___1 NODE_16_length_1163_cov_286.803101
		Unaligned bases: 1 to 13 (13)

CONTIG: NODE_17_length_551_cov_403.508179 (677bp)
Top Length: 128  Top ID: 97.66
		Skipping redundant alignment 848113 848236 | 128 3 | 124 126 | 96.03 | NZ_LN831035.1_Haemophilus_influenzae_genome_assembly_NCTC8143__chromosome___1 NODE_17_length_551_cov_403.508179
		Skipping redundant alignment 964806 964929 | 128 3 | 124 126 | 96.03 | NZ_LN831035.1_Haemophilus_influenzae_genome_assembly_NCTC8143__chromosome___1 NODE_17_length_551_cov_403.508179
			Skipping redundant alignments after choosing the best set of alignments
		Skipping redundant alignment 847806 847931 | 677 552 | 126 126 | 99.21 | NZ_LN831035.1_Haemophilus_influenzae_genome_assembly_NCTC8143__chromosome___1 NODE_17_length_551_cov_403.508179
		Skipping redundant alignment 964499 964624 | 677 552 | 126 126 | 99.21 | NZ_LN831035.1_Haemophilus_influenzae_genome_assembly_NCTC8143__chromosome___1 NODE_17_length_551_cov_403.508179
		This contig is misassembled. 6 total aligns.
			Warning! This contig is more unaligned than misassembled. Contig length is 677 and total length of all aligns is 254
		Alignment: 433567 433694 | 128 1 | 128 128 | 97.66 | NZ_LN831035.1_Haemophilus_influenzae_genome_assembly_NCTC8143__chromosome___1 NODE_17_length_551_cov_403.508179
		Alignment: 433260 433385 | 677 552 | 126 126 | 99.21 | NZ_LN831035.1_Haemophilus_influenzae_genome_assembly_NCTC8143__chromosome___1 NODE_17_length_551_cov_403.508179
		Unaligned bases: 423
Analyzing coverage...
Writing SNPs into /data/projects/Assembly/Aroon/reports/GCF_001457655.1_NCTC8143_genomic/contigs_reports/nucmer_output/M10540_contigs.used_snps
	Reference NZ_LN831035.1_Haemophilus_influenzae_genome_assembly_NCTC8143__chromosome___1: 142 total alignments. 1 total regions.
		Region: 1 to 1890645 (1890645 bp)
			Align 1: 1 1359 NODE_15_length_1150785_cov_139.851166 791895 793253
				Gap between this and next alignment: 1359 to 1606 (246 bp)
				Next Alignment: 1606 4344 NODE_15_length_1150785_cov_139.851166 793254 795993

			Align 2: 1606 4344 NODE_15_length_1150785_cov_139.851166 793254 795993
				Gap between this and next alignment: 4344 to 8810 (4465 bp)
				Next Alignment: 8810 22125 NODE_15_length_1150785_cov_139.851166 799400 812710

			Align 3: 8810 22125 NODE_15_length_1150785_cov_139.851166 799400 812710
				Gap between this and next alignment: 22125 to 22137 (11 bp)
				Next Alignment: 22137 24970 NODE_15_length_1150785_cov_139.851166 813306 816142

			Align 4: 22137 24970 NODE_15_length_1150785_cov_139.851166 813306 816142
				Gap between this and next alignment: 24970 to 25006 (35 bp)
				Next Alignment: 25006 46258 NODE_15_length_1150785_cov_139.851166 818582 839827

			Align 5: 25006 46258 NODE_15_length_1150785_cov_139.851166 818582 839827
				Gap between this and next alignment: 46258 to 73441 (27182 bp)
				Next Alignment: 73441 108890 NODE_15_length_1150785_cov_139.851166 865682 901147

			Align 6: 73441 108890 NODE_15_length_1150785_cov_139.851166 865682 901147
				Gap between this and next alignment: 108890 to 109053 (162 bp)
				Next Alignment: 109053 112667 NODE_1_length_311333_cov_153.831482 82059 85672

			Align 7: 109053 112667 NODE_1_length_311333_cov_153.831482 82059 85672
				Gap between this and next alignment: 112667 to 114417 (1749 bp)
				Next Alignment: 114417 136531 NODE_1_length_311333_cov_153.831482 85696 107780

			Align 8: 114417 136531 NODE_1_length_311333_cov_153.831482 85696 107780
				Gap between this and next alignment: 136531 to 156772 (20240 bp)
				Next Alignment: 156772 157967 NODE_15_length_1150785_cov_139.851166 901245 902440

			Align 9: 156772 157967 NODE_15_length_1150785_cov_139.851166 901245 902440
				Gap between this and next alignment: 157967 to 176065 (18097 bp)
				Next Alignment: 176065 194661 NODE_15_length_1150785_cov_139.851166 921916 940496

			Align 10: 176065 194661 NODE_15_length_1150785_cov_139.851166 921916 940496
				Negative gap (overlap) between this and next alignment: 194661 to 194651 (-10 bp)
				Next Alignment: 194651 204615 NODE_15_length_1150785_cov_139.851166 940868 950833

			Previous gap was negative, modifying coordinates to ignore overlap
				Moving contig start from 940868 to 940879.
			Align 11: 194662 204615 NODE_15_length_1150785_cov_139.851166 940879 950833
				Gap between this and next alignment: 204615 to 205779 (1163 bp)
				Next Alignment: 205779 223822 NODE_15_length_1150785_cov_139.851166 950936 968997

			Align 12: 205779 223822 NODE_15_length_1150785_cov_139.851166 950936 968997
				Gap between this and next alignment: 223822 to 223978 (155 bp)
				Next Alignment: 223978 230292 NODE_15_length_1150785_cov_139.851166 982419 988731

			Align 13: 223978 230292 NODE_15_length_1150785_cov_139.851166 982419 988731
				Gap between this and next alignment: 230292 to 231490 (1197 bp)
				Next Alignment: 231490 235557 NODE_15_length_1150785_cov_139.851166 990907 994974

			Align 14: 231490 235557 NODE_15_length_1150785_cov_139.851166 990907 994974
				Gap between this and next alignment: 235557 to 235993 (435 bp)
				Next Alignment: 235993 242597 NODE_2_length_39119_cov_167.875656 29975 36579

			Align 15: 235993 242597 NODE_2_length_39119_cov_167.875656 29975 36579
				Gap between this and next alignment: 242597 to 269964 (27366 bp)
				Next Alignment: 269964 270109 NODE_9_length_3328_cov_573.854553 1 143

			Align 16: 269964 270109 NODE_9_length_3328_cov_573.854553 1 143
				Gap between this and next alignment: 270109 to 270303 (193 bp)
				Next Alignment: 270303 272044 NODE_9_length_3328_cov_573.854553 296 2039

			Align 17: 270303 272044 NODE_9_length_3328_cov_573.854553 296 2039
				Gap between this and next alignment: 272044 to 272165 (120 bp)
				Next Alignment: 272165 272786 NODE_9_length_3328_cov_573.854553 2045 2666

			Align 18: 272165 272786 NODE_9_length_3328_cov_573.854553 2045 2666
				Gap between this and next alignment: 272786 to 272895 (108 bp)
				Next Alignment: 272895 273678 NODE_9_length_3328_cov_573.854553 2671 3454

			Align 19: 272895 273678 NODE_9_length_3328_cov_573.854553 2671 3454
				Gap between this and next alignment: 273678 to 275868 (2189 bp)
				Next Alignment: 275868 294394 NODE_5_length_26946_cov_145.931458 3 18546

			Align 20: 275868 294394 NODE_5_length_26946_cov_145.931458 3 18546
				The next alignment (291619 291698 NODE_1_length_311333_cov_153.831482 311331 311252) is redundant. Skipping.
				Gap between this and next alignment: 294394 to 303274 (8879 bp)
				Next Alignment: 303274 303358 NODE_1_length_311333_cov_153.831482 286869 286785

			Align 22: 303274 303358 NODE_1_length_311333_cov_153.831482 286869 286785
				The next alignment (303274 303354 NODE_1_length_311333_cov_153.831482 286969 286889) is redundant. Skipping.
				Gap between this and next alignment: 303358 to 309444 (6085 bp)
				Next Alignment: 309444 312061 NODE_2_length_39119_cov_167.875656 39242 36629

			Align 24: 309444 312061 NODE_2_length_39119_cov_167.875656 39242 36629
				Gap between this and next alignment: 312061 to 312072 (10 bp)
				Next Alignment: 312072 320389 NODE_15_length_1150785_cov_139.851166 1049333 1041004

			Align 25: 312072 320389 NODE_15_length_1150785_cov_139.851166 1049333 1041004
				Gap between this and next alignment: 320389 to 320732 (342 bp)
				Next Alignment: 320732 327499 NODE_15_length_1150785_cov_139.851166 1040664 1033942

			Align 26: 320732 327499 NODE_15_length_1150785_cov_139.851166 1040664 1033942
				Negative gap (overlap) between this and next alignment: 327499 to 327498 (-1 bp)
				Next Alignment: 327498 345170 NODE_15_length_1150785_cov_139.851166 1032260 1014541

			Previous gap was negative, modifying coordinates to ignore overlap
				Moving contig start from 1032260 to 1032258.
			Align 27: 327500 345170 NODE_15_length_1150785_cov_139.851166 1032258 1014541
				Negative gap (overlap) between this and next alignment: 345170 to 345166 (-4 bp)
				Next Alignment: 345166 359402 NODE_15_length_1150785_cov_139.851166 1014049 999826

			Previous gap was negative, modifying coordinates to ignore overlap
				Moving contig start from 1014049 to 1014044.
			Align 28: 345171 359402 NODE_15_length_1150785_cov_139.851166 1014044 999826
				Gap between this and next alignment: 359402 to 364255 (4852 bp)
				Next Alignment: 364255 367936 NODE_15_length_1150785_cov_139.851166 1107784 1111456

			Align 29: 364255 367936 NODE_15_length_1150785_cov_139.851166 1107784 1111456
				Next Alignment: 367937 374109 NODE_15_length_1150785_cov_139.851166 1111656 1117837

			Align 30: 367937 374109 NODE_15_length_1150785_cov_139.851166 1111656 1117837
				Negative gap (overlap) between this and next alignment: 374109 to 374050 (-59 bp)
				Next Alignment: 374050 374454 NODE_15_length_1150785_cov_139.851166 1118268 1118667

			Previous gap was negative, modifying coordinates to ignore overlap
				Moving contig start from 1118268 to 1118332.
			Align 31: 374110 374454 NODE_15_length_1150785_cov_139.851166 1118332 1118667
				Gap between this and next alignment: 374454 to 377467 (3012 bp)
				Next Alignment: 377467 381998 NODE_15_length_1150785_cov_139.851166 1122029 1126533

			Align 32: 377467 381998 NODE_15_length_1150785_cov_139.851166 1122029 1126533
				Gap between this and next alignment: 381998 to 393300 (11301 bp)
				Next Alignment: 393300 405375 NODE_15_length_1150785_cov_139.851166 1138469 1150533

			Align 33: 393300 405375 NODE_15_length_1150785_cov_139.851166 1138469 1150533
				Gap between this and next alignment: 405375 to 406072 (696 bp)
				Next Alignment: 406072 407348 NODE_16_length_1163_cov_286.803101 14 1289

			Align 34: 406072 407348 NODE_16_length_1163_cov_286.803101 14 1289
				Negative gap (overlap) between this and next alignment: 407348 to 407223 (-125 bp)
				Next Alignment: 407223 415458 NODE_3_length_25597_cov_176.608231 1 8254

			Previous gap was negative, modifying coordinates to ignore overlap
				Moving contig start from 1 to 127.
			Align 35: 407349 415458 NODE_3_length_25597_cov_176.608231 127 8254
				Gap between this and next alignment: 415458 to 423676 (8217 bp)
				Next Alignment: 423676 431731 NODE_3_length_25597_cov_176.608231 17654 25722

			Align 36: 423676 431731 NODE_3_length_25597_cov_176.608231 17654 25722
				Gap between this and next alignment: 431731 to 433260 (1528 bp)
				Next Alignment: 433260 433385 NODE_17_length_551_cov_403.508179 677 552

			Align 37: 433260 433385 NODE_17_length_551_cov_403.508179 677 552
				Gap between this and next alignment: 433385 to 433567 (181 bp)
				Next Alignment: 433567 433694 NODE_17_length_551_cov_403.508179 128 1

			Align 38: 433567 433694 NODE_17_length_551_cov_403.508179 128 1
				Gap between this and next alignment: 433694 to 437511 (3816 bp)
				Next Alignment: 437511 447592 NODE_6_length_10068_cov_175.156143 97 10194

			Align 39: 437511 447592 NODE_6_length_10068_cov_175.156143 97 10194
				Gap between this and next alignment: 447592 to 452485 (4892 bp)
				Next Alignment: 452485 469029 NODE_2_length_39119_cov_167.875656 3222 19767

			Align 40: 452485 469029 NODE_2_length_39119_cov_167.875656 3222 19767
				Gap between this and next alignment: 469029 to 473363 (4333 bp)
				Next Alignment: 473363 475055 NODE_2_length_39119_cov_167.875656 23490 25183

			Align 41: 473363 475055 NODE_2_length_39119_cov_167.875656 23490 25183
				Gap between this and next alignment: 475055 to 475114 (58 bp)
				Next Alignment: 475114 477126 NODE_2_length_39119_cov_167.875656 27174 29181

			Align 42: 475114 477126 NODE_2_length_39119_cov_167.875656 27174 29181
				Gap between this and next alignment: 477126 to 486578 (9451 bp)
				Next Alignment: 486578 492012 NODE_15_length_1150785_cov_139.851166 1097662 1092226

			Align 43: 486578 492012 NODE_15_length_1150785_cov_139.851166 1097662 1092226
				Gap between this and next alignment: 492012 to 492023 (10 bp)
				Next Alignment: 492023 530921 NODE_15_length_1150785_cov_139.851166 1092081 1053195

			Align 44: 492023 530921 NODE_15_length_1150785_cov_139.851166 1092081 1053195
				Gap between this and next alignment: 530921 to 532270 (1348 bp)
				Next Alignment: 532270 532992 NODE_1_length_311333_cov_153.831482 25030 25751

			Align 45: 532270 532992 NODE_1_length_311333_cov_153.831482 25030 25751
				Gap between this and next alignment: 532992 to 535859 (2866 bp)
				Next Alignment: 535859 543767 NODE_1_length_311333_cov_153.831482 28747 36656

			Align 46: 535859 543767 NODE_1_length_311333_cov_153.831482 28747 36656
				Gap between this and next alignment: 543767 to 551863 (8095 bp)
				Next Alignment: 551863 560527 NODE_1_length_311333_cov_153.831482 36693 45338

			Align 47: 551863 560527 NODE_1_length_311333_cov_153.831482 36693 45338
				Gap between this and next alignment: 560527 to 567883 (7355 bp)
				Next Alignment: 567883 567963 NODE_15_length_1150785_cov_139.851166 86430 86350

			Align 48: 567883 567963 NODE_15_length_1150785_cov_139.851166 86430 86350
				The next alignment (567886 567963 NODE_15_length_1150785_cov_139.851166 586601 586678) is redundant. Skipping.
				Gap between this and next alignment: 567963 to 588649 (20685 bp)
				Next Alignment: 588649 599457 NODE_1_length_311333_cov_153.831482 132848 122046

			Align 50: 588649 599457 NODE_1_length_311333_cov_153.831482 132848 122046
				Gap between this and next alignment: 599457 to 607445 (7987 bp)
				Next Alignment: 607445 617537 NODE_1_length_311333_cov_153.831482 230463 240551

			Align 51: 607445 617537 NODE_1_length_311333_cov_153.831482 230463 240551
				Gap between this and next alignment: 617537 to 630242 (12704 bp)
				Next Alignment: 630242 642038 NODE_1_length_311333_cov_153.831482 253987 265669

			Align 52: 630242 642038 NODE_1_length_311333_cov_153.831482 253987 265669
				Gap between this and next alignment: 642038 to 691614 (49575 bp)
				Next Alignment: 691614 705861 NODE_1_length_311333_cov_153.831482 265670 279922

			Align 53: 691614 705861 NODE_1_length_311333_cov_153.831482 265670 279922
				Gap between this and next alignment: 705861 to 709740 (3878 bp)
				Next Alignment: 709740 712975 NODE_1_length_311333_cov_153.831482 55051 58286

			Align 54: 709740 712975 NODE_1_length_311333_cov_153.831482 55051 58286
				Gap between this and next alignment: 712975 to 714317 (1341 bp)
				Next Alignment: 714317 724505 NODE_1_length_311333_cov_153.831482 82058 71870

			Align 55: 714317 724505 NODE_1_length_311333_cov_153.831482 82058 71870
				Negative gap (overlap) between this and next alignment: 724505 to 724505 (0 bp)
				Next Alignment: 724505 735114 NODE_1_length_311333_cov_153.831482 71686 61078

			Previous gap was negative, modifying coordinates to ignore overlap
				Moving contig start from 71686 to 71685.
			Align 56: 724506 735114 NODE_1_length_311333_cov_153.831482 71685 61078
				Gap between this and next alignment: 735114 to 737957 (2842 bp)
				Next Alignment: 737957 738457 NODE_1_length_311333_cov_153.831482 230462 229962

			Align 57: 737957 738457 NODE_1_length_311333_cov_153.831482 230462 229962
				Gap between this and next alignment: 738457 to 746213 (7755 bp)
				Next Alignment: 746213 765540 NODE_1_length_311333_cov_153.831482 222058 202726

			Align 58: 746213 765540 NODE_1_length_311333_cov_153.831482 222058 202726
				Gap between this and next alignment: 765540 to 767127 (1586 bp)
				Next Alignment: 767127 790431 NODE_1_length_311333_cov_153.831482 202582 179261

			Align 59: 767127 790431 NODE_1_length_311333_cov_153.831482 202582 179261
				Negative gap (overlap) between this and next alignment: 790431 to 790423 (-8 bp)
				Next Alignment: 790423 791638 NODE_1_length_311333_cov_153.831482 178764 177549

			Previous gap was negative, modifying coordinates to ignore overlap
				Moving contig start from 178764 to 178755.
			Align 60: 790432 791638 NODE_1_length_311333_cov_153.831482 178755 177549
				Gap between this and next alignment: 791638 to 801413 (9774 bp)
				Next Alignment: 801413 805157 NODE_1_length_311333_cov_153.831482 167420 163691

			Align 61: 801413 805157 NODE_1_length_311333_cov_153.831482 167420 163691
				Gap between this and next alignment: 805157 to 823738 (18580 bp)
				Next Alignment: 823738 832979 NODE_1_length_311333_cov_153.831482 121089 111845

			Align 62: 823738 832979 NODE_1_length_311333_cov_153.831482 121089 111845
				Gap between this and next alignment: 832979 to 837503 (4523 bp)
				Next Alignment: 837503 846151 NODE_7_length_50836_cov_155.284012 8649 4

			Align 63: 837503 846151 NODE_7_length_50836_cov_155.284012 8649 4
				Negative gap (overlap) between this and next alignment: 846151 to 846051 (-100 bp)
				Next Alignment: 846051 846542 NODE_4_length_186812_cov_140.254013 491 1

			Previous gap was negative, modifying coordinates to ignore overlap
				Moving contig start from 491 to 391.
			Align 64: 846152 846542 NODE_4_length_186812_cov_140.254013 391 1
				The next alignment (846166 846291 NODE_1_length_311333_cov_153.831482 311334 311459) is redundant. Skipping.
				Gap between this and next alignment: 846542 to 851705 (5162 bp)
				Next Alignment: 851705 851830 NODE_5_length_26946_cov_145.931458 27072 26947

			Align 66: 851705 851830 NODE_5_length_26946_cov_145.931458 27072 26947
				Gap between this and next alignment: 851830 to 862152 (10321 bp)
				Next Alignment: 862152 869782 NODE_4_length_186812_cov_140.254013 177066 169433

			Align 67: 862152 869782 NODE_4_length_186812_cov_140.254013 177066 169433
				Gap between this and next alignment: 869782 to 870863 (1080 bp)
				Next Alignment: 870863 878606 NODE_7_length_50836_cov_155.284012 34739 42476

			Align 68: 870863 878606 NODE_7_length_50836_cov_155.284012 34739 42476
				Gap between this and next alignment: 878606 to 878670 (63 bp)
				Next Alignment: 878670 899962 NODE_15_length_1150785_cov_139.851166 542929 564146

			Align 69: 878670 899962 NODE_15_length_1150785_cov_139.851166 542929 564146
				Gap between this and next alignment: 899962 to 900154 (191 bp)
				Next Alignment: 900154 908830 NODE_15_length_1150785_cov_139.851166 627414 618740

			Align 70: 900154 908830 NODE_15_length_1150785_cov_139.851166 627414 618740
				Gap between this and next alignment: 908830 to 908884 (53 bp)
				Next Alignment: 908884 937793 NODE_15_length_1150785_cov_139.851166 617976 588980

			Align 71: 908884 937793 NODE_15_length_1150785_cov_139.851166 617976 588980
				Gap between this and next alignment: 937793 to 943175 (5381 bp)
				Next Alignment: 943175 943259 NODE_5_length_26946_cov_145.931458 26776 26692

			Align 72: 943175 943259 NODE_5_length_26946_cov_145.931458 26776 26692
				Gap between this and next alignment: 943259 to 963110 (19850 bp)
				Next Alignment: 963110 964624 NODE_8_length_1388_cov_514.852295 1514 1

			Align 73: 963110 964624 NODE_8_length_1388_cov_514.852295 1514 1
				Gap between this and next alignment: 964624 to 968452 (3827 bp)
				Next Alignment: 968452 968542 NODE_15_length_1150785_cov_139.851166 1119 1209

			Align 74: 968452 968542 NODE_15_length_1150785_cov_139.851166 1119 1209
				The next alignment (968460 968542 NODE_1_length_311333_cov_153.831482 1 83) is redundant. Skipping.
				The next alignment (968460 968542 NODE_4_length_186812_cov_140.254013 186938 186856) is redundant. Skipping.
				Gap between this and next alignment: 968542 to 971804 (3261 bp)
				Next Alignment: 971804 972080 NODE_7_length_50836_cov_155.284012 44163 43886

			Align 77: 971804 972080 NODE_7_length_50836_cov_155.284012 44163 43886
				Gap between this and next alignment: 972080 to 988086 (16005 bp)
				Next Alignment: 988086 989120 NODE_15_length_1150785_cov_139.851166 536442 535403

			Align 78: 988086 989120 NODE_15_length_1150785_cov_139.851166 536442 535403
				Gap between this and next alignment: 989120 to 989133 (12 bp)
				Next Alignment: 989133 997381 NODE_4_length_186812_cov_140.254013 30577 38826

			Align 79: 989133 997381 NODE_4_length_186812_cov_140.254013 30577 38826
				Gap between this and next alignment: 997381 to 997565 (183 bp)
				Next Alignment: 997565 998711 NODE_15_length_1150785_cov_139.851166 584779 583633

			Align 80: 997565 998711 NODE_15_length_1150785_cov_139.851166 584779 583633
				Gap between this and next alignment: 998711 to 999120 (408 bp)
				Next Alignment: 999120 1012270 NODE_15_length_1150785_cov_139.851166 582619 569470

			Align 81: 999120 1012270 NODE_15_length_1150785_cov_139.851166 582619 569470
				The next alignment (1008946 1009209 NODE_1_length_311333_cov_153.831482 299329 299590) is redundant. Skipping.
				The next alignment (1009313 1009394 NODE_1_length_311333_cov_153.831482 299591 299672) is redundant. Skipping.
				Gap between this and next alignment: 1012270 to 1012576 (305 bp)
				Next Alignment: 1012576 1013394 NODE_15_length_1150785_cov_139.851166 568961 568143

			Align 84: 1012576 1013394 NODE_15_length_1150785_cov_139.851166 568961 568143
				Gap between this and next alignment: 1013394 to 1013987 (592 bp)
				Next Alignment: 1013987 1016064 NODE_15_length_1150785_cov_139.851166 568072 565995

			Align 85: 1013987 1016064 NODE_15_length_1150785_cov_139.851166 568072 565995
				Gap between this and next alignment: 1016064 to 1016078 (13 bp)
				Next Alignment: 1016078 1016374 NODE_15_length_1150785_cov_139.851166 565189 564893

			Align 86: 1016078 1016374 NODE_15_length_1150785_cov_139.851166 565189 564893
				Gap between this and next alignment: 1016374 to 1028682 (12307 bp)
				Next Alignment: 1028682 1030477 NODE_15_length_1150785_cov_139.851166 704932 706728

			Align 87: 1028682 1030477 NODE_15_length_1150785_cov_139.851166 704932 706728
				Gap between this and next alignment: 1030477 to 1030550 (72 bp)
				Next Alignment: 1030550 1033303 NODE_15_length_1150785_cov_139.851166 706864 709617

			Align 88: 1030550 1033303 NODE_15_length_1150785_cov_139.851166 706864 709617
				Gap between this and next alignment: 1033303 to 1033497 (193 bp)
				Next Alignment: 1033497 1040584 NODE_15_length_1150785_cov_139.851166 709805 716892

			Align 89: 1033497 1040584 NODE_15_length_1150785_cov_139.851166 709805 716892
				Gap between this and next alignment: 1040584 to 1041961 (1376 bp)
				Next Alignment: 1041961 1048014 NODE_15_length_1150785_cov_139.851166 718262 724315

			Align 90: 1041961 1048014 NODE_15_length_1150785_cov_139.851166 718262 724315
				Gap between this and next alignment: 1048014 to 1052842 (4827 bp)
				Next Alignment: 1052842 1053536 NODE_15_length_1150785_cov_139.851166 564892 564198

			Align 91: 1052842 1053536 NODE_15_length_1150785_cov_139.851166 564892 564198
				Gap between this and next alignment: 1053536 to 1085578 (32041 bp)
				Next Alignment: 1085578 1109639 NODE_4_length_186812_cov_140.254013 135666 111561

			Align 92: 1085578 1109639 NODE_4_length_186812_cov_140.254013 135666 111561
				Negative gap (overlap) between this and next alignment: 1109639 to 1109625 (-14 bp)
				Next Alignment: 1109625 1133242 NODE_4_length_186812_cov_140.254013 111448 87875

			Previous gap was negative, modifying coordinates to ignore overlap
				Moving contig start from 111448 to 111433.
			Align 93: 1109640 1133242 NODE_4_length_186812_cov_140.254013 111433 87875
				Gap between this and next alignment: 1133242 to 1133387 (144 bp)
				Next Alignment: 1133387 1139026 NODE_4_length_186812_cov_140.254013 12983 7344

			Align 94: 1133387 1139026 NODE_4_length_186812_cov_140.254013 12983 7344
				Gap between this and next alignment: 1139026 to 1151467 (12440 bp)
				Next Alignment: 1151467 1151568 NODE_15_length_1150785_cov_139.851166 1 101

			Align 95: 1151467 1151568 NODE_15_length_1150785_cov_139.851166 1 101
				Gap between this and next alignment: 1151568 to 1151643 (74 bp)
				Next Alignment: 1151643 1155760 NODE_15_length_1150785_cov_139.851166 1224 5326

			Align 96: 1151643 1155760 NODE_15_length_1150785_cov_139.851166 1224 5326
				Gap between this and next alignment: 1155760 to 1173267 (17506 bp)
				Next Alignment: 1173267 1177938 NODE_15_length_1150785_cov_139.851166 31306 35977

			Align 97: 1173267 1177938 NODE_15_length_1150785_cov_139.851166 31306 35977
				Gap between this and next alignment: 1177938 to 1179145 (1206 bp)
				Next Alignment: 1179145 1190503 NODE_15_length_1150785_cov_139.851166 36027 47377

			Align 98: 1179145 1190503 NODE_15_length_1150785_cov_139.851166 36027 47377
				Gap between this and next alignment: 1190503 to 1205508 (15004 bp)
				Next Alignment: 1205508 1213499 NODE_15_length_1150785_cov_139.851166 62192 70163

			Align 99: 1205508 1213499 NODE_15_length_1150785_cov_139.851166 62192 70163
				Gap between this and next alignment: 1213499 to 1223883 (10383 bp)
				Next Alignment: 1223883 1240068 NODE_15_length_1150785_cov_139.851166 70167 86331

			Align 100: 1223883 1240068 NODE_15_length_1150785_cov_139.851166 70167 86331
				Gap between this and next alignment: 1240068 to 1258159 (18090 bp)
				Next Alignment: 1258159 1259691 NODE_15_length_1150785_cov_139.851166 503244 501712

			Align 101: 1258159 1259691 NODE_15_length_1150785_cov_139.851166 503244 501712
				Gap between this and next alignment: 1259691 to 1259992 (300 bp)
				Next Alignment: 1259992 1274064 NODE_15_length_1150785_cov_139.851166 501711 487645

			Align 102: 1259992 1274064 NODE_15_length_1150785_cov_139.851166 501711 487645
				Gap between this and next alignment: 1274064 to 1281728 (7663 bp)
				Next Alignment: 1281728 1295447 NODE_15_length_1150785_cov_139.851166 479594 465825

			Align 103: 1281728 1295447 NODE_15_length_1150785_cov_139.851166 479594 465825
				Gap between this and next alignment: 1295447 to 1295539 (91 bp)
				Next Alignment: 1295539 1295753 NODE_15_length_1150785_cov_139.851166 465595 465810

			Align 104: 1295539 1295753 NODE_15_length_1150785_cov_139.851166 465595 465810
				Gap between this and next alignment: 1295753 to 1318999 (23245 bp)
				Next Alignment: 1318999 1325580 NODE_15_length_1150785_cov_139.851166 442759 436169

			Align 105: 1318999 1325580 NODE_15_length_1150785_cov_139.851166 442759 436169
				Gap between this and next alignment: 1325580 to 1329691 (4110 bp)
				Next Alignment: 1329691 1330249 NODE_15_length_1150785_cov_139.851166 51330 51887

			Align 106: 1329691 1330249 NODE_15_length_1150785_cov_139.851166 51330 51887
				Gap between this and next alignment: 1330249 to 1331646 (1396 bp)
				Next Alignment: 1331646 1334205 NODE_15_length_1150785_cov_139.851166 51891 54444

			Align 107: 1331646 1334205 NODE_15_length_1150785_cov_139.851166 51891 54444
				Gap between this and next alignment: 1334205 to 1336806 (2600 bp)
				Next Alignment: 1336806 1338833 NODE_15_length_1150785_cov_139.851166 54941 56967

			Align 108: 1336806 1338833 NODE_15_length_1150785_cov_139.851166 54941 56967
				Gap between this and next alignment: 1338833 to 1351937 (13103 bp)
				Next Alignment: 1351937 1352362 NODE_15_length_1150785_cov_139.851166 397986 397562

			Align 109: 1351937 1352362 NODE_15_length_1150785_cov_139.851166 397986 397562
				Gap between this and next alignment: 1352362 to 1352666 (303 bp)
				Next Alignment: 1352666 1357644 NODE_15_length_1150785_cov_139.851166 355460 350478

			Align 110: 1352666 1357644 NODE_15_length_1150785_cov_139.851166 355460 350478
				Gap between this and next alignment: 1357644 to 1362374 (4729 bp)
				Next Alignment: 1362374 1362672 NODE_15_length_1150785_cov_139.851166 181364 181662

			Align 111: 1362374 1362672 NODE_15_length_1150785_cov_139.851166 181364 181662
				Gap between this and next alignment: 1362672 to 1363082 (409 bp)
				Next Alignment: 1363082 1388017 NODE_15_length_1150785_cov_139.851166 182162 207093

			Align 112: 1363082 1388017 NODE_15_length_1150785_cov_139.851166 182162 207093
				Gap between this and next alignment: 1388017 to 1388088 (70 bp)
				Next Alignment: 1388088 1390500 NODE_15_length_1150785_cov_139.851166 247909 250321

			Align 113: 1388088 1390500 NODE_15_length_1150785_cov_139.851166 247909 250321
				Gap between this and next alignment: 1390500 to 1402629 (12128 bp)
				Next Alignment: 1402629 1421065 NODE_15_length_1150785_cov_139.851166 317031 298683

			Align 114: 1402629 1421065 NODE_15_length_1150785_cov_139.851166 317031 298683
				Gap between this and next alignment: 1421065 to 1423085 (2019 bp)
				Next Alignment: 1423085 1431756 NODE_15_length_1150785_cov_139.851166 298548 289878

			Align 115: 1423085 1431756 NODE_15_length_1150785_cov_139.851166 298548 289878
				Gap between this and next alignment: 1431756 to 1432177 (420 bp)
				Next Alignment: 1432177 1438282 NODE_15_length_1150785_cov_139.851166 289243 283159

			Align 116: 1432177 1438282 NODE_15_length_1150785_cov_139.851166 289243 283159
				Negative gap (overlap) between this and next alignment: 1438282 to 1438280 (-2 bp)
				Next Alignment: 1438280 1439657 NODE_15_length_1150785_cov_139.851166 282768 281387

			Previous gap was negative, modifying coordinates to ignore overlap
				Moving contig start from 282768 to 282765.
			Align 117: 1438283 1439657 NODE_15_length_1150785_cov_139.851166 282765 281387
				Gap between this and next alignment: 1439657 to 1451859 (12201 bp)
				Next Alignment: 1451859 1452425 NODE_15_length_1150785_cov_139.851166 271220 270653

			Align 118: 1451859 1452425 NODE_15_length_1150785_cov_139.851166 271220 270653
				Gap between this and next alignment: 1452425 to 1480043 (27617 bp)
				Next Alignment: 1480043 1481213 NODE_15_length_1150785_cov_139.851166 266212 265042

			Align 119: 1480043 1481213 NODE_15_length_1150785_cov_139.851166 266212 265042
				Gap between this and next alignment: 1481213 to 1488117 (6903 bp)
				Next Alignment: 1488117 1489698 NODE_15_length_1150785_cov_139.851166 324719 326300

			Align 120: 1488117 1489698 NODE_15_length_1150785_cov_139.851166 324719 326300
				Gap between this and next alignment: 1489698 to 1489756 (57 bp)
				Next Alignment: 1489756 1507439 NODE_15_length_1150785_cov_139.851166 228459 210793

			Align 121: 1489756 1507439 NODE_15_length_1150785_cov_139.851166 228459 210793
				Gap between this and next alignment: 1507439 to 1508511 (1071 bp)
				Next Alignment: 1508511 1509343 NODE_15_length_1150785_cov_139.851166 209005 208173

			Align 122: 1508511 1509343 NODE_15_length_1150785_cov_139.851166 209005 208173
				Gap between this and next alignment: 1509343 to 1521555 (12211 bp)
				Next Alignment: 1521555 1526159 NODE_15_length_1150785_cov_139.851166 233076 228475

			Align 123: 1521555 1526159 NODE_15_length_1150785_cov_139.851166 233076 228475
				Gap between this and next alignment: 1526159 to 1526218 (58 bp)
				Next Alignment: 1526218 1534746 NODE_15_length_1150785_cov_139.851166 326304 334829

			Align 124: 1526218 1534746 NODE_15_length_1150785_cov_139.851166 326304 334829
				Gap between this and next alignment: 1534746 to 1543195 (8448 bp)
				Next Alignment: 1543195 1554944 NODE_15_length_1150785_cov_139.851166 337661 349410

			Align 125: 1543195 1554944 NODE_15_length_1150785_cov_139.851166 337661 349410
				Gap between this and next alignment: 1554944 to 1557087 (2142 bp)
				Next Alignment: 1557087 1569966 NODE_15_length_1150785_cov_139.851166 355588 368465

			Align 126: 1557087 1569966 NODE_15_length_1150785_cov_139.851166 355588 368465
				Gap between this and next alignment: 1569966 to 1597805 (27838 bp)
				Next Alignment: 1597805 1598022 NODE_15_length_1150785_cov_139.851166 400105 399888

			Align 127: 1597805 1598022 NODE_15_length_1150785_cov_139.851166 400105 399888
				Gap between this and next alignment: 1598022 to 1637024 (39001 bp)
				Next Alignment: 1637024 1653336 NODE_15_length_1150785_cov_139.851166 151491 135190

			Align 128: 1637024 1653336 NODE_15_length_1150785_cov_139.851166 151491 135190
				Gap between this and next alignment: 1653336 to 1664268 (10931 bp)
				Next Alignment: 1664268 1665167 NODE_15_length_1150785_cov_139.851166 121169 120272

			Align 129: 1664268 1665167 NODE_15_length_1150785_cov_139.851166 121169 120272
				Negative gap (overlap) between this and next alignment: 1665167 to 1665158 (-9 bp)
				Next Alignment: 1665158 1681974 NODE_15_length_1150785_cov_139.851166 119294 102498

			Previous gap was negative, modifying coordinates to ignore overlap
				Moving contig start from 119294 to 119284.
			Align 130: 1665168 1681974 NODE_15_length_1150785_cov_139.851166 119284 102498
				Gap between this and next alignment: 1681974 to 1682154 (179 bp)
				Next Alignment: 1682154 1685030 NODE_15_length_1150785_cov_139.851166 503410 506288

			Align 131: 1682154 1685030 NODE_15_length_1150785_cov_139.851166 503410 506288
				Gap between this and next alignment: 1685030 to 1692431 (7400 bp)
				Next Alignment: 1692431 1711695 NODE_15_length_1150785_cov_139.851166 513790 533057

			Align 132: 1692431 1711695 NODE_15_length_1150785_cov_139.851166 513790 533057
				Gap between this and next alignment: 1711695 to 1715548 (3852 bp)
				Next Alignment: 1715548 1726415 NODE_4_length_186812_cov_140.254013 29243 18379

			Align 133: 1715548 1726415 NODE_4_length_186812_cov_140.254013 29243 18379
				Gap between this and next alignment: 1726415 to 1726713 (297 bp)
				Next Alignment: 1726713 1729571 NODE_4_length_186812_cov_140.254013 16158 13304

			Align 134: 1726713 1729571 NODE_4_length_186812_cov_140.254013 16158 13304
				Gap between this and next alignment: 1729571 to 1731164 (1592 bp)
				Next Alignment: 1731164 1739630 NODE_4_length_186812_cov_140.254013 41677 50134

			Align 135: 1731164 1739630 NODE_4_length_186812_cov_140.254013 41677 50134
				Gap between this and next alignment: 1739630 to 1739664 (33 bp)
				Next Alignment: 1739664 1749656 NODE_4_length_186812_cov_140.254013 50841 60828

			Align 136: 1739664 1749656 NODE_4_length_186812_cov_140.254013 50841 60828
				Gap between this and next alignment: 1749656 to 1749821 (164 bp)
				Next Alignment: 1749821 1776921 NODE_4_length_186812_cov_140.254013 60829 87874

			Align 137: 1749821 1776921 NODE_4_length_186812_cov_140.254013 60829 87874
				Gap between this and next alignment: 1776921 to 1777429 (507 bp)
				Next Alignment: 1777429 1792977 NODE_15_length_1150785_cov_139.851166 627415 642963

			Align 138: 1777429 1792977 NODE_15_length_1150785_cov_139.851166 627415 642963
				Negative gap (overlap) between this and next alignment: 1792977 to 1792811 (-166 bp)
				Next Alignment: 1792811 1818488 NODE_15_length_1150785_cov_139.851166 646788 672456

			Previous gap was negative, modifying coordinates to ignore overlap
				Moving contig start from 646788 to 646951.
			Align 139: 1792978 1818488 NODE_15_length_1150785_cov_139.851166 646951 672456
				Gap between this and next alignment: 1818488 to 1828027 (9538 bp)
				Next Alignment: 1828027 1842013 NODE_15_length_1150785_cov_139.851166 682031 696020

			Align 140: 1828027 1842013 NODE_15_length_1150785_cov_139.851166 682031 696020
				Gap between this and next alignment: 1842013 to 1850644 (8630 bp)
				Next Alignment: 1850644 1858342 NODE_15_length_1150785_cov_139.851166 750968 758663

			Align 141: 1850644 1858342 NODE_15_length_1150785_cov_139.851166 750968 758663
				Gap between this and next alignment: 1858342 to 1860885 (2542 bp)
				Next Alignment: 1860885 1881656 NODE_15_length_1150785_cov_139.851166 762023 782807

			Align 142: 1860885 1881656 NODE_15_length_1150785_cov_139.851166 762023 782807
			END in gap: 1881656 to 1890645 (8989 bp)

Analysis is finished!
Founded SNPs were written into /data/projects/Assembly/Aroon/reports/GCF_001457655.1_NCTC8143_genomic/contigs_reports/nucmer_output/M10540_contigs.used_snps

Results:
	Local Misassemblies: 44
	Misassemblies: 83
		Relocations: 83
		Translocations: 0
		Inversions: 0
	Misassembled Contigs: 6
	Misassembled Contig Bases: 1741348
	Misassemblies Inter-Contig Overlap: 0
Uncovered Regions: 0 (0)
Unaligned Contigs: 0 + 3 part
Partially Unaligned Contigs with Misassemblies: 2
Unaligned Contig Bases: 34736

Ambiguously Mapped Contigs: 1
Total Bases in Ambiguously Mapped Contigs: 1514
Note that --allow-ambiguity option was set to "one" and only first alignment per each contig was used.

	Covered Bases: 1099818

	SNPs: 39206
	Insertions: 908
	Deletions: 1287

	Positive Gaps: 121
		Internal Gaps:  88
		External Gaps:  33
		External Gap Total:  242634
		External Gap Average: 7353
	Negative Gaps: 12
		Internal Overlaps:  10
		External Overlaps:  2
		External Overlaps Total: -225
		External Overlaps Average: -112
	Contigs with Redundant Alignments: 4 (877)
