Aligning contigs to reference...
	Running Nucmer
Parsing coords...
Loading reference...
	Loaded [NZ_LN831035.1_Haemophilus_influenzae_genome_assembly_NCTC8143__chromosome___1]
Loading SNPs...
Loading regions...
	No regions given, using whole reference.
	Total Regions: 1
	Total Region Length: 1890645
Analyzing contigs...
CONTIG: NODE_1_length_1866_cov_327.743286 (1992bp)
Top Length: 1992  Top ID: 98.59
		One align captures most of this contig: 689376 691367 | 1 1992 | 1992 1992 | 98.59 | NZ_LN831035.1_Haemophilus_influenzae_genome_assembly_NCTC8143__chromosome___1 NODE_1_length_1866_cov_327.743286

CONTIG: NODE_4_length_14061_cov_138.316406 (14187bp)
Top Length: 4867  Top ID: 98.99
		This contig is misassembled. 4 total aligns.
			Real Alignment 1: 679052 682527 | 3474 1 | 3476 3474 | 95.69 | NZ_LN831035.1_Haemophilus_influenzae_genome_assembly_NCTC8143__chromosome___1 NODE_4_length_14061_cov_138.316406
			  Overlap between these two alignments (local misassembly). Inconsistency = -351 
			Real Alignment 2: 677158 678778 | 5715 4099 | 1621 1617 | 97.41 | NZ_LN831035.1_Haemophilus_influenzae_genome_assembly_NCTC8143__chromosome___1 NODE_4_length_14061_cov_138.316406
			  Overlap between these two alignments (local misassembly). Inconsistency = -155 
			Real Alignment 3: 669875 674744 | 13150 8284 | 4870 4867 | 98.99 | NZ_LN831035.1_Haemophilus_influenzae_genome_assembly_NCTC8143__chromosome___1 NODE_4_length_14061_cov_138.316406
			  Fake misassembly between these two alignments: inconsistency = 85 , gap in the contig is small or absent or filled mostly with Ns (long indel: deletion of length 85; 0 mismatches)
			Real Alignment 4: 668753 669779 | 14187 13161 | 1027 1027 | 100.0 | NZ_LN831035.1_Haemophilus_influenzae_genome_assembly_NCTC8143__chromosome___1 NODE_4_length_14061_cov_138.316406

CONTIG: NODE_5_length_200242_cov_157.865829 (200368bp)
Top Length: 116839  Top ID: 99.48
		Skipping redundant alignment 951390 951468 | 7322 7400 | 79 79 | 100.0 | NZ_LN831035.1_Haemophilus_influenzae_genome_assembly_NCTC8143__chromosome___1 NODE_5_length_200242_cov_157.865829
		Skipping redundant alignment 1008993 1009071 | 7322 7400 | 79 79 | 100.0 | NZ_LN831035.1_Haemophilus_influenzae_genome_assembly_NCTC8143__chromosome___1 NODE_5_length_200242_cov_157.865829
		This contig is misassembled. 5 total aligns.
			Real Alignment 1: 567911 649311 | 81365 1 | 81401 81365 | 98.91 | NZ_LN831035.1_Haemophilus_influenzae_genome_assembly_NCTC8143__chromosome___1 NODE_5_length_200242_cov_157.865829
			  Fake misassembly between these two alignments: inconsistency = -39 , gap in the contig is small or absent or filled mostly with Ns (long indel: insertion of length 39; 0 mismatches)
			Excluding internal overlap of size 764 between Alignment 2 and 3:  565021 567805 | 84293 81510 | 2785 2784 --> 565785 567805 | 83529 81510 | 2021 2020
			Real Alignment 2: 565785 567805 | 83529 81510 | 2021 2020 | 98.57 | NZ_LN831035.1_Haemophilus_influenzae_genome_assembly_NCTC8143__chromosome___1 NODE_5_length_200242_cov_157.865829
			  Gap between these two alignments (local misassembly). Inconsistency = 279 
			Real Alignment 3: 448602 565505 | 200368 83530 | 116904 116839 | 99.48 | NZ_LN831035.1_Haemophilus_influenzae_genome_assembly_NCTC8143__chromosome___1 NODE_5_length_200242_cov_157.865829

CONTIG: NODE_6_length_305742_cov_137.956314 (305868bp)
Top Length: 150150  Top ID: 99.28
		This contig is misassembled. 5 total aligns.
			Real Alignment 1: 1634636 1685019 | 1 50397 | 50384 50397 | 99.17 | NZ_LN831035.1_Haemophilus_influenzae_genome_assembly_NCTC8143__chromosome___1 NODE_6_length_305742_cov_137.956314
			  Overlap between these two alignments (local misassembly). Inconsistency = -96 
			Real Alignment 2: 1692431 1842598 | 57905 208054 | 150168 150150 | 99.28 | NZ_LN831035.1_Haemophilus_influenzae_genome_assembly_NCTC8143__chromosome___1 NODE_6_length_305742_cov_137.956314
			  Overlap between these two alignments (local misassembly). Inconsistency = -165 
			Real Alignment 3: 1842639 1886463 | 208260 252057 | 43825 43798 | 99.44 | NZ_LN831035.1_Haemophilus_influenzae_genome_assembly_NCTC8143__chromosome___1 NODE_6_length_305742_cov_137.956314
			  Extensive misassembly ( relocation, inconsistency = -1890648 ) between these two alignments
			Real Alignment 4: 1 22125 | 256243 278367 | 22125 22125 | 99.73 | NZ_LN831035.1_Haemophilus_influenzae_genome_assembly_NCTC8143__chromosome___1 NODE_6_length_305742_cov_137.956314
			  Overlap between these two alignments (local misassembly). Inconsistency = -584 
			Real Alignment 5: 22138 48681 | 278964 305508 | 26544 26545 | 98.3 | NZ_LN831035.1_Haemophilus_influenzae_genome_assembly_NCTC8143__chromosome___1 NODE_6_length_305742_cov_137.956314

CONTIG: NODE_9_length_10305_cov_156.146530 (10431bp)
Top Length: 10431  Top ID: 99.96
		Marking as insignificant: 303529 303653 | 125 1 | 125 125 | 97.6 | NZ_LN831035.1_Haemophilus_influenzae_genome_assembly_NCTC8143__chromosome___1 NODE_9_length_10305_cov_156.146530
		Marking as insignificant: 407224 407349 | 10431 10306 | 126 126 | 100.0 | NZ_LN831035.1_Haemophilus_influenzae_genome_assembly_NCTC8143__chromosome___1 NODE_9_length_10305_cov_156.146530
		Marking as insignificant: 968399 968531 | 1 133 | 133 133 | 96.24 | NZ_LN831035.1_Haemophilus_influenzae_genome_assembly_NCTC8143__chromosome___1 NODE_9_length_10305_cov_156.146530
		Marking as insignificant: 269955 270088 | 134 1 | 134 134 | 97.01 | NZ_LN831035.1_Haemophilus_influenzae_genome_assembly_NCTC8143__chromosome___1 NODE_9_length_10305_cov_156.146530
		Marking as insignificant: 851706 851837 | 1 132 | 132 132 | 98.48 | NZ_LN831035.1_Haemophilus_influenzae_genome_assembly_NCTC8143__chromosome___1 NODE_9_length_10305_cov_156.146530
		Marking as insignificant: 1151424 1151556 | 1 133 | 133 133 | 98.5 | NZ_LN831035.1_Haemophilus_influenzae_genome_assembly_NCTC8143__chromosome___1 NODE_9_length_10305_cov_156.146530
		One align captures most of this contig: 437161 447591 | 1 10431 | 10431 10431 | 99.96 | NZ_LN831035.1_Haemophilus_influenzae_genome_assembly_NCTC8143__chromosome___1 NODE_9_length_10305_cov_156.146530

CONTIG: NODE_10_length_70088_cov_157.618210 (70214bp)
Top Length: 44914  Top ID: 97.79
		Skipping redundant alignment 846006 846193 | 70027 70214 | 188 188 | 98.4 | NZ_LN831035.1_Haemophilus_influenzae_genome_assembly_NCTC8143__chromosome___1 NODE_10_length_70088_cov_157.618210
		Skipping redundant alignment 275837 275993 | 70214 70059 | 157 156 | 99.36 | NZ_LN831035.1_Haemophilus_influenzae_genome_assembly_NCTC8143__chromosome___1 NODE_10_length_70088_cov_157.618210
		Skipping redundant alignment 1145534 1145675 | 70073 70214 | 142 142 | 97.89 | NZ_LN831035.1_Haemophilus_influenzae_genome_assembly_NCTC8143__chromosome___1 NODE_10_length_70088_cov_157.618210
		Skipping redundant alignment 431516 431647 | 70083 70214 | 132 132 | 99.24 | NZ_LN831035.1_Haemophilus_influenzae_genome_assembly_NCTC8143__chromosome___1 NODE_10_length_70088_cov_157.618210
		This contig is misassembled. 8 total aligns.
			Real Alignment 1: 1022660 1027849 | 5190 1 | 5190 5190 | 99.63 | NZ_LN831035.1_Haemophilus_influenzae_genome_assembly_NCTC8143__chromosome___1 NODE_10_length_70088_cov_157.618210
			  Overlap between these two alignments (local misassembly). Inconsistency = -884 
			Real Alignment 2: 1016379 1022768 | 12365 5966 | 6390 6400 | 99.72 | NZ_LN831035.1_Haemophilus_influenzae_genome_assembly_NCTC8143__chromosome___1 NODE_10_length_70088_cov_157.618210
			  Extensive misassembly ( relocation, inconsistency = 648271 ) between these two alignments
			Real Alignment 3: 323198 368107 | 57279 12366 | 44910 44914 | 97.79 | NZ_LN831035.1_Haemophilus_influenzae_genome_assembly_NCTC8143__chromosome___1 NODE_10_length_70088_cov_157.618210
			  Gap between these two alignments (local misassembly). Inconsistency = 860 
			Real Alignment 4: 309402 319231 | 70214 60386 | 9830 9829 | 99.78 | NZ_LN831035.1_Haemophilus_influenzae_genome_assembly_NCTC8143__chromosome___1 NODE_10_length_70088_cov_157.618210

CONTIG: NODE_11_length_27693_cov_160.142822 (27819bp)
Top Length: 27819  Top ID: 99.97
		Marking as insignificant: 962777 962856 | 15863 15784 | 80 80 | 100.0 | NZ_LN831035.1_Haemophilus_influenzae_genome_assembly_NCTC8143__chromosome___1 NODE_11_length_27693_cov_160.142822
		Marking as insignificant: 943279 943359 | 27519 27439 | 81 81 | 100.0 | NZ_LN831035.1_Haemophilus_influenzae_genome_assembly_NCTC8143__chromosome___1 NODE_11_length_27693_cov_160.142822
		Marking as insignificant: 943175 943259 | 27523 27439 | 85 85 | 100.0 | NZ_LN831035.1_Haemophilus_influenzae_genome_assembly_NCTC8143__chromosome___1 NODE_11_length_27693_cov_160.142822
		Marking as insignificant: 968398 968523 | 27819 27694 | 126 126 | 96.83 | NZ_LN831035.1_Haemophilus_influenzae_genome_assembly_NCTC8143__chromosome___1 NODE_11_length_27693_cov_160.142822
		Marking as insignificant: 269964 270089 | 27694 27819 | 126 126 | 97.62 | NZ_LN831035.1_Haemophilus_influenzae_genome_assembly_NCTC8143__chromosome___1 NODE_11_length_27693_cov_160.142822
		Marking as insignificant: 437160 437285 | 27819 27694 | 126 126 | 98.41 | NZ_LN831035.1_Haemophilus_influenzae_genome_assembly_NCTC8143__chromosome___1 NODE_11_length_27693_cov_160.142822
		Marking as insignificant: 1151423 1151548 | 27819 27694 | 126 126 | 99.21 | NZ_LN831035.1_Haemophilus_influenzae_genome_assembly_NCTC8143__chromosome___1 NODE_11_length_27693_cov_160.142822
		Marking as insignificant: 851705 851830 | 27819 27694 | 126 126 | 99.21 | NZ_LN831035.1_Haemophilus_influenzae_genome_assembly_NCTC8143__chromosome___1 NODE_11_length_27693_cov_160.142822
		Marking as insignificant: 431516 431648 | 134 1 | 133 134 | 98.51 | NZ_LN831035.1_Haemophilus_influenzae_genome_assembly_NCTC8143__chromosome___1 NODE_11_length_27693_cov_160.142822
		Marking as insignificant: 1145534 1145676 | 144 1 | 143 144 | 97.22 | NZ_LN831035.1_Haemophilus_influenzae_genome_assembly_NCTC8143__chromosome___1 NODE_11_length_27693_cov_160.142822
		Marking as insignificant: 846038 846194 | 158 1 | 157 158 | 97.47 | NZ_LN831035.1_Haemophilus_influenzae_genome_assembly_NCTC8143__chromosome___1 NODE_11_length_27693_cov_160.142822
		Marking as insignificant: 309401 309557 | 1 158 | 157 158 | 99.37 | NZ_LN831035.1_Haemophilus_influenzae_genome_assembly_NCTC8143__chromosome___1 NODE_11_length_27693_cov_160.142822
		One align captures most of this contig: 275836 303654 | 1 27819 | 27819 27819 | 99.97 | NZ_LN831035.1_Haemophilus_influenzae_genome_assembly_NCTC8143__chromosome___1 NODE_11_length_27693_cov_160.142822

CONTIG: NODE_12_length_76973_cov_147.809525 (77099bp)
Top Length: 34714  Top ID: 99.78
		Skipping redundant alignment 1031583 1031802 | 1929 2148 | 220 220 | 95.91 | NZ_LN831035.1_Haemophilus_influenzae_genome_assembly_NCTC8143__chromosome___1 NODE_12_length_76973_cov_147.809525
		Skipping redundant alignment 1032753 1033264 | 2149 2660 | 512 512 | 95.12 | NZ_LN831035.1_Haemophilus_influenzae_genome_assembly_NCTC8143__chromosome___1 NODE_12_length_76973_cov_147.809525
		Skipping redundant alignment 131948 132043 | 29430 29335 | 96 96 | 100.0 | NZ_LN831035.1_Haemophilus_influenzae_genome_assembly_NCTC8143__chromosome___1 NODE_12_length_76973_cov_147.809525
		Skipping redundant alignment 473325 473420 | 29430 29335 | 96 96 | 100.0 | NZ_LN831035.1_Haemophilus_influenzae_genome_assembly_NCTC8143__chromosome___1 NODE_12_length_76973_cov_147.809525
		Skipping redundant alignment 713227 713322 | 29430 29335 | 96 96 | 100.0 | NZ_LN831035.1_Haemophilus_influenzae_genome_assembly_NCTC8143__chromosome___1 NODE_12_length_76973_cov_147.809525
		Skipping redundant alignment 473299 473391 | 29428 29336 | 93 93 | 100.0 | NZ_LN831035.1_Haemophilus_influenzae_genome_assembly_NCTC8143__chromosome___1 NODE_12_length_76973_cov_147.809525
		Skipping redundant alignment 713218 713309 | 29427 29336 | 92 92 | 100.0 | NZ_LN831035.1_Haemophilus_influenzae_genome_assembly_NCTC8143__chromosome___1 NODE_12_length_76973_cov_147.809525
		Skipping redundant alignment 131932 132022 | 29426 29336 | 91 91 | 100.0 | NZ_LN831035.1_Haemophilus_influenzae_genome_assembly_NCTC8143__chromosome___1 NODE_12_length_76973_cov_147.809525
		Skipping redundant alignment 1374536 1374976 | 43321 43757 | 441 437 | 97.05 | NZ_LN831035.1_Haemophilus_influenzae_genome_assembly_NCTC8143__chromosome___1 NODE_12_length_76973_cov_147.809525
		Skipping redundant alignment 1375402 1375991 | 43759 44348 | 590 590 | 97.63 | NZ_LN831035.1_Haemophilus_influenzae_genome_assembly_NCTC8143__chromosome___1 NODE_12_length_76973_cov_147.809525
		This contig is misassembled. 15 total aligns.
			Real Alignment 1: 691242 691367 | 1 126 | 126 126 | 100.0 | NZ_LN831035.1_Haemophilus_influenzae_genome_assembly_NCTC8143__chromosome___1 NODE_12_length_76973_cov_147.809525
			  Extensive misassembly ( relocation, inconsistency = 903333 ) between these two alignments
			Real Alignment 2: 1594809 1599270 | 4693 235 | 4462 4459 | 99.87 | NZ_LN831035.1_Haemophilus_influenzae_genome_assembly_NCTC8143__chromosome___1 NODE_12_length_76973_cov_147.809525
			  Gap between these two alignments (local misassembly). Inconsistency = 108 
			Excluding internal overlap of size 20053 between Alignment 3 and 4:  1555026 1580037 | 44348 19357 | 25012 24992 --> 1555026 1559984 | 44348 39410 | 4959 4939
			Real Alignment 3: 1559965 1594698 | 39409 4696 | 34734 34714 | 99.78 | NZ_LN831035.1_Haemophilus_influenzae_genome_assembly_NCTC8143__chromosome___1 NODE_12_length_76973_cov_147.809525
			  Fake misassembly between these two alignments: inconsistency = -20 , gap in the contig is small or absent or filled mostly with Ns (long indel: insertion of length 20; 0 mismatches)
			Real Alignment 4: 1555026 1559984 | 44348 39410 | 4959 4939 | 99.92 | NZ_LN831035.1_Haemophilus_influenzae_genome_assembly_NCTC8143__chromosome___1 NODE_12_length_76973_cov_147.809525
			  Extensive misassembly ( relocation, inconsistency = -244739 ) between these two alignments
			Real Alignment 5: 1346430 1347566 | 75533 76669 | 1137 1137 | 95.07 | NZ_LN831035.1_Haemophilus_influenzae_genome_assembly_NCTC8143__chromosome___1 NODE_12_length_76973_cov_147.809525

CONTIG: NODE_13_length_61744_cov_120.733742 (61870bp)
Top Length: 54395  Top ID: 99.94
		Skipping redundant alignment 1634636 1634761 | 1 126 | 126 126 | 97.62 | NZ_LN831035.1_Haemophilus_influenzae_genome_assembly_NCTC8143__chromosome___1 NODE_13_length_61744_cov_120.733742
		Skipping redundant alignment 951608 951685 | 40032 39955 | 78 78 | 100.0 | NZ_LN831035.1_Haemophilus_influenzae_genome_assembly_NCTC8143__chromosome___1 NODE_13_length_61744_cov_120.733742
		Skipping redundant alignment 1009315 1009392 | 40032 39955 | 78 78 | 100.0 | NZ_LN831035.1_Haemophilus_influenzae_genome_assembly_NCTC8143__chromosome___1 NODE_13_length_61744_cov_120.733742
		This contig is misassembled. 5 total aligns.
			Excluding internal overlap of size 218 between Alignment 1 and 2:  1205843 1213532 | 7690 1 | 7690 7690 --> 1206061 1213532 | 7472 1 | 7472 7472
			Real Alignment 1: 1206061 1213532 | 7472 1 | 7472 7472 | 99.35 | NZ_LN831035.1_Haemophilus_influenzae_genome_assembly_NCTC8143__chromosome___1 NODE_13_length_61744_cov_120.733742
			  Gap between these two alignments (local misassembly). Inconsistency = 336 
			Real Alignment 2: 1151315 1205724 | 61867 7473 | 54410 54395 | 99.94 | NZ_LN831035.1_Haemophilus_influenzae_genome_assembly_NCTC8143__chromosome___1 NODE_13_length_61744_cov_120.733742

CONTIG: NODE_14_length_6974_cov_267.165039 (7100bp)
Top Length: 7100  Top ID: 98.27
		Marking as insignificant: 1048423 1049305 | 6218 7100 | 883 883 | 95.24 | NZ_LN831035.1_Haemophilus_influenzae_genome_assembly_NCTC8143__chromosome___1 NODE_14_length_6974_cov_267.165039
		One align captures most of this contig: 682402 689501 | 1 7100 | 7100 7100 | 98.27 | NZ_LN831035.1_Haemophilus_influenzae_genome_assembly_NCTC8143__chromosome___1 NODE_14_length_6974_cov_267.165039

CONTIG: NODE_15_length_164826_cov_120.856506 (164952bp)
Top Length: 39817  Top ID: 99.04
		Skipping redundant alignment 309382 309589 | 1 208 | 208 208 | 98.56 | NZ_LN831035.1_Haemophilus_influenzae_genome_assembly_NCTC8143__chromosome___1 NODE_15_length_164826_cov_120.856506
		Skipping redundant alignment 275817 275993 | 1 176 | 177 176 | 97.74 | NZ_LN831035.1_Haemophilus_influenzae_genome_assembly_NCTC8143__chromosome___1 NODE_15_length_164826_cov_120.856506
		Skipping redundant alignment 1145534 1145695 | 162 1 | 162 162 | 98.15 | NZ_LN831035.1_Haemophilus_influenzae_genome_assembly_NCTC8143__chromosome___1 NODE_15_length_164826_cov_120.856506
		Skipping redundant alignment 431516 431667 | 152 1 | 152 152 | 99.34 | NZ_LN831035.1_Haemophilus_influenzae_genome_assembly_NCTC8143__chromosome___1 NODE_15_length_164826_cov_120.856506
		Skipping redundant alignment 1453780 1453846 | 52287 52221 | 67 67 | 100.0 | NZ_LN831035.1_Haemophilus_influenzae_genome_assembly_NCTC8143__chromosome___1 NODE_15_length_164826_cov_120.856506
		Skipping redundant alignment 1453780 1453846 | 52299 52233 | 67 67 | 100.0 | NZ_LN831035.1_Haemophilus_influenzae_genome_assembly_NCTC8143__chromosome___1 NODE_15_length_164826_cov_120.856506
		Skipping redundant alignment 1453771 1453846 | 52313 52237 | 76 77 | 96.1 | NZ_LN831035.1_Haemophilus_influenzae_genome_assembly_NCTC8143__chromosome___1 NODE_15_length_164826_cov_120.856506
		Skipping redundant alignment 765868 766422 | 90420 89854 | 555 567 | 96.12 | NZ_LN831035.1_Haemophilus_influenzae_genome_assembly_NCTC8143__chromosome___1 NODE_15_length_164826_cov_120.856506
		Skipping redundant alignment 766429 766982 | 90420 89854 | 554 567 | 95.77 | NZ_LN831035.1_Haemophilus_influenzae_genome_assembly_NCTC8143__chromosome___1 NODE_15_length_164826_cov_120.856506
		Skipping redundant alignment 1090529 1090627 | 117587 117685 | 99 99 | 100.0 | NZ_LN831035.1_Haemophilus_influenzae_genome_assembly_NCTC8143__chromosome___1 NODE_15_length_164826_cov_120.856506
		Skipping redundant alignment 131932 132914 | 142469 141482 | 983 988 | 95.25 | NZ_LN831035.1_Haemophilus_influenzae_genome_assembly_NCTC8143__chromosome___1 NODE_15_length_164826_cov_120.856506
		Skipping redundant alignment 473299 473420 | 142479 142358 | 122 122 | 100.0 | NZ_LN831035.1_Haemophilus_influenzae_genome_assembly_NCTC8143__chromosome___1 NODE_15_length_164826_cov_120.856506
		Skipping redundant alignment 1569944 1570059 | 142473 142358 | 116 116 | 100.0 | NZ_LN831035.1_Haemophilus_influenzae_genome_assembly_NCTC8143__chromosome___1 NODE_15_length_164826_cov_120.856506
		Skipping redundant alignment 473300 473419 | 142486 142367 | 120 120 | 100.0 | NZ_LN831035.1_Haemophilus_influenzae_genome_assembly_NCTC8143__chromosome___1 NODE_15_length_164826_cov_120.856506
		Skipping redundant alignment 1569947 1570058 | 142486 142375 | 112 112 | 100.0 | NZ_LN831035.1_Haemophilus_influenzae_genome_assembly_NCTC8143__chromosome___1 NODE_15_length_164826_cov_120.856506
		This contig is misassembled. 22 total aligns.
			Real Alignment 1: 806367 846213 | 39817 1 | 39847 39817 | 99.04 | NZ_LN831035.1_Haemophilus_influenzae_genome_assembly_NCTC8143__chromosome___1 NODE_15_length_164826_cov_120.856506
			  Extensive misassembly ( relocation, inconsistency = -11230 ) between these two alignments
			Excluding internal overlap of size 99 between Alignment 2 and 3:  805128 806380 | 52302 51034 | 1253 1269 --> 805227 806380 | 52203 51034 | 1154 1170
			Real Alignment 2: 805227 806380 | 52203 51034 | 1154 1170 | 97.95 | NZ_LN831035.1_Haemophilus_influenzae_genome_assembly_NCTC8143__chromosome___1 NODE_15_length_164826_cov_120.856506
			  Fake misassembly between these two alignments: inconsistency = 56 , gap in the contig is small or absent or filled mostly with Ns (long indel: deletion of length 56; 0 mismatches)
			Real Alignment 3: 785599 805170 | 71794 52204 | 19572 19591 | 97.62 | NZ_LN831035.1_Haemophilus_influenzae_genome_assembly_NCTC8143__chromosome___1 NODE_15_length_164826_cov_120.856506
			  Fake misassembly between these two alignments: inconsistency = -6 , gap in the contig is small or absent or filled mostly with Ns (long indel: insertion of length 6; 0 mismatches)
			Excluding internal overlap of size 567 between Alignment 4 and 5:  766989 785471 | 90420 71928 | 18483 18493 --> 767556 785471 | 89853 71928 | 17916 17926
			Real Alignment 4: 767556 785471 | 89853 71928 | 17916 17926 | 97.29 | NZ_LN831035.1_Haemophilus_influenzae_genome_assembly_NCTC8143__chromosome___1 NODE_15_length_164826_cov_120.856506
			  Extensive misassembly ( relocation, inconsistency = 1694 ) between these two alignments
			Excluding internal overlap of size 65 between Alignment 5 and 6:  705994 735114 | 149703 120566 | 29121 29138 --> 705994 735049 | 149703 120631 | 29056 29073
			Real Alignment 5: 735098 765861 | 120630 89854 | 30764 30777 | 99.61 | NZ_LN831035.1_Haemophilus_influenzae_genome_assembly_NCTC8143__chromosome___1 NODE_15_length_164826_cov_120.856506
			  Fake misassembly between these two alignments: inconsistency = 48 , gap in the contig is small or absent or filled mostly with Ns (long indel: deletion of length 48; 0 mismatches)
			Real Alignment 6: 705994 735049 | 149703 120631 | 29056 29073 | 98.5 | NZ_LN831035.1_Haemophilus_influenzae_genome_assembly_NCTC8143__chromosome___1 NODE_15_length_164826_cov_120.856506
			  Overlap between these two alignments (local misassembly). Inconsistency = -497 
			Real Alignment 7: 691242 705869 | 164952 150325 | 14628 14628 | 99.79 | NZ_LN831035.1_Haemophilus_influenzae_genome_assembly_NCTC8143__chromosome___1 NODE_15_length_164826_cov_120.856506

CONTIG: NODE_16_length_1623_cov_754.963623 (1749bp)
Top Length: 1749  Top ID: 99.2
		This contig has 6 significant alignments. [An ambiguously mapped contig]
		Using only first of these alignment (option --ambiguity-usage is set to "one"):
		Alignment: 848187 849937 | 1749 1 | 1751 1749 | 99.2 | NZ_LN831035.1_Haemophilus_influenzae_genome_assembly_NCTC8143__chromosome___1 NODE_16_length_1623_cov_754.963623
		Skipping alignment  964880 966630 | 1749 1 | 1751 1749 | 99.2 | NZ_LN831035.1_Haemophilus_influenzae_genome_assembly_NCTC8143__chromosome___1 NODE_16_length_1623_cov_754.963623
		Skipping alignment  271855 273606 | 1 1749 | 1752 1749 | 98.75 | NZ_LN831035.1_Haemophilus_influenzae_genome_assembly_NCTC8143__chromosome___1 NODE_16_length_1623_cov_754.963623
		Skipping alignment  305420 307171 | 1 1749 | 1752 1749 | 98.75 | NZ_LN831035.1_Haemophilus_influenzae_genome_assembly_NCTC8143__chromosome___1 NODE_16_length_1623_cov_754.963623
		Skipping alignment  433641 435392 | 1749 1 | 1752 1749 | 98.75 | NZ_LN831035.1_Haemophilus_influenzae_genome_assembly_NCTC8143__chromosome___1 NODE_16_length_1623_cov_754.963623
		Skipping alignment  1147906 1149657 | 1749 1 | 1752 1749 | 98.75 | NZ_LN831035.1_Haemophilus_influenzae_genome_assembly_NCTC8143__chromosome___1 NODE_16_length_1623_cov_754.963623

CONTIG: NODE_17_length_678_cov_443.811218 (804bp)
Top Length: 804  Top ID: 95.66
		Marking as insignificant: 964447 964624 | 804 627 | 178 178 | 99.44 | NZ_LN831035.1_Haemophilus_influenzae_genome_assembly_NCTC8143__chromosome___1 NODE_17_length_678_cov_443.811218
		Marking as insignificant: 847754 847931 | 804 627 | 178 178 | 99.44 | NZ_LN831035.1_Haemophilus_influenzae_genome_assembly_NCTC8143__chromosome___1 NODE_17_length_678_cov_443.811218
		Marking as insignificant: 433208 433385 | 804 627 | 178 178 | 99.44 | NZ_LN831035.1_Haemophilus_influenzae_genome_assembly_NCTC8143__chromosome___1 NODE_17_length_678_cov_443.811218
		Marking as insignificant: 964806 965005 | 200 1 | 200 200 | 99.0 | NZ_LN831035.1_Haemophilus_influenzae_genome_assembly_NCTC8143__chromosome___1 NODE_17_length_678_cov_443.811218
		Marking as insignificant: 848113 848312 | 200 1 | 200 200 | 99.0 | NZ_LN831035.1_Haemophilus_influenzae_genome_assembly_NCTC8143__chromosome___1 NODE_17_length_678_cov_443.811218
		This contig has 3 significant alignments. [An ambiguously mapped contig]
		Using only first of these alignment (option --ambiguity-usage is set to "one"):
		Alignment: 273480 274278 | 1 804 | 799 804 | 95.66 | NZ_LN831035.1_Haemophilus_influenzae_genome_assembly_NCTC8143__chromosome___1 NODE_17_length_678_cov_443.811218
		Skipping alignment  307045 307843 | 1 804 | 799 804 | 95.66 | NZ_LN831035.1_Haemophilus_influenzae_genome_assembly_NCTC8143__chromosome___1 NODE_17_length_678_cov_443.811218
		Skipping alignment  1147234 1148032 | 804 1 | 799 804 | 95.66 | NZ_LN831035.1_Haemophilus_influenzae_genome_assembly_NCTC8143__chromosome___1 NODE_17_length_678_cov_443.811218

CONTIG: NODE_18_length_8645_cov_125.807518 (8771bp)
Top Length: 2449  Top ID: 98.53
		This contig is misassembled. 2 total aligns.
			Warning! This contig is more unaligned than misassembled. Contig length is 8771 and total length of all aligns is 2582
		Alignment: 682395 682527 | 133 1 | 133 133 | 99.25 | NZ_LN831035.1_Haemophilus_influenzae_genome_assembly_NCTC8143__chromosome___1 NODE_18_length_8645_cov_125.807518
		Alignment: 668753 671201 | 8771 6323 | 2449 2449 | 98.53 | NZ_LN831035.1_Haemophilus_influenzae_genome_assembly_NCTC8143__chromosome___1 NODE_18_length_8645_cov_125.807518
		Unaligned bases: 6189
		This contig has both significant aligned and unaligned parts (of length >= min-contig)!
CONTIG: NODE_19_length_4174_cov_148.450882 (4300bp)
Top Length: 4300  Top ID: 99.31
		One align captures most of this contig: 655780 660107 | 4300 1 | 4328 4300 | 99.31 | NZ_LN831035.1_Haemophilus_influenzae_genome_assembly_NCTC8143__chromosome___1 NODE_19_length_4174_cov_148.450882

CONTIG: NODE_20_length_79421_cov_141.900635 (79547bp)
Top Length: 79174  Top ID: 99.45
		One align captures most of this contig: 1475855 1555030 | 79547 374 | 79176 79174 | 99.45 | NZ_LN831035.1_Haemophilus_influenzae_genome_assembly_NCTC8143__chromosome___1 NODE_20_length_79421_cov_141.900635

CONTIG: NODE_21_length_3971_cov_270.450012 (4097bp)
Top Length: 4097  Top ID: 99.95
		Marking as insignificant: 649261 649460 | 1 200 | 200 200 | 96.5 | NZ_LN831035.1_Haemophilus_influenzae_genome_assembly_NCTC8143__chromosome___1 NODE_21_length_3971_cov_270.450012
		One align captures most of this contig: 649423 653518 | 1 4097 | 4096 4097 | 99.95 | NZ_LN831035.1_Haemophilus_influenzae_genome_assembly_NCTC8143__chromosome___1 NODE_21_length_3971_cov_270.450012

CONTIG: NODE_22_length_1236_cov_123.345467 (1362bp)
Top Length: 843  Top ID: 95.49
		This contig is misassembled. 2 total aligns.
			Real Alignment 1: 666720 666884 | 1 168 | 165 168 | 97.62 | NZ_LN831035.1_Haemophilus_influenzae_genome_assembly_NCTC8143__chromosome___1 NODE_22_length_1236_cov_123.345467
			  Gap between these two alignments (local misassembly). Inconsistency = 20 
			Real Alignment 2: 667256 668098 | 520 1362 | 843 843 | 95.49 | NZ_LN831035.1_Haemophilus_influenzae_genome_assembly_NCTC8143__chromosome___1 NODE_22_length_1236_cov_123.345467

CONTIG: NODE_23_length_2046_cov_141.985825 (2172bp)
Top Length: 2172  Top ID: 99.91
		One align captures most of this contig: 660888 663059 | 1 2172 | 2172 2172 | 99.91 | NZ_LN831035.1_Haemophilus_influenzae_genome_assembly_NCTC8143__chromosome___1 NODE_23_length_2046_cov_141.985825

CONTIG: NODE_24_length_1136_cov_317.318665 (1262bp)
Top Length: 1262  Top ID: 100.0
		This contig has 2 significant alignments. [An ambiguously mapped contig]
		Using only first of these alignment (option --ambiguity-usage is set to "one"):
		Alignment: 406088 407349 | 1 1262 | 1262 1262 | 100.0 | NZ_LN831035.1_Haemophilus_influenzae_genome_assembly_NCTC8143__chromosome___1 NODE_24_length_1136_cov_317.318665
		Skipping alignment  447466 448727 | 1262 1 | 1262 1262 | 100.0 | NZ_LN831035.1_Haemophilus_influenzae_genome_assembly_NCTC8143__chromosome___1 NODE_24_length_1136_cov_317.318665

CONTIG: NODE_25_length_5391_cov_251.194031 (5517bp)
		This contig is unaligned. (5517 bp)
		Unaligned bases: 5517  total: 5517

CONTIG: NODE_26_length_1133_cov_637.275391 (1259bp)
Top Length: 1259  Top ID: 98.41
		This contig has 6 significant alignments. [An ambiguously mapped contig]
		Using only first of these alignment (option --ambiguity-usage is set to "one"):
		Alignment: 270595 271853 | 1259 1 | 1259 1259 | 98.41 | NZ_LN831035.1_Haemophilus_influenzae_genome_assembly_NCTC8143__chromosome___1 NODE_26_length_1133_cov_637.275391
		Skipping alignment  304160 305418 | 1259 1 | 1259 1259 | 98.41 | NZ_LN831035.1_Haemophilus_influenzae_genome_assembly_NCTC8143__chromosome___1 NODE_26_length_1133_cov_637.275391
		Skipping alignment  435394 436652 | 1 1259 | 1259 1259 | 98.41 | NZ_LN831035.1_Haemophilus_influenzae_genome_assembly_NCTC8143__chromosome___1 NODE_26_length_1133_cov_637.275391
		Skipping alignment  849939 851197 | 1 1259 | 1259 1259 | 98.41 | NZ_LN831035.1_Haemophilus_influenzae_genome_assembly_NCTC8143__chromosome___1 NODE_26_length_1133_cov_637.275391
		Skipping alignment  966632 967890 | 1 1259 | 1259 1259 | 98.41 | NZ_LN831035.1_Haemophilus_influenzae_genome_assembly_NCTC8143__chromosome___1 NODE_26_length_1133_cov_637.275391
		Skipping alignment  1149659 1150917 | 1 1259 | 1259 1259 | 98.41 | NZ_LN831035.1_Haemophilus_influenzae_genome_assembly_NCTC8143__chromosome___1 NODE_26_length_1133_cov_637.275391

CONTIG: NODE_27_length_520_cov_653.528870 (646bp)
Top Length: 646  Top ID: 96.99
		Marking as insignificant: 967765 968366 | 646 45 | 602 602 | 99.67 | NZ_LN831035.1_Haemophilus_influenzae_genome_assembly_NCTC8143__chromosome___1 NODE_27_length_520_cov_653.528870
		This contig has 5 significant alignments. [An ambiguously mapped contig]
		Using only first of these alignment (option --ambiguity-usage is set to "one"):
		Alignment: 436527 437190 | 646 1 | 664 646 | 96.99 | NZ_LN831035.1_Haemophilus_influenzae_genome_assembly_NCTC8143__chromosome___1 NODE_27_length_520_cov_653.528870
		Skipping alignment  270059 270720 | 1 646 | 662 646 | 96.98 | NZ_LN831035.1_Haemophilus_influenzae_genome_assembly_NCTC8143__chromosome___1 NODE_27_length_520_cov_653.528870
		Skipping alignment  303624 304285 | 1 646 | 662 646 | 96.98 | NZ_LN831035.1_Haemophilus_influenzae_genome_assembly_NCTC8143__chromosome___1 NODE_27_length_520_cov_653.528870
		Skipping alignment  1150792 1151453 | 646 1 | 662 646 | 96.98 | NZ_LN831035.1_Haemophilus_influenzae_genome_assembly_NCTC8143__chromosome___1 NODE_27_length_520_cov_653.528870
		Skipping alignment  851072 851735 | 646 1 | 664 646 | 96.23 | NZ_LN831035.1_Haemophilus_influenzae_genome_assembly_NCTC8143__chromosome___1 NODE_27_length_520_cov_653.528870

CONTIG: NODE_28_length_25356_cov_157.250427 (25482bp)
Top Length: 8709  Top ID: 98.89
		Skipping redundant alignment 1145536 1145840 | 309 1 | 305 309 | 98.38 | NZ_LN831035.1_Haemophilus_influenzae_genome_assembly_NCTC8143__chromosome___1 NODE_28_length_25356_cov_157.250427
		Skipping redundant alignment 846062 846360 | 299 1 | 299 299 | 99.67 | NZ_LN831035.1_Haemophilus_influenzae_genome_assembly_NCTC8143__chromosome___1 NODE_28_length_25356_cov_157.250427
		Skipping redundant alignment 309237 309533 | 1 299 | 297 299 | 98.66 | NZ_LN831035.1_Haemophilus_influenzae_genome_assembly_NCTC8143__chromosome___1 NODE_28_length_25356_cov_157.250427
		Skipping redundant alignment 275672 275969 | 1 299 | 298 299 | 98.33 | NZ_LN831035.1_Haemophilus_influenzae_genome_assembly_NCTC8143__chromosome___1 NODE_28_length_25356_cov_157.250427
		Skipping redundant alignment 962859 963053 | 195 1 | 195 195 | 98.47 | NZ_LN831035.1_Haemophilus_influenzae_genome_assembly_NCTC8143__chromosome___1 NODE_28_length_25356_cov_157.250427
		Skipping redundant alignment 373975 374446 | 8234 8713 | 472 480 | 95.04 | NZ_LN831035.1_Haemophilus_influenzae_genome_assembly_NCTC8143__chromosome___1 NODE_28_length_25356_cov_157.250427
		Skipping redundant alignment 1439710 1439793 | 8622 8705 | 84 84 | 98.81 | NZ_LN831035.1_Haemophilus_influenzae_genome_assembly_NCTC8143__chromosome___1 NODE_28_length_25356_cov_157.250427
		Skipping redundant alignment 319212 319299 | 8626 8713 | 88 88 | 100.0 | NZ_LN831035.1_Haemophilus_influenzae_genome_assembly_NCTC8143__chromosome___1 NODE_28_length_25356_cov_157.250427
		Skipping redundant alignment 319240 319327 | 8626 8713 | 88 88 | 100.0 | NZ_LN831035.1_Haemophilus_influenzae_genome_assembly_NCTC8143__chromosome___1 NODE_28_length_25356_cov_157.250427
		Skipping redundant alignment 374391 374478 | 8626 8713 | 88 88 | 100.0 | NZ_LN831035.1_Haemophilus_influenzae_genome_assembly_NCTC8143__chromosome___1 NODE_28_length_25356_cov_157.250427
		Skipping redundant alignment 1439712 1439793 | 8628 8709 | 82 82 | 100.0 | NZ_LN831035.1_Haemophilus_influenzae_genome_assembly_NCTC8143__chromosome___1 NODE_28_length_25356_cov_157.250427
		Skipping redundant alignment 1439712 1439793 | 8632 8713 | 82 82 | 100.0 | NZ_LN831035.1_Haemophilus_influenzae_genome_assembly_NCTC8143__chromosome___1 NODE_28_length_25356_cov_157.250427
		Skipping redundant alignment 447466 447591 | 25357 25482 | 126 126 | 100.0 | NZ_LN831035.1_Haemophilus_influenzae_genome_assembly_NCTC8143__chromosome___1 NODE_28_length_25356_cov_157.250427
		This contig is misassembled. 16 total aligns.
			Real Alignment 1: 423087 431814 | 8709 1 | 8728 8709 | 98.89 | NZ_LN831035.1_Haemophilus_influenzae_genome_assembly_NCTC8143__chromosome___1 NODE_28_length_25356_cov_157.250427
			  Overlap between these two alignments (local misassembly). Inconsistency = -48 
			Real Alignment 2: 413426 420209 | 18413 11635 | 6784 6779 | 96.01 | NZ_LN831035.1_Haemophilus_influenzae_genome_assembly_NCTC8143__chromosome___1 NODE_28_length_25356_cov_157.250427
			  Overlap between these two alignments (local misassembly). Inconsistency = -866 
			Real Alignment 3: 407224 413042 | 25482 19663 | 5819 5820 | 98.81 | NZ_LN831035.1_Haemophilus_influenzae_genome_assembly_NCTC8143__chromosome___1 NODE_28_length_25356_cov_157.250427

CONTIG: NODE_30_length_22329_cov_132.361191 (22455bp)
Top Length: 286  Top ID: 98.25
		This contig is partially unaligned. (Aligned 286 out of 22455 bases)
		Alignment: 1028453 1028738 | 1 286 | 286 286 | 98.25 | NZ_LN831035.1_Haemophilus_influenzae_genome_assembly_NCTC8143__chromosome___1 NODE_30_length_22329_cov_132.361191
		Unaligned bases: 287 to 22455 (22169)

CONTIG: NODE_31_length_433_cov_382.521942 (559bp)
Top Length: 559  Top ID: 100.0
		Marking as insignificant: 1147234 1147411 | 1 178 | 178 178 | 98.88 | NZ_LN831035.1_Haemophilus_influenzae_genome_assembly_NCTC8143__chromosome___1 NODE_31_length_433_cov_382.521942
		Marking as insignificant: 307666 307843 | 178 1 | 178 178 | 98.88 | NZ_LN831035.1_Haemophilus_influenzae_genome_assembly_NCTC8143__chromosome___1 NODE_31_length_433_cov_382.521942
		Marking as insignificant: 274101 274278 | 178 1 | 178 178 | 98.88 | NZ_LN831035.1_Haemophilus_influenzae_genome_assembly_NCTC8143__chromosome___1 NODE_31_length_433_cov_382.521942
		Marking as insignificant: 1147832 1148032 | 360 559 | 201 200 | 95.05 | NZ_LN831035.1_Haemophilus_influenzae_genome_assembly_NCTC8143__chromosome___1 NODE_31_length_433_cov_382.521942
		Marking as insignificant: 307045 307245 | 559 360 | 201 200 | 95.05 | NZ_LN831035.1_Haemophilus_influenzae_genome_assembly_NCTC8143__chromosome___1 NODE_31_length_433_cov_382.521942
		Marking as insignificant: 273480 273680 | 559 360 | 201 200 | 95.05 | NZ_LN831035.1_Haemophilus_influenzae_genome_assembly_NCTC8143__chromosome___1 NODE_31_length_433_cov_382.521942
		Marking as insignificant: 433208 433767 | 1 559 | 560 559 | 98.22 | NZ_LN831035.1_Haemophilus_influenzae_genome_assembly_NCTC8143__chromosome___1 NODE_31_length_433_cov_382.521942
		This contig has 2 significant alignments. [An ambiguously mapped contig]
		Using only first of these alignment (option --ambiguity-usage is set to "one"):
		Alignment: 847754 848312 | 1 559 | 559 559 | 100.0 | NZ_LN831035.1_Haemophilus_influenzae_genome_assembly_NCTC8143__chromosome___1 NODE_31_length_433_cov_382.521942
		Skipping alignment  964447 965005 | 1 559 | 559 559 | 100.0 | NZ_LN831035.1_Haemophilus_influenzae_genome_assembly_NCTC8143__chromosome___1 NODE_31_length_433_cov_382.521942

CONTIG: NODE_33_length_1214_cov_311.869843 (1340bp)
		This contig is unaligned. (1340 bp)
		Unaligned bases: 1340  total: 6857

CONTIG: NODE_35_length_62635_cov_154.319550 (62761bp)
Top Length: 28725  Top ID: 99.6
		Skipping redundant alignment 1597355 1597574 | 3350 3131 | 220 220 | 96.36 | NZ_LN831035.1_Haemophilus_influenzae_genome_assembly_NCTC8143__chromosome___1 NODE_35_length_62635_cov_154.319550
		Skipping redundant alignment 1439710 1439785 | 30687 30762 | 76 76 | 100.0 | NZ_LN831035.1_Haemophilus_influenzae_genome_assembly_NCTC8143__chromosome___1 NODE_35_length_62635_cov_154.319550
		Skipping redundant alignment 1439720 1439801 | 30689 30770 | 82 82 | 98.78 | NZ_LN831035.1_Haemophilus_influenzae_genome_assembly_NCTC8143__chromosome___1 NODE_35_length_62635_cov_154.319550
		Skipping redundant alignment 319214 319287 | 30689 30762 | 74 74 | 100.0 | NZ_LN831035.1_Haemophilus_influenzae_genome_assembly_NCTC8143__chromosome___1 NODE_35_length_62635_cov_154.319550
		Skipping redundant alignment 319212 319283 | 30691 30762 | 72 72 | 100.0 | NZ_LN831035.1_Haemophilus_influenzae_genome_assembly_NCTC8143__chromosome___1 NODE_35_length_62635_cov_154.319550
			Skipping redundant alignments after choosing the best set of alignments
		Skipping redundant alignment 368103 374430 | 24443 30762 | 6328 6320 | 99.21 | NZ_LN831035.1_Haemophilus_influenzae_genome_assembly_NCTC8143__chromosome___1 NODE_35_length_62635_cov_154.319550
		This contig is misassembled. 10 total aligns.
			Real Alignment 1: 1028453 1050269 | 1 21822 | 21817 21822 | 99.04 | NZ_LN831035.1_Haemophilus_influenzae_genome_assembly_NCTC8143__chromosome___1 NODE_35_length_62635_cov_154.319550
			  Fake misassembly between these two alignments: inconsistency = -48 , gap in the contig is small or absent or filled mostly with Ns (long indel: insertion of length 48; 0 mismatches)
			Excluding internal overlap of size 1 between Alignment 2 and 3:  1050431 1052841 | 22032 24443 | 2411 2412 --> 1050431 1052840 | 22032 24442 | 2410 2411
			Real Alignment 2: 1050431 1052840 | 22032 24442 | 2410 2411 | 98.96 | NZ_LN831035.1_Haemophilus_influenzae_genome_assembly_NCTC8143__chromosome___1 NODE_35_length_62635_cov_154.319550
			  Extensive misassembly ( relocation, inconsistency = -684738 ) between these two alignments
			Real Alignment 3: 368103 374434 | 24443 30762 | 6332 6320 | 99.15 | NZ_LN831035.1_Haemophilus_influenzae_genome_assembly_NCTC8143__chromosome___1 NODE_35_length_62635_cov_154.319550
			  Overlap between these two alignments (local misassembly). Inconsistency = -242 
			Real Alignment 4: 377467 406213 | 34037 62761 | 28747 28725 | 99.6 | NZ_LN831035.1_Haemophilus_influenzae_genome_assembly_NCTC8143__chromosome___1 NODE_35_length_62635_cov_154.319550

CONTIG: NODE_37_length_790_cov_684.572144 (916bp)
Top Length: 916  Top ID: 100.0
		This contig has 6 significant alignments. [An ambiguously mapped contig]
		Using only first of these alignment (option --ambiguity-usage is set to "one"):
		Alignment: 963657 964572 | 1 916 | 916 916 | 100.0 | NZ_LN831035.1_Haemophilus_influenzae_genome_assembly_NCTC8143__chromosome___1 NODE_37_length_790_cov_684.572144
		Skipping alignment  432418 433333 | 1 916 | 916 916 | 99.89 | NZ_LN831035.1_Haemophilus_influenzae_genome_assembly_NCTC8143__chromosome___1 NODE_37_length_790_cov_684.572144
		Skipping alignment  846964 847879 | 1 916 | 916 916 | 99.89 | NZ_LN831035.1_Haemophilus_influenzae_genome_assembly_NCTC8143__chromosome___1 NODE_37_length_790_cov_684.572144
		Skipping alignment  274154 275068 | 915 1 | 915 915 | 99.89 | NZ_LN831035.1_Haemophilus_influenzae_genome_assembly_NCTC8143__chromosome___1 NODE_37_length_790_cov_684.572144
		Skipping alignment  307719 308633 | 915 1 | 915 915 | 99.89 | NZ_LN831035.1_Haemophilus_influenzae_genome_assembly_NCTC8143__chromosome___1 NODE_37_length_790_cov_684.572144
		Skipping alignment  1146444 1147358 | 1 915 | 915 915 | 99.89 | NZ_LN831035.1_Haemophilus_influenzae_genome_assembly_NCTC8143__chromosome___1 NODE_37_length_790_cov_684.572144

CONTIG: NODE_39_length_233014_cov_148.519196 (233140bp)
Top Length: 99264  Top ID: 99.33
		Skipping redundant alignment 851706 851900 | 1 195 | 195 195 | 97.44 | NZ_LN831035.1_Haemophilus_influenzae_genome_assembly_NCTC8143__chromosome___1 NODE_39_length_233014_cov_148.519196
		Skipping redundant alignment 437161 437294 | 1 134 | 134 134 | 97.76 | NZ_LN831035.1_Haemophilus_influenzae_genome_assembly_NCTC8143__chromosome___1 NODE_39_length_233014_cov_148.519196
		Skipping redundant alignment 1151424 1151556 | 1 133 | 133 133 | 99.25 | NZ_LN831035.1_Haemophilus_influenzae_genome_assembly_NCTC8143__chromosome___1 NODE_39_length_233014_cov_148.519196
		Skipping redundant alignment 968399 968531 | 1 133 | 133 133 | 96.99 | NZ_LN831035.1_Haemophilus_influenzae_genome_assembly_NCTC8143__chromosome___1 NODE_39_length_233014_cov_148.519196
		Skipping redundant alignment 303529 303653 | 125 1 | 125 125 | 97.6 | NZ_LN831035.1_Haemophilus_influenzae_genome_assembly_NCTC8143__chromosome___1 NODE_39_length_233014_cov_148.519196
		Skipping redundant alignment 567886 567957 | 38874 38803 | 72 72 | 100.0 | NZ_LN831035.1_Haemophilus_influenzae_genome_assembly_NCTC8143__chromosome___1 NODE_39_length_233014_cov_148.519196
		Skipping redundant alignment 567890 567961 | 38874 38803 | 72 72 | 100.0 | NZ_LN831035.1_Haemophilus_influenzae_genome_assembly_NCTC8143__chromosome___1 NODE_39_length_233014_cov_148.519196
		Skipping redundant alignment 567883 567953 | 38873 38803 | 71 71 | 100.0 | NZ_LN831035.1_Haemophilus_influenzae_genome_assembly_NCTC8143__chromosome___1 NODE_39_length_233014_cov_148.519196
		Skipping redundant alignment 870863 870932 | 113616 113547 | 70 70 | 100.0 | NZ_LN831035.1_Haemophilus_influenzae_genome_assembly_NCTC8143__chromosome___1 NODE_39_length_233014_cov_148.519196
		This contig is misassembled. 13 total aligns.
			Real Alignment 1: 231275 270088 | 38814 1 | 38814 38814 | 99.77 | NZ_LN831035.1_Haemophilus_influenzae_genome_assembly_NCTC8143__chromosome___1 NODE_39_length_233014_cov_148.519196
			  Overlap between these two alignments (local misassembly). Inconsistency = -141 
			Excluding internal overlap of size 47 between Alignment 2 and 3:  48676 131978 | 221515 138233 | 83303 83283 --> 48676 131931 | 221515 138280 | 83256 83236
			Real Alignment 2: 131996 231214 | 138279 39016 | 99219 99264 | 99.33 | NZ_LN831035.1_Haemophilus_influenzae_genome_assembly_NCTC8143__chromosome___1 NODE_39_length_233014_cov_148.519196
			  Fake misassembly between these two alignments: inconsistency = 64 , gap in the contig is small or absent or filled mostly with Ns (long indel: deletion of length 64; 0 mismatches)
			Real Alignment 3: 48676 131931 | 221515 138280 | 83256 83236 | 99.28 | NZ_LN831035.1_Haemophilus_influenzae_genome_assembly_NCTC8143__chromosome___1 NODE_39_length_233014_cov_148.519196
			  Extensive misassembly ( relocation, inconsistency = 883944 ) between these two alignments
			Real Alignment 4: 1023922 1024911 | 229562 230551 | 990 990 | 96.46 | NZ_LN831035.1_Haemophilus_influenzae_genome_assembly_NCTC8143__chromosome___1 NODE_39_length_233014_cov_148.519196

CONTIG: NODE_40_length_1253_cov_141.162811 (1379bp)
Top Length: 1379  Top ID: 100.0
		One align captures most of this contig: 666720 668098 | 1 1379 | 1379 1379 | 100.0 | NZ_LN831035.1_Haemophilus_influenzae_genome_assembly_NCTC8143__chromosome___1 NODE_40_length_1253_cov_141.162811

CONTIG: NODE_41_length_3788_cov_277.582367 (3914bp)
Top Length: 3914  Top ID: 99.64
		One align captures most of this contig: 662934 666845 | 1 3914 | 3912 3914 | 99.64 | NZ_LN831035.1_Haemophilus_influenzae_genome_assembly_NCTC8143__chromosome___1 NODE_41_length_3788_cov_277.582367

CONTIG: NODE_42_length_780_cov_246.939743 (906bp)
Top Length: 906  Top ID: 100.0
		One align captures most of this contig: 667973 668878 | 1 906 | 906 906 | 100.0 | NZ_LN831035.1_Haemophilus_influenzae_genome_assembly_NCTC8143__chromosome___1 NODE_42_length_780_cov_246.939743

CONTIG: NODE_43_length_729_cov_299.320984 (855bp)
Top Length: 855  Top ID: 95.09
		One align captures most of this contig: 1027724 1028578 | 855 1 | 855 855 | 95.09 | NZ_LN831035.1_Haemophilus_influenzae_genome_assembly_NCTC8143__chromosome___1 NODE_43_length_729_cov_299.320984

CONTIG: NODE_46_length_410_cov_254.624390 (536bp)
Top Length: 536  Top ID: 100.0
		One align captures most of this contig: 1470373 1470908 | 1 536 | 536 536 | 100.0 | NZ_LN831035.1_Haemophilus_influenzae_genome_assembly_NCTC8143__chromosome___1 NODE_46_length_410_cov_254.624390

CONTIG: NODE_47_length_906_cov_336.151215 (1032bp)
Top Length: 1032  Top ID: 100.0
		This contig has 2 significant alignments. [An ambiguously mapped contig]
		Using only first of these alignment (option --ambiguity-usage is set to "one"):
		Alignment: 659982 661013 | 1032 1 | 1032 1032 | 100.0 | NZ_LN831035.1_Haemophilus_influenzae_genome_assembly_NCTC8143__chromosome___1 NODE_47_length_906_cov_336.151215
		Skipping alignment  1469243 1470274 | 1 1032 | 1032 1032 | 100.0 | NZ_LN831035.1_Haemophilus_influenzae_genome_assembly_NCTC8143__chromosome___1 NODE_47_length_906_cov_336.151215

CONTIG: NODE_48_length_609_cov_328.308716 (735bp)
Top Length: 735  Top ID: 99.86
		Marking as insignificant: 1475246 1475980 | 735 1 | 735 735 | 95.52 | NZ_LN831035.1_Haemophilus_influenzae_genome_assembly_NCTC8143__chromosome___1 NODE_48_length_609_cov_328.308716
		One align captures most of this contig: 655171 655905 | 1 735 | 735 735 | 99.86 | NZ_LN831035.1_Haemophilus_influenzae_genome_assembly_NCTC8143__chromosome___1 NODE_48_length_609_cov_328.308716

CONTIG: NODE_49_length_417_cov_291.045563 (543bp)
Top Length: 543  Top ID: 96.5
		One align captures most of this contig: 1347011 1347553 | 1 543 | 543 543 | 96.5 | NZ_LN831035.1_Haemophilus_influenzae_genome_assembly_NCTC8143__chromosome___1 NODE_49_length_417_cov_291.045563

CONTIG: NODE_50_length_111947_cov_114.293762 (112073bp)
Top Length: 101189  Top ID: 99.17
		Skipping redundant alignment 156658 156727 | 19711 19780 | 70 70 | 100.0 | NZ_LN831035.1_Haemophilus_influenzae_genome_assembly_NCTC8143__chromosome___1 NODE_50_length_111947_cov_114.293762
		Skipping redundant alignment 303274 303358 | 92080 91996 | 85 85 | 100.0 | NZ_LN831035.1_Haemophilus_influenzae_genome_assembly_NCTC8143__chromosome___1 NODE_50_length_111947_cov_114.293762
		Skipping redundant alignment 303274 303354 | 92180 92100 | 81 81 | 100.0 | NZ_LN831035.1_Haemophilus_influenzae_genome_assembly_NCTC8143__chromosome___1 NODE_50_length_111947_cov_114.293762
		Skipping redundant alignment 1008947 1009209 | 100170 100431 | 263 262 | 95.83 | NZ_LN831035.1_Haemophilus_influenzae_genome_assembly_NCTC8143__chromosome___1 NODE_50_length_111947_cov_114.293762
		Skipping redundant alignment 641912 641990 | 100294 100216 | 79 79 | 100.0 | NZ_LN831035.1_Haemophilus_influenzae_genome_assembly_NCTC8143__chromosome___1 NODE_50_length_111947_cov_114.293762
		Skipping redundant alignment 1009313 1009394 | 100432 100513 | 82 82 | 100.0 | NZ_LN831035.1_Haemophilus_influenzae_genome_assembly_NCTC8143__chromosome___1 NODE_50_length_111947_cov_114.293762
		Skipping redundant alignment 1173166 1173243 | 100434 100511 | 78 78 | 100.0 | NZ_LN831035.1_Haemophilus_influenzae_genome_assembly_NCTC8143__chromosome___1 NODE_50_length_111947_cov_114.293762
		Skipping redundant alignment 291619 291698 | 111694 111615 | 80 80 | 100.0 | NZ_LN831035.1_Haemophilus_influenzae_genome_assembly_NCTC8143__chromosome___1 NODE_50_length_111947_cov_114.293762
		Skipping redundant alignment 431620 431996 | 111697 112073 | 377 377 | 97.62 | NZ_LN831035.1_Haemophilus_influenzae_genome_assembly_NCTC8143__chromosome___1 NODE_50_length_111947_cov_114.293762
		Skipping redundant alignment 846166 846542 | 111697 112073 | 377 377 | 97.62 | NZ_LN831035.1_Haemophilus_influenzae_genome_assembly_NCTC8143__chromosome___1 NODE_50_length_111947_cov_114.293762
		Skipping redundant alignment 275490 275864 | 112073 111697 | 375 377 | 97.35 | NZ_LN831035.1_Haemophilus_influenzae_genome_assembly_NCTC8143__chromosome___1 NODE_50_length_111947_cov_114.293762
		Skipping redundant alignment 309055 309429 | 112073 111697 | 375 377 | 97.35 | NZ_LN831035.1_Haemophilus_influenzae_genome_assembly_NCTC8143__chromosome___1 NODE_50_length_111947_cov_114.293762
		Skipping redundant alignment 1145648 1146022 | 111697 112073 | 375 377 | 97.35 | NZ_LN831035.1_Haemophilus_influenzae_genome_assembly_NCTC8143__chromosome___1 NODE_50_length_111947_cov_114.293762
		This contig is misassembled. 15 total aligns.
			Real Alignment 1: 851072 860956 | 1 9898 | 9885 9898 | 95.93 | NZ_LN831035.1_Haemophilus_influenzae_genome_assembly_NCTC8143__chromosome___1 NODE_50_length_111947_cov_114.293762
			  Gap between these two alignments (local misassembly). Inconsistency = 93 
			Real Alignment 2: 862036 963235 | 10885 112073 | 101200 101189 | 99.17 | NZ_LN831035.1_Haemophilus_influenzae_genome_assembly_NCTC8143__chromosome___1 NODE_50_length_111947_cov_114.293762

CONTIG: NODE_55_length_141337_cov_116.166039 (141463bp)
Top Length: 93002  Top ID: 99.47
		Skipping redundant alignment 437161 437295 | 1 135 | 135 135 | 97.04 | NZ_LN831035.1_Haemophilus_influenzae_genome_assembly_NCTC8143__chromosome___1 NODE_55_length_141337_cov_116.166039
		Skipping redundant alignment 303529 303653 | 125 1 | 125 125 | 97.6 | NZ_LN831035.1_Haemophilus_influenzae_genome_assembly_NCTC8143__chromosome___1 NODE_55_length_141337_cov_116.166039
		Skipping redundant alignment 951344 951605 | 40338 40600 | 262 263 | 95.83 | NZ_LN831035.1_Haemophilus_influenzae_genome_assembly_NCTC8143__chromosome___1 NODE_55_length_141337_cov_116.166039
		Skipping redundant alignment 641912 641990 | 40462 40384 | 79 79 | 100.0 | NZ_LN831035.1_Haemophilus_influenzae_genome_assembly_NCTC8143__chromosome___1 NODE_55_length_141337_cov_116.166039
		Skipping redundant alignment 951606 951687 | 40704 40785 | 82 82 | 100.0 | NZ_LN831035.1_Haemophilus_influenzae_genome_assembly_NCTC8143__chromosome___1 NODE_55_length_141337_cov_116.166039
		Skipping redundant alignment 1173166 1173243 | 40706 40783 | 78 78 | 100.0 | NZ_LN831035.1_Haemophilus_influenzae_genome_assembly_NCTC8143__chromosome___1 NODE_55_length_141337_cov_116.166039
		Skipping redundant alignment 309237 309543 | 140764 140457 | 307 308 | 98.38 | NZ_LN831035.1_Haemophilus_influenzae_genome_assembly_NCTC8143__chromosome___1 NODE_55_length_141337_cov_116.166039
		Skipping redundant alignment 275672 275979 | 140764 140457 | 308 308 | 98.06 | NZ_LN831035.1_Haemophilus_influenzae_genome_assembly_NCTC8143__chromosome___1 NODE_55_length_141337_cov_116.166039
		Skipping redundant alignment 846052 846360 | 140457 140764 | 309 308 | 98.06 | NZ_LN831035.1_Haemophilus_influenzae_genome_assembly_NCTC8143__chromosome___1 NODE_55_length_141337_cov_116.166039
		Skipping redundant alignment 431506 431814 | 140459 140764 | 309 306 | 98.38 | NZ_LN831035.1_Haemophilus_influenzae_genome_assembly_NCTC8143__chromosome___1 NODE_55_length_141337_cov_116.166039
		Skipping redundant alignment 962859 963053 | 140571 140764 | 195 194 | 98.97 | NZ_LN831035.1_Haemophilus_influenzae_genome_assembly_NCTC8143__chromosome___1 NODE_55_length_141337_cov_116.166039
			Skipping redundant alignments after choosing the best set of alignments
		Skipping redundant alignment 274955 275461 | 141463 140957 | 507 507 | 99.01 | NZ_LN831035.1_Haemophilus_influenzae_genome_assembly_NCTC8143__chromosome___1 NODE_55_length_141337_cov_116.166039
		Skipping redundant alignment 308520 309026 | 141463 140957 | 507 507 | 99.01 | NZ_LN831035.1_Haemophilus_influenzae_genome_assembly_NCTC8143__chromosome___1 NODE_55_length_141337_cov_116.166039
		Skipping redundant alignment 432025 432531 | 140957 141463 | 507 507 | 99.01 | NZ_LN831035.1_Haemophilus_influenzae_genome_assembly_NCTC8143__chromosome___1 NODE_55_length_141337_cov_116.166039
		Skipping redundant alignment 846571 847077 | 140957 141463 | 507 507 | 99.01 | NZ_LN831035.1_Haemophilus_influenzae_genome_assembly_NCTC8143__chromosome___1 NODE_55_length_141337_cov_116.166039
		Skipping redundant alignment 963264 963770 | 140957 141463 | 507 507 | 99.01 | NZ_LN831035.1_Haemophilus_influenzae_genome_assembly_NCTC8143__chromosome___1 NODE_55_length_141337_cov_116.166039
		Skipping redundant alignment 1151424 1151568 | 1 144 | 145 144 | 96.55 | NZ_LN831035.1_Haemophilus_influenzae_genome_assembly_NCTC8143__chromosome___1 NODE_55_length_141337_cov_116.166039
		This contig is misassembled. 21 total aligns.
			Real Alignment 1: 968399 968542 | 1 144 | 144 144 | 95.14 | NZ_LN831035.1_Haemophilus_influenzae_genome_assembly_NCTC8143__chromosome___1 NODE_55_length_141337_cov_116.166039
			  Gap between these two alignments (local misassembly). Inconsistency = 217 
			Excluding internal overlap of size 5 between Alignment 2 and 3:  969426 1016379 | 811 47767 | 46954 46957 --> 969426 1016374 | 811 47762 | 46949 46952
			Real Alignment 2: 969426 1016374 | 811 47762 | 46949 46952 | 99.73 | NZ_LN831035.1_Haemophilus_influenzae_genome_assembly_NCTC8143__chromosome___1 NODE_55_length_141337_cov_116.166039
			  Extensive misassembly ( relocation, inconsistency = 36467 ) between these two alignments
			Real Alignment 3: 1052842 1145840 | 47763 140764 | 92999 93002 | 99.47 | NZ_LN831035.1_Haemophilus_influenzae_genome_assembly_NCTC8143__chromosome___1 NODE_55_length_141337_cov_116.166039
			  Fake misassembly between these two alignments: inconsistency = 18 , gap in the contig is small or absent or filled mostly with Ns (long indel: deletion of length 18; 0 mismatches)
			Real Alignment 4: 1146051 1146557 | 140957 141463 | 507 507 | 99.01 | NZ_LN831035.1_Haemophilus_influenzae_genome_assembly_NCTC8143__chromosome___1 NODE_55_length_141337_cov_116.166039

CONTIG: NODE_56_length_1778_cov_161.577621 (1904bp)
Top Length: 1904  Top ID: 99.89
		Marking as insignificant: 1475855 1476149 | 1 294 | 295 294 | 95.27 | NZ_LN831035.1_Haemophilus_influenzae_genome_assembly_NCTC8143__chromosome___1 NODE_56_length_1778_cov_161.577621
		One align captures most of this contig: 653393 655296 | 1904 1 | 1904 1904 | 99.89 | NZ_LN831035.1_Haemophilus_influenzae_genome_assembly_NCTC8143__chromosome___1 NODE_56_length_1778_cov_161.577621

CONTIG: NODE_69_length_277640_cov_129.889389 (277766bp)
Top Length: 115321  Top ID: 98.79
		Skipping redundant alignment 1554954 1555615 | 92039 92699 | 662 661 | 97.28 | NZ_LN831035.1_Haemophilus_influenzae_genome_assembly_NCTC8143__chromosome___1 NODE_69_length_277640_cov_129.889389
		Skipping redundant alignment 1555617 1556053 | 93125 93565 | 437 441 | 97.05 | NZ_LN831035.1_Haemophilus_influenzae_genome_assembly_NCTC8143__chromosome___1 NODE_69_length_277640_cov_129.889389
		Skipping redundant alignment 1222635 1222705 | 244544 244474 | 71 71 | 100.0 | NZ_LN831035.1_Haemophilus_influenzae_genome_assembly_NCTC8143__chromosome___1 NODE_69_length_277640_cov_129.889389
		Skipping redundant alignment 1626028 1626098 | 244474 244544 | 71 71 | 100.0 | NZ_LN831035.1_Haemophilus_influenzae_genome_assembly_NCTC8143__chromosome___1 NODE_69_length_277640_cov_129.889389
			Skipping redundant alignments after choosing the best set of alignments
		Skipping redundant alignment 1625869 1626028 | 244386 244544 | 160 159 | 98.12 | NZ_LN831035.1_Haemophilus_influenzae_genome_assembly_NCTC8143__chromosome___1 NODE_69_length_277640_cov_129.889389
		This contig is misassembled. 12 total aligns.
			Real Alignment 1: 1451339 1469368 | 18008 1 | 18030 18008 | 99.51 | NZ_LN831035.1_Haemophilus_influenzae_genome_assembly_NCTC8143__chromosome___1 NODE_69_length_277640_cov_129.889389
			  Extensive misassembly ( relocation, inconsistency = 1092 ) between these two alignments
			Excluding internal overlap of size 42 between Alignment 2 and 3:  1439752 1449125 | 28441 19130 | 9374 9312 --> 1439794 1449125 | 28399 19130 | 9332 9270
			Real Alignment 2: 1439794 1449125 | 28399 19130 | 9332 9270 | 96.41 | NZ_LN831035.1_Haemophilus_influenzae_genome_assembly_NCTC8143__chromosome___1 NODE_69_length_277640_cov_129.889389
			  Fake misassembly between these two alignments: inconsistency = 40 , gap in the contig is small or absent or filled mostly with Ns (long indel: deletion of length 40; 0 mismatches)
			Excluding internal overlap of size 40 between Alignment 3 and 4:  1417711 1439753 | 50442 28400 | 22043 22043 --> 1417751 1439753 | 50402 28400 | 22003 22003
			Real Alignment 3: 1417751 1439753 | 50402 28400 | 22003 22003 | 99.99 | NZ_LN831035.1_Haemophilus_influenzae_genome_assembly_NCTC8143__chromosome___1 NODE_69_length_277640_cov_129.889389
			  Fake misassembly between these two alignments: inconsistency = 56 , gap in the contig is small or absent or filled mostly with Ns (long indel: deletion of length 56; 0 mismatches)
			Real Alignment 4: 1339373 1417694 | 128704 50403 | 78322 78302 | 99.66 | NZ_LN831035.1_Haemophilus_influenzae_genome_assembly_NCTC8143__chromosome___1 NODE_69_length_277640_cov_129.889389
			  Gap between these two alignments (local misassembly). Inconsistency = 70 
			Real Alignment 5: 1223813 1339090 | 244237 128917 | 115278 115321 | 98.79 | NZ_LN831035.1_Haemophilus_influenzae_genome_assembly_NCTC8143__chromosome___1 NODE_69_length_277640_cov_129.889389
			  Gap between these two alignments (local misassembly). Inconsistency = 821 
			Real Alignment 6: 1222684 1222843 | 244544 244386 | 160 159 | 98.12 | NZ_LN831035.1_Haemophilus_influenzae_genome_assembly_NCTC8143__chromosome___1 NODE_69_length_277640_cov_129.889389
			  Extensive misassembly ( relocation, inconsistency = 373246 ) between these two alignments
			Real Alignment 7: 1599254 1627581 | 247709 276106 | 28328 28398 | 98.67 | NZ_LN831035.1_Haemophilus_influenzae_genome_assembly_NCTC8143__chromosome___1 NODE_69_length_277640_cov_129.889389

CONTIG: NODE_71_length_3065_cov_113.476349 (3191bp)
Top Length: 65  Top ID: 100.0
		This contig is partially unaligned. (Aligned 65 out of 3191 bases)
		Alignment: 1222684 1222748 | 3127 3191 | 65 65 | 100.0 | NZ_LN831035.1_Haemophilus_influenzae_genome_assembly_NCTC8143__chromosome___1 NODE_71_length_3065_cov_113.476349
		Unaligned bases: 1 to 3126 (3126)

CONTIG: NODE_74_length_10024_cov_111.852356 (10150bp)
Top Length: 2225  Top ID: 97.66
		This contig is misassembled. 3 total aligns.
			Warning! This contig is more unaligned than misassembled. Contig length is 10150 and total length of all aligns is 2736
		Alignment: 662674 663059 | 385 1 | 386 385 | 98.7 | NZ_LN831035.1_Haemophilus_influenzae_genome_assembly_NCTC8143__chromosome___1 NODE_74_length_10024_cov_111.852356
		Alignment: 1469117 1471335 | 4938 2714 | 2219 2225 | 97.66 | NZ_LN831035.1_Haemophilus_influenzae_genome_assembly_NCTC8143__chromosome___1 NODE_74_length_10024_cov_111.852356
		Alignment: 653393 653518 | 10150 10025 | 126 126 | 100.0 | NZ_LN831035.1_Haemophilus_influenzae_genome_assembly_NCTC8143__chromosome___1 NODE_74_length_10024_cov_111.852356
		Unaligned bases: 7414
		This contig has both significant aligned and unaligned parts (of length >= min-contig)!
CONTIG: NODE_75_length_5097_cov_135.393951 (5223bp)
Top Length: 5221  Top ID: 99.71
		Marking as insignificant: 655780 655905 | 1 126 | 126 126 | 100.0 | NZ_LN831035.1_Haemophilus_influenzae_genome_assembly_NCTC8143__chromosome___1 NODE_75_length_5097_cov_135.393951
		One align captures most of this contig: 1470149 1475369 | 5223 3 | 5221 5221 | 99.71 | NZ_LN831035.1_Haemophilus_influenzae_genome_assembly_NCTC8143__chromosome___1 NODE_75_length_5097_cov_135.393951

Analyzing coverage...
Writing SNPs into /data/projects/Assembly/Aroon/reports/GCF_001457655.1_NCTC8143_genomic/contigs_reports/nucmer_output/M07572_contigs.used_snps
	Reference NZ_LN831035.1_Haemophilus_influenzae_genome_assembly_NCTC8143__chromosome___1: 88 total alignments. 1 total regions.
		Region: 1 to 1890645 (1890645 bp)
			Align 1: 1 22125 NODE_6_length_305742_cov_137.956314 256243 278367
				Gap between this and next alignment: 22125 to 22138 (12 bp)
				Next Alignment: 22138 48681 NODE_6_length_305742_cov_137.956314 278964 305508

			Align 2: 22138 48681 NODE_6_length_305742_cov_137.956314 278964 305508
				Negative gap (overlap) between this and next alignment: 48681 to 48676 (-5 bp)
				Next Alignment: 48676 131931 NODE_39_length_233014_cov_148.519196 221515 138280

			Previous gap was negative, modifying coordinates to ignore overlap
				Moving contig start from 221515 to 221509.
			Align 3: 48682 131931 NODE_39_length_233014_cov_148.519196 221509 138280
				Gap between this and next alignment: 131931 to 131996 (64 bp)
				Next Alignment: 131996 231214 NODE_39_length_233014_cov_148.519196 138279 39016

			Align 4: 131996 231214 NODE_39_length_233014_cov_148.519196 138279 39016
				Gap between this and next alignment: 231214 to 231275 (60 bp)
				Next Alignment: 231275 270088 NODE_39_length_233014_cov_148.519196 38814 1

			Align 5: 231275 270088 NODE_39_length_233014_cov_148.519196 38814 1
				Gap between this and next alignment: 270088 to 270595 (506 bp)
				Next Alignment: 270595 271853 NODE_26_length_1133_cov_637.275391 1259 1

			Align 6: 270595 271853 NODE_26_length_1133_cov_637.275391 1259 1
				Gap between this and next alignment: 271853 to 273480 (1626 bp)
				Next Alignment: 273480 274278 NODE_17_length_678_cov_443.811218 1 804

			Align 7: 273480 274278 NODE_17_length_678_cov_443.811218 1 804
				Gap between this and next alignment: 274278 to 275836 (1557 bp)
				Next Alignment: 275836 303654 NODE_11_length_27693_cov_160.142822 1 27819

			Align 8: 275836 303654 NODE_11_length_27693_cov_160.142822 1 27819
				Gap between this and next alignment: 303654 to 309402 (5747 bp)
				Next Alignment: 309402 319231 NODE_10_length_70088_cov_157.618210 70214 60386

			Align 9: 309402 319231 NODE_10_length_70088_cov_157.618210 70214 60386
				Gap between this and next alignment: 319231 to 323198 (3966 bp)
				Next Alignment: 323198 368107 NODE_10_length_70088_cov_157.618210 57279 12366

			Align 10: 323198 368107 NODE_10_length_70088_cov_157.618210 57279 12366
				Negative gap (overlap) between this and next alignment: 368107 to 368103 (-4 bp)
				Next Alignment: 368103 374434 NODE_35_length_62635_cov_154.319550 24443 30762

			Previous gap was negative, modifying coordinates to ignore overlap
				Moving contig start from 24443 to 24448.
			Align 11: 368108 374434 NODE_35_length_62635_cov_154.319550 24448 30762
				Gap between this and next alignment: 374434 to 377467 (3032 bp)
				Next Alignment: 377467 406213 NODE_35_length_62635_cov_154.319550 34037 62761

			Align 12: 377467 406213 NODE_35_length_62635_cov_154.319550 34037 62761
				Negative gap (overlap) between this and next alignment: 406213 to 406088 (-125 bp)
				Next Alignment: 406088 407349 NODE_24_length_1136_cov_317.318665 1 1262

			Previous gap was negative, modifying coordinates to ignore overlap
				Moving contig start from 1 to 127.
			Align 13: 406214 407349 NODE_24_length_1136_cov_317.318665 127 1262
				Negative gap (overlap) between this and next alignment: 407349 to 407224 (-125 bp)
				Next Alignment: 407224 413042 NODE_28_length_25356_cov_157.250427 25482 19663

			Previous gap was negative, modifying coordinates to ignore overlap
				Moving contig start from 25482 to 25356.
			Align 14: 407350 413042 NODE_28_length_25356_cov_157.250427 25356 19663
				Gap between this and next alignment: 413042 to 413426 (383 bp)
				Next Alignment: 413426 420209 NODE_28_length_25356_cov_157.250427 18413 11635

			Align 15: 413426 420209 NODE_28_length_25356_cov_157.250427 18413 11635
				Gap between this and next alignment: 420209 to 423087 (2877 bp)
				Next Alignment: 423087 431814 NODE_28_length_25356_cov_157.250427 8709 1

			Align 16: 423087 431814 NODE_28_length_25356_cov_157.250427 8709 1
				Gap between this and next alignment: 431814 to 436527 (4712 bp)
				Next Alignment: 436527 437190 NODE_27_length_520_cov_653.528870 646 1

			Align 17: 436527 437190 NODE_27_length_520_cov_653.528870 646 1
				Negative gap (overlap) between this and next alignment: 437190 to 437161 (-29 bp)
				Next Alignment: 437161 447591 NODE_9_length_10305_cov_156.146530 1 10431

			Previous gap was negative, modifying coordinates to ignore overlap
				Moving contig start from 1 to 31.
			Align 18: 437191 447591 NODE_9_length_10305_cov_156.146530 31 10431
				Gap between this and next alignment: 447591 to 448602 (1010 bp)
				Next Alignment: 448602 565505 NODE_5_length_200242_cov_157.865829 200368 83530

			Align 19: 448602 565505 NODE_5_length_200242_cov_157.865829 200368 83530
				Gap between this and next alignment: 565505 to 565785 (279 bp)
				Next Alignment: 565785 567805 NODE_5_length_200242_cov_157.865829 83529 81510

			Align 20: 565785 567805 NODE_5_length_200242_cov_157.865829 83529 81510
				Gap between this and next alignment: 567805 to 567911 (105 bp)
				Next Alignment: 567911 649311 NODE_5_length_200242_cov_157.865829 81365 1

			Align 21: 567911 649311 NODE_5_length_200242_cov_157.865829 81365 1
				Gap between this and next alignment: 649311 to 649423 (111 bp)
				Next Alignment: 649423 653518 NODE_21_length_3971_cov_270.450012 1 4097

			Align 22: 649423 653518 NODE_21_length_3971_cov_270.450012 1 4097
				Negative gap (overlap) between this and next alignment: 653518 to 653393 (-125 bp)
				Next Alignment: 653393 655296 NODE_56_length_1778_cov_161.577621 1904 1

			Previous gap was negative, modifying coordinates to ignore overlap
				Moving contig start from 1904 to 1778.
			Align 23: 653519 655296 NODE_56_length_1778_cov_161.577621 1778 1
				The next alignment (653393 653518 NODE_74_length_10024_cov_111.852356 10150 10025) is redundant. Skipping.
				Negative gap (overlap) between this and next alignment: 655296 to 655171 (-125 bp)
				Next Alignment: 655171 655905 NODE_48_length_609_cov_328.308716 1 735

			Previous gap was negative, modifying coordinates to ignore overlap
				Moving contig start from 1 to 127.
			Align 25: 655297 655905 NODE_48_length_609_cov_328.308716 127 735
				Negative gap (overlap) between this and next alignment: 655905 to 655780 (-125 bp)
				Next Alignment: 655780 660107 NODE_19_length_4174_cov_148.450882 4300 1

			Previous gap was negative, modifying coordinates to ignore overlap
				Moving contig start from 4300 to 4174.
			Align 26: 655906 660107 NODE_19_length_4174_cov_148.450882 4174 1
				Negative gap (overlap) between this and next alignment: 660107 to 659982 (-125 bp)
				Next Alignment: 659982 661013 NODE_47_length_906_cov_336.151215 1032 1

			Previous gap was negative, modifying coordinates to ignore overlap
				Moving contig start from 1032 to 906.
			Align 27: 660108 661013 NODE_47_length_906_cov_336.151215 906 1
				Negative gap (overlap) between this and next alignment: 661013 to 660888 (-125 bp)
				Next Alignment: 660888 663059 NODE_23_length_2046_cov_141.985825 1 2172

			Previous gap was negative, modifying coordinates to ignore overlap
				Moving contig start from 1 to 127.
			Align 28: 661014 663059 NODE_23_length_2046_cov_141.985825 127 2172
				The next alignment (662674 663059 NODE_74_length_10024_cov_111.852356 385 1) is redundant. Skipping.
				Negative gap (overlap) between this and next alignment: 663059 to 662934 (-125 bp)
				Next Alignment: 662934 666845 NODE_41_length_3788_cov_277.582367 1 3914

			Previous gap was negative, modifying coordinates to ignore overlap
				Moving contig start from 1 to 127.
			Align 30: 663060 666845 NODE_41_length_3788_cov_277.582367 127 3914
				Negative gap (overlap) between this and next alignment: 666845 to 666720 (-125 bp)
				Next Alignment: 666720 666884 NODE_22_length_1236_cov_123.345467 1 168

			Previous gap was negative, modifying coordinates to ignore overlap
				Moving contig start from 1 to 130.
			Align 31: 666846 666884 NODE_22_length_1236_cov_123.345467 130 168
				Negative gap (overlap) between this and next alignment: 666884 to 666720 (-164 bp)
				Next Alignment: 666720 668098 NODE_40_length_1253_cov_141.162811 1 1379

			Previous gap was negative, modifying coordinates to ignore overlap
				Moving contig start from 1 to 166.
			Align 32: 666885 668098 NODE_40_length_1253_cov_141.162811 166 1379
				The next alignment (667256 668098 NODE_22_length_1236_cov_123.345467 520 1362) is redundant. Skipping.
				Negative gap (overlap) between this and next alignment: 668098 to 667973 (-125 bp)
				Next Alignment: 667973 668878 NODE_42_length_780_cov_246.939743 1 906

			Previous gap was negative, modifying coordinates to ignore overlap
				Moving contig start from 1 to 127.
			Align 34: 668099 668878 NODE_42_length_780_cov_246.939743 127 906
				Negative gap (overlap) between this and next alignment: 668878 to 668753 (-125 bp)
				Next Alignment: 668753 669779 NODE_4_length_14061_cov_138.316406 14187 13161

			Previous gap was negative, modifying coordinates to ignore overlap
				Moving contig start from 14187 to 14061.
			Align 35: 668879 669779 NODE_4_length_14061_cov_138.316406 14061 13161
				Negative gap (overlap) between this and next alignment: 669779 to 668753 (-1026 bp)
				Next Alignment: 668753 671201 NODE_18_length_8645_cov_125.807518 8771 6323

			Previous gap was negative, modifying coordinates to ignore overlap
				Moving contig start from 8771 to 7744.
			Align 36: 669780 671201 NODE_18_length_8645_cov_125.807518 7744 6323
				Negative gap (overlap) between this and next alignment: 671201 to 669875 (-1326 bp)
				Next Alignment: 669875 674744 NODE_4_length_14061_cov_138.316406 13150 8284

			Previous gap was negative, modifying coordinates to ignore overlap
				Moving contig start from 13150 to 11823.
			Align 37: 671202 674744 NODE_4_length_14061_cov_138.316406 11823 8284
				Gap between this and next alignment: 674744 to 677158 (2413 bp)
				Next Alignment: 677158 678778 NODE_4_length_14061_cov_138.316406 5715 4099

			Align 38: 677158 678778 NODE_4_length_14061_cov_138.316406 5715 4099
				Gap between this and next alignment: 678778 to 679052 (273 bp)
				Next Alignment: 679052 682527 NODE_4_length_14061_cov_138.316406 3474 1

			Align 39: 679052 682527 NODE_4_length_14061_cov_138.316406 3474 1
				The next alignment (682395 682527 NODE_18_length_8645_cov_125.807518 133 1) is redundant. Skipping.
				Negative gap (overlap) between this and next alignment: 682527 to 682402 (-125 bp)
				Next Alignment: 682402 689501 NODE_14_length_6974_cov_267.165039 1 7100

			Previous gap was negative, modifying coordinates to ignore overlap
				Moving contig start from 1 to 127.
			Align 41: 682528 689501 NODE_14_length_6974_cov_267.165039 127 7100
				Negative gap (overlap) between this and next alignment: 689501 to 689376 (-125 bp)
				Next Alignment: 689376 691367 NODE_1_length_1866_cov_327.743286 1 1992

			Previous gap was negative, modifying coordinates to ignore overlap
				Moving contig start from 1 to 127.
			Align 42: 689502 691367 NODE_1_length_1866_cov_327.743286 127 1992
				The next alignment (691242 691367 NODE_12_length_76973_cov_147.809525 1 126) is redundant. Skipping.
				Negative gap (overlap) between this and next alignment: 691367 to 691242 (-125 bp)
				Next Alignment: 691242 705869 NODE_15_length_164826_cov_120.856506 164952 150325

			Previous gap was negative, modifying coordinates to ignore overlap
				Moving contig start from 164952 to 164826.
			Align 44: 691368 705869 NODE_15_length_164826_cov_120.856506 164826 150325
				Gap between this and next alignment: 705869 to 705994 (124 bp)
				Next Alignment: 705994 735049 NODE_15_length_164826_cov_120.856506 149703 120631

			Align 45: 705994 735049 NODE_15_length_164826_cov_120.856506 149703 120631
				Gap between this and next alignment: 735049 to 735098 (48 bp)
				Next Alignment: 735098 765861 NODE_15_length_164826_cov_120.856506 120630 89854

			Align 46: 735098 765861 NODE_15_length_164826_cov_120.856506 120630 89854
				Gap between this and next alignment: 765861 to 767556 (1694 bp)
				Next Alignment: 767556 785471 NODE_15_length_164826_cov_120.856506 89853 71928

			Align 47: 767556 785471 NODE_15_length_164826_cov_120.856506 89853 71928
				Gap between this and next alignment: 785471 to 785599 (127 bp)
				Next Alignment: 785599 805170 NODE_15_length_164826_cov_120.856506 71794 52204

			Align 48: 785599 805170 NODE_15_length_164826_cov_120.856506 71794 52204
				Gap between this and next alignment: 805170 to 805227 (56 bp)
				Next Alignment: 805227 806380 NODE_15_length_164826_cov_120.856506 52203 51034

			Align 49: 805227 806380 NODE_15_length_164826_cov_120.856506 52203 51034
				Negative gap (overlap) between this and next alignment: 806380 to 806367 (-13 bp)
				Next Alignment: 806367 846213 NODE_15_length_164826_cov_120.856506 39817 1

			Previous gap was negative, modifying coordinates to ignore overlap
				Moving contig start from 39817 to 39803.
			Align 50: 806381 846213 NODE_15_length_164826_cov_120.856506 39803 1
				Gap between this and next alignment: 846213 to 847754 (1540 bp)
				Next Alignment: 847754 848312 NODE_31_length_433_cov_382.521942 1 559

			Align 51: 847754 848312 NODE_31_length_433_cov_382.521942 1 559
				Negative gap (overlap) between this and next alignment: 848312 to 848187 (-125 bp)
				Next Alignment: 848187 849937 NODE_16_length_1623_cov_754.963623 1749 1

			Previous gap was negative, modifying coordinates to ignore overlap
				Moving contig start from 1749 to 1623.
			Align 52: 848313 849937 NODE_16_length_1623_cov_754.963623 1623 1
				Gap between this and next alignment: 849937 to 851072 (1134 bp)
				Next Alignment: 851072 860956 NODE_50_length_111947_cov_114.293762 1 9898

			Align 53: 851072 860956 NODE_50_length_111947_cov_114.293762 1 9898
				Gap between this and next alignment: 860956 to 862036 (1079 bp)
				Next Alignment: 862036 963235 NODE_50_length_111947_cov_114.293762 10885 112073

			Align 54: 862036 963235 NODE_50_length_111947_cov_114.293762 10885 112073
				Gap between this and next alignment: 963235 to 963657 (421 bp)
				Next Alignment: 963657 964572 NODE_37_length_790_cov_684.572144 1 916

			Align 55: 963657 964572 NODE_37_length_790_cov_684.572144 1 916
				Gap between this and next alignment: 964572 to 968399 (3826 bp)
				Next Alignment: 968399 968542 NODE_55_length_141337_cov_116.166039 1 144

			Align 56: 968399 968542 NODE_55_length_141337_cov_116.166039 1 144
				Gap between this and next alignment: 968542 to 969426 (883 bp)
				Next Alignment: 969426 1016374 NODE_55_length_141337_cov_116.166039 811 47762

			Align 57: 969426 1016374 NODE_55_length_141337_cov_116.166039 811 47762
				Gap between this and next alignment: 1016374 to 1016379 (4 bp)
				Next Alignment: 1016379 1022768 NODE_10_length_70088_cov_157.618210 12365 5966

			Align 58: 1016379 1022768 NODE_10_length_70088_cov_157.618210 12365 5966
				Negative gap (overlap) between this and next alignment: 1022768 to 1022660 (-108 bp)
				Next Alignment: 1022660 1027849 NODE_10_length_70088_cov_157.618210 5190 1

			Previous gap was negative, modifying coordinates to ignore overlap
				Moving contig start from 5190 to 5081.
			Align 59: 1022769 1027849 NODE_10_length_70088_cov_157.618210 5081 1
				The next alignment (1023922 1024911 NODE_39_length_233014_cov_148.519196 229562 230551) is redundant. Skipping.
				Negative gap (overlap) between this and next alignment: 1027849 to 1027724 (-125 bp)
				Next Alignment: 1027724 1028578 NODE_43_length_729_cov_299.320984 855 1

			Previous gap was negative, modifying coordinates to ignore overlap
				Moving contig start from 855 to 729.
			Align 61: 1027850 1028578 NODE_43_length_729_cov_299.320984 729 1
				Negative gap (overlap) between this and next alignment: 1028578 to 1028453 (-125 bp)
				Next Alignment: 1028453 1028738 NODE_30_length_22329_cov_132.361191 1 286

			Previous gap was negative, modifying coordinates to ignore overlap
				Moving contig start from 1 to 127.
			Align 62: 1028579 1028738 NODE_30_length_22329_cov_132.361191 127 286
				Negative gap (overlap) between this and next alignment: 1028738 to 1028453 (-285 bp)
				Next Alignment: 1028453 1050269 NODE_35_length_62635_cov_154.319550 1 21822

			Previous gap was negative, modifying coordinates to ignore overlap
				Moving contig start from 1 to 287.
			Align 63: 1028739 1050269 NODE_35_length_62635_cov_154.319550 287 21822
				Gap between this and next alignment: 1050269 to 1050431 (161 bp)
				Next Alignment: 1050431 1052840 NODE_35_length_62635_cov_154.319550 22032 24442

			Align 64: 1050431 1052840 NODE_35_length_62635_cov_154.319550 22032 24442
				Gap between this and next alignment: 1052840 to 1052842 (1 bp)
				Next Alignment: 1052842 1145840 NODE_55_length_141337_cov_116.166039 47763 140764

			Align 65: 1052842 1145840 NODE_55_length_141337_cov_116.166039 47763 140764
				Gap between this and next alignment: 1145840 to 1146051 (210 bp)
				Next Alignment: 1146051 1146557 NODE_55_length_141337_cov_116.166039 140957 141463

			Align 66: 1146051 1146557 NODE_55_length_141337_cov_116.166039 140957 141463
				Gap between this and next alignment: 1146557 to 1151315 (4757 bp)
				Next Alignment: 1151315 1205724 NODE_13_length_61744_cov_120.733742 61867 7473

			Align 67: 1151315 1205724 NODE_13_length_61744_cov_120.733742 61867 7473
				Gap between this and next alignment: 1205724 to 1206061 (336 bp)
				Next Alignment: 1206061 1213532 NODE_13_length_61744_cov_120.733742 7472 1

			Align 68: 1206061 1213532 NODE_13_length_61744_cov_120.733742 7472 1
				Gap between this and next alignment: 1213532 to 1222684 (9151 bp)
				Next Alignment: 1222684 1222843 NODE_69_length_277640_cov_129.889389 244544 244386

			Align 69: 1222684 1222843 NODE_69_length_277640_cov_129.889389 244544 244386
				The next alignment (1222684 1222748 NODE_71_length_3065_cov_113.476349 3127 3191) is redundant. Skipping.
				Gap between this and next alignment: 1222843 to 1223813 (969 bp)
				Next Alignment: 1223813 1339090 NODE_69_length_277640_cov_129.889389 244237 128917

			Align 71: 1223813 1339090 NODE_69_length_277640_cov_129.889389 244237 128917
				Gap between this and next alignment: 1339090 to 1339373 (282 bp)
				Next Alignment: 1339373 1417694 NODE_69_length_277640_cov_129.889389 128704 50403

			Align 72: 1339373 1417694 NODE_69_length_277640_cov_129.889389 128704 50403
				The next alignment (1346430 1347566 NODE_12_length_76973_cov_147.809525 75533 76669) is redundant. Skipping.
				The next alignment (1347011 1347553 NODE_49_length_417_cov_291.045563 1 543) is redundant. Skipping.
				Gap between this and next alignment: 1417694 to 1417751 (56 bp)
				Next Alignment: 1417751 1439753 NODE_69_length_277640_cov_129.889389 50402 28400

			Align 75: 1417751 1439753 NODE_69_length_277640_cov_129.889389 50402 28400
				Gap between this and next alignment: 1439753 to 1439794 (40 bp)
				Next Alignment: 1439794 1449125 NODE_69_length_277640_cov_129.889389 28399 19130

			Align 76: 1439794 1449125 NODE_69_length_277640_cov_129.889389 28399 19130
				Gap between this and next alignment: 1449125 to 1451339 (2213 bp)
				Next Alignment: 1451339 1469368 NODE_69_length_277640_cov_129.889389 18008 1

			Align 77: 1451339 1469368 NODE_69_length_277640_cov_129.889389 18008 1
				Negative gap (overlap) between this and next alignment: 1469368 to 1469117 (-251 bp)
				Next Alignment: 1469117 1471335 NODE_74_length_10024_cov_111.852356 4938 2714

			Previous gap was negative, modifying coordinates to ignore overlap
				Moving contig start from 4938 to 4686.
			Align 78: 1469369 1471335 NODE_74_length_10024_cov_111.852356 4686 2714
				Negative gap (overlap) between this and next alignment: 1471335 to 1470149 (-1186 bp)
				Next Alignment: 1470149 1475369 NODE_75_length_5097_cov_135.393951 5223 3

			Previous gap was negative, modifying coordinates to ignore overlap
				Moving contig start from 5223 to 4036.
			Align 79: 1471336 1475369 NODE_75_length_5097_cov_135.393951 4036 3
				The next alignment (1470373 1470908 NODE_46_length_410_cov_254.624390 1 536) is redundant. Skipping.
				Gap between this and next alignment: 1475369 to 1475855 (485 bp)
				Next Alignment: 1475855 1555030 NODE_20_length_79421_cov_141.900635 79547 374

			Align 81: 1475855 1555030 NODE_20_length_79421_cov_141.900635 79547 374
				Negative gap (overlap) between this and next alignment: 1555030 to 1555026 (-4 bp)
				Next Alignment: 1555026 1559984 NODE_12_length_76973_cov_147.809525 44348 39410

			Previous gap was negative, modifying coordinates to ignore overlap
				Moving contig start from 44348 to 44343.
			Align 82: 1555031 1559984 NODE_12_length_76973_cov_147.809525 44343 39410
				Negative gap (overlap) between this and next alignment: 1559984 to 1559965 (-19 bp)
				Next Alignment: 1559965 1594698 NODE_12_length_76973_cov_147.809525 39409 4696

			Previous gap was negative, modifying coordinates to ignore overlap
				Moving contig start from 39409 to 39389.
			Align 83: 1559985 1594698 NODE_12_length_76973_cov_147.809525 39389 4696
				Gap between this and next alignment: 1594698 to 1594809 (110 bp)
				Next Alignment: 1594809 1599270 NODE_12_length_76973_cov_147.809525 4693 235

			Align 84: 1594809 1599270 NODE_12_length_76973_cov_147.809525 4693 235
				Negative gap (overlap) between this and next alignment: 1599270 to 1599254 (-16 bp)
				Next Alignment: 1599254 1627581 NODE_69_length_277640_cov_129.889389 247709 276106

			Previous gap was negative, modifying coordinates to ignore overlap
				Moving contig start from 247709 to 247726.
			Align 85: 1599271 1627581 NODE_69_length_277640_cov_129.889389 247726 276106
				Gap between this and next alignment: 1627581 to 1634636 (7054 bp)
				Next Alignment: 1634636 1685019 NODE_6_length_305742_cov_137.956314 1 50397

			Align 86: 1634636 1685019 NODE_6_length_305742_cov_137.956314 1 50397
				Gap between this and next alignment: 1685019 to 1692431 (7411 bp)
				Next Alignment: 1692431 1842598 NODE_6_length_305742_cov_137.956314 57905 208054

			Align 87: 1692431 1842598 NODE_6_length_305742_cov_137.956314 57905 208054
				Gap between this and next alignment: 1842598 to 1842639 (40 bp)
				Next Alignment: 1842639 1886463 NODE_6_length_305742_cov_137.956314 208260 252057

			Align 88: 1842639 1886463 NODE_6_length_305742_cov_137.956314 208260 252057
			END in gap: 1886463 to 1890645 (4182 bp)

Analysis is finished!
Founded SNPs were written into /data/projects/Assembly/Aroon/reports/GCF_001457655.1_NCTC8143_genomic/contigs_reports/nucmer_output/M07572_contigs.used_snps

Results:
	Local Misassemblies: 20
	Misassemblies: 11
		Relocations: 11
		Translocations: 0
		Inversions: 0
	Misassembled Contigs: 8
	Misassembled Contig Bases: 1333263
	Misassemblies Inter-Contig Overlap: 0
Uncovered Regions: 0 (0)
Unaligned Contigs: 2 + 4 part
Partially Unaligned Contigs with Misassemblies: 2
Unaligned Contig Bases: 45755

Ambiguously Mapped Contigs: 8
Total Bases in Ambiguously Mapped Contigs: 8227
Note that --allow-ambiguity option was set to "one" and only first alignment per each contig was used.

	Covered Bases: 1813518

	SNPs: 12435
	Insertions: 799
	Deletions: 1250

	Positive Gaps: 47
		Internal Gaps:  29
		External Gaps:  18
		External Gap Total:  47824
		External Gap Average: 2657
	Negative Gaps: 31
		Internal Overlaps:  3
		External Overlaps:  28
		External Overlaps Total: -6421
		External Overlaps Average: -229
	Contigs with Redundant Alignments: 8 (4885)
