Aligning contigs to reference...
	Running Nucmer
Parsing coords...
Loading reference...
	Loaded [NZ_CP007470.1_Haemophilus_influenzae_strain_477__complete_genome]
Loading SNPs...
Loading regions...
	No regions given, using whole reference.
	Total Regions: 1
	Total Region Length: 1846259
Analyzing contigs...
CONTIG: NODE_1_length_311333_cov_153.831482 (311459bp)
Top Length: 40168  Top ID: 95.68
		Skipping redundant alignment 128125 128219 | 103280 103186 | 95 95 | 100.0 | NZ_CP007470.1_Haemophilus_influenzae_strain_477__complete_genome NODE_1_length_311333_cov_153.831482
		Skipping redundant alignment 1682952 1683028 | 103264 103188 | 77 77 | 100.0 | NZ_CP007470.1_Haemophilus_influenzae_strain_477__complete_genome NODE_1_length_311333_cov_153.831482
		Skipping redundant alignment 128125 128219 | 103288 103194 | 95 95 | 100.0 | NZ_CP007470.1_Haemophilus_influenzae_strain_477__complete_genome NODE_1_length_311333_cov_153.831482
		Skipping redundant alignment 128124 128219 | 103293 103198 | 96 96 | 100.0 | NZ_CP007470.1_Haemophilus_influenzae_strain_477__complete_genome NODE_1_length_311333_cov_153.831482
		Skipping redundant alignment 1682952 1683028 | 103288 103212 | 77 77 | 100.0 | NZ_CP007470.1_Haemophilus_influenzae_strain_477__complete_genome NODE_1_length_311333_cov_153.831482
		Skipping redundant alignment 1682951 1683028 | 103293 103216 | 78 78 | 100.0 | NZ_CP007470.1_Haemophilus_influenzae_strain_477__complete_genome NODE_1_length_311333_cov_153.831482
		Skipping redundant alignment 1388398 1388689 | 202149 202440 | 292 292 | 99.32 | NZ_CP007470.1_Haemophilus_influenzae_strain_477__complete_genome NODE_1_length_311333_cov_153.831482
		Skipping redundant alignment 1387843 1388258 | 202165 202582 | 416 418 | 98.8 | NZ_CP007470.1_Haemophilus_influenzae_strain_477__complete_genome NODE_1_length_311333_cov_153.831482
		Skipping redundant alignment 1388123 1388550 | 202165 202582 | 428 418 | 96.5 | NZ_CP007470.1_Haemophilus_influenzae_strain_477__complete_genome NODE_1_length_311333_cov_153.831482
		Skipping redundant alignment 1387603 1387837 | 202726 202960 | 235 235 | 100.0 | NZ_CP007470.1_Haemophilus_influenzae_strain_477__complete_genome NODE_1_length_311333_cov_153.831482
		Skipping redundant alignment 1387883 1388117 | 202726 202960 | 235 235 | 100.0 | NZ_CP007470.1_Haemophilus_influenzae_strain_477__complete_genome NODE_1_length_311333_cov_153.831482
		Skipping redundant alignment 1388163 1388397 | 202726 202960 | 235 235 | 100.0 | NZ_CP007470.1_Haemophilus_influenzae_strain_477__complete_genome NODE_1_length_311333_cov_153.831482
		Skipping redundant alignment 1106846 1106961 | 230393 230278 | 116 116 | 97.44 | NZ_CP007470.1_Haemophilus_influenzae_strain_477__complete_genome NODE_1_length_311333_cov_153.831482
		Skipping redundant alignment 1150403 1150481 | 265543 265621 | 79 79 | 100.0 | NZ_CP007470.1_Haemophilus_influenzae_strain_477__complete_genome NODE_1_length_311333_cov_153.831482
		Skipping redundant alignment 1203133 1203211 | 265543 265621 | 79 79 | 100.0 | NZ_CP007470.1_Haemophilus_influenzae_strain_477__complete_genome NODE_1_length_311333_cov_153.831482
		Skipping redundant alignment 1512719 1512797 | 299375 299453 | 79 79 | 100.0 | NZ_CP007470.1_Haemophilus_influenzae_strain_477__complete_genome NODE_1_length_311333_cov_153.831482
		Skipping redundant alignment 24074 24151 | 299593 299670 | 78 78 | 100.0 | NZ_CP007470.1_Haemophilus_influenzae_strain_477__complete_genome NODE_1_length_311333_cov_153.831482
		Skipping redundant alignment 1034037 1034116 | 311331 311252 | 80 80 | 100.0 | NZ_CP007470.1_Haemophilus_influenzae_strain_477__complete_genome NODE_1_length_311333_cov_153.831482
		Skipping redundant alignment 1308317 1308442 | 311459 311334 | 126 126 | 99.21 | NZ_CP007470.1_Haemophilus_influenzae_strain_477__complete_genome NODE_1_length_311333_cov_153.831482
		Skipping redundant alignment 1732825 1732950 | 311334 311459 | 126 126 | 99.21 | NZ_CP007470.1_Haemophilus_influenzae_strain_477__complete_genome NODE_1_length_311333_cov_153.831482
		Skipping redundant alignment 1018159 1018282 | 311459 311334 | 124 126 | 97.62 | NZ_CP007470.1_Haemophilus_influenzae_strain_477__complete_genome NODE_1_length_311333_cov_153.831482
		Skipping redundant alignment 1842770 1842893 | 311334 311459 | 124 126 | 97.62 | NZ_CP007470.1_Haemophilus_influenzae_strain_477__complete_genome NODE_1_length_311333_cov_153.831482
		This contig is misassembled. 45 total aligns.
			Real Alignment 1: 1186322 1186405 | 83 1 | 84 83 | 97.62 | NZ_CP007470.1_Haemophilus_influenzae_strain_477__complete_genome NODE_1_length_311333_cov_153.831482
			  Extensive misassembly ( relocation, inconsistency = -460981 ) between these two alignments
			Real Alignment 2: 1621634 1622356 | 25751 25030 | 723 722 | 96.69 | NZ_CP007470.1_Haemophilus_influenzae_strain_477__complete_genome NODE_1_length_311333_cov_153.831482
			  Overlap between these two alignments (local misassembly). Inconsistency = -129 
			Real Alignment 3: 1610859 1618767 | 36656 28747 | 7909 7910 | 97.22 | NZ_CP007470.1_Haemophilus_influenzae_strain_477__complete_genome NODE_1_length_311333_cov_153.831482
			  Extensive misassembly ( relocation, inconsistency = 40786 ) between these two alignments
			Real Alignment 4: 1548443 1548523 | 58286 58206 | 81 81 | 100.0 | NZ_CP007470.1_Haemophilus_influenzae_strain_477__complete_genome NODE_1_length_311333_cov_153.831482
			  Extensive misassembly ( relocation, inconsistency = -132485 ) between these two alignments
			Real Alignment 5: 1418656 1429460 | 60904 71708 | 10805 10805 | 96.49 | NZ_CP007470.1_Haemophilus_influenzae_strain_477__complete_genome NODE_1_length_311333_cov_153.831482
			  Overlap between these two alignments (local misassembly). Inconsistency = -184 
			Excluding internal overlap of size 18 between Alignment 6 and 7:  850744 854376 | 82041 85672 | 3633 3632 --> 850762 854376 | 82059 85672 | 3615 3614
			Real Alignment 6: 1429438 1439627 | 71870 82058 | 10190 10189 | 97.18 | NZ_CP007470.1_Haemophilus_influenzae_strain_477__complete_genome NODE_1_length_311333_cov_153.831482
			  Extensive misassembly ( relocation, inconsistency = -588866 ) between these two alignments
			Real Alignment 7: 850762 854376 | 82059 85672 | 3615 3614 | 95.65 | NZ_CP007470.1_Haemophilus_influenzae_strain_477__complete_genome NODE_1_length_311333_cov_153.831482
			  Extensive misassembly ( relocation, inconsistency = 1733 ) between these two alignments
			Real Alignment 8: 856133 878214 | 85696 107780 | 22082 22085 | 95.5 | NZ_CP007470.1_Haemophilus_influenzae_strain_477__complete_genome NODE_1_length_311333_cov_153.831482
			  Extensive misassembly ( relocation, inconsistency = 439350 ) between these two alignments
			Real Alignment 9: 1321629 1330870 | 111845 121089 | 9242 9245 | 96.52 | NZ_CP007470.1_Haemophilus_influenzae_strain_477__complete_genome NODE_1_length_311333_cov_153.831482
			  Extensive misassembly ( relocation, inconsistency = 224104 ) between these two alignments
			Real Alignment 10: 1555931 1566740 | 122046 132848 | 10810 10803 | 95.85 | NZ_CP007470.1_Haemophilus_influenzae_strain_477__complete_genome NODE_1_length_311333_cov_153.831482
			  Extensive misassembly ( relocation, inconsistency = -248296 ) between these two alignments
			Real Alignment 11: 1339001 1347833 | 153405 162221 | 8833 8817 | 95.21 | NZ_CP007470.1_Haemophilus_influenzae_strain_477__complete_genome NODE_1_length_311333_cov_153.831482
			  Overlap between these two alignments (local misassembly). Inconsistency = -202 
			Real Alignment 12: 1347825 1387978 | 162415 202582 | 40154 40168 | 95.68 | NZ_CP007470.1_Haemophilus_influenzae_strain_477__complete_genome NODE_1_length_311333_cov_153.831482
			  Gap between these two alignments (local misassembly). Inconsistency = 333 
			Real Alignment 13: 1388455 1407779 | 202726 222058 | 19325 19333 | 95.67 | NZ_CP007470.1_Haemophilus_influenzae_strain_477__complete_genome NODE_1_length_311333_cov_153.831482
			  Overlap between these two alignments (local misassembly). Inconsistency = -148 
			Excluding internal overlap of size 8 between Alignment 14 and 15:  1415535 1416043 | 229962 230470 | 509 509 --> 1415535 1416035 | 229962 230462 | 501 501
			Real Alignment 14: 1415535 1416035 | 229962 230462 | 501 501 | 95.69 | NZ_CP007470.1_Haemophilus_influenzae_strain_477__complete_genome NODE_1_length_311333_cov_153.831482
			  Extensive misassembly ( relocation, inconsistency = 109006 ) between these two alignments
			Real Alignment 15: 1525042 1547943 | 253337 230463 | 22902 22875 | 95.53 | NZ_CP007470.1_Haemophilus_influenzae_strain_477__complete_genome NODE_1_length_311333_cov_153.831482
			  Overlap between these two alignments (local misassembly). Inconsistency = -15 
			Excluding internal overlap of size 49 between Alignment 16 and 17:  1512622 1524407 | 265718 253987 | 11786 11732 --> 1512671 1524407 | 265669 253987 | 11737 11683
			Real Alignment 16: 1512671 1524407 | 265669 253987 | 11737 11683 | 95.34 | NZ_CP007470.1_Haemophilus_influenzae_strain_477__complete_genome NODE_1_length_311333_cov_153.831482
			  Extensive misassembly ( relocation, inconsistency = 49858 ) between these two alignments
			Excluding internal overlap of size 1 between Alignment 17 and 18:  1444288 1448065 | 283695 279918 | 3778 3778 --> 1444288 1448064 | 283695 279919 | 3777 3777
			Real Alignment 17: 1448566 1462812 | 279918 265670 | 14247 14249 | 96.33 | NZ_CP007470.1_Haemophilus_influenzae_strain_477__complete_genome NODE_1_length_311333_cov_153.831482
			  Gap between these two alignments (local misassembly). Inconsistency = 501 
			Real Alignment 18: 1444288 1448064 | 283695 279919 | 3777 3777 | 95.84 | NZ_CP007470.1_Haemophilus_influenzae_strain_477__complete_genome NODE_1_length_311333_cov_153.831482
			  Extensive misassembly ( relocation, inconsistency = 395422 ) between these two alignments
			Real Alignment 19: 1045692 1045776 | 286869 286785 | 85 85 | 100.0 | NZ_CP007470.1_Haemophilus_influenzae_strain_477__complete_genome NODE_1_length_311333_cov_153.831482
			  Overlap between these two alignments (local misassembly). Inconsistency = -100 
			Real Alignment 20: 1045692 1045772 | 286969 286889 | 81 81 | 100.0 | NZ_CP007470.1_Haemophilus_influenzae_strain_477__complete_genome NODE_1_length_311333_cov_153.831482
			  Extensive misassembly ( relocation, inconsistency = -117196 ) between these two alignments
			Real Alignment 21: 1150266 1150528 | 299590 299329 | 263 262 | 96.58 | NZ_CP007470.1_Haemophilus_influenzae_strain_477__complete_genome NODE_1_length_311333_cov_153.831482
			  Gap between these two alignments (local misassembly). Inconsistency = 103 
			Real Alignment 22: 1150081 1150162 | 299672 299591 | 82 82 | 100.0 | NZ_CP007470.1_Haemophilus_influenzae_strain_477__complete_genome NODE_1_length_311333_cov_153.831482
			  Extensive misassembly ( relocation, inconsistency = -53329 ) between these two alignments
			Real Alignment 23: 1191618 1197212 | 311459 305870 | 5595 5590 | 95.77 | NZ_CP007470.1_Haemophilus_influenzae_strain_477__complete_genome NODE_1_length_311333_cov_153.831482

CONTIG: NODE_2_length_39119_cov_167.875656 (39245bp)
Top Length: 16546  Top ID: 95.66
		Skipping redundant alignment 1018297 1018411 | 39242 39130 | 115 113 | 98.26 | NZ_CP007470.1_Haemophilus_influenzae_strain_477__complete_genome NODE_2_length_39119_cov_167.875656
		Skipping redundant alignment 1051868 1051967 | 39242 39144 | 100 99 | 96.0 | NZ_CP007470.1_Haemophilus_influenzae_strain_477__complete_genome NODE_2_length_39119_cov_167.875656
		This contig is misassembled. 6 total aligns.
			Real Alignment 1: 1687298 1703841 | 19767 3222 | 16544 16546 | 95.66 | NZ_CP007470.1_Haemophilus_influenzae_strain_477__complete_genome NODE_2_length_39119_cov_167.875656
			  Gap between these two alignments (local misassembly). Inconsistency = 382 
			Real Alignment 2: 1677498 1679478 | 29181 27205 | 1981 1977 | 97.73 | NZ_CP007470.1_Haemophilus_influenzae_strain_477__complete_genome NODE_2_length_39119_cov_167.875656
			  Extensive misassembly ( relocation, inconsistency = -701864 ) between these two alignments
			Real Alignment 3: 978408 985011 | 29975 36579 | 6604 6605 | 96.53 | NZ_CP007470.1_Haemophilus_influenzae_strain_477__complete_genome NODE_2_length_39119_cov_167.875656
			  Extensive misassembly ( relocation, inconsistency = 855077 ) between these two alignments
			Real Alignment 4: 1840138 1842755 | 36629 39242 | 2618 2614 | 97.44 | NZ_CP007470.1_Haemophilus_influenzae_strain_477__complete_genome NODE_2_length_39119_cov_167.875656

CONTIG: NODE_3_length_25597_cov_176.608231 (25723bp)
Top Length: 8069  Top ID: 95.24
		Skipping redundant alignment 1748697 1748822 | 126 1 | 126 126 | 98.41 | NZ_CP007470.1_Haemophilus_influenzae_strain_477__complete_genome NODE_3_length_25597_cov_176.608231
		Skipping redundant alignment 1051743 1051960 | 25722 25505 | 218 218 | 97.72 | NZ_CP007470.1_Haemophilus_influenzae_strain_477__complete_genome NODE_3_length_25597_cov_176.608231
		Skipping redundant alignment 1308331 1308547 | 25722 25507 | 217 216 | 98.16 | NZ_CP007470.1_Haemophilus_influenzae_strain_477__complete_genome NODE_3_length_25597_cov_176.608231
		Skipping redundant alignment 1842665 1842879 | 25507 25722 | 215 216 | 97.24 | NZ_CP007470.1_Haemophilus_influenzae_strain_477__complete_genome NODE_3_length_25597_cov_176.608231
		Skipping redundant alignment 1018173 1018379 | 25722 25515 | 207 208 | 98.09 | NZ_CP007470.1_Haemophilus_influenzae_strain_477__complete_genome NODE_3_length_25597_cov_176.608231
		This contig is misassembled. 7 total aligns.
			Real Alignment 1: 1708734 1714554 | 1 5838 | 5821 5838 | 95.48 | NZ_CP007470.1_Haemophilus_influenzae_strain_477__complete_genome NODE_3_length_25597_cov_176.608231
			  Extensive misassembly ( relocation, inconsistency = -1490 ) between these two alignments
			Real Alignment 2: 1724880 1732936 | 17654 25722 | 8057 8069 | 95.24 | NZ_CP007470.1_Haemophilus_influenzae_strain_477__complete_genome NODE_3_length_25597_cov_176.608231

CONTIG: NODE_4_length_186812_cov_140.254013 (186938bp)
Top Length: 37045  Top ID: 96.18
		Skipping redundant alignment 1017908 1018379 | 1 473 | 472 473 | 96.62 | NZ_CP007470.1_Haemophilus_influenzae_strain_477__complete_genome NODE_4_length_186812_cov_140.254013
		Skipping redundant alignment 1191366 1191742 | 1 377 | 377 377 | 96.83 | NZ_CP007470.1_Haemophilus_influenzae_strain_477__complete_genome NODE_4_length_186812_cov_140.254013
			Skipping redundant alignments after choosing the best set of alignments
		Skipping redundant alignment 1732711 1733201 | 488 1 | 491 488 | 96.54 | NZ_CP007470.1_Haemophilus_influenzae_strain_477__complete_genome NODE_4_length_186812_cov_140.254013
		This contig is misassembled. 11 total aligns.
			Warning! This contig is more unaligned than misassembled. Contig length is 186938 and total length of all aligns is 77001
		Alignment: 1308066 1308557 | 1 491 | 492 491 | 96.54 | NZ_CP007470.1_Haemophilus_influenzae_strain_477__complete_genome NODE_4_length_186812_cov_140.254013
		Alignment: 1058477 1064152 | 7344 13018 | 5676 5675 | 95.72 | NZ_CP007470.1_Haemophilus_influenzae_strain_477__complete_genome NODE_4_length_186812_cov_140.254013
		Alignment: 1158063 1166297 | 38812 30577 | 8235 8236 | 95.47 | NZ_CP007470.1_Haemophilus_influenzae_strain_477__complete_genome NODE_4_length_186812_cov_140.254013
		Alignment: 589649 626729 | 50830 87874 | 37081 37045 | 96.18 | NZ_CP007470.1_Haemophilus_influenzae_strain_477__complete_genome NODE_4_length_186812_cov_140.254013
		Alignment: 1064253 1087866 | 87869 111448 | 23614 23580 | 97.03 | NZ_CP007470.1_Haemophilus_influenzae_strain_477__complete_genome NODE_4_length_186812_cov_140.254013
		Alignment: 1415851 1415949 | 130713 130615 | 99 99 | 100.0 | NZ_CP007470.1_Haemophilus_influenzae_strain_477__complete_genome NODE_4_length_186812_cov_140.254013
		Alignment: 1108710 1110507 | 133869 135666 | 1798 1798 | 95.55 | NZ_CP007470.1_Haemophilus_influenzae_strain_477__complete_genome NODE_4_length_186812_cov_140.254013
		Alignment: 1186322 1186405 | 186856 186938 | 84 83 | 97.62 | NZ_CP007470.1_Haemophilus_influenzae_strain_477__complete_genome NODE_4_length_186812_cov_140.254013
		Unaligned bases: 109937
		This contig has both significant aligned and unaligned parts (of length >= min-contig)!
CONTIG: NODE_5_length_26946_cov_145.931458 (27072bp)
Top Length: 18544  Top ID: 96.01
		Skipping redundant alignment 1842642 1842766 | 126 3 | 125 124 | 98.4 | NZ_CP007470.1_Haemophilus_influenzae_strain_477__complete_genome NODE_5_length_26946_cov_145.931458
		Skipping redundant alignment 1051857 1051967 | 3 112 | 111 110 | 95.5 | NZ_CP007470.1_Haemophilus_influenzae_strain_477__complete_genome NODE_5_length_26946_cov_145.931458
		Skipping redundant alignment 1191745 1191824 | 15761 15840 | 80 80 | 100.0 | NZ_CP007470.1_Haemophilus_influenzae_strain_477__complete_genome NODE_5_length_26946_cov_145.931458
			Skipping redundant alignments after choosing the best set of alignments
		Skipping redundant alignment 2291 2416 | 27072 26947 | 126 126 | 96.83 | NZ_CP007470.1_Haemophilus_influenzae_strain_477__complete_genome NODE_5_length_26946_cov_145.931458
		Skipping redundant alignment 1012377 1012502 | 26947 27072 | 126 126 | 96.83 | NZ_CP007470.1_Haemophilus_influenzae_strain_477__complete_genome NODE_5_length_26946_cov_145.931458
		Skipping redundant alignment 1211342 1211426 | 26692 26776 | 85 85 | 100.0 | NZ_CP007470.1_Haemophilus_influenzae_strain_477__complete_genome NODE_5_length_26946_cov_145.931458
		Skipping redundant alignment 1738365 1738490 | 27072 26947 | 126 126 | 97.62 | NZ_CP007470.1_Haemophilus_influenzae_strain_477__complete_genome NODE_5_length_26946_cov_145.931458
		This contig is misassembled. 10 total aligns.
			Real Alignment 1: 1018286 1036812 | 3 18546 | 18527 18544 | 96.01 | NZ_CP007470.1_Haemophilus_influenzae_strain_477__complete_genome NODE_5_length_26946_cov_145.931458
			  Extensive misassembly ( relocation, inconsistency = 166284 ) between these two alignments
			Real Alignment 2: 1211241 1211322 | 26691 26772 | 82 82 | 100.0 | NZ_CP007470.1_Haemophilus_influenzae_strain_477__complete_genome NODE_5_length_26946_cov_145.931458
			  Extensive misassembly ( relocation, inconsistency = -25155 ) between these two alignments
			Real Alignment 3: 1186342 1186467 | 26947 27072 | 126 126 | 100.0 | NZ_CP007470.1_Haemophilus_influenzae_strain_477__complete_genome NODE_5_length_26946_cov_145.931458

CONTIG: NODE_6_length_10068_cov_175.156143 (10194bp)
Top Length: 10098  Top ID: 97.52
		Marking as insignificant: 1708734 1708860 | 10194 10068 | 127 127 | 97.64 | NZ_CP007470.1_Haemophilus_influenzae_strain_477__complete_genome NODE_6_length_10068_cov_175.156143
		One align captures most of this contig: 1738716 1748822 | 97 10194 | 10107 10098 | 97.52 | NZ_CP007470.1_Haemophilus_influenzae_strain_477__complete_genome NODE_6_length_10068_cov_175.156143

CONTIG: NODE_7_length_50836_cov_155.284012 (50962bp)
Top Length: 11252  Top ID: 96.18
		Skipping redundant alignment 1842610 1842755 | 148 4 | 146 145 | 98.63 | NZ_CP007470.1_Haemophilus_influenzae_strain_477__complete_genome NODE_7_length_50836_cov_155.284012
		Skipping redundant alignment 1018297 1018411 | 4 116 | 115 113 | 98.26 | NZ_CP007470.1_Haemophilus_influenzae_strain_477__complete_genome NODE_7_length_50836_cov_155.284012
		Skipping redundant alignment 1051868 1051967 | 4 102 | 100 99 | 96.0 | NZ_CP007470.1_Haemophilus_influenzae_strain_477__complete_genome NODE_7_length_50836_cov_155.284012
		This contig is misassembled. 9 total aligns.
			Real Alignment 1: 1308457 1317105 | 4 8649 | 8649 8646 | 95.38 | NZ_CP007470.1_Haemophilus_influenzae_strain_477__complete_genome NODE_7_length_50836_cov_155.284012
			  Extensive misassembly ( relocation, inconsistency = -440755 ) between these two alignments
			Real Alignment 2: 878340 889586 | 10639 21890 | 11247 11252 | 96.18 | NZ_CP007470.1_Haemophilus_influenzae_strain_477__complete_genome NODE_7_length_50836_cov_155.284012
			  Extensive misassembly ( relocation, inconsistency = -3250 ) between these two alignments
			Excluding internal overlap of size 64 between Alignment 3 and 4:  1276144 1283887 | 42476 34739 | 7744 7738 --> 1276144 1283823 | 42476 34803 | 7680 7674
			Real Alignment 3: 889676 899180 | 25230 34802 | 9505 9573 | 95.99 | NZ_CP007470.1_Haemophilus_influenzae_strain_477__complete_genome NODE_7_length_50836_cov_155.284012
			  Extensive misassembly ( relocation, inconsistency = 376963 ) between these two alignments
			Real Alignment 4: 1276144 1283823 | 42476 34803 | 7680 7674 | 95.74 | NZ_CP007470.1_Haemophilus_influenzae_strain_477__complete_genome NODE_7_length_50836_cov_155.284012
			  Extensive misassembly ( relocation, inconsistency = -102447 ) between these two alignments
			Real Alignment 5: 1182786 1183062 | 43886 44163 | 277 278 | 96.4 | NZ_CP007470.1_Haemophilus_influenzae_strain_477__complete_genome NODE_7_length_50836_cov_155.284012
			  Overlap between these two alignments (local misassembly). Inconsistency = -182 
			Real Alignment 6: 1183062 1185608 | 44345 46898 | 2547 2554 | 95.43 | NZ_CP007470.1_Haemophilus_influenzae_strain_477__complete_genome NODE_7_length_50836_cov_155.284012

CONTIG: NODE_8_length_1388_cov_514.852295 (1514bp)
Top Length: 1514  Top ID: 98.09
		This contig has 6 significant alignments. [An ambiguously mapped contig]
		Using only first of these alignment (option --ambiguity-usage is set to "one"):
		Alignment: 1050089 1051603 | 1 1514 | 1515 1514 | 98.09 | NZ_CP007470.1_Haemophilus_influenzae_strain_477__complete_genome NODE_8_length_1388_cov_514.852295
		Skipping alignment  1189977 1191491 | 1 1514 | 1515 1514 | 98.09 | NZ_CP007470.1_Haemophilus_influenzae_strain_477__complete_genome NODE_8_length_1388_cov_514.852295
		Skipping alignment  1016519 1018033 | 1 1514 | 1515 1514 | 98.02 | NZ_CP007470.1_Haemophilus_influenzae_strain_477__complete_genome NODE_8_length_1388_cov_514.852295
		Skipping alignment  1306677 1308191 | 1 1514 | 1515 1514 | 98.02 | NZ_CP007470.1_Haemophilus_influenzae_strain_477__complete_genome NODE_8_length_1388_cov_514.852295
		Skipping alignment  1843019 1844533 | 1514 1 | 1515 1514 | 98.02 | NZ_CP007470.1_Haemophilus_influenzae_strain_477__complete_genome NODE_8_length_1388_cov_514.852295
		Skipping alignment  1733076 1734590 | 1514 1 | 1515 1514 | 97.89 | NZ_CP007470.1_Haemophilus_influenzae_strain_477__complete_genome NODE_8_length_1388_cov_514.852295

CONTIG: NODE_9_length_3328_cov_573.854553 (3454bp)
Top Length: 3454  Top ID: 97.86
		Marking as insignificant: 1738357 1738490 | 134 1 | 134 134 | 97.01 | NZ_CP007470.1_Haemophilus_influenzae_strain_477__complete_genome NODE_9_length_3328_cov_573.854553
		Marking as insignificant: 1 215 | 2259 2045 | 215 215 | 100.0 | NZ_CP007470.1_Haemophilus_influenzae_strain_477__complete_genome NODE_9_length_3328_cov_573.854553
		Marking as insignificant: 1845853 1846259 | 2666 2260 | 407 407 | 100.0 | NZ_CP007470.1_Haemophilus_influenzae_strain_477__complete_genome NODE_9_length_3328_cov_573.854553
		Marking as insignificant: 1304980 1305601 | 2045 2666 | 622 622 | 99.68 | NZ_CP007470.1_Haemophilus_influenzae_strain_477__complete_genome NODE_9_length_3328_cov_573.854553
		Marking as insignificant: 1735666 1736287 | 2666 2045 | 622 622 | 100.0 | NZ_CP007470.1_Haemophilus_influenzae_strain_477__complete_genome NODE_9_length_3328_cov_573.854553
		Marking as insignificant: 1048148 1048769 | 2045 2666 | 622 622 | 100.0 | NZ_CP007470.1_Haemophilus_influenzae_strain_477__complete_genome NODE_9_length_3328_cov_573.854553
		Marking as insignificant: 1014578 1015199 | 2045 2666 | 622 622 | 100.0 | NZ_CP007470.1_Haemophilus_influenzae_strain_477__complete_genome NODE_9_length_3328_cov_573.854553
		Marking as insignificant: 1844962 1845744 | 3454 2671 | 783 784 | 97.71 | NZ_CP007470.1_Haemophilus_influenzae_strain_477__complete_genome NODE_9_length_3328_cov_573.854553
		Marking as insignificant: 1048878 1049660 | 2671 3454 | 783 784 | 97.71 | NZ_CP007470.1_Haemophilus_influenzae_strain_477__complete_genome NODE_9_length_3328_cov_573.854553
		Marking as insignificant: 1015308 1016090 | 2671 3454 | 783 784 | 97.71 | NZ_CP007470.1_Haemophilus_influenzae_strain_477__complete_genome NODE_9_length_3328_cov_573.854553
		Marking as insignificant: 1734774 1735557 | 3454 2671 | 784 784 | 98.47 | NZ_CP007470.1_Haemophilus_influenzae_strain_477__complete_genome NODE_9_length_3328_cov_573.854553
		Marking as insignificant: 1305710 1306493 | 2671 3454 | 784 784 | 98.6 | NZ_CP007470.1_Haemophilus_influenzae_strain_477__complete_genome NODE_9_length_3328_cov_573.854553
		Marking as insignificant: 1303120 1304861 | 296 2039 | 1742 1744 | 96.27 | NZ_CP007470.1_Haemophilus_influenzae_strain_477__complete_genome NODE_9_length_3328_cov_573.854553
		Marking as insignificant: 1736408 1738149 | 2039 296 | 1742 1744 | 96.5 | NZ_CP007470.1_Haemophilus_influenzae_strain_477__complete_genome NODE_9_length_3328_cov_573.854553
		One align captures most of this contig: 1186342 1189793 | 1 3454 | 3452 3454 | 97.86 | NZ_CP007470.1_Haemophilus_influenzae_strain_477__complete_genome NODE_9_length_3328_cov_573.854553

CONTIG: NODE_15_length_1150785_cov_139.851166 (1150911bp)
Top Length: 38887  Top ID: 95.36
		Skipping redundant alignment 1045947 1046028 | 82 1 | 82 82 | 98.78 | NZ_CP007470.1_Haemophilus_influenzae_strain_477__complete_genome NODE_15_length_1150785_cov_139.851166
		Skipping redundant alignment 1587429 1587497 | 86322 86390 | 69 69 | 100.0 | NZ_CP007470.1_Haemophilus_influenzae_strain_477__complete_genome NODE_15_length_1150785_cov_139.851166
		Skipping redundant alignment 1202914 1202995 | 572346 572427 | 82 82 | 100.0 | NZ_CP007470.1_Haemophilus_influenzae_strain_477__complete_genome NODE_15_length_1150785_cov_139.851166
		Skipping redundant alignment 24074 24151 | 572425 572348 | 78 78 | 100.0 | NZ_CP007470.1_Haemophilus_influenzae_strain_477__complete_genome NODE_15_length_1150785_cov_139.851166
		Skipping redundant alignment 1202996 1203248 | 572531 572784 | 253 254 | 95.67 | NZ_CP007470.1_Haemophilus_influenzae_strain_477__complete_genome NODE_15_length_1150785_cov_139.851166
		Skipping redundant alignment 1512719 1512797 | 572746 572668 | 79 79 | 100.0 | NZ_CP007470.1_Haemophilus_influenzae_strain_477__complete_genome NODE_15_length_1150785_cov_139.851166
		Skipping redundant alignment 1780840 1780966 | 1042025 1042155 | 127 131 | 95.42 | NZ_CP007470.1_Haemophilus_influenzae_strain_477__complete_genome NODE_15_length_1150785_cov_139.851166
		Skipping redundant alignment 1780840 1780966 | 1042025 1042151 | 127 127 | 98.43 | NZ_CP007470.1_Haemophilus_influenzae_strain_477__complete_genome NODE_15_length_1150785_cov_139.851166
		Skipping redundant alignment 1780881 1780966 | 1042106 1042191 | 86 86 | 100.0 | NZ_CP007470.1_Haemophilus_influenzae_strain_477__complete_genome NODE_15_length_1150785_cov_139.851166
		Skipping redundant alignment 1832891 1832997 | 1118667 1118564 | 107 104 | 97.2 | NZ_CP007470.1_Haemophilus_influenzae_strain_477__complete_genome NODE_15_length_1150785_cov_139.851166
		Skipping redundant alignment 1832855 1832948 | 1118667 1118574 | 94 94 | 100.0 | NZ_CP007470.1_Haemophilus_influenzae_strain_477__complete_genome NODE_15_length_1150785_cov_139.851166
			Skipping redundant alignments after choosing the best set of alignments
		Skipping redundant alignment 2335 2436 | 1 101 | 102 101 | 97.06 | NZ_CP007470.1_Haemophilus_influenzae_strain_477__complete_genome NODE_15_length_1150785_cov_139.851166
		This contig is misassembled. 90 total aligns.
			Real Alignment 1: 1186322 1186423 | 101 1 | 102 101 | 98.04 | NZ_CP007470.1_Haemophilus_influenzae_strain_477__complete_genome NODE_15_length_1150785_cov_139.851166
			  Extensive misassembly ( relocation, inconsistency = -1109 ) between these two alignments
			Real Alignment 2: 1186322 1186413 | 1209 1119 | 92 91 | 95.65 | NZ_CP007470.1_Haemophilus_influenzae_strain_477__complete_genome NODE_15_length_1150785_cov_139.851166
			  Extensive misassembly ( relocation, inconsistency = -1183917 ) between these two alignments
			Real Alignment 3: 2511 9899 | 1224 8594 | 7389 7371 | 95.48 | NZ_CP007470.1_Haemophilus_influenzae_strain_477__complete_genome NODE_15_length_1150785_cov_139.851166
			  Extensive misassembly ( relocation, inconsistency = -7804 ) between these two alignments
			Real Alignment 4: 9892 22744 | 16391 29263 | 12853 12873 | 95.04 | NZ_CP007470.1_Haemophilus_influenzae_strain_477__complete_genome NODE_15_length_1150785_cov_139.851166
			  Overlap between these two alignments (local misassembly). Inconsistency = -612 
			Excluding internal overlap of size 2 between Alignment 5 and 6:  24175 28904 | 31306 36028 | 4730 4723 --> 24175 28902 | 31306 36026 | 4728 4721
			Real Alignment 5: 24175 28902 | 31306 36026 | 4728 4721 | 95.86 | NZ_CP007470.1_Haemophilus_influenzae_strain_477__complete_genome NODE_15_length_1150785_cov_139.851166
			  Gap between these two alignments (local misassembly). Inconsistency = 163 
			Real Alignment 6: 29066 40413 | 36027 47377 | 11348 11351 | 97.78 | NZ_CP007470.1_Haemophilus_influenzae_strain_477__complete_genome NODE_15_length_1150785_cov_139.851166
			  Extensive misassembly ( relocation, inconsistency = 319379 ) between these two alignments
			Real Alignment 7: 364306 366864 | 54444 51891 | 2559 2554 | 96.02 | NZ_CP007470.1_Haemophilus_influenzae_strain_477__complete_genome NODE_15_length_1150785_cov_139.851166
			  Extensive misassembly ( relocation, inconsistency = 2103 ) between these two alignments
			Real Alignment 8: 359679 361706 | 56967 54941 | 2028 2027 | 96.16 | NZ_CP007470.1_Haemophilus_influenzae_strain_477__complete_genome NODE_15_length_1150785_cov_139.851166
			  Extensive misassembly ( relocation, inconsistency = -311119 ) between these two alignments
			Real Alignment 9: 50766 55516 | 57146 61896 | 4751 4751 | 95.31 | NZ_CP007470.1_Haemophilus_influenzae_strain_477__complete_genome NODE_15_length_1150785_cov_139.851166
			  Overlap between these two alignments (local misassembly). Inconsistency = -504 
			Real Alignment 10: 55476 63368 | 62360 70163 | 7893 7804 | 95.91 | NZ_CP007470.1_Haemophilus_influenzae_strain_477__complete_genome NODE_15_length_1150785_cov_139.851166
			  Extensive misassembly ( relocation, inconsistency = 394985 ) between these two alignments
			Real Alignment 11: 458357 474542 | 86331 70167 | 16186 16165 | 96.1 | NZ_CP007470.1_Haemophilus_influenzae_strain_477__complete_genome NODE_15_length_1150785_cov_139.851166
			  Extensive misassembly ( relocation, inconsistency = 1112856 ) between these two alignments
			Real Alignment 12: 1587429 1587497 | 86362 86430 | 69 69 | 100.0 | NZ_CP007470.1_Haemophilus_influenzae_strain_477__complete_genome NODE_15_length_1150785_cov_139.851166
			  Extensive misassembly ( relocation, inconsistency = -1145374 ) between these two alignments
			Real Alignment 13: 443387 458211 | 102503 87694 | 14825 14810 | 95.82 | NZ_CP007470.1_Haemophilus_influenzae_strain_477__complete_genome NODE_15_length_1150785_cov_139.851166
			  Extensive misassembly ( relocation, inconsistency = -87426 ) between these two alignments
			Real Alignment 14: 514008 530779 | 119294 102537 | 16772 16758 | 95.79 | NZ_CP007470.1_Haemophilus_influenzae_strain_477__complete_genome NODE_15_length_1150785_cov_139.851166
			  Overlap between these two alignments (local misassembly). Inconsistency = -987 
			Real Alignment 15: 513118 514017 | 121169 120272 | 900 898 | 97.11 | NZ_CP007470.1_Haemophilus_influenzae_strain_477__complete_genome NODE_15_length_1150785_cov_139.851166
			  Extensive misassembly ( relocation, inconsistency = -3089 ) between these two alignments
			Real Alignment 16: 485876 502186 | 151491 135190 | 16311 16302 | 96.08 | NZ_CP007470.1_Haemophilus_influenzae_strain_477__complete_genome NODE_15_length_1150785_cov_139.851166
			  Extensive misassembly ( relocation, inconsistency = -402194 ) between these two alignments
			Real Alignment 17: 142112 142548 | 193611 194051 | 437 441 | 96.15 | NZ_CP007470.1_Haemophilus_influenzae_strain_477__complete_genome NODE_15_length_1150785_cov_139.851166
			  Extensive misassembly ( relocation, inconsistency = 33758 ) between these two alignments
			Real Alignment 18: 190428 210704 | 208173 228459 | 20277 20287 | 96.01 | NZ_CP007470.1_Haemophilus_influenzae_strain_477__complete_genome NODE_15_length_1150785_cov_139.851166
			  Extensive misassembly ( relocation, inconsistency = -36948 ) between these two alignments
			Real Alignment 19: 173772 178376 | 228475 233076 | 4605 4602 | 95.53 | NZ_CP007470.1_Haemophilus_influenzae_strain_477__complete_genome NODE_15_length_1150785_cov_139.851166
			  Extensive misassembly ( relocation, inconsistency = 8924 ) between these two alignments
			Real Alignment 20: 219266 220438 | 265042 266212 | 1173 1171 | 98.21 | NZ_CP007470.1_Haemophilus_influenzae_strain_477__complete_genome NODE_15_length_1150785_cov_139.851166
			  Extensive misassembly ( relocation, inconsistency = 22970 ) between these two alignments
			Excluding internal overlap of size 1 between Alignment 21 and 22:  259321 260747 | 281327 282768 | 1427 1442 --> 259322 260747 | 281328 282768 | 1426 1441
			Real Alignment 21: 253166 258524 | 275970 281327 | 5359 5358 | 95.34 | NZ_CP007470.1_Haemophilus_influenzae_strain_477__complete_genome NODE_15_length_1150785_cov_139.851166
			  Gap between these two alignments (local misassembly). Inconsistency = 797 
			Real Alignment 22: 259322 260747 | 281328 282768 | 1426 1441 | 96.88 | NZ_CP007470.1_Haemophilus_influenzae_strain_477__complete_genome NODE_15_length_1150785_cov_139.851166
			  Overlap between these two alignments (local misassembly). Inconsistency = -393 
			Real Alignment 23: 260745 266850 | 283159 289243 | 6106 6085 | 98.43 | NZ_CP007470.1_Haemophilus_influenzae_strain_477__complete_genome NODE_15_length_1150785_cov_139.851166
			  Overlap between these two alignments (local misassembly). Inconsistency = -214 
			Real Alignment 24: 267271 275942 | 289878 298548 | 8672 8671 | 96.24 | NZ_CP007470.1_Haemophilus_influenzae_strain_477__complete_genome NODE_15_length_1150785_cov_139.851166
			  Extensive misassembly ( relocation, inconsistency = 1885 ) between these two alignments
			Real Alignment 25: 277962 296340 | 298683 317031 | 18379 18349 | 96.3 | NZ_CP007470.1_Haemophilus_influenzae_strain_477__complete_genome NODE_15_length_1150785_cov_139.851166
			  Extensive misassembly ( relocation, inconsistency = -93246 ) between these two alignments
			Real Alignment 26: 210782 212363 | 326300 324719 | 1582 1582 | 95.39 | NZ_CP007470.1_Haemophilus_influenzae_strain_477__complete_genome NODE_15_length_1150785_cov_139.851166
			  Extensive misassembly ( relocation, inconsistency = 37065 ) between these two alignments
			Real Alignment 27: 165188 173713 | 334829 326304 | 8526 8526 | 95.59 | NZ_CP007470.1_Haemophilus_influenzae_strain_477__complete_genome NODE_15_length_1150785_cov_139.851166
			  Extensive misassembly ( relocation, inconsistency = 109744 ) between these two alignments
			Real Alignment 28: 346190 346615 | 397562 397986 | 426 425 | 97.65 | NZ_CP007470.1_Haemophilus_influenzae_strain_477__complete_genome NODE_15_length_1150785_cov_139.851166
			  Extensive misassembly ( relocation, inconsistency = -248459 ) between these two alignments
			Real Alignment 29: 100058 100275 | 399888 400105 | 218 218 | 97.25 | NZ_CP007470.1_Haemophilus_influenzae_strain_477__complete_genome NODE_15_length_1150785_cov_139.851166
			  Extensive misassembly ( relocation, inconsistency = 236590 ) between these two alignments
			Real Alignment 30: 372929 379512 | 436169 442759 | 6584 6591 | 95.78 | NZ_CP007470.1_Haemophilus_influenzae_strain_477__complete_genome NODE_15_length_1150785_cov_139.851166
			  Extensive misassembly ( relocation, inconsistency = 1358 ) between these two alignments
			Real Alignment 31: 388391 400097 | 450280 461986 | 11707 11707 | 96.5 | NZ_CP007470.1_Haemophilus_influenzae_strain_477__complete_genome NODE_15_length_1150785_cov_139.851166
			  Extensive misassembly ( inversion ) between these two alignments
			Real Alignment 32: 402759 402973 | 465810 465595 | 215 216 | 97.22 | NZ_CP007470.1_Haemophilus_influenzae_strain_477__complete_genome NODE_15_length_1150785_cov_139.851166
			  Extensive misassembly ( inversion ) between these two alignments
			Excluding internal overlap of size 2 between Alignment 33 and 34:  438734 440268 | 501710 503244 | 1535 1535 --> 438736 440268 | 501712 503244 | 1533 1533
			Real Alignment 33: 424412 438435 | 487645 501711 | 14024 14067 | 96.01 | NZ_CP007470.1_Haemophilus_influenzae_strain_477__complete_genome NODE_15_length_1150785_cov_139.851166
			  Gap between these two alignments (local misassembly). Inconsistency = 300 
			Real Alignment 34: 438736 440268 | 501712 503244 | 1533 1533 | 98.24 | NZ_CP007470.1_Haemophilus_influenzae_strain_477__complete_genome NODE_15_length_1150785_cov_139.851166
			  Extensive misassembly ( relocation, inconsistency = 90487 ) between these two alignments
			Real Alignment 35: 533977 560547 | 506466 533057 | 26571 26592 | 95.62 | NZ_CP007470.1_Haemophilus_influenzae_strain_477__complete_genome NODE_15_length_1150785_cov_139.851166
			  Extensive misassembly ( relocation, inconsistency = 603417 ) between these two alignments
			Real Alignment 36: 1166310 1167344 | 535403 536442 | 1035 1040 | 95.58 | NZ_CP007470.1_Haemophilus_influenzae_strain_477__complete_genome NODE_15_length_1150785_cov_139.851166
			  Extensive misassembly ( relocation, inconsistency = 8494 ) between these two alignments
			Real Alignment 37: 1179685 1179961 | 540289 540565 | 277 277 | 96.03 | NZ_CP007470.1_Haemophilus_influenzae_strain_477__complete_genome NODE_15_length_1150785_cov_139.851166
			  Extensive misassembly ( relocation, inconsistency = 72489 ) between these two alignments
			Real Alignment 38: 1254814 1276080 | 564146 542929 | 21267 21218 | 96.26 | NZ_CP007470.1_Haemophilus_influenzae_strain_477__complete_genome NODE_15_length_1150785_cov_139.851166
			  Extensive misassembly ( relocation, inconsistency = -133726 ) between these two alignments
			Real Alignment 39: 1142406 1143397 | 564198 565189 | 992 992 | 95.46 | NZ_CP007470.1_Haemophilus_influenzae_strain_477__complete_genome NODE_15_length_1150785_cov_139.851166
			  Overlap between these two alignments (local misassembly). Inconsistency = -792 
			Real Alignment 40: 1143411 1145488 | 565995 568072 | 2078 2078 | 95.04 | NZ_CP007470.1_Haemophilus_influenzae_strain_477__complete_genome NODE_15_length_1150785_cov_139.851166
			  Gap between these two alignments (local misassembly). Inconsistency = 522 
			Real Alignment 41: 1146081 1146899 | 568143 568961 | 819 819 | 95.48 | NZ_CP007470.1_Haemophilus_influenzae_strain_477__complete_genome NODE_15_length_1150785_cov_139.851166
			  Overlap between these two alignments (local misassembly). Inconsistency = -203 
			Real Alignment 42: 1147205 1156430 | 569470 578712 | 9226 9243 | 95.3 | NZ_CP007470.1_Haemophilus_influenzae_strain_477__complete_genome NODE_15_length_1150785_cov_139.851166
			  Extensive misassembly ( relocation, inconsistency = 423109 ) between these two alignments
			Real Alignment 43: 1587429 1587497 | 586670 586602 | 69 69 | 100.0 | NZ_CP007470.1_Haemophilus_influenzae_strain_477__complete_genome NODE_15_length_1150785_cov_139.851166
			  Extensive misassembly ( relocation, inconsistency = -372826 ) between these two alignments
			Real Alignment 44: 1216981 1245889 | 588980 617976 | 28909 28997 | 96.83 | NZ_CP007470.1_Haemophilus_influenzae_strain_477__complete_genome NODE_15_length_1150785_cov_139.851166
			  Overlap between these two alignments (local misassembly). Inconsistency = -710 
			Excluding internal overlap of size 11 between Alignment 45 and 46:  1245943 1254633 | 618740 627425 | 8691 8686 --> 1245943 1254622 | 618740 627414 | 8680 8675
			Real Alignment 45: 1245943 1254622 | 618740 627414 | 8680 8675 | 96.23 | NZ_CP007470.1_Haemophilus_influenzae_strain_477__complete_genome NODE_15_length_1150785_cov_139.851166
			  Extensive misassembly ( relocation, inconsistency = -627386 ) between these two alignments
			Real Alignment 46: 627237 642785 | 627415 642963 | 15549 15549 | 99.87 | NZ_CP007470.1_Haemophilus_influenzae_strain_477__complete_genome NODE_15_length_1150785_cov_139.851166
			  Extensive misassembly ( relocation, inconsistency = -3991 ) between these two alignments
			Real Alignment 47: 642619 657416 | 646788 661573 | 14798 14786 | 98.32 | NZ_CP007470.1_Haemophilus_influenzae_strain_477__complete_genome NODE_15_length_1150785_cov_139.851166
			  Overlap between these two alignments (local misassembly). Inconsistency = -2 
			Real Alignment 48: 657539 677653 | 661698 681725 | 20115 20028 | 95.52 | NZ_CP007470.1_Haemophilus_influenzae_strain_477__complete_genome NODE_15_length_1150785_cov_139.851166
			  Overlap between these two alignments (local misassembly). Inconsistency = -15 
			Real Alignment 49: 677944 691931 | 682031 696020 | 13988 13990 | 95.25 | NZ_CP007470.1_Haemophilus_influenzae_strain_477__complete_genome NODE_15_length_1150785_cov_139.851166
			  Extensive misassembly ( relocation, inconsistency = -603302 ) between these two alignments
			Real Alignment 50: 100506 100725 | 707897 708116 | 220 220 | 96.36 | NZ_CP007470.1_Haemophilus_influenzae_strain_477__complete_genome NODE_15_length_1150785_cov_139.851166
			  Overlap between these two alignments (local misassembly). Inconsistency = -950 
			Real Alignment 51: 100725 101237 | 709066 709578 | 513 513 | 96.49 | NZ_CP007470.1_Haemophilus_influenzae_strain_477__complete_genome NODE_15_length_1150785_cov_139.851166
			  Extensive misassembly ( relocation, inconsistency = 557975 ) between these two alignments
			Excluding internal overlap of size 19 between Alignment 52 and 53:  732114 732275 | 782645 782807 | 162 163 --> 732133 732275 | 782664 782807 | 143 144
			Real Alignment 52: 711782 732275 | 762148 782663 | 20494 20516 | 97.35 | NZ_CP007470.1_Haemophilus_influenzae_strain_477__complete_genome NODE_15_length_1150785_cov_139.851166
			  Overlap between these two alignments (local misassembly). Inconsistency = -143 
			Excluding internal overlap of size 19 between Alignment 53 and 54:  732133 732275 | 782664 782807 | 143 144 --> 732133 732256 | 782664 782788 | 124 125
			Real Alignment 53: 732133 732256 | 782664 782788 | 124 125 | 95.71 | NZ_CP007470.1_Haemophilus_influenzae_strain_477__complete_genome NODE_15_length_1150785_cov_139.851166
			  Overlap between these two alignments (local misassembly). Inconsistency = -143 
			Real Alignment 54: 732114 736616 | 782789 787306 | 4503 4518 | 96.22 | NZ_CP007470.1_Haemophilus_influenzae_strain_477__complete_genome NODE_15_length_1150785_cov_139.851166
			  Extensive misassembly ( relocation, inconsistency = 1012 ) between these two alignments
			Real Alignment 55: 749815 754148 | 799493 803823 | 4334 4331 | 96.52 | NZ_CP007470.1_Haemophilus_influenzae_strain_477__complete_genome NODE_15_length_1150785_cov_139.851166
			  Gap between these two alignments (local misassembly). Inconsistency = 78 
			Real Alignment 56: 754315 766542 | 803912 816142 | 12228 12231 | 96.71 | NZ_CP007470.1_Haemophilus_influenzae_strain_477__complete_genome NODE_15_length_1150785_cov_139.851166
			  Extensive misassembly ( relocation, inconsistency = -2404 ) between these two alignments
			Real Alignment 57: 766578 770261 | 818582 822258 | 3684 3677 | 96.66 | NZ_CP007470.1_Haemophilus_influenzae_strain_477__complete_genome NODE_15_length_1150785_cov_139.851166
			  Gap between these two alignments (local misassembly). Inconsistency = 100 
			Real Alignment 58: 770428 787930 | 822325 839827 | 17503 17503 | 96.86 | NZ_CP007470.1_Haemophilus_influenzae_strain_477__complete_genome NODE_15_length_1150785_cov_139.851166
			  Gap between these two alignments (local misassembly). Inconsistency = 603 
			Real Alignment 59: 788678 812789 | 839972 864053 | 24112 24082 | 95.44 | NZ_CP007470.1_Haemophilus_influenzae_strain_477__complete_genome NODE_15_length_1150785_cov_139.851166
			  Gap between these two alignments (local misassembly). Inconsistency = 740 
			Real Alignment 60: 827548 850571 | 878072 901126 | 23024 23055 | 96.1 | NZ_CP007470.1_Haemophilus_influenzae_strain_477__complete_genome NODE_15_length_1150785_cov_139.851166
			  Extensive misassembly ( relocation, inconsistency = 48541 ) between these two alignments
			Real Alignment 61: 899231 900426 | 901245 902440 | 1196 1196 | 96.57 | NZ_CP007470.1_Haemophilus_influenzae_strain_477__complete_genome NODE_15_length_1150785_cov_139.851166
			  Extensive misassembly ( relocation, inconsistency = -1378 ) between these two alignments
			Real Alignment 62: 918524 937120 | 921916 940496 | 18597 18581 | 95.36 | NZ_CP007470.1_Haemophilus_influenzae_strain_477__complete_genome NODE_15_length_1150785_cov_139.851166
			  Overlap between these two alignments (local misassembly). Inconsistency = -382 
			Real Alignment 63: 937110 947074 | 940868 950833 | 9965 9966 | 99.07 | NZ_CP007470.1_Haemophilus_influenzae_strain_477__complete_genome NODE_15_length_1150785_cov_139.851166
			  Extensive misassembly ( relocation, inconsistency = 1061 ) between these two alignments
			Real Alignment 64: 948238 966193 | 950936 968987 | 17956 18052 | 96.46 | NZ_CP007470.1_Haemophilus_influenzae_strain_477__complete_genome NODE_15_length_1150785_cov_139.851166
			  Extensive misassembly ( relocation, inconsistency = -13294 ) between these two alignments
			Real Alignment 65: 966331 972644 | 982419 988731 | 6314 6313 | 96.77 | NZ_CP007470.1_Haemophilus_influenzae_strain_477__complete_genome NODE_15_length_1150785_cov_139.851166
			  Extensive misassembly ( relocation, inconsistency = 812203 ) between these two alignments
			Real Alignment 66: 1795913 1810178 | 999797 1014049 | 14266 14253 | 96.55 | NZ_CP007470.1_Haemophilus_influenzae_strain_477__complete_genome NODE_15_length_1150785_cov_139.851166
			  Extensive misassembly ( relocation, inconsistency = -5336 ) between these two alignments
			Real Alignment 67: 1824735 1830287 | 1033942 1039495 | 5553 5554 | 96.62 | NZ_CP007470.1_Haemophilus_influenzae_strain_477__complete_genome NODE_15_length_1150785_cov_139.851166
			  Overlap between these two alignments (local misassembly). Inconsistency = -15 
			Real Alignment 68: 1830987 1840127 | 1040210 1049333 | 9141 9124 | 95.95 | NZ_CP007470.1_Haemophilus_influenzae_strain_477__complete_genome NODE_15_length_1150785_cov_139.851166
			  Extensive misassembly ( relocation, inconsistency = -220284 ) between these two alignments
			Real Alignment 69: 1623705 1662598 | 1053195 1092081 | 38894 38887 | 95.36 | NZ_CP007470.1_Haemophilus_influenzae_strain_477__complete_genome NODE_15_length_1150785_cov_139.851166
			  Overlap between these two alignments (local misassembly). Inconsistency = -134 
			Real Alignment 70: 1662609 1668055 | 1092226 1097675 | 5447 5450 | 95.52 | NZ_CP007470.1_Haemophilus_influenzae_strain_477__complete_genome NODE_15_length_1150785_cov_139.851166
			  Extensive misassembly ( relocation, inconsistency = 109244 ) between these two alignments
			Real Alignment 71: 1787408 1791080 | 1111456 1107784 | 3673 3673 | 98.83 | NZ_CP007470.1_Haemophilus_influenzae_strain_477__complete_genome NODE_15_length_1150785_cov_139.851166
			  Overlap between these two alignments (local misassembly). Inconsistency = -199 
			Excluding internal overlap of size 7 between Alignment 72 and 73:  1781241 1781447 | 1118041 1117833 | 207 209 --> 1781241 1781440 | 1118041 1117840 | 200 202
			Real Alignment 72: 1781227 1787407 | 1117839 1111656 | 6181 6184 | 95.62 | NZ_CP007470.1_Haemophilus_influenzae_strain_477__complete_genome NODE_15_length_1150785_cov_139.851166
			  Overlap between these two alignments (local misassembly). Inconsistency = -214 
			Real Alignment 73: 1781241 1781440 | 1118041 1117840 | 200 202 | 96.17 | NZ_CP007470.1_Haemophilus_influenzae_strain_477__complete_genome NODE_15_length_1150785_cov_139.851166
			  Extensive misassembly ( relocation, inconsistency = 56366 ) between these two alignments
			Real Alignment 74: 1724651 1724785 | 1118265 1118131 | 135 135 | 97.78 | NZ_CP007470.1_Haemophilus_influenzae_strain_477__complete_genome NODE_15_length_1150785_cov_139.851166
			  Extensive misassembly ( relocation, inconsistency = -56626 ) between these two alignments
			Real Alignment 75: 1780881 1781225 | 1118659 1118317 | 345 343 | 96.81 | NZ_CP007470.1_Haemophilus_influenzae_strain_477__complete_genome NODE_15_length_1150785_cov_139.851166
			  Overlap between these two alignments (local misassembly). Inconsistency = -263 
			Real Alignment 76: 1773243 1777648 | 1126533 1122155 | 4406 4379 | 95.1 | NZ_CP007470.1_Haemophilus_influenzae_strain_477__complete_genome NODE_15_length_1150785_cov_139.851166
			  Gap between these two alignments (local misassembly). Inconsistency = 665 
			Real Alignment 77: 1767042 1772523 | 1132069 1126588 | 5482 5482 | 95.37 | NZ_CP007470.1_Haemophilus_influenzae_strain_477__complete_genome NODE_15_length_1150785_cov_139.851166
			  Extensive misassembly ( relocation, inconsistency = -2109 ) between these two alignments
			Real Alignment 78: 1750670 1762751 | 1150533 1138469 | 12082 12065 | 95.29 | NZ_CP007470.1_Haemophilus_influenzae_strain_477__complete_genome NODE_15_length_1150785_cov_139.851166

CONTIG: NODE_16_length_1163_cov_286.803101 (1289bp)
Top Length: 1276  Top ID: 96.71
			Skipping redundant alignments after choosing the best set of alignments
		Skipping redundant alignment 1748697 1749973 | 1289 14 | 1277 1276 | 96.71 | NZ_CP007470.1_Haemophilus_influenzae_strain_477__complete_genome NODE_16_length_1163_cov_286.803101
		This contig is partially unaligned. (Aligned 1276 out of 1289 bases)
		Alignment: 1707583 1708859 | 14 1289 | 1277 1276 | 96.63 | NZ_CP007470.1_Haemophilus_influenzae_strain_477__complete_genome NODE_16_length_1163_cov_286.803101
		Unaligned bases: 1 to 13 (13)

CONTIG: NODE_17_length_551_cov_403.508179 (677bp)
Top Length: 127  Top ID: 98.43
			Skipping redundant alignments after choosing the best set of alignments
		Skipping redundant alignment 1189976 1190102 | 551 677 | 127 127 | 98.43 | NZ_CP007470.1_Haemophilus_influenzae_strain_477__complete_genome NODE_17_length_551_cov_403.508179
		Skipping redundant alignment 1734465 1734590 | 677 552 | 126 126 | 98.41 | NZ_CP007470.1_Haemophilus_influenzae_strain_477__complete_genome NODE_17_length_551_cov_403.508179
		Skipping redundant alignment 1734772 1734899 | 128 1 | 128 128 | 97.66 | NZ_CP007470.1_Haemophilus_influenzae_strain_477__complete_genome NODE_17_length_551_cov_403.508179
		This contig is misassembled. 5 total aligns.
			Warning! This contig is more unaligned than misassembled. Contig length is 677 and total length of all aligns is 254
		Alignment: 1306368 1306495 | 1 128 | 128 128 | 97.66 | NZ_CP007470.1_Haemophilus_influenzae_strain_477__complete_genome NODE_17_length_551_cov_403.508179
		Alignment: 1306677 1306802 | 552 677 | 126 126 | 99.21 | NZ_CP007470.1_Haemophilus_influenzae_strain_477__complete_genome NODE_17_length_551_cov_403.508179
		Unaligned bases: 423
Analyzing coverage...
Writing SNPs into /data/projects/Assembly/Aroon/reports/GCF_000931575.1_ASM93157v1_genomic/contigs_reports/nucmer_output/M10540_contigs.used_snps
	Reference NZ_CP007470.1_Haemophilus_influenzae_strain_477__complete_genome: 130 total alignments. 1 total regions.
		Region: 1 to 1846259 (1846259 bp)
			START in gap: 1 to 2511 (2510 bp)
			Align 1: 2511 9899 NODE_15_length_1150785_cov_139.851166 1224 8594
				Negative gap (overlap) between this and next alignment: 9899 to 9892 (-7 bp)
				Next Alignment: 9892 22744 NODE_15_length_1150785_cov_139.851166 16391 29263

			Previous gap was negative, modifying coordinates to ignore overlap
				Moving contig start from 16391 to 16399.
			Align 2: 9900 22744 NODE_15_length_1150785_cov_139.851166 16399 29263
				Gap between this and next alignment: 22744 to 24175 (1430 bp)
				Next Alignment: 24175 28902 NODE_15_length_1150785_cov_139.851166 31306 36026

			Align 3: 24175 28902 NODE_15_length_1150785_cov_139.851166 31306 36026
				Gap between this and next alignment: 28902 to 29066 (163 bp)
				Next Alignment: 29066 40413 NODE_15_length_1150785_cov_139.851166 36027 47377

			Align 4: 29066 40413 NODE_15_length_1150785_cov_139.851166 36027 47377
				Gap between this and next alignment: 40413 to 50766 (10352 bp)
				Next Alignment: 50766 55516 NODE_15_length_1150785_cov_139.851166 57146 61896

			Align 5: 50766 55516 NODE_15_length_1150785_cov_139.851166 57146 61896
				Negative gap (overlap) between this and next alignment: 55516 to 55476 (-40 bp)
				Next Alignment: 55476 63368 NODE_15_length_1150785_cov_139.851166 62360 70163

			Previous gap was negative, modifying coordinates to ignore overlap
				Moving contig start from 62360 to 62401.
			Align 6: 55517 63368 NODE_15_length_1150785_cov_139.851166 62401 70163
				Gap between this and next alignment: 63368 to 100058 (36689 bp)
				Next Alignment: 100058 100275 NODE_15_length_1150785_cov_139.851166 399888 400105

			Align 7: 100058 100275 NODE_15_length_1150785_cov_139.851166 399888 400105
				Gap between this and next alignment: 100275 to 100506 (230 bp)
				Next Alignment: 100506 100725 NODE_15_length_1150785_cov_139.851166 707897 708116

			Align 8: 100506 100725 NODE_15_length_1150785_cov_139.851166 707897 708116
				Negative gap (overlap) between this and next alignment: 100725 to 100725 (0 bp)
				Next Alignment: 100725 101237 NODE_15_length_1150785_cov_139.851166 709066 709578

			Previous gap was negative, modifying coordinates to ignore overlap
				Moving contig start from 709066 to 709067.
			Align 9: 100726 101237 NODE_15_length_1150785_cov_139.851166 709067 709578
				Gap between this and next alignment: 101237 to 142112 (40874 bp)
				Next Alignment: 142112 142548 NODE_15_length_1150785_cov_139.851166 193611 194051

			Align 10: 142112 142548 NODE_15_length_1150785_cov_139.851166 193611 194051
				Gap between this and next alignment: 142548 to 165188 (22639 bp)
				Next Alignment: 165188 173713 NODE_15_length_1150785_cov_139.851166 334829 326304

			Align 11: 165188 173713 NODE_15_length_1150785_cov_139.851166 334829 326304
				Gap between this and next alignment: 173713 to 173772 (58 bp)
				Next Alignment: 173772 178376 NODE_15_length_1150785_cov_139.851166 228475 233076

			Align 12: 173772 178376 NODE_15_length_1150785_cov_139.851166 228475 233076
				Gap between this and next alignment: 178376 to 190428 (12051 bp)
				Next Alignment: 190428 210704 NODE_15_length_1150785_cov_139.851166 208173 228459

			Align 13: 190428 210704 NODE_15_length_1150785_cov_139.851166 208173 228459
				Gap between this and next alignment: 210704 to 210782 (77 bp)
				Next Alignment: 210782 212363 NODE_15_length_1150785_cov_139.851166 326300 324719

			Align 14: 210782 212363 NODE_15_length_1150785_cov_139.851166 326300 324719
				Gap between this and next alignment: 212363 to 219266 (6902 bp)
				Next Alignment: 219266 220438 NODE_15_length_1150785_cov_139.851166 265042 266212

			Align 15: 219266 220438 NODE_15_length_1150785_cov_139.851166 265042 266212
				Gap between this and next alignment: 220438 to 253166 (32727 bp)
				Next Alignment: 253166 258524 NODE_15_length_1150785_cov_139.851166 275970 281327

			Align 16: 253166 258524 NODE_15_length_1150785_cov_139.851166 275970 281327
				Gap between this and next alignment: 258524 to 259322 (797 bp)
				Next Alignment: 259322 260747 NODE_15_length_1150785_cov_139.851166 281328 282768

			Align 17: 259322 260747 NODE_15_length_1150785_cov_139.851166 281328 282768
				Negative gap (overlap) between this and next alignment: 260747 to 260745 (-2 bp)
				Next Alignment: 260745 266850 NODE_15_length_1150785_cov_139.851166 283159 289243

			Previous gap was negative, modifying coordinates to ignore overlap
				Moving contig start from 283159 to 283162.
			Align 18: 260748 266850 NODE_15_length_1150785_cov_139.851166 283162 289243
				Gap between this and next alignment: 266850 to 267271 (420 bp)
				Next Alignment: 267271 275942 NODE_15_length_1150785_cov_139.851166 289878 298548

			Align 19: 267271 275942 NODE_15_length_1150785_cov_139.851166 289878 298548
				Gap between this and next alignment: 275942 to 277962 (2019 bp)
				Next Alignment: 277962 296340 NODE_15_length_1150785_cov_139.851166 298683 317031

			Align 20: 277962 296340 NODE_15_length_1150785_cov_139.851166 298683 317031
				Gap between this and next alignment: 296340 to 346190 (49849 bp)
				Next Alignment: 346190 346615 NODE_15_length_1150785_cov_139.851166 397562 397986

			Align 21: 346190 346615 NODE_15_length_1150785_cov_139.851166 397562 397986
				Gap between this and next alignment: 346615 to 359679 (13063 bp)
				Next Alignment: 359679 361706 NODE_15_length_1150785_cov_139.851166 56967 54941

			Align 22: 359679 361706 NODE_15_length_1150785_cov_139.851166 56967 54941
				Gap between this and next alignment: 361706 to 364306 (2599 bp)
				Next Alignment: 364306 366864 NODE_15_length_1150785_cov_139.851166 54444 51891

			Align 23: 364306 366864 NODE_15_length_1150785_cov_139.851166 54444 51891
				Gap between this and next alignment: 366864 to 372929 (6064 bp)
				Next Alignment: 372929 379512 NODE_15_length_1150785_cov_139.851166 436169 442759

			Align 24: 372929 379512 NODE_15_length_1150785_cov_139.851166 436169 442759
				Gap between this and next alignment: 379512 to 388391 (8878 bp)
				Next Alignment: 388391 400097 NODE_15_length_1150785_cov_139.851166 450280 461986

			Align 25: 388391 400097 NODE_15_length_1150785_cov_139.851166 450280 461986
				Gap between this and next alignment: 400097 to 402759 (2661 bp)
				Next Alignment: 402759 402973 NODE_15_length_1150785_cov_139.851166 465810 465595

			Align 26: 402759 402973 NODE_15_length_1150785_cov_139.851166 465810 465595
				Gap between this and next alignment: 402973 to 424412 (21438 bp)
				Next Alignment: 424412 438435 NODE_15_length_1150785_cov_139.851166 487645 501711

			Align 27: 424412 438435 NODE_15_length_1150785_cov_139.851166 487645 501711
				Gap between this and next alignment: 438435 to 438736 (300 bp)
				Next Alignment: 438736 440268 NODE_15_length_1150785_cov_139.851166 501712 503244

			Align 28: 438736 440268 NODE_15_length_1150785_cov_139.851166 501712 503244
				Gap between this and next alignment: 440268 to 443387 (3118 bp)
				Next Alignment: 443387 458211 NODE_15_length_1150785_cov_139.851166 102503 87694

			Align 29: 443387 458211 NODE_15_length_1150785_cov_139.851166 102503 87694
				Gap between this and next alignment: 458211 to 458357 (145 bp)
				Next Alignment: 458357 474542 NODE_15_length_1150785_cov_139.851166 86331 70167

			Align 30: 458357 474542 NODE_15_length_1150785_cov_139.851166 86331 70167
				Gap between this and next alignment: 474542 to 485876 (11333 bp)
				Next Alignment: 485876 502186 NODE_15_length_1150785_cov_139.851166 151491 135190

			Align 31: 485876 502186 NODE_15_length_1150785_cov_139.851166 151491 135190
				Gap between this and next alignment: 502186 to 513118 (10931 bp)
				Next Alignment: 513118 514017 NODE_15_length_1150785_cov_139.851166 121169 120272

			Align 32: 513118 514017 NODE_15_length_1150785_cov_139.851166 121169 120272
				Negative gap (overlap) between this and next alignment: 514017 to 514008 (-9 bp)
				Next Alignment: 514008 530779 NODE_15_length_1150785_cov_139.851166 119294 102537

			Previous gap was negative, modifying coordinates to ignore overlap
				Moving contig start from 119294 to 119284.
			Align 33: 514018 530779 NODE_15_length_1150785_cov_139.851166 119284 102537
				Gap between this and next alignment: 530779 to 533977 (3197 bp)
				Next Alignment: 533977 560547 NODE_15_length_1150785_cov_139.851166 506466 533057

			Align 34: 533977 560547 NODE_15_length_1150785_cov_139.851166 506466 533057
				Gap between this and next alignment: 560547 to 589649 (29101 bp)
				Next Alignment: 589649 626729 NODE_4_length_186812_cov_140.254013 50830 87874

			Align 35: 589649 626729 NODE_4_length_186812_cov_140.254013 50830 87874
				Gap between this and next alignment: 626729 to 627237 (507 bp)
				Next Alignment: 627237 642785 NODE_15_length_1150785_cov_139.851166 627415 642963

			Align 36: 627237 642785 NODE_15_length_1150785_cov_139.851166 627415 642963
				Negative gap (overlap) between this and next alignment: 642785 to 642619 (-166 bp)
				Next Alignment: 642619 657416 NODE_15_length_1150785_cov_139.851166 646788 661573

			Previous gap was negative, modifying coordinates to ignore overlap
				Moving contig start from 646788 to 646951.
			Align 37: 642786 657416 NODE_15_length_1150785_cov_139.851166 646951 661573
				Gap between this and next alignment: 657416 to 657539 (122 bp)
				Next Alignment: 657539 677653 NODE_15_length_1150785_cov_139.851166 661698 681725

			Align 38: 657539 677653 NODE_15_length_1150785_cov_139.851166 661698 681725
				Gap between this and next alignment: 677653 to 677944 (290 bp)
				Next Alignment: 677944 691931 NODE_15_length_1150785_cov_139.851166 682031 696020

			Align 39: 677944 691931 NODE_15_length_1150785_cov_139.851166 682031 696020
				Gap between this and next alignment: 691931 to 711782 (19850 bp)
				Next Alignment: 711782 732275 NODE_15_length_1150785_cov_139.851166 762148 782663

			Align 40: 711782 732275 NODE_15_length_1150785_cov_139.851166 762148 782663
				Negative gap (overlap) between this and next alignment: 732275 to 732114 (-161 bp)
				Next Alignment: 732114 736616 NODE_15_length_1150785_cov_139.851166 782789 787306

			Previous gap was negative, modifying coordinates to ignore overlap
				Moving contig start from 782789 to 782953.
			Align 41: 732276 736616 NODE_15_length_1150785_cov_139.851166 782953 787306
				The next alignment (732133 732256 NODE_15_length_1150785_cov_139.851166 782664 782788) is redundant. Skipping.
				Gap between this and next alignment: 736616 to 749815 (13198 bp)
				Next Alignment: 749815 754148 NODE_15_length_1150785_cov_139.851166 799493 803823

			Align 43: 749815 754148 NODE_15_length_1150785_cov_139.851166 799493 803823
				Gap between this and next alignment: 754148 to 754315 (166 bp)
				Next Alignment: 754315 766542 NODE_15_length_1150785_cov_139.851166 803912 816142

			Align 44: 754315 766542 NODE_15_length_1150785_cov_139.851166 803912 816142
				Gap between this and next alignment: 766542 to 766578 (35 bp)
				Next Alignment: 766578 770261 NODE_15_length_1150785_cov_139.851166 818582 822258

			Align 45: 766578 770261 NODE_15_length_1150785_cov_139.851166 818582 822258
				Gap between this and next alignment: 770261 to 770428 (166 bp)
				Next Alignment: 770428 787930 NODE_15_length_1150785_cov_139.851166 822325 839827

			Align 46: 770428 787930 NODE_15_length_1150785_cov_139.851166 822325 839827
				Gap between this and next alignment: 787930 to 788678 (747 bp)
				Next Alignment: 788678 812789 NODE_15_length_1150785_cov_139.851166 839972 864053

			Align 47: 788678 812789 NODE_15_length_1150785_cov_139.851166 839972 864053
				Gap between this and next alignment: 812789 to 827548 (14758 bp)
				Next Alignment: 827548 850571 NODE_15_length_1150785_cov_139.851166 878072 901126

			Align 48: 827548 850571 NODE_15_length_1150785_cov_139.851166 878072 901126
				Gap between this and next alignment: 850571 to 850762 (190 bp)
				Next Alignment: 850762 854376 NODE_1_length_311333_cov_153.831482 82059 85672

			Align 49: 850762 854376 NODE_1_length_311333_cov_153.831482 82059 85672
				Gap between this and next alignment: 854376 to 856133 (1756 bp)
				Next Alignment: 856133 878214 NODE_1_length_311333_cov_153.831482 85696 107780

			Align 50: 856133 878214 NODE_1_length_311333_cov_153.831482 85696 107780
				Gap between this and next alignment: 878214 to 878340 (125 bp)
				Next Alignment: 878340 889586 NODE_7_length_50836_cov_155.284012 10639 21890

			Align 51: 878340 889586 NODE_7_length_50836_cov_155.284012 10639 21890
				Gap between this and next alignment: 889586 to 889676 (89 bp)
				Next Alignment: 889676 899180 NODE_7_length_50836_cov_155.284012 25230 34802

			Align 52: 889676 899180 NODE_7_length_50836_cov_155.284012 25230 34802
				Gap between this and next alignment: 899180 to 899231 (50 bp)
				Next Alignment: 899231 900426 NODE_15_length_1150785_cov_139.851166 901245 902440

			Align 53: 899231 900426 NODE_15_length_1150785_cov_139.851166 901245 902440
				Gap between this and next alignment: 900426 to 918524 (18097 bp)
				Next Alignment: 918524 937120 NODE_15_length_1150785_cov_139.851166 921916 940496

			Align 54: 918524 937120 NODE_15_length_1150785_cov_139.851166 921916 940496
				Negative gap (overlap) between this and next alignment: 937120 to 937110 (-10 bp)
				Next Alignment: 937110 947074 NODE_15_length_1150785_cov_139.851166 940868 950833

			Previous gap was negative, modifying coordinates to ignore overlap
				Moving contig start from 940868 to 940879.
			Align 55: 937121 947074 NODE_15_length_1150785_cov_139.851166 940879 950833
				Gap between this and next alignment: 947074 to 948238 (1163 bp)
				Next Alignment: 948238 966193 NODE_15_length_1150785_cov_139.851166 950936 968987

			Align 56: 948238 966193 NODE_15_length_1150785_cov_139.851166 950936 968987
				Gap between this and next alignment: 966193 to 966331 (137 bp)
				Next Alignment: 966331 972644 NODE_15_length_1150785_cov_139.851166 982419 988731

			Align 57: 966331 972644 NODE_15_length_1150785_cov_139.851166 982419 988731
				Gap between this and next alignment: 972644 to 978408 (5763 bp)
				Next Alignment: 978408 985011 NODE_2_length_39119_cov_167.875656 29975 36579

			Align 58: 978408 985011 NODE_2_length_39119_cov_167.875656 29975 36579
				Gap between this and next alignment: 985011 to 1018286 (33274 bp)
				Next Alignment: 1018286 1036812 NODE_5_length_26946_cov_145.931458 3 18546

			Align 59: 1018286 1036812 NODE_5_length_26946_cov_145.931458 3 18546
				Gap between this and next alignment: 1036812 to 1045692 (8879 bp)
				Next Alignment: 1045692 1045776 NODE_1_length_311333_cov_153.831482 286869 286785

			Align 60: 1045692 1045776 NODE_1_length_311333_cov_153.831482 286869 286785
				The next alignment (1045692 1045772 NODE_1_length_311333_cov_153.831482 286969 286889) is redundant. Skipping.
				Gap between this and next alignment: 1045776 to 1050089 (4312 bp)
				Next Alignment: 1050089 1051603 NODE_8_length_1388_cov_514.852295 1 1514

			Align 62: 1050089 1051603 NODE_8_length_1388_cov_514.852295 1 1514
				Gap between this and next alignment: 1051603 to 1058477 (6873 bp)
				Next Alignment: 1058477 1064152 NODE_4_length_186812_cov_140.254013 7344 13018

			Align 63: 1058477 1064152 NODE_4_length_186812_cov_140.254013 7344 13018
				Gap between this and next alignment: 1064152 to 1064253 (100 bp)
				Next Alignment: 1064253 1087866 NODE_4_length_186812_cov_140.254013 87869 111448

			Align 64: 1064253 1087866 NODE_4_length_186812_cov_140.254013 87869 111448
				Gap between this and next alignment: 1087866 to 1108710 (20843 bp)
				Next Alignment: 1108710 1110507 NODE_4_length_186812_cov_140.254013 133869 135666

			Align 65: 1108710 1110507 NODE_4_length_186812_cov_140.254013 133869 135666
				Gap between this and next alignment: 1110507 to 1142406 (31898 bp)
				Next Alignment: 1142406 1143397 NODE_15_length_1150785_cov_139.851166 564198 565189

			Align 66: 1142406 1143397 NODE_15_length_1150785_cov_139.851166 564198 565189
				Gap between this and next alignment: 1143397 to 1143411 (13 bp)
				Next Alignment: 1143411 1145488 NODE_15_length_1150785_cov_139.851166 565995 568072

			Align 67: 1143411 1145488 NODE_15_length_1150785_cov_139.851166 565995 568072
				Gap between this and next alignment: 1145488 to 1146081 (592 bp)
				Next Alignment: 1146081 1146899 NODE_15_length_1150785_cov_139.851166 568143 568961

			Align 68: 1146081 1146899 NODE_15_length_1150785_cov_139.851166 568143 568961
				Gap between this and next alignment: 1146899 to 1147205 (305 bp)
				Next Alignment: 1147205 1156430 NODE_15_length_1150785_cov_139.851166 569470 578712

			Align 69: 1147205 1156430 NODE_15_length_1150785_cov_139.851166 569470 578712
				The next alignment (1150081 1150162 NODE_1_length_311333_cov_153.831482 299672 299591) is redundant. Skipping.
				The next alignment (1150266 1150528 NODE_1_length_311333_cov_153.831482 299590 299329) is redundant. Skipping.
				Gap between this and next alignment: 1156430 to 1158063 (1632 bp)
				Next Alignment: 1158063 1166297 NODE_4_length_186812_cov_140.254013 38812 30577

			Align 72: 1158063 1166297 NODE_4_length_186812_cov_140.254013 38812 30577
				Gap between this and next alignment: 1166297 to 1166310 (12 bp)
				Next Alignment: 1166310 1167344 NODE_15_length_1150785_cov_139.851166 535403 536442

			Align 73: 1166310 1167344 NODE_15_length_1150785_cov_139.851166 535403 536442
				Gap between this and next alignment: 1167344 to 1179685 (12340 bp)
				Next Alignment: 1179685 1179961 NODE_15_length_1150785_cov_139.851166 540289 540565

			Align 74: 1179685 1179961 NODE_15_length_1150785_cov_139.851166 540289 540565
				Gap between this and next alignment: 1179961 to 1182786 (2824 bp)
				Next Alignment: 1182786 1183062 NODE_7_length_50836_cov_155.284012 43886 44163

			Align 75: 1182786 1183062 NODE_7_length_50836_cov_155.284012 43886 44163
				Negative gap (overlap) between this and next alignment: 1183062 to 1183062 (0 bp)
				Next Alignment: 1183062 1185608 NODE_7_length_50836_cov_155.284012 44345 46898

			Previous gap was negative, modifying coordinates to ignore overlap
				Moving contig start from 44345 to 44346.
			Align 76: 1183063 1185608 NODE_7_length_50836_cov_155.284012 44346 46898
				Gap between this and next alignment: 1185608 to 1186322 (713 bp)
				Next Alignment: 1186322 1186405 NODE_1_length_311333_cov_153.831482 83 1

			Align 77: 1186322 1186405 NODE_1_length_311333_cov_153.831482 83 1
				The next alignment (1186322 1186405 NODE_4_length_186812_cov_140.254013 186856 186938) is redundant. Skipping.
				Negative gap (overlap) between this and next alignment: 1186405 to 1186322 (-83 bp)
				Next Alignment: 1186322 1186423 NODE_15_length_1150785_cov_139.851166 101 1

			Previous gap was negative, modifying coordinates to ignore overlap
				Moving contig start from 101 to 19.
			Align 79: 1186406 1186423 NODE_15_length_1150785_cov_139.851166 19 1
				The next alignment (1186322 1186413 NODE_15_length_1150785_cov_139.851166 1209 1119) is redundant. Skipping.
				Negative gap (overlap) between this and next alignment: 1186423 to 1186342 (-81 bp)
				Next Alignment: 1186342 1186467 NODE_5_length_26946_cov_145.931458 26947 27072

			Previous gap was negative, modifying coordinates to ignore overlap
				Moving contig start from 26947 to 27029.
			Align 81: 1186424 1186467 NODE_5_length_26946_cov_145.931458 27029 27072
				Negative gap (overlap) between this and next alignment: 1186467 to 1186342 (-125 bp)
				Next Alignment: 1186342 1189793 NODE_9_length_3328_cov_573.854553 1 3454

			Previous gap was negative, modifying coordinates to ignore overlap
				Moving contig start from 1 to 127.
			Align 82: 1186468 1189793 NODE_9_length_3328_cov_573.854553 127 3454
				Gap between this and next alignment: 1189793 to 1191618 (1824 bp)
				Next Alignment: 1191618 1197212 NODE_1_length_311333_cov_153.831482 311459 305870

			Align 83: 1191618 1197212 NODE_1_length_311333_cov_153.831482 311459 305870
				Gap between this and next alignment: 1197212 to 1211241 (14028 bp)
				Next Alignment: 1211241 1211322 NODE_5_length_26946_cov_145.931458 26691 26772

			Align 84: 1211241 1211322 NODE_5_length_26946_cov_145.931458 26691 26772
				Gap between this and next alignment: 1211322 to 1216981 (5658 bp)
				Next Alignment: 1216981 1245889 NODE_15_length_1150785_cov_139.851166 588980 617976

			Align 85: 1216981 1245889 NODE_15_length_1150785_cov_139.851166 588980 617976
				Gap between this and next alignment: 1245889 to 1245943 (53 bp)
				Next Alignment: 1245943 1254622 NODE_15_length_1150785_cov_139.851166 618740 627414

			Align 86: 1245943 1254622 NODE_15_length_1150785_cov_139.851166 618740 627414
				Gap between this and next alignment: 1254622 to 1254814 (191 bp)
				Next Alignment: 1254814 1276080 NODE_15_length_1150785_cov_139.851166 564146 542929

			Align 87: 1254814 1276080 NODE_15_length_1150785_cov_139.851166 564146 542929
				Gap between this and next alignment: 1276080 to 1276144 (63 bp)
				Next Alignment: 1276144 1283823 NODE_7_length_50836_cov_155.284012 42476 34803

			Align 88: 1276144 1283823 NODE_7_length_50836_cov_155.284012 42476 34803
				Gap between this and next alignment: 1283823 to 1306368 (22544 bp)
				Next Alignment: 1306368 1306495 NODE_17_length_551_cov_403.508179 1 128

			Align 89: 1306368 1306495 NODE_17_length_551_cov_403.508179 1 128
				Gap between this and next alignment: 1306495 to 1306677 (181 bp)
				Next Alignment: 1306677 1306802 NODE_17_length_551_cov_403.508179 552 677

			Align 90: 1306677 1306802 NODE_17_length_551_cov_403.508179 552 677
				Gap between this and next alignment: 1306802 to 1308066 (1263 bp)
				Next Alignment: 1308066 1308557 NODE_4_length_186812_cov_140.254013 1 491

			Align 91: 1308066 1308557 NODE_4_length_186812_cov_140.254013 1 491
				Negative gap (overlap) between this and next alignment: 1308557 to 1308457 (-100 bp)
				Next Alignment: 1308457 1317105 NODE_7_length_50836_cov_155.284012 4 8649

			Previous gap was negative, modifying coordinates to ignore overlap
				Moving contig start from 4 to 104.
			Align 92: 1308558 1317105 NODE_7_length_50836_cov_155.284012 104 8649
				Gap between this and next alignment: 1317105 to 1321629 (4523 bp)
				Next Alignment: 1321629 1330870 NODE_1_length_311333_cov_153.831482 111845 121089

			Align 93: 1321629 1330870 NODE_1_length_311333_cov_153.831482 111845 121089
				Gap between this and next alignment: 1330870 to 1339001 (8130 bp)
				Next Alignment: 1339001 1347833 NODE_1_length_311333_cov_153.831482 153405 162221

			Align 94: 1339001 1347833 NODE_1_length_311333_cov_153.831482 153405 162221
				Negative gap (overlap) between this and next alignment: 1347833 to 1347825 (-8 bp)
				Next Alignment: 1347825 1387978 NODE_1_length_311333_cov_153.831482 162415 202582

			Previous gap was negative, modifying coordinates to ignore overlap
				Moving contig start from 162415 to 162424.
			Align 95: 1347834 1387978 NODE_1_length_311333_cov_153.831482 162424 202582
				Gap between this and next alignment: 1387978 to 1388455 (476 bp)
				Next Alignment: 1388455 1407779 NODE_1_length_311333_cov_153.831482 202726 222058

			Align 96: 1388455 1407779 NODE_1_length_311333_cov_153.831482 202726 222058
				Gap between this and next alignment: 1407779 to 1415535 (7755 bp)
				Next Alignment: 1415535 1416035 NODE_1_length_311333_cov_153.831482 229962 230462

			Align 97: 1415535 1416035 NODE_1_length_311333_cov_153.831482 229962 230462
				The next alignment (1415851 1415949 NODE_4_length_186812_cov_140.254013 130713 130615) is redundant. Skipping.
				Gap between this and next alignment: 1416035 to 1418656 (2620 bp)
				Next Alignment: 1418656 1429460 NODE_1_length_311333_cov_153.831482 60904 71708

			Align 99: 1418656 1429460 NODE_1_length_311333_cov_153.831482 60904 71708
				Negative gap (overlap) between this and next alignment: 1429460 to 1429438 (-22 bp)
				Next Alignment: 1429438 1439627 NODE_1_length_311333_cov_153.831482 71870 82058

			Previous gap was negative, modifying coordinates to ignore overlap
				Moving contig start from 71870 to 71892.
			Align 100: 1429461 1439627 NODE_1_length_311333_cov_153.831482 71892 82058
				Gap between this and next alignment: 1439627 to 1444288 (4660 bp)
				Next Alignment: 1444288 1448064 NODE_1_length_311333_cov_153.831482 283695 279919

			Align 101: 1444288 1448064 NODE_1_length_311333_cov_153.831482 283695 279919
				Gap between this and next alignment: 1448064 to 1448566 (501 bp)
				Next Alignment: 1448566 1462812 NODE_1_length_311333_cov_153.831482 279918 265670

			Align 102: 1448566 1462812 NODE_1_length_311333_cov_153.831482 279918 265670
				Gap between this and next alignment: 1462812 to 1512671 (49858 bp)
				Next Alignment: 1512671 1524407 NODE_1_length_311333_cov_153.831482 265669 253987

			Align 103: 1512671 1524407 NODE_1_length_311333_cov_153.831482 265669 253987
				Gap between this and next alignment: 1524407 to 1525042 (634 bp)
				Next Alignment: 1525042 1547943 NODE_1_length_311333_cov_153.831482 253337 230463

			Align 104: 1525042 1547943 NODE_1_length_311333_cov_153.831482 253337 230463
				Gap between this and next alignment: 1547943 to 1548443 (499 bp)
				Next Alignment: 1548443 1548523 NODE_1_length_311333_cov_153.831482 58286 58206

			Align 105: 1548443 1548523 NODE_1_length_311333_cov_153.831482 58286 58206
				Gap between this and next alignment: 1548523 to 1555931 (7407 bp)
				Next Alignment: 1555931 1566740 NODE_1_length_311333_cov_153.831482 122046 132848

			Align 106: 1555931 1566740 NODE_1_length_311333_cov_153.831482 122046 132848
				Gap between this and next alignment: 1566740 to 1587429 (20688 bp)
				Next Alignment: 1587429 1587497 NODE_15_length_1150785_cov_139.851166 86362 86430

			Align 107: 1587429 1587497 NODE_15_length_1150785_cov_139.851166 86362 86430
				The next alignment (1587429 1587497 NODE_15_length_1150785_cov_139.851166 586670 586602) is redundant. Skipping.
				Gap between this and next alignment: 1587497 to 1610859 (23361 bp)
				Next Alignment: 1610859 1618767 NODE_1_length_311333_cov_153.831482 36656 28747

			Align 109: 1610859 1618767 NODE_1_length_311333_cov_153.831482 36656 28747
				Gap between this and next alignment: 1618767 to 1621634 (2866 bp)
				Next Alignment: 1621634 1622356 NODE_1_length_311333_cov_153.831482 25751 25030

			Align 110: 1621634 1622356 NODE_1_length_311333_cov_153.831482 25751 25030
				Gap between this and next alignment: 1622356 to 1623705 (1348 bp)
				Next Alignment: 1623705 1662598 NODE_15_length_1150785_cov_139.851166 1053195 1092081

			Align 111: 1623705 1662598 NODE_15_length_1150785_cov_139.851166 1053195 1092081
				Gap between this and next alignment: 1662598 to 1662609 (10 bp)
				Next Alignment: 1662609 1668055 NODE_15_length_1150785_cov_139.851166 1092226 1097675

			Align 112: 1662609 1668055 NODE_15_length_1150785_cov_139.851166 1092226 1097675
				Gap between this and next alignment: 1668055 to 1677498 (9442 bp)
				Next Alignment: 1677498 1679478 NODE_2_length_39119_cov_167.875656 29181 27205

			Align 113: 1677498 1679478 NODE_2_length_39119_cov_167.875656 29181 27205
				Gap between this and next alignment: 1679478 to 1687298 (7819 bp)
				Next Alignment: 1687298 1703841 NODE_2_length_39119_cov_167.875656 19767 3222

			Align 114: 1687298 1703841 NODE_2_length_39119_cov_167.875656 19767 3222
				Gap between this and next alignment: 1703841 to 1707583 (3741 bp)
				Next Alignment: 1707583 1708859 NODE_16_length_1163_cov_286.803101 14 1289

			Align 115: 1707583 1708859 NODE_16_length_1163_cov_286.803101 14 1289
				Negative gap (overlap) between this and next alignment: 1708859 to 1708734 (-125 bp)
				Next Alignment: 1708734 1714554 NODE_3_length_25597_cov_176.608231 1 5838

			Previous gap was negative, modifying coordinates to ignore overlap
				Moving contig start from 1 to 127.
			Align 116: 1708860 1714554 NODE_3_length_25597_cov_176.608231 127 5838
				Gap between this and next alignment: 1714554 to 1724651 (10096 bp)
				Next Alignment: 1724651 1724785 NODE_15_length_1150785_cov_139.851166 1118265 1118131

			Align 117: 1724651 1724785 NODE_15_length_1150785_cov_139.851166 1118265 1118131
				Gap between this and next alignment: 1724785 to 1724880 (94 bp)
				Next Alignment: 1724880 1732936 NODE_3_length_25597_cov_176.608231 17654 25722

			Align 118: 1724880 1732936 NODE_3_length_25597_cov_176.608231 17654 25722
				Gap between this and next alignment: 1732936 to 1738716 (5779 bp)
				Next Alignment: 1738716 1748822 NODE_6_length_10068_cov_175.156143 97 10194

			Align 119: 1738716 1748822 NODE_6_length_10068_cov_175.156143 97 10194
				Gap between this and next alignment: 1748822 to 1750670 (1847 bp)
				Next Alignment: 1750670 1762751 NODE_15_length_1150785_cov_139.851166 1150533 1138469

			Align 120: 1750670 1762751 NODE_15_length_1150785_cov_139.851166 1150533 1138469
				Gap between this and next alignment: 1762751 to 1767042 (4290 bp)
				Next Alignment: 1767042 1772523 NODE_15_length_1150785_cov_139.851166 1132069 1126588

			Align 121: 1767042 1772523 NODE_15_length_1150785_cov_139.851166 1132069 1126588
				Gap between this and next alignment: 1772523 to 1773243 (719 bp)
				Next Alignment: 1773243 1777648 NODE_15_length_1150785_cov_139.851166 1126533 1122155

			Align 122: 1773243 1777648 NODE_15_length_1150785_cov_139.851166 1126533 1122155
				Gap between this and next alignment: 1777648 to 1780881 (3232 bp)
				Next Alignment: 1780881 1781225 NODE_15_length_1150785_cov_139.851166 1118659 1118317

			Align 123: 1780881 1781225 NODE_15_length_1150785_cov_139.851166 1118659 1118317
				Gap between this and next alignment: 1781225 to 1781227 (1 bp)
				Next Alignment: 1781227 1787407 NODE_15_length_1150785_cov_139.851166 1117839 1111656

			Align 124: 1781227 1787407 NODE_15_length_1150785_cov_139.851166 1117839 1111656
				The next alignment (1781241 1781440 NODE_15_length_1150785_cov_139.851166 1118041 1117840) is redundant. Skipping.
				Next Alignment: 1787408 1791080 NODE_15_length_1150785_cov_139.851166 1111456 1107784

			Align 126: 1787408 1791080 NODE_15_length_1150785_cov_139.851166 1111456 1107784
				Gap between this and next alignment: 1791080 to 1795913 (4832 bp)
				Next Alignment: 1795913 1810178 NODE_15_length_1150785_cov_139.851166 999797 1014049

			Align 127: 1795913 1810178 NODE_15_length_1150785_cov_139.851166 999797 1014049
				Gap between this and next alignment: 1810178 to 1824735 (14556 bp)
				Next Alignment: 1824735 1830287 NODE_15_length_1150785_cov_139.851166 1033942 1039495

			Align 128: 1824735 1830287 NODE_15_length_1150785_cov_139.851166 1033942 1039495
				Gap between this and next alignment: 1830287 to 1830987 (699 bp)
				Next Alignment: 1830987 1840127 NODE_15_length_1150785_cov_139.851166 1040210 1049333

			Align 129: 1830987 1840127 NODE_15_length_1150785_cov_139.851166 1040210 1049333
				Gap between this and next alignment: 1840127 to 1840138 (10 bp)
				Next Alignment: 1840138 1842755 NODE_2_length_39119_cov_167.875656 36629 39242

			Align 130: 1840138 1842755 NODE_2_length_39119_cov_167.875656 36629 39242
			END in gap: 1842755 to 1846259 (3504 bp)

Analysis is finished!
Founded SNPs were written into /data/projects/Assembly/Aroon/reports/GCF_000931575.1_ASM93157v1_genomic/contigs_reports/nucmer_output/M10540_contigs.used_snps

Results:
	Local Misassemblies: 39
	Misassemblies: 71
		Relocations: 69
		Translocations: 0
		Inversions: 2
	Misassembled Contigs: 6
	Misassembled Contig Bases: 1605372
	Misassemblies Inter-Contig Overlap: 0
Uncovered Regions: 0 (0)
Unaligned Contigs: 0 + 3 part
Partially Unaligned Contigs with Misassemblies: 2
Unaligned Contig Bases: 110373

Ambiguously Mapped Contigs: 1
Total Bases in Ambiguously Mapped Contigs: 1514
Note that --allow-ambiguity option was set to "one" and only first alignment per each contig was used.

	Covered Bases: 1060023

	SNPs: 37938
	Insertions: 1180
	Deletions: 1344

	Positive Gaps: 105
		Internal Gaps:  71
		External Gaps:  34
		External Gap Total:  258476
		External Gap Average: 7602
	Negative Gaps: 16
		Internal Overlaps:  11
		External Overlaps:  5
		External Overlaps Total: -514
		External Overlaps Average: -103
	Contigs with Redundant Alignments: 2 (1094)
