Aligning contigs to reference...
	Running Nucmer
Parsing coords...
Loading reference...
	Loaded [NZ_CP007470.1_Haemophilus_influenzae_strain_477__complete_genome]
Loading SNPs...
Loading regions...
	No regions given, using whole reference.
	Total Regions: 1
	Total Region Length: 1846259
Analyzing contigs...
CONTIG: NODE_1_length_1866_cov_327.743286 (1992bp)
Top Length: 1416  Top ID: 99.23
		This contig is partially unaligned. (Aligned 1416 out of 1992 bases)
		Alignment: 1463059 1464478 | 1992 577 | 1420 1416 | 99.23 | NZ_CP007470.1_Haemophilus_influenzae_strain_477__complete_genome NODE_1_length_1866_cov_327.743286
		Unaligned bases: 1 to 576 (576)
		This contig has both significant aligned and unaligned parts (of length >= min-contig)!

CONTIG: NODE_4_length_14061_cov_138.316406 (14187bp)
		This contig is unaligned. (14187 bp)
		Unaligned bases: 14187  total: 14187

CONTIG: NODE_5_length_200242_cov_157.865829 (200368bp)
Top Length: 90080  Top ID: 99.53
		Skipping redundant alignment 1506967 1507144 | 1 178 | 178 178 | 96.07 | NZ_CP007470.1_Haemophilus_influenzae_strain_477__complete_genome NODE_5_length_200242_cov_157.865829
		Skipping redundant alignment 1150403 1150481 | 7400 7322 | 79 79 | 100.0 | NZ_CP007470.1_Haemophilus_influenzae_strain_477__complete_genome NODE_5_length_200242_cov_157.865829
		Skipping redundant alignment 1203133 1203211 | 7400 7322 | 79 79 | 100.0 | NZ_CP007470.1_Haemophilus_influenzae_strain_477__complete_genome NODE_5_length_200242_cov_157.865829
		This contig is misassembled. 9 total aligns.
			Real Alignment 1: 1507129 1510387 | 1 3260 | 3259 3260 | 96.44 | NZ_CP007470.1_Haemophilus_influenzae_strain_477__complete_genome NODE_5_length_200242_cov_157.865829
			  Extensive misassembly ( relocation, inconsistency = -1730 ) between these two alignments
			Real Alignment 2: 1510830 1515650 | 5433 10259 | 4821 4827 | 99.09 | NZ_CP007470.1_Haemophilus_influenzae_strain_477__complete_genome NODE_5_length_200242_cov_157.865829
			  Fake misassembly between these two alignments: inconsistency = -54 , gap in the contig is small or absent or filled mostly with Ns (long indel: insertion of length 54; 0 mismatches)
			Excluding internal overlap of size 8 between Alignment 3 and 4:  1515619 1537094 | 10282 31744 | 21476 21463 --> 1515619 1537086 | 10282 31736 | 21468 21455
			Real Alignment 3: 1515619 1537086 | 10282 31736 | 21468 21455 | 95.68 | NZ_CP007470.1_Haemophilus_influenzae_strain_477__complete_genome NODE_5_length_200242_cov_157.865829
			  Gap between these two alignments (local misassembly). Inconsistency = 762 
			Real Alignment 4: 1537849 1587481 | 31737 81365 | 49633 49629 | 99.33 | NZ_CP007470.1_Haemophilus_influenzae_strain_477__complete_genome NODE_5_length_200242_cov_157.865829
			  Overlap between these two alignments (local misassembly). Inconsistency = -523 
			Real Alignment 5: 1589404 1679478 | 83811 173890 | 90075 90080 | 99.53 | NZ_CP007470.1_Haemophilus_influenzae_strain_477__complete_genome NODE_5_length_200242_cov_157.865829
			  Extensive misassembly ( relocation, inconsistency = 1749 ) between these two alignments
			Real Alignment 6: 1681350 1707724 | 174013 200368 | 26375 26356 | 99.1 | NZ_CP007470.1_Haemophilus_influenzae_strain_477__complete_genome NODE_5_length_200242_cov_157.865829

CONTIG: NODE_6_length_305742_cov_137.956314 (305868bp)
Top Length: 57781  Top ID: 99.43
		Skipping redundant alignment 63275 63401 | 126 1 | 127 126 | 95.28 | NZ_CP007470.1_Haemophilus_influenzae_strain_477__complete_genome NODE_6_length_305742_cov_137.956314
		This contig is misassembled. 16 total aligns.
			Real Alignment 1: 483487 533842 | 1 50443 | 50356 50443 | 98.24 | NZ_CP007470.1_Haemophilus_influenzae_strain_477__complete_genome NODE_6_length_305742_cov_137.956314
			  Overlap between these two alignments (local misassembly). Inconsistency = -12 
			Real Alignment 2: 533950 584803 | 50563 101411 | 50854 50849 | 96.93 | NZ_CP007470.1_Haemophilus_influenzae_strain_477__complete_genome NODE_6_length_305742_cov_137.956314
			  Gap between these two alignments (local misassembly). Inconsistency = 9 
			Real Alignment 3: 585285 588419 | 101884 105023 | 3135 3140 | 95.67 | NZ_CP007470.1_Haemophilus_influenzae_strain_477__complete_genome NODE_6_length_305742_cov_137.956314
			  Extensive misassembly ( relocation, inconsistency = 1199 ) between these two alignments
			Real Alignment 4: 589660 599640 | 105065 115052 | 9981 9988 | 95.92 | NZ_CP007470.1_Haemophilus_influenzae_strain_477__complete_genome NODE_6_length_305742_cov_137.956314
			  Overlap between these two alignments (local misassembly). Inconsistency = -164 
			Real Alignment 5: 599640 657416 | 115216 172996 | 57777 57781 | 99.43 | NZ_CP007470.1_Haemophilus_influenzae_strain_477__complete_genome NODE_6_length_305742_cov_137.956314
			  Overlap between these two alignments (local misassembly). Inconsistency = -2 
			Real Alignment 6: 657539 668378 | 173121 183878 | 10840 10758 | 95.08 | NZ_CP007470.1_Haemophilus_influenzae_strain_477__complete_genome NODE_6_length_305742_cov_137.956314
			  Overlap between these two alignments (local misassembly). Inconsistency = -39 
			Real Alignment 7: 668555 692548 | 184094 208086 | 23994 23993 | 98.68 | NZ_CP007470.1_Haemophilus_influenzae_strain_477__complete_genome NODE_6_length_305742_cov_137.956314
			  Overlap between these two alignments (local misassembly). Inconsistency = -143 
			Real Alignment 8: 693654 708268 | 209335 223959 | 14615 14625 | 95.06 | NZ_CP007470.1_Haemophilus_influenzae_strain_477__complete_genome NODE_6_length_305742_cov_137.956314
			  Gap between these two alignments (local misassembly). Inconsistency = 848 
			Excluding internal overlap of size 19 between Alignment 9 and 10:  732114 736705 | 247110 251706 | 4592 4597 --> 732133 736705 | 247129 251706 | 4573 4578
			Real Alignment 9: 711782 732275 | 226625 247128 | 20494 20504 | 96.11 | NZ_CP007470.1_Haemophilus_influenzae_strain_477__complete_genome NODE_6_length_305742_cov_137.956314
			  Overlap between these two alignments (local misassembly). Inconsistency = -143 
			Real Alignment 10: 732133 736705 | 247129 251706 | 4573 4578 | 97.52 | NZ_CP007470.1_Haemophilus_influenzae_strain_477__complete_genome NODE_6_length_305742_cov_137.956314
			  Gap between these two alignments (local misassembly). Inconsistency = 22 
			Real Alignment 11: 738291 742609 | 253270 257607 | 4319 4338 | 95.55 | NZ_CP007470.1_Haemophilus_influenzae_strain_477__complete_genome NODE_6_length_305742_cov_137.956314
			  Overlap between these two alignments (local misassembly). Inconsistency = -246 
			Real Alignment 12: 742604 745709 | 257848 260952 | 3106 3105 | 95.91 | NZ_CP007470.1_Haemophilus_influenzae_strain_477__complete_genome NODE_6_length_305742_cov_137.956314
			  Overlap between these two alignments (local misassembly). Inconsistency = -93 
			Real Alignment 13: 749815 754148 | 265151 269481 | 4334 4331 | 95.62 | NZ_CP007470.1_Haemophilus_influenzae_strain_477__complete_genome NODE_6_length_305742_cov_137.956314
			  Gap between these two alignments (local misassembly). Inconsistency = 78 
			Real Alignment 14: 754315 770261 | 269570 285516 | 15947 15947 | 97.05 | NZ_CP007470.1_Haemophilus_influenzae_strain_477__complete_genome NODE_6_length_305742_cov_137.956314
			  Gap between these two alignments (local misassembly). Inconsistency = 100 
			Real Alignment 15: 770428 790353 | 285583 305508 | 19926 19926 | 97.78 | NZ_CP007470.1_Haemophilus_influenzae_strain_477__complete_genome NODE_6_length_305742_cov_137.956314

CONTIG: NODE_9_length_10305_cov_156.146530 (10431bp)
Top Length: 10431  Top ID: 95.79
		Marking as insignificant: 1045947 1046071 | 125 1 | 125 125 | 98.4 | NZ_CP007470.1_Haemophilus_influenzae_strain_477__complete_genome NODE_9_length_10305_cov_156.146530
		Marking as insignificant: 1708735 1708860 | 10431 10306 | 126 126 | 100.0 | NZ_CP007470.1_Haemophilus_influenzae_strain_477__complete_genome NODE_9_length_10305_cov_156.146530
		Marking as insignificant: 1186334 1186466 | 133 1 | 133 133 | 96.24 | NZ_CP007470.1_Haemophilus_influenzae_strain_477__complete_genome NODE_9_length_10305_cov_156.146530
		Marking as insignificant: 2292 2424 | 1 133 | 133 133 | 97.74 | NZ_CP007470.1_Haemophilus_influenzae_strain_477__complete_genome NODE_9_length_10305_cov_156.146530
		Marking as insignificant: 1012368 1012501 | 134 1 | 134 134 | 97.76 | NZ_CP007470.1_Haemophilus_influenzae_strain_477__complete_genome NODE_9_length_10305_cov_156.146530
		One align captures most of this contig: 1738366 1748821 | 1 10431 | 10456 10431 | 95.79 | NZ_CP007470.1_Haemophilus_influenzae_strain_477__complete_genome NODE_9_length_10305_cov_156.146530

CONTIG: NODE_10_length_70088_cov_157.618210 (70214bp)
Top Length: 26018  Top ID: 97.88
		Skipping redundant alignment 1308415 1308602 | 70214 70027 | 188 188 | 98.4 | NZ_CP007470.1_Haemophilus_influenzae_strain_477__complete_genome NODE_10_length_70088_cov_157.618210
		Skipping redundant alignment 1018255 1018411 | 70214 70059 | 157 156 | 99.36 | NZ_CP007470.1_Haemophilus_influenzae_strain_477__complete_genome NODE_10_length_70088_cov_157.618210
		Skipping redundant alignment 1051826 1051967 | 70214 70073 | 142 142 | 97.89 | NZ_CP007470.1_Haemophilus_influenzae_strain_477__complete_genome NODE_10_length_70088_cov_157.618210
		Skipping redundant alignment 1732721 1732852 | 70083 70214 | 132 132 | 98.48 | NZ_CP007470.1_Haemophilus_influenzae_strain_477__complete_genome NODE_10_length_70088_cov_157.618210
		This contig is misassembled. 9 total aligns.
			Real Alignment 1: 1787231 1795521 | 12366 20655 | 8291 8290 | 97.25 | NZ_CP007470.1_Haemophilus_influenzae_strain_477__complete_genome NODE_10_length_70088_cov_157.618210
			  Gap between these two alignments (local misassembly). Inconsistency = 4 
			Real Alignment 2: 1796034 1822044 | 21164 47181 | 26011 26018 | 97.88 | NZ_CP007470.1_Haemophilus_influenzae_strain_477__complete_genome NODE_10_length_70088_cov_157.618210
			  Extensive misassembly ( relocation, inconsistency = -3104 ) between these two alignments
			Excluding internal overlap of size 4 between Alignment 3 and 4:  1829760 1831482 | 57276 58989 | 1723 1714 --> 1829764 1831482 | 57280 58989 | 1719 1710
			Real Alignment 3: 1822000 1829036 | 50241 57279 | 7037 7039 | 98.07 | NZ_CP007470.1_Haemophilus_influenzae_strain_477__complete_genome NODE_10_length_70088_cov_157.618210
			  Gap between these two alignments (local misassembly). Inconsistency = 727 
			Real Alignment 4: 1829764 1831482 | 57280 58989 | 1719 1710 | 95.31 | NZ_CP007470.1_Haemophilus_influenzae_strain_477__complete_genome NODE_10_length_70088_cov_157.618210
			  Gap between these two alignments (local misassembly). Inconsistency = 88 
			Real Alignment 5: 1832986 1842797 | 60405 70214 | 9812 9810 | 98.38 | NZ_CP007470.1_Haemophilus_influenzae_strain_477__complete_genome NODE_10_length_70088_cov_157.618210

CONTIG: NODE_11_length_27693_cov_160.142822 (27819bp)
Top Length: 27819  Top ID: 99.78
		Marking as insignificant: 1191745 1191824 | 15784 15863 | 80 80 | 100.0 | NZ_CP007470.1_Haemophilus_influenzae_strain_477__complete_genome NODE_11_length_27693_cov_160.142822
		Marking as insignificant: 1211242 1211322 | 27439 27519 | 81 81 | 100.0 | NZ_CP007470.1_Haemophilus_influenzae_strain_477__complete_genome NODE_11_length_27693_cov_160.142822
		Marking as insignificant: 1211342 1211426 | 27439 27523 | 85 85 | 100.0 | NZ_CP007470.1_Haemophilus_influenzae_strain_477__complete_genome NODE_11_length_27693_cov_160.142822
		Marking as insignificant: 1186342 1186467 | 27694 27819 | 126 126 | 96.83 | NZ_CP007470.1_Haemophilus_influenzae_strain_477__complete_genome NODE_11_length_27693_cov_160.142822
		Marking as insignificant: 1738365 1738490 | 27819 27694 | 126 126 | 97.62 | NZ_CP007470.1_Haemophilus_influenzae_strain_477__complete_genome NODE_11_length_27693_cov_160.142822
		Marking as insignificant: 1012377 1012502 | 27694 27819 | 126 126 | 98.41 | NZ_CP007470.1_Haemophilus_influenzae_strain_477__complete_genome NODE_11_length_27693_cov_160.142822
		Marking as insignificant: 2291 2416 | 27819 27694 | 126 126 | 98.41 | NZ_CP007470.1_Haemophilus_influenzae_strain_477__complete_genome NODE_11_length_27693_cov_160.142822
		Marking as insignificant: 1732721 1732853 | 134 1 | 133 134 | 97.76 | NZ_CP007470.1_Haemophilus_influenzae_strain_477__complete_genome NODE_11_length_27693_cov_160.142822
		Marking as insignificant: 1051825 1051967 | 1 144 | 143 144 | 97.22 | NZ_CP007470.1_Haemophilus_influenzae_strain_477__complete_genome NODE_11_length_27693_cov_160.142822
		Marking as insignificant: 1308414 1308570 | 1 158 | 157 158 | 97.47 | NZ_CP007470.1_Haemophilus_influenzae_strain_477__complete_genome NODE_11_length_27693_cov_160.142822
		Marking as insignificant: 1842642 1842798 | 158 1 | 157 158 | 99.37 | NZ_CP007470.1_Haemophilus_influenzae_strain_477__complete_genome NODE_11_length_27693_cov_160.142822
		One align captures most of this contig: 1018254 1046072 | 1 27819 | 27819 27819 | 99.78 | NZ_CP007470.1_Haemophilus_influenzae_strain_477__complete_genome NODE_11_length_27693_cov_160.142822

CONTIG: NODE_12_length_76973_cov_147.809525 (77099bp)
Top Length: 39515  Top ID: 98.6
		Skipping redundant alignment 1440622 1440710 | 29335 29423 | 89 89 | 100.0 | NZ_CP007470.1_Haemophilus_influenzae_strain_477__complete_genome NODE_12_length_76973_cov_147.809525
		Skipping redundant alignment 873647 873726 | 29414 29335 | 80 80 | 100.0 | NZ_CP007470.1_Haemophilus_influenzae_strain_477__complete_genome NODE_12_length_76973_cov_147.809525
		Skipping redundant alignment 1682951 1683028 | 29335 29412 | 78 78 | 100.0 | NZ_CP007470.1_Haemophilus_influenzae_strain_477__complete_genome NODE_12_length_76973_cov_147.809525
		Skipping redundant alignment 1440623 1440710 | 29340 29427 | 88 88 | 100.0 | NZ_CP007470.1_Haemophilus_influenzae_strain_477__complete_genome NODE_12_length_76973_cov_147.809525
		Skipping redundant alignment 1682952 1683028 | 29340 29416 | 77 77 | 100.0 | NZ_CP007470.1_Haemophilus_influenzae_strain_477__complete_genome NODE_12_length_76973_cov_147.809525
		Skipping redundant alignment 1682952 1683028 | 29352 29428 | 77 77 | 100.0 | NZ_CP007470.1_Haemophilus_influenzae_strain_477__complete_genome NODE_12_length_76973_cov_147.809525
		Skipping redundant alignment 324018 324457 | 43757 43322 | 440 436 | 96.59 | NZ_CP007470.1_Haemophilus_influenzae_strain_477__complete_genome NODE_12_length_76973_cov_147.809525
		Skipping redundant alignment 323003 323592 | 44348 43759 | 590 590 | 96.78 | NZ_CP007470.1_Haemophilus_influenzae_strain_477__complete_genome NODE_12_length_76973_cov_147.809525
		This contig is misassembled. 12 total aligns.
			Real Alignment 1: 1463059 1463184 | 126 1 | 126 126 | 100.0 | NZ_CP007470.1_Haemophilus_influenzae_strain_477__complete_genome NODE_12_length_76973_cov_147.809525
			  Extensive misassembly ( relocation, inconsistency = -1364482 ) between these two alignments
			Real Alignment 2: 98811 103408 | 235 4831 | 4598 4597 | 99.89 | NZ_CP007470.1_Haemophilus_influenzae_strain_477__complete_genome NODE_12_length_76973_cov_147.809525
			  Gap between these two alignments (local misassembly). Inconsistency = 216 
			Real Alignment 3: 103627 143139 | 4834 44348 | 39513 39515 | 98.6 | NZ_CP007470.1_Haemophilus_influenzae_strain_477__complete_genome NODE_12_length_76973_cov_147.809525
			  Extensive misassembly ( relocation, inconsistency = 177589 ) between these two alignments
			Real Alignment 4: 350982 353046 | 76669 74602 | 2065 2068 | 96.42 | NZ_CP007470.1_Haemophilus_influenzae_strain_477__complete_genome NODE_12_length_76973_cov_147.809525

CONTIG: NODE_13_length_61744_cov_120.733742 (61870bp)
Top Length: 26701  Top ID: 96.91
		Skipping redundant alignment 483487 483612 | 1 126 | 126 126 | 96.83 | NZ_CP007470.1_Haemophilus_influenzae_strain_477__complete_genome NODE_13_length_61744_cov_120.733742
		Skipping redundant alignment 1150083 1150160 | 39955 40032 | 78 78 | 100.0 | NZ_CP007470.1_Haemophilus_influenzae_strain_477__complete_genome NODE_13_length_61744_cov_120.733742
		Skipping redundant alignment 1202916 1202993 | 39955 40032 | 78 78 | 100.0 | NZ_CP007470.1_Haemophilus_influenzae_strain_477__complete_genome NODE_13_length_61744_cov_120.733742
		This contig is misassembled. 8 total aligns.
			Real Alignment 1: 59044 63401 | 4352 1 | 4358 4352 | 95.34 | NZ_CP007470.1_Haemophilus_influenzae_strain_477__complete_genome NODE_13_length_61744_cov_120.733742
			  Fake misassembly between these two alignments: inconsistency = 62 , gap in the contig is small or absent or filled mostly with Ns (long indel: deletion of length 62; 14 mismatches)
			Excluding internal overlap of size 218 between Alignment 2 and 3:  55644 58905 | 7690 4429 | 3262 3262 --> 55862 58905 | 7472 4429 | 3044 3044
			Real Alignment 2: 55862 58905 | 7472 4429 | 3044 3044 | 96.57 | NZ_CP007470.1_Haemophilus_influenzae_strain_477__complete_genome NODE_13_length_61744_cov_120.733742
			  Gap between these two alignments (local misassembly). Inconsistency = 168 
			Real Alignment 3: 28946 55693 | 34173 7473 | 26748 26701 | 96.91 | NZ_CP007470.1_Haemophilus_influenzae_strain_477__complete_genome NODE_13_length_61744_cov_120.733742
			  Overlap between these two alignments (local misassembly). Inconsistency = -994 
			Real Alignment 4: 6777 28853 | 57323 35260 | 22077 22064 | 98.86 | NZ_CP007470.1_Haemophilus_influenzae_strain_477__complete_genome NODE_13_length_61744_cov_120.733742
			  Gap between these two alignments (local misassembly). Inconsistency = 49 
			Real Alignment 5: 2180 6613 | 61870 57438 | 4434 4433 | 95.48 | NZ_CP007470.1_Haemophilus_influenzae_strain_477__complete_genome NODE_13_length_61744_cov_120.733742

CONTIG: NODE_14_length_6974_cov_267.165039 (7100bp)
		This contig is unaligned. (7100 bp)
		Unaligned bases: 7100  total: 21287

CONTIG: NODE_15_length_164826_cov_120.856506 (164952bp)
Top Length: 52593  Top ID: 98.34
		Skipping redundant alignment 1842610 1842817 | 208 1 | 208 208 | 98.56 | NZ_CP007470.1_Haemophilus_influenzae_strain_477__complete_genome NODE_15_length_164826_cov_120.856506
		Skipping redundant alignment 1018235 1018411 | 1 176 | 177 176 | 97.74 | NZ_CP007470.1_Haemophilus_influenzae_strain_477__complete_genome NODE_15_length_164826_cov_120.856506
		Skipping redundant alignment 1051806 1051967 | 1 162 | 162 162 | 98.15 | NZ_CP007470.1_Haemophilus_influenzae_strain_477__complete_genome NODE_15_length_164826_cov_120.856506
		Skipping redundant alignment 1732721 1732872 | 152 1 | 152 152 | 100.0 | NZ_CP007470.1_Haemophilus_influenzae_strain_477__complete_genome NODE_15_length_164826_cov_120.856506
		Skipping redundant alignment 1106863 1106961 | 117685 117587 | 99 99 | 100.0 | NZ_CP007470.1_Haemophilus_influenzae_strain_477__complete_genome NODE_15_length_164826_cov_120.856506
		Skipping redundant alignment 128124 128219 | 142358 142453 | 96 96 | 100.0 | NZ_CP007470.1_Haemophilus_influenzae_strain_477__complete_genome NODE_15_length_164826_cov_120.856506
		Skipping redundant alignment 1682951 1683028 | 142358 142435 | 78 78 | 100.0 | NZ_CP007470.1_Haemophilus_influenzae_strain_477__complete_genome NODE_15_length_164826_cov_120.856506
		Skipping redundant alignment 128125 128219 | 142363 142457 | 95 95 | 100.0 | NZ_CP007470.1_Haemophilus_influenzae_strain_477__complete_genome NODE_15_length_164826_cov_120.856506
		Skipping redundant alignment 1682952 1683028 | 142363 142439 | 77 77 | 100.0 | NZ_CP007470.1_Haemophilus_influenzae_strain_477__complete_genome NODE_15_length_164826_cov_120.856506
		Skipping redundant alignment 128125 128223 | 142391 142490 | 99 100 | 99.0 | NZ_CP007470.1_Haemophilus_influenzae_strain_477__complete_genome NODE_15_length_164826_cov_120.856506
		Skipping redundant alignment 873609 873725 | 142522 142407 | 117 116 | 96.58 | NZ_CP007470.1_Haemophilus_influenzae_strain_477__complete_genome NODE_15_length_164826_cov_120.856506
		Skipping redundant alignment 1682952 1683028 | 142407 142483 | 77 77 | 100.0 | NZ_CP007470.1_Haemophilus_influenzae_strain_477__complete_genome NODE_15_length_164826_cov_120.856506
		This contig is misassembled. 20 total aligns.
			Real Alignment 1: 1308395 1337242 | 1 28848 | 28848 28848 | 98.69 | NZ_CP007470.1_Haemophilus_influenzae_strain_477__complete_genome NODE_15_length_164826_cov_120.856506
			  Gap between these two alignments (local misassembly). Inconsistency = 6 
			Real Alignment 2: 1337571 1347834 | 29171 39428 | 10264 10258 | 97.36 | NZ_CP007470.1_Haemophilus_influenzae_strain_477__complete_genome NODE_15_length_164826_cov_120.856506
			  Extensive misassembly ( relocation, inconsistency = -11511 ) between these two alignments
			Excluding internal overlap of size 1 between Alignment 3 and 4:  1362965 1364173 | 65763 66970 | 1209 1208 --> 1362966 1364173 | 65764 66970 | 1208 1207
			Real Alignment 3: 1347929 1362618 | 51034 65763 | 14690 14730 | 95.13 | NZ_CP007470.1_Haemophilus_influenzae_strain_477__complete_genome NODE_15_length_164826_cov_120.856506
			  Gap between these two alignments (local misassembly). Inconsistency = 347 
			Excluding internal overlap of size 9 between Alignment 4 and 5:  1362966 1364173 | 65764 66970 | 1208 1207 --> 1362966 1364164 | 65764 66961 | 1199 1198
			Real Alignment 4: 1362966 1364164 | 65764 66961 | 1199 1198 | 95.45 | NZ_CP007470.1_Haemophilus_influenzae_strain_477__complete_genome NODE_15_length_164826_cov_120.856506
			  Gap between these two alignments (local misassembly). Inconsistency = 505 
			Real Alignment 5: 1364670 1369502 | 66962 71794 | 4833 4833 | 99.61 | NZ_CP007470.1_Haemophilus_influenzae_strain_477__complete_genome NODE_15_length_164826_cov_120.856506
			  Fake misassembly between these two alignments: inconsistency = -6 , gap in the contig is small or absent or filled mostly with Ns (long indel: insertion of length 6; 0 mismatches)
			Excluding internal overlap of size 567 between Alignment 6 and 7:  1369630 1388116 | 71928 90420 | 18487 18493 --> 1369630 1387549 | 71928 89853 | 17920 17926
			Real Alignment 6: 1369630 1387549 | 71928 89853 | 17920 17926 | 96.41 | NZ_CP007470.1_Haemophilus_influenzae_strain_477__complete_genome NODE_15_length_164826_cov_120.856506
			  Gap between these two alignments (local misassembly). Inconsistency = 573 
			Excluding internal overlap of size 48 between Alignment 7 and 8:  1440623 1463184 | 142399 164952 | 22562 22554 --> 1440671 1463184 | 142447 164952 | 22514 22506
			Real Alignment 7: 1388123 1440710 | 89854 142446 | 52588 52593 | 98.34 | NZ_CP007470.1_Haemophilus_influenzae_strain_477__complete_genome NODE_15_length_164826_cov_120.856506
			  Fake misassembly between these two alignments: inconsistency = -40 , gap in the contig is small or absent or filled mostly with Ns (long indel: insertion of length 40; 0 mismatches)
			Real Alignment 8: 1440671 1463184 | 142447 164952 | 22514 22506 | 98.4 | NZ_CP007470.1_Haemophilus_influenzae_strain_477__complete_genome NODE_15_length_164826_cov_120.856506

CONTIG: NODE_16_length_1623_cov_754.963623 (1749bp)
Top Length: 1749  Top ID: 98.97
		Marking as insignificant: 1 525 | 523 1 | 525 523 | 97.14 | NZ_CP007470.1_Haemophilus_influenzae_strain_477__complete_genome NODE_16_length_1623_cov_754.963623
		Marking as insignificant: 1188388 1189006 | 312 930 | 619 619 | 100.0 | NZ_CP007470.1_Haemophilus_influenzae_strain_477__complete_genome NODE_16_length_1623_cov_754.963623
		Marking as insignificant: 1189012 1189721 | 1040 1749 | 710 710 | 98.31 | NZ_CP007470.1_Haemophilus_influenzae_strain_477__complete_genome NODE_16_length_1623_cov_754.963623
		Marking as insignificant: 1845034 1846259 | 1749 524 | 1226 1226 | 99.76 | NZ_CP007470.1_Haemophilus_influenzae_strain_477__complete_genome NODE_16_length_1623_cov_754.963623
		This contig has 4 significant alignments. [An ambiguously mapped contig]
		Using only first of these alignment (option --ambiguity-usage is set to "one"):
		Alignment: 1014268 1016018 | 1 1749 | 1751 1749 | 98.97 | NZ_CP007470.1_Haemophilus_influenzae_strain_477__complete_genome NODE_16_length_1623_cov_754.963623
		Skipping alignment  1047838 1049588 | 1 1749 | 1751 1749 | 98.97 | NZ_CP007470.1_Haemophilus_influenzae_strain_477__complete_genome NODE_16_length_1623_cov_754.963623
		Skipping alignment  1304672 1306421 | 1 1749 | 1750 1749 | 98.86 | NZ_CP007470.1_Haemophilus_influenzae_strain_477__complete_genome NODE_16_length_1623_cov_754.963623
		Skipping alignment  1734846 1736597 | 1749 1 | 1752 1749 | 98.23 | NZ_CP007470.1_Haemophilus_influenzae_strain_477__complete_genome NODE_16_length_1623_cov_754.963623

CONTIG: NODE_17_length_678_cov_443.811218 (804bp)
Top Length: 804  Top ID: 99.13
		Marking as insignificant: 1189976 1190154 | 626 804 | 179 179 | 98.88 | NZ_CP007470.1_Haemophilus_influenzae_strain_477__complete_genome NODE_17_length_678_cov_443.811218
		Marking as insignificant: 1734413 1734590 | 804 627 | 178 178 | 99.44 | NZ_CP007470.1_Haemophilus_influenzae_strain_477__complete_genome NODE_17_length_678_cov_443.811218
		Marking as insignificant: 1306677 1306854 | 627 804 | 178 178 | 99.44 | NZ_CP007470.1_Haemophilus_influenzae_strain_477__complete_genome NODE_17_length_678_cov_443.811218
		This contig has 3 significant alignments. [An ambiguously mapped contig]
		Using only first of these alignment (option --ambiguity-usage is set to "one"):
		Alignment: 1015893 1016696 | 1 804 | 804 804 | 99.13 | NZ_CP007470.1_Haemophilus_influenzae_strain_477__complete_genome NODE_17_length_678_cov_443.811218
		Skipping alignment  1844356 1845159 | 804 1 | 804 804 | 99.13 | NZ_CP007470.1_Haemophilus_influenzae_strain_477__complete_genome NODE_17_length_678_cov_443.811218
		Skipping alignment  1049463 1050266 | 1 804 | 804 804 | 99.0 | NZ_CP007470.1_Haemophilus_influenzae_strain_477__complete_genome NODE_17_length_678_cov_443.811218

CONTIG: NODE_18_length_8645_cov_125.807518 (8771bp)
		This contig is unaligned. (8771 bp)
		Unaligned bases: 8771  total: 30058

CONTIG: NODE_19_length_4174_cov_148.450882 (4300bp)
Top Length: 107  Top ID: 97.22
		This contig is partially unaligned. (Aligned 107 out of 4300 bases)
		Alignment: 1497598 1497704 | 4194 4300 | 107 107 | 97.22 | NZ_CP007470.1_Haemophilus_influenzae_strain_477__complete_genome NODE_19_length_4174_cov_148.450882
		Unaligned bases: 1 to 4193 (4193)

CONTIG: NODE_20_length_79421_cov_141.900635 (79547bp)
Top Length: 31435  Top ID: 98.46
		Skipping redundant alignment 1505113 1505295 | 76481 76299 | 183 183 | 98.91 | NZ_CP007470.1_Haemophilus_influenzae_strain_477__complete_genome NODE_20_length_79421_cov_141.900635
		Skipping redundant alignment 1498233 1498321 | 79454 79366 | 89 89 | 100.0 | NZ_CP007470.1_Haemophilus_influenzae_strain_477__complete_genome NODE_20_length_79421_cov_141.900635
		This contig is misassembled. 7 total aligns.
			Real Alignment 1: 143135 156434 | 374 13672 | 13300 13299 | 97.94 | NZ_CP007470.1_Haemophilus_influenzae_strain_477__complete_genome NODE_20_length_79421_cov_141.900635
			  Extensive misassembly ( relocation, inconsistency = 1764 ) between these two alignments
			Real Alignment 2: 158949 190384 | 14423 45857 | 31436 31435 | 98.46 | NZ_CP007470.1_Haemophilus_influenzae_strain_477__complete_genome NODE_20_length_79421_cov_141.900635
			  Overlap between these two alignments (local misassembly). Inconsistency = -159 
			Real Alignment 3: 190385 191261 | 46017 46891 | 877 875 | 96.02 | NZ_CP007470.1_Haemophilus_influenzae_strain_477__complete_genome NODE_20_length_79421_cov_141.900635
			  Gap between these two alignments (local misassembly). Inconsistency = 689 
			Real Alignment 4: 193022 220593 | 47963 75514 | 27572 27552 | 97.31 | NZ_CP007470.1_Haemophilus_influenzae_strain_477__complete_genome NODE_20_length_79421_cov_141.900635
			  Overlap between these two alignments (local misassembly). Inconsistency = -249 
			Real Alignment 5: 220593 224378 | 75763 79547 | 3786 3785 | 97.89 | NZ_CP007470.1_Haemophilus_influenzae_strain_477__complete_genome NODE_20_length_79421_cov_141.900635

CONTIG: NODE_21_length_3971_cov_270.450012 (4097bp)
		This contig is unaligned. (4097 bp)
		Unaligned bases: 4097  total: 34155

CONTIG: NODE_22_length_1236_cov_123.345467 (1362bp)
		This contig is unaligned. (1362 bp)
		Unaligned bases: 1362  total: 35517

CONTIG: NODE_23_length_2046_cov_141.985825 (2172bp)
Top Length: 386  Top ID: 98.96
		This contig is partially unaligned. (Aligned 386 out of 2172 bases)
		Alignment: 1486858 1487242 | 2172 1787 | 385 386 | 98.96 | NZ_CP007470.1_Haemophilus_influenzae_strain_477__complete_genome NODE_23_length_2046_cov_141.985825
		Unaligned bases: 1 to 1786 (1786)

CONTIG: NODE_24_length_1136_cov_317.318665 (1262bp)
Top Length: 1262  Top ID: 98.42
		This contig has 2 significant alignments. [An ambiguously mapped contig]
		Using only first of these alignment (option --ambiguity-usage is set to "one"):
		Alignment: 1707599 1708860 | 1 1262 | 1262 1262 | 98.42 | NZ_CP007470.1_Haemophilus_influenzae_strain_477__complete_genome NODE_24_length_1136_cov_317.318665
		Skipping alignment  1748696 1749957 | 1262 1 | 1262 1262 | 97.54 | NZ_CP007470.1_Haemophilus_influenzae_strain_477__complete_genome NODE_24_length_1136_cov_317.318665

CONTIG: NODE_25_length_5391_cov_251.194031 (5517bp)
		This contig is unaligned. (5517 bp)
		Unaligned bases: 5517  total: 41034

CONTIG: NODE_26_length_1133_cov_637.275391 (1259bp)
Top Length: 1259  Top ID: 98.81
		This contig has 6 significant alignments. [An ambiguously mapped contig]
		Using only first of these alignment (option --ambiguity-usage is set to "one"):
		Alignment: 1186930 1188188 | 1259 1 | 1259 1259 | 98.81 | NZ_CP007470.1_Haemophilus_influenzae_strain_477__complete_genome NODE_26_length_1133_cov_637.275391
		Skipping alignment  527 1785 | 1 1259 | 1259 1259 | 98.41 | NZ_CP007470.1_Haemophilus_influenzae_strain_477__complete_genome NODE_26_length_1133_cov_637.275391
		Skipping alignment  1013008 1014266 | 1259 1 | 1259 1259 | 98.41 | NZ_CP007470.1_Haemophilus_influenzae_strain_477__complete_genome NODE_26_length_1133_cov_637.275391
		Skipping alignment  1046578 1047836 | 1259 1 | 1259 1259 | 98.41 | NZ_CP007470.1_Haemophilus_influenzae_strain_477__complete_genome NODE_26_length_1133_cov_637.275391
		Skipping alignment  1303412 1304670 | 1259 1 | 1259 1259 | 98.41 | NZ_CP007470.1_Haemophilus_influenzae_strain_477__complete_genome NODE_26_length_1133_cov_637.275391
		Skipping alignment  1736599 1737857 | 1 1259 | 1259 1259 | 98.41 | NZ_CP007470.1_Haemophilus_influenzae_strain_477__complete_genome NODE_26_length_1133_cov_637.275391

CONTIG: NODE_27_length_520_cov_653.528870 (646bp)
Top Length: 646  Top ID: 97.28
		Marking as insignificant: 1737732 1738333 | 646 45 | 602 602 | 99.5 | NZ_CP007470.1_Haemophilus_influenzae_strain_477__complete_genome NODE_27_length_520_cov_653.528870
		This contig has 4 significant alignments. [An ambiguously mapped contig]
		Using only first of these alignment (option --ambiguity-usage is set to "one"):
		Alignment: 1660 2321 | 646 1 | 662 646 | 97.28 | NZ_CP007470.1_Haemophilus_influenzae_strain_477__complete_genome NODE_27_length_520_cov_653.528870
		Skipping alignment  1012472 1013133 | 1 646 | 662 646 | 97.28 | NZ_CP007470.1_Haemophilus_influenzae_strain_477__complete_genome NODE_27_length_520_cov_653.528870
		Skipping alignment  1046042 1046703 | 1 646 | 662 646 | 97.28 | NZ_CP007470.1_Haemophilus_influenzae_strain_477__complete_genome NODE_27_length_520_cov_653.528870
		Skipping alignment  1302874 1303537 | 1 646 | 664 646 | 96.84 | NZ_CP007470.1_Haemophilus_influenzae_strain_477__complete_genome NODE_27_length_520_cov_653.528870

CONTIG: NODE_28_length_25356_cov_157.250427 (25482bp)
Top Length: 8637  Top ID: 98.66
		Skipping redundant alignment 1051660 1051965 | 1 309 | 306 309 | 98.38 | NZ_CP007470.1_Haemophilus_influenzae_strain_477__complete_genome NODE_28_length_25356_cov_157.250427
		Skipping redundant alignment 1308248 1308546 | 1 299 | 299 299 | 99.67 | NZ_CP007470.1_Haemophilus_influenzae_strain_477__complete_genome NODE_28_length_25356_cov_157.250427
		Skipping redundant alignment 1842666 1842962 | 299 1 | 297 299 | 98.66 | NZ_CP007470.1_Haemophilus_influenzae_strain_477__complete_genome NODE_28_length_25356_cov_157.250427
		Skipping redundant alignment 1018090 1018387 | 1 299 | 298 299 | 98.33 | NZ_CP007470.1_Haemophilus_influenzae_strain_477__complete_genome NODE_28_length_25356_cov_157.250427
		Skipping redundant alignment 1191548 1191742 | 1 195 | 195 195 | 98.47 | NZ_CP007470.1_Haemophilus_influenzae_strain_477__complete_genome NODE_28_length_25356_cov_157.250427
		Skipping redundant alignment 1832855 1832942 | 8713 8626 | 88 88 | 100.0 | NZ_CP007470.1_Haemophilus_influenzae_strain_477__complete_genome NODE_28_length_25356_cov_157.250427
		Skipping redundant alignment 1748696 1748821 | 25357 25482 | 126 126 | 99.21 | NZ_CP007470.1_Haemophilus_influenzae_strain_477__complete_genome NODE_28_length_25356_cov_157.250427
		This contig is misassembled. 10 total aligns.
			Excluding internal overlap of size 24 between Alignment 1 and 2:  1832899 1832997 | 8713 8614 | 99 100 --> 1832899 1832973 | 8713 8638 | 75 76
			Real Alignment 1: 1724388 1733019 | 8637 1 | 8632 8637 | 98.66 | NZ_CP007470.1_Haemophilus_influenzae_strain_477__complete_genome NODE_28_length_25356_cov_157.250427
			  Extensive misassembly ( relocation, inconsistency = -108586 ) between these two alignments
			Real Alignment 2: 1832899 1832973 | 8713 8638 | 75 76 | 98.0 | NZ_CP007470.1_Haemophilus_influenzae_strain_477__complete_genome NODE_28_length_25356_cov_157.250427
			  Extensive misassembly ( relocation, inconsistency = 107396 ) between these two alignments
			Real Alignment 3: 1708735 1714694 | 25482 19522 | 5960 5961 | 97.06 | NZ_CP007470.1_Haemophilus_influenzae_strain_477__complete_genome NODE_28_length_25356_cov_157.250427

CONTIG: NODE_30_length_22329_cov_132.361191 (22455bp)
		This contig is unaligned. (22455 bp)
		Unaligned bases: 22455  total: 63489

CONTIG: NODE_31_length_433_cov_382.521942 (559bp)
Top Length: 559  Top ID: 98.04
		Marking as insignificant: 1050089 1050266 | 178 1 | 178 178 | 98.31 | NZ_CP007470.1_Haemophilus_influenzae_strain_477__complete_genome NODE_31_length_433_cov_382.521942
		Marking as insignificant: 1844356 1844533 | 1 178 | 178 178 | 98.88 | NZ_CP007470.1_Haemophilus_influenzae_strain_477__complete_genome NODE_31_length_433_cov_382.521942
		Marking as insignificant: 1016519 1016696 | 178 1 | 178 178 | 98.88 | NZ_CP007470.1_Haemophilus_influenzae_strain_477__complete_genome NODE_31_length_433_cov_382.521942
		Marking as insignificant: 1844960 1845159 | 360 559 | 200 200 | 99.0 | NZ_CP007470.1_Haemophilus_influenzae_strain_477__complete_genome NODE_31_length_433_cov_382.521942
		Marking as insignificant: 1049463 1049662 | 559 360 | 200 200 | 99.0 | NZ_CP007470.1_Haemophilus_influenzae_strain_477__complete_genome NODE_31_length_433_cov_382.521942
		Marking as insignificant: 1015893 1016092 | 559 360 | 200 200 | 99.0 | NZ_CP007470.1_Haemophilus_influenzae_strain_477__complete_genome NODE_31_length_433_cov_382.521942
		Marking as insignificant: 1189598 1190154 | 557 1 | 557 557 | 97.13 | NZ_CP007470.1_Haemophilus_influenzae_strain_477__complete_genome NODE_31_length_433_cov_382.521942
		This contig has 2 significant alignments. [An ambiguously mapped contig]
		Using only first of these alignment (option --ambiguity-usage is set to "one"):
		Alignment: 1306295 1306854 | 559 1 | 560 559 | 98.04 | NZ_CP007470.1_Haemophilus_influenzae_strain_477__complete_genome NODE_31_length_433_cov_382.521942
		Skipping alignment  1734413 1734970 | 1 557 | 558 557 | 97.67 | NZ_CP007470.1_Haemophilus_influenzae_strain_477__complete_genome NODE_31_length_433_cov_382.521942

CONTIG: NODE_33_length_1214_cov_311.869843 (1340bp)
		This contig is unaligned. (1340 bp)
		Unaligned bases: 1340  total: 64829

CONTIG: NODE_35_length_62635_cov_154.319550 (62761bp)
Top Length: 16939  Top ID: 98.38
		Skipping redundant alignment 1832911 1832997 | 30762 30679 | 87 84 | 96.55 | NZ_CP007470.1_Haemophilus_influenzae_strain_477__complete_genome NODE_35_length_62635_cov_154.319550
		Skipping redundant alignment 1832817 1832928 | 30800 30689 | 112 112 | 95.54 | NZ_CP007470.1_Haemophilus_influenzae_strain_477__complete_genome NODE_35_length_62635_cov_154.319550
		This contig is misassembled. 7 total aligns.
			Real Alignment 1: 100506 100725 | 3131 3350 | 220 220 | 96.36 | NZ_CP007470.1_Haemophilus_influenzae_strain_477__complete_genome NODE_35_length_62635_cov_154.319550
			  Extensive misassembly ( relocation, inconsistency = 1658264 ) between these two alignments
			Real Alignment 2: 1780082 1787235 | 31561 24443 | 7154 7119 | 95.81 | NZ_CP007470.1_Haemophilus_influenzae_strain_477__complete_genome NODE_35_length_62635_cov_154.319550
			  Gap between these two alignments (local misassembly). Inconsistency = 3 
			Real Alignment 3: 1777647 1778954 | 33987 32686 | 1308 1302 | 95.8 | NZ_CP007470.1_Haemophilus_influenzae_strain_477__complete_genome NODE_35_length_62635_cov_154.319550
			  Overlap between these two alignments (local misassembly). Inconsistency = -177 
			Real Alignment 4: 1767042 1777648 | 44747 34163 | 10607 10585 | 95.04 | NZ_CP007470.1_Haemophilus_influenzae_strain_477__complete_genome NODE_35_length_62635_cov_154.319550
			  Overlap between these two alignments (local misassembly). Inconsistency = -812 
			Real Alignment 5: 1749832 1766778 | 62761 45823 | 16947 16939 | 98.38 | NZ_CP007470.1_Haemophilus_influenzae_strain_477__complete_genome NODE_35_length_62635_cov_154.319550

CONTIG: NODE_37_length_790_cov_684.572144 (916bp)
Top Length: 916  Top ID: 99.78
		This contig has 6 significant alignments. [An ambiguously mapped contig]
		Using only first of these alignment (option --ambiguity-usage is set to "one"):
		Alignment: 1190029 1190944 | 916 1 | 916 916 | 99.78 | NZ_CP007470.1_Haemophilus_influenzae_strain_477__complete_genome NODE_37_length_790_cov_684.572144
		Skipping alignment  1306729 1307644 | 916 1 | 916 916 | 99.78 | NZ_CP007470.1_Haemophilus_influenzae_strain_477__complete_genome NODE_37_length_790_cov_684.572144
		Skipping alignment  1016572 1017486 | 915 1 | 915 915 | 99.67 | NZ_CP007470.1_Haemophilus_influenzae_strain_477__complete_genome NODE_37_length_790_cov_684.572144
		Skipping alignment  1733623 1734537 | 1 915 | 915 915 | 99.67 | NZ_CP007470.1_Haemophilus_influenzae_strain_477__complete_genome NODE_37_length_790_cov_684.572144
		Skipping alignment  1843566 1844480 | 1 915 | 915 915 | 99.67 | NZ_CP007470.1_Haemophilus_influenzae_strain_477__complete_genome NODE_37_length_790_cov_684.572144
		Skipping alignment  1050142 1051056 | 915 1 | 915 915 | 99.56 | NZ_CP007470.1_Haemophilus_influenzae_strain_477__complete_genome NODE_37_length_790_cov_684.572144

CONTIG: NODE_39_length_233014_cov_148.519196 (233140bp)
Top Length: 84275  Top ID: 98.67
		Skipping redundant alignment 1738366 1738499 | 1 134 | 134 134 | 97.01 | NZ_CP007470.1_Haemophilus_influenzae_strain_477__complete_genome NODE_39_length_233014_cov_148.519196
		Skipping redundant alignment 2292 2424 | 1 133 | 133 133 | 98.5 | NZ_CP007470.1_Haemophilus_influenzae_strain_477__complete_genome NODE_39_length_233014_cov_148.519196
		Skipping redundant alignment 1186334 1186466 | 133 1 | 133 133 | 96.24 | NZ_CP007470.1_Haemophilus_influenzae_strain_477__complete_genome NODE_39_length_233014_cov_148.519196
		Skipping redundant alignment 1045947 1046071 | 125 1 | 125 125 | 98.4 | NZ_CP007470.1_Haemophilus_influenzae_strain_477__complete_genome NODE_39_length_233014_cov_148.519196
		Skipping redundant alignment 1587431 1587497 | 38803 38869 | 67 67 | 100.0 | NZ_CP007470.1_Haemophilus_influenzae_strain_477__complete_genome NODE_39_length_233014_cov_148.519196
		Skipping redundant alignment 1587429 1587497 | 38805 38873 | 69 69 | 100.0 | NZ_CP007470.1_Haemophilus_influenzae_strain_477__complete_genome NODE_39_length_233014_cov_148.519196
		Skipping redundant alignment 1283818 1283887 | 113547 113616 | 70 70 | 100.0 | NZ_CP007470.1_Haemophilus_influenzae_strain_477__complete_genome NODE_39_length_233014_cov_148.519196
		This contig is misassembled. 11 total aligns.
			Real Alignment 1: 973626 1012501 | 38862 1 | 38876 38862 | 99.68 | NZ_CP007470.1_Haemophilus_influenzae_strain_477__complete_genome NODE_39_length_233014_cov_148.519196
			  Overlap between these two alignments (local misassembly). Inconsistency = -93 
			Excluding internal overlap of size 6 between Alignment 2 and 3:  827548 888668 | 184369 123285 | 61121 61085 --> 827548 888662 | 184369 123291 | 61115 61079
			Real Alignment 2: 889446 973565 | 123290 39016 | 84120 84275 | 98.67 | NZ_CP007470.1_Haemophilus_influenzae_strain_477__complete_genome NODE_39_length_233014_cov_148.519196
			  Gap between these two alignments (local misassembly). Inconsistency = 783 
			Real Alignment 3: 827548 888662 | 184369 123291 | 61115 61079 | 98.14 | NZ_CP007470.1_Haemophilus_influenzae_strain_477__complete_genome NODE_39_length_233014_cov_148.519196
			  Gap between these two alignments (local misassembly). Inconsistency = 28 
			Real Alignment 4: 790348 827427 | 221515 184462 | 37080 37054 | 97.14 | NZ_CP007470.1_Haemophilus_influenzae_strain_477__complete_genome NODE_39_length_233014_cov_148.519196

CONTIG: NODE_40_length_1253_cov_141.162811 (1379bp)
		This contig is unaligned. (1379 bp)
		Unaligned bases: 1379  total: 66208

CONTIG: NODE_41_length_3788_cov_277.582367 (3914bp)
Top Length: 1132  Top ID: 96.2
		This contig is partially unaligned. (Aligned 1132 out of 3914 bases)
		Alignment: 1485852 1486983 | 1132 1 | 1132 1132 | 96.2 | NZ_CP007470.1_Haemophilus_influenzae_strain_477__complete_genome NODE_41_length_3788_cov_277.582367
		Unaligned bases: 1133 to 3914 (2782)
		This contig has both significant aligned and unaligned parts (of length >= min-contig)!

CONTIG: NODE_42_length_780_cov_246.939743 (906bp)
		This contig is unaligned. (906 bp)
		Unaligned bases: 906  total: 67114

CONTIG: NODE_43_length_729_cov_299.320984 (855bp)
		This contig is unaligned. (855 bp)
		Unaligned bases: 855  total: 67969

CONTIG: NODE_46_length_410_cov_254.624390 (536bp)
Top Length: 308  Top ID: 98.7
		This contig is misassembled. 2 total aligns.
			Real Alignment 1: 1492972 1493193 | 3 227 | 222 225 | 96.89 | NZ_CP007470.1_Haemophilus_influenzae_strain_477__complete_genome NODE_46_length_410_cov_254.624390
			  Fake misassembly between these two alignments: inconsistency = -42 , gap in the contig is small or absent or filled mostly with Ns (long indel: insertion of length 42; 0 mismatches)
			Real Alignment 2: 1493153 1493460 | 229 536 | 308 308 | 98.7 | NZ_CP007470.1_Haemophilus_influenzae_strain_477__complete_genome NODE_46_length_410_cov_254.624390

CONTIG: NODE_47_length_906_cov_336.151215 (1032bp)
Top Length: 748  Top ID: 95.99
		This contig is misassembled. 2 total aligns.
			Excluding internal overlap of size 344 between Alignment 1 and 2:  230316 230943 | 628 1 | 628 628 --> 230660 230943 | 284 1 | 284 284
			Real Alignment 1: 230660 230943 | 284 1 | 284 284 | 96.18 | NZ_CP007470.1_Haemophilus_influenzae_strain_477__complete_genome NODE_47_length_906_cov_336.151215
			  Extensive misassembly ( relocation, inconsistency = 1261180 ) between these two alignments
			Real Alignment 2: 1492124 1492871 | 285 1032 | 748 748 | 95.99 | NZ_CP007470.1_Haemophilus_influenzae_strain_477__complete_genome NODE_47_length_906_cov_336.151215

CONTIG: NODE_48_length_609_cov_328.308716 (735bp)
Top Length: 735  Top ID: 95.52
		One align captures most of this contig: 224253 224987 | 1 735 | 735 735 | 95.52 | NZ_CP007470.1_Haemophilus_influenzae_strain_477__complete_genome NODE_48_length_609_cov_328.308716

CONTIG: NODE_49_length_417_cov_291.045563 (543bp)
Top Length: 543  Top ID: 96.32
		One align captures most of this contig: 350995 351537 | 543 1 | 543 543 | 96.32 | NZ_CP007470.1_Haemophilus_influenzae_strain_477__complete_genome NODE_49_length_417_cov_291.045563

CONTIG: NODE_50_length_111947_cov_114.293762 (112073bp)
Top Length: 76131  Top ID: 98.95
		Skipping redundant alignment 899117 899186 | 19711 19780 | 70 70 | 100.0 | NZ_CP007470.1_Haemophilus_influenzae_strain_477__complete_genome NODE_50_length_111947_cov_114.293762
		Skipping redundant alignment 1045692 1045776 | 92080 91996 | 85 85 | 100.0 | NZ_CP007470.1_Haemophilus_influenzae_strain_477__complete_genome NODE_50_length_111947_cov_114.293762
		Skipping redundant alignment 1045692 1045772 | 92180 92100 | 81 81 | 100.0 | NZ_CP007470.1_Haemophilus_influenzae_strain_477__complete_genome NODE_50_length_111947_cov_114.293762
		Skipping redundant alignment 1150266 1150527 | 100431 100170 | 262 262 | 96.2 | NZ_CP007470.1_Haemophilus_influenzae_strain_477__complete_genome NODE_50_length_111947_cov_114.293762
		Skipping redundant alignment 1512719 1512797 | 100216 100294 | 79 79 | 100.0 | NZ_CP007470.1_Haemophilus_influenzae_strain_477__complete_genome NODE_50_length_111947_cov_114.293762
		Skipping redundant alignment 1150081 1150162 | 100513 100432 | 82 82 | 100.0 | NZ_CP007470.1_Haemophilus_influenzae_strain_477__complete_genome NODE_50_length_111947_cov_114.293762
		Skipping redundant alignment 24074 24151 | 100434 100511 | 78 78 | 100.0 | NZ_CP007470.1_Haemophilus_influenzae_strain_477__complete_genome NODE_50_length_111947_cov_114.293762
		Skipping redundant alignment 1034037 1034116 | 111694 111615 | 80 80 | 100.0 | NZ_CP007470.1_Haemophilus_influenzae_strain_477__complete_genome NODE_50_length_111947_cov_114.293762
		Skipping redundant alignment 1051478 1051853 | 112073 111697 | 376 377 | 97.88 | NZ_CP007470.1_Haemophilus_influenzae_strain_477__complete_genome NODE_50_length_111947_cov_114.293762
		Skipping redundant alignment 1308066 1308442 | 112073 111697 | 377 377 | 97.62 | NZ_CP007470.1_Haemophilus_influenzae_strain_477__complete_genome NODE_50_length_111947_cov_114.293762
		Skipping redundant alignment 1732825 1733201 | 111697 112073 | 377 377 | 97.62 | NZ_CP007470.1_Haemophilus_influenzae_strain_477__complete_genome NODE_50_length_111947_cov_114.293762
		Skipping redundant alignment 1017908 1018282 | 112073 111697 | 375 377 | 97.35 | NZ_CP007470.1_Haemophilus_influenzae_strain_477__complete_genome NODE_50_length_111947_cov_114.293762
		Skipping redundant alignment 1842770 1843144 | 111697 112073 | 375 377 | 97.35 | NZ_CP007470.1_Haemophilus_influenzae_strain_477__complete_genome NODE_50_length_111947_cov_114.293762
		This contig is misassembled. 16 total aligns.
			Real Alignment 1: 1293637 1303537 | 9924 1 | 9901 9924 | 95.75 | NZ_CP007470.1_Haemophilus_influenzae_strain_477__complete_genome NODE_50_length_111947_cov_114.293762
			  Overlap between these two alignments (local misassembly). Inconsistency = -36 
			Excluding internal overlap of size 288 between Alignment 2 and 3:  1191366 1216699 | 112073 86723 | 25334 25351 --> 1191366 1216411 | 112073 87011 | 25046 25063
			Real Alignment 2: 1216669 1292717 | 87010 10880 | 76049 76131 | 98.95 | NZ_CP007470.1_Haemophilus_influenzae_strain_477__complete_genome NODE_50_length_111947_cov_114.293762
			  Gap between these two alignments (local misassembly). Inconsistency = 257 
			Real Alignment 3: 1191366 1216411 | 112073 87011 | 25046 25063 | 98.57 | NZ_CP007470.1_Haemophilus_influenzae_strain_477__complete_genome NODE_50_length_111947_cov_114.293762

CONTIG: NODE_55_length_141337_cov_116.166039 (141463bp)
Top Length: 57041  Top ID: 98.53
		Skipping redundant alignment 1738366 1738500 | 1 135 | 135 135 | 96.3 | NZ_CP007470.1_Haemophilus_influenzae_strain_477__complete_genome NODE_55_length_141337_cov_116.166039
		Skipping redundant alignment 1045947 1046071 | 125 1 | 125 125 | 98.4 | NZ_CP007470.1_Haemophilus_influenzae_strain_477__complete_genome NODE_55_length_141337_cov_116.166039
		Skipping redundant alignment 1202996 1203257 | 40600 40338 | 262 263 | 95.83 | NZ_CP007470.1_Haemophilus_influenzae_strain_477__complete_genome NODE_55_length_141337_cov_116.166039
		Skipping redundant alignment 1512719 1512797 | 40384 40462 | 79 79 | 100.0 | NZ_CP007470.1_Haemophilus_influenzae_strain_477__complete_genome NODE_55_length_141337_cov_116.166039
		Skipping redundant alignment 1202914 1202995 | 40785 40704 | 82 82 | 100.0 | NZ_CP007470.1_Haemophilus_influenzae_strain_477__complete_genome NODE_55_length_141337_cov_116.166039
		Skipping redundant alignment 24074 24151 | 40706 40783 | 78 78 | 100.0 | NZ_CP007470.1_Haemophilus_influenzae_strain_477__complete_genome NODE_55_length_141337_cov_116.166039
		Skipping redundant alignment 1842656 1842962 | 140457 140764 | 307 308 | 98.38 | NZ_CP007470.1_Haemophilus_influenzae_strain_477__complete_genome NODE_55_length_141337_cov_116.166039
		Skipping redundant alignment 1018090 1018397 | 140764 140457 | 308 308 | 98.06 | NZ_CP007470.1_Haemophilus_influenzae_strain_477__complete_genome NODE_55_length_141337_cov_116.166039
		Skipping redundant alignment 1308248 1308556 | 140764 140457 | 309 308 | 98.06 | NZ_CP007470.1_Haemophilus_influenzae_strain_477__complete_genome NODE_55_length_141337_cov_116.166039
		Skipping redundant alignment 1732711 1733019 | 140459 140764 | 309 306 | 98.06 | NZ_CP007470.1_Haemophilus_influenzae_strain_477__complete_genome NODE_55_length_141337_cov_116.166039
		Skipping redundant alignment 1191548 1191742 | 140764 140571 | 195 194 | 98.97 | NZ_CP007470.1_Haemophilus_influenzae_strain_477__complete_genome NODE_55_length_141337_cov_116.166039
			Skipping redundant alignments after choosing the best set of alignments
		Skipping redundant alignment 1017373 1017879 | 141463 140957 | 507 507 | 99.01 | NZ_CP007470.1_Haemophilus_influenzae_strain_477__complete_genome NODE_55_length_141337_cov_116.166039
		Skipping redundant alignment 1190831 1191337 | 141463 140957 | 507 507 | 99.01 | NZ_CP007470.1_Haemophilus_influenzae_strain_477__complete_genome NODE_55_length_141337_cov_116.166039
		Skipping redundant alignment 1307531 1308037 | 141463 140957 | 507 507 | 99.41 | NZ_CP007470.1_Haemophilus_influenzae_strain_477__complete_genome NODE_55_length_141337_cov_116.166039
		Skipping redundant alignment 1733230 1733736 | 140957 141463 | 507 507 | 99.41 | NZ_CP007470.1_Haemophilus_influenzae_strain_477__complete_genome NODE_55_length_141337_cov_116.166039
		Skipping redundant alignment 1843173 1843679 | 140957 141463 | 507 507 | 99.01 | NZ_CP007470.1_Haemophilus_influenzae_strain_477__complete_genome NODE_55_length_141337_cov_116.166039
		This contig is misassembled. 23 total aligns.
			Real Alignment 1: 2292 2436 | 1 144 | 145 144 | 95.86 | NZ_CP007470.1_Haemophilus_influenzae_strain_477__complete_genome NODE_55_length_141337_cov_116.166039
			  Extensive misassembly ( relocation, inconsistency = 1170887 ) between these two alignments
			Real Alignment 2: 1179683 1179961 | 6782 6504 | 279 279 | 98.21 | NZ_CP007470.1_Haemophilus_influenzae_strain_477__complete_genome NODE_55_length_141337_cov_116.166039
			  Overlap between these two alignments (local misassembly). Inconsistency = -358 
			Real Alignment 3: 1157997 1179679 | 28824 7144 | 21683 21681 | 98.93 | NZ_CP007470.1_Haemophilus_influenzae_strain_477__complete_genome NODE_55_length_141337_cov_116.166039
			  Extensive misassembly ( relocation, inconsistency = -4027 ) between these two alignments
			Real Alignment 4: 1119223 1156430 | 71641 34418 | 37208 37224 | 96.7 | NZ_CP007470.1_Haemophilus_influenzae_strain_477__complete_genome NODE_55_length_141337_cov_116.166039
			  Overlap between these two alignments (local misassembly). Inconsistency = -144 
			Real Alignment 5: 1108710 1119188 | 82298 71820 | 10479 10479 | 98.17 | NZ_CP007470.1_Haemophilus_influenzae_strain_477__complete_genome NODE_55_length_141337_cov_116.166039
			  Extensive misassembly ( relocation, inconsistency = -1406 ) between these two alignments
			Real Alignment 6: 1051660 1108690 | 140764 83724 | 57031 57041 | 98.53 | NZ_CP007470.1_Haemophilus_influenzae_strain_477__complete_genome NODE_55_length_141337_cov_116.166039
			  Fake misassembly between these two alignments: inconsistency = 18 , gap in the contig is small or absent or filled mostly with Ns (long indel: deletion of length 18; 0 mismatches)
			Real Alignment 7: 1050943 1051449 | 141463 140957 | 507 507 | 99.01 | NZ_CP007470.1_Haemophilus_influenzae_strain_477__complete_genome NODE_55_length_141337_cov_116.166039

CONTIG: NODE_56_length_1778_cov_161.577621 (1904bp)
Top Length: 294  Top ID: 95.27
		This contig is partially unaligned. (Aligned 294 out of 1904 bases)
		Alignment: 224084 224378 | 294 1 | 295 294 | 95.27 | NZ_CP007470.1_Haemophilus_influenzae_strain_477__complete_genome NODE_56_length_1778_cov_161.577621
		Unaligned bases: 295 to 1904 (1610)

CONTIG: NODE_69_length_277640_cov_129.889389 (277766bp)
Top Length: 65327  Top ID: 97.77
		Skipping redundant alignment 142550 143211 | 92699 92039 | 662 661 | 97.13 | NZ_CP007470.1_Haemophilus_influenzae_strain_477__complete_genome NODE_69_length_277640_cov_129.889389
		Skipping redundant alignment 142112 142548 | 93565 93125 | 437 441 | 96.83 | NZ_CP007470.1_Haemophilus_influenzae_strain_477__complete_genome NODE_69_length_277640_cov_129.889389
		Skipping redundant alignment 72002 72072 | 244544 244474 | 71 71 | 100.0 | NZ_CP007470.1_Haemophilus_influenzae_strain_477__complete_genome NODE_69_length_277640_cov_129.889389
		Skipping redundant alignment 474753 474823 | 244474 244544 | 71 71 | 100.0 | NZ_CP007470.1_Haemophilus_influenzae_strain_477__complete_genome NODE_69_length_277640_cov_129.889389
			Skipping redundant alignments after choosing the best set of alignments
		Skipping redundant alignment 72044 72200 | 244544 244389 | 157 156 | 99.36 | NZ_CP007470.1_Haemophilus_influenzae_strain_477__complete_genome NODE_69_length_277640_cov_129.889389
		This contig is misassembled. 14 total aligns.
			Real Alignment 1: 231197 258710 | 380 27893 | 27514 27514 | 98.16 | NZ_CP007470.1_Haemophilus_influenzae_strain_477__complete_genome NODE_69_length_277640_cov_129.889389
			  Gap between these two alignments (local misassembly). Inconsistency = 56 
			Real Alignment 2: 259385 310954 | 28512 80080 | 51570 51569 | 98.65 | NZ_CP007470.1_Haemophilus_influenzae_strain_477__complete_genome NODE_69_length_277640_cov_129.889389
			  Gap between these two alignments (local misassembly). Inconsistency = 116 
			Real Alignment 3: 311071 317235 | 80081 86243 | 6165 6163 | 97.99 | NZ_CP007470.1_Haemophilus_influenzae_strain_477__complete_genome NODE_69_length_277640_cov_129.889389
			  Overlap between these two alignments (local misassembly). Inconsistency = -96 
			Real Alignment 4: 317221 335840 | 86325 105019 | 18620 18695 | 96.9 | NZ_CP007470.1_Haemophilus_influenzae_strain_477__complete_genome NODE_69_length_277640_cov_129.889389
			  Overlap between these two alignments (local misassembly). Inconsistency = -324 
			Real Alignment 5: 337874 359172 | 107377 128704 | 21299 21328 | 96.48 | NZ_CP007470.1_Haemophilus_influenzae_strain_477__complete_genome NODE_69_length_277640_cov_129.889389
			  Gap between these two alignments (local misassembly). Inconsistency = 37 
			Real Alignment 6: 359422 424712 | 128917 194243 | 65291 65327 | 97.77 | NZ_CP007470.1_Haemophilus_influenzae_strain_477__complete_genome NODE_69_length_277640_cov_129.889389
			  Fake misassembly between these two alignments: inconsistency = -72 , gap in the contig is small or absent or filled mostly with Ns (long indel: insertion of length 72; 0 mismatches)
			Real Alignment 7: 424673 474570 | 194276 244195 | 49898 49920 | 97.75 | NZ_CP007470.1_Haemophilus_influenzae_strain_477__complete_genome NODE_69_length_277640_cov_129.889389
			  Overlap between these two alignments (local misassembly). Inconsistency = -139 
			Real Alignment 8: 474625 474781 | 244389 244544 | 157 156 | 97.45 | NZ_CP007470.1_Haemophilus_influenzae_strain_477__complete_genome NODE_69_length_277640_cov_129.889389
			  Extensive misassembly ( relocation, inconsistency = -407391 ) between these two alignments
			Real Alignment 9: 70555 98827 | 276075 247709 | 28273 28367 | 97.59 | NZ_CP007470.1_Haemophilus_influenzae_strain_477__complete_genome NODE_69_length_277640_cov_129.889389

CONTIG: NODE_71_length_3065_cov_113.476349 (3191bp)
Top Length: 65  Top ID: 100.0
			Skipping redundant alignments after choosing the best set of alignments
		Skipping redundant alignment 474717 474781 | 3191 3127 | 65 65 | 100.0 | NZ_CP007470.1_Haemophilus_influenzae_strain_477__complete_genome NODE_71_length_3065_cov_113.476349
		This contig is partially unaligned. (Aligned 65 out of 3191 bases)
		Alignment: 72044 72108 | 3127 3191 | 65 65 | 100.0 | NZ_CP007470.1_Haemophilus_influenzae_strain_477__complete_genome NODE_71_length_3065_cov_113.476349
		Unaligned bases: 1 to 3126 (3126)

CONTIG: NODE_74_length_10024_cov_111.852356 (10150bp)
Top Length: 3081  Top ID: 99.68
		This contig is misassembled. 5 total aligns.
			Real Alignment 1: 1486858 1487542 | 1 686 | 685 686 | 98.83 | NZ_CP007470.1_Haemophilus_influenzae_strain_477__complete_genome NODE_74_length_10024_cov_111.852356
			  Extensive misassembly ( relocation, inconsistency = 3619 ) between these two alignments
			Real Alignment 2: 1493153 1493923 | 3448 2678 | 771 771 | 97.28 | NZ_CP007470.1_Haemophilus_influenzae_strain_477__complete_genome NODE_74_length_10024_cov_111.852356
			  Fake misassembly between these two alignments: inconsistency = -42 , gap in the contig is small or absent or filled mostly with Ns (long indel: insertion of length 42; 0 mismatches)
			Real Alignment 3: 1492138 1493193 | 4508 3450 | 1056 1059 | 96.13 | NZ_CP007470.1_Haemophilus_influenzae_strain_477__complete_genome NODE_74_length_10024_cov_111.852356
			  Gap between these two alignments (local misassembly). Inconsistency = 304 
			Real Alignment 4: 1488430 1491510 | 7912 4832 | 3081 3081 | 99.68 | NZ_CP007470.1_Haemophilus_influenzae_strain_477__complete_genome NODE_74_length_10024_cov_111.852356
			  Extensive misassembly ( relocation, inconsistency = 5212 ) between these two alignments
			Real Alignment 5: 1497757 1498313 | 8947 9502 | 557 556 | 98.92 | NZ_CP007470.1_Haemophilus_influenzae_strain_477__complete_genome NODE_74_length_10024_cov_111.852356

CONTIG: NODE_75_length_5097_cov_135.393951 (5223bp)
Top Length: 3866  Top ID: 98.14
		Skipping redundant alignment 1497598 1497704 | 107 1 | 107 107 | 97.22 | NZ_CP007470.1_Haemophilus_influenzae_strain_477__complete_genome NODE_75_length_5097_cov_135.393951
		This contig is misassembled. 4 total aligns.
			Real Alignment 1: 224864 228728 | 3 3868 | 3865 3866 | 98.14 | NZ_CP007470.1_Haemophilus_influenzae_strain_477__complete_genome NODE_75_length_5097_cov_135.393951
			  Extensive misassembly ( relocation, inconsistency = 1264256 ) between these two alignments
			Real Alignment 2: 1493153 1493887 | 4771 4037 | 735 735 | 97.28 | NZ_CP007470.1_Haemophilus_influenzae_strain_477__complete_genome NODE_75_length_5097_cov_135.393951
			  Fake misassembly between these two alignments: inconsistency = -42 , gap in the contig is small or absent or filled mostly with Ns (long indel: insertion of length 42; 0 mismatches)
			Real Alignment 3: 1492746 1493193 | 5223 4773 | 448 451 | 96.01 | NZ_CP007470.1_Haemophilus_influenzae_strain_477__complete_genome NODE_75_length_5097_cov_135.393951

Analyzing coverage...
Writing SNPs into /data/projects/Assembly/Aroon/reports/GCF_000931575.1_ASM93157v1_genomic/contigs_reports/nucmer_output/M07572_contigs.used_snps
	Reference NZ_CP007470.1_Haemophilus_influenzae_strain_477__complete_genome: 108 total alignments. 1 total regions.
		Region: 1 to 1846259 (1846259 bp)
			START in gap: 1 to 1660 (1659 bp)
			Align 1: 1660 2321 NODE_27_length_520_cov_653.528870 646 1
				Negative gap (overlap) between this and next alignment: 2321 to 2180 (-141 bp)
				Next Alignment: 2180 6613 NODE_13_length_61744_cov_120.733742 61870 57438

			Previous gap was negative, modifying coordinates to ignore overlap
				Moving contig start from 61870 to 61744.
			Align 2: 2322 6613 NODE_13_length_61744_cov_120.733742 61744 57438
				The next alignment (2292 2436 NODE_55_length_141337_cov_116.166039 1 144) is redundant. Skipping.
				Gap between this and next alignment: 6613 to 6777 (163 bp)
				Next Alignment: 6777 28853 NODE_13_length_61744_cov_120.733742 57323 35260

			Align 4: 6777 28853 NODE_13_length_61744_cov_120.733742 57323 35260
				Gap between this and next alignment: 28853 to 28946 (92 bp)
				Next Alignment: 28946 55693 NODE_13_length_61744_cov_120.733742 34173 7473

			Align 5: 28946 55693 NODE_13_length_61744_cov_120.733742 34173 7473
				Gap between this and next alignment: 55693 to 55862 (168 bp)
				Next Alignment: 55862 58905 NODE_13_length_61744_cov_120.733742 7472 4429

			Align 6: 55862 58905 NODE_13_length_61744_cov_120.733742 7472 4429
				Gap between this and next alignment: 58905 to 59044 (138 bp)
				Next Alignment: 59044 63401 NODE_13_length_61744_cov_120.733742 4352 1

			Align 7: 59044 63401 NODE_13_length_61744_cov_120.733742 4352 1
				Gap between this and next alignment: 63401 to 70555 (7153 bp)
				Next Alignment: 70555 98827 NODE_69_length_277640_cov_129.889389 276075 247709

			Align 8: 70555 98827 NODE_69_length_277640_cov_129.889389 276075 247709
				The next alignment (72044 72108 NODE_71_length_3065_cov_113.476349 3127 3191) is redundant. Skipping.
				Negative gap (overlap) between this and next alignment: 98827 to 98811 (-16 bp)
				Next Alignment: 98811 103408 NODE_12_length_76973_cov_147.809525 235 4831

			Previous gap was negative, modifying coordinates to ignore overlap
				Moving contig start from 235 to 252.
			Align 10: 98828 103408 NODE_12_length_76973_cov_147.809525 252 4831
				The next alignment (100506 100725 NODE_35_length_62635_cov_154.319550 3131 3350) is redundant. Skipping.
				Gap between this and next alignment: 103408 to 103627 (218 bp)
				Next Alignment: 103627 143139 NODE_12_length_76973_cov_147.809525 4834 44348

			Align 12: 103627 143139 NODE_12_length_76973_cov_147.809525 4834 44348
				Negative gap (overlap) between this and next alignment: 143139 to 143135 (-4 bp)
				Next Alignment: 143135 156434 NODE_20_length_79421_cov_141.900635 374 13672

			Previous gap was negative, modifying coordinates to ignore overlap
				Moving contig start from 374 to 379.
			Align 13: 143140 156434 NODE_20_length_79421_cov_141.900635 379 13672
				Gap between this and next alignment: 156434 to 158949 (2514 bp)
				Next Alignment: 158949 190384 NODE_20_length_79421_cov_141.900635 14423 45857

			Align 14: 158949 190384 NODE_20_length_79421_cov_141.900635 14423 45857
				Next Alignment: 190385 191261 NODE_20_length_79421_cov_141.900635 46017 46891

			Align 15: 190385 191261 NODE_20_length_79421_cov_141.900635 46017 46891
				Gap between this and next alignment: 191261 to 193022 (1760 bp)
				Next Alignment: 193022 220593 NODE_20_length_79421_cov_141.900635 47963 75514

			Align 16: 193022 220593 NODE_20_length_79421_cov_141.900635 47963 75514
				Negative gap (overlap) between this and next alignment: 220593 to 220593 (0 bp)
				Next Alignment: 220593 224378 NODE_20_length_79421_cov_141.900635 75763 79547

			Previous gap was negative, modifying coordinates to ignore overlap
				Moving contig start from 75763 to 75764.
			Align 17: 220594 224378 NODE_20_length_79421_cov_141.900635 75764 79547
				The next alignment (224084 224378 NODE_56_length_1778_cov_161.577621 294 1) is redundant. Skipping.
				Negative gap (overlap) between this and next alignment: 224378 to 224253 (-125 bp)
				Next Alignment: 224253 224987 NODE_48_length_609_cov_328.308716 1 735

			Previous gap was negative, modifying coordinates to ignore overlap
				Moving contig start from 1 to 127.
			Align 19: 224379 224987 NODE_48_length_609_cov_328.308716 127 735
				Negative gap (overlap) between this and next alignment: 224987 to 224864 (-123 bp)
				Next Alignment: 224864 228728 NODE_75_length_5097_cov_135.393951 3 3868

			Previous gap was negative, modifying coordinates to ignore overlap
				Moving contig start from 3 to 127.
			Align 20: 224988 228728 NODE_75_length_5097_cov_135.393951 127 3868
				Gap between this and next alignment: 228728 to 230660 (1931 bp)
				Next Alignment: 230660 230943 NODE_47_length_906_cov_336.151215 284 1

			Align 21: 230660 230943 NODE_47_length_906_cov_336.151215 284 1
				Gap between this and next alignment: 230943 to 231197 (253 bp)
				Next Alignment: 231197 258710 NODE_69_length_277640_cov_129.889389 380 27893

			Align 22: 231197 258710 NODE_69_length_277640_cov_129.889389 380 27893
				Gap between this and next alignment: 258710 to 259385 (674 bp)
				Next Alignment: 259385 310954 NODE_69_length_277640_cov_129.889389 28512 80080

			Align 23: 259385 310954 NODE_69_length_277640_cov_129.889389 28512 80080
				Gap between this and next alignment: 310954 to 311071 (116 bp)
				Next Alignment: 311071 317235 NODE_69_length_277640_cov_129.889389 80081 86243

			Align 24: 311071 317235 NODE_69_length_277640_cov_129.889389 80081 86243
				Negative gap (overlap) between this and next alignment: 317235 to 317221 (-14 bp)
				Next Alignment: 317221 335840 NODE_69_length_277640_cov_129.889389 86325 105019

			Previous gap was negative, modifying coordinates to ignore overlap
				Moving contig start from 86325 to 86340.
			Align 25: 317236 335840 NODE_69_length_277640_cov_129.889389 86340 105019
				Gap between this and next alignment: 335840 to 337874 (2033 bp)
				Next Alignment: 337874 359172 NODE_69_length_277640_cov_129.889389 107377 128704

			Align 26: 337874 359172 NODE_69_length_277640_cov_129.889389 107377 128704
				The next alignment (350982 353046 NODE_12_length_76973_cov_147.809525 76669 74602) is redundant. Skipping.
				The next alignment (350995 351537 NODE_49_length_417_cov_291.045563 543 1) is redundant. Skipping.
				Gap between this and next alignment: 359172 to 359422 (249 bp)
				Next Alignment: 359422 424712 NODE_69_length_277640_cov_129.889389 128917 194243

			Align 29: 359422 424712 NODE_69_length_277640_cov_129.889389 128917 194243
				Negative gap (overlap) between this and next alignment: 424712 to 424673 (-39 bp)
				Next Alignment: 424673 474570 NODE_69_length_277640_cov_129.889389 194276 244195

			Previous gap was negative, modifying coordinates to ignore overlap
				Moving contig start from 194276 to 194316.
			Align 30: 424713 474570 NODE_69_length_277640_cov_129.889389 194316 244195
				Gap between this and next alignment: 474570 to 474625 (54 bp)
				Next Alignment: 474625 474781 NODE_69_length_277640_cov_129.889389 244389 244544

			Align 31: 474625 474781 NODE_69_length_277640_cov_129.889389 244389 244544
				Gap between this and next alignment: 474781 to 483487 (8705 bp)
				Next Alignment: 483487 533842 NODE_6_length_305742_cov_137.956314 1 50443

			Align 32: 483487 533842 NODE_6_length_305742_cov_137.956314 1 50443
				Gap between this and next alignment: 533842 to 533950 (107 bp)
				Next Alignment: 533950 584803 NODE_6_length_305742_cov_137.956314 50563 101411

			Align 33: 533950 584803 NODE_6_length_305742_cov_137.956314 50563 101411
				Gap between this and next alignment: 584803 to 585285 (481 bp)
				Next Alignment: 585285 588419 NODE_6_length_305742_cov_137.956314 101884 105023

			Align 34: 585285 588419 NODE_6_length_305742_cov_137.956314 101884 105023
				Gap between this and next alignment: 588419 to 589660 (1240 bp)
				Next Alignment: 589660 599640 NODE_6_length_305742_cov_137.956314 105065 115052

			Align 35: 589660 599640 NODE_6_length_305742_cov_137.956314 105065 115052
				Negative gap (overlap) between this and next alignment: 599640 to 599640 (0 bp)
				Next Alignment: 599640 657416 NODE_6_length_305742_cov_137.956314 115216 172996

			Previous gap was negative, modifying coordinates to ignore overlap
				Moving contig start from 115216 to 115217.
			Align 36: 599641 657416 NODE_6_length_305742_cov_137.956314 115217 172996
				Gap between this and next alignment: 657416 to 657539 (122 bp)
				Next Alignment: 657539 668378 NODE_6_length_305742_cov_137.956314 173121 183878

			Align 37: 657539 668378 NODE_6_length_305742_cov_137.956314 173121 183878
				Gap between this and next alignment: 668378 to 668555 (176 bp)
				Next Alignment: 668555 692548 NODE_6_length_305742_cov_137.956314 184094 208086

			Align 38: 668555 692548 NODE_6_length_305742_cov_137.956314 184094 208086
				Gap between this and next alignment: 692548 to 693654 (1105 bp)
				Next Alignment: 693654 708268 NODE_6_length_305742_cov_137.956314 209335 223959

			Align 39: 693654 708268 NODE_6_length_305742_cov_137.956314 209335 223959
				Gap between this and next alignment: 708268 to 711782 (3513 bp)
				Next Alignment: 711782 732275 NODE_6_length_305742_cov_137.956314 226625 247128

			Align 40: 711782 732275 NODE_6_length_305742_cov_137.956314 226625 247128
				Negative gap (overlap) between this and next alignment: 732275 to 732133 (-142 bp)
				Next Alignment: 732133 736705 NODE_6_length_305742_cov_137.956314 247129 251706

			Previous gap was negative, modifying coordinates to ignore overlap
				Moving contig start from 247129 to 247272.
			Align 41: 732276 736705 NODE_6_length_305742_cov_137.956314 247272 251706
				Gap between this and next alignment: 736705 to 738291 (1585 bp)
				Next Alignment: 738291 742609 NODE_6_length_305742_cov_137.956314 253270 257607

			Align 42: 738291 742609 NODE_6_length_305742_cov_137.956314 253270 257607
				Negative gap (overlap) between this and next alignment: 742609 to 742604 (-5 bp)
				Next Alignment: 742604 745709 NODE_6_length_305742_cov_137.956314 257848 260952

			Previous gap was negative, modifying coordinates to ignore overlap
				Moving contig start from 257848 to 257854.
			Align 43: 742610 745709 NODE_6_length_305742_cov_137.956314 257854 260952
				Gap between this and next alignment: 745709 to 749815 (4105 bp)
				Next Alignment: 749815 754148 NODE_6_length_305742_cov_137.956314 265151 269481

			Align 44: 749815 754148 NODE_6_length_305742_cov_137.956314 265151 269481
				Gap between this and next alignment: 754148 to 754315 (166 bp)
				Next Alignment: 754315 770261 NODE_6_length_305742_cov_137.956314 269570 285516

			Align 45: 754315 770261 NODE_6_length_305742_cov_137.956314 269570 285516
				Gap between this and next alignment: 770261 to 770428 (166 bp)
				Next Alignment: 770428 790353 NODE_6_length_305742_cov_137.956314 285583 305508

			Align 46: 770428 790353 NODE_6_length_305742_cov_137.956314 285583 305508
				Negative gap (overlap) between this and next alignment: 790353 to 790348 (-5 bp)
				Next Alignment: 790348 827427 NODE_39_length_233014_cov_148.519196 221515 184462

			Previous gap was negative, modifying coordinates to ignore overlap
				Moving contig start from 221515 to 221509.
			Align 47: 790354 827427 NODE_39_length_233014_cov_148.519196 221509 184462
				Gap between this and next alignment: 827427 to 827548 (120 bp)
				Next Alignment: 827548 888662 NODE_39_length_233014_cov_148.519196 184369 123291

			Align 48: 827548 888662 NODE_39_length_233014_cov_148.519196 184369 123291
				Gap between this and next alignment: 888662 to 889446 (783 bp)
				Next Alignment: 889446 973565 NODE_39_length_233014_cov_148.519196 123290 39016

			Align 49: 889446 973565 NODE_39_length_233014_cov_148.519196 123290 39016
				Gap between this and next alignment: 973565 to 973626 (60 bp)
				Next Alignment: 973626 1012501 NODE_39_length_233014_cov_148.519196 38862 1

			Align 50: 973626 1012501 NODE_39_length_233014_cov_148.519196 38862 1
				Gap between this and next alignment: 1012501 to 1014268 (1766 bp)
				Next Alignment: 1014268 1016018 NODE_16_length_1623_cov_754.963623 1 1749

			Align 51: 1014268 1016018 NODE_16_length_1623_cov_754.963623 1 1749
				Negative gap (overlap) between this and next alignment: 1016018 to 1015893 (-125 bp)
				Next Alignment: 1015893 1016696 NODE_17_length_678_cov_443.811218 1 804

			Previous gap was negative, modifying coordinates to ignore overlap
				Moving contig start from 1 to 127.
			Align 52: 1016019 1016696 NODE_17_length_678_cov_443.811218 127 804
				Gap between this and next alignment: 1016696 to 1018254 (1557 bp)
				Next Alignment: 1018254 1046072 NODE_11_length_27693_cov_160.142822 1 27819

			Align 53: 1018254 1046072 NODE_11_length_27693_cov_160.142822 1 27819
				Gap between this and next alignment: 1046072 to 1050943 (4870 bp)
				Next Alignment: 1050943 1051449 NODE_55_length_141337_cov_116.166039 141463 140957

			Align 54: 1050943 1051449 NODE_55_length_141337_cov_116.166039 141463 140957
				Gap between this and next alignment: 1051449 to 1051660 (210 bp)
				Next Alignment: 1051660 1108690 NODE_55_length_141337_cov_116.166039 140764 83724

			Align 55: 1051660 1108690 NODE_55_length_141337_cov_116.166039 140764 83724
				Gap between this and next alignment: 1108690 to 1108710 (19 bp)
				Next Alignment: 1108710 1119188 NODE_55_length_141337_cov_116.166039 82298 71820

			Align 56: 1108710 1119188 NODE_55_length_141337_cov_116.166039 82298 71820
				Gap between this and next alignment: 1119188 to 1119223 (34 bp)
				Next Alignment: 1119223 1156430 NODE_55_length_141337_cov_116.166039 71641 34418

			Align 57: 1119223 1156430 NODE_55_length_141337_cov_116.166039 71641 34418
				Gap between this and next alignment: 1156430 to 1157997 (1566 bp)
				Next Alignment: 1157997 1179679 NODE_55_length_141337_cov_116.166039 28824 7144

			Align 58: 1157997 1179679 NODE_55_length_141337_cov_116.166039 28824 7144
				Gap between this and next alignment: 1179679 to 1179683 (3 bp)
				Next Alignment: 1179683 1179961 NODE_55_length_141337_cov_116.166039 6782 6504

			Align 59: 1179683 1179961 NODE_55_length_141337_cov_116.166039 6782 6504
				Gap between this and next alignment: 1179961 to 1186930 (6968 bp)
				Next Alignment: 1186930 1188188 NODE_26_length_1133_cov_637.275391 1259 1

			Align 60: 1186930 1188188 NODE_26_length_1133_cov_637.275391 1259 1
				Gap between this and next alignment: 1188188 to 1190029 (1840 bp)
				Next Alignment: 1190029 1190944 NODE_37_length_790_cov_684.572144 916 1

			Align 61: 1190029 1190944 NODE_37_length_790_cov_684.572144 916 1
				Gap between this and next alignment: 1190944 to 1191366 (421 bp)
				Next Alignment: 1191366 1216411 NODE_50_length_111947_cov_114.293762 112073 87011

			Align 62: 1191366 1216411 NODE_50_length_111947_cov_114.293762 112073 87011
				Gap between this and next alignment: 1216411 to 1216669 (257 bp)
				Next Alignment: 1216669 1292717 NODE_50_length_111947_cov_114.293762 87010 10880

			Align 63: 1216669 1292717 NODE_50_length_111947_cov_114.293762 87010 10880
				Gap between this and next alignment: 1292717 to 1293637 (919 bp)
				Next Alignment: 1293637 1303537 NODE_50_length_111947_cov_114.293762 9924 1

			Align 64: 1293637 1303537 NODE_50_length_111947_cov_114.293762 9924 1
				Gap between this and next alignment: 1303537 to 1306295 (2757 bp)
				Next Alignment: 1306295 1306854 NODE_31_length_433_cov_382.521942 559 1

			Align 65: 1306295 1306854 NODE_31_length_433_cov_382.521942 559 1
				Gap between this and next alignment: 1306854 to 1308395 (1540 bp)
				Next Alignment: 1308395 1337242 NODE_15_length_164826_cov_120.856506 1 28848

			Align 66: 1308395 1337242 NODE_15_length_164826_cov_120.856506 1 28848
				Gap between this and next alignment: 1337242 to 1337571 (328 bp)
				Next Alignment: 1337571 1347834 NODE_15_length_164826_cov_120.856506 29171 39428

			Align 67: 1337571 1347834 NODE_15_length_164826_cov_120.856506 29171 39428
				Gap between this and next alignment: 1347834 to 1347929 (94 bp)
				Next Alignment: 1347929 1362618 NODE_15_length_164826_cov_120.856506 51034 65763

			Align 68: 1347929 1362618 NODE_15_length_164826_cov_120.856506 51034 65763
				Gap between this and next alignment: 1362618 to 1362966 (347 bp)
				Next Alignment: 1362966 1364164 NODE_15_length_164826_cov_120.856506 65764 66961

			Align 69: 1362966 1364164 NODE_15_length_164826_cov_120.856506 65764 66961
				Gap between this and next alignment: 1364164 to 1364670 (505 bp)
				Next Alignment: 1364670 1369502 NODE_15_length_164826_cov_120.856506 66962 71794

			Align 70: 1364670 1369502 NODE_15_length_164826_cov_120.856506 66962 71794
				Gap between this and next alignment: 1369502 to 1369630 (127 bp)
				Next Alignment: 1369630 1387549 NODE_15_length_164826_cov_120.856506 71928 89853

			Align 71: 1369630 1387549 NODE_15_length_164826_cov_120.856506 71928 89853
				Gap between this and next alignment: 1387549 to 1388123 (573 bp)
				Next Alignment: 1388123 1440710 NODE_15_length_164826_cov_120.856506 89854 142446

			Align 72: 1388123 1440710 NODE_15_length_164826_cov_120.856506 89854 142446
				Negative gap (overlap) between this and next alignment: 1440710 to 1440671 (-39 bp)
				Next Alignment: 1440671 1463184 NODE_15_length_164826_cov_120.856506 142447 164952

			Previous gap was negative, modifying coordinates to ignore overlap
				Moving contig start from 142447 to 142487.
			Align 73: 1440711 1463184 NODE_15_length_164826_cov_120.856506 142487 164952
				Negative gap (overlap) between this and next alignment: 1463184 to 1463059 (-125 bp)
				Next Alignment: 1463059 1464478 NODE_1_length_1866_cov_327.743286 1992 577

			Previous gap was negative, modifying coordinates to ignore overlap
				Moving contig start from 1992 to 1866.
			Align 74: 1463185 1464478 NODE_1_length_1866_cov_327.743286 1866 577
				The next alignment (1463059 1463184 NODE_12_length_76973_cov_147.809525 126 1) is redundant. Skipping.
				Gap between this and next alignment: 1464478 to 1485852 (21373 bp)
				Next Alignment: 1485852 1486983 NODE_41_length_3788_cov_277.582367 1132 1

			Align 76: 1485852 1486983 NODE_41_length_3788_cov_277.582367 1132 1
				Negative gap (overlap) between this and next alignment: 1486983 to 1486858 (-125 bp)
				Next Alignment: 1486858 1487242 NODE_23_length_2046_cov_141.985825 2172 1787

			Previous gap was negative, modifying coordinates to ignore overlap
				Moving contig start from 2172 to 2046.
			Align 77: 1486984 1487242 NODE_23_length_2046_cov_141.985825 2046 1787
				Negative gap (overlap) between this and next alignment: 1487242 to 1486858 (-384 bp)
				Next Alignment: 1486858 1487542 NODE_74_length_10024_cov_111.852356 1 686

			Previous gap was negative, modifying coordinates to ignore overlap
				Moving contig start from 1 to 386.
			Align 78: 1487243 1487542 NODE_74_length_10024_cov_111.852356 386 686
				Gap between this and next alignment: 1487542 to 1488430 (887 bp)
				Next Alignment: 1488430 1491510 NODE_74_length_10024_cov_111.852356 7912 4832

			Align 79: 1488430 1491510 NODE_74_length_10024_cov_111.852356 7912 4832
				Gap between this and next alignment: 1491510 to 1492124 (613 bp)
				Next Alignment: 1492124 1492871 NODE_47_length_906_cov_336.151215 285 1032

			Align 80: 1492124 1492871 NODE_47_length_906_cov_336.151215 285 1032
				Negative gap (overlap) between this and next alignment: 1492871 to 1492138 (-733 bp)
				Next Alignment: 1492138 1493193 NODE_74_length_10024_cov_111.852356 4508 3450

			Previous gap was negative, modifying coordinates to ignore overlap
				Moving contig start from 4508 to 3774.
			Align 81: 1492872 1493193 NODE_74_length_10024_cov_111.852356 3774 3450
				The next alignment (1492746 1493193 NODE_75_length_5097_cov_135.393951 5223 4773) is redundant. Skipping.
				The next alignment (1492972 1493193 NODE_46_length_410_cov_254.624390 3 227) is redundant. Skipping.
				Negative gap (overlap) between this and next alignment: 1493193 to 1493153 (-40 bp)
				Next Alignment: 1493153 1493460 NODE_46_length_410_cov_254.624390 229 536

			Previous gap was negative, modifying coordinates to ignore overlap
				Moving contig start from 229 to 273.
			Align 84: 1493194 1493460 NODE_46_length_410_cov_254.624390 273 536
				Negative gap (overlap) between this and next alignment: 1493460 to 1493153 (-307 bp)
				Next Alignment: 1493153 1493923 NODE_74_length_10024_cov_111.852356 3448 2678

			Previous gap was negative, modifying coordinates to ignore overlap
				Moving contig start from 3448 to 3137.
			Align 85: 1493461 1493923 NODE_74_length_10024_cov_111.852356 3137 2678
				The next alignment (1493153 1493887 NODE_75_length_5097_cov_135.393951 4771 4037) is redundant. Skipping.
				Gap between this and next alignment: 1493923 to 1497598 (3674 bp)
				Next Alignment: 1497598 1497704 NODE_19_length_4174_cov_148.450882 4194 4300

			Align 87: 1497598 1497704 NODE_19_length_4174_cov_148.450882 4194 4300
				Gap between this and next alignment: 1497704 to 1497757 (52 bp)
				Next Alignment: 1497757 1498313 NODE_74_length_10024_cov_111.852356 8947 9502

			Align 88: 1497757 1498313 NODE_74_length_10024_cov_111.852356 8947 9502
				Gap between this and next alignment: 1498313 to 1507129 (8815 bp)
				Next Alignment: 1507129 1510387 NODE_5_length_200242_cov_157.865829 1 3260

			Align 89: 1507129 1510387 NODE_5_length_200242_cov_157.865829 1 3260
				Gap between this and next alignment: 1510387 to 1510830 (442 bp)
				Next Alignment: 1510830 1515650 NODE_5_length_200242_cov_157.865829 5433 10259

			Align 90: 1510830 1515650 NODE_5_length_200242_cov_157.865829 5433 10259
				Negative gap (overlap) between this and next alignment: 1515650 to 1515619 (-31 bp)
				Next Alignment: 1515619 1537086 NODE_5_length_200242_cov_157.865829 10282 31736

			Previous gap was negative, modifying coordinates to ignore overlap
				Moving contig start from 10282 to 10314.
			Align 91: 1515651 1537086 NODE_5_length_200242_cov_157.865829 10314 31736
				Gap between this and next alignment: 1537086 to 1537849 (762 bp)
				Next Alignment: 1537849 1587481 NODE_5_length_200242_cov_157.865829 31737 81365

			Align 92: 1537849 1587481 NODE_5_length_200242_cov_157.865829 31737 81365
				Gap between this and next alignment: 1587481 to 1589404 (1922 bp)
				Next Alignment: 1589404 1679478 NODE_5_length_200242_cov_157.865829 83811 173890

			Align 93: 1589404 1679478 NODE_5_length_200242_cov_157.865829 83811 173890
				Gap between this and next alignment: 1679478 to 1681350 (1871 bp)
				Next Alignment: 1681350 1707724 NODE_5_length_200242_cov_157.865829 174013 200368

			Align 94: 1681350 1707724 NODE_5_length_200242_cov_157.865829 174013 200368
				Negative gap (overlap) between this and next alignment: 1707724 to 1707599 (-125 bp)
				Next Alignment: 1707599 1708860 NODE_24_length_1136_cov_317.318665 1 1262

			Previous gap was negative, modifying coordinates to ignore overlap
				Moving contig start from 1 to 127.
			Align 95: 1707725 1708860 NODE_24_length_1136_cov_317.318665 127 1262
				Negative gap (overlap) between this and next alignment: 1708860 to 1708735 (-125 bp)
				Next Alignment: 1708735 1714694 NODE_28_length_25356_cov_157.250427 25482 19522

			Previous gap was negative, modifying coordinates to ignore overlap
				Moving contig start from 25482 to 25356.
			Align 96: 1708861 1714694 NODE_28_length_25356_cov_157.250427 25356 19522
				Gap between this and next alignment: 1714694 to 1724388 (9693 bp)
				Next Alignment: 1724388 1733019 NODE_28_length_25356_cov_157.250427 8637 1

			Align 97: 1724388 1733019 NODE_28_length_25356_cov_157.250427 8637 1
				Gap between this and next alignment: 1733019 to 1738366 (5346 bp)
				Next Alignment: 1738366 1748821 NODE_9_length_10305_cov_156.146530 1 10431

			Align 98: 1738366 1748821 NODE_9_length_10305_cov_156.146530 1 10431
				Gap between this and next alignment: 1748821 to 1749832 (1010 bp)
				Next Alignment: 1749832 1766778 NODE_35_length_62635_cov_154.319550 62761 45823

			Align 99: 1749832 1766778 NODE_35_length_62635_cov_154.319550 62761 45823
				Gap between this and next alignment: 1766778 to 1767042 (263 bp)
				Next Alignment: 1767042 1777648 NODE_35_length_62635_cov_154.319550 44747 34163

			Align 100: 1767042 1777648 NODE_35_length_62635_cov_154.319550 44747 34163
				Negative gap (overlap) between this and next alignment: 1777648 to 1777647 (-1 bp)
				Next Alignment: 1777647 1778954 NODE_35_length_62635_cov_154.319550 33987 32686

			Previous gap was negative, modifying coordinates to ignore overlap
				Moving contig start from 33987 to 33985.
			Align 101: 1777649 1778954 NODE_35_length_62635_cov_154.319550 33985 32686
				Gap between this and next alignment: 1778954 to 1780082 (1127 bp)
				Next Alignment: 1780082 1787235 NODE_35_length_62635_cov_154.319550 31561 24443

			Align 102: 1780082 1787235 NODE_35_length_62635_cov_154.319550 31561 24443
				Negative gap (overlap) between this and next alignment: 1787235 to 1787231 (-4 bp)
				Next Alignment: 1787231 1795521 NODE_10_length_70088_cov_157.618210 12366 20655

			Previous gap was negative, modifying coordinates to ignore overlap
				Moving contig start from 12366 to 12371.
			Align 103: 1787236 1795521 NODE_10_length_70088_cov_157.618210 12371 20655
				Gap between this and next alignment: 1795521 to 1796034 (512 bp)
				Next Alignment: 1796034 1822044 NODE_10_length_70088_cov_157.618210 21164 47181

			Align 104: 1796034 1822044 NODE_10_length_70088_cov_157.618210 21164 47181
				Negative gap (overlap) between this and next alignment: 1822044 to 1822000 (-44 bp)
				Next Alignment: 1822000 1829036 NODE_10_length_70088_cov_157.618210 50241 57279

			Previous gap was negative, modifying coordinates to ignore overlap
				Moving contig start from 50241 to 50288.
			Align 105: 1822045 1829036 NODE_10_length_70088_cov_157.618210 50288 57279
				Gap between this and next alignment: 1829036 to 1829764 (727 bp)
				Next Alignment: 1829764 1831482 NODE_10_length_70088_cov_157.618210 57280 58989

			Align 106: 1829764 1831482 NODE_10_length_70088_cov_157.618210 57280 58989
				Gap between this and next alignment: 1831482 to 1832899 (1416 bp)
				Next Alignment: 1832899 1832973 NODE_28_length_25356_cov_157.250427 8713 8638

			Align 107: 1832899 1832973 NODE_28_length_25356_cov_157.250427 8713 8638
				Gap between this and next alignment: 1832973 to 1832986 (12 bp)
				Next Alignment: 1832986 1842797 NODE_10_length_70088_cov_157.618210 60405 70214

			Align 108: 1832986 1842797 NODE_10_length_70088_cov_157.618210 60405 70214
			END in gap: 1842797 to 1846259 (3462 bp)

Analysis is finished!
Founded SNPs were written into /data/projects/Assembly/Aroon/reports/GCF_000931575.1_ASM93157v1_genomic/contigs_reports/nucmer_output/M07572_contigs.used_snps

Results:
	Local Misassemblies: 46
	Misassemblies: 19
		Relocations: 19
		Translocations: 0
		Inversions: 0
	Misassembled Contigs: 13
	Misassembled Contig Bases: 1421925
	Misassemblies Inter-Contig Overlap: 0
Uncovered Regions: 0 (0)
Unaligned Contigs: 11 + 6 part
Partially Unaligned Contigs with Misassemblies: 0
Unaligned Contig Bases: 82042

Ambiguously Mapped Contigs: 7
Total Bases in Ambiguously Mapped Contigs: 7195
Note that --allow-ambiguity option was set to "one" and only first alignment per each contig was used.

	Covered Bases: 1713970

	SNPs: 30564
	Insertions: 1799
	Deletions: 1244

	Positive Gaps: 72
		Internal Gaps:  49
		External Gaps:  23
		External Gap Total:  87193
		External Gap Average: 3791
	Negative Gaps: 26
		Internal Overlaps:  10
		External Overlaps:  16
		External Overlaps Total: -2507
		External Overlaps Average: -157
	Contigs with Redundant Alignments: 6 (4864)
