/data/home/achande3/bin/quast-3.2/quast.py -o ./quast/M27987 --no-plots  -t 6 --no-snps  --no-check  /data/projects/assembly/aroon/contigs/meta.M27987.fa /data/projects/assembly/aroon/contigs/spades.M27987.fa /data/projects/assembly/aroon/contigs/velvet.M27987.fa /data/projects/assembly/aroon/contigs/abyss.115.M27987.fa

Version: 3.2, build 26.11.2015 18:55

System information:
  OS: Linux-2.6.32-573.12.1.el6.x86_64-x86_64-with-redhat-6.7-Santiago (linux_64)
  Python version: 2.7.11
  CPUs number: 6

Started: 2016-02-18 08:37:37

Logging to /data/projects/assembly/aroon/meta/quast/M27987/quast.log

Main parameters: 
  Threads: 6, minimum contig length: 500, ambiguity: one, threshold for extensive misassembly size: 1000

Contigs:
  1  /data/projects/assembly/aroon/contigs/meta.M27987.fa ==> meta.M27987
  2  /data/projects/assembly/aroon/contigs/spades.M27987.fa ==> spades.M27987
  3  /data/projects/assembly/aroon/contigs/velvet.M27987.fa ==> velvet.M27987
  4  /data/projects/assembly/aroon/contigs/abyss.115.M27987.fa ==> abyss.115.M27987

2016-02-18 08:37:38
Running Basic statistics processor...
  Contig files: 
    1  meta.M27987
    2  spades.M27987
    3  velvet.M27987
    4  abyss.115.M27987
  Calculating N50 and L50...
    1  meta.M27987, N50 = 361741, L50 = 2, Total length = 1826333, GC % = 37.92, # N's per 100 kbp =  18.67
    2  spades.M27987, N50 = 361741, L50 = 2, Total length = 1849883, GC % = 37.96, # N's per 100 kbp =  0.00
    3  velvet.M27987, N50 = 282500, L50 = 3, Total length = 1827637, GC % = 37.92, # N's per 100 kbp =  51.43
    4  abyss.115.M27987, N50 = 301916, L50 = 3, Total length = 1926037, GC % = 38.00, # N's per 100 kbp =  3.58
Done.

NOTICE: Genes are not predicted by default. Use --gene-finding option to enable it.

2016-02-18 08:37:39
RESULTS:
  Text versions of total report are saved to /data/projects/assembly/aroon/meta/quast/M27987/report.txt, report.tsv, and report.tex
  Text versions of transposed total report are saved to /data/projects/assembly/aroon/meta/quast/M27987/transposed_report.txt, transposed_report.tsv, and transposed_report.tex
  HTML version (interactive tables and plots) saved to /data/projects/assembly/aroon/meta/quast/M27987/report.html
  PDF version (tables and plots) saved to /data/projects/assembly/aroon/meta/quast/M27987/report.pdf
  Log saved to /data/projects/assembly/aroon/meta/quast/M27987/quast.log

Finished: 2016-02-18 08:37:39
Elapsed time: 0:00:02.023734
NOTICEs: 1; WARNINGs: 0; non-fatal ERRORs: 0

Thank you for using QUAST!
