Aligning contigs to reference...
	Using existing Nucmer alignments...
Parsing coords...
Loading reference...
	Loaded [NC_007146.2_Haemophilus_influenzae_86-028NP__complete_genome]
Loading SNPs...
Loading regions...
	No regions given, using whole reference.
	Total Regions: 1
	Total Region Length: 1914490
Analyzing contigs...
CONTIG: NODE_1_length_311333_cov_153.831482 (311459bp)
Top Length: 23322  Top ID: 95.93
		Skipping redundant alignment 505729 505809 | 58286 58206 | 81 81 | 100.0 | NC_007146.2_Haemophilus_influenzae_86-028NP__complete_genome NODE_1_length_311333_cov_153.831482
		Skipping redundant alignment 390213 390655 | 202149 202582 | 443 434 | 96.63 | NC_007146.2_Haemophilus_influenzae_86-028NP__complete_genome NODE_1_length_311333_cov_153.831482
		Skipping redundant alignment 390504 390793 | 202149 202439 | 290 291 | 98.63 | NC_007146.2_Haemophilus_influenzae_86-028NP__complete_genome NODE_1_length_311333_cov_153.831482
		Skipping redundant alignment 390269 390503 | 202726 202960 | 235 235 | 99.57 | NC_007146.2_Haemophilus_influenzae_86-028NP__complete_genome NODE_1_length_311333_cov_153.831482
		Skipping redundant alignment 389978 390212 | 202726 202960 | 235 235 | 98.72 | NC_007146.2_Haemophilus_influenzae_86-028NP__complete_genome NODE_1_length_311333_cov_153.831482
		Skipping redundant alignment 47124 47222 | 230376 230278 | 99 99 | 100.0 | NC_007146.2_Haemophilus_influenzae_86-028NP__complete_genome NODE_1_length_311333_cov_153.831482
		Skipping redundant alignment 148716 148794 | 265543 265621 | 79 79 | 100.0 | NC_007146.2_Haemophilus_influenzae_86-028NP__complete_genome NODE_1_length_311333_cov_153.831482
		Skipping redundant alignment 206315 206393 | 265543 265621 | 79 79 | 100.0 | NC_007146.2_Haemophilus_influenzae_86-028NP__complete_genome NODE_1_length_311333_cov_153.831482
		Skipping redundant alignment 470735 470813 | 299375 299453 | 79 79 | 100.0 | NC_007146.2_Haemophilus_influenzae_86-028NP__complete_genome NODE_1_length_311333_cov_153.831482
		Skipping redundant alignment 92171 92263 | 299590 299498 | 93 93 | 98.92 | NC_007146.2_Haemophilus_influenzae_86-028NP__complete_genome NODE_1_length_311333_cov_153.831482
		Skipping redundant alignment 1879033 1879110 | 299670 299593 | 78 78 | 100.0 | NC_007146.2_Haemophilus_influenzae_86-028NP__complete_genome NODE_1_length_311333_cov_153.831482
		Skipping redundant alignment 823125 823204 | 311252 311331 | 80 80 | 100.0 | NC_007146.2_Haemophilus_influenzae_86-028NP__complete_genome NODE_1_length_311333_cov_153.831482
		Skipping redundant alignment 311324 311449 | 311459 311334 | 126 126 | 99.21 | NC_007146.2_Haemophilus_influenzae_86-028NP__complete_genome NODE_1_length_311333_cov_153.831482
		Skipping redundant alignment 684418 684543 | 311459 311334 | 126 126 | 99.21 | NC_007146.2_Haemophilus_influenzae_86-028NP__complete_genome NODE_1_length_311333_cov_153.831482
		Skipping redundant alignment 805634 805757 | 311334 311459 | 124 126 | 97.62 | NC_007146.2_Haemophilus_influenzae_86-028NP__complete_genome NODE_1_length_311333_cov_153.831482
		Skipping redundant alignment 838958 839081 | 311334 311459 | 124 126 | 97.62 | NC_007146.2_Haemophilus_influenzae_86-028NP__complete_genome NODE_1_length_311333_cov_153.831482
		This contig is misassembled. 41 total aligns.
			Real Alignment 1: 189245 189327 | 83 1 | 83 83 | 98.8 | NC_007146.2_Haemophilus_influenzae_86-028NP__complete_genome NODE_1_length_311333_cov_153.831482
			  Extensive misassembly ( relocation, inconsistency = -415506 ) between these two alignments
			Real Alignment 2: 579082 579804 | 25751 25030 | 723 722 | 96.69 | NC_007146.2_Haemophilus_influenzae_86-028NP__complete_genome NODE_1_length_311333_cov_153.831482
			  Overlap between these two alignments (local misassembly). Inconsistency = -129 
			Real Alignment 3: 568307 576215 | 36656 28747 | 7909 7910 | 97.19 | NC_007146.2_Haemophilus_influenzae_86-028NP__complete_genome NODE_1_length_311333_cov_153.831482
			  Extensive misassembly ( relocation, inconsistency = 8059 ) between these two alignments
			Real Alignment 4: 551547 560211 | 45338 36693 | 8665 8646 | 96.06 | NC_007146.2_Haemophilus_influenzae_86-028NP__complete_genome NODE_1_length_311333_cov_153.831482
			  Extensive misassembly ( relocation, inconsistency = 89764 ) between these two alignments
			Real Alignment 5: 448836 452070 | 58286 55051 | 3235 3236 | 95.37 | NC_007146.2_Haemophilus_influenzae_86-028NP__complete_genome NODE_1_length_311333_cov_153.831482
			  Extensive misassembly ( relocation, inconsistency = -28137 ) between these two alignments
			Real Alignment 6: 426551 437371 | 60904 71723 | 10821 10820 | 96.2 | NC_007146.2_Haemophilus_influenzae_86-028NP__complete_genome NODE_1_length_311333_cov_153.831482
			  Overlap between these two alignments (local misassembly). Inconsistency = -184 
			Excluding internal overlap of size 18 between Alignment 7 and 8:  1002148 1005780 | 85672 82041 | 3633 3632 --> 1002148 1005762 | 85672 82059 | 3615 3614
			Real Alignment 7: 437334 447522 | 71870 82058 | 10189 10189 | 96.05 | NC_007146.2_Haemophilus_influenzae_86-028NP__complete_genome NODE_1_length_311333_cov_153.831482
			  Extensive misassembly ( relocation, inconsistency = 554625 ) between these two alignments
			Real Alignment 8: 1002148 1005762 | 85672 82059 | 3615 3614 | 95.62 | NC_007146.2_Haemophilus_influenzae_86-028NP__complete_genome NODE_1_length_311333_cov_153.831482
			  Extensive misassembly ( relocation, inconsistency = 1722 ) between these two alignments
			Real Alignment 9: 978313 1000402 | 107780 85696 | 22090 22085 | 95.16 | NC_007146.2_Haemophilus_influenzae_86-028NP__complete_genome NODE_1_length_311333_cov_153.831482
			  Extensive misassembly ( relocation, inconsistency = -679830 ) between these two alignments
			Real Alignment 10: 324637 333878 | 111845 121089 | 9242 9245 | 96.57 | NC_007146.2_Haemophilus_influenzae_86-028NP__complete_genome NODE_1_length_311333_cov_153.831482
			  Extensive misassembly ( relocation, inconsistency = 177932 ) between these two alignments
			Real Alignment 11: 513223 523575 | 122502 132848 | 10353 10347 | 95.9 | NC_007146.2_Haemophilus_influenzae_86-028NP__complete_genome NODE_1_length_311333_cov_153.831482
			  Extensive misassembly ( relocation, inconsistency = -202128 ) between these two alignments
			Real Alignment 12: 340365 340493 | 151766 151894 | 129 129 | 96.9 | NC_007146.2_Haemophilus_influenzae_86-028NP__complete_genome NODE_1_length_311333_cov_153.831482
			  Overlap between these two alignments (local misassembly). Inconsistency = -306 
			Real Alignment 13: 365842 367057 | 177549 178764 | 1216 1216 | 97.37 | NC_007146.2_Haemophilus_influenzae_86-028NP__complete_genome NODE_1_length_311333_cov_153.831482
			  Overlap between these two alignments (local misassembly). Inconsistency = -505 
			Real Alignment 14: 367049 390364 | 179261 202582 | 23316 23322 | 95.93 | NC_007146.2_Haemophilus_influenzae_86-028NP__complete_genome NODE_1_length_311333_cov_153.831482
			  Fake misassembly between these two alignments: inconsistency = 52 , gap in the contig is small or absent or filled mostly with Ns (long indel: deletion of length 52; 0 mismatches)
			Real Alignment 15: 390560 403329 | 202726 215504 | 12770 12779 | 95.52 | NC_007146.2_Haemophilus_influenzae_86-028NP__complete_genome NODE_1_length_311333_cov_153.831482
			  Extensive misassembly ( relocation, inconsistency = 5643 ) between these two alignments
			Excluding internal overlap of size 8 between Alignment 16 and 17:  423430 423938 | 229962 230470 | 509 509 --> 423430 423930 | 229962 230462 | 501 501
			Real Alignment 16: 423430 423930 | 229962 230462 | 501 501 | 95.69 | NC_007146.2_Haemophilus_influenzae_86-028NP__complete_genome NODE_1_length_311333_cov_153.831482
			  Extensive misassembly ( relocation, inconsistency = 71205 ) between these two alignments
			Real Alignment 17: 495136 505229 | 240551 230463 | 10094 10089 | 96.95 | NC_007146.2_Haemophilus_influenzae_86-028NP__complete_genome NODE_1_length_311333_cov_153.831482
			  Overlap between these two alignments (local misassembly). Inconsistency = -732 
			Excluding internal overlap of size 9982 between Alignment 18 and 19:  456444 473691 | 279918 262695 | 17248 17224 --> 456444 463709 | 279918 272677 | 7266 7242
			Real Alignment 18: 463684 482432 | 272676 253987 | 18749 18690 | 95.74 | NC_007146.2_Haemophilus_influenzae_86-028NP__complete_genome NODE_1_length_311333_cov_153.831482
			  Fake misassembly between these two alignments: inconsistency = -26 , gap in the contig is small or absent or filled mostly with Ns (long indel: insertion of length 26; 0 mismatches)
			Excluding internal overlap of size 1 between Alignment 19 and 20:  452166 455943 | 283695 279918 | 3778 3778 --> 452166 455942 | 283695 279919 | 3777 3777
			Real Alignment 19: 456444 463709 | 279918 272677 | 7266 7242 | 96.28 | NC_007146.2_Haemophilus_influenzae_86-028NP__complete_genome NODE_1_length_311333_cov_153.831482
			  Gap between these two alignments (local misassembly). Inconsistency = 501 
			Real Alignment 20: 452166 455942 | 283695 279919 | 3777 3777 | 95.92 | NC_007146.2_Haemophilus_influenzae_86-028NP__complete_genome NODE_1_length_311333_cov_153.831482
			  Extensive misassembly ( relocation, inconsistency = 352433 ) between these two alignments
			Real Alignment 21: 811465 811549 | 286785 286869 | 85 85 | 100.0 | NC_007146.2_Haemophilus_influenzae_86-028NP__complete_genome NODE_1_length_311333_cov_153.831482
			  Overlap between these two alignments (local misassembly). Inconsistency = -100 
			Real Alignment 22: 811469 811549 | 286889 286969 | 81 81 | 100.0 | NC_007146.2_Haemophilus_influenzae_86-028NP__complete_genome NODE_1_length_311333_cov_153.831482
			  Extensive misassembly ( relocation, inconsistency = -675308 ) between these two alignments
			Real Alignment 23: 148601 148841 | 299567 299329 | 241 239 | 95.85 | NC_007146.2_Haemophilus_influenzae_86-028NP__complete_genome NODE_1_length_311333_cov_153.831482
			  Extensive misassembly ( relocation, inconsistency = 56510 ) between these two alignments
			Real Alignment 24: 91986 92067 | 299672 299591 | 82 82 | 100.0 | NC_007146.2_Haemophilus_influenzae_86-028NP__complete_genome NODE_1_length_311333_cov_153.831482
			  Extensive misassembly ( relocation, inconsistency = -114609 ) between these two alignments
			Real Alignment 25: 194802 200397 | 311459 305870 | 5596 5590 | 95.68 | NC_007146.2_Haemophilus_influenzae_86-028NP__complete_genome NODE_1_length_311333_cov_153.831482

CONTIG: NODE_2_length_39119_cov_167.875656 (39245bp)
Top Length: 7117  Top ID: 97.67
		Skipping redundant alignment 838830 838943 | 39130 39242 | 114 113 | 99.12 | NC_007146.2_Haemophilus_influenzae_86-028NP__complete_genome NODE_2_length_39119_cov_167.875656
		Skipping redundant alignment 1906644 1906743 | 39242 39144 | 100 99 | 96.0 | NC_007146.2_Haemophilus_influenzae_86-028NP__complete_genome NODE_2_length_39119_cov_167.875656
		Skipping redundant alignment 684558 684647 | 39242 39154 | 90 89 | 97.78 | NC_007146.2_Haemophilus_influenzae_86-028NP__complete_genome NODE_2_length_39119_cov_167.875656
		This contig is misassembled. 8 total aligns.
			Real Alignment 1: 644957 652071 | 18996 11880 | 7115 7117 | 97.67 | NC_007146.2_Haemophilus_influenzae_86-028NP__complete_genome NODE_2_length_39119_cov_167.875656
			  Gap between these two alignments (local misassembly). Inconsistency = 622 
			Real Alignment 2: 637064 643131 | 26265 20200 | 6068 6066 | 95.76 | NC_007146.2_Haemophilus_influenzae_86-028NP__complete_genome NODE_2_length_39119_cov_167.875656
			  Overlap between these two alignments (local misassembly). Inconsistency = -771 
			Real Alignment 3: 634922 636897 | 29181 27203 | 1976 1979 | 98.43 | NC_007146.2_Haemophilus_influenzae_86-028NP__complete_genome NODE_2_length_39119_cov_167.875656
			  Extensive misassembly ( relocation, inconsistency = -244708 ) between these two alignments
			Real Alignment 4: 872231 878836 | 36579 29975 | 6606 6605 | 96.67 | NC_007146.2_Haemophilus_influenzae_86-028NP__complete_genome NODE_2_length_39119_cov_167.875656
			  Extensive misassembly ( relocation, inconsistency = -75884 ) between these two alignments
			Real Alignment 5: 803002 805619 | 36629 39242 | 2618 2614 | 97.1 | NC_007146.2_Haemophilus_influenzae_86-028NP__complete_genome NODE_2_length_39119_cov_167.875656

CONTIG: NODE_3_length_25597_cov_176.608231 (25723bp)
Top Length: 8069  Top ID: 95.17
		Skipping redundant alignment 668335 668460 | 1 126 | 126 126 | 99.21 | NC_007146.2_Haemophilus_influenzae_86-028NP__complete_genome NODE_3_length_25597_cov_176.608231
		Skipping redundant alignment 1906519 1906736 | 25722 25505 | 218 218 | 97.72 | NC_007146.2_Haemophilus_influenzae_86-028NP__complete_genome NODE_3_length_25597_cov_176.608231
		Skipping redundant alignment 805529 805743 | 25507 25722 | 215 216 | 97.24 | NC_007146.2_Haemophilus_influenzae_86-028NP__complete_genome NODE_3_length_25597_cov_176.608231
		Skipping redundant alignment 838853 839067 | 25507 25722 | 215 216 | 97.24 | NC_007146.2_Haemophilus_influenzae_86-028NP__complete_genome NODE_3_length_25597_cov_176.608231
		Skipping redundant alignment 311338 311546 | 25722 25515 | 209 208 | 98.56 | NC_007146.2_Haemophilus_influenzae_86-028NP__complete_genome NODE_3_length_25597_cov_176.608231
		Skipping redundant alignment 194816 194927 | 25722 25611 | 112 112 | 100.0 | NC_007146.2_Haemophilus_influenzae_86-028NP__complete_genome NODE_3_length_25597_cov_176.608231
		This contig is misassembled. 9 total aligns.
			Real Alignment 1: 703877 709698 | 5838 1 | 5822 5838 | 97.77 | NC_007146.2_Haemophilus_influenzae_86-028NP__complete_genome NODE_3_length_25597_cov_176.608231
			  Gap between these two alignments (local misassembly). Inconsistency = 866 
			Real Alignment 2: 700595 702627 | 8254 6222 | 2033 2033 | 96.71 | NC_007146.2_Haemophilus_influenzae_86-028NP__complete_genome NODE_3_length_25597_cov_176.608231
			  Extensive misassembly ( relocation, inconsistency = -1292 ) between these two alignments
			Real Alignment 3: 684432 692487 | 25722 17654 | 8056 8069 | 95.17 | NC_007146.2_Haemophilus_influenzae_86-028NP__complete_genome NODE_3_length_25597_cov_176.608231

CONTIG: NODE_4_length_186812_cov_140.254013 (186938bp)
Top Length: 27077  Top ID: 95.84
		Skipping redundant alignment 311073 311546 | 1 473 | 474 473 | 96.62 | NC_007146.2_Haemophilus_influenzae_86-028NP__complete_genome NODE_4_length_186812_cov_140.254013
		Skipping redundant alignment 194550 194927 | 1 377 | 378 377 | 97.35 | NC_007146.2_Haemophilus_influenzae_86-028NP__complete_genome NODE_4_length_186812_cov_140.254013
		Skipping redundant alignment 423746 423844 | 130713 130615 | 99 99 | 100.0 | NC_007146.2_Haemophilus_influenzae_86-028NP__complete_genome NODE_4_length_186812_cov_140.254013
			Skipping redundant alignments after choosing the best set of alignments
		Skipping redundant alignment 684167 684657 | 1 488 | 491 488 | 96.54 | NC_007146.2_Haemophilus_influenzae_86-028NP__complete_genome NODE_4_length_186812_cov_140.254013
		This contig is misassembled. 16 total aligns.
			Real Alignment 1: 838843 839332 | 491 1 | 490 491 | 95.73 | NC_007146.2_Haemophilus_influenzae_86-028NP__complete_genome NODE_4_length_186812_cov_140.254013
			  Extensive misassembly ( relocation, inconsistency = 1067066 ) between these two alignments
			Real Alignment 2: 1913251 1914490 | 7344 8584 | 1240 1241 | 95.65 | NC_007146.2_Haemophilus_influenzae_86-028NP__complete_genome NODE_4_length_186812_cov_140.254013
			  Fake misassembly (caused by linear representation of circular genome) between these two alignments
			Real Alignment 3: 1 4400 | 8585 12983 | 4400 4399 | 95.84 | NC_007146.2_Haemophilus_influenzae_86-028NP__complete_genome NODE_4_length_186812_cov_140.254013
			  Extensive misassembly ( relocation, inconsistency = 1270307 ) between these two alignments
			Real Alignment 4: 1275028 1277727 | 13304 15999 | 2700 2696 | 95.07 | NC_007146.2_Haemophilus_influenzae_86-028NP__complete_genome NODE_4_length_186812_cov_140.254013
			  Extensive misassembly ( relocation, inconsistency = -1994 ) between these two alignments
			Real Alignment 5: 1278113 1288980 | 18379 29243 | 10868 10865 | 97.3 | NC_007146.2_Haemophilus_influenzae_86-028NP__complete_genome NODE_4_length_186812_cov_140.254013
			  Extensive misassembly ( relocation, inconsistency = -1129908 ) between these two alignments
			Real Alignment 6: 160406 168654 | 38826 30577 | 8249 8250 | 95.33 | NC_007146.2_Haemophilus_influenzae_86-028NP__complete_genome NODE_4_length_186812_cov_140.254013
			  Extensive misassembly ( relocation, inconsistency = -1115880 ) between these two alignments
			Real Alignment 7: 1268571 1273435 | 46523 41677 | 4865 4847 | 95.46 | NC_007146.2_Haemophilus_influenzae_86-028NP__complete_genome NODE_4_length_186812_cov_140.254013
			  Overlap between these two alignments (local misassembly). Inconsistency = -650 
			Excluding internal overlap of size 1 between Alignment 8 and 9:  1254968 1264903 | 60798 50841 | 9936 9958 --> 1254969 1264903 | 60797 50841 | 9935 9957
			Real Alignment 8: 1254969 1264903 | 60797 50841 | 9935 9957 | 95.55 | NC_007146.2_Haemophilus_influenzae_86-028NP__complete_genome NODE_4_length_186812_cov_140.254013
			  Gap between these two alignments (local misassembly). Inconsistency = 164 
			Excluding internal overlap of size 6 between Alignment 9 and 10:  4539 28126 | 87869 111448 | 23588 23580 --> 4545 28126 | 87875 111448 | 23582 23574
			Real Alignment 9: 1227681 1254804 | 87874 60798 | 27124 27077 | 95.84 | NC_007146.2_Haemophilus_influenzae_86-028NP__complete_genome NODE_4_length_186812_cov_140.254013
			  Extensive misassembly ( relocation, inconsistency = -1250260 ) between these two alignments
			Real Alignment 10: 4545 28126 | 87875 111448 | 23582 23574 | 96.93 | NC_007146.2_Haemophilus_influenzae_86-028NP__complete_genome NODE_4_length_186812_cov_140.254013
			  Overlap between these two alignments (local misassembly). Inconsistency = -127 
			Real Alignment 11: 28126 52172 | 111575 135666 | 24047 24092 | 95.83 | NC_007146.2_Haemophilus_influenzae_86-028NP__complete_genome NODE_4_length_186812_cov_140.254013
			  Extensive misassembly ( relocation, inconsistency = 85883 ) between these two alignments
			Real Alignment 12: 189245 189327 | 186856 186938 | 83 83 | 98.8 | NC_007146.2_Haemophilus_influenzae_86-028NP__complete_genome NODE_4_length_186812_cov_140.254013

CONTIG: NODE_5_length_26946_cov_145.931458 (27072bp)
Top Length: 18544  Top ID: 96.93
		Skipping redundant alignment 805506 805630 | 126 3 | 125 124 | 98.4 | NC_007146.2_Haemophilus_influenzae_86-028NP__complete_genome NODE_5_length_26946_cov_145.931458
		Skipping redundant alignment 1906633 1906743 | 3 112 | 111 110 | 95.5 | NC_007146.2_Haemophilus_influenzae_86-028NP__complete_genome NODE_5_length_26946_cov_145.931458
		Skipping redundant alignment 684547 684647 | 3 102 | 101 100 | 97.03 | NC_007146.2_Haemophilus_influenzae_86-028NP__complete_genome NODE_5_length_26946_cov_145.931458
		Skipping redundant alignment 194930 195009 | 15761 15840 | 80 80 | 100.0 | NC_007146.2_Haemophilus_influenzae_86-028NP__complete_genome NODE_5_length_26946_cov_145.931458
			Skipping redundant alignments after choosing the best set of alignments
		Skipping redundant alignment 189264 189389 | 26947 27072 | 126 126 | 98.41 | NC_007146.2_Haemophilus_influenzae_86-028NP__complete_genome NODE_5_length_26946_cov_145.931458
		Skipping redundant alignment 214423 214504 | 26691 26772 | 82 82 | 100.0 | NC_007146.2_Haemophilus_influenzae_86-028NP__complete_genome NODE_5_length_26946_cov_145.931458
		Skipping redundant alignment 305787 305912 | 26947 27072 | 126 126 | 97.62 | NC_007146.2_Haemophilus_influenzae_86-028NP__complete_genome NODE_5_length_26946_cov_145.931458
		Skipping redundant alignment 844739 844864 | 27072 26947 | 126 126 | 97.62 | NC_007146.2_Haemophilus_influenzae_86-028NP__complete_genome NODE_5_length_26946_cov_145.931458
		Skipping redundant alignment 1900728 1900853 | 26947 27072 | 126 126 | 97.62 | NC_007146.2_Haemophilus_influenzae_86-028NP__complete_genome NODE_5_length_26946_cov_145.931458
		This contig is misassembled. 12 total aligns.
			Real Alignment 1: 820429 838954 | 18546 3 | 18526 18544 | 96.93 | NC_007146.2_Haemophilus_influenzae_86-028NP__complete_genome NODE_5_length_26946_cov_145.931458
			  Extensive misassembly ( relocation, inconsistency = -632576 ) between these two alignments
			Real Alignment 2: 214524 214608 | 26692 26776 | 85 85 | 100.0 | NC_007146.2_Haemophilus_influenzae_86-028NP__complete_genome NODE_5_length_26946_cov_145.931458
			  Extensive misassembly ( relocation, inconsistency = 463863 ) between these two alignments
			Real Alignment 3: 678642 678767 | 26947 27072 | 126 126 | 96.83 | NC_007146.2_Haemophilus_influenzae_86-028NP__complete_genome NODE_5_length_26946_cov_145.931458

CONTIG: NODE_6_length_10068_cov_175.156143 (10194bp)
Top Length: 10098  Top ID: 95.46
		Marking as insignificant: 709572 709698 | 10068 10194 | 127 127 | 97.64 | NC_007146.2_Haemophilus_influenzae_86-028NP__complete_genome NODE_6_length_10068_cov_175.156143
		One align captures most of this contig: 668335 678416 | 10194 97 | 10082 10098 | 95.46 | NC_007146.2_Haemophilus_influenzae_86-028NP__complete_genome NODE_6_length_10068_cov_175.156143

CONTIG: NODE_7_length_50836_cov_155.284012 (50962bp)
Top Length: 8646  Top ID: 95.49
		Skipping redundant alignment 805474 805619 | 148 4 | 146 145 | 98.63 | NC_007146.2_Haemophilus_influenzae_86-028NP__complete_genome NODE_7_length_50836_cov_155.284012
		Skipping redundant alignment 838830 838943 | 116 4 | 114 113 | 99.12 | NC_007146.2_Haemophilus_influenzae_86-028NP__complete_genome NODE_7_length_50836_cov_155.284012
		Skipping redundant alignment 1906644 1906743 | 4 102 | 100 99 | 96.0 | NC_007146.2_Haemophilus_influenzae_86-028NP__complete_genome NODE_7_length_50836_cov_155.284012
		Skipping redundant alignment 684558 684647 | 4 92 | 90 89 | 97.78 | NC_007146.2_Haemophilus_influenzae_86-028NP__complete_genome NODE_7_length_50836_cov_155.284012
		This contig is misassembled. 7 total aligns.
			Warning! This contig is more unaligned than misassembled. Contig length is 50962 and total length of all aligns is 16651
		Alignment: 311464 320113 | 4 8649 | 8650 8646 | 95.49 | NC_007146.2_Haemophilus_influenzae_86-028NP__complete_genome NODE_7_length_50836_cov_155.284012
		Alignment: 279106 286849 | 42476 34739 | 7744 7738 | 95.65 | NC_007146.2_Haemophilus_influenzae_86-028NP__complete_genome NODE_7_length_50836_cov_155.284012
		Alignment: 185718 185983 | 43897 44163 | 266 267 | 96.25 | NC_007146.2_Haemophilus_influenzae_86-028NP__complete_genome NODE_7_length_50836_cov_155.284012
		Unaligned bases: 34311
		This contig has both significant aligned and unaligned parts (of length >= min-contig)!
CONTIG: NODE_8_length_1388_cov_514.852295 (1514bp)
Top Length: 1514  Top ID: 98.09
		This contig has 6 significant alignments. [An ambiguously mapped contig]
		Using only first of these alignment (option --ambiguity-usage is set to "one"):
		Alignment: 193161 194675 | 1 1514 | 1515 1514 | 98.09 | NC_007146.2_Haemophilus_influenzae_86-028NP__complete_genome NODE_8_length_1388_cov_514.852295
		Skipping alignment  805883 807397 | 1514 1 | 1515 1514 | 98.09 | NC_007146.2_Haemophilus_influenzae_86-028NP__complete_genome NODE_8_length_1388_cov_514.852295
		Skipping alignment  682778 684292 | 1 1514 | 1515 1514 | 98.02 | NC_007146.2_Haemophilus_influenzae_86-028NP__complete_genome NODE_8_length_1388_cov_514.852295
		Skipping alignment  839207 840721 | 1514 1 | 1515 1514 | 98.02 | NC_007146.2_Haemophilus_influenzae_86-028NP__complete_genome NODE_8_length_1388_cov_514.852295
		Skipping alignment  1904865 1906379 | 1 1514 | 1515 1514 | 98.02 | NC_007146.2_Haemophilus_influenzae_86-028NP__complete_genome NODE_8_length_1388_cov_514.852295
		Skipping alignment  309684 311198 | 1 1514 | 1515 1514 | 97.82 | NC_007146.2_Haemophilus_influenzae_86-028NP__complete_genome NODE_8_length_1388_cov_514.852295

CONTIG: NODE_9_length_3328_cov_573.854553 (3454bp)
Top Length: 1744  Top ID: 96.5
			Skipping redundant alignments after choosing the best set of alignments
		Skipping redundant alignment 191465 192086 | 2045 2666 | 622 622 | 99.68 | NC_007146.2_Haemophilus_influenzae_86-028NP__complete_genome NODE_9_length_3328_cov_573.854553
		Skipping redundant alignment 192195 192977 | 2671 3454 | 783 784 | 97.96 | NC_007146.2_Haemophilus_influenzae_86-028NP__complete_genome NODE_9_length_3328_cov_573.854553
		Skipping redundant alignment 307988 308609 | 2045 2666 | 622 622 | 99.68 | NC_007146.2_Haemophilus_influenzae_86-028NP__complete_genome NODE_9_length_3328_cov_573.854553
		Skipping redundant alignment 308718 309500 | 2671 3454 | 783 784 | 97.96 | NC_007146.2_Haemophilus_influenzae_86-028NP__complete_genome NODE_9_length_3328_cov_573.854553
		Skipping redundant alignment 678981 680722 | 296 2039 | 1742 1744 | 96.5 | NC_007146.2_Haemophilus_influenzae_86-028NP__complete_genome NODE_9_length_3328_cov_573.854553
		Skipping redundant alignment 680843 681464 | 2045 2666 | 622 622 | 99.68 | NC_007146.2_Haemophilus_influenzae_86-028NP__complete_genome NODE_9_length_3328_cov_573.854553
		Skipping redundant alignment 681573 682355 | 2671 3454 | 783 784 | 98.47 | NC_007146.2_Haemophilus_influenzae_86-028NP__complete_genome NODE_9_length_3328_cov_573.854553
		Skipping redundant alignment 807581 808363 | 3454 2671 | 783 784 | 97.96 | NC_007146.2_Haemophilus_influenzae_86-028NP__complete_genome NODE_9_length_3328_cov_573.854553
		Skipping redundant alignment 808472 809093 | 2666 2045 | 622 622 | 99.68 | NC_007146.2_Haemophilus_influenzae_86-028NP__complete_genome NODE_9_length_3328_cov_573.854553
		Skipping redundant alignment 809214 810955 | 2039 296 | 1742 1744 | 96.5 | NC_007146.2_Haemophilus_influenzae_86-028NP__complete_genome NODE_9_length_3328_cov_573.854553
		Skipping redundant alignment 1900728 1900873 | 1 143 | 146 143 | 95.21 | NC_007146.2_Haemophilus_influenzae_86-028NP__complete_genome NODE_9_length_3328_cov_573.854553
		Skipping redundant alignment 1901067 1902808 | 296 2039 | 1742 1744 | 96.5 | NC_007146.2_Haemophilus_influenzae_86-028NP__complete_genome NODE_9_length_3328_cov_573.854553
		Skipping redundant alignment 1902929 1903550 | 2045 2666 | 622 622 | 99.68 | NC_007146.2_Haemophilus_influenzae_86-028NP__complete_genome NODE_9_length_3328_cov_573.854553
		Skipping redundant alignment 1903659 1904442 | 2671 3454 | 784 784 | 98.72 | NC_007146.2_Haemophilus_influenzae_86-028NP__complete_genome NODE_9_length_3328_cov_573.854553
		This contig is misassembled. 18 total aligns.
			Real Alignment 1: 844719 844864 | 143 1 | 146 143 | 95.21 | NC_007146.2_Haemophilus_influenzae_86-028NP__complete_genome NODE_9_length_3328_cov_573.854553
			  Gap between these two alignments (local misassembly). Inconsistency = 41 
			Real Alignment 2: 842784 844525 | 2039 296 | 1742 1744 | 96.5 | NC_007146.2_Haemophilus_influenzae_86-028NP__complete_genome NODE_9_length_3328_cov_573.854553
			  Gap between these two alignments (local misassembly). Inconsistency = 115 
			Real Alignment 3: 842042 842663 | 2666 2045 | 622 622 | 99.68 | NC_007146.2_Haemophilus_influenzae_86-028NP__complete_genome NODE_9_length_3328_cov_573.854553
			  Gap between these two alignments (local misassembly). Inconsistency = 104 
			Real Alignment 4: 841150 841933 | 3454 2671 | 784 784 | 98.72 | NC_007146.2_Haemophilus_influenzae_86-028NP__complete_genome NODE_9_length_3328_cov_573.854553

CONTIG: NODE_15_length_1150785_cov_139.851166 (1150911bp)
Top Length: 38887  Top ID: 95.37
		Skipping redundant alignment 811213 811294 | 1 82 | 82 82 | 98.78 | NC_007146.2_Haemophilus_influenzae_86-028NP__complete_genome NODE_15_length_1150785_cov_139.851166
		Skipping redundant alignment 206096 206177 | 572346 572427 | 82 82 | 100.0 | NC_007146.2_Haemophilus_influenzae_86-028NP__complete_genome NODE_15_length_1150785_cov_139.851166
		Skipping redundant alignment 1879033 1879110 | 572348 572425 | 78 78 | 100.0 | NC_007146.2_Haemophilus_influenzae_86-028NP__complete_genome NODE_15_length_1150785_cov_139.851166
		Skipping redundant alignment 206178 206430 | 572531 572784 | 253 254 | 95.67 | NC_007146.2_Haemophilus_influenzae_86-028NP__complete_genome NODE_15_length_1150785_cov_139.851166
		Skipping redundant alignment 470735 470813 | 572746 572668 | 79 79 | 100.0 | NC_007146.2_Haemophilus_influenzae_86-028NP__complete_genome NODE_15_length_1150785_cov_139.851166
		Skipping redundant alignment 692963 693068 | 1042133 1042028 | 106 106 | 98.11 | NC_007146.2_Haemophilus_influenzae_86-028NP__complete_genome NODE_15_length_1150785_cov_139.851166
		Skipping redundant alignment 1615263 1615340 | 1042058 1042135 | 78 78 | 98.72 | NC_007146.2_Haemophilus_influenzae_86-028NP__complete_genome NODE_15_length_1150785_cov_139.851166
		Skipping redundant alignment 1615271 1615340 | 1042070 1042139 | 70 70 | 100.0 | NC_007146.2_Haemophilus_influenzae_86-028NP__complete_genome NODE_15_length_1150785_cov_139.851166
		Skipping redundant alignment 1615271 1615340 | 1042122 1042191 | 70 70 | 100.0 | NC_007146.2_Haemophilus_influenzae_86-028NP__complete_genome NODE_15_length_1150785_cov_139.851166
		Skipping redundant alignment 692963 693030 | 1042193 1042126 | 68 68 | 100.0 | NC_007146.2_Haemophilus_influenzae_86-028NP__complete_genome NODE_15_length_1150785_cov_139.851166
		Skipping redundant alignment 795777 795867 | 1118655 1118564 | 91 92 | 97.83 | NC_007146.2_Haemophilus_influenzae_86-028NP__complete_genome NODE_15_length_1150785_cov_139.851166
		Skipping redundant alignment 1615271 1615342 | 1118643 1118572 | 72 72 | 100.0 | NC_007146.2_Haemophilus_influenzae_86-028NP__complete_genome NODE_15_length_1150785_cov_139.851166
		Skipping redundant alignment 795777 795856 | 1118667 1118588 | 80 80 | 100.0 | NC_007146.2_Haemophilus_influenzae_86-028NP__complete_genome NODE_15_length_1150785_cov_139.851166
		Skipping redundant alignment 730527 730591 | 1126589 1126525 | 65 65 | 100.0 | NC_007146.2_Haemophilus_influenzae_86-028NP__complete_genome NODE_15_length_1150785_cov_139.851166
			Skipping redundant alignments after choosing the best set of alignments
		Skipping redundant alignment 544264 544373 | 86322 86431 | 110 110 | 100.0 | NC_007146.2_Haemophilus_influenzae_86-028NP__complete_genome NODE_15_length_1150785_cov_139.851166
		Skipping redundant alignment 1900708 1900809 | 101 1 | 102 101 | 97.06 | NC_007146.2_Haemophilus_influenzae_86-028NP__complete_genome NODE_15_length_1150785_cov_139.851166
		This contig is misassembled. 97 total aligns.
			Real Alignment 1: 189245 189345 | 101 1 | 101 101 | 99.01 | NC_007146.2_Haemophilus_influenzae_86-028NP__complete_genome NODE_15_length_1150785_cov_139.851166
			  Extensive misassembly ( relocation, inconsistency = -1108 ) between these two alignments
			Real Alignment 2: 189245 189335 | 1209 1119 | 91 91 | 96.7 | NC_007146.2_Haemophilus_influenzae_86-028NP__complete_genome NODE_15_length_1150785_cov_139.851166
			  Extensive misassembly ( relocation, inconsistency = -1711403 ) between these two alignments
			Real Alignment 3: 1896516 1900633 | 5326 1224 | 4118 4103 | 95.34 | NC_007146.2_Haemophilus_influenzae_86-028NP__complete_genome NODE_15_length_1150785_cov_139.851166
			  Extensive misassembly ( relocation, inconsistency = -8472 ) between these two alignments
			Real Alignment 4: 1874338 1879015 | 35977 31299 | 4678 4679 | 98.18 | NC_007146.2_Haemophilus_influenzae_86-028NP__complete_genome NODE_15_length_1150785_cov_139.851166
			  Extensive misassembly ( relocation, inconsistency = 1157 ) between these two alignments
			Real Alignment 5: 1861774 1873131 | 47377 36027 | 11358 11351 | 95.63 | NC_007146.2_Haemophilus_influenzae_86-028NP__complete_genome NODE_15_length_1150785_cov_139.851166
			  Extensive misassembly ( relocation, inconsistency = 134492 ) between these two alignments
			Real Alignment 6: 1720209 1722768 | 54444 51891 | 2560 2554 | 95.27 | NC_007146.2_Haemophilus_influenzae_86-028NP__complete_genome NODE_15_length_1150785_cov_139.851166
			  Extensive misassembly ( relocation, inconsistency = 1591 ) between these two alignments
			Real Alignment 7: 1716093 1717991 | 56967 55071 | 1899 1897 | 95.95 | NC_007146.2_Haemophilus_influenzae_86-028NP__complete_genome NODE_15_length_1150785_cov_139.851166
			  Extensive misassembly ( relocation, inconsistency = -136069 ) between these two alignments
			Real Alignment 8: 1838946 1846769 | 70163 62360 | 7824 7804 | 95.09 | NC_007146.2_Haemophilus_influenzae_86-028NP__complete_genome NODE_15_length_1150785_cov_139.851166
			  Extensive misassembly ( relocation, inconsistency = 8822 ) between these two alignments
			Real Alignment 9: 1814145 1830120 | 86127 70167 | 15976 15961 | 96.1 | NC_007146.2_Haemophilus_influenzae_86-028NP__complete_genome NODE_15_length_1150785_cov_139.851166
			  Extensive misassembly ( relocation, inconsistency = -1286043 ) between these two alignments
			Real Alignment 10: 544272 544381 | 86322 86431 | 110 110 | 100.0 | NC_007146.2_Haemophilus_influenzae_86-028NP__complete_genome NODE_15_length_1150785_cov_139.851166
			  Extensive misassembly ( relocation, inconsistency = 1253679 ) between these two alignments
			Excluding internal overlap of size 6 between Alignment 11 and 12:  1799395 1814134 | 102503 87766 | 14740 14738 --> 1799401 1814134 | 102497 87766 | 14734 14732
			Real Alignment 11: 1799401 1814134 | 102497 87766 | 14734 14732 | 95.06 | NC_007146.2_Haemophilus_influenzae_86-028NP__complete_genome NODE_15_length_1150785_cov_139.851166
			  Extensive misassembly ( relocation, inconsistency = -491535 ) between these two alignments
			Real Alignment 12: 1322600 1339415 | 102498 119294 | 16816 16797 | 95.89 | NC_007146.2_Haemophilus_influenzae_86-028NP__complete_genome NODE_15_length_1150785_cov_139.851166
			  Overlap between these two alignments (local misassembly). Inconsistency = -987 
			Real Alignment 13: 1339415 1340305 | 120281 121169 | 891 889 | 97.08 | NC_007146.2_Haemophilus_influenzae_86-028NP__complete_genome NODE_15_length_1150785_cov_139.851166
			  Extensive misassembly ( relocation, inconsistency = -3089 ) between these two alignments
			Real Alignment 14: 1351237 1367548 | 135190 151491 | 16312 16302 | 95.76 | NC_007146.2_Haemophilus_influenzae_86-028NP__complete_genome NODE_15_length_1150785_cov_139.851166
			  Extensive misassembly ( relocation, inconsistency = 14107 ) between these two alignments
			Real Alignment 15: 1389777 1400498 | 159613 170356 | 10722 10744 | 95.64 | NC_007146.2_Haemophilus_influenzae_86-028NP__complete_genome NODE_15_length_1150785_cov_139.851166
			  Extensive misassembly ( relocation, inconsistency = 280782 ) between these two alignments
			Real Alignment 16: 1692288 1692586 | 181662 181364 | 299 299 | 95.32 | NC_007146.2_Haemophilus_influenzae_86-028NP__complete_genome NODE_15_length_1150785_cov_139.851166
			  Extensive misassembly ( relocation, inconsistency = -202924 ) between these two alignments
			Real Alignment 17: 1501611 1502047 | 193611 194051 | 437 441 | 96.37 | NC_007146.2_Haemophilus_influenzae_86-028NP__complete_genome NODE_15_length_1150785_cov_139.851166
			  Extensive misassembly ( relocation, inconsistency = 31668 ) between these two alignments
			Real Alignment 18: 1547837 1548670 | 208173 209005 | 834 833 | 96.64 | NC_007146.2_Haemophilus_influenzae_86-028NP__complete_genome NODE_15_length_1150785_cov_139.851166
			  Overlap between these two alignments (local misassembly). Inconsistency = -716 
			Real Alignment 19: 1549742 1552220 | 210793 213263 | 2479 2471 | 96.85 | NC_007146.2_Haemophilus_influenzae_86-028NP__complete_genome NODE_15_length_1150785_cov_139.851166
			  Extensive misassembly ( relocation, inconsistency = -1044 ) between these two alignments
			Real Alignment 20: 1552222 1566388 | 214309 228459 | 14167 14151 | 95.65 | NC_007146.2_Haemophilus_influenzae_86-028NP__complete_genome NODE_15_length_1150785_cov_139.851166
			  Extensive misassembly ( relocation, inconsistency = -34901 ) between these two alignments
			Real Alignment 21: 1531503 1536110 | 228475 233076 | 4608 4602 | 95.72 | NC_007146.2_Haemophilus_influenzae_86-028NP__complete_genome NODE_15_length_1150785_cov_139.851166
			  Extensive misassembly ( relocation, inconsistency = 6855 ) between these two alignments
			Real Alignment 22: 1574931 1576101 | 265042 266212 | 1171 1171 | 98.21 | NC_007146.2_Haemophilus_influenzae_86-028NP__complete_genome NODE_15_length_1150785_cov_139.851166
			  Extensive misassembly ( relocation, inconsistency = 24119 ) between these two alignments
			Real Alignment 23: 1615395 1616772 | 281387 282768 | 1378 1382 | 96.24 | NC_007146.2_Haemophilus_influenzae_86-028NP__complete_genome NODE_15_length_1150785_cov_139.851166
			  Overlap between these two alignments (local misassembly). Inconsistency = -393 
			Real Alignment 24: 1616770 1622875 | 283159 289243 | 6106 6085 | 98.44 | NC_007146.2_Haemophilus_influenzae_86-028NP__complete_genome NODE_15_length_1150785_cov_139.851166
			  Overlap between these two alignments (local misassembly). Inconsistency = -178 
			Real Alignment 25: 1622905 1632001 | 289451 298548 | 9097 9098 | 95.8 | NC_007146.2_Haemophilus_influenzae_86-028NP__complete_genome NODE_15_length_1150785_cov_139.851166
			  Extensive misassembly ( relocation, inconsistency = 1885 ) between these two alignments
			Real Alignment 26: 1634021 1652396 | 298683 317031 | 18376 18349 | 96.41 | NC_007146.2_Haemophilus_influenzae_86-028NP__complete_genome NODE_15_length_1150785_cov_139.851166
			  Extensive misassembly ( relocation, inconsistency = -93638 ) between these two alignments
			Real Alignment 27: 1566446 1568027 | 326300 324719 | 1582 1582 | 95.51 | NC_007146.2_Haemophilus_influenzae_86-028NP__complete_genome NODE_15_length_1150785_cov_139.851166
			  Extensive misassembly ( relocation, inconsistency = 34998 ) between these two alignments
			Real Alignment 28: 1522919 1531444 | 334829 326304 | 8526 8526 | 95.59 | NC_007146.2_Haemophilus_influenzae_86-028NP__complete_genome NODE_15_length_1150785_cov_139.851166
			  Extensive misassembly ( relocation, inconsistency = 5618 ) between these two alignments
			Real Alignment 29: 1502720 1514469 | 349410 337661 | 11750 11750 | 95.18 | NC_007146.2_Haemophilus_influenzae_86-028NP__complete_genome NODE_15_length_1150785_cov_139.851166
			  Extensive misassembly ( relocation, inconsistency = 181779 ) between these two alignments
			Real Alignment 30: 1697316 1702293 | 350478 355460 | 4978 4983 | 96.09 | NC_007146.2_Haemophilus_influenzae_86-028NP__complete_genome NODE_15_length_1150785_cov_139.851166
			  Extensive misassembly ( relocation, inconsistency = -41798 ) between these two alignments
			Real Alignment 31: 1702597 1703022 | 397562 397986 | 426 425 | 97.42 | NC_007146.2_Haemophilus_influenzae_86-028NP__complete_genome NODE_15_length_1150785_cov_139.851166
			  Extensive misassembly ( relocation, inconsistency = -246072 ) between these two alignments
			Real Alignment 32: 1458852 1459069 | 399888 400105 | 218 218 | 97.25 | NC_007146.2_Haemophilus_influenzae_86-028NP__complete_genome NODE_15_length_1150785_cov_139.851166
			  Extensive misassembly ( relocation, inconsistency = 233699 ) between these two alignments
			Real Alignment 33: 1728832 1735413 | 436169 442759 | 6582 6591 | 96.15 | NC_007146.2_Haemophilus_influenzae_86-028NP__complete_genome NODE_15_length_1150785_cov_139.851166
			  Extensive misassembly ( inversion ) between these two alignments
			Real Alignment 34: 1758659 1758873 | 465810 465595 | 215 216 | 97.22 | NC_007146.2_Haemophilus_influenzae_86-028NP__complete_genome NODE_15_length_1150785_cov_139.851166
			  Extensive misassembly ( inversion ) between these two alignments
			Excluding internal overlap of size 2 between Alignment 35 and 36:  1794742 1796276 | 501710 503244 | 1535 1535 --> 1794744 1796276 | 501712 503244 | 1533 1533
			Real Alignment 35: 1780669 1794443 | 487918 501711 | 13775 13794 | 97.68 | NC_007146.2_Haemophilus_influenzae_86-028NP__complete_genome NODE_15_length_1150785_cov_139.851166
			  Gap between these two alignments (local misassembly). Inconsistency = 300 
			Real Alignment 36: 1794744 1796276 | 501712 503244 | 1533 1533 | 98.18 | NC_007146.2_Haemophilus_influenzae_86-028NP__complete_genome NODE_15_length_1150785_cov_139.851166
			  Extensive misassembly ( relocation, inconsistency = -476913 ) between these two alignments
			Real Alignment 37: 1319529 1322420 | 506290 503410 | 2892 2881 | 95.99 | NC_007146.2_Haemophilus_influenzae_86-028NP__complete_genome NODE_15_length_1150785_cov_139.851166
			  Overlap between these two alignments (local misassembly). Inconsistency = -9 
			Real Alignment 38: 1312199 1319355 | 513647 506473 | 7157 7175 | 95.39 | NC_007146.2_Haemophilus_influenzae_86-028NP__complete_genome NODE_15_length_1150785_cov_139.851166
			  Overlap between these two alignments (local misassembly). Inconsistency = -41 
			Real Alignment 39: 1292833 1312097 | 533057 513790 | 19265 19268 | 95.91 | NC_007146.2_Haemophilus_influenzae_86-028NP__complete_genome NODE_15_length_1150785_cov_139.851166
			  Extensive misassembly ( relocation, inconsistency = -1145776 ) between these two alignments
			Real Alignment 40: 168667 169701 | 535403 536442 | 1035 1040 | 95.58 | NC_007146.2_Haemophilus_influenzae_86-028NP__complete_genome NODE_15_length_1150785_cov_139.851166
			  Extensive misassembly ( relocation, inconsistency = 81615 ) between these two alignments
			Real Alignment 41: 257803 279042 | 564146 542929 | 21240 21218 | 96.55 | NC_007146.2_Haemophilus_influenzae_86-028NP__complete_genome NODE_15_length_1150785_cov_139.851166
			  Extensive misassembly ( relocation, inconsistency = -195024 ) between these two alignments
			Real Alignment 42: 84070 85061 | 564198 565189 | 992 992 | 95.46 | NC_007146.2_Haemophilus_influenzae_86-028NP__complete_genome NODE_15_length_1150785_cov_139.851166
			  Overlap between these two alignments (local misassembly). Inconsistency = -792 
			Real Alignment 43: 85075 87152 | 565995 568072 | 2078 2078 | 95.04 | NC_007146.2_Haemophilus_influenzae_86-028NP__complete_genome NODE_15_length_1150785_cov_139.851166
			  Gap between these two alignments (local misassembly). Inconsistency = 522 
			Real Alignment 44: 87745 88563 | 568143 568961 | 819 819 | 95.48 | NC_007146.2_Haemophilus_influenzae_86-028NP__complete_genome NODE_15_length_1150785_cov_139.851166
			  Gap between these two alignments (local misassembly). Inconsistency = 38 
			Excluding internal overlap of size 70 between Alignment 45 and 46:  89100 92263 | 569460 572623 | 3164 3164 --> 89100 92193 | 569460 572553 | 3094 3094
			Real Alignment 45: 89100 92193 | 569460 572553 | 3094 3094 | 96.18 | NC_007146.2_Haemophilus_influenzae_86-028NP__complete_genome NODE_15_length_1150785_cov_139.851166
			  Extensive misassembly ( relocation, inconsistency = 56407 ) between these two alignments
			Real Alignment 46: 148601 158667 | 572554 582619 | 10067 10066 | 95.95 | NC_007146.2_Haemophilus_influenzae_86-028NP__complete_genome NODE_15_length_1150785_cov_139.851166
			  Overlap between these two alignments (local misassembly). Inconsistency = -605 
			Real Alignment 47: 159076 160222 | 583633 584779 | 1147 1147 | 96.52 | NC_007146.2_Haemophilus_influenzae_86-028NP__complete_genome NODE_15_length_1150785_cov_139.851166
			  Extensive misassembly ( relocation, inconsistency = 382244 ) between these two alignments
			Real Alignment 48: 544288 544381 | 586694 586601 | 94 94 | 100.0 | NC_007146.2_Haemophilus_influenzae_86-028NP__complete_genome NODE_15_length_1150785_cov_139.851166
			  Extensive misassembly ( relocation, inconsistency = -326698 ) between these two alignments
			Real Alignment 49: 219969 248881 | 588980 617976 | 28913 28997 | 96.7 | NC_007146.2_Haemophilus_influenzae_86-028NP__complete_genome NODE_15_length_1150785_cov_139.851166
			  Overlap between these two alignments (local misassembly). Inconsistency = -710 
			Excluding internal overlap of size 11 between Alignment 50 and 51:  248935 257622 | 618740 627425 | 8688 8686 --> 248935 257611 | 618740 627414 | 8677 8675
			Real Alignment 50: 248935 257611 | 618740 627414 | 8677 8675 | 96.25 | NC_007146.2_Haemophilus_influenzae_86-028NP__complete_genome NODE_15_length_1150785_cov_139.851166
			  Extensive misassembly ( relocation, inconsistency = 954013 ) between these two alignments
			Real Alignment 51: 1211625 1227173 | 642963 627415 | 15549 15549 | 99.69 | NC_007146.2_Haemophilus_influenzae_86-028NP__complete_genome NODE_15_length_1150785_cov_139.851166
			  Extensive misassembly ( relocation, inconsistency = -3991 ) between these two alignments
			Real Alignment 52: 1186113 1211791 | 672456 646788 | 25679 25669 | 98.65 | NC_007146.2_Haemophilus_influenzae_86-028NP__complete_genome NODE_15_length_1150785_cov_139.851166
			  Gap between these two alignments (local misassembly). Inconsistency = 34 
			Real Alignment 53: 1176805 1185902 | 681725 672633 | 9098 9093 | 95.04 | NC_007146.2_Haemophilus_influenzae_86-028NP__complete_genome NODE_15_length_1150785_cov_139.851166
			  Overlap between these two alignments (local misassembly). Inconsistency = -15 
			Real Alignment 54: 1162530 1176514 | 696020 682031 | 13985 13990 | 95.87 | NC_007146.2_Haemophilus_influenzae_86-028NP__complete_genome NODE_15_length_1150785_cov_139.851166
			  Extensive misassembly ( relocation, inconsistency = 270909 ) between these two alignments
			Real Alignment 55: 1459300 1459519 | 707897 708116 | 220 220 | 96.36 | NC_007146.2_Haemophilus_influenzae_86-028NP__complete_genome NODE_15_length_1150785_cov_139.851166
			  Overlap between these two alignments (local misassembly). Inconsistency = -950 
			Real Alignment 56: 1459519 1460031 | 709066 709578 | 513 513 | 96.69 | NC_007146.2_Haemophilus_influenzae_86-028NP__complete_genome NODE_15_length_1150785_cov_139.851166
			  Extensive misassembly ( relocation, inconsistency = -354508 ) between these two alignments
			Real Alignment 57: 1146913 1153918 | 757973 750968 | 7006 7006 | 98.3 | NC_007146.2_Haemophilus_influenzae_86-028NP__complete_genome NODE_15_length_1150785_cov_139.851166
			  Extensive misassembly ( relocation, inconsistency = -1937 ) between these two alignments
			Excluding internal overlap of size 324 between Alignment 58 and 59:  1119199 1123882 | 787306 782625 | 4684 4682 --> 1119199 1123558 | 787306 782949 | 4360 4358
			Real Alignment 58: 1123867 1142981 | 782948 763842 | 19115 19107 | 96.45 | NC_007146.2_Haemophilus_influenzae_86-028NP__complete_genome NODE_15_length_1150785_cov_139.851166
			  Gap between these two alignments (local misassembly). Inconsistency = 308 
			Real Alignment 59: 1119199 1123558 | 787306 782949 | 4360 4358 | 96.43 | NC_007146.2_Haemophilus_influenzae_86-028NP__complete_genome NODE_15_length_1150785_cov_139.851166
			  Gap between these two alignments (local misassembly). Inconsistency = 241 
			Real Alignment 60: 1110286 1113010 | 795993 793254 | 2725 2740 | 96.53 | NC_007146.2_Haemophilus_influenzae_86-028NP__complete_genome NODE_15_length_1150785_cov_139.851166
			  Gap between these two alignments (local misassembly). Inconsistency = 675 
			Real Alignment 61: 1092812 1106086 | 812710 799518 | 13275 13193 | 95.98 | NC_007146.2_Haemophilus_influenzae_86-028NP__complete_genome NODE_15_length_1150785_cov_139.851166
			  Extensive misassembly ( relocation, inconsistency = -2881 ) between these two alignments
			Real Alignment 62: 1068573 1086078 | 839827 822325 | 17506 17503 | 96.56 | NC_007146.2_Haemophilus_influenzae_86-028NP__complete_genome NODE_15_length_1150785_cov_139.851166
			  Gap between these two alignments (local misassembly). Inconsistency = 603 
			Real Alignment 63: 1043735 1067825 | 864053 839972 | 24091 24082 | 95.01 | NC_007146.2_Haemophilus_influenzae_86-028NP__complete_genome NODE_15_length_1150785_cov_139.851166
			  Gap between these two alignments (local misassembly). Inconsistency = 746 
			Real Alignment 64: 1005925 1028970 | 901147 878072 | 23046 23076 | 95.67 | NC_007146.2_Haemophilus_influenzae_86-028NP__complete_genome NODE_15_length_1150785_cov_139.851166
			  Extensive misassembly ( relocation, inconsistency = 47756 ) between these two alignments
			Real Alignment 65: 956876 958071 | 902440 901245 | 1196 1196 | 96.91 | NC_007146.2_Haemophilus_influenzae_86-028NP__complete_genome NODE_15_length_1150785_cov_139.851166
			  Extensive misassembly ( relocation, inconsistency = -1405 ) between these two alignments
			Real Alignment 66: 920209 938805 | 940496 921916 | 18597 18581 | 95.27 | NC_007146.2_Haemophilus_influenzae_86-028NP__complete_genome NODE_15_length_1150785_cov_139.851166
			  Overlap between these two alignments (local misassembly). Inconsistency = -382 
			Real Alignment 67: 910255 920219 | 950833 940868 | 9965 9966 | 99.03 | NC_007146.2_Haemophilus_influenzae_86-028NP__complete_genome NODE_15_length_1150785_cov_139.851166
			  Extensive misassembly ( relocation, inconsistency = 1061 ) between these two alignments
			Real Alignment 68: 891048 909091 | 968997 950936 | 18044 18062 | 96.99 | NC_007146.2_Haemophilus_influenzae_86-028NP__complete_genome NODE_15_length_1150785_cov_139.851166
			  Extensive misassembly ( relocation, inconsistency = -13276 ) between these two alignments
			Real Alignment 69: 884588 890902 | 988731 982419 | 6315 6313 | 95.68 | NC_007146.2_Haemophilus_influenzae_86-028NP__complete_genome NODE_15_length_1150785_cov_139.851166
			  Extensive misassembly ( relocation, inconsistency = -146240 ) between these two alignments
			Real Alignment 70: 755757 769980 | 999826 1014049 | 14224 14224 | 97.42 | NC_007146.2_Haemophilus_influenzae_86-028NP__complete_genome NODE_15_length_1150785_cov_139.851166
			  Overlap between these two alignments (local misassembly). Inconsistency = -496 
			Real Alignment 71: 769976 787666 | 1014541 1032260 | 17691 17720 | 95.54 | NC_007146.2_Haemophilus_influenzae_86-028NP__complete_genome NODE_15_length_1150785_cov_139.851166
			  Extensive misassembly ( relocation, inconsistency = -1683 ) between these two alignments
			Real Alignment 72: 787665 794393 | 1033942 1040664 | 6729 6723 | 96.04 | NC_007146.2_Haemophilus_influenzae_86-028NP__complete_genome NODE_15_length_1150785_cov_139.851166
			  Overlap between these two alignments (local misassembly). Inconsistency = -18 
			Real Alignment 73: 794715 802991 | 1041004 1049333 | 8277 8330 | 96.88 | NC_007146.2_Haemophilus_influenzae_86-028NP__complete_genome NODE_15_length_1150785_cov_139.851166
			  Extensive misassembly ( relocation, inconsistency = -225700 ) between these two alignments
			Real Alignment 74: 581153 620045 | 1053195 1092081 | 38893 38887 | 95.37 | NC_007146.2_Haemophilus_influenzae_86-028NP__complete_genome NODE_15_length_1150785_cov_139.851166
			  Overlap between these two alignments (local misassembly). Inconsistency = -134 
			Real Alignment 75: 620056 625483 | 1092226 1097672 | 5428 5447 | 95.52 | NC_007146.2_Haemophilus_influenzae_86-028NP__complete_genome NODE_15_length_1150785_cov_139.851166
			  Extensive misassembly ( relocation, inconsistency = 111628 ) between these two alignments
			Real Alignment 76: 747223 750904 | 1111456 1107784 | 3682 3673 | 95.14 | NC_007146.2_Haemophilus_influenzae_86-028NP__complete_genome NODE_15_length_1150785_cov_139.851166
			  Overlap between these two alignments (local misassembly). Inconsistency = -199 
			Real Alignment 77: 744629 747222 | 1114253 1111656 | 2594 2598 | 96.77 | NC_007146.2_Haemophilus_influenzae_86-028NP__complete_genome NODE_15_length_1150785_cov_139.851166
			  Extensive misassembly ( relocation, inconsistency = 1878 ) between these two alignments
			Real Alignment 78: 738432 742743 | 1118627 1114261 | 4312 4367 | 95.29 | NC_007146.2_Haemophilus_influenzae_86-028NP__complete_genome NODE_15_length_1150785_cov_139.851166
			  Overlap between these two alignments (local misassembly). Inconsistency = -292 
			Real Alignment 79: 730790 735196 | 1126533 1122155 | 4407 4379 | 95.21 | NC_007146.2_Haemophilus_influenzae_86-028NP__complete_genome NODE_15_length_1150785_cov_139.851166
			  Gap between these two alignments (local misassembly). Inconsistency = 664 
			Real Alignment 80: 724589 730072 | 1132069 1126587 | 5484 5483 | 96.41 | NC_007146.2_Haemophilus_influenzae_86-028NP__complete_genome NODE_15_length_1150785_cov_139.851166
			  Extensive misassembly ( relocation, inconsistency = -5415 ) between these two alignments
			Real Alignment 81: 711546 719892 | 1150533 1142181 | 8347 8353 | 96.49 | NC_007146.2_Haemophilus_influenzae_86-028NP__complete_genome NODE_15_length_1150785_cov_139.851166

CONTIG: NODE_16_length_1163_cov_286.803101 (1289bp)
Top Length: 1276  Top ID: 97.34
			Skipping redundant alignments after choosing the best set of alignments
		Skipping redundant alignment 709573 710849 | 1289 14 | 1277 1276 | 96.71 | NC_007146.2_Haemophilus_influenzae_86-028NP__complete_genome NODE_16_length_1163_cov_286.803101
		This contig is partially unaligned. (Aligned 1276 out of 1289 bases)
		Alignment: 667184 668460 | 14 1289 | 1277 1276 | 97.34 | NC_007146.2_Haemophilus_influenzae_86-028NP__complete_genome NODE_16_length_1163_cov_286.803101
		Unaligned bases: 1 to 13 (13)

CONTIG: NODE_17_length_551_cov_403.508179 (677bp)
Top Length: 126  Top ID: 99.21
			Skipping redundant alignments after choosing the best set of alignments
		Skipping redundant alignment 309379 309502 | 3 128 | 124 126 | 96.03 | NC_007146.2_Haemophilus_influenzae_86-028NP__complete_genome NODE_17_length_551_cov_403.508179
		Skipping redundant alignment 309684 309809 | 552 677 | 126 126 | 99.21 | NC_007146.2_Haemophilus_influenzae_86-028NP__complete_genome NODE_17_length_551_cov_403.508179
		Skipping redundant alignment 807272 807397 | 677 552 | 126 126 | 99.21 | NC_007146.2_Haemophilus_influenzae_86-028NP__complete_genome NODE_17_length_551_cov_403.508179
		Skipping redundant alignment 807579 807702 | 128 3 | 124 126 | 96.03 | NC_007146.2_Haemophilus_influenzae_86-028NP__complete_genome NODE_17_length_551_cov_403.508179
		This contig is misassembled. 6 total aligns.
			Warning! This contig is more unaligned than misassembled. Contig length is 677 and total length of all aligns is 252
		Alignment: 192856 192979 | 3 128 | 124 126 | 96.03 | NC_007146.2_Haemophilus_influenzae_86-028NP__complete_genome NODE_17_length_551_cov_403.508179
		Alignment: 193161 193286 | 552 677 | 126 126 | 99.21 | NC_007146.2_Haemophilus_influenzae_86-028NP__complete_genome NODE_17_length_551_cov_403.508179
		Unaligned bases: 425
Analyzing coverage...
Writing SNPs into /data/projects/Assembly/Aroon/reports/GCF_000012185.1_ASM1218v1_genomic/contigs_reports/nucmer_output/M10540_contigs.used_snps
	Reference NC_007146.2_Haemophilus_influenzae_86-028NP__complete_genome: 141 total alignments. 1 total regions.
		Region: 1 to 1914490 (1914490 bp)
			Align 1: 1 4400 NODE_4_length_186812_cov_140.254013 8585 12983
				Gap between this and next alignment: 4400 to 4545 (144 bp)
				Next Alignment: 4545 28126 NODE_4_length_186812_cov_140.254013 87875 111448

			Align 2: 4545 28126 NODE_4_length_186812_cov_140.254013 87875 111448
				Negative gap (overlap) between this and next alignment: 28126 to 28126 (0 bp)
				Next Alignment: 28126 52172 NODE_4_length_186812_cov_140.254013 111575 135666

			Previous gap was negative, modifying coordinates to ignore overlap
				Moving contig start from 111575 to 111576.
			Align 3: 28127 52172 NODE_4_length_186812_cov_140.254013 111576 135666
				Gap between this and next alignment: 52172 to 84070 (31897 bp)
				Next Alignment: 84070 85061 NODE_15_length_1150785_cov_139.851166 564198 565189

			Align 4: 84070 85061 NODE_15_length_1150785_cov_139.851166 564198 565189
				Gap between this and next alignment: 85061 to 85075 (13 bp)
				Next Alignment: 85075 87152 NODE_15_length_1150785_cov_139.851166 565995 568072

			Align 5: 85075 87152 NODE_15_length_1150785_cov_139.851166 565995 568072
				Gap between this and next alignment: 87152 to 87745 (592 bp)
				Next Alignment: 87745 88563 NODE_15_length_1150785_cov_139.851166 568143 568961

			Align 6: 87745 88563 NODE_15_length_1150785_cov_139.851166 568143 568961
				Gap between this and next alignment: 88563 to 89100 (536 bp)
				Next Alignment: 89100 92193 NODE_15_length_1150785_cov_139.851166 569460 572553

			Align 7: 89100 92193 NODE_15_length_1150785_cov_139.851166 569460 572553
				The next alignment (91986 92067 NODE_1_length_311333_cov_153.831482 299672 299591) is redundant. Skipping.
				Gap between this and next alignment: 92193 to 148601 (56407 bp)
				Next Alignment: 148601 148841 NODE_1_length_311333_cov_153.831482 299567 299329

			Align 9: 148601 148841 NODE_1_length_311333_cov_153.831482 299567 299329
				Negative gap (overlap) between this and next alignment: 148841 to 148601 (-240 bp)
				Next Alignment: 148601 158667 NODE_15_length_1150785_cov_139.851166 572554 582619

			Previous gap was negative, modifying coordinates to ignore overlap
				Moving contig start from 572554 to 572795.
			Align 10: 148842 158667 NODE_15_length_1150785_cov_139.851166 572795 582619
				Gap between this and next alignment: 158667 to 159076 (408 bp)
				Next Alignment: 159076 160222 NODE_15_length_1150785_cov_139.851166 583633 584779

			Align 11: 159076 160222 NODE_15_length_1150785_cov_139.851166 583633 584779
				Gap between this and next alignment: 160222 to 160406 (183 bp)
				Next Alignment: 160406 168654 NODE_4_length_186812_cov_140.254013 38826 30577

			Align 12: 160406 168654 NODE_4_length_186812_cov_140.254013 38826 30577
				Gap between this and next alignment: 168654 to 168667 (12 bp)
				Next Alignment: 168667 169701 NODE_15_length_1150785_cov_139.851166 535403 536442

			Align 13: 168667 169701 NODE_15_length_1150785_cov_139.851166 535403 536442
				Gap between this and next alignment: 169701 to 185718 (16016 bp)
				Next Alignment: 185718 185983 NODE_7_length_50836_cov_155.284012 43897 44163

			Align 14: 185718 185983 NODE_7_length_50836_cov_155.284012 43897 44163
				Gap between this and next alignment: 185983 to 189245 (3261 bp)
				Next Alignment: 189245 189327 NODE_1_length_311333_cov_153.831482 83 1

			Align 15: 189245 189327 NODE_1_length_311333_cov_153.831482 83 1
				The next alignment (189245 189327 NODE_4_length_186812_cov_140.254013 186856 186938) is redundant. Skipping.
				Negative gap (overlap) between this and next alignment: 189327 to 189245 (-82 bp)
				Next Alignment: 189245 189345 NODE_15_length_1150785_cov_139.851166 101 1

			Previous gap was negative, modifying coordinates to ignore overlap
				Moving contig start from 101 to 18.
			Align 17: 189328 189345 NODE_15_length_1150785_cov_139.851166 18 1
				The next alignment (189245 189335 NODE_15_length_1150785_cov_139.851166 1209 1119) is redundant. Skipping.
				Gap between this and next alignment: 189345 to 192856 (3510 bp)
				Next Alignment: 192856 192979 NODE_17_length_551_cov_403.508179 3 128

			Align 19: 192856 192979 NODE_17_length_551_cov_403.508179 3 128
				Gap between this and next alignment: 192979 to 193161 (181 bp)
				Next Alignment: 193161 194675 NODE_8_length_1388_cov_514.852295 1 1514

			Align 20: 193161 194675 NODE_8_length_1388_cov_514.852295 1 1514
				The next alignment (193161 193286 NODE_17_length_551_cov_403.508179 552 677) is redundant. Skipping.
				Gap between this and next alignment: 194675 to 194802 (126 bp)
				Next Alignment: 194802 200397 NODE_1_length_311333_cov_153.831482 311459 305870

			Align 22: 194802 200397 NODE_1_length_311333_cov_153.831482 311459 305870
				Gap between this and next alignment: 200397 to 214524 (14126 bp)
				Next Alignment: 214524 214608 NODE_5_length_26946_cov_145.931458 26692 26776

			Align 23: 214524 214608 NODE_5_length_26946_cov_145.931458 26692 26776
				Gap between this and next alignment: 214608 to 219969 (5360 bp)
				Next Alignment: 219969 248881 NODE_15_length_1150785_cov_139.851166 588980 617976

			Align 24: 219969 248881 NODE_15_length_1150785_cov_139.851166 588980 617976
				Gap between this and next alignment: 248881 to 248935 (53 bp)
				Next Alignment: 248935 257611 NODE_15_length_1150785_cov_139.851166 618740 627414

			Align 25: 248935 257611 NODE_15_length_1150785_cov_139.851166 618740 627414
				Gap between this and next alignment: 257611 to 257803 (191 bp)
				Next Alignment: 257803 279042 NODE_15_length_1150785_cov_139.851166 564146 542929

			Align 26: 257803 279042 NODE_15_length_1150785_cov_139.851166 564146 542929
				Gap between this and next alignment: 279042 to 279106 (63 bp)
				Next Alignment: 279106 286849 NODE_7_length_50836_cov_155.284012 42476 34739

			Align 27: 279106 286849 NODE_7_length_50836_cov_155.284012 42476 34739
				Gap between this and next alignment: 286849 to 311464 (24614 bp)
				Next Alignment: 311464 320113 NODE_7_length_50836_cov_155.284012 4 8649

			Align 28: 311464 320113 NODE_7_length_50836_cov_155.284012 4 8649
				Gap between this and next alignment: 320113 to 324637 (4523 bp)
				Next Alignment: 324637 333878 NODE_1_length_311333_cov_153.831482 111845 121089

			Align 29: 324637 333878 NODE_1_length_311333_cov_153.831482 111845 121089
				Gap between this and next alignment: 333878 to 340365 (6486 bp)
				Next Alignment: 340365 340493 NODE_1_length_311333_cov_153.831482 151766 151894

			Align 30: 340365 340493 NODE_1_length_311333_cov_153.831482 151766 151894
				Gap between this and next alignment: 340493 to 365842 (25348 bp)
				Next Alignment: 365842 367057 NODE_1_length_311333_cov_153.831482 177549 178764

			Align 31: 365842 367057 NODE_1_length_311333_cov_153.831482 177549 178764
				Negative gap (overlap) between this and next alignment: 367057 to 367049 (-8 bp)
				Next Alignment: 367049 390364 NODE_1_length_311333_cov_153.831482 179261 202582

			Previous gap was negative, modifying coordinates to ignore overlap
				Moving contig start from 179261 to 179270.
			Align 32: 367058 390364 NODE_1_length_311333_cov_153.831482 179270 202582
				Gap between this and next alignment: 390364 to 390560 (195 bp)
				Next Alignment: 390560 403329 NODE_1_length_311333_cov_153.831482 202726 215504

			Align 33: 390560 403329 NODE_1_length_311333_cov_153.831482 202726 215504
				Gap between this and next alignment: 403329 to 423430 (20100 bp)
				Next Alignment: 423430 423930 NODE_1_length_311333_cov_153.831482 229962 230462

			Align 34: 423430 423930 NODE_1_length_311333_cov_153.831482 229962 230462
				Gap between this and next alignment: 423930 to 426551 (2620 bp)
				Next Alignment: 426551 437371 NODE_1_length_311333_cov_153.831482 60904 71723

			Align 35: 426551 437371 NODE_1_length_311333_cov_153.831482 60904 71723
				Negative gap (overlap) between this and next alignment: 437371 to 437334 (-37 bp)
				Next Alignment: 437334 447522 NODE_1_length_311333_cov_153.831482 71870 82058

			Previous gap was negative, modifying coordinates to ignore overlap
				Moving contig start from 71870 to 71908.
			Align 36: 437372 447522 NODE_1_length_311333_cov_153.831482 71908 82058
				Gap between this and next alignment: 447522 to 448836 (1313 bp)
				Next Alignment: 448836 452070 NODE_1_length_311333_cov_153.831482 58286 55051

			Align 37: 448836 452070 NODE_1_length_311333_cov_153.831482 58286 55051
				Gap between this and next alignment: 452070 to 452166 (95 bp)
				Next Alignment: 452166 455942 NODE_1_length_311333_cov_153.831482 283695 279919

			Align 38: 452166 455942 NODE_1_length_311333_cov_153.831482 283695 279919
				Gap between this and next alignment: 455942 to 456444 (501 bp)
				Next Alignment: 456444 463709 NODE_1_length_311333_cov_153.831482 279918 272677

			Align 39: 456444 463709 NODE_1_length_311333_cov_153.831482 279918 272677
				Negative gap (overlap) between this and next alignment: 463709 to 463684 (-25 bp)
				Next Alignment: 463684 482432 NODE_1_length_311333_cov_153.831482 272676 253987

			Previous gap was negative, modifying coordinates to ignore overlap
				Moving contig start from 272676 to 272650.
			Align 40: 463710 482432 NODE_1_length_311333_cov_153.831482 272650 253987
				Gap between this and next alignment: 482432 to 495136 (12703 bp)
				Next Alignment: 495136 505229 NODE_1_length_311333_cov_153.831482 240551 230463

			Align 41: 495136 505229 NODE_1_length_311333_cov_153.831482 240551 230463
				Gap between this and next alignment: 505229 to 513223 (7993 bp)
				Next Alignment: 513223 523575 NODE_1_length_311333_cov_153.831482 122502 132848

			Align 42: 513223 523575 NODE_1_length_311333_cov_153.831482 122502 132848
				Gap between this and next alignment: 523575 to 544272 (20696 bp)
				Next Alignment: 544272 544381 NODE_15_length_1150785_cov_139.851166 86322 86431

			Align 43: 544272 544381 NODE_15_length_1150785_cov_139.851166 86322 86431
				The next alignment (544288 544381 NODE_15_length_1150785_cov_139.851166 586694 586601) is redundant. Skipping.
				Gap between this and next alignment: 544381 to 551547 (7165 bp)
				Next Alignment: 551547 560211 NODE_1_length_311333_cov_153.831482 45338 36693

			Align 45: 551547 560211 NODE_1_length_311333_cov_153.831482 45338 36693
				Gap between this and next alignment: 560211 to 568307 (8095 bp)
				Next Alignment: 568307 576215 NODE_1_length_311333_cov_153.831482 36656 28747

			Align 46: 568307 576215 NODE_1_length_311333_cov_153.831482 36656 28747
				Gap between this and next alignment: 576215 to 579082 (2866 bp)
				Next Alignment: 579082 579804 NODE_1_length_311333_cov_153.831482 25751 25030

			Align 47: 579082 579804 NODE_1_length_311333_cov_153.831482 25751 25030
				Gap between this and next alignment: 579804 to 581153 (1348 bp)
				Next Alignment: 581153 620045 NODE_15_length_1150785_cov_139.851166 1053195 1092081

			Align 48: 581153 620045 NODE_15_length_1150785_cov_139.851166 1053195 1092081
				Gap between this and next alignment: 620045 to 620056 (10 bp)
				Next Alignment: 620056 625483 NODE_15_length_1150785_cov_139.851166 1092226 1097672

			Align 49: 620056 625483 NODE_15_length_1150785_cov_139.851166 1092226 1097672
				Gap between this and next alignment: 625483 to 634922 (9438 bp)
				Next Alignment: 634922 636897 NODE_2_length_39119_cov_167.875656 29181 27203

			Align 50: 634922 636897 NODE_2_length_39119_cov_167.875656 29181 27203
				Gap between this and next alignment: 636897 to 637064 (166 bp)
				Next Alignment: 637064 643131 NODE_2_length_39119_cov_167.875656 26265 20200

			Align 51: 637064 643131 NODE_2_length_39119_cov_167.875656 26265 20200
				Gap between this and next alignment: 643131 to 644957 (1825 bp)
				Next Alignment: 644957 652071 NODE_2_length_39119_cov_167.875656 18996 11880

			Align 52: 644957 652071 NODE_2_length_39119_cov_167.875656 18996 11880
				Gap between this and next alignment: 652071 to 667184 (15112 bp)
				Next Alignment: 667184 668460 NODE_16_length_1163_cov_286.803101 14 1289

			Align 53: 667184 668460 NODE_16_length_1163_cov_286.803101 14 1289
				Negative gap (overlap) between this and next alignment: 668460 to 668335 (-125 bp)
				Next Alignment: 668335 678416 NODE_6_length_10068_cov_175.156143 10194 97

			Previous gap was negative, modifying coordinates to ignore overlap
				Moving contig start from 10194 to 10068.
			Align 54: 668461 678416 NODE_6_length_10068_cov_175.156143 10068 97
				Gap between this and next alignment: 678416 to 678642 (225 bp)
				Next Alignment: 678642 678767 NODE_5_length_26946_cov_145.931458 26947 27072

			Align 55: 678642 678767 NODE_5_length_26946_cov_145.931458 26947 27072
				Gap between this and next alignment: 678767 to 684432 (5664 bp)
				Next Alignment: 684432 692487 NODE_3_length_25597_cov_176.608231 25722 17654

			Align 56: 684432 692487 NODE_3_length_25597_cov_176.608231 25722 17654
				Gap between this and next alignment: 692487 to 700595 (8107 bp)
				Next Alignment: 700595 702627 NODE_3_length_25597_cov_176.608231 8254 6222

			Align 57: 700595 702627 NODE_3_length_25597_cov_176.608231 8254 6222
				Gap between this and next alignment: 702627 to 703877 (1249 bp)
				Next Alignment: 703877 709698 NODE_3_length_25597_cov_176.608231 5838 1

			Align 58: 703877 709698 NODE_3_length_25597_cov_176.608231 5838 1
				Gap between this and next alignment: 709698 to 711546 (1847 bp)
				Next Alignment: 711546 719892 NODE_15_length_1150785_cov_139.851166 1150533 1142181

			Align 59: 711546 719892 NODE_15_length_1150785_cov_139.851166 1150533 1142181
				Gap between this and next alignment: 719892 to 724589 (4696 bp)
				Next Alignment: 724589 730072 NODE_15_length_1150785_cov_139.851166 1132069 1126587

			Align 60: 724589 730072 NODE_15_length_1150785_cov_139.851166 1132069 1126587
				Gap between this and next alignment: 730072 to 730790 (717 bp)
				Next Alignment: 730790 735196 NODE_15_length_1150785_cov_139.851166 1126533 1122155

			Align 61: 730790 735196 NODE_15_length_1150785_cov_139.851166 1126533 1122155
				Gap between this and next alignment: 735196 to 738432 (3235 bp)
				Next Alignment: 738432 742743 NODE_15_length_1150785_cov_139.851166 1118627 1114261

			Align 62: 738432 742743 NODE_15_length_1150785_cov_139.851166 1118627 1114261
				Gap between this and next alignment: 742743 to 744629 (1885 bp)
				Next Alignment: 744629 747222 NODE_15_length_1150785_cov_139.851166 1114253 1111656

			Align 63: 744629 747222 NODE_15_length_1150785_cov_139.851166 1114253 1111656
				Next Alignment: 747223 750904 NODE_15_length_1150785_cov_139.851166 1111456 1107784

			Align 64: 747223 750904 NODE_15_length_1150785_cov_139.851166 1111456 1107784
				Gap between this and next alignment: 750904 to 755757 (4852 bp)
				Next Alignment: 755757 769980 NODE_15_length_1150785_cov_139.851166 999826 1014049

			Align 65: 755757 769980 NODE_15_length_1150785_cov_139.851166 999826 1014049
				Negative gap (overlap) between this and next alignment: 769980 to 769976 (-4 bp)
				Next Alignment: 769976 787666 NODE_15_length_1150785_cov_139.851166 1014541 1032260

			Previous gap was negative, modifying coordinates to ignore overlap
				Moving contig start from 1014541 to 1014546.
			Align 66: 769981 787666 NODE_15_length_1150785_cov_139.851166 1014546 1032260
				Negative gap (overlap) between this and next alignment: 787666 to 787665 (-1 bp)
				Next Alignment: 787665 794393 NODE_15_length_1150785_cov_139.851166 1033942 1040664

			Previous gap was negative, modifying coordinates to ignore overlap
				Moving contig start from 1033942 to 1033944.
			Align 67: 787667 794393 NODE_15_length_1150785_cov_139.851166 1033944 1040664
				Gap between this and next alignment: 794393 to 794715 (321 bp)
				Next Alignment: 794715 802991 NODE_15_length_1150785_cov_139.851166 1041004 1049333

			Align 68: 794715 802991 NODE_15_length_1150785_cov_139.851166 1041004 1049333
				Gap between this and next alignment: 802991 to 803002 (10 bp)
				Next Alignment: 803002 805619 NODE_2_length_39119_cov_167.875656 36629 39242

			Align 69: 803002 805619 NODE_2_length_39119_cov_167.875656 36629 39242
				Gap between this and next alignment: 805619 to 811465 (5845 bp)
				Next Alignment: 811465 811549 NODE_1_length_311333_cov_153.831482 286785 286869

			Align 70: 811465 811549 NODE_1_length_311333_cov_153.831482 286785 286869
				The next alignment (811469 811549 NODE_1_length_311333_cov_153.831482 286889 286969) is redundant. Skipping.
				Gap between this and next alignment: 811549 to 820429 (8879 bp)
				Next Alignment: 820429 838954 NODE_5_length_26946_cov_145.931458 18546 3

			Align 72: 820429 838954 NODE_5_length_26946_cov_145.931458 18546 3
				Negative gap (overlap) between this and next alignment: 838954 to 838843 (-111 bp)
				Next Alignment: 838843 839332 NODE_4_length_186812_cov_140.254013 491 1

			Previous gap was negative, modifying coordinates to ignore overlap
				Moving contig start from 491 to 380.
			Align 73: 838955 839332 NODE_4_length_186812_cov_140.254013 380 1
				Gap between this and next alignment: 839332 to 841150 (1817 bp)
				Next Alignment: 841150 841933 NODE_9_length_3328_cov_573.854553 3454 2671

			Align 74: 841150 841933 NODE_9_length_3328_cov_573.854553 3454 2671
				Gap between this and next alignment: 841933 to 842042 (108 bp)
				Next Alignment: 842042 842663 NODE_9_length_3328_cov_573.854553 2666 2045

			Align 75: 842042 842663 NODE_9_length_3328_cov_573.854553 2666 2045
				Gap between this and next alignment: 842663 to 842784 (120 bp)
				Next Alignment: 842784 844525 NODE_9_length_3328_cov_573.854553 2039 296

			Align 76: 842784 844525 NODE_9_length_3328_cov_573.854553 2039 296
				Gap between this and next alignment: 844525 to 844719 (193 bp)
				Next Alignment: 844719 844864 NODE_9_length_3328_cov_573.854553 143 1

			Align 77: 844719 844864 NODE_9_length_3328_cov_573.854553 143 1
				Gap between this and next alignment: 844864 to 872231 (27366 bp)
				Next Alignment: 872231 878836 NODE_2_length_39119_cov_167.875656 36579 29975

			Align 78: 872231 878836 NODE_2_length_39119_cov_167.875656 36579 29975
				Gap between this and next alignment: 878836 to 884588 (5751 bp)
				Next Alignment: 884588 890902 NODE_15_length_1150785_cov_139.851166 988731 982419

			Align 79: 884588 890902 NODE_15_length_1150785_cov_139.851166 988731 982419
				Gap between this and next alignment: 890902 to 891048 (145 bp)
				Next Alignment: 891048 909091 NODE_15_length_1150785_cov_139.851166 968997 950936

			Align 80: 891048 909091 NODE_15_length_1150785_cov_139.851166 968997 950936
				Gap between this and next alignment: 909091 to 910255 (1163 bp)
				Next Alignment: 910255 920219 NODE_15_length_1150785_cov_139.851166 950833 940868

			Align 81: 910255 920219 NODE_15_length_1150785_cov_139.851166 950833 940868
				Negative gap (overlap) between this and next alignment: 920219 to 920209 (-10 bp)
				Next Alignment: 920209 938805 NODE_15_length_1150785_cov_139.851166 940496 921916

			Previous gap was negative, modifying coordinates to ignore overlap
				Moving contig start from 940496 to 940485.
			Align 82: 920220 938805 NODE_15_length_1150785_cov_139.851166 940485 921916
				Gap between this and next alignment: 938805 to 956876 (18070 bp)
				Next Alignment: 956876 958071 NODE_15_length_1150785_cov_139.851166 902440 901245

			Align 83: 956876 958071 NODE_15_length_1150785_cov_139.851166 902440 901245
				Gap between this and next alignment: 958071 to 978313 (20241 bp)
				Next Alignment: 978313 1000402 NODE_1_length_311333_cov_153.831482 107780 85696

			Align 84: 978313 1000402 NODE_1_length_311333_cov_153.831482 107780 85696
				Gap between this and next alignment: 1000402 to 1002148 (1745 bp)
				Next Alignment: 1002148 1005762 NODE_1_length_311333_cov_153.831482 85672 82059

			Align 85: 1002148 1005762 NODE_1_length_311333_cov_153.831482 85672 82059
				Gap between this and next alignment: 1005762 to 1005925 (162 bp)
				Next Alignment: 1005925 1028970 NODE_15_length_1150785_cov_139.851166 901147 878072

			Align 86: 1005925 1028970 NODE_15_length_1150785_cov_139.851166 901147 878072
				Gap between this and next alignment: 1028970 to 1043735 (14764 bp)
				Next Alignment: 1043735 1067825 NODE_15_length_1150785_cov_139.851166 864053 839972

			Align 87: 1043735 1067825 NODE_15_length_1150785_cov_139.851166 864053 839972
				Gap between this and next alignment: 1067825 to 1068573 (747 bp)
				Next Alignment: 1068573 1086078 NODE_15_length_1150785_cov_139.851166 839827 822325

			Align 88: 1068573 1086078 NODE_15_length_1150785_cov_139.851166 839827 822325
				Gap between this and next alignment: 1086078 to 1092812 (6733 bp)
				Next Alignment: 1092812 1106086 NODE_15_length_1150785_cov_139.851166 812710 799518

			Align 89: 1092812 1106086 NODE_15_length_1150785_cov_139.851166 812710 799518
				Gap between this and next alignment: 1106086 to 1110286 (4199 bp)
				Next Alignment: 1110286 1113010 NODE_15_length_1150785_cov_139.851166 795993 793254

			Align 90: 1110286 1113010 NODE_15_length_1150785_cov_139.851166 795993 793254
				Gap between this and next alignment: 1113010 to 1119199 (6188 bp)
				Next Alignment: 1119199 1123558 NODE_15_length_1150785_cov_139.851166 787306 782949

			Align 91: 1119199 1123558 NODE_15_length_1150785_cov_139.851166 787306 782949
				Gap between this and next alignment: 1123558 to 1123867 (308 bp)
				Next Alignment: 1123867 1142981 NODE_15_length_1150785_cov_139.851166 782948 763842

			Align 92: 1123867 1142981 NODE_15_length_1150785_cov_139.851166 782948 763842
				Gap between this and next alignment: 1142981 to 1146913 (3931 bp)
				Next Alignment: 1146913 1153918 NODE_15_length_1150785_cov_139.851166 757973 750968

			Align 93: 1146913 1153918 NODE_15_length_1150785_cov_139.851166 757973 750968
				Gap between this and next alignment: 1153918 to 1162530 (8611 bp)
				Next Alignment: 1162530 1176514 NODE_15_length_1150785_cov_139.851166 696020 682031

			Align 94: 1162530 1176514 NODE_15_length_1150785_cov_139.851166 696020 682031
				Gap between this and next alignment: 1176514 to 1176805 (290 bp)
				Next Alignment: 1176805 1185902 NODE_15_length_1150785_cov_139.851166 681725 672633

			Align 95: 1176805 1185902 NODE_15_length_1150785_cov_139.851166 681725 672633
				Gap between this and next alignment: 1185902 to 1186113 (210 bp)
				Next Alignment: 1186113 1211791 NODE_15_length_1150785_cov_139.851166 672456 646788

			Align 96: 1186113 1211791 NODE_15_length_1150785_cov_139.851166 672456 646788
				Negative gap (overlap) between this and next alignment: 1211791 to 1211625 (-166 bp)
				Next Alignment: 1211625 1227173 NODE_15_length_1150785_cov_139.851166 642963 627415

			Previous gap was negative, modifying coordinates to ignore overlap
				Moving contig start from 642963 to 642800.
			Align 97: 1211792 1227173 NODE_15_length_1150785_cov_139.851166 642800 627415
				Gap between this and next alignment: 1227173 to 1227681 (507 bp)
				Next Alignment: 1227681 1254804 NODE_4_length_186812_cov_140.254013 87874 60798

			Align 98: 1227681 1254804 NODE_4_length_186812_cov_140.254013 87874 60798
				Gap between this and next alignment: 1254804 to 1254969 (164 bp)
				Next Alignment: 1254969 1264903 NODE_4_length_186812_cov_140.254013 60797 50841

			Align 99: 1254969 1264903 NODE_4_length_186812_cov_140.254013 60797 50841
				Gap between this and next alignment: 1264903 to 1268571 (3667 bp)
				Next Alignment: 1268571 1273435 NODE_4_length_186812_cov_140.254013 46523 41677

			Align 100: 1268571 1273435 NODE_4_length_186812_cov_140.254013 46523 41677
				Gap between this and next alignment: 1273435 to 1275028 (1592 bp)
				Next Alignment: 1275028 1277727 NODE_4_length_186812_cov_140.254013 13304 15999

			Align 101: 1275028 1277727 NODE_4_length_186812_cov_140.254013 13304 15999
				Gap between this and next alignment: 1277727 to 1278113 (385 bp)
				Next Alignment: 1278113 1288980 NODE_4_length_186812_cov_140.254013 18379 29243

			Align 102: 1278113 1288980 NODE_4_length_186812_cov_140.254013 18379 29243
				Gap between this and next alignment: 1288980 to 1292833 (3852 bp)
				Next Alignment: 1292833 1312097 NODE_15_length_1150785_cov_139.851166 533057 513790

			Align 103: 1292833 1312097 NODE_15_length_1150785_cov_139.851166 533057 513790
				Gap between this and next alignment: 1312097 to 1312199 (101 bp)
				Next Alignment: 1312199 1319355 NODE_15_length_1150785_cov_139.851166 513647 506473

			Align 104: 1312199 1319355 NODE_15_length_1150785_cov_139.851166 513647 506473
				Gap between this and next alignment: 1319355 to 1319529 (173 bp)
				Next Alignment: 1319529 1322420 NODE_15_length_1150785_cov_139.851166 506290 503410

			Align 105: 1319529 1322420 NODE_15_length_1150785_cov_139.851166 506290 503410
				Gap between this and next alignment: 1322420 to 1322600 (179 bp)
				Next Alignment: 1322600 1339415 NODE_15_length_1150785_cov_139.851166 102498 119294

			Align 106: 1322600 1339415 NODE_15_length_1150785_cov_139.851166 102498 119294
				Negative gap (overlap) between this and next alignment: 1339415 to 1339415 (0 bp)
				Next Alignment: 1339415 1340305 NODE_15_length_1150785_cov_139.851166 120281 121169

			Previous gap was negative, modifying coordinates to ignore overlap
				Moving contig start from 120281 to 120282.
			Align 107: 1339416 1340305 NODE_15_length_1150785_cov_139.851166 120282 121169
				Gap between this and next alignment: 1340305 to 1351237 (10931 bp)
				Next Alignment: 1351237 1367548 NODE_15_length_1150785_cov_139.851166 135190 151491

			Align 108: 1351237 1367548 NODE_15_length_1150785_cov_139.851166 135190 151491
				Gap between this and next alignment: 1367548 to 1389777 (22228 bp)
				Next Alignment: 1389777 1400498 NODE_15_length_1150785_cov_139.851166 159613 170356

			Align 109: 1389777 1400498 NODE_15_length_1150785_cov_139.851166 159613 170356
				Gap between this and next alignment: 1400498 to 1458852 (58353 bp)
				Next Alignment: 1458852 1459069 NODE_15_length_1150785_cov_139.851166 399888 400105

			Align 110: 1458852 1459069 NODE_15_length_1150785_cov_139.851166 399888 400105
				Gap between this and next alignment: 1459069 to 1459300 (230 bp)
				Next Alignment: 1459300 1459519 NODE_15_length_1150785_cov_139.851166 707897 708116

			Align 111: 1459300 1459519 NODE_15_length_1150785_cov_139.851166 707897 708116
				Negative gap (overlap) between this and next alignment: 1459519 to 1459519 (0 bp)
				Next Alignment: 1459519 1460031 NODE_15_length_1150785_cov_139.851166 709066 709578

			Previous gap was negative, modifying coordinates to ignore overlap
				Moving contig start from 709066 to 709067.
			Align 112: 1459520 1460031 NODE_15_length_1150785_cov_139.851166 709067 709578
				Gap between this and next alignment: 1460031 to 1501611 (41579 bp)
				Next Alignment: 1501611 1502047 NODE_15_length_1150785_cov_139.851166 193611 194051

			Align 113: 1501611 1502047 NODE_15_length_1150785_cov_139.851166 193611 194051
				Gap between this and next alignment: 1502047 to 1502720 (672 bp)
				Next Alignment: 1502720 1514469 NODE_15_length_1150785_cov_139.851166 349410 337661

			Align 114: 1502720 1514469 NODE_15_length_1150785_cov_139.851166 349410 337661
				Gap between this and next alignment: 1514469 to 1522919 (8449 bp)
				Next Alignment: 1522919 1531444 NODE_15_length_1150785_cov_139.851166 334829 326304

			Align 115: 1522919 1531444 NODE_15_length_1150785_cov_139.851166 334829 326304
				Gap between this and next alignment: 1531444 to 1531503 (58 bp)
				Next Alignment: 1531503 1536110 NODE_15_length_1150785_cov_139.851166 228475 233076

			Align 116: 1531503 1536110 NODE_15_length_1150785_cov_139.851166 228475 233076
				Gap between this and next alignment: 1536110 to 1547837 (11726 bp)
				Next Alignment: 1547837 1548670 NODE_15_length_1150785_cov_139.851166 208173 209005

			Align 117: 1547837 1548670 NODE_15_length_1150785_cov_139.851166 208173 209005
				Gap between this and next alignment: 1548670 to 1549742 (1071 bp)
				Next Alignment: 1549742 1552220 NODE_15_length_1150785_cov_139.851166 210793 213263

			Align 118: 1549742 1552220 NODE_15_length_1150785_cov_139.851166 210793 213263
				Gap between this and next alignment: 1552220 to 1552222 (1 bp)
				Next Alignment: 1552222 1566388 NODE_15_length_1150785_cov_139.851166 214309 228459

			Align 119: 1552222 1566388 NODE_15_length_1150785_cov_139.851166 214309 228459
				Gap between this and next alignment: 1566388 to 1566446 (57 bp)
				Next Alignment: 1566446 1568027 NODE_15_length_1150785_cov_139.851166 326300 324719

			Align 120: 1566446 1568027 NODE_15_length_1150785_cov_139.851166 326300 324719
				Gap between this and next alignment: 1568027 to 1574931 (6903 bp)
				Next Alignment: 1574931 1576101 NODE_15_length_1150785_cov_139.851166 265042 266212

			Align 121: 1574931 1576101 NODE_15_length_1150785_cov_139.851166 265042 266212
				Gap between this and next alignment: 1576101 to 1615395 (39293 bp)
				Next Alignment: 1615395 1616772 NODE_15_length_1150785_cov_139.851166 281387 282768

			Align 122: 1615395 1616772 NODE_15_length_1150785_cov_139.851166 281387 282768
				Negative gap (overlap) between this and next alignment: 1616772 to 1616770 (-2 bp)
				Next Alignment: 1616770 1622875 NODE_15_length_1150785_cov_139.851166 283159 289243

			Previous gap was negative, modifying coordinates to ignore overlap
				Moving contig start from 283159 to 283162.
			Align 123: 1616773 1622875 NODE_15_length_1150785_cov_139.851166 283162 289243
				Gap between this and next alignment: 1622875 to 1622905 (29 bp)
				Next Alignment: 1622905 1632001 NODE_15_length_1150785_cov_139.851166 289451 298548

			Align 124: 1622905 1632001 NODE_15_length_1150785_cov_139.851166 289451 298548
				Gap between this and next alignment: 1632001 to 1634021 (2019 bp)
				Next Alignment: 1634021 1652396 NODE_15_length_1150785_cov_139.851166 298683 317031

			Align 125: 1634021 1652396 NODE_15_length_1150785_cov_139.851166 298683 317031
				Gap between this and next alignment: 1652396 to 1692288 (39891 bp)
				Next Alignment: 1692288 1692586 NODE_15_length_1150785_cov_139.851166 181662 181364

			Align 126: 1692288 1692586 NODE_15_length_1150785_cov_139.851166 181662 181364
				Gap between this and next alignment: 1692586 to 1697316 (4729 bp)
				Next Alignment: 1697316 1702293 NODE_15_length_1150785_cov_139.851166 350478 355460

			Align 127: 1697316 1702293 NODE_15_length_1150785_cov_139.851166 350478 355460
				Gap between this and next alignment: 1702293 to 1702597 (303 bp)
				Next Alignment: 1702597 1703022 NODE_15_length_1150785_cov_139.851166 397562 397986

			Align 128: 1702597 1703022 NODE_15_length_1150785_cov_139.851166 397562 397986
				Gap between this and next alignment: 1703022 to 1716093 (13070 bp)
				Next Alignment: 1716093 1717991 NODE_15_length_1150785_cov_139.851166 56967 55071

			Align 129: 1716093 1717991 NODE_15_length_1150785_cov_139.851166 56967 55071
				Gap between this and next alignment: 1717991 to 1720209 (2217 bp)
				Next Alignment: 1720209 1722768 NODE_15_length_1150785_cov_139.851166 54444 51891

			Align 130: 1720209 1722768 NODE_15_length_1150785_cov_139.851166 54444 51891
				Gap between this and next alignment: 1722768 to 1728832 (6063 bp)
				Next Alignment: 1728832 1735413 NODE_15_length_1150785_cov_139.851166 436169 442759

			Align 131: 1728832 1735413 NODE_15_length_1150785_cov_139.851166 436169 442759
				Gap between this and next alignment: 1735413 to 1758659 (23245 bp)
				Next Alignment: 1758659 1758873 NODE_15_length_1150785_cov_139.851166 465810 465595

			Align 132: 1758659 1758873 NODE_15_length_1150785_cov_139.851166 465810 465595
				Gap between this and next alignment: 1758873 to 1780669 (21795 bp)
				Next Alignment: 1780669 1794443 NODE_15_length_1150785_cov_139.851166 487918 501711

			Align 133: 1780669 1794443 NODE_15_length_1150785_cov_139.851166 487918 501711
				Gap between this and next alignment: 1794443 to 1794744 (300 bp)
				Next Alignment: 1794744 1796276 NODE_15_length_1150785_cov_139.851166 501712 503244

			Align 134: 1794744 1796276 NODE_15_length_1150785_cov_139.851166 501712 503244
				Gap between this and next alignment: 1796276 to 1799401 (3124 bp)
				Next Alignment: 1799401 1814134 NODE_15_length_1150785_cov_139.851166 102497 87766

			Align 135: 1799401 1814134 NODE_15_length_1150785_cov_139.851166 102497 87766
				Gap between this and next alignment: 1814134 to 1814145 (10 bp)
				Next Alignment: 1814145 1830120 NODE_15_length_1150785_cov_139.851166 86127 70167

			Align 136: 1814145 1830120 NODE_15_length_1150785_cov_139.851166 86127 70167
				Gap between this and next alignment: 1830120 to 1838946 (8825 bp)
				Next Alignment: 1838946 1846769 NODE_15_length_1150785_cov_139.851166 70163 62360

			Align 137: 1838946 1846769 NODE_15_length_1150785_cov_139.851166 70163 62360
				Gap between this and next alignment: 1846769 to 1861774 (15004 bp)
				Next Alignment: 1861774 1873131 NODE_15_length_1150785_cov_139.851166 47377 36027

			Align 138: 1861774 1873131 NODE_15_length_1150785_cov_139.851166 47377 36027
				Gap between this and next alignment: 1873131 to 1874338 (1206 bp)
				Next Alignment: 1874338 1879015 NODE_15_length_1150785_cov_139.851166 35977 31299

			Align 139: 1874338 1879015 NODE_15_length_1150785_cov_139.851166 35977 31299
				Gap between this and next alignment: 1879015 to 1896516 (17500 bp)
				Next Alignment: 1896516 1900633 NODE_15_length_1150785_cov_139.851166 5326 1224

			Align 140: 1896516 1900633 NODE_15_length_1150785_cov_139.851166 5326 1224
				Gap between this and next alignment: 1900633 to 1913251 (12617 bp)
				Next Alignment: 1913251 1914490 NODE_4_length_186812_cov_140.254013 7344 8584

			Align 141: 1913251 1914490 NODE_4_length_186812_cov_140.254013 7344 8584
			END in current alignment.  Modifying 1914490 to 1914490.

Analysis is finished!
Founded SNPs were written into /data/projects/Assembly/Aroon/reports/GCF_000012185.1_ASM1218v1_genomic/contigs_reports/nucmer_output/M10540_contigs.used_snps

Results:
	Local Misassemblies: 43
	Misassemblies: 80
		Relocations: 78
		Translocations: 0
		Inversions: 2
	Misassembled Contigs: 6
	Misassembled Contig Bases: 1741348
	Misassemblies Inter-Contig Overlap: 0
Uncovered Regions: 0 (0)
Unaligned Contigs: 0 + 3 part
Partially Unaligned Contigs with Misassemblies: 2
Unaligned Contig Bases: 34749

Ambiguously Mapped Contigs: 1
Total Bases in Ambiguously Mapped Contigs: 1514
Note that --allow-ambiguity option was set to "one" and only first alignment per each contig was used.

	Covered Bases: 1053687

	SNPs: 37202
	Insertions: 1145
	Deletions: 1168

	Positive Gaps: 118
		Internal Gaps:  86
		External Gaps:  32
		External Gap Total:  284207
		External Gap Average: 8881
	Negative Gaps: 15
		Internal Overlaps:  11
		External Overlaps:  4
		External Overlaps Total: -558
		External Overlaps Average: -140
	Contigs with Redundant Alignments: 3 (557)
