/data/home/achande3/bin/quast-3.2/quast.py -o ./quast/M27986 --no-plots  -t 6 --no-snps  --no-check  /data/projects/assembly/aroon/contigs/meta.M27986.fa /data/projects/assembly/aroon/contigs/spades.M27986.fa /data/projects/assembly/aroon/contigs/velvet.M27986.fa /data/projects/assembly/aroon/contigs/abyss.115.M27986.fa

Version: 3.2, build 26.11.2015 18:55

System information:
  OS: Linux-2.6.32-573.12.1.el6.x86_64-x86_64-with-redhat-6.7-Santiago (linux_64)
  Python version: 2.7.11
  CPUs number: 6

Started: 2016-02-18 08:37:35

Logging to /data/projects/assembly/aroon/meta/quast/M27986/quast.log

Main parameters: 
  Threads: 6, minimum contig length: 500, ambiguity: one, threshold for extensive misassembly size: 1000

Contigs:
  1  /data/projects/assembly/aroon/contigs/meta.M27986.fa ==> meta.M27986
  2  /data/projects/assembly/aroon/contigs/spades.M27986.fa ==> spades.M27986
  3  /data/projects/assembly/aroon/contigs/velvet.M27986.fa ==> velvet.M27986
  4  /data/projects/assembly/aroon/contigs/abyss.115.M27986.fa ==> abyss.115.M27986

2016-02-18 08:37:36
Running Basic statistics processor...
  Contig files: 
    1  meta.M27986
    2  spades.M27986
    3  velvet.M27986
    4  abyss.115.M27986
  Calculating N50 and L50...
    1  meta.M27986, N50 = 361753, L50 = 2, Total length = 1825083, GC % = 37.92, # N's per 100 kbp =  0.00
    2  spades.M27986, N50 = 361753, L50 = 2, Total length = 1839285, GC % = 37.93, # N's per 100 kbp =  0.00
    3  velvet.M27986, N50 = 361808, L50 = 2, Total length = 1826645, GC % = 37.92, # N's per 100 kbp =  51.62
    4  abyss.115.M27986, N50 = 352486, L50 = 2, Total length = 1873342, GC % = 38.06, # N's per 100 kbp =  4.00
Done.

NOTICE: Genes are not predicted by default. Use --gene-finding option to enable it.

2016-02-18 08:37:37
RESULTS:
  Text versions of total report are saved to /data/projects/assembly/aroon/meta/quast/M27986/report.txt, report.tsv, and report.tex
  Text versions of transposed total report are saved to /data/projects/assembly/aroon/meta/quast/M27986/transposed_report.txt, transposed_report.tsv, and transposed_report.tex
  HTML version (interactive tables and plots) saved to /data/projects/assembly/aroon/meta/quast/M27986/report.html
  PDF version (tables and plots) saved to /data/projects/assembly/aroon/meta/quast/M27986/report.pdf
  Log saved to /data/projects/assembly/aroon/meta/quast/M27986/quast.log

Finished: 2016-02-18 08:37:37
Elapsed time: 0:00:02.026328
NOTICEs: 1; WARNINGs: 0; non-fatal ERRORs: 0

Thank you for using QUAST!
