/data/home/achande3/bin/quast-3.2/quast.py -o ./quast/M28770 --no-plots  -t 6 --no-snps  --no-check  /data/projects/assembly/aroon/contigs/meta.M28770.fa /data/projects/assembly/aroon/contigs/spades.M28770.fa /data/projects/assembly/aroon/contigs/velvet.M28770.fa /data/projects/assembly/aroon/contigs/abyss.115.M28770.fa

Version: 3.2, build 26.11.2015 18:55

System information:
  OS: Linux-2.6.32-573.12.1.el6.x86_64-x86_64-with-redhat-6.7-Santiago (linux_64)
  Python version: 2.7.11
  CPUs number: 6

Started: 2016-02-18 08:37:48

Logging to /data/projects/assembly/aroon/meta/quast/M28770/quast.log

Main parameters: 
  Threads: 6, minimum contig length: 500, ambiguity: one, threshold for extensive misassembly size: 1000

Contigs:
  1  /data/projects/assembly/aroon/contigs/meta.M28770.fa ==> meta.M28770
  2  /data/projects/assembly/aroon/contigs/spades.M28770.fa ==> spades.M28770
  3  /data/projects/assembly/aroon/contigs/velvet.M28770.fa ==> velvet.M28770
  4  /data/projects/assembly/aroon/contigs/abyss.115.M28770.fa ==> abyss.115.M28770

2016-02-18 08:37:49
Running Basic statistics processor...
  Contig files: 
    1  meta.M28770
    2  spades.M28770
    3  velvet.M28770
    4  abyss.115.M28770
  Calculating N50 and L50...
    1  meta.M28770, N50 = 209505, L50 = 3, Total length = 1820403, GC % = 38.02, # N's per 100 kbp =  0.00
    2  spades.M28770, N50 = 209505, L50 = 3, Total length = 1842709, GC % = 38.07, # N's per 100 kbp =  0.00
    3  velvet.M28770, N50 = 200973, L50 = 3, Total length = 1820586, GC % = 37.99, # N's per 100 kbp =  31.31
    4  abyss.115.M28770, N50 = 144205, L50 = 4, Total length = 1863678, GC % = 38.16, # N's per 100 kbp =  0.00
Done.

NOTICE: Genes are not predicted by default. Use --gene-finding option to enable it.

2016-02-18 08:37:50
RESULTS:
  Text versions of total report are saved to /data/projects/assembly/aroon/meta/quast/M28770/report.txt, report.tsv, and report.tex
  Text versions of transposed total report are saved to /data/projects/assembly/aroon/meta/quast/M28770/transposed_report.txt, transposed_report.tsv, and transposed_report.tex
  HTML version (interactive tables and plots) saved to /data/projects/assembly/aroon/meta/quast/M28770/report.html
  PDF version (tables and plots) saved to /data/projects/assembly/aroon/meta/quast/M28770/report.pdf
  Log saved to /data/projects/assembly/aroon/meta/quast/M28770/quast.log

Finished: 2016-02-18 08:37:50
Elapsed time: 0:00:01.635264
NOTICEs: 1; WARNINGs: 0; non-fatal ERRORs: 0

Thank you for using QUAST!
