/data/home/achande3/bin/quast-3.2/quast.py -o ./quast/M05964 --no-plots  -t 6 --no-snps  --no-check  /data/projects/assembly/aroon/contigs/meta.M05964.fa /data/projects/assembly/aroon/contigs/spades.M05964.fa /data/projects/assembly/aroon/contigs/velvet.M05964.fa /data/projects/assembly/aroon/contigs/abyss.115.M05964.fa

Version: 3.2, build 26.11.2015 18:55

System information:
  OS: Linux-2.6.32-573.12.1.el6.x86_64-x86_64-with-redhat-6.7-Santiago (linux_64)
  Python version: 2.7.11
  CPUs number: 6

Started: 2016-02-18 08:37:22

Logging to /data/projects/assembly/aroon/meta/quast/M05964/quast.log

NOTICE: Output directory already exists. Existing Nucmer alignments can be used.

Main parameters: 
  Threads: 6, minimum contig length: 500, ambiguity: one, threshold for extensive misassembly size: 1000

Contigs:
  1  /data/projects/assembly/aroon/contigs/meta.M05964.fa ==> meta.M05964
  2  /data/projects/assembly/aroon/contigs/spades.M05964.fa ==> spades.M05964
  3  /data/projects/assembly/aroon/contigs/velvet.M05964.fa ==> velvet.M05964
  4  /data/projects/assembly/aroon/contigs/abyss.115.M05964.fa ==> abyss.115.M05964

2016-02-18 08:37:23
Running Basic statistics processor...
  Contig files: 
    1  meta.M05964
    2  spades.M05964
    3  velvet.M05964
    4  abyss.115.M05964
  Calculating N50 and L50...
    1  meta.M05964, N50 = 371808, L50 = 2, Total length = 1824203, GC % = 37.87, # N's per 100 kbp =  5.48
    2  spades.M05964, N50 = 179983, L50 = 3, Total length = 1995254, GC % = 38.97, # N's per 100 kbp =  0.00
    3  velvet.M05964, N50 = 380295, L50 = 2, Total length = 1828320, GC % = 37.84, # N's per 100 kbp =  74.77
    4  abyss.115.M05964, N50 = 183050, L50 = 3, Total length = 1922556, GC % = 38.01, # N's per 100 kbp =  0.00
Done.

NOTICE: Genes are not predicted by default. Use --gene-finding option to enable it.

2016-02-18 08:37:24
RESULTS:
  Text versions of total report are saved to /data/projects/assembly/aroon/meta/quast/M05964/report.txt, report.tsv, and report.tex
  Text versions of transposed total report are saved to /data/projects/assembly/aroon/meta/quast/M05964/transposed_report.txt, transposed_report.tsv, and transposed_report.tex
  HTML version (interactive tables and plots) saved to /data/projects/assembly/aroon/meta/quast/M05964/report.html
  PDF version (tables and plots) saved to /data/projects/assembly/aroon/meta/quast/M05964/report.pdf
  Log saved to /data/projects/assembly/aroon/meta/quast/M05964/quast.log

Finished: 2016-02-18 08:37:24
Elapsed time: 0:00:01.887721
NOTICEs: 2; WARNINGs: 0; non-fatal ERRORs: 0

Thank you for using QUAST!
