Aligning contigs to reference...
	Running Nucmer
Parsing coords...
Loading reference...
	Loaded [NC_017452.1_Haemophilus_influenzae_R2846__complete_genome]
Loading SNPs...
Loading regions...
	No regions given, using whole reference.
	Total Regions: 1
	Total Region Length: 1819370
Analyzing contigs...
CONTIG: NODE_1_length_311333_cov_153.831482 (311459bp)
Top Length: 40168  Top ID: 95.95
		Skipping redundant alignment 163390 163470 | 58206 58286 | 81 81 | 100.0 | NC_017452.1_Haemophilus_influenzae_R2846__complete_genome NODE_1_length_311333_cov_153.831482
		Skipping redundant alignment 942014 942080 | 163757 163691 | 67 67 | 100.0 | NC_017452.1_Haemophilus_influenzae_R2846__complete_genome NODE_1_length_311333_cov_153.831482
		Skipping redundant alignment 942014 942080 | 163769 163703 | 67 67 | 100.0 | NC_017452.1_Haemophilus_influenzae_R2846__complete_genome NODE_1_length_311333_cov_153.831482
		Skipping redundant alignment 942005 942080 | 163783 163707 | 76 77 | 97.4 | NC_017452.1_Haemophilus_influenzae_R2846__complete_genome NODE_1_length_311333_cov_153.831482
		Skipping redundant alignment 278417 278708 | 202440 202149 | 292 292 | 99.32 | NC_017452.1_Haemophilus_influenzae_R2846__complete_genome NODE_1_length_311333_cov_153.831482
		Skipping redundant alignment 278848 279263 | 202582 202165 | 416 418 | 98.56 | NC_017452.1_Haemophilus_influenzae_R2846__complete_genome NODE_1_length_311333_cov_153.831482
		Skipping redundant alignment 278556 278983 | 202582 202165 | 428 418 | 96.27 | NC_017452.1_Haemophilus_influenzae_R2846__complete_genome NODE_1_length_311333_cov_153.831482
		Skipping redundant alignment 278989 279223 | 202960 202726 | 235 235 | 100.0 | NC_017452.1_Haemophilus_influenzae_R2846__complete_genome NODE_1_length_311333_cov_153.831482
		Skipping redundant alignment 279269 279503 | 202960 202726 | 235 235 | 100.0 | NC_017452.1_Haemophilus_influenzae_R2846__complete_genome NODE_1_length_311333_cov_153.831482
		Skipping redundant alignment 278709 278943 | 202960 202726 | 235 235 | 99.57 | NC_017452.1_Haemophilus_influenzae_R2846__complete_genome NODE_1_length_311333_cov_153.831482
		Skipping redundant alignment 608917 609015 | 230278 230376 | 99 99 | 100.0 | NC_017452.1_Haemophilus_influenzae_R2846__complete_genome NODE_1_length_311333_cov_153.831482
		Skipping redundant alignment 510294 510372 | 265621 265543 | 79 79 | 100.0 | NC_017452.1_Haemophilus_influenzae_R2846__complete_genome NODE_1_length_311333_cov_153.831482
		Skipping redundant alignment 564886 564964 | 265621 265543 | 79 79 | 100.0 | NC_017452.1_Haemophilus_influenzae_R2846__complete_genome NODE_1_length_311333_cov_153.831482
		Skipping redundant alignment 199028 199106 | 299453 299375 | 79 79 | 100.0 | NC_017452.1_Haemophilus_influenzae_R2846__complete_genome NODE_1_length_311333_cov_153.831482
			Skipping redundant alignments after choosing the best set of alignments
		Skipping redundant alignment 31584 31685 | 103192 103293 | 102 102 | 100.0 | NC_017452.1_Haemophilus_influenzae_R2846__complete_genome NODE_1_length_311333_cov_153.831482
		Skipping redundant alignment 565205 565286 | 299591 299672 | 82 82 | 100.0 | NC_017452.1_Haemophilus_influenzae_R2846__complete_genome NODE_1_length_311333_cov_153.831482
		Skipping redundant alignment 1680105 1680230 | 311459 311334 | 126 126 | 99.21 | NC_017452.1_Haemophilus_influenzae_R2846__complete_genome NODE_1_length_311333_cov_153.831482
		This contig is misassembled. 41 total aligns.
			Real Alignment 1: 95917 103825 | 28747 36656 | 7909 7910 | 97.07 | NC_017452.1_Haemophilus_influenzae_R2846__complete_genome NODE_1_length_311333_cov_153.831482
			  Extensive misassembly ( relocation, inconsistency = 95055 ) between these two alignments
			Real Alignment 2: 217275 220509 | 55051 58286 | 3235 3236 | 95.24 | NC_017452.1_Haemophilus_influenzae_R2846__complete_genome NODE_1_length_311333_cov_153.831482
			  Extensive misassembly ( relocation, inconsistency = 22243 ) between these two alignments
			Excluding internal overlap of size 1 between Alignment 3 and 4:  245282 248347 | 63880 60816 | 3066 3065 --> 245283 248347 | 63879 60816 | 3065 3064
			Real Alignment 3: 245283 248347 | 63879 60816 | 3065 3064 | 96.12 | NC_017452.1_Haemophilus_influenzae_R2846__complete_genome NODE_1_length_311333_cov_153.831482
			  Extensive misassembly ( relocation, inconsistency = 5420 ) between these two alignments
			Real Alignment 4: 232056 239862 | 71686 63880 | 7807 7807 | 96.43 | NC_017452.1_Haemophilus_influenzae_R2846__complete_genome NODE_1_length_311333_cov_153.831482
			  Overlap between these two alignments (local misassembly). Inconsistency = -184 
			Excluding internal overlap of size 19 between Alignment 5 and 6:  1501341 1504878 | 82040 85577 | 3538 3538 --> 1501360 1504878 | 82059 85577 | 3519 3519
			Real Alignment 5: 221845 232056 | 82058 71870 | 10212 10189 | 96.28 | NC_017452.1_Haemophilus_influenzae_R2846__complete_genome NODE_1_length_311333_cov_153.831482
			  Extensive misassembly ( relocation, inconsistency = 1269303 ) between these two alignments
			Real Alignment 6: 1501360 1504878 | 82059 85577 | 3519 3519 | 96.67 | NC_017452.1_Haemophilus_influenzae_R2846__complete_genome NODE_1_length_311333_cov_153.831482
			  Gap between these two alignments (local misassembly). Inconsistency = 938 
			Real Alignment 7: 1505944 1507211 | 85705 86972 | 1268 1268 | 96.61 | NC_017452.1_Haemophilus_influenzae_R2846__complete_genome NODE_1_length_311333_cov_153.831482
			  Gap between these two alignments (local misassembly). Inconsistency = 121 
			Real Alignment 8: 1507361 1520822 | 87001 100460 | 13462 13460 | 95.55 | NC_017452.1_Haemophilus_influenzae_R2846__complete_genome NODE_1_length_311333_cov_153.831482
			  Extensive misassembly ( relocation, inconsistency = -1491962 ) between these two alignments
			Real Alignment 9: 31586 31684 | 103186 103284 | 99 99 | 100.0 | NC_017452.1_Haemophilus_influenzae_R2846__complete_genome NODE_1_length_311333_cov_153.831482
			  Extensive misassembly ( relocation, inconsistency = 321922 ) between these two alignments
			Real Alignment 10: 358736 362035 | 111713 108414 | 3300 3300 | 95.34 | NC_017452.1_Haemophilus_influenzae_R2846__complete_genome NODE_1_length_311333_cov_153.831482
			  Overlap between these two alignments (local misassembly). Inconsistency = -47 
			Real Alignment 11: 349409 358651 | 121089 111845 | 9243 9245 | 96.37 | NC_017452.1_Haemophilus_influenzae_R2846__complete_genome NODE_1_length_311333_cov_153.831482
			  Extensive misassembly ( relocation, inconsistency = 192470 ) between these two alignments
			Real Alignment 12: 145175 155982 | 132848 122046 | 10808 10803 | 95.88 | NC_017452.1_Haemophilus_influenzae_R2846__complete_genome NODE_1_length_311333_cov_153.831482
			  Extensive misassembly ( relocation, inconsistency = -216598 ) between these two alignments
			Real Alignment 13: 344459 349382 | 150205 145239 | 4924 4967 | 96.0 | NC_017452.1_Haemophilus_influenzae_R2846__complete_genome NODE_1_length_311333_cov_153.831482
			  Overlap between these two alignments (local misassembly). Inconsistency = -87 
			Real Alignment 14: 337274 343284 | 157479 151467 | 6011 6013 | 96.38 | NC_017452.1_Haemophilus_influenzae_R2846__complete_genome NODE_1_length_311333_cov_153.831482
			  Extensive misassembly ( relocation, inconsistency = 13017 ) between these two alignments
			Real Alignment 15: 279128 319321 | 202582 162415 | 40194 40168 | 95.95 | NC_017452.1_Haemophilus_influenzae_R2846__complete_genome NODE_1_length_311333_cov_153.831482
			  Gap between these two alignments (local misassembly). Inconsistency = 333 
			Real Alignment 16: 250908 278651 | 230470 202726 | 27744 27745 | 95.23 | NC_017452.1_Haemophilus_influenzae_R2846__complete_genome NODE_1_length_311333_cov_153.831482
			  Extensive misassembly ( relocation, inconsistency = -114714 ) between these two alignments
			Real Alignment 17: 187262 213403 | 253795 279922 | 26142 26128 | 95.85 | NC_017452.1_Haemophilus_influenzae_R2846__complete_genome NODE_1_length_311333_cov_153.831482
			  Gap between these two alignments (local misassembly). Inconsistency = 4 
			Real Alignment 18: 213527 217182 | 280042 283697 | 3656 3656 | 95.71 | NC_017452.1_Haemophilus_influenzae_R2846__complete_genome NODE_1_length_311333_cov_153.831482
			  Extensive misassembly ( relocation, inconsistency = 157507 ) between these two alignments
			Real Alignment 19: 377777 377861 | 286785 286869 | 85 85 | 100.0 | NC_017452.1_Haemophilus_influenzae_R2846__complete_genome NODE_1_length_311333_cov_153.831482
			  Overlap between these two alignments (local misassembly). Inconsistency = -100 
			Real Alignment 20: 377781 377861 | 286889 286969 | 81 81 | 100.0 | NC_017452.1_Haemophilus_influenzae_R2846__complete_genome NODE_1_length_311333_cov_153.831482
			  Extensive misassembly ( relocation, inconsistency = 174620 ) between these two alignments
			Excluding internal overlap of size 1 between Alignment 21 and 22:  690300 690381 | 299590 299670 | 82 81 --> 690301 690381 | 299591 299670 | 81 80
			Real Alignment 21: 564842 565101 | 299330 299590 | 260 261 | 97.32 | NC_017452.1_Haemophilus_influenzae_R2846__complete_genome NODE_1_length_311333_cov_153.831482
			  Extensive misassembly ( relocation, inconsistency = 125199 ) between these two alignments
			Real Alignment 22: 690301 690381 | 299591 299670 | 81 80 | 98.78 | NC_017452.1_Haemophilus_influenzae_R2846__complete_genome NODE_1_length_311333_cov_153.831482
			  Extensive misassembly ( relocation, inconsistency = -312490 ) between these two alignments
			Real Alignment 23: 389473 389552 | 311252 311331 | 80 80 | 100.0 | NC_017452.1_Haemophilus_influenzae_R2846__complete_genome NODE_1_length_311333_cov_153.831482
			  Extensive misassembly ( relocation, inconsistency = 274483 ) between these two alignments
			Real Alignment 24: 664038 664163 | 311334 311459 | 126 126 | 99.21 | NC_017452.1_Haemophilus_influenzae_R2846__complete_genome NODE_1_length_311333_cov_153.831482

CONTIG: NODE_2_length_39119_cov_167.875656 (39245bp)
Top Length: 16546  Top ID: 95.82
		Skipping redundant alignment 371881 372026 | 39098 39242 | 146 145 | 97.95 | NC_017452.1_Haemophilus_influenzae_R2846__complete_genome NODE_2_length_39119_cov_167.875656
		Skipping redundant alignment 405177 405290 | 39130 39242 | 114 113 | 98.25 | NC_017452.1_Haemophilus_influenzae_R2846__complete_genome NODE_2_length_39119_cov_167.875656
		Skipping redundant alignment 663924 664023 | 39144 39242 | 100 99 | 96.0 | NC_017452.1_Haemophilus_influenzae_R2846__complete_genome NODE_2_length_39119_cov_167.875656
		This contig is misassembled. 8 total aligns.
			Real Alignment 1: 10343 26884 | 3222 19767 | 16542 16546 | 95.82 | NC_017452.1_Haemophilus_influenzae_R2846__complete_genome NODE_2_length_39119_cov_167.875656
			  Extensive misassembly ( relocation, inconsistency = 1021 ) between these two alignments
			Real Alignment 2: 31628 33286 | 23490 25149 | 1659 1660 | 95.66 | NC_017452.1_Haemophilus_influenzae_R2846__complete_genome NODE_2_length_39119_cov_167.875656
			  Overlap between these two alignments (local misassembly). Inconsistency = -184 
			Real Alignment 3: 35158 37138 | 27205 29181 | 1981 1977 | 97.88 | NC_017452.1_Haemophilus_influenzae_R2846__complete_genome NODE_2_length_39119_cov_167.875656
			  Extensive misassembly ( relocation, inconsistency = 1600698 ) between these two alignments
			Real Alignment 4: 1638630 1645233 | 29975 36579 | 6604 6605 | 96.5 | NC_017452.1_Haemophilus_influenzae_R2846__complete_genome NODE_2_length_39119_cov_167.875656
			  Extensive misassembly ( relocation, inconsistency = 34962 ) between these two alignments
			Real Alignment 5: 1680245 1682859 | 39242 36629 | 2615 2614 | 97.06 | NC_017452.1_Haemophilus_influenzae_R2846__complete_genome NODE_2_length_39119_cov_167.875656

CONTIG: NODE_3_length_25597_cov_176.608231 (25723bp)
Top Length: 5467  Top ID: 95.76
		Skipping redundant alignment 1784395 1784520 | 1 126 | 126 126 | 98.41 | NC_017452.1_Haemophilus_influenzae_R2846__complete_genome NODE_3_length_25597_cov_176.608231
		Skipping redundant alignment 1680119 1680327 | 25722 25515 | 209 208 | 99.04 | NC_017452.1_Haemophilus_influenzae_R2846__complete_genome NODE_3_length_25597_cov_176.608231
		Skipping redundant alignment 521312 521423 | 25611 25722 | 112 112 | 100.0 | NC_017452.1_Haemophilus_influenzae_R2846__complete_genome NODE_3_length_25597_cov_176.608231
			Skipping redundant alignments after choosing the best set of alignments
		Skipping redundant alignment 371936 372151 | 25507 25722 | 216 216 | 97.24 | NC_017452.1_Haemophilus_influenzae_R2846__complete_genome NODE_3_length_25597_cov_176.608231
		Skipping redundant alignment 405200 405415 | 25507 25722 | 216 216 | 97.24 | NC_017452.1_Haemophilus_influenzae_R2846__complete_genome NODE_3_length_25597_cov_176.608231
		This contig is misassembled. 8 total aligns.
			Warning! This contig is more unaligned than misassembled. Contig length is 25723 and total length of all aligns is 7749
		Alignment: 1 5449 | 5467 1 | 5449 5467 | 95.76 | NC_017452.1_Haemophilus_influenzae_R2846__complete_genome NODE_3_length_25597_cov_176.608231
		Alignment: 1813239 1815303 | 15729 13666 | 2065 2064 | 95.3 | NC_017452.1_Haemophilus_influenzae_R2846__complete_genome NODE_3_length_25597_cov_176.608231
		Alignment: 663931 664149 | 25505 25722 | 219 218 | 98.63 | NC_017452.1_Haemophilus_influenzae_R2846__complete_genome NODE_3_length_25597_cov_176.608231
		Unaligned bases: 17974
		This contig has both significant aligned and unaligned parts (of length >= min-contig)!
CONTIG: NODE_4_length_186812_cov_140.254013 (186938bp)
Top Length: 27046  Top ID: 95.45
		Skipping redundant alignment 1679854 1680327 | 1 473 | 474 473 | 97.05 | NC_017452.1_Haemophilus_influenzae_R2846__complete_genome NODE_4_length_186812_cov_140.254013
		Skipping redundant alignment 1800825 1801298 | 1 473 | 474 473 | 96.21 | NC_017452.1_Haemophilus_influenzae_R2846__complete_genome NODE_4_length_186812_cov_140.254013
		Skipping redundant alignment 521312 521688 | 377 1 | 377 377 | 97.61 | NC_017452.1_Haemophilus_influenzae_R2846__complete_genome NODE_4_length_186812_cov_140.254013
		This contig is misassembled. 14 total aligns.
			Real Alignment 1: 405190 405681 | 491 1 | 492 491 | 95.54 | NC_017452.1_Haemophilus_influenzae_R2846__complete_genome NODE_4_length_186812_cov_140.254013
			  Extensive misassembly ( relocation, inconsistency = -259077 ) between these two alignments
			Real Alignment 2: 651775 657414 | 12983 7344 | 5640 5640 | 95.8 | NC_017452.1_Haemophilus_influenzae_R2846__complete_genome NODE_4_length_186812_cov_140.254013
			  Extensive misassembly ( relocation, inconsistency = -576894 ) between these two alignments
			Real Alignment 3: 1225649 1228349 | 15999 13303 | 2701 2697 | 95.08 | NC_017452.1_Haemophilus_influenzae_R2846__complete_genome NODE_4_length_186812_cov_140.254013
			  Extensive misassembly ( relocation, inconsistency = -1994 ) between these two alignments
			Real Alignment 4: 1214402 1225263 | 29238 18379 | 10862 10860 | 97.51 | NC_017452.1_Haemophilus_influenzae_R2846__complete_genome NODE_4_length_186812_cov_140.254013
			  Extensive misassembly ( relocation, inconsistency = -679296 ) between these two alignments
			Real Alignment 5: 547303 555554 | 30574 38826 | 8252 8253 | 95.34 | NC_017452.1_Haemophilus_influenzae_R2846__complete_genome NODE_4_length_186812_cov_140.254013
			  Extensive misassembly ( relocation, inconsistency = 670910 ) between these two alignments
			Excluding internal overlap of size 1 between Alignment 6 and 7:  1238479 1248465 | 50841 60829 | 9987 9989 --> 1238479 1248464 | 50841 60828 | 9986 9988
			Real Alignment 6: 1238479 1248464 | 50841 60828 | 9986 9988 | 96.07 | NC_017452.1_Haemophilus_influenzae_R2846__complete_genome NODE_4_length_186812_cov_140.254013
			  Gap between these two alignments (local misassembly). Inconsistency = 164 
			Excluding internal overlap of size 6 between Alignment 7 and 8:  628009 651636 | 111448 87869 | 23628 23580 --> 628009 651630 | 111448 87875 | 23622 23574
			Real Alignment 7: 1248629 1275729 | 60829 87874 | 27101 27046 | 95.45 | NC_017452.1_Haemophilus_influenzae_R2846__complete_genome NODE_4_length_186812_cov_140.254013
			  Extensive misassembly ( relocation, inconsistency = -647721 ) between these two alignments
			Real Alignment 8: 628009 651630 | 111448 87875 | 23622 23574 | 97.37 | NC_017452.1_Haemophilus_influenzae_R2846__complete_genome NODE_4_length_186812_cov_140.254013
			  Extensive misassembly ( relocation, inconsistency = -419795 ) between these two alignments
			Real Alignment 9: 251002 251100 | 130615 130713 | 99 99 | 100.0 | NC_017452.1_Haemophilus_influenzae_R2846__complete_genome NODE_4_length_186812_cov_140.254013
			  Extensive misassembly ( relocation, inconsistency = 351116 ) between these two alignments
			Real Alignment 10: 605372 607169 | 135666 133869 | 1798 1798 | 96.72 | NC_017452.1_Haemophilus_influenzae_R2846__complete_genome NODE_4_length_186812_cov_140.254013
			  Extensive misassembly ( relocation, inconsistency = -1453 ) between these two alignments
			Real Alignment 11: 596691 600704 | 145793 141787 | 4014 4007 | 96.39 | NC_017452.1_Haemophilus_influenzae_R2846__complete_genome NODE_4_length_186812_cov_140.254013

CONTIG: NODE_5_length_26946_cov_145.931458 (27072bp)
Top Length: 18544  Top ID: 96.03
		Skipping redundant alignment 1680234 1680359 | 3 126 | 126 124 | 97.62 | NC_017452.1_Haemophilus_influenzae_R2846__complete_genome NODE_5_length_26946_cov_145.931458
		Skipping redundant alignment 371913 372037 | 126 3 | 125 124 | 97.6 | NC_017452.1_Haemophilus_influenzae_R2846__complete_genome NODE_5_length_26946_cov_145.931458
		Skipping redundant alignment 663924 664034 | 112 3 | 111 110 | 95.5 | NC_017452.1_Haemophilus_influenzae_R2846__complete_genome NODE_5_length_26946_cov_145.931458
		Skipping redundant alignment 521230 521309 | 15840 15761 | 80 80 | 100.0 | NC_017452.1_Haemophilus_influenzae_R2846__complete_genome NODE_5_length_26946_cov_145.931458
		Skipping redundant alignment 502185 502266 | 26772 26691 | 82 82 | 100.0 | NC_017452.1_Haemophilus_influenzae_R2846__complete_genome NODE_5_length_26946_cov_145.931458
		Skipping redundant alignment 502081 502165 | 26776 26692 | 85 85 | 100.0 | NC_017452.1_Haemophilus_influenzae_R2846__complete_genome NODE_5_length_26946_cov_145.931458
		Skipping redundant alignment 410745 410870 | 27072 26947 | 126 126 | 97.62 | NC_017452.1_Haemophilus_influenzae_R2846__complete_genome NODE_5_length_26946_cov_145.931458
		Skipping redundant alignment 1795653 1795778 | 26947 27072 | 126 126 | 97.62 | NC_017452.1_Haemophilus_influenzae_R2846__complete_genome NODE_5_length_26946_cov_145.931458
		Skipping redundant alignment 527077 527202 | 27072 26947 | 126 126 | 96.83 | NC_017452.1_Haemophilus_influenzae_R2846__complete_genome NODE_5_length_26946_cov_145.931458
		Skipping redundant alignment 669803 669928 | 27072 26947 | 126 126 | 96.83 | NC_017452.1_Haemophilus_influenzae_R2846__complete_genome NODE_5_length_26946_cov_145.931458
		Skipping redundant alignment 1674340 1674465 | 26947 27072 | 126 126 | 96.83 | NC_017452.1_Haemophilus_influenzae_R2846__complete_genome NODE_5_length_26946_cov_145.931458
		This contig is misassembled. 13 total aligns.
			Real Alignment 1: 386773 405301 | 18546 3 | 18529 18544 | 96.03 | NC_017452.1_Haemophilus_influenzae_R2846__complete_genome NODE_5_length_26946_cov_145.931458
			  Gap between these two alignments (local misassembly). Inconsistency = 765 
			Real Alignment 2: 377481 385979 | 27072 18575 | 8499 8498 | 95.33 | NC_017452.1_Haemophilus_influenzae_R2846__complete_genome NODE_5_length_26946_cov_145.931458

CONTIG: NODE_6_length_10068_cov_175.156143 (10194bp)
Top Length: 127  Top ID: 98.43
		This contig is partially unaligned. (Aligned 127 out of 10194 bases)
		Alignment: 5323 5449 | 10068 10194 | 127 127 | 98.43 | NC_017452.1_Haemophilus_influenzae_R2846__complete_genome NODE_6_length_10068_cov_175.156143
		Unaligned bases: 1 to 10067 (10067)

CONTIG: NODE_7_length_50836_cov_155.284012 (50962bp)
Top Length: 9573  Top ID: 95.06
		Skipping redundant alignment 1680245 1680391 | 4 148 | 147 145 | 97.28 | NC_017452.1_Haemophilus_influenzae_R2846__complete_genome NODE_7_length_50836_cov_155.284012
		Skipping redundant alignment 405177 405290 | 116 4 | 114 113 | 98.25 | NC_017452.1_Haemophilus_influenzae_R2846__complete_genome NODE_7_length_50836_cov_155.284012
		Skipping redundant alignment 663924 664023 | 102 4 | 100 99 | 96.0 | NC_017452.1_Haemophilus_influenzae_R2846__complete_genome NODE_7_length_50836_cov_155.284012
		This contig is misassembled. 6 total aligns.
			Real Alignment 1: 363378 372026 | 8649 4 | 8649 8646 | 95.54 | NC_017452.1_Haemophilus_influenzae_R2846__complete_genome NODE_7_length_50836_cov_155.284012
			  Extensive misassembly ( relocation, inconsistency = 1165513 ) between these two alignments
			Excluding internal overlap of size 64 between Alignment 2 and 3:  429874 437618 | 34739 42476 | 7745 7738 --> 429938 437618 | 34803 42476 | 7681 7674
			Real Alignment 2: 1554120 1563625 | 25230 34802 | 9506 9573 | 95.06 | NC_017452.1_Haemophilus_influenzae_R2846__complete_genome NODE_7_length_50836_cov_155.284012
			  Extensive misassembly ( relocation, inconsistency = -1133688 ) between these two alignments
			Real Alignment 3: 429938 437618 | 34803 42476 | 7681 7674 | 95.77 | NC_017452.1_Haemophilus_influenzae_R2846__complete_genome NODE_7_length_50836_cov_155.284012

CONTIG: NODE_8_length_1388_cov_514.852295 (1514bp)
Top Length: 1514  Top ID: 98.09
		This contig has 6 significant alignments. [An ambiguously mapped contig]
		Using only first of these alignment (option --ambiguity-usage is set to "one"):
		Alignment: 521563 523077 | 1514 1 | 1515 1514 | 98.09 | NC_017452.1_Haemophilus_influenzae_R2846__complete_genome NODE_8_length_1388_cov_514.852295
		Skipping alignment  664289 665803 | 1514 1 | 1515 1514 | 98.09 | NC_017452.1_Haemophilus_influenzae_R2846__complete_genome NODE_8_length_1388_cov_514.852295
		Skipping alignment  1678465 1679979 | 1 1514 | 1515 1514 | 98.09 | NC_017452.1_Haemophilus_influenzae_R2846__complete_genome NODE_8_length_1388_cov_514.852295
		Skipping alignment  372292 373806 | 1514 1 | 1515 1514 | 98.02 | NC_017452.1_Haemophilus_influenzae_R2846__complete_genome NODE_8_length_1388_cov_514.852295
		Skipping alignment  405556 407070 | 1514 1 | 1515 1514 | 98.02 | NC_017452.1_Haemophilus_influenzae_R2846__complete_genome NODE_8_length_1388_cov_514.852295
		Skipping alignment  1799436 1800950 | 1 1514 | 1515 1514 | 98.02 | NC_017452.1_Haemophilus_influenzae_R2846__complete_genome NODE_8_length_1388_cov_514.852295

CONTIG: NODE_9_length_3328_cov_573.854553 (3454bp)
Top Length: 1760  Top ID: 96.71
			Skipping redundant alignments after choosing the best set of alignments
		Skipping redundant alignment 407254 408037 | 3454 2671 | 784 784 | 98.47 | NC_017452.1_Haemophilus_influenzae_R2846__complete_genome NODE_9_length_3328_cov_573.854553
		Skipping redundant alignment 408146 408767 | 2666 2045 | 622 622 | 99.36 | NC_017452.1_Haemophilus_influenzae_R2846__complete_genome NODE_9_length_3328_cov_573.854553
		Skipping redundant alignment 408886 410644 | 2039 280 | 1759 1760 | 96.65 | NC_017452.1_Haemophilus_influenzae_R2846__complete_genome NODE_9_length_3328_cov_573.854553
		Skipping redundant alignment 410737 410870 | 134 1 | 134 134 | 97.01 | NC_017452.1_Haemophilus_influenzae_R2846__complete_genome NODE_9_length_3328_cov_573.854553
		Skipping redundant alignment 523506 524289 | 3454 2671 | 784 784 | 98.09 | NC_017452.1_Haemophilus_influenzae_R2846__complete_genome NODE_9_length_3328_cov_573.854553
		Skipping redundant alignment 524398 525019 | 2666 2045 | 622 622 | 99.36 | NC_017452.1_Haemophilus_influenzae_R2846__complete_genome NODE_9_length_3328_cov_573.854553
		Skipping redundant alignment 666232 667015 | 3454 2671 | 784 784 | 98.09 | NC_017452.1_Haemophilus_influenzae_R2846__complete_genome NODE_9_length_3328_cov_573.854553
		Skipping redundant alignment 667124 667745 | 2666 2045 | 622 622 | 99.2 | NC_017452.1_Haemophilus_influenzae_R2846__complete_genome NODE_9_length_3328_cov_573.854553
		Skipping redundant alignment 1676523 1677144 | 2045 2666 | 622 622 | 99.52 | NC_017452.1_Haemophilus_influenzae_R2846__complete_genome NODE_9_length_3328_cov_573.854553
		Skipping redundant alignment 1677253 1678036 | 2671 3454 | 784 784 | 98.09 | NC_017452.1_Haemophilus_influenzae_R2846__complete_genome NODE_9_length_3328_cov_573.854553
		Skipping redundant alignment 1798469 1799252 | 2671 3454 | 784 784 | 98.47 | NC_017452.1_Haemophilus_influenzae_R2846__complete_genome NODE_9_length_3328_cov_573.854553
		This contig is misassembled. 15 total aligns.
			Real Alignment 1: 377473 377606 | 134 1 | 134 134 | 97.01 | NC_017452.1_Haemophilus_influenzae_R2846__complete_genome NODE_9_length_3328_cov_573.854553
			  Overlap between these two alignments (local misassembly). Inconsistency = -53 
			Real Alignment 2: 375622 377380 | 2039 280 | 1759 1760 | 96.71 | NC_017452.1_Haemophilus_influenzae_R2846__complete_genome NODE_9_length_3328_cov_573.854553
			  Gap between these two alignments (local misassembly). Inconsistency = 113 
			Real Alignment 3: 374882 375503 | 2666 2045 | 622 622 | 99.2 | NC_017452.1_Haemophilus_influenzae_R2846__complete_genome NODE_9_length_3328_cov_573.854553
			  Gap between these two alignments (local misassembly). Inconsistency = 104 
			Real Alignment 4: 373990 374773 | 3454 2671 | 784 784 | 98.47 | NC_017452.1_Haemophilus_influenzae_R2846__complete_genome NODE_9_length_3328_cov_573.854553

CONTIG: NODE_15_length_1150785_cov_139.851166 (1150911bp)
Top Length: 38887  Top ID: 95.38
		Skipping redundant alignment 377525 377606 | 1 82 | 82 82 | 98.78 | NC_017452.1_Haemophilus_influenzae_R2846__complete_genome NODE_15_length_1150785_cov_139.851166
		Skipping redundant alignment 1633702 1633769 | 86391 86324 | 68 68 | 100.0 | NC_017452.1_Haemophilus_influenzae_R2846__complete_genome NODE_15_length_1150785_cov_139.851166
		Skipping redundant alignment 1633702 1633769 | 86431 86364 | 68 68 | 100.0 | NC_017452.1_Haemophilus_influenzae_R2846__complete_genome NODE_15_length_1150785_cov_139.851166
		Skipping redundant alignment 1039704 1040057 | 233091 232741 | 354 351 | 96.62 | NC_017452.1_Haemophilus_influenzae_R2846__complete_genome NODE_15_length_1150785_cov_139.851166
		Skipping redundant alignment 510510 510591 | 572427 572346 | 82 82 | 100.0 | NC_017452.1_Haemophilus_influenzae_R2846__complete_genome NODE_15_length_1150785_cov_139.851166
		Skipping redundant alignment 690305 690381 | 572424 572348 | 77 77 | 100.0 | NC_017452.1_Haemophilus_influenzae_R2846__complete_genome NODE_15_length_1150785_cov_139.851166
		Skipping redundant alignment 510257 510509 | 572784 572531 | 253 254 | 96.47 | NC_017452.1_Haemophilus_influenzae_R2846__complete_genome NODE_15_length_1150785_cov_139.851166
		Skipping redundant alignment 199028 199106 | 572668 572746 | 79 79 | 100.0 | NC_017452.1_Haemophilus_influenzae_R2846__complete_genome NODE_15_length_1150785_cov_139.851166
		Skipping redundant alignment 1633702 1633769 | 586605 586672 | 68 68 | 100.0 | NC_017452.1_Haemophilus_influenzae_R2846__complete_genome NODE_15_length_1150785_cov_139.851166
		Skipping redundant alignment 1633702 1633769 | 586625 586692 | 68 68 | 100.0 | NC_017452.1_Haemophilus_influenzae_R2846__complete_genome NODE_15_length_1150785_cov_139.851166
		Skipping redundant alignment 830445 830874 | 604342 604771 | 430 430 | 96.05 | NC_017452.1_Haemophilus_influenzae_R2846__complete_genome NODE_15_length_1150785_cov_139.851166
		Skipping redundant alignment 1714000 1714095 | 1008817 1008722 | 96 96 | 100.0 | NC_017452.1_Haemophilus_influenzae_R2846__complete_genome NODE_15_length_1150785_cov_139.851166
		Skipping redundant alignment 1740563 1741062 | 1012063 1011564 | 500 500 | 96.6 | NC_017452.1_Haemophilus_influenzae_R2846__complete_genome NODE_15_length_1150785_cov_139.851166
		Skipping redundant alignment 1751449 1751617 | 1042193 1042025 | 169 169 | 98.82 | NC_017452.1_Haemophilus_influenzae_R2846__complete_genome NODE_15_length_1150785_cov_139.851166
		Skipping redundant alignment 1809646 1809800 | 1042179 1042025 | 155 155 | 98.71 | NC_017452.1_Haemophilus_influenzae_R2846__complete_genome NODE_15_length_1150785_cov_139.851166
		Skipping redundant alignment 1751419 1751544 | 1042191 1042066 | 126 126 | 100.0 | NC_017452.1_Haemophilus_influenzae_R2846__complete_genome NODE_15_length_1150785_cov_139.851166
		Skipping redundant alignment 1809648 1809759 | 1042193 1042082 | 112 112 | 100.0 | NC_017452.1_Haemophilus_influenzae_R2846__complete_genome NODE_15_length_1150785_cov_139.851166
		Skipping redundant alignment 1689999 1690098 | 1118567 1118667 | 100 101 | 98.02 | NC_017452.1_Haemophilus_influenzae_R2846__complete_genome NODE_15_length_1150785_cov_139.851166
		Skipping redundant alignment 1690009 1690102 | 1118574 1118667 | 94 94 | 100.0 | NC_017452.1_Haemophilus_influenzae_R2846__complete_genome NODE_15_length_1150785_cov_139.851166
		Skipping redundant alignment 1690013 1690106 | 1118574 1118667 | 94 94 | 100.0 | NC_017452.1_Haemophilus_influenzae_R2846__complete_genome NODE_15_length_1150785_cov_139.851166
		Skipping redundant alignment 1751483 1751576 | 1118574 1118667 | 94 94 | 100.0 | NC_017452.1_Haemophilus_influenzae_R2846__complete_genome NODE_15_length_1150785_cov_139.851166
			Skipping redundant alignments after choosing the best set of alignments
		Skipping redundant alignment 984866 984959 | 586601 586694 | 94 94 | 100.0 | NC_017452.1_Haemophilus_influenzae_R2846__complete_genome NODE_15_length_1150785_cov_139.851166
		Skipping redundant alignment 984866 984961 | 86419 86324 | 96 96 | 100.0 | NC_017452.1_Haemophilus_influenzae_R2846__complete_genome NODE_15_length_1150785_cov_139.851166
		This contig is misassembled. 92 total aligns.
			Warning! This contig is more unaligned than misassembled. Contig length is 1150911 and total length of all aligns is 545727
		Alignment: 669847 669948 | 1 101 | 102 101 | 96.08 | NC_017452.1_Haemophilus_influenzae_R2846__complete_genome NODE_15_length_1150785_cov_139.851166
		Alignment: 670023 674140 | 1224 5326 | 4118 4103 | 95.68 | NC_017452.1_Haemophilus_influenzae_R2846__complete_genome NODE_15_length_1150785_cov_139.851166
		Alignment: 689041 695027 | 30046 36028 | 5987 5983 | 95.44 | NC_017452.1_Haemophilus_influenzae_R2846__complete_genome NODE_15_length_1150785_cov_139.851166
		Alignment: 695189 706544 | 36027 47377 | 11356 11351 | 95.77 | NC_017452.1_Haemophilus_influenzae_R2846__complete_genome NODE_15_length_1150785_cov_139.851166
		Alignment: 721640 729198 | 62605 70163 | 7559 7559 | 95.56 | NC_017452.1_Haemophilus_influenzae_R2846__complete_genome NODE_15_length_1150785_cov_139.851166
		Alignment: 738397 754585 | 70166 86331 | 16189 16166 | 95.66 | NC_017452.1_Haemophilus_influenzae_R2846__complete_genome NODE_15_length_1150785_cov_139.851166
		Alignment: 984866 984961 | 86431 86336 | 96 96 | 100.0 | NC_017452.1_Haemophilus_influenzae_R2846__complete_genome NODE_15_length_1150785_cov_139.851166
		Alignment: 1170605 1180717 | 112591 102498 | 10113 10094 | 95.57 | NC_017452.1_Haemophilus_influenzae_R2846__complete_genome NODE_15_length_1150785_cov_139.851166
		Alignment: 1160827 1167550 | 119294 112572 | 6724 6723 | 95.26 | NC_017452.1_Haemophilus_influenzae_R2846__complete_genome NODE_15_length_1150785_cov_139.851166
		Alignment: 1159937 1160833 | 121169 120275 | 897 895 | 97.32 | NC_017452.1_Haemophilus_influenzae_R2846__complete_genome NODE_15_length_1150785_cov_139.851166
		Alignment: 1133102 1149548 | 151491 135055 | 16447 16437 | 96.13 | NC_017452.1_Haemophilus_influenzae_R2846__complete_genome NODE_15_length_1150785_cov_139.851166
		Alignment: 1113852 1122003 | 159658 151526 | 8152 8133 | 95.98 | NC_017452.1_Haemophilus_influenzae_R2846__complete_genome NODE_15_length_1150785_cov_139.851166
		Alignment: 1031471 1031806 | 194051 193716 | 336 336 | 97.02 | NC_017452.1_Haemophilus_influenzae_R2846__complete_genome NODE_15_length_1150785_cov_139.851166
		Alignment: 983591 984424 | 209005 208173 | 834 833 | 97.24 | NC_017452.1_Haemophilus_influenzae_R2846__complete_genome NODE_15_length_1150785_cov_139.851166
		Alignment: 980046 982519 | 213263 210793 | 2474 2471 | 97.49 | NC_017452.1_Haemophilus_influenzae_R2846__complete_genome NODE_15_length_1150785_cov_139.851166
		Alignment: 965899 980055 | 228459 214298 | 14157 14162 | 96.71 | NC_017452.1_Haemophilus_influenzae_R2846__complete_genome NODE_15_length_1150785_cov_139.851166
		Alignment: 996098 1000702 | 233076 228475 | 4605 4602 | 96.59 | NC_017452.1_Haemophilus_influenzae_R2846__complete_genome NODE_15_length_1150785_cov_139.851166
		Alignment: 956163 957333 | 266212 265042 | 1171 1171 | 98.29 | NC_017452.1_Haemophilus_influenzae_R2846__complete_genome NODE_15_length_1150785_cov_139.851166
		Alignment: 940112 940678 | 271220 270653 | 567 568 | 95.42 | NC_017452.1_Haemophilus_influenzae_R2846__complete_genome NODE_15_length_1150785_cov_139.851166
		Alignment: 927451 928834 | 282768 281387 | 1384 1382 | 96.03 | NC_017452.1_Haemophilus_influenzae_R2846__complete_genome NODE_15_length_1150785_cov_139.851166
		Alignment: 921356 927453 | 289236 283159 | 6098 6078 | 98.53 | NC_017452.1_Haemophilus_influenzae_R2846__complete_genome NODE_15_length_1150785_cov_139.851166
		Alignment: 893856 912194 | 317031 298682 | 18339 18350 | 97.39 | NC_017452.1_Haemophilus_influenzae_R2846__complete_genome NODE_15_length_1150785_cov_139.851166
		Alignment: 957343 964240 | 317549 324436 | 6898 6888 | 97.23 | NC_017452.1_Haemophilus_influenzae_R2846__complete_genome NODE_15_length_1150785_cov_139.851166
		Alignment: 964241 965822 | 324719 326300 | 1582 1582 | 95.76 | NC_017452.1_Haemophilus_influenzae_R2846__complete_genome NODE_15_length_1150785_cov_139.851166
		Alignment: 1000761 1009286 | 326304 334829 | 8526 8526 | 96.21 | NC_017452.1_Haemophilus_influenzae_R2846__complete_genome NODE_15_length_1150785_cov_139.851166
		Alignment: 1019049 1030798 | 337661 349410 | 11750 11750 | 95.26 | NC_017452.1_Haemophilus_influenzae_R2846__complete_genome NODE_15_length_1150785_cov_139.851166
		Alignment: 1046407 1061978 | 355588 371154 | 15572 15567 | 95.82 | NC_017452.1_Haemophilus_influenzae_R2846__complete_genome NODE_15_length_1150785_cov_139.851166
		Alignment: 842417 842842 | 397986 397562 | 426 425 | 97.42 | NC_017452.1_Haemophilus_influenzae_R2846__complete_genome NODE_15_length_1150785_cov_139.851166
		Alignment: 1091816 1092067 | 400110 399859 | 252 252 | 98.41 | NC_017452.1_Haemophilus_influenzae_R2846__complete_genome NODE_15_length_1150785_cov_139.851166
		Alignment: 834949 841538 | 442759 436169 | 6590 6591 | 96.09 | NC_017452.1_Haemophilus_influenzae_R2846__complete_genome NODE_15_length_1150785_cov_139.851166
		Alignment: 810286 810500 | 465595 465810 | 215 216 | 96.76 | NC_017452.1_Haemophilus_influenzae_R2846__complete_genome NODE_15_length_1150785_cov_139.851166
		Alignment: 774912 788940 | 501711 487645 | 14029 14067 | 96.13 | NC_017452.1_Haemophilus_influenzae_R2846__complete_genome NODE_15_length_1150785_cov_139.851166
		Alignment: 773063 774613 | 503244 501710 | 1551 1535 | 97.29 | NC_017452.1_Haemophilus_influenzae_R2846__complete_genome NODE_15_length_1150785_cov_139.851166
		Alignment: 1180897 1183781 | 503410 506283 | 2885 2874 | 95.88 | NC_017452.1_Haemophilus_influenzae_R2846__complete_genome NODE_15_length_1150785_cov_139.851166
		Alignment: 1184056 1191185 | 506495 513647 | 7130 7153 | 95.27 | NC_017452.1_Haemophilus_influenzae_R2846__complete_genome NODE_15_length_1150785_cov_139.851166
		Alignment: 546256 547293 | 536442 535403 | 1038 1040 | 95.49 | NC_017452.1_Haemophilus_influenzae_R2846__complete_genome NODE_15_length_1150785_cov_139.851166
		Alignment: 533607 533884 | 540565 540288 | 278 278 | 96.04 | NC_017452.1_Haemophilus_influenzae_R2846__complete_genome NODE_15_length_1150785_cov_139.851166
		Alignment: 437682 458902 | 542929 564146 | 21221 21218 | 96.64 | NC_017452.1_Haemophilus_influenzae_R2846__complete_genome NODE_15_length_1150785_cov_139.851166
		Alignment: 568709 573471 | 568961 564198 | 4763 4764 | 96.1 | NC_017452.1_Haemophilus_influenzae_R2846__complete_genome NODE_15_length_1150785_cov_139.851166
		Alignment: 556912 568172 | 580737 569460 | 11261 11278 | 95.07 | NC_017452.1_Haemophilus_influenzae_R2846__complete_genome NODE_15_length_1150785_cov_139.851166
		Alignment: 555738 556884 | 584779 583633 | 1147 1147 | 96.43 | NC_017452.1_Haemophilus_influenzae_R2846__complete_genome NODE_15_length_1150785_cov_139.851166
		Alignment: 1633701 1633769 | 586600 586668 | 69 69 | 100.0 | NC_017452.1_Haemophilus_influenzae_R2846__complete_genome NODE_15_length_1150785_cov_139.851166
		Alignment: 467829 496740 | 617976 588980 | 28912 28997 | 96.68 | NC_017452.1_Haemophilus_influenzae_R2846__complete_genome NODE_15_length_1150785_cov_139.851166
		Alignment: 459083 467775 | 627425 618740 | 8693 8686 | 96.28 | NC_017452.1_Haemophilus_influenzae_R2846__complete_genome NODE_15_length_1150785_cov_139.851166
		Alignment: 1276237 1291785 | 627415 642963 | 15549 15549 | 99.86 | NC_017452.1_Haemophilus_influenzae_R2846__complete_genome NODE_15_length_1150785_cov_139.851166
		Alignment: 1291619 1317296 | 646788 672456 | 25678 25669 | 98.7 | NC_017452.1_Haemophilus_influenzae_R2846__complete_genome NODE_15_length_1150785_cov_139.851166
		Alignment: 1326835 1340813 | 682031 696020 | 13979 13990 | 95.58 | NC_017452.1_Haemophilus_influenzae_R2846__complete_genome NODE_15_length_1150785_cov_139.851166
		Alignment: 1090858 1091370 | 709578 709066 | 513 513 | 97.47 | NC_017452.1_Haemophilus_influenzae_R2846__complete_genome NODE_15_length_1150785_cov_139.851166
		Alignment: 1349360 1357036 | 750968 758660 | 7677 7693 | 97.28 | NC_017452.1_Haemophilus_influenzae_R2846__complete_genome NODE_15_length_1150785_cov_139.851166
		Alignment: 1359923 1380342 | 762041 782454 | 20420 20414 | 96.83 | NC_017452.1_Haemophilus_influenzae_R2846__complete_genome NODE_15_length_1150785_cov_139.851166
		Alignment: 1380448 1384780 | 782961 787306 | 4333 4346 | 97.05 | NC_017452.1_Haemophilus_influenzae_R2846__complete_genome NODE_15_length_1150785_cov_139.851166
		Alignment: 1397803 1414425 | 799521 816142 | 16623 16622 | 96.9 | NC_017452.1_Haemophilus_influenzae_R2846__complete_genome NODE_15_length_1150785_cov_139.851166
		Alignment: 1414461 1435718 | 818582 839827 | 21258 21246 | 96.87 | NC_017452.1_Haemophilus_influenzae_R2846__complete_genome NODE_15_length_1150785_cov_139.851166
		Alignment: 1563676 1564871 | 901245 902440 | 1196 1196 | 97.07 | NC_017452.1_Haemophilus_influenzae_R2846__complete_genome NODE_15_length_1150785_cov_139.851166
		Alignment: 1583143 1612086 | 921916 950833 | 28944 28918 | 96.55 | NC_017452.1_Haemophilus_influenzae_R2846__complete_genome NODE_15_length_1150785_cov_139.851166
		Alignment: 1613251 1618383 | 950936 956069 | 5133 5134 | 98.66 | NC_017452.1_Haemophilus_influenzae_R2846__complete_genome NODE_15_length_1150785_cov_139.851166
		Alignment: 1626404 1632719 | 982419 988731 | 6316 6313 | 95.65 | NC_017452.1_Haemophilus_influenzae_R2846__complete_genome NODE_15_length_1150785_cov_139.851166
		Alignment: 1714096 1716124 | 1001853 999826 | 2029 2028 | 96.35 | NC_017452.1_Haemophilus_influenzae_R2846__complete_genome NODE_15_length_1150785_cov_139.851166
		Alignment: 1722523 1726750 | 1012063 1007826 | 4228 4238 | 97.26 | NC_017452.1_Haemophilus_influenzae_R2846__complete_genome NODE_15_length_1150785_cov_139.851166
		Alignment: 1712021 1714000 | 1014049 1012082 | 1980 1968 | 95.56 | NC_017452.1_Haemophilus_influenzae_R2846__complete_genome NODE_15_length_1150785_cov_139.851166
		Alignment: 1682870 1694053 | 1049333 1038114 | 11184 11220 | 96.85 | NC_017452.1_Haemophilus_influenzae_R2846__complete_genome NODE_15_length_1150785_cov_139.851166
		Alignment: 52042 90859 | 1092081 1053195 | 38818 38887 | 95.38 | NC_017452.1_Haemophilus_influenzae_R2846__complete_genome NODE_15_length_1150785_cov_139.851166
		Alignment: 46597 52031 | 1097662 1092226 | 5435 5437 | 95.46 | NC_017452.1_Haemophilus_influenzae_R2846__complete_genome NODE_15_length_1150785_cov_139.851166
		Alignment: 1740435 1742666 | 1109233 1111456 | 2232 2224 | 96.28 | NC_017452.1_Haemophilus_influenzae_R2846__complete_genome NODE_15_length_1150785_cov_139.851166
		Alignment: 1742667 1745261 | 1111656 1114253 | 2595 2598 | 96.31 | NC_017452.1_Haemophilus_influenzae_R2846__complete_genome NODE_15_length_1150785_cov_139.851166
		Alignment: 1089819 1089950 | 1118131 1118262 | 132 132 | 97.73 | NC_017452.1_Haemophilus_influenzae_R2846__complete_genome NODE_15_length_1150785_cov_139.851166
		Alignment: 1809378 1809739 | 1118308 1118667 | 362 360 | 95.87 | NC_017452.1_Haemophilus_influenzae_R2846__complete_genome NODE_15_length_1150785_cov_139.851166
		Alignment: 1754526 1759052 | 1122029 1126533 | 4527 4505 | 95.01 | NC_017452.1_Haemophilus_influenzae_R2846__complete_genome NODE_15_length_1150785_cov_139.851166
		Alignment: 1770361 1782428 | 1138469 1150533 | 12068 12065 | 95.26 | NC_017452.1_Haemophilus_influenzae_R2846__complete_genome NODE_15_length_1150785_cov_139.851166
		Unaligned bases: 605184
		This contig has both significant aligned and unaligned parts (of length >= min-contig)!
CONTIG: NODE_16_length_1163_cov_286.803101 (1289bp)
Top Length: 1276  Top ID: 96.94
			Skipping redundant alignments after choosing the best set of alignments
		Skipping redundant alignment 1783245 1784520 | 14 1289 | 1276 1276 | 96.94 | NC_017452.1_Haemophilus_influenzae_R2846__complete_genome NODE_16_length_1163_cov_286.803101
		This contig is partially unaligned. (Aligned 1276 out of 1289 bases)
		Alignment: 5324 6600 | 1289 14 | 1277 1276 | 96.79 | NC_017452.1_Haemophilus_influenzae_R2846__complete_genome NODE_16_length_1163_cov_286.803101
		Unaligned bases: 1 to 13 (13)

CONTIG: NODE_17_length_551_cov_403.508179 (677bp)
Top Length: 128  Top ID: 96.88
			Skipping redundant alignments after choosing the best set of alignments
		Skipping redundant alignment 406945 407070 | 677 552 | 126 126 | 98.41 | NC_017452.1_Haemophilus_influenzae_R2846__complete_genome NODE_17_length_551_cov_403.508179
		Skipping redundant alignment 407252 407379 | 128 1 | 128 128 | 96.88 | NC_017452.1_Haemophilus_influenzae_R2846__complete_genome NODE_17_length_551_cov_403.508179
		Skipping redundant alignment 1799127 1799254 | 1 128 | 128 128 | 96.88 | NC_017452.1_Haemophilus_influenzae_R2846__complete_genome NODE_17_length_551_cov_403.508179
		Skipping redundant alignment 1799436 1799561 | 552 677 | 126 126 | 98.41 | NC_017452.1_Haemophilus_influenzae_R2846__complete_genome NODE_17_length_551_cov_403.508179
		This contig is misassembled. 6 total aligns.
			Warning! This contig is more unaligned than misassembled. Contig length is 677 and total length of all aligns is 254
		Alignment: 373988 374115 | 128 1 | 128 128 | 96.88 | NC_017452.1_Haemophilus_influenzae_R2846__complete_genome NODE_17_length_551_cov_403.508179
		Alignment: 373681 373806 | 677 552 | 126 126 | 98.41 | NC_017452.1_Haemophilus_influenzae_R2846__complete_genome NODE_17_length_551_cov_403.508179
		Unaligned bases: 423
Analyzing coverage...
Writing SNPs into /data/projects/Assembly/Aroon/reports/GCF_000165575.1_ASM16557v1_genomic/contigs_reports/nucmer_output/M10540_contigs.used_snps
	Reference NC_017452.1_Haemophilus_influenzae_R2846__complete_genome: 126 total alignments. 1 total regions.
		Region: 1 to 1819370 (1819370 bp)
			Align 1: 1 5449 NODE_3_length_25597_cov_176.608231 5467 1
				The next alignment (5323 5449 NODE_6_length_10068_cov_175.156143 10068 10194) is redundant. Skipping.
				Negative gap (overlap) between this and next alignment: 5449 to 5324 (-125 bp)
				Next Alignment: 5324 6600 NODE_16_length_1163_cov_286.803101 1289 14

			Previous gap was negative, modifying coordinates to ignore overlap
				Moving contig start from 1289 to 1163.
			Align 3: 5450 6600 NODE_16_length_1163_cov_286.803101 1163 14
				Gap between this and next alignment: 6600 to 10343 (3742 bp)
				Next Alignment: 10343 26884 NODE_2_length_39119_cov_167.875656 3222 19767

			Align 4: 10343 26884 NODE_2_length_39119_cov_167.875656 3222 19767
				Gap between this and next alignment: 26884 to 31586 (4701 bp)
				Next Alignment: 31586 31684 NODE_1_length_311333_cov_153.831482 103186 103284

			Align 5: 31586 31684 NODE_1_length_311333_cov_153.831482 103186 103284
				Negative gap (overlap) between this and next alignment: 31684 to 31628 (-56 bp)
				Next Alignment: 31628 33286 NODE_2_length_39119_cov_167.875656 23490 25149

			Previous gap was negative, modifying coordinates to ignore overlap
				Moving contig start from 23490 to 23547.
			Align 6: 31685 33286 NODE_2_length_39119_cov_167.875656 23547 25149
				Gap between this and next alignment: 33286 to 35158 (1871 bp)
				Next Alignment: 35158 37138 NODE_2_length_39119_cov_167.875656 27205 29181

			Align 7: 35158 37138 NODE_2_length_39119_cov_167.875656 27205 29181
				Gap between this and next alignment: 37138 to 46597 (9458 bp)
				Next Alignment: 46597 52031 NODE_15_length_1150785_cov_139.851166 1097662 1092226

			Align 8: 46597 52031 NODE_15_length_1150785_cov_139.851166 1097662 1092226
				Gap between this and next alignment: 52031 to 52042 (10 bp)
				Next Alignment: 52042 90859 NODE_15_length_1150785_cov_139.851166 1092081 1053195

			Align 9: 52042 90859 NODE_15_length_1150785_cov_139.851166 1092081 1053195
				Gap between this and next alignment: 90859 to 95917 (5057 bp)
				Next Alignment: 95917 103825 NODE_1_length_311333_cov_153.831482 28747 36656

			Align 10: 95917 103825 NODE_1_length_311333_cov_153.831482 28747 36656
				Gap between this and next alignment: 103825 to 145175 (41349 bp)
				Next Alignment: 145175 155982 NODE_1_length_311333_cov_153.831482 132848 122046

			Align 11: 145175 155982 NODE_1_length_311333_cov_153.831482 132848 122046
				Gap between this and next alignment: 155982 to 187262 (31279 bp)
				Next Alignment: 187262 213403 NODE_1_length_311333_cov_153.831482 253795 279922

			Align 12: 187262 213403 NODE_1_length_311333_cov_153.831482 253795 279922
				Gap between this and next alignment: 213403 to 213527 (123 bp)
				Next Alignment: 213527 217182 NODE_1_length_311333_cov_153.831482 280042 283697

			Align 13: 213527 217182 NODE_1_length_311333_cov_153.831482 280042 283697
				Gap between this and next alignment: 217182 to 217275 (92 bp)
				Next Alignment: 217275 220509 NODE_1_length_311333_cov_153.831482 55051 58286

			Align 14: 217275 220509 NODE_1_length_311333_cov_153.831482 55051 58286
				Gap between this and next alignment: 220509 to 221845 (1335 bp)
				Next Alignment: 221845 232056 NODE_1_length_311333_cov_153.831482 82058 71870

			Align 15: 221845 232056 NODE_1_length_311333_cov_153.831482 82058 71870
				Negative gap (overlap) between this and next alignment: 232056 to 232056 (0 bp)
				Next Alignment: 232056 239862 NODE_1_length_311333_cov_153.831482 71686 63880

			Previous gap was negative, modifying coordinates to ignore overlap
				Moving contig start from 71686 to 71685.
			Align 16: 232057 239862 NODE_1_length_311333_cov_153.831482 71685 63880
				Gap between this and next alignment: 239862 to 245283 (5420 bp)
				Next Alignment: 245283 248347 NODE_1_length_311333_cov_153.831482 63879 60816

			Align 17: 245283 248347 NODE_1_length_311333_cov_153.831482 63879 60816
				Gap between this and next alignment: 248347 to 250908 (2560 bp)
				Next Alignment: 250908 278651 NODE_1_length_311333_cov_153.831482 230470 202726

			Align 18: 250908 278651 NODE_1_length_311333_cov_153.831482 230470 202726
				The next alignment (251002 251100 NODE_4_length_186812_cov_140.254013 130615 130713) is redundant. Skipping.
				Gap between this and next alignment: 278651 to 279128 (476 bp)
				Next Alignment: 279128 319321 NODE_1_length_311333_cov_153.831482 202582 162415

			Align 20: 279128 319321 NODE_1_length_311333_cov_153.831482 202582 162415
				Gap between this and next alignment: 319321 to 337274 (17952 bp)
				Next Alignment: 337274 343284 NODE_1_length_311333_cov_153.831482 157479 151467

			Align 21: 337274 343284 NODE_1_length_311333_cov_153.831482 157479 151467
				Gap between this and next alignment: 343284 to 344459 (1174 bp)
				Next Alignment: 344459 349382 NODE_1_length_311333_cov_153.831482 150205 145239

			Align 22: 344459 349382 NODE_1_length_311333_cov_153.831482 150205 145239
				Gap between this and next alignment: 349382 to 349409 (26 bp)
				Next Alignment: 349409 358651 NODE_1_length_311333_cov_153.831482 121089 111845

			Align 23: 349409 358651 NODE_1_length_311333_cov_153.831482 121089 111845
				Gap between this and next alignment: 358651 to 358736 (84 bp)
				Next Alignment: 358736 362035 NODE_1_length_311333_cov_153.831482 111713 108414

			Align 24: 358736 362035 NODE_1_length_311333_cov_153.831482 111713 108414
				Gap between this and next alignment: 362035 to 363378 (1342 bp)
				Next Alignment: 363378 372026 NODE_7_length_50836_cov_155.284012 8649 4

			Align 25: 363378 372026 NODE_7_length_50836_cov_155.284012 8649 4
				Gap between this and next alignment: 372026 to 373681 (1654 bp)
				Next Alignment: 373681 373806 NODE_17_length_551_cov_403.508179 677 552

			Align 26: 373681 373806 NODE_17_length_551_cov_403.508179 677 552
				Gap between this and next alignment: 373806 to 373988 (181 bp)
				Next Alignment: 373988 374115 NODE_17_length_551_cov_403.508179 128 1

			Align 27: 373988 374115 NODE_17_length_551_cov_403.508179 128 1
				Negative gap (overlap) between this and next alignment: 374115 to 373990 (-125 bp)
				Next Alignment: 373990 374773 NODE_9_length_3328_cov_573.854553 3454 2671

			Previous gap was negative, modifying coordinates to ignore overlap
				Moving contig start from 3454 to 3328.
			Align 28: 374116 374773 NODE_9_length_3328_cov_573.854553 3328 2671
				Gap between this and next alignment: 374773 to 374882 (108 bp)
				Next Alignment: 374882 375503 NODE_9_length_3328_cov_573.854553 2666 2045

			Align 29: 374882 375503 NODE_9_length_3328_cov_573.854553 2666 2045
				Gap between this and next alignment: 375503 to 375622 (118 bp)
				Next Alignment: 375622 377380 NODE_9_length_3328_cov_573.854553 2039 280

			Align 30: 375622 377380 NODE_9_length_3328_cov_573.854553 2039 280
				Gap between this and next alignment: 377380 to 377473 (92 bp)
				Next Alignment: 377473 377606 NODE_9_length_3328_cov_573.854553 134 1

			Align 31: 377473 377606 NODE_9_length_3328_cov_573.854553 134 1
				Negative gap (overlap) between this and next alignment: 377606 to 377481 (-125 bp)
				Next Alignment: 377481 385979 NODE_5_length_26946_cov_145.931458 27072 18575

			Previous gap was negative, modifying coordinates to ignore overlap
				Moving contig start from 27072 to 26946.
			Align 32: 377607 385979 NODE_5_length_26946_cov_145.931458 26946 18575
				The next alignment (377777 377861 NODE_1_length_311333_cov_153.831482 286785 286869) is redundant. Skipping.
				The next alignment (377781 377861 NODE_1_length_311333_cov_153.831482 286889 286969) is redundant. Skipping.
				Gap between this and next alignment: 385979 to 386773 (793 bp)
				Next Alignment: 386773 405301 NODE_5_length_26946_cov_145.931458 18546 3

			Align 35: 386773 405301 NODE_5_length_26946_cov_145.931458 18546 3
				The next alignment (389473 389552 NODE_1_length_311333_cov_153.831482 311252 311331) is redundant. Skipping.
				Negative gap (overlap) between this and next alignment: 405301 to 405190 (-111 bp)
				Next Alignment: 405190 405681 NODE_4_length_186812_cov_140.254013 491 1

			Previous gap was negative, modifying coordinates to ignore overlap
				Moving contig start from 491 to 380.
			Align 37: 405302 405681 NODE_4_length_186812_cov_140.254013 380 1
				Gap between this and next alignment: 405681 to 429938 (24256 bp)
				Next Alignment: 429938 437618 NODE_7_length_50836_cov_155.284012 34803 42476

			Align 38: 429938 437618 NODE_7_length_50836_cov_155.284012 34803 42476
				Gap between this and next alignment: 437618 to 437682 (63 bp)
				Next Alignment: 437682 458902 NODE_15_length_1150785_cov_139.851166 542929 564146

			Align 39: 437682 458902 NODE_15_length_1150785_cov_139.851166 542929 564146
				Gap between this and next alignment: 458902 to 459083 (180 bp)
				Next Alignment: 459083 467775 NODE_15_length_1150785_cov_139.851166 627425 618740

			Align 40: 459083 467775 NODE_15_length_1150785_cov_139.851166 627425 618740
				Gap between this and next alignment: 467775 to 467829 (53 bp)
				Next Alignment: 467829 496740 NODE_15_length_1150785_cov_139.851166 617976 588980

			Align 41: 467829 496740 NODE_15_length_1150785_cov_139.851166 617976 588980
				Gap between this and next alignment: 496740 to 521563 (24822 bp)
				Next Alignment: 521563 523077 NODE_8_length_1388_cov_514.852295 1514 1

			Align 42: 521563 523077 NODE_8_length_1388_cov_514.852295 1514 1
				Gap between this and next alignment: 523077 to 533607 (10529 bp)
				Next Alignment: 533607 533884 NODE_15_length_1150785_cov_139.851166 540565 540288

			Align 43: 533607 533884 NODE_15_length_1150785_cov_139.851166 540565 540288
				Gap between this and next alignment: 533884 to 546256 (12371 bp)
				Next Alignment: 546256 547293 NODE_15_length_1150785_cov_139.851166 536442 535403

			Align 44: 546256 547293 NODE_15_length_1150785_cov_139.851166 536442 535403
				Gap between this and next alignment: 547293 to 547303 (9 bp)
				Next Alignment: 547303 555554 NODE_4_length_186812_cov_140.254013 30574 38826

			Align 45: 547303 555554 NODE_4_length_186812_cov_140.254013 30574 38826
				Gap between this and next alignment: 555554 to 555738 (183 bp)
				Next Alignment: 555738 556884 NODE_15_length_1150785_cov_139.851166 584779 583633

			Align 46: 555738 556884 NODE_15_length_1150785_cov_139.851166 584779 583633
				Gap between this and next alignment: 556884 to 556912 (27 bp)
				Next Alignment: 556912 568172 NODE_15_length_1150785_cov_139.851166 580737 569460

			Align 47: 556912 568172 NODE_15_length_1150785_cov_139.851166 580737 569460
				The next alignment (564842 565101 NODE_1_length_311333_cov_153.831482 299330 299590) is redundant. Skipping.
				Gap between this and next alignment: 568172 to 568709 (536 bp)
				Next Alignment: 568709 573471 NODE_15_length_1150785_cov_139.851166 568961 564198

			Align 49: 568709 573471 NODE_15_length_1150785_cov_139.851166 568961 564198
				Gap between this and next alignment: 573471 to 596691 (23219 bp)
				Next Alignment: 596691 600704 NODE_4_length_186812_cov_140.254013 145793 141787

			Align 50: 596691 600704 NODE_4_length_186812_cov_140.254013 145793 141787
				Gap between this and next alignment: 600704 to 605372 (4667 bp)
				Next Alignment: 605372 607169 NODE_4_length_186812_cov_140.254013 135666 133869

			Align 51: 605372 607169 NODE_4_length_186812_cov_140.254013 135666 133869
				Gap between this and next alignment: 607169 to 628009 (20839 bp)
				Next Alignment: 628009 651630 NODE_4_length_186812_cov_140.254013 111448 87875

			Align 52: 628009 651630 NODE_4_length_186812_cov_140.254013 111448 87875
				Gap between this and next alignment: 651630 to 651775 (144 bp)
				Next Alignment: 651775 657414 NODE_4_length_186812_cov_140.254013 12983 7344

			Align 53: 651775 657414 NODE_4_length_186812_cov_140.254013 12983 7344
				Gap between this and next alignment: 657414 to 663931 (6516 bp)
				Next Alignment: 663931 664149 NODE_3_length_25597_cov_176.608231 25505 25722

			Align 54: 663931 664149 NODE_3_length_25597_cov_176.608231 25505 25722
				Negative gap (overlap) between this and next alignment: 664149 to 664038 (-111 bp)
				Next Alignment: 664038 664163 NODE_1_length_311333_cov_153.831482 311334 311459

			Previous gap was negative, modifying coordinates to ignore overlap
				Moving contig start from 311334 to 311446.
			Align 55: 664150 664163 NODE_1_length_311333_cov_153.831482 311446 311459
				Gap between this and next alignment: 664163 to 669847 (5683 bp)
				Next Alignment: 669847 669948 NODE_15_length_1150785_cov_139.851166 1 101

			Align 56: 669847 669948 NODE_15_length_1150785_cov_139.851166 1 101
				Gap between this and next alignment: 669948 to 670023 (74 bp)
				Next Alignment: 670023 674140 NODE_15_length_1150785_cov_139.851166 1224 5326

			Align 57: 670023 674140 NODE_15_length_1150785_cov_139.851166 1224 5326
				Gap between this and next alignment: 674140 to 689041 (14900 bp)
				Next Alignment: 689041 695027 NODE_15_length_1150785_cov_139.851166 30046 36028

			Align 58: 689041 695027 NODE_15_length_1150785_cov_139.851166 30046 36028
				The next alignment (690301 690381 NODE_1_length_311333_cov_153.831482 299591 299670) is redundant. Skipping.
				Gap between this and next alignment: 695027 to 695189 (161 bp)
				Next Alignment: 695189 706544 NODE_15_length_1150785_cov_139.851166 36027 47377

			Align 60: 695189 706544 NODE_15_length_1150785_cov_139.851166 36027 47377
				Gap between this and next alignment: 706544 to 721640 (15095 bp)
				Next Alignment: 721640 729198 NODE_15_length_1150785_cov_139.851166 62605 70163

			Align 61: 721640 729198 NODE_15_length_1150785_cov_139.851166 62605 70163
				Gap between this and next alignment: 729198 to 738397 (9198 bp)
				Next Alignment: 738397 754585 NODE_15_length_1150785_cov_139.851166 70166 86331

			Align 62: 738397 754585 NODE_15_length_1150785_cov_139.851166 70166 86331
				Gap between this and next alignment: 754585 to 773063 (18477 bp)
				Next Alignment: 773063 774613 NODE_15_length_1150785_cov_139.851166 503244 501710

			Align 63: 773063 774613 NODE_15_length_1150785_cov_139.851166 503244 501710
				Gap between this and next alignment: 774613 to 774912 (298 bp)
				Next Alignment: 774912 788940 NODE_15_length_1150785_cov_139.851166 501711 487645

			Align 64: 774912 788940 NODE_15_length_1150785_cov_139.851166 501711 487645
				Gap between this and next alignment: 788940 to 810286 (21345 bp)
				Next Alignment: 810286 810500 NODE_15_length_1150785_cov_139.851166 465595 465810

			Align 65: 810286 810500 NODE_15_length_1150785_cov_139.851166 465595 465810
				Gap between this and next alignment: 810500 to 834949 (24448 bp)
				Next Alignment: 834949 841538 NODE_15_length_1150785_cov_139.851166 442759 436169

			Align 66: 834949 841538 NODE_15_length_1150785_cov_139.851166 442759 436169
				Gap between this and next alignment: 841538 to 842417 (878 bp)
				Next Alignment: 842417 842842 NODE_15_length_1150785_cov_139.851166 397986 397562

			Align 67: 842417 842842 NODE_15_length_1150785_cov_139.851166 397986 397562
				Gap between this and next alignment: 842842 to 893856 (51013 bp)
				Next Alignment: 893856 912194 NODE_15_length_1150785_cov_139.851166 317031 298682

			Align 68: 893856 912194 NODE_15_length_1150785_cov_139.851166 317031 298682
				Gap between this and next alignment: 912194 to 921356 (9161 bp)
				Next Alignment: 921356 927453 NODE_15_length_1150785_cov_139.851166 289236 283159

			Align 69: 921356 927453 NODE_15_length_1150785_cov_139.851166 289236 283159
				Negative gap (overlap) between this and next alignment: 927453 to 927451 (-2 bp)
				Next Alignment: 927451 928834 NODE_15_length_1150785_cov_139.851166 282768 281387

			Previous gap was negative, modifying coordinates to ignore overlap
				Moving contig start from 282768 to 282765.
			Align 70: 927454 928834 NODE_15_length_1150785_cov_139.851166 282765 281387
				Gap between this and next alignment: 928834 to 940112 (11277 bp)
				Next Alignment: 940112 940678 NODE_15_length_1150785_cov_139.851166 271220 270653

			Align 71: 940112 940678 NODE_15_length_1150785_cov_139.851166 271220 270653
				Gap between this and next alignment: 940678 to 956163 (15484 bp)
				Next Alignment: 956163 957333 NODE_15_length_1150785_cov_139.851166 266212 265042

			Align 72: 956163 957333 NODE_15_length_1150785_cov_139.851166 266212 265042
				Gap between this and next alignment: 957333 to 957343 (9 bp)
				Next Alignment: 957343 964240 NODE_15_length_1150785_cov_139.851166 317549 324436

			Align 73: 957343 964240 NODE_15_length_1150785_cov_139.851166 317549 324436
				Next Alignment: 964241 965822 NODE_15_length_1150785_cov_139.851166 324719 326300

			Align 74: 964241 965822 NODE_15_length_1150785_cov_139.851166 324719 326300
				Gap between this and next alignment: 965822 to 965899 (76 bp)
				Next Alignment: 965899 980055 NODE_15_length_1150785_cov_139.851166 228459 214298

			Align 75: 965899 980055 NODE_15_length_1150785_cov_139.851166 228459 214298
				Negative gap (overlap) between this and next alignment: 980055 to 980046 (-9 bp)
				Next Alignment: 980046 982519 NODE_15_length_1150785_cov_139.851166 213263 210793

			Previous gap was negative, modifying coordinates to ignore overlap
				Moving contig start from 213263 to 213254.
			Align 76: 980056 982519 NODE_15_length_1150785_cov_139.851166 213254 210793
				Gap between this and next alignment: 982519 to 983591 (1071 bp)
				Next Alignment: 983591 984424 NODE_15_length_1150785_cov_139.851166 209005 208173

			Align 77: 983591 984424 NODE_15_length_1150785_cov_139.851166 209005 208173
				Gap between this and next alignment: 984424 to 984866 (441 bp)
				Next Alignment: 984866 984961 NODE_15_length_1150785_cov_139.851166 86431 86336

			Align 78: 984866 984961 NODE_15_length_1150785_cov_139.851166 86431 86336
				Gap between this and next alignment: 984961 to 996098 (11136 bp)
				Next Alignment: 996098 1000702 NODE_15_length_1150785_cov_139.851166 233076 228475

			Align 79: 996098 1000702 NODE_15_length_1150785_cov_139.851166 233076 228475
				Gap between this and next alignment: 1000702 to 1000761 (58 bp)
				Next Alignment: 1000761 1009286 NODE_15_length_1150785_cov_139.851166 326304 334829

			Align 80: 1000761 1009286 NODE_15_length_1150785_cov_139.851166 326304 334829
				Gap between this and next alignment: 1009286 to 1019049 (9762 bp)
				Next Alignment: 1019049 1030798 NODE_15_length_1150785_cov_139.851166 337661 349410

			Align 81: 1019049 1030798 NODE_15_length_1150785_cov_139.851166 337661 349410
				Gap between this and next alignment: 1030798 to 1031471 (672 bp)
				Next Alignment: 1031471 1031806 NODE_15_length_1150785_cov_139.851166 194051 193716

			Align 82: 1031471 1031806 NODE_15_length_1150785_cov_139.851166 194051 193716
				Gap between this and next alignment: 1031806 to 1046407 (14600 bp)
				Next Alignment: 1046407 1061978 NODE_15_length_1150785_cov_139.851166 355588 371154

			Align 83: 1046407 1061978 NODE_15_length_1150785_cov_139.851166 355588 371154
				Gap between this and next alignment: 1061978 to 1089819 (27840 bp)
				Next Alignment: 1089819 1089950 NODE_15_length_1150785_cov_139.851166 1118131 1118262

			Align 84: 1089819 1089950 NODE_15_length_1150785_cov_139.851166 1118131 1118262
				Gap between this and next alignment: 1089950 to 1090858 (907 bp)
				Next Alignment: 1090858 1091370 NODE_15_length_1150785_cov_139.851166 709578 709066

			Align 85: 1090858 1091370 NODE_15_length_1150785_cov_139.851166 709578 709066
				Gap between this and next alignment: 1091370 to 1091816 (445 bp)
				Next Alignment: 1091816 1092067 NODE_15_length_1150785_cov_139.851166 400110 399859

			Align 86: 1091816 1092067 NODE_15_length_1150785_cov_139.851166 400110 399859
				Gap between this and next alignment: 1092067 to 1113852 (21784 bp)
				Next Alignment: 1113852 1122003 NODE_15_length_1150785_cov_139.851166 159658 151526

			Align 87: 1113852 1122003 NODE_15_length_1150785_cov_139.851166 159658 151526
				Gap between this and next alignment: 1122003 to 1133102 (11098 bp)
				Next Alignment: 1133102 1149548 NODE_15_length_1150785_cov_139.851166 151491 135055

			Align 88: 1133102 1149548 NODE_15_length_1150785_cov_139.851166 151491 135055
				Gap between this and next alignment: 1149548 to 1159937 (10388 bp)
				Next Alignment: 1159937 1160833 NODE_15_length_1150785_cov_139.851166 121169 120275

			Align 89: 1159937 1160833 NODE_15_length_1150785_cov_139.851166 121169 120275
				Negative gap (overlap) between this and next alignment: 1160833 to 1160827 (-6 bp)
				Next Alignment: 1160827 1167550 NODE_15_length_1150785_cov_139.851166 119294 112572

			Previous gap was negative, modifying coordinates to ignore overlap
				Moving contig start from 119294 to 119287.
			Align 90: 1160834 1167550 NODE_15_length_1150785_cov_139.851166 119287 112572
				Gap between this and next alignment: 1167550 to 1170605 (3054 bp)
				Next Alignment: 1170605 1180717 NODE_15_length_1150785_cov_139.851166 112591 102498

			Align 91: 1170605 1180717 NODE_15_length_1150785_cov_139.851166 112591 102498
				Gap between this and next alignment: 1180717 to 1180897 (179 bp)
				Next Alignment: 1180897 1183781 NODE_15_length_1150785_cov_139.851166 503410 506283

			Align 92: 1180897 1183781 NODE_15_length_1150785_cov_139.851166 503410 506283
				Gap between this and next alignment: 1183781 to 1184056 (274 bp)
				Next Alignment: 1184056 1191185 NODE_15_length_1150785_cov_139.851166 506495 513647

			Align 93: 1184056 1191185 NODE_15_length_1150785_cov_139.851166 506495 513647
				Gap between this and next alignment: 1191185 to 1214402 (23216 bp)
				Next Alignment: 1214402 1225263 NODE_4_length_186812_cov_140.254013 29238 18379

			Align 94: 1214402 1225263 NODE_4_length_186812_cov_140.254013 29238 18379
				Gap between this and next alignment: 1225263 to 1225649 (385 bp)
				Next Alignment: 1225649 1228349 NODE_4_length_186812_cov_140.254013 15999 13303

			Align 95: 1225649 1228349 NODE_4_length_186812_cov_140.254013 15999 13303
				Gap between this and next alignment: 1228349 to 1238479 (10129 bp)
				Next Alignment: 1238479 1248464 NODE_4_length_186812_cov_140.254013 50841 60828

			Align 96: 1238479 1248464 NODE_4_length_186812_cov_140.254013 50841 60828
				Gap between this and next alignment: 1248464 to 1248629 (164 bp)
				Next Alignment: 1248629 1275729 NODE_4_length_186812_cov_140.254013 60829 87874

			Align 97: 1248629 1275729 NODE_4_length_186812_cov_140.254013 60829 87874
				Gap between this and next alignment: 1275729 to 1276237 (507 bp)
				Next Alignment: 1276237 1291785 NODE_15_length_1150785_cov_139.851166 627415 642963

			Align 98: 1276237 1291785 NODE_15_length_1150785_cov_139.851166 627415 642963
				Negative gap (overlap) between this and next alignment: 1291785 to 1291619 (-166 bp)
				Next Alignment: 1291619 1317296 NODE_15_length_1150785_cov_139.851166 646788 672456

			Previous gap was negative, modifying coordinates to ignore overlap
				Moving contig start from 646788 to 646951.
			Align 99: 1291786 1317296 NODE_15_length_1150785_cov_139.851166 646951 672456
				Gap between this and next alignment: 1317296 to 1326835 (9538 bp)
				Next Alignment: 1326835 1340813 NODE_15_length_1150785_cov_139.851166 682031 696020

			Align 100: 1326835 1340813 NODE_15_length_1150785_cov_139.851166 682031 696020
				Gap between this and next alignment: 1340813 to 1349360 (8546 bp)
				Next Alignment: 1349360 1357036 NODE_15_length_1150785_cov_139.851166 750968 758660

			Align 101: 1349360 1357036 NODE_15_length_1150785_cov_139.851166 750968 758660
				Gap between this and next alignment: 1357036 to 1359923 (2886 bp)
				Next Alignment: 1359923 1380342 NODE_15_length_1150785_cov_139.851166 762041 782454

			Align 102: 1359923 1380342 NODE_15_length_1150785_cov_139.851166 762041 782454
				Gap between this and next alignment: 1380342 to 1380448 (105 bp)
				Next Alignment: 1380448 1384780 NODE_15_length_1150785_cov_139.851166 782961 787306

			Align 103: 1380448 1384780 NODE_15_length_1150785_cov_139.851166 782961 787306
				Gap between this and next alignment: 1384780 to 1397803 (13022 bp)
				Next Alignment: 1397803 1414425 NODE_15_length_1150785_cov_139.851166 799521 816142

			Align 104: 1397803 1414425 NODE_15_length_1150785_cov_139.851166 799521 816142
				Gap between this and next alignment: 1414425 to 1414461 (35 bp)
				Next Alignment: 1414461 1435718 NODE_15_length_1150785_cov_139.851166 818582 839827

			Align 105: 1414461 1435718 NODE_15_length_1150785_cov_139.851166 818582 839827
				Gap between this and next alignment: 1435718 to 1501360 (65641 bp)
				Next Alignment: 1501360 1504878 NODE_1_length_311333_cov_153.831482 82059 85577

			Align 106: 1501360 1504878 NODE_1_length_311333_cov_153.831482 82059 85577
				Gap between this and next alignment: 1504878 to 1505944 (1065 bp)
				Next Alignment: 1505944 1507211 NODE_1_length_311333_cov_153.831482 85705 86972

			Align 107: 1505944 1507211 NODE_1_length_311333_cov_153.831482 85705 86972
				Gap between this and next alignment: 1507211 to 1507361 (149 bp)
				Next Alignment: 1507361 1520822 NODE_1_length_311333_cov_153.831482 87001 100460

			Align 108: 1507361 1520822 NODE_1_length_311333_cov_153.831482 87001 100460
				Gap between this and next alignment: 1520822 to 1554120 (33297 bp)
				Next Alignment: 1554120 1563625 NODE_7_length_50836_cov_155.284012 25230 34802

			Align 109: 1554120 1563625 NODE_7_length_50836_cov_155.284012 25230 34802
				Gap between this and next alignment: 1563625 to 1563676 (50 bp)
				Next Alignment: 1563676 1564871 NODE_15_length_1150785_cov_139.851166 901245 902440

			Align 110: 1563676 1564871 NODE_15_length_1150785_cov_139.851166 901245 902440
				Gap between this and next alignment: 1564871 to 1583143 (18271 bp)
				Next Alignment: 1583143 1612086 NODE_15_length_1150785_cov_139.851166 921916 950833

			Align 111: 1583143 1612086 NODE_15_length_1150785_cov_139.851166 921916 950833
				Gap between this and next alignment: 1612086 to 1613251 (1164 bp)
				Next Alignment: 1613251 1618383 NODE_15_length_1150785_cov_139.851166 950936 956069

			Align 112: 1613251 1618383 NODE_15_length_1150785_cov_139.851166 950936 956069
				Gap between this and next alignment: 1618383 to 1626404 (8020 bp)
				Next Alignment: 1626404 1632719 NODE_15_length_1150785_cov_139.851166 982419 988731

			Align 113: 1626404 1632719 NODE_15_length_1150785_cov_139.851166 982419 988731
				Gap between this and next alignment: 1632719 to 1633701 (981 bp)
				Next Alignment: 1633701 1633769 NODE_15_length_1150785_cov_139.851166 586600 586668

			Align 114: 1633701 1633769 NODE_15_length_1150785_cov_139.851166 586600 586668
				Gap between this and next alignment: 1633769 to 1638630 (4860 bp)
				Next Alignment: 1638630 1645233 NODE_2_length_39119_cov_167.875656 29975 36579

			Align 115: 1638630 1645233 NODE_2_length_39119_cov_167.875656 29975 36579
				Gap between this and next alignment: 1645233 to 1680245 (35011 bp)
				Next Alignment: 1680245 1682859 NODE_2_length_39119_cov_167.875656 39242 36629

			Align 116: 1680245 1682859 NODE_2_length_39119_cov_167.875656 39242 36629
				Gap between this and next alignment: 1682859 to 1682870 (10 bp)
				Next Alignment: 1682870 1694053 NODE_15_length_1150785_cov_139.851166 1049333 1038114

			Align 117: 1682870 1694053 NODE_15_length_1150785_cov_139.851166 1049333 1038114
				Gap between this and next alignment: 1694053 to 1712021 (17967 bp)
				Next Alignment: 1712021 1714000 NODE_15_length_1150785_cov_139.851166 1014049 1012082

			Align 118: 1712021 1714000 NODE_15_length_1150785_cov_139.851166 1014049 1012082
				Gap between this and next alignment: 1714000 to 1714096 (95 bp)
				Next Alignment: 1714096 1716124 NODE_15_length_1150785_cov_139.851166 1001853 999826

			Align 119: 1714096 1716124 NODE_15_length_1150785_cov_139.851166 1001853 999826
				Gap between this and next alignment: 1716124 to 1722523 (6398 bp)
				Next Alignment: 1722523 1726750 NODE_15_length_1150785_cov_139.851166 1012063 1007826

			Align 120: 1722523 1726750 NODE_15_length_1150785_cov_139.851166 1012063 1007826
				Gap between this and next alignment: 1726750 to 1740435 (13684 bp)
				Next Alignment: 1740435 1742666 NODE_15_length_1150785_cov_139.851166 1109233 1111456

			Align 121: 1740435 1742666 NODE_15_length_1150785_cov_139.851166 1109233 1111456
				Next Alignment: 1742667 1745261 NODE_15_length_1150785_cov_139.851166 1111656 1114253

			Align 122: 1742667 1745261 NODE_15_length_1150785_cov_139.851166 1111656 1114253
				Gap between this and next alignment: 1745261 to 1754526 (9264 bp)
				Next Alignment: 1754526 1759052 NODE_15_length_1150785_cov_139.851166 1122029 1126533

			Align 123: 1754526 1759052 NODE_15_length_1150785_cov_139.851166 1122029 1126533
				Gap between this and next alignment: 1759052 to 1770361 (11308 bp)
				Next Alignment: 1770361 1782428 NODE_15_length_1150785_cov_139.851166 1138469 1150533

			Align 124: 1770361 1782428 NODE_15_length_1150785_cov_139.851166 1138469 1150533
				Gap between this and next alignment: 1782428 to 1809378 (26949 bp)
				Next Alignment: 1809378 1809739 NODE_15_length_1150785_cov_139.851166 1118308 1118667

			Align 125: 1809378 1809739 NODE_15_length_1150785_cov_139.851166 1118308 1118667
				Gap between this and next alignment: 1809739 to 1813239 (3499 bp)
				Next Alignment: 1813239 1815303 NODE_3_length_25597_cov_176.608231 15729 13666

			Align 126: 1813239 1815303 NODE_3_length_25597_cov_176.608231 15729 13666
			END in gap: 1815303 to 1819370 (4067 bp)

Analysis is finished!
Founded SNPs were written into /data/projects/Assembly/Aroon/reports/GCF_000165575.1_ASM16557v1_genomic/contigs_reports/nucmer_output/M10540_contigs.used_snps

Results:
	Local Misassemblies: 14
	Misassemblies: 29
		Relocations: 29
		Translocations: 0
		Inversions: 0
	Misassembled Contigs: 4
	Misassembled Contig Bases: 588604
	Misassemblies Inter-Contig Overlap: 0
Uncovered Regions: 0 (0)
Unaligned Contigs: 0 + 5 part
Partially Unaligned Contigs with Misassemblies: 3
Unaligned Contig Bases: 633661

Ambiguously Mapped Contigs: 1
Total Bases in Ambiguously Mapped Contigs: 1514
Note that --allow-ambiguity option was set to "one" and only first alignment per each contig was used.

	Covered Bases: 918390

	SNPs: 32165
	Insertions: 989
	Deletions: 971

	Positive Gaps: 106
		Internal Gaps:  82
		External Gaps:  24
		External Gap Total:  256381
		External Gap Average: 10683
	Negative Gaps: 11
		Internal Overlaps:  5
		External Overlaps:  6
		External Overlaps Total: -653
		External Overlaps Average: -109
	Contigs with Redundant Alignments: 4 (813)
