/data/home/achande3/bin/quast-3.2/quast.py -o ./quast/M28745 --no-plots  -t 6 --no-snps  --no-check  /data/projects/assembly/aroon/contigs/meta.M28745.fa /data/projects/assembly/aroon/contigs/spades.M28745.fa /data/projects/assembly/aroon/contigs/velvet.M28745.fa /data/projects/assembly/aroon/contigs/abyss.115.M28745.fa

Version: 3.2, build 26.11.2015 18:55

System information:
  OS: Linux-2.6.32-573.12.1.el6.x86_64-x86_64-with-redhat-6.7-Santiago (linux_64)
  Python version: 2.7.11
  CPUs number: 6

Started: 2016-02-18 08:37:47

Logging to /data/projects/assembly/aroon/meta/quast/M28745/quast.log

Main parameters: 
  Threads: 6, minimum contig length: 500, ambiguity: one, threshold for extensive misassembly size: 1000

Contigs:
  1  /data/projects/assembly/aroon/contigs/meta.M28745.fa ==> meta.M28745
  2  /data/projects/assembly/aroon/contigs/spades.M28745.fa ==> spades.M28745
  3  /data/projects/assembly/aroon/contigs/velvet.M28745.fa ==> velvet.M28745
  4  /data/projects/assembly/aroon/contigs/abyss.115.M28745.fa ==> abyss.115.M28745

2016-02-18 08:37:48
Running Basic statistics processor...
  Contig files: 
    1  meta.M28745
    2  spades.M28745
    3  velvet.M28745
    4  abyss.115.M28745
  Calculating N50 and L50...
    1  meta.M28745, N50 = 355451, L50 = 2, Total length = 1790810, GC % = 37.89, # N's per 100 kbp =  0.00
    2  spades.M28745, N50 = 355451, L50 = 2, Total length = 1804491, GC % = 37.89, # N's per 100 kbp =  0.00
    3  velvet.M28745, N50 = 383353, L50 = 2, Total length = 1792191, GC % = 37.89, # N's per 100 kbp =  73.76
    4  abyss.115.M28745, N50 = 356458, L50 = 2, Total length = 1825036, GC % = 37.97, # N's per 100 kbp =  2.68
Done.

NOTICE: Genes are not predicted by default. Use --gene-finding option to enable it.

2016-02-18 08:37:48
RESULTS:
  Text versions of total report are saved to /data/projects/assembly/aroon/meta/quast/M28745/report.txt, report.tsv, and report.tex
  Text versions of transposed total report are saved to /data/projects/assembly/aroon/meta/quast/M28745/transposed_report.txt, transposed_report.tsv, and transposed_report.tex
  HTML version (interactive tables and plots) saved to /data/projects/assembly/aroon/meta/quast/M28745/report.html
  PDF version (tables and plots) saved to /data/projects/assembly/aroon/meta/quast/M28745/report.pdf
  Log saved to /data/projects/assembly/aroon/meta/quast/M28745/quast.log

Finished: 2016-02-18 08:37:48
Elapsed time: 0:00:01.637205
NOTICEs: 1; WARNINGs: 0; non-fatal ERRORs: 0

Thank you for using QUAST!
