/data/home/achande3/bin/quast-3.2/quast.py -o ./quast/M28405 --no-plots  -t 6 --no-snps  --no-check  /data/projects/assembly/aroon/contigs/meta.M28405.fa /data/projects/assembly/aroon/contigs/spades.M28405.fa /data/projects/assembly/aroon/contigs/velvet.M28405.fa /data/projects/assembly/aroon/contigs/abyss.115.M28405.fa

Version: 3.2, build 26.11.2015 18:55

System information:
  OS: Linux-2.6.32-573.12.1.el6.x86_64-x86_64-with-redhat-6.7-Santiago (linux_64)
  Python version: 2.7.11
  CPUs number: 6

Started: 2016-02-18 08:37:41

Logging to /data/projects/assembly/aroon/meta/quast/M28405/quast.log

Main parameters: 
  Threads: 6, minimum contig length: 500, ambiguity: one, threshold for extensive misassembly size: 1000

Contigs:
  1  /data/projects/assembly/aroon/contigs/meta.M28405.fa ==> meta.M28405
  2  /data/projects/assembly/aroon/contigs/spades.M28405.fa ==> spades.M28405
  3  /data/projects/assembly/aroon/contigs/velvet.M28405.fa ==> velvet.M28405
  4  /data/projects/assembly/aroon/contigs/abyss.115.M28405.fa ==> abyss.115.M28405

2016-02-18 08:37:42
Running Basic statistics processor...
  Contig files: 
    1  meta.M28405
    2  spades.M28405
    3  velvet.M28405
    4  abyss.115.M28405
  Calculating N50 and L50...
    1  meta.M28405, N50 = 233244, L50 = 3, Total length = 1863688, GC % = 38.00, # N's per 100 kbp =  0.00
    2  spades.M28405, N50 = 233244, L50 = 3, Total length = 1889723, GC % = 38.04, # N's per 100 kbp =  0.00
    3  velvet.M28405, N50 = 233419, L50 = 3, Total length = 1864661, GC % = 38.00, # N's per 100 kbp =  57.01
    4  abyss.115.M28405, N50 = 157213, L50 = 4, Total length = 2124736, GC % = 38.28, # N's per 100 kbp =  0.00
Done.

NOTICE: Genes are not predicted by default. Use --gene-finding option to enable it.

2016-02-18 08:37:43
RESULTS:
  Text versions of total report are saved to /data/projects/assembly/aroon/meta/quast/M28405/report.txt, report.tsv, and report.tex
  Text versions of transposed total report are saved to /data/projects/assembly/aroon/meta/quast/M28405/transposed_report.txt, transposed_report.tsv, and transposed_report.tex
  HTML version (interactive tables and plots) saved to /data/projects/assembly/aroon/meta/quast/M28405/report.html
  PDF version (tables and plots) saved to /data/projects/assembly/aroon/meta/quast/M28405/report.pdf
  Log saved to /data/projects/assembly/aroon/meta/quast/M28405/quast.log

Finished: 2016-02-18 08:37:43
Elapsed time: 0:00:01.753809
NOTICEs: 1; WARNINGs: 0; non-fatal ERRORs: 0

Thank you for using QUAST!
