Aligning contigs to reference...
	Running Nucmer
Parsing coords...
Loading reference...
	Loaded [NZ_CP009610.1_Haemophilus_influenzae_strain_Hi375__complete_genome]
Loading SNPs...
Loading regions...
	No regions given, using whole reference.
	Total Regions: 1
	Total Region Length: 1850897
Analyzing contigs...
CONTIG: NODE_1_length_61020_cov_149.082642 (61146bp)
Top Length: 22228  Top ID: 97.55
		Skipping redundant alignment 949642 949719 | 38996 38919 | 78 78 | 100.0 | NZ_CP009610.1_Haemophilus_influenzae_strain_Hi375__complete_genome NODE_1_length_61020_cov_149.082642
		Skipping redundant alignment 1007332 1007409 | 38996 38919 | 78 78 | 100.0 | NZ_CP009610.1_Haemophilus_influenzae_strain_Hi375__complete_genome NODE_1_length_61020_cov_149.082642
		Skipping redundant alignment 417521 418064 | 60605 61146 | 544 542 | 96.15 | NZ_CP009610.1_Haemophilus_influenzae_strain_Hi375__complete_genome NODE_1_length_61020_cov_149.082642
		Skipping redundant alignment 269813 270348 | 60612 61146 | 536 535 | 95.91 | NZ_CP009610.1_Haemophilus_influenzae_strain_Hi375__complete_genome NODE_1_length_61020_cov_149.082642
		Skipping redundant alignment 303386 303913 | 60620 61146 | 528 527 | 95.85 | NZ_CP009610.1_Haemophilus_influenzae_strain_Hi375__complete_genome NODE_1_length_61020_cov_149.082642
		This contig is misassembled. 10 total aligns.
			Excluding internal overlap of size 222 between Alignment 1 and 2:  1162399 1167331 | 12434 7508 | 4933 4927 --> 1162399 1167109 | 12434 7730 | 4711 4705
			Real Alignment 1: 1167278 1175005 | 7729 1 | 7728 7729 | 98.25 | NZ_CP009610.1_Haemophilus_influenzae_strain_Hi375__complete_genome NODE_1_length_61020_cov_149.082642
			  Gap between these two alignments (local misassembly). Inconsistency = 168 
			Real Alignment 2: 1162399 1167109 | 12434 7730 | 4711 4705 | 96.31 | NZ_CP009610.1_Haemophilus_influenzae_strain_Hi375__complete_genome NODE_1_length_61020_cov_149.082642
			  Overlap between these two alignments (local misassembly). Inconsistency = -128 
			Real Alignment 3: 1140699 1162386 | 34274 12575 | 21688 21700 | 98.08 | NZ_CP009610.1_Haemophilus_influenzae_strain_Hi375__complete_genome NODE_1_length_61020_cov_149.082642
			  Extensive misassembly ( relocation, inconsistency = 1157 ) between these two alignments
			Excluding internal overlap of size 1 between Alignment 4 and 5:  1134897 1139492 | 38919 34324 | 4596 4596 --> 1134898 1139492 | 38918 34324 | 4595 4595
			Real Alignment 4: 1134898 1139492 | 38918 34324 | 4595 4595 | 97.5 | NZ_CP009610.1_Haemophilus_influenzae_strain_Hi375__complete_genome NODE_1_length_61020_cov_149.082642
			  Gap between these two alignments (local misassembly). Inconsistency = 100 
			Real Alignment 5: 1112571 1134797 | 61146 38919 | 22227 22228 | 97.55 | NZ_CP009610.1_Haemophilus_influenzae_strain_Hi375__complete_genome NODE_1_length_61020_cov_149.082642

CONTIG: NODE_2_length_27589_cov_169.095764 (27715bp)
Top Length: 27715  Top ID: 98.56
		Marking as insignificant: 960807 960883 | 11886 11962 | 77 77 | 100.0 | NZ_CP009610.1_Haemophilus_influenzae_strain_Hi375__complete_genome NODE_2_length_27589_cov_169.095764
		Marking as insignificant: 941209 941293 | 297 381 | 85 85 | 100.0 | NZ_CP009610.1_Haemophilus_influenzae_strain_Hi375__complete_genome NODE_2_length_27589_cov_169.095764
		Marking as insignificant: 423202 423302 | 27715 27614 | 101 102 | 98.04 | NZ_CP009610.1_Haemophilus_influenzae_strain_Hi375__complete_genome NODE_2_length_27589_cov_169.095764
		Marking as insignificant: 1107084 1107194 | 27604 27715 | 111 112 | 96.43 | NZ_CP009610.1_Haemophilus_influenzae_strain_Hi375__complete_genome NODE_2_length_27589_cov_169.095764
		Marking as insignificant: 844140 844264 | 27590 27715 | 125 126 | 96.83 | NZ_CP009610.1_Haemophilus_influenzae_strain_Hi375__complete_genome NODE_2_length_27589_cov_169.095764
		Marking as insignificant: 966415 966540 | 1 126 | 126 126 | 97.62 | NZ_CP009610.1_Haemophilus_influenzae_strain_Hi375__complete_genome NODE_2_length_27589_cov_169.095764
		Marking as insignificant: 849805 849930 | 1 126 | 126 126 | 98.41 | NZ_CP009610.1_Haemophilus_influenzae_strain_Hi375__complete_genome NODE_2_length_27589_cov_169.095764
		Marking as insignificant: 309291 309415 | 27715 27590 | 125 126 | 99.21 | NZ_CP009610.1_Haemophilus_influenzae_strain_Hi375__complete_genome NODE_2_length_27589_cov_169.095764
		Marking as insignificant: 1112975 1113100 | 1 126 | 126 126 | 100.0 | NZ_CP009610.1_Haemophilus_influenzae_strain_Hi375__complete_genome NODE_2_length_27589_cov_169.095764
		Marking as insignificant: 417537 417662 | 126 1 | 126 126 | 100.0 | NZ_CP009610.1_Haemophilus_influenzae_strain_Hi375__complete_genome NODE_2_length_27589_cov_169.095764
		Marking as insignificant: 269821 269946 | 126 1 | 126 126 | 100.0 | NZ_CP009610.1_Haemophilus_influenzae_strain_Hi375__complete_genome NODE_2_length_27589_cov_169.095764
		One align captures most of this contig: 275725 303511 | 27715 1 | 27787 27715 | 98.56 | NZ_CP009610.1_Haemophilus_influenzae_strain_Hi375__complete_genome NODE_2_length_27589_cov_169.095764

CONTIG: NODE_3_length_179628_cov_156.746414 (179754bp)
Top Length: 56831  Top ID: 97.56
		Skipping redundant alignment 844153 844296 | 144 1 | 144 144 | 97.92 | NZ_CP009610.1_Haemophilus_influenzae_strain_Hi375__complete_genome NODE_3_length_179628_cov_156.746414
		Skipping redundant alignment 275693 275837 | 1 144 | 145 144 | 97.24 | NZ_CP009610.1_Haemophilus_influenzae_strain_Hi375__complete_genome NODE_3_length_179628_cov_156.746414
		Skipping redundant alignment 423170 423312 | 1 141 | 143 141 | 98.6 | NZ_CP009610.1_Haemophilus_influenzae_strain_Hi375__complete_genome NODE_3_length_179628_cov_156.746414
		Skipping redundant alignment 737263 737361 | 55005 55103 | 99 99 | 100.0 | NZ_CP009610.1_Haemophilus_influenzae_strain_Hi375__complete_genome NODE_3_length_179628_cov_156.746414
		Skipping redundant alignment 949640 949721 | 98101 98020 | 82 82 | 100.0 | NZ_CP009610.1_Haemophilus_influenzae_strain_Hi375__complete_genome NODE_3_length_179628_cov_156.746414
		Skipping redundant alignment 1134720 1134797 | 98099 98022 | 78 78 | 100.0 | NZ_CP009610.1_Haemophilus_influenzae_strain_Hi375__complete_genome NODE_3_length_179628_cov_156.746414
		Skipping redundant alignment 949547 949639 | 98297 98205 | 93 93 | 98.92 | NZ_CP009610.1_Haemophilus_influenzae_strain_Hi375__complete_genome NODE_3_length_179628_cov_156.746414
		Skipping redundant alignment 949376 949616 | 143329 143091 | 241 239 | 96.27 | NZ_CP009610.1_Haemophilus_influenzae_strain_Hi375__complete_genome NODE_3_length_179628_cov_156.746414
		Skipping redundant alignment 641961 642039 | 143205 143283 | 79 79 | 100.0 | NZ_CP009610.1_Haemophilus_influenzae_strain_Hi375__complete_genome NODE_3_length_179628_cov_156.746414
		Skipping redundant alignment 966407 966559 | 179345 179193 | 153 153 | 95.42 | NZ_CP009610.1_Haemophilus_influenzae_strain_Hi375__complete_genome NODE_3_length_179628_cov_156.746414
		Skipping redundant alignment 303386 303641 | 179212 179466 | 256 255 | 96.48 | NZ_CP009610.1_Haemophilus_influenzae_strain_Hi375__complete_genome NODE_3_length_179628_cov_156.746414
		This contig is misassembled. 22 total aligns.
			Real Alignment 1: 1050351 1107226 | 56831 1 | 56876 56831 | 97.56 | NZ_CP009610.1_Haemophilus_influenzae_strain_Hi375__complete_genome NODE_3_length_179628_cov_156.746414
			  Extensive misassembly ( relocation, inconsistency = 1406 ) between these two alignments
			Real Alignment 2: 1012004 1048925 | 93709 56851 | 36922 36859 | 96.68 | NZ_CP009610.1_Haemophilus_influenzae_strain_Hi375__complete_genome NODE_3_length_179628_cov_156.746414
			  Gap between these two alignments (local misassembly). Inconsistency = 522 
			Real Alignment 3: 1010573 1011411 | 94618 93780 | 839 839 | 98.21 | NZ_CP009610.1_Haemophilus_influenzae_strain_Hi375__complete_genome NODE_3_length_179628_cov_156.746414
			  Overlap between these two alignments (local misassembly). Inconsistency = -241 
			Real Alignment 4: 1007134 1010295 | 98297 95137 | 3162 3161 | 98.17 | NZ_CP009610.1_Haemophilus_influenzae_strain_Hi375__complete_genome NODE_3_length_179628_cov_156.746414
			  Extensive misassembly ( relocation, inconsistency = -44863 ) between these two alignments
			Real Alignment 5: 1001044 1007203 | 149233 143091 | 6160 6143 | 96.89 | NZ_CP009610.1_Haemophilus_influenzae_strain_Hi375__complete_genome NODE_3_length_179628_cov_156.746414
			  Extensive misassembly ( relocation, inconsistency = 4034 ) between these two alignments
			Real Alignment 6: 981776 995591 | 164470 150652 | 13816 13819 | 99.17 | NZ_CP009610.1_Haemophilus_influenzae_strain_Hi375__complete_genome NODE_3_length_179628_cov_156.746414
			  Overlap between these two alignments (local misassembly). Inconsistency = -54 
			Real Alignment 7: 973770 980730 | 172525 165570 | 6961 6956 | 96.34 | NZ_CP009610.1_Haemophilus_influenzae_strain_Hi375__complete_genome NODE_3_length_179628_cov_156.746414
			  Gap between these two alignments (local misassembly). Inconsistency = 358 
			Real Alignment 8: 973130 973408 | 172807 172529 | 279 279 | 98.57 | NZ_CP009610.1_Haemophilus_influenzae_strain_Hi375__complete_genome NODE_3_length_179628_cov_156.746414
			  Gap between these two alignments (local misassembly). Inconsistency = 397 
			Real Alignment 9: 970088 972729 | 175452 172811 | 2642 2642 | 98.68 | NZ_CP009610.1_Haemophilus_influenzae_strain_Hi375__complete_genome NODE_3_length_179628_cov_156.746414
			  Overlap between these two alignments (local misassembly). Inconsistency = -431 
			Real Alignment 10: 967443 970097 | 178528 175874 | 2655 2655 | 97.29 | NZ_CP009610.1_Haemophilus_influenzae_strain_Hi375__complete_genome NODE_3_length_179628_cov_156.746414
			  Extensive misassembly ( relocation, inconsistency = -553244 ) between these two alignments
			Real Alignment 11: 417527 417792 | 179202 179466 | 266 265 | 97.37 | NZ_CP009610.1_Haemophilus_influenzae_strain_Hi375__complete_genome NODE_3_length_179628_cov_156.746414

CONTIG: NODE_4_length_5921_cov_282.400604 (6047bp)
Top Length: 4682  Top ID: 95.43
		Skipping redundant alignment 1590909 1592819 | 2018 3928 | 1911 1911 | 96.91 | NZ_CP009610.1_Haemophilus_influenzae_strain_Hi375__complete_genome NODE_4_length_5921_cov_282.400604
		Skipping redundant alignment 1592952 1594998 | 4002 6047 | 2047 2046 | 96.58 | NZ_CP009610.1_Haemophilus_influenzae_strain_Hi375__complete_genome NODE_4_length_5921_cov_282.400604
		This contig is partially unaligned. (Aligned 4682 out of 6047 bases)
		Alignment: 1174880 1179540 | 6047 1366 | 4661 4682 | 95.43 | NZ_CP009610.1_Haemophilus_influenzae_strain_Hi375__complete_genome NODE_4_length_5921_cov_282.400604
		Unaligned bases: 1 to 1365 (1365)
		This contig has both significant aligned and unaligned parts (of length >= min-contig)!

CONTIG: NODE_5_length_444826_cov_179.227036 (444952bp)
Top Length: 57776  Top ID: 97.5
		Skipping redundant alignment 309307 309447 | 1 142 | 141 142 | 99.3 | NZ_CP009610.1_Haemophilus_influenzae_strain_Hi375__complete_genome NODE_5_length_444826_cov_179.227036
		Skipping redundant alignment 275741 275850 | 1 110 | 110 110 | 100.0 | NZ_CP009610.1_Haemophilus_influenzae_strain_Hi375__complete_genome NODE_5_length_444826_cov_179.227036
		Skipping redundant alignment 1107084 1107178 | 96 1 | 95 96 | 95.83 | NZ_CP009610.1_Haemophilus_influenzae_strain_Hi375__complete_genome NODE_5_length_444826_cov_179.227036
		Skipping redundant alignment 423218 423302 | 1 86 | 85 86 | 97.67 | NZ_CP009610.1_Haemophilus_influenzae_strain_Hi375__complete_genome NODE_5_length_444826_cov_179.227036
		Skipping redundant alignment 1052079 1052177 | 107668 107766 | 99 99 | 100.0 | NZ_CP009610.1_Haemophilus_influenzae_strain_Hi375__complete_genome NODE_5_length_444826_cov_179.227036
		Skipping redundant alignment 473370 473466 | 137966 137870 | 97 97 | 100.0 | NZ_CP009610.1_Haemophilus_influenzae_strain_Hi375__complete_genome NODE_5_length_444826_cov_179.227036
		Skipping redundant alignment 1529649 1529735 | 137956 137870 | 87 87 | 100.0 | NZ_CP009610.1_Haemophilus_influenzae_strain_Hi375__complete_genome NODE_5_length_444826_cov_179.227036
		Skipping redundant alignment 473370 473466 | 137974 137878 | 97 97 | 100.0 | NZ_CP009610.1_Haemophilus_influenzae_strain_Hi375__complete_genome NODE_5_length_444826_cov_179.227036
		Skipping redundant alignment 473371 473466 | 137977 137882 | 96 96 | 100.0 | NZ_CP009610.1_Haemophilus_influenzae_strain_Hi375__complete_genome NODE_5_length_444826_cov_179.227036
		Skipping redundant alignment 1529645 1529735 | 137981 137890 | 91 92 | 98.91 | NZ_CP009610.1_Haemophilus_influenzae_strain_Hi375__complete_genome NODE_5_length_444826_cov_179.227036
		Skipping redundant alignment 949424 949502 | 159624 159702 | 79 79 | 100.0 | NZ_CP009610.1_Haemophilus_influenzae_strain_Hi375__complete_genome NODE_5_length_444826_cov_179.227036
		Skipping redundant alignment 1007010 1007088 | 159624 159702 | 79 79 | 100.0 | NZ_CP009610.1_Haemophilus_influenzae_strain_Hi375__complete_genome NODE_5_length_444826_cov_179.227036
		Skipping redundant alignment 131782 131863 | 326616 326535 | 82 82 | 100.0 | NZ_CP009610.1_Haemophilus_influenzae_strain_Hi375__complete_genome NODE_5_length_444826_cov_179.227036
		Skipping redundant alignment 712461 712542 | 326616 326535 | 82 82 | 100.0 | NZ_CP009610.1_Haemophilus_influenzae_strain_Hi375__complete_genome NODE_5_length_444826_cov_179.227036
		Skipping redundant alignment 1529655 1529736 | 326616 326535 | 82 82 | 100.0 | NZ_CP009610.1_Haemophilus_influenzae_strain_Hi375__complete_genome NODE_5_length_444826_cov_179.227036
		Skipping redundant alignment 712442 712521 | 326615 326536 | 80 80 | 100.0 | NZ_CP009610.1_Haemophilus_influenzae_strain_Hi375__complete_genome NODE_5_length_444826_cov_179.227036
		Skipping redundant alignment 131760 131838 | 326614 326536 | 79 79 | 100.0 | NZ_CP009610.1_Haemophilus_influenzae_strain_Hi375__complete_genome NODE_5_length_444826_cov_179.227036
		Skipping redundant alignment 1529649 1529727 | 326614 326536 | 79 79 | 100.0 | NZ_CP009610.1_Haemophilus_influenzae_strain_Hi375__complete_genome NODE_5_length_444826_cov_179.227036
		Skipping redundant alignment 406039 407356 | 354314 355631 | 1318 1318 | 97.95 | NZ_CP009610.1_Haemophilus_influenzae_strain_Hi375__complete_genome NODE_5_length_444826_cov_179.227036
		Skipping redundant alignment 346964 347463 | 381985 381486 | 500 500 | 98.0 | NZ_CP009610.1_Haemophilus_influenzae_strain_Hi375__complete_genome NODE_5_length_444826_cov_179.227036
		Skipping redundant alignment 374371 374510 | 435166 435027 | 140 140 | 98.57 | NZ_CP009610.1_Haemophilus_influenzae_strain_Hi375__complete_genome NODE_5_length_444826_cov_179.227036
		Skipping redundant alignment 431608 431743 | 435203 435065 | 136 139 | 97.12 | NZ_CP009610.1_Haemophilus_influenzae_strain_Hi375__complete_genome NODE_5_length_444826_cov_179.227036
		Skipping redundant alignment 374361 374472 | 435203 435093 | 112 111 | 97.32 | NZ_CP009610.1_Haemophilus_influenzae_strain_Hi375__complete_genome NODE_5_length_444826_cov_179.227036
		Skipping redundant alignment 275741 275850 | 444952 444843 | 110 110 | 100.0 | NZ_CP009610.1_Haemophilus_influenzae_strain_Hi375__complete_genome NODE_5_length_444826_cov_179.227036
		Skipping redundant alignment 1107084 1107178 | 444857 444952 | 95 96 | 95.83 | NZ_CP009610.1_Haemophilus_influenzae_strain_Hi375__complete_genome NODE_5_length_444826_cov_179.227036
		Skipping redundant alignment 423218 423302 | 444952 444867 | 85 86 | 97.67 | NZ_CP009610.1_Haemophilus_influenzae_strain_Hi375__complete_genome NODE_5_length_444826_cov_179.227036
		This contig is misassembled. 58 total aligns.
			Real Alignment 1: 834760 844248 | 9492 1 | 9489 9492 | 96.84 | NZ_CP009610.1_Haemophilus_influenzae_strain_Hi375__complete_genome NODE_5_length_444826_cov_179.227036
			  Overlap between these two alignments (local misassembly). Inconsistency = -203 
			Real Alignment 2: 831167 834496 | 13288 9959 | 3330 3330 | 97.54 | NZ_CP009610.1_Haemophilus_influenzae_strain_Hi375__complete_genome NODE_5_length_444826_cov_179.227036
			  Overlap between these two alignments (local misassembly). Inconsistency = -46 
			Real Alignment 3: 814925 831081 | 29568 13420 | 16157 16149 | 96.24 | NZ_CP009610.1_Haemophilus_influenzae_strain_Hi375__complete_genome NODE_5_length_444826_cov_179.227036
			  Gap between these two alignments (local misassembly). Inconsistency = 33 
			Excluding internal overlap of size 10 between Alignment 4 and 5:  803296 804620 | 40889 39564 | 1325 1326 --> 803296 804610 | 40889 39574 | 1315 1316
			Real Alignment 4: 804892 813715 | 39573 30745 | 8824 8829 | 97.18 | NZ_CP009610.1_Haemophilus_influenzae_strain_Hi375__complete_genome NODE_5_length_444826_cov_179.227036
			  Gap between these two alignments (local misassembly). Inconsistency = 281 
			Real Alignment 5: 803296 804610 | 40889 39574 | 1315 1316 | 96.83 | NZ_CP009610.1_Haemophilus_influenzae_strain_Hi375__complete_genome NODE_5_length_444826_cov_179.227036
			  Overlap between these two alignments (local misassembly). Inconsistency = -240 
			Real Alignment 6: 788523 789736 | 55902 54689 | 1214 1214 | 97.45 | NZ_CP009610.1_Haemophilus_influenzae_strain_Hi375__complete_genome NODE_5_length_444826_cov_179.227036
			  Overlap between these two alignments (local misassembly). Inconsistency = -505 
			Real Alignment 7: 745433 788531 | 99446 56399 | 43099 43048 | 97.08 | NZ_CP009610.1_Haemophilus_influenzae_strain_Hi375__complete_genome NODE_5_length_444826_cov_179.227036
			  Overlap between these two alignments (local misassembly). Inconsistency = -151 
			Real Alignment 8: 737818 745428 | 107210 99602 | 7611 7609 | 96.19 | NZ_CP009610.1_Haemophilus_influenzae_strain_Hi375__complete_genome NODE_5_length_444826_cov_179.227036
			  Gap between these two alignments (local misassembly). Inconsistency = 0 
			Real Alignment 9: 731532 737677 | 113450 107351 | 6146 6100 | 97.12 | NZ_CP009610.1_Haemophilus_influenzae_strain_Hi375__complete_genome NODE_5_length_444826_cov_179.227036
			  Extensive misassembly ( relocation, inconsistency = -5420 ) between these two alignments
			Excluding internal overlap of size 10 between Alignment 10 and 11:  690717 705097 | 159575 145194 | 14381 14382 --> 690717 705087 | 159575 145204 | 14371 14372
			Real Alignment 10: 705216 731535 | 145203 118867 | 26320 26337 | 97.16 | NZ_CP009610.1_Haemophilus_influenzae_strain_Hi375__complete_genome NODE_5_length_444826_cov_179.227036
			  Gap between these two alignments (local misassembly). Inconsistency = 128 
			Excluding internal overlap of size 49 between Alignment 11 and 12:  639102 642136 | 162597 159527 | 3035 3071 --> 639102 642087 | 162597 159576 | 2986 3022
			Real Alignment 11: 690717 705087 | 159575 145204 | 14371 14372 | 98.14 | NZ_CP009610.1_Haemophilus_influenzae_strain_Hi375__complete_genome NODE_5_length_444826_cov_179.227036
			  Extensive misassembly ( relocation, inconsistency = 48629 ) between these two alignments
			Excluding internal overlap of size 32 between Alignment 12 and 13:  639102 642087 | 162597 159576 | 2986 3022 --> 639134 642087 | 162565 159576 | 2954 2990
			Real Alignment 12: 639134 642087 | 162565 159576 | 2954 2990 | 97.47 | NZ_CP009610.1_Haemophilus_influenzae_strain_Hi375__complete_genome NODE_5_length_444826_cov_179.227036
			  Fake misassembly between these two alignments: inconsistency = 54 , gap in the contig is small or absent or filled mostly with Ns (long indel: deletion of length 54; 0 mismatches)
			Real Alignment 13: 630295 639079 | 171354 162566 | 8785 8789 | 96.93 | NZ_CP009610.1_Haemophilus_influenzae_strain_Hi375__complete_genome NODE_5_length_444826_cov_179.227036
			  Overlap between these two alignments (local misassembly). Inconsistency = -15 
			Excluding internal overlap of size 12 between Alignment 14 and 15:  568246 572329 | 233240 229155 | 4084 4086 --> 568246 572317 | 233240 229167 | 4072 4074
			Real Alignment 14: 572459 629670 | 229166 171994 | 57212 57173 | 97.53 | NZ_CP009610.1_Haemophilus_influenzae_strain_Hi375__complete_genome NODE_5_length_444826_cov_179.227036
			  Gap between these two alignments (local misassembly). Inconsistency = 141 
			Excluding internal overlap of size 18 between Alignment 15 and 16:  568246 572317 | 233240 229167 | 4072 4074 --> 568264 572317 | 233222 229167 | 4054 4056
			Real Alignment 15: 568264 572317 | 233222 229167 | 4054 4056 | 97.36 | NZ_CP009610.1_Haemophilus_influenzae_strain_Hi375__complete_genome NODE_5_length_444826_cov_179.227036
			  Extensive misassembly ( relocation, inconsistency = 3425 ) between these two alignments
			Real Alignment 16: 535897 564838 | 262162 233223 | 28942 28940 | 97.78 | NZ_CP009610.1_Haemophilus_influenzae_strain_Hi375__complete_genome NODE_5_length_444826_cov_179.227036
			  Gap between these two alignments (local misassembly). Inconsistency = 15 
			Real Alignment 17: 533021 535441 | 265022 262603 | 2421 2420 | 96.86 | NZ_CP009610.1_Haemophilus_influenzae_strain_Hi375__complete_genome NODE_5_length_444826_cov_179.227036
			  Overlap between these two alignments (local misassembly). Inconsistency = -146 
			Real Alignment 18: 475150 533021 | 322943 265168 | 57872 57776 | 97.5 | NZ_CP009610.1_Haemophilus_influenzae_strain_Hi375__complete_genome NODE_5_length_444826_cov_179.227036
			  Extensive misassembly ( relocation, inconsistency = -1909 ) between these two alignments
			Real Alignment 19: 470079 475124 | 329907 324878 | 5046 5030 | 97.94 | NZ_CP009610.1_Haemophilus_influenzae_strain_Hi375__complete_genome NODE_5_length_444826_cov_179.227036
			  Overlap between these two alignments (local misassembly). Inconsistency = -382 
			Real Alignment 20: 461172 469056 | 339198 331312 | 7885 7887 | 97.96 | NZ_CP009610.1_Haemophilus_influenzae_strain_Hi375__complete_genome NODE_5_length_444826_cov_179.227036
			  Extensive misassembly ( relocation, inconsistency = -2754 ) between these two alignments
			Real Alignment 21: 441800 461170 | 361327 341954 | 19371 19374 | 97.02 | NZ_CP009610.1_Haemophilus_influenzae_strain_Hi375__complete_genome NODE_5_length_444826_cov_179.227036
			  Overlap between these two alignments (local misassembly). Inconsistency = -866 
			Real Alignment 22: 435529 441416 | 368463 362577 | 5888 5887 | 96.13 | NZ_CP009610.1_Haemophilus_influenzae_strain_Hi375__complete_genome NODE_5_length_444826_cov_179.227036
			  Extensive misassembly ( relocation, inconsistency = 56366 ) between these two alignments
			Real Alignment 23: 365503 370329 | 382113 377297 | 4827 4817 | 98.03 | NZ_CP009610.1_Haemophilus_influenzae_strain_Hi375__complete_genome NODE_5_length_444826_cov_179.227036
			  Gap between these two alignments (local misassembly). Inconsistency = 105 
			Excluding internal overlap of size 550 between Alignment 24 and 25:  346964 351187 | 400569 396324 | 4224 4246 --> 347514 351187 | 400019 396324 | 3674 3696
			Real Alignment 24: 347514 351187 | 400019 396324 | 3674 3696 | 97.28 | NZ_CP009610.1_Haemophilus_influenzae_strain_Hi375__complete_genome NODE_5_length_444826_cov_179.227036
			  Extensive misassembly ( relocation, inconsistency = -18658 ) between these two alignments
			Excluding internal overlap of size 9 between Alignment 25 and 26:  357175 359076 | 408606 406703 | 1902 1904 --> 357175 359067 | 408606 406712 | 1893 1895
			Real Alignment 25: 359486 366171 | 406711 400020 | 6686 6692 | 97.52 | NZ_CP009610.1_Haemophilus_influenzae_strain_Hi375__complete_genome NODE_5_length_444826_cov_179.227036
			  Gap between these two alignments (local misassembly). Inconsistency = 418 
			Real Alignment 26: 357175 359067 | 408606 406712 | 1893 1895 | 97.27 | NZ_CP009610.1_Haemophilus_influenzae_strain_Hi375__complete_genome NODE_5_length_444826_cov_179.227036
			  Extensive misassembly ( relocation, inconsistency = 6869 ) between these two alignments
			Excluding internal overlap of size 159 between Alignment 27 and 28:  350070 350305 | 408842 408607 | 236 236 --> 350229 350305 | 408683 408607 | 77 77
			Real Alignment 27: 350229 350305 | 408683 408607 | 77 77 | 98.73 | NZ_CP009610.1_Haemophilus_influenzae_strain_Hi375__complete_genome NODE_5_length_444826_cov_179.227036
			  Extensive misassembly ( relocation, inconsistency = 3265 ) between these two alignments
			Excluding internal overlap of size 45 between Alignment 28 and 29:  327294 330034 | 425258 422518 | 2741 2741 --> 327294 329989 | 425258 422563 | 2696 2696
			Real Alignment 28: 333098 346963 | 422562 408684 | 13866 13879 | 95.29 | NZ_CP009610.1_Haemophilus_influenzae_strain_Hi375__complete_genome NODE_5_length_444826_cov_179.227036
			  Extensive misassembly ( relocation, inconsistency = 3108 ) between these two alignments
			Real Alignment 29: 327294 329989 | 425258 422563 | 2696 2696 | 95.8 | NZ_CP009610.1_Haemophilus_influenzae_strain_Hi375__complete_genome NODE_5_length_444826_cov_179.227036
			  Extensive misassembly ( relocation, inconsistency = -1683 ) between these two alignments
			Real Alignment 30: 320340 327300 | 433891 426935 | 6961 6957 | 95.54 | NZ_CP009610.1_Haemophilus_influenzae_strain_Hi375__complete_genome NODE_5_length_444826_cov_179.227036
			  Extensive misassembly ( relocation, inconsistency = -112589 ) between these two alignments
			Excluding internal overlap of size 84 between Alignment 31 and 32:  431628 431793 | 435192 435027 | 166 166 --> 431712 431793 | 435108 435027 | 82 82
			Real Alignment 31: 431712 431793 | 435108 435027 | 82 82 | 98.19 | NZ_CP009610.1_Haemophilus_influenzae_strain_Hi375__complete_genome NODE_5_length_444826_cov_179.227036
			  Extensive misassembly ( relocation, inconsistency = 112557 ) between these two alignments
			Real Alignment 32: 309307 319154 | 444952 435109 | 9848 9844 | 98.49 | NZ_CP009610.1_Haemophilus_influenzae_strain_Hi375__complete_genome NODE_5_length_444826_cov_179.227036

CONTIG: NODE_6_length_842_cov_765.074829 (968bp)
Top Length: 968  Top ID: 99.79
		This contig has 6 significant alignments. [An ambiguously mapped contig]
		Using only first of these alignment (option --ambiguity-usage is set to "one"):
		Alignment: 273957 274924 | 1 968 | 968 968 | 99.79 | NZ_CP009610.1_Haemophilus_influenzae_strain_Hi375__complete_genome NODE_6_length_842_cov_765.074829
		Skipping alignment  307523 308490 | 1 968 | 968 968 | 99.79 | NZ_CP009610.1_Haemophilus_influenzae_strain_Hi375__complete_genome NODE_6_length_842_cov_765.074829
		Skipping alignment  421434 422401 | 1 968 | 968 968 | 99.79 | NZ_CP009610.1_Haemophilus_influenzae_strain_Hi375__complete_genome NODE_6_length_842_cov_765.074829
		Skipping alignment  845064 846031 | 968 1 | 968 968 | 99.79 | NZ_CP009610.1_Haemophilus_influenzae_strain_Hi375__complete_genome NODE_6_length_842_cov_765.074829
		Skipping alignment  961686 962653 | 968 1 | 968 968 | 99.79 | NZ_CP009610.1_Haemophilus_influenzae_strain_Hi375__complete_genome NODE_6_length_842_cov_765.074829
		Skipping alignment  1107995 1108962 | 968 1 | 968 968 | 99.79 | NZ_CP009610.1_Haemophilus_influenzae_strain_Hi375__complete_genome NODE_6_length_842_cov_765.074829

CONTIG: NODE_7_length_666_cov_698.303284 (792bp)
Top Length: 792  Top ID: 99.49
		Marking as insignificant: 1107329 1108120 | 1 792 | 792 792 | 98.48 | NZ_CP009610.1_Haemophilus_influenzae_strain_Hi375__complete_genome NODE_7_length_666_cov_698.303284
		Marking as insignificant: 844398 845189 | 1 792 | 792 792 | 98.48 | NZ_CP009610.1_Haemophilus_influenzae_strain_Hi375__complete_genome NODE_7_length_666_cov_698.303284
		Marking as insignificant: 308365 309156 | 792 1 | 792 792 | 98.48 | NZ_CP009610.1_Haemophilus_influenzae_strain_Hi375__complete_genome NODE_7_length_666_cov_698.303284
		Marking as insignificant: 274799 275590 | 792 1 | 792 792 | 98.48 | NZ_CP009610.1_Haemophilus_influenzae_strain_Hi375__complete_genome NODE_7_length_666_cov_698.303284
		This contig has 2 significant alignments. [An ambiguously mapped contig]
		Using only first of these alignment (option --ambiguity-usage is set to "one"):
		Alignment: 422276 423067 | 792 1 | 792 792 | 99.49 | NZ_CP009610.1_Haemophilus_influenzae_strain_Hi375__complete_genome NODE_7_length_666_cov_698.303284
		Skipping alignment  961020 961811 | 1 792 | 792 792 | 99.49 | NZ_CP009610.1_Haemophilus_influenzae_strain_Hi375__complete_genome NODE_7_length_666_cov_698.303284

CONTIG: NODE_10_length_50905_cov_184.963623 (51031bp)
Top Length: 15485  Top ID: 95.14
		Skipping redundant alignment 417528 417662 | 135 1 | 135 135 | 99.26 | NZ_CP009610.1_Haemophilus_influenzae_strain_Hi375__complete_genome NODE_10_length_50905_cov_184.963623
		Skipping redundant alignment 1112975 1113108 | 1 134 | 134 134 | 100.0 | NZ_CP009610.1_Haemophilus_influenzae_strain_Hi375__complete_genome NODE_10_length_50905_cov_184.963623
		Skipping redundant alignment 966415 966548 | 1 134 | 134 134 | 97.76 | NZ_CP009610.1_Haemophilus_influenzae_strain_Hi375__complete_genome NODE_10_length_50905_cov_184.963623
		Skipping redundant alignment 303386 303511 | 126 1 | 126 126 | 100.0 | NZ_CP009610.1_Haemophilus_influenzae_strain_Hi375__complete_genome NODE_10_length_50905_cov_184.963623
		Skipping redundant alignment 447493 448307 | 9351 10165 | 815 815 | 96.81 | NZ_CP009610.1_Haemophilus_influenzae_strain_Hi375__complete_genome NODE_10_length_50905_cov_184.963623
		Skipping redundant alignment 319071 319154 | 42510 42427 | 84 84 | 100.0 | NZ_CP009610.1_Haemophilus_influenzae_strain_Hi375__complete_genome NODE_10_length_50905_cov_184.963623
		Skipping redundant alignment 319073 319154 | 42512 42431 | 82 82 | 100.0 | NZ_CP009610.1_Haemophilus_influenzae_strain_Hi375__complete_genome NODE_10_length_50905_cov_184.963623
		Skipping redundant alignment 1107086 1107243 | 50871 51031 | 158 161 | 96.27 | NZ_CP009610.1_Haemophilus_influenzae_strain_Hi375__complete_genome NODE_10_length_50905_cov_184.963623
		Skipping redundant alignment 275676 275826 | 51031 50881 | 151 151 | 98.68 | NZ_CP009610.1_Haemophilus_influenzae_strain_Hi375__complete_genome NODE_10_length_50905_cov_184.963623
		Skipping redundant alignment 309242 309391 | 51031 50881 | 150 151 | 98.01 | NZ_CP009610.1_Haemophilus_influenzae_strain_Hi375__complete_genome NODE_10_length_50905_cov_184.963623
		Skipping redundant alignment 844164 844313 | 50881 51031 | 150 151 | 96.69 | NZ_CP009610.1_Haemophilus_influenzae_strain_Hi375__complete_genome NODE_10_length_50905_cov_184.963623
			Skipping redundant alignments after choosing the best set of alignments
		Skipping redundant alignment 849805 849975 | 1 171 | 171 171 | 97.66 | NZ_CP009610.1_Haemophilus_influenzae_strain_Hi375__complete_genome NODE_10_length_50905_cov_184.963623
		This contig is misassembled. 18 total aligns.
			Real Alignment 1: 269776 269946 | 171 1 | 171 171 | 100.0 | NZ_CP009610.1_Haemophilus_influenzae_strain_Hi375__complete_genome NODE_10_length_50905_cov_184.963623
			  Extensive misassembly ( relocation, inconsistency = -146744 ) between these two alignments
			Real Alignment 2: 406542 416519 | 10165 172 | 9978 9994 | 98.29 | NZ_CP009610.1_Haemophilus_influenzae_strain_Hi375__complete_genome NODE_10_length_50905_cov_184.963623
			  Fake misassembly between these two alignments: inconsistency = -2 , gap in the contig is small or absent or filled mostly with Ns (short indel: insertion of length 2; 0 mismatches)
			Real Alignment 3: 393310 406251 | 23393 10458 | 12942 12936 | 96.63 | NZ_CP009610.1_Haemophilus_influenzae_strain_Hi375__complete_genome NODE_10_length_50905_cov_184.963623
			  Gap between these two alignments (local misassembly). Inconsistency = 24 
			Real Alignment 4: 377581 393027 | 39136 23652 | 15447 15485 | 95.14 | NZ_CP009610.1_Haemophilus_influenzae_strain_Hi375__complete_genome NODE_10_length_50905_cov_184.963623
			  Extensive misassembly ( relocation, inconsistency = 55176 ) between these two alignments
			Real Alignment 5: 319071 319192 | 42470 42349 | 122 122 | 98.36 | NZ_CP009610.1_Haemophilus_influenzae_strain_Hi375__complete_genome NODE_10_length_50905_cov_184.963623
			  Extensive misassembly ( relocation, inconsistency = -112635 ) between these two alignments
			Real Alignment 6: 423153 431564 | 51031 42612 | 8412 8420 | 97.72 | NZ_CP009610.1_Haemophilus_influenzae_strain_Hi375__complete_genome NODE_10_length_50905_cov_184.963623

CONTIG: NODE_11_length_1086_cov_655.151917 (1212bp)
Top Length: 1206  Top ID: 99.0
		This contig has 6 significant alignments. [An ambiguously mapped contig]
		Using only first of these alignment (option --ambiguity-usage is set to "one"):
		Alignment: 270448 271653 | 7 1212 | 1206 1206 | 99.0 | NZ_CP009610.1_Haemophilus_influenzae_strain_Hi375__complete_genome NODE_11_length_1086_cov_655.151917
		Skipping alignment  304013 305218 | 7 1212 | 1206 1206 | 99.0 | NZ_CP009610.1_Haemophilus_influenzae_strain_Hi375__complete_genome NODE_11_length_1086_cov_655.151917
		Skipping alignment  418164 419369 | 7 1212 | 1206 1206 | 99.0 | NZ_CP009610.1_Haemophilus_influenzae_strain_Hi375__complete_genome NODE_11_length_1086_cov_655.151917
		Skipping alignment  848096 849301 | 1212 7 | 1206 1206 | 99.0 | NZ_CP009610.1_Haemophilus_influenzae_strain_Hi375__complete_genome NODE_11_length_1086_cov_655.151917
		Skipping alignment  964721 965926 | 1212 7 | 1206 1206 | 99.0 | NZ_CP009610.1_Haemophilus_influenzae_strain_Hi375__complete_genome NODE_11_length_1086_cov_655.151917
		Skipping alignment  1111266 1112471 | 1212 7 | 1206 1206 | 99.0 | NZ_CP009610.1_Haemophilus_influenzae_strain_Hi375__complete_genome NODE_11_length_1086_cov_655.151917

CONTIG: NODE_12_length_87982_cov_144.570938 (88108bp)
Top Length: 36458  Top ID: 96.84
		Skipping redundant alignment 131760 131863 | 64167 64064 | 104 104 | 100.0 | NZ_CP009610.1_Haemophilus_influenzae_strain_Hi375__complete_genome NODE_12_length_87982_cov_144.570938
		Skipping redundant alignment 712442 712542 | 64164 64064 | 101 101 | 100.0 | NZ_CP009610.1_Haemophilus_influenzae_strain_Hi375__complete_genome NODE_12_length_87982_cov_144.570938
		Skipping redundant alignment 473370 473467 | 64161 64064 | 98 98 | 100.0 | NZ_CP009610.1_Haemophilus_influenzae_strain_Hi375__complete_genome NODE_12_length_87982_cov_144.570938
		Skipping redundant alignment 712438 712541 | 64199 64097 | 104 103 | 99.04 | NZ_CP009610.1_Haemophilus_influenzae_strain_Hi375__complete_genome NODE_12_length_87982_cov_144.570938
		Skipping redundant alignment 473372 473466 | 64195 64101 | 95 95 | 100.0 | NZ_CP009610.1_Haemophilus_influenzae_strain_Hi375__complete_genome NODE_12_length_87982_cov_144.570938
		This contig is misassembled. 13 total aligns.
			Real Alignment 1: 1183332 1183430 | 3237 3335 | 99 99 | 100.0 | NZ_CP009610.1_Haemophilus_influenzae_strain_Hi375__complete_genome NODE_12_length_87982_cov_144.570938
			  Extensive misassembly ( relocation, inconsistency = 400918 ) between these two alignments
			Excluding internal overlap of size 92 between Alignment 2 and 3:  1584446 1585703 | 4688 3433 | 1258 1256 --> 1584538 1585703 | 4596 3433 | 1166 1164
			Real Alignment 2: 1584538 1585703 | 4596 3433 | 1166 1164 | 96.5 | NZ_CP009610.1_Haemophilus_influenzae_strain_Hi375__complete_genome NODE_12_length_87982_cov_144.570938
			  Gap between these two alignments (local misassembly). Inconsistency = 109 
			Real Alignment 3: 1577490 1584428 | 11542 4597 | 6939 6946 | 95.3 | NZ_CP009610.1_Haemophilus_influenzae_strain_Hi375__complete_genome NODE_12_length_87982_cov_144.570938
			  Extensive misassembly ( relocation, inconsistency = -2634 ) between these two alignments
			Real Alignment 4: 1558319 1577535 | 33320 14131 | 19217 19190 | 97.49 | NZ_CP009610.1_Haemophilus_influenzae_strain_Hi375__complete_genome NODE_12_length_87982_cov_144.570938
			  Gap between these two alignments (local misassembly). Inconsistency = 489 
			Real Alignment 5: 1556272 1557804 | 34879 33346 | 1533 1534 | 97.52 | NZ_CP009610.1_Haemophilus_influenzae_strain_Hi375__complete_genome NODE_12_length_87982_cov_144.570938
			  Overlap between these two alignments (local misassembly). Inconsistency = -805 
			Real Alignment 6: 1555663 1556271 | 36293 35685 | 609 609 | 98.03 | NZ_CP009610.1_Haemophilus_influenzae_strain_Hi375__complete_genome NODE_12_length_87982_cov_144.570938
			  Extensive misassembly ( relocation, inconsistency = -1835 ) between these two alignments
			Real Alignment 7: 1516770 1553178 | 77070 40613 | 36409 36458 | 96.84 | NZ_CP009610.1_Haemophilus_influenzae_strain_Hi375__complete_genome NODE_12_length_87982_cov_144.570938
			  Extensive misassembly ( relocation, inconsistency = 28842 ) between these two alignments
			Real Alignment 8: 1481264 1481599 | 83733 83399 | 336 335 | 99.11 | NZ_CP009610.1_Haemophilus_influenzae_strain_Hi375__complete_genome NODE_12_length_87982_cov_144.570938

CONTIG: NODE_20_length_483_cov_386.440979 (609bp)
Top Length: 609  Top ID: 95.73
		Marking as insignificant: 962835 963045 | 399 609 | 211 211 | 96.68 | NZ_CP009610.1_Haemophilus_influenzae_strain_Hi375__complete_genome NODE_20_length_483_cov_386.440979
		Marking as insignificant: 846213 846423 | 399 609 | 211 211 | 96.68 | NZ_CP009610.1_Haemophilus_influenzae_strain_Hi375__complete_genome NODE_20_length_483_cov_386.440979
		Marking as insignificant: 421042 421252 | 609 399 | 211 211 | 96.68 | NZ_CP009610.1_Haemophilus_influenzae_strain_Hi375__complete_genome NODE_20_length_483_cov_386.440979
		This contig has 3 significant alignments. [An ambiguously mapped contig]
		Using only first of these alignment (option --ambiguity-usage is set to "one"):
		Alignment: 273326 273928 | 609 1 | 603 609 | 95.73 | NZ_CP009610.1_Haemophilus_influenzae_strain_Hi375__complete_genome NODE_20_length_483_cov_386.440979
		Skipping alignment  306892 307494 | 609 1 | 603 609 | 95.73 | NZ_CP009610.1_Haemophilus_influenzae_strain_Hi375__complete_genome NODE_20_length_483_cov_386.440979
		Skipping alignment  1108991 1109593 | 1 609 | 603 609 | 95.73 | NZ_CP009610.1_Haemophilus_influenzae_strain_Hi375__complete_genome NODE_20_length_483_cov_386.440979

CONTIG: NODE_23_length_1186_cov_265.353302 (1312bp)
		This contig is unaligned. (1312 bp)
		Unaligned bases: 1312  total: 1312

CONTIG: NODE_26_length_118173_cov_164.728897 (118299bp)
Top Length: 35062  Top ID: 97.16
		Skipping redundant alignment 966407 966548 | 236 377 | 142 142 | 97.18 | NZ_CP009610.1_Haemophilus_influenzae_strain_Hi375__complete_genome NODE_26_length_118173_cov_164.728897
		Skipping redundant alignment 156479 156548 | 19391 19460 | 70 70 | 100.0 | NZ_CP009610.1_Haemophilus_influenzae_strain_Hi375__complete_genome NODE_26_length_118173_cov_164.728897
		Skipping redundant alignment 303131 303215 | 98248 98164 | 85 85 | 100.0 | NZ_CP009610.1_Haemophilus_influenzae_strain_Hi375__complete_genome NODE_26_length_118173_cov_164.728897
		Skipping redundant alignment 303131 303211 | 98348 98268 | 81 81 | 100.0 | NZ_CP009610.1_Haemophilus_influenzae_strain_Hi375__complete_genome NODE_26_length_118173_cov_164.728897
		Skipping redundant alignment 1006964 1007226 | 106333 106594 | 263 262 | 96.59 | NZ_CP009610.1_Haemophilus_influenzae_strain_Hi375__complete_genome NODE_26_length_118173_cov_164.728897
		Skipping redundant alignment 641961 642039 | 106457 106379 | 79 79 | 100.0 | NZ_CP009610.1_Haemophilus_influenzae_strain_Hi375__complete_genome NODE_26_length_118173_cov_164.728897
		Skipping redundant alignment 1007330 1007411 | 106595 106676 | 82 82 | 100.0 | NZ_CP009610.1_Haemophilus_influenzae_strain_Hi375__complete_genome NODE_26_length_118173_cov_164.728897
		Skipping redundant alignment 1134720 1134797 | 106597 106674 | 78 78 | 100.0 | NZ_CP009610.1_Haemophilus_influenzae_strain_Hi375__complete_genome NODE_26_length_118173_cov_164.728897
		Skipping redundant alignment 291476 291555 | 117375 117296 | 80 80 | 100.0 | NZ_CP009610.1_Haemophilus_influenzae_strain_Hi375__complete_genome NODE_26_length_118173_cov_164.728897
		Skipping redundant alignment 422276 423198 | 118299 117378 | 923 922 | 99.24 | NZ_CP009610.1_Haemophilus_influenzae_strain_Hi375__complete_genome NODE_26_length_118173_cov_164.728897
		Skipping redundant alignment 844268 845189 | 117378 118299 | 922 922 | 98.59 | NZ_CP009610.1_Haemophilus_influenzae_strain_Hi375__complete_genome NODE_26_length_118173_cov_164.728897
		Skipping redundant alignment 274799 275721 | 118299 117378 | 923 922 | 98.37 | NZ_CP009610.1_Haemophilus_influenzae_strain_Hi375__complete_genome NODE_26_length_118173_cov_164.728897
		Skipping redundant alignment 308365 309287 | 118299 117378 | 923 922 | 98.37 | NZ_CP009610.1_Haemophilus_influenzae_strain_Hi375__complete_genome NODE_26_length_118173_cov_164.728897
		Skipping redundant alignment 1107198 1108120 | 117378 118299 | 923 922 | 98.37 | NZ_CP009610.1_Haemophilus_influenzae_strain_Hi375__complete_genome NODE_26_length_118173_cov_164.728897
		This contig is misassembled. 21 total aligns.
			Real Alignment 1: 849705 859056 | 162 9567 | 9352 9406 | 96.81 | NZ_CP009610.1_Haemophilus_influenzae_strain_Hi375__complete_genome NODE_26_length_118173_cov_164.728897
			  Gap between these two alignments (local misassembly). Inconsistency = 15 
			Real Alignment 2: 860068 895203 | 10564 45625 | 35136 35062 | 97.16 | NZ_CP009610.1_Haemophilus_influenzae_strain_Hi375__complete_genome NODE_26_length_118173_cov_164.728897
			  Extensive misassembly ( relocation, inconsistency = -5838 ) between these two alignments
			Real Alignment 3: 895231 914419 | 70680 51491 | 19189 19190 | 98.18 | NZ_CP009610.1_Haemophilus_influenzae_strain_Hi375__complete_genome NODE_26_length_118173_cov_164.728897
			  Extensive misassembly ( inversion ) between these two alignments
			Real Alignment 4: 914469 920431 | 71409 77372 | 5963 5964 | 99.01 | NZ_CP009610.1_Haemophilus_influenzae_strain_Hi375__complete_genome NODE_26_length_118173_cov_164.728897
			  Overlap between these two alignments (local misassembly). Inconsistency = -126 
			Real Alignment 5: 920425 950526 | 77492 107480 | 30102 29989 | 97.64 | NZ_CP009610.1_Haemophilus_influenzae_strain_Hi375__complete_genome NODE_26_length_118173_cov_164.728897
			  Gap between these two alignments (local misassembly). Inconsistency = 561 
			Real Alignment 6: 951284 952593 | 107677 108986 | 1310 1310 | 99.01 | NZ_CP009610.1_Haemophilus_influenzae_strain_Hi375__complete_genome NODE_26_length_118173_cov_164.728897
			  Overlap between these two alignments (local misassembly). Inconsistency = -93 
			Real Alignment 7: 952596 961811 | 109082 118299 | 9216 9218 | 96.08 | NZ_CP009610.1_Haemophilus_influenzae_strain_Hi375__complete_genome NODE_26_length_118173_cov_164.728897

CONTIG: NODE_28_length_2167_cov_134.466080 (2293bp)
		This contig is unaligned. (2293 bp)
		Unaligned bases: 2293  total: 3605

CONTIG: NODE_39_length_42854_cov_142.599518 (42980bp)
Top Length: 23359  Top ID: 97.87
		Skipping redundant alignment 1335231 1335892 | 40227 39566 | 662 662 | 95.17 | NZ_CP009610.1_Haemophilus_influenzae_strain_Hi375__complete_genome NODE_39_length_42854_cov_142.599518
		Skipping redundant alignment 1334546 1334805 | 40488 40229 | 260 260 | 96.54 | NZ_CP009610.1_Haemophilus_influenzae_strain_Hi375__complete_genome NODE_39_length_42854_cov_142.599518
		This contig is misassembled. 7 total aligns.
			Real Alignment 1: 1476407 1499767 | 1 23359 | 23361 23359 | 97.87 | NZ_CP009610.1_Haemophilus_influenzae_strain_Hi375__complete_genome NODE_39_length_42854_cov_142.599518
			  Gap between these two alignments (local misassembly). Inconsistency = 0 
			Real Alignment 2: 1499984 1500684 | 23576 24282 | 701 707 | 96.04 | NZ_CP009610.1_Haemophilus_influenzae_strain_Hi375__complete_genome NODE_39_length_42854_cov_142.599518
			  Extensive misassembly ( relocation, inconsistency = -1309 ) between these two alignments
			Real Alignment 3: 1500690 1515581 | 25597 40488 | 14892 14892 | 97.95 | NZ_CP009610.1_Haemophilus_influenzae_strain_Hi375__complete_genome NODE_39_length_42854_cov_142.599518
			  Extensive misassembly ( relocation, inconsistency = -187068 ) between these two alignments
			Real Alignment 4: 1328567 1330265 | 42239 40542 | 1699 1698 | 96.41 | NZ_CP009610.1_Haemophilus_influenzae_strain_Hi375__complete_genome NODE_39_length_42854_cov_142.599518
			  Extensive misassembly ( relocation, inconsistency = 144340 ) between these two alignments
			Real Alignment 5: 1475221 1475346 | 42855 42980 | 126 126 | 98.41 | NZ_CP009610.1_Haemophilus_influenzae_strain_Hi375__complete_genome NODE_39_length_42854_cov_142.599518

CONTIG: NODE_45_length_390_cov_744.241028 (516bp)
Top Length: 516  Top ID: 99.61
		This contig has 6 significant alignments. [An ambiguously mapped contig]
		Using only first of these alignment (option --ambiguity-usage is set to "one"):
		Alignment: 272023 272538 | 516 1 | 516 516 | 99.61 | NZ_CP009610.1_Haemophilus_influenzae_strain_Hi375__complete_genome NODE_45_length_390_cov_744.241028
		Skipping alignment  305590 306105 | 516 1 | 516 516 | 99.61 | NZ_CP009610.1_Haemophilus_influenzae_strain_Hi375__complete_genome NODE_45_length_390_cov_744.241028
		Skipping alignment  419741 420256 | 516 1 | 516 516 | 99.61 | NZ_CP009610.1_Haemophilus_influenzae_strain_Hi375__complete_genome NODE_45_length_390_cov_744.241028
		Skipping alignment  847209 847724 | 1 516 | 516 516 | 99.61 | NZ_CP009610.1_Haemophilus_influenzae_strain_Hi375__complete_genome NODE_45_length_390_cov_744.241028
		Skipping alignment  963832 964348 | 1 516 | 517 516 | 99.42 | NZ_CP009610.1_Haemophilus_influenzae_strain_Hi375__complete_genome NODE_45_length_390_cov_744.241028
		Skipping alignment  1110380 1110894 | 1 516 | 515 516 | 99.42 | NZ_CP009610.1_Haemophilus_influenzae_strain_Hi375__complete_genome NODE_45_length_390_cov_744.241028

CONTIG: NODE_47_length_398_cov_79.638191 (524bp)
Top Length: 524  Top ID: 95.04
		This contig has 3 significant alignments. [An ambiguously mapped contig]
		Using only first of these alignment (option --ambiguity-usage is set to "one"):
		Alignment: 273411 273928 | 1 524 | 518 524 | 95.04 | NZ_CP009610.1_Haemophilus_influenzae_strain_Hi375__complete_genome NODE_47_length_398_cov_79.638191
		Skipping alignment  306977 307494 | 1 524 | 518 524 | 95.04 | NZ_CP009610.1_Haemophilus_influenzae_strain_Hi375__complete_genome NODE_47_length_398_cov_79.638191
		Skipping alignment  1108991 1109508 | 524 1 | 518 524 | 95.04 | NZ_CP009610.1_Haemophilus_influenzae_strain_Hi375__complete_genome NODE_47_length_398_cov_79.638191

CONTIG: NODE_49_length_250248_cov_144.423798 (250374bp)
Top Length: 54344  Top ID: 97.66
		Skipping redundant alignment 1585642 1585843 | 201 1 | 202 201 | 98.02 | NZ_CP009610.1_Haemophilus_influenzae_strain_Hi375__complete_genome NODE_49_length_250248_cov_144.423798
		Skipping redundant alignment 1642232 1642365 | 36439 36306 | 134 134 | 97.76 | NZ_CP009610.1_Haemophilus_influenzae_strain_Hi375__complete_genome NODE_49_length_250248_cov_144.423798
		Skipping redundant alignment 1515322 1515758 | 126415 125975 | 437 441 | 97.28 | NZ_CP009610.1_Haemophilus_influenzae_strain_Hi375__complete_genome NODE_49_length_250248_cov_144.423798
		Skipping redundant alignment 1514659 1515320 | 127501 126841 | 662 661 | 96.83 | NZ_CP009610.1_Haemophilus_influenzae_strain_Hi375__complete_genome NODE_49_length_250248_cov_144.423798
		Skipping redundant alignment 374370 374436 | 189231 189297 | 67 67 | 100.0 | NZ_CP009610.1_Haemophilus_influenzae_strain_Hi375__complete_genome NODE_49_length_250248_cov_144.423798
		Skipping redundant alignment 319089 319162 | 189232 189305 | 74 74 | 98.65 | NZ_CP009610.1_Haemophilus_influenzae_strain_Hi375__complete_genome NODE_49_length_250248_cov_144.423798
		Skipping redundant alignment 374407 374480 | 189232 189305 | 74 74 | 98.65 | NZ_CP009610.1_Haemophilus_influenzae_strain_Hi375__complete_genome NODE_49_length_250248_cov_144.423798
		Skipping redundant alignment 431690 431763 | 189232 189305 | 74 74 | 98.65 | NZ_CP009610.1_Haemophilus_influenzae_strain_Hi375__complete_genome NODE_49_length_250248_cov_144.423798
		Skipping redundant alignment 431622 431687 | 189232 189297 | 66 66 | 100.0 | NZ_CP009610.1_Haemophilus_influenzae_strain_Hi375__complete_genome NODE_49_length_250248_cov_144.423798
		Skipping redundant alignment 658835 659186 | 208381 208030 | 352 352 | 96.02 | NZ_CP009610.1_Haemophilus_influenzae_strain_Hi375__complete_genome NODE_49_length_250248_cov_144.423798
		Skipping redundant alignment 1434947 1435777 | 211851 212679 | 831 829 | 99.16 | NZ_CP009610.1_Haemophilus_influenzae_strain_Hi375__complete_genome NODE_49_length_250248_cov_144.423798
		Skipping redundant alignment 231068 231143 | 244957 245032 | 76 76 | 100.0 | NZ_CP009610.1_Haemophilus_influenzae_strain_Hi375__complete_genome NODE_49_length_250248_cov_144.423798
		Skipping redundant alignment 567921 568015 | 244958 245052 | 95 95 | 100.0 | NZ_CP009610.1_Haemophilus_influenzae_strain_Hi375__complete_genome NODE_49_length_250248_cov_144.423798
		Skipping redundant alignment 231068 231143 | 244977 245052 | 76 76 | 100.0 | NZ_CP009610.1_Haemophilus_influenzae_strain_Hi375__complete_genome NODE_49_length_250248_cov_144.423798
			Skipping redundant alignments after choosing the best set of alignments
		Skipping redundant alignment 567924 568019 | 244957 245052 | 96 96 | 100.0 | NZ_CP009610.1_Haemophilus_influenzae_strain_Hi375__complete_genome NODE_49_length_250248_cov_144.423798
		This contig is misassembled. 35 total aligns.
			Real Alignment 1: 1183304 1199721 | 8 16398 | 16418 16391 | 96.64 | NZ_CP009610.1_Haemophilus_influenzae_strain_Hi375__complete_genome NODE_49_length_250248_cov_144.423798
			  Gap between these two alignments (local misassembly). Inconsistency = 428 
			Real Alignment 2: 1200156 1215165 | 16405 31416 | 15010 15012 | 99.1 | NZ_CP009610.1_Haemophilus_influenzae_strain_Hi375__complete_genome NODE_49_length_250248_cov_144.423798
			  Overlap between these two alignments (local misassembly). Inconsistency = -404 
			Real Alignment 3: 1215163 1215397 | 31818 32052 | 235 235 | 99.57 | NZ_CP009610.1_Haemophilus_influenzae_strain_Hi375__complete_genome NODE_49_length_250248_cov_144.423798
			  Gap between these two alignments (local misassembly). Inconsistency = 236 
			Real Alignment 4: 1215641 1270033 | 32060 86403 | 54393 54344 | 97.66 | NZ_CP009610.1_Haemophilus_influenzae_strain_Hi375__complete_genome NODE_49_length_250248_cov_144.423798
			  Overlap between these two alignments (local misassembly). Inconsistency = -591 
			Real Alignment 5: 1270024 1285617 | 86985 102602 | 15594 15618 | 97.38 | NZ_CP009610.1_Haemophilus_influenzae_strain_Hi375__complete_genome NODE_49_length_250248_cov_144.423798
			  Extensive misassembly ( relocation, inconsistency = 25488 ) between these two alignments
			Real Alignment 6: 1311764 1320702 | 103261 112182 | 8939 8922 | 96.51 | NZ_CP009610.1_Haemophilus_influenzae_strain_Hi375__complete_genome NODE_49_length_250248_cov_144.423798
			  Overlap between these two alignments (local misassembly). Inconsistency = -45 
			Real Alignment 7: 1322219 1322501 | 113744 114026 | 283 283 | 95.76 | NZ_CP009610.1_Haemophilus_influenzae_strain_Hi375__complete_genome NODE_49_length_250248_cov_144.423798
			  Overlap between these two alignments (local misassembly). Inconsistency = -81 
			Real Alignment 8: 1322909 1347808 | 114515 139416 | 24900 24902 | 97.63 | NZ_CP009610.1_Haemophilus_influenzae_strain_Hi375__complete_genome NODE_49_length_250248_cov_144.423798
			  Overlap between these two alignments (local misassembly). Inconsistency = -122 
			Real Alignment 9: 1347852 1376203 | 139582 167939 | 28352 28358 | 96.23 | NZ_CP009610.1_Haemophilus_influenzae_strain_Hi375__complete_genome NODE_49_length_250248_cov_144.423798
			  Gap between these two alignments (local misassembly). Inconsistency = 21 
			Real Alignment 10: 1376495 1380854 | 168210 172575 | 4360 4366 | 95.34 | NZ_CP009610.1_Haemophilus_influenzae_strain_Hi375__complete_genome NODE_49_length_250248_cov_144.423798
			  Extensive misassembly ( relocation, inconsistency = 1987 ) between these two alignments
			Real Alignment 11: 1382873 1408876 | 172607 198567 | 26004 25961 | 97.25 | NZ_CP009610.1_Haemophilus_influenzae_strain_Hi375__complete_genome NODE_49_length_250248_cov_144.423798
			  Extensive misassembly ( relocation, inconsistency = 1092 ) between these two alignments
			Real Alignment 12: 1411090 1417956 | 199689 206582 | 6867 6894 | 96.59 | NZ_CP009610.1_Haemophilus_influenzae_strain_Hi375__complete_genome NODE_49_length_250248_cov_144.423798
			  Extensive misassembly ( relocation, inconsistency = 11244 ) between these two alignments
			Real Alignment 13: 1430648 1431023 | 208030 208405 | 376 376 | 96.28 | NZ_CP009610.1_Haemophilus_influenzae_strain_Hi375__complete_genome NODE_49_length_250248_cov_144.423798
			  Extensive misassembly ( relocation, inconsistency = -780206 ) between these two alignments
			Real Alignment 14: 654268 655791 | 213381 211856 | 1524 1526 | 96.73 | NZ_CP009610.1_Haemophilus_influenzae_strain_Hi375__complete_genome NODE_49_length_250248_cov_144.423798
			  Extensive misassembly ( relocation, inconsistency = 781558 ) between these two alignments
			Real Alignment 15: 1437999 1439393 | 214031 215413 | 1395 1383 | 95.99 | NZ_CP009610.1_Haemophilus_influenzae_strain_Hi375__complete_genome NODE_49_length_250248_cov_144.423798
			  Overlap between these two alignments (local misassembly). Inconsistency = -440 
			Excluding internal overlap of size 10 between Alignment 16 and 17:  1464670 1469092 | 240120 244546 | 4423 4427 --> 1464680 1469092 | 240130 244546 | 4413 4417
			Real Alignment 16: 1439392 1463636 | 215852 240129 | 24245 24278 | 97.49 | NZ_CP009610.1_Haemophilus_influenzae_strain_Hi375__complete_genome NODE_49_length_250248_cov_144.423798
			  Extensive misassembly ( relocation, inconsistency = 1043 ) between these two alignments
			Real Alignment 17: 1464680 1469092 | 240130 244546 | 4413 4417 | 98.15 | NZ_CP009610.1_Haemophilus_influenzae_strain_Hi375__complete_genome NODE_49_length_250248_cov_144.423798
			  Gap between these two alignments (local misassembly). Inconsistency = 561 
			Excluding internal overlap of size 10 between Alignment 18 and 19:  567944 568039 | 244957 245052 | 96 96 --> 567954 568039 | 244967 245052 | 86 86
			Real Alignment 18: 1469877 1470071 | 244770 244966 | 195 197 | 96.95 | NZ_CP009610.1_Haemophilus_influenzae_strain_Hi375__complete_genome NODE_49_length_250248_cov_144.423798
			  Extensive misassembly ( relocation, inconsistency = -902118 ) between these two alignments
			Real Alignment 19: 567954 568039 | 244967 245052 | 86 86 | 100.0 | NZ_CP009610.1_Haemophilus_influenzae_strain_Hi375__complete_genome NODE_49_length_250248_cov_144.423798
			  Extensive misassembly ( relocation, inconsistency = 901952 ) between these two alignments
			Real Alignment 20: 1470108 1475346 | 245169 250374 | 5239 5206 | 96.09 | NZ_CP009610.1_Haemophilus_influenzae_strain_Hi375__complete_genome NODE_49_length_250248_cov_144.423798

CONTIG: NODE_60_length_545845_cov_167.814865 (545971bp)
Top Length: 43182  Top ID: 98.84
		Skipping redundant alignment 848096 850000 | 1 1884 | 1905 1884 | 95.33 | NZ_CP009610.1_Haemophilus_influenzae_strain_Hi375__complete_genome NODE_60_length_545845_cov_167.814865
		Skipping redundant alignment 417528 419369 | 1823 1 | 1842 1823 | 95.71 | NZ_CP009610.1_Haemophilus_influenzae_strain_Hi375__complete_genome NODE_60_length_545845_cov_167.814865
		Skipping redundant alignment 1111266 1113108 | 1 1822 | 1843 1822 | 95.5 | NZ_CP009610.1_Haemophilus_influenzae_strain_Hi375__complete_genome NODE_60_length_545845_cov_167.814865
		Skipping redundant alignment 303386 305218 | 1814 1 | 1833 1814 | 95.53 | NZ_CP009610.1_Haemophilus_influenzae_strain_Hi375__complete_genome NODE_60_length_545845_cov_167.814865
		Skipping redundant alignment 567921 568041 | 42356 42236 | 121 121 | 100.0 | NZ_CP009610.1_Haemophilus_influenzae_strain_Hi375__complete_genome NODE_60_length_545845_cov_167.814865
		Skipping redundant alignment 567921 568041 | 42360 42240 | 121 121 | 100.0 | NZ_CP009610.1_Haemophilus_influenzae_strain_Hi375__complete_genome NODE_60_length_545845_cov_167.814865
		Skipping redundant alignment 567924 568041 | 42361 42244 | 118 118 | 100.0 | NZ_CP009610.1_Haemophilus_influenzae_strain_Hi375__complete_genome NODE_60_length_545845_cov_167.814865
		Skipping redundant alignment 221075 231143 | 52354 42282 | 10069 10073 | 97.96 | NZ_CP009610.1_Haemophilus_influenzae_strain_Hi375__complete_genome NODE_60_length_545845_cov_167.814865
		Skipping redundant alignment 1699331 1710043 | 441173 430486 | 10713 10688 | 96.66 | NZ_CP009610.1_Haemophilus_influenzae_strain_Hi375__complete_genome NODE_60_length_545845_cov_167.814865
		This contig is misassembled. 41 total aligns.
			Real Alignment 1: 254496 271653 | 17136 1 | 17158 17136 | 97.72 | NZ_CP009610.1_Haemophilus_influenzae_strain_Hi375__complete_genome NODE_60_length_545845_cov_167.814865
			  Overlap between these two alignments (local misassembly). Inconsistency = -556 
			Real Alignment 2: 244038 245241 | 28154 26947 | 1204 1208 | 98.18 | NZ_CP009610.1_Haemophilus_influenzae_strain_Hi375__complete_genome NODE_60_length_545845_cov_167.814865
			  Extensive misassembly ( relocation, inconsistency = -1184 ) between these two alignments
			Excluding internal overlap of size 24 between Alignment 3 and 4:  220305 231143 | 53123 42286 | 10839 10838 --> 220305 231119 | 53123 42310 | 10815 10814
			Real Alignment 3: 231068 243967 | 42309 29409 | 12900 12901 | 99.02 | NZ_CP009610.1_Haemophilus_influenzae_strain_Hi375__complete_genome NODE_60_length_545845_cov_167.814865
			  Fake misassembly between these two alignments: inconsistency = -52 , gap in the contig is small or absent or filled mostly with Ns (long indel: insertion of length 52; 0 mismatches)
			Real Alignment 4: 220305 231119 | 53123 42310 | 10815 10814 | 97.38 | NZ_CP009610.1_Haemophilus_influenzae_strain_Hi375__complete_genome NODE_60_length_545845_cov_167.814865
			  Gap between these two alignments (local misassembly). Inconsistency = 0 
			Real Alignment 5: 215903 219954 | 57529 53474 | 4052 4056 | 95.07 | NZ_CP009610.1_Haemophilus_influenzae_strain_Hi375__complete_genome NODE_60_length_545845_cov_167.814865
			  Extensive misassembly ( relocation, inconsistency = -4379 ) between these two alignments
			Real Alignment 6: 194445 210711 | 83364 67100 | 16267 16265 | 99.49 | NZ_CP009610.1_Haemophilus_influenzae_strain_Hi375__complete_genome NODE_60_length_545845_cov_167.814865
			  Overlap between these two alignments (local misassembly). Inconsistency = -382 
			Real Alignment 7: 162296 194455 | 115896 83736 | 32160 32161 | 97.75 | NZ_CP009610.1_Haemophilus_influenzae_strain_Hi375__complete_genome NODE_60_length_545845_cov_167.814865
			  Overlap between these two alignments (local misassembly). Inconsistency = -215 
			Excluding internal overlap of size 1 between Alignment 8 and 9:  132869 146748 | 145374 131502 | 13880 13873 --> 132869 146747 | 145374 131503 | 13879 13872
			Real Alignment 8: 146892 162295 | 131502 116112 | 15404 15391 | 97.52 | NZ_CP009610.1_Haemophilus_influenzae_strain_Hi375__complete_genome NODE_60_length_545845_cov_167.814865
			  Gap between these two alignments (local misassembly). Inconsistency = 144 
			Real Alignment 9: 132869 146747 | 145374 131503 | 13879 13872 | 96.04 | NZ_CP009610.1_Haemophilus_influenzae_strain_Hi375__complete_genome NODE_60_length_545845_cov_167.814865
			  Extensive misassembly ( relocation, inconsistency = 1049 ) between these two alignments
			Real Alignment 10: 130180 131540 | 147014 145654 | 1361 1361 | 97.87 | NZ_CP009610.1_Haemophilus_influenzae_strain_Hi375__complete_genome NODE_60_length_545845_cov_167.814865
			  Extensive misassembly ( relocation, inconsistency = -8898 ) between these two alignments
			Real Alignment 11: 115607 129035 | 170524 157057 | 13429 13468 | 96.29 | NZ_CP009610.1_Haemophilus_influenzae_strain_Hi375__complete_genome NODE_60_length_545845_cov_167.814865
			  Gap between these two alignments (local misassembly). Inconsistency = 680 
			Real Alignment 12: 73949 112398 | 211543 173053 | 38450 38491 | 96.26 | NZ_CP009610.1_Haemophilus_influenzae_strain_Hi375__complete_genome NODE_60_length_545845_cov_167.814865
			  Extensive misassembly ( relocation, inconsistency = -2803 ) between these two alignments
			Real Alignment 13: 28629 71063 | 259701 217232 | 42435 42470 | 96.74 | NZ_CP009610.1_Haemophilus_influenzae_strain_Hi375__complete_genome NODE_60_length_545845_cov_167.814865
			  Gap between these two alignments (local misassembly). Inconsistency = 101 
			Real Alignment 14: 21891 28461 | 266320 259768 | 6571 6553 | 96.27 | NZ_CP009610.1_Haemophilus_influenzae_strain_Hi375__complete_genome NODE_60_length_545845_cov_167.814865
			  Overlap between these two alignments (local misassembly). Inconsistency = -585 
			Real Alignment 15: 11898 21878 | 276923 266918 | 9981 10006 | 96.22 | NZ_CP009610.1_Haemophilus_influenzae_strain_Hi375__complete_genome NODE_60_length_545845_cov_167.814865
			  Gap between these two alignments (local misassembly). Inconsistency = 100 
			Real Alignment 16: 8690 11797 | 280043 276924 | 3108 3120 | 95.13 | NZ_CP009610.1_Haemophilus_influenzae_strain_Hi375__complete_genome NODE_60_length_545845_cov_167.814865
			  Gap between these two alignments (local misassembly). Inconsistency = 39 
			Real Alignment 17: 7991 8508 | 280700 280186 | 518 515 | 95.75 | NZ_CP009610.1_Haemophilus_influenzae_strain_Hi375__complete_genome NODE_60_length_545845_cov_167.814865
			  Gap between these two alignments (local misassembly). Inconsistency = 928 
			Real Alignment 18: 1 4097 | 287764 283666 | 4097 4099 | 96.41 | NZ_CP009610.1_Haemophilus_influenzae_strain_Hi375__complete_genome NODE_60_length_545845_cov_167.814865
			  Fake misassembly (caused by linear representation of circular genome) between these two alignments
			Real Alignment 19: 1847929 1850897 | 290728 287765 | 2969 2964 | 95.97 | NZ_CP009610.1_Haemophilus_influenzae_strain_Hi375__complete_genome NODE_60_length_545845_cov_167.814865
			  Overlap between these two alignments (local misassembly). Inconsistency = -43 
			Real Alignment 20: 1841923 1846326 | 296763 292374 | 4404 4390 | 97.37 | NZ_CP009610.1_Haemophilus_influenzae_strain_Hi375__complete_genome NODE_60_length_545845_cov_167.814865
			  Gap between these two alignments (local misassembly). Inconsistency = 233 
			Real Alignment 21: 1822959 1841584 | 315490 296869 | 18626 18622 | 97.06 | NZ_CP009610.1_Haemophilus_influenzae_strain_Hi375__complete_genome NODE_60_length_545845_cov_167.814865
			  Extensive misassembly ( relocation, inconsistency = 3399 ) between these two alignments
			Real Alignment 22: 1803976 1817908 | 331048 317142 | 13933 13907 | 96.79 | NZ_CP009610.1_Haemophilus_influenzae_strain_Hi375__complete_genome NODE_60_length_545845_cov_167.814865
			  Gap between these two alignments (local misassembly). Inconsistency = 18 
			Real Alignment 23: 1792151 1803134 | 342822 331872 | 10984 10951 | 96.3 | NZ_CP009610.1_Haemophilus_influenzae_strain_Hi375__complete_genome NODE_60_length_545845_cov_167.814865
			  Extensive misassembly ( relocation, inconsistency = -1388 ) between these two alignments
			Real Alignment 24: 1778921 1792185 | 357494 344176 | 13265 13319 | 97.34 | NZ_CP009610.1_Haemophilus_influenzae_strain_Hi375__complete_genome NODE_60_length_545845_cov_167.814865
			  Gap between these two alignments (local misassembly). Inconsistency = 34 
			Real Alignment 25: 1767948 1778710 | 368429 357671 | 10763 10759 | 97.87 | NZ_CP009610.1_Haemophilus_influenzae_strain_Hi375__complete_genome NODE_60_length_545845_cov_167.814865
			  Gap between these two alignments (local misassembly). Inconsistency = 2 
			Real Alignment 26: 1753033 1767823 | 383339 368552 | 14791 14788 | 98.05 | NZ_CP009610.1_Haemophilus_influenzae_strain_Hi375__complete_genome NODE_60_length_545845_cov_167.814865
			  Extensive misassembly ( relocation, inconsistency = -3991 ) between these two alignments
			Real Alignment 27: 1710020 1753199 | 430345 387164 | 43180 43182 | 98.84 | NZ_CP009610.1_Haemophilus_influenzae_strain_Hi375__complete_genome NODE_60_length_545845_cov_167.814865
			  Overlap between these two alignments (local misassembly). Inconsistency = -164 
			Real Alignment 28: 1688637 1710020 | 451903 430509 | 21384 21395 | 96.31 | NZ_CP009610.1_Haemophilus_influenzae_strain_Hi375__complete_genome NODE_60_length_545845_cov_167.814865
			  Gap between these two alignments (local misassembly). Inconsistency = 7 
			Real Alignment 29: 1652808 1688531 | 487727 452002 | 35724 35726 | 97.22 | NZ_CP009610.1_Haemophilus_influenzae_strain_Hi375__complete_genome NODE_60_length_545845_cov_167.814865
			  Overlap between these two alignments (local misassembly). Inconsistency = -41 
			Real Alignment 30: 1645522 1652706 | 495058 487870 | 7185 7189 | 95.34 | NZ_CP009610.1_Haemophilus_influenzae_strain_Hi375__complete_genome NODE_60_length_545845_cov_167.814865
			  Gap between these two alignments (local misassembly). Inconsistency = 90 
			Real Alignment 31: 1613616 1645296 | 526879 495194 | 31681 31686 | 97.73 | NZ_CP009610.1_Haemophilus_influenzae_strain_Hi375__complete_genome NODE_60_length_545845_cov_167.814865
			  Overlap between these two alignments (local misassembly). Inconsistency = -348 
			Real Alignment 32: 1594872 1613611 | 545971 527232 | 18740 18740 | 98.84 | NZ_CP009610.1_Haemophilus_influenzae_strain_Hi375__complete_genome NODE_60_length_545845_cov_167.814865

Analyzing coverage...
Writing SNPs into /data/projects/Assembly/Aroon/reports/GCF_000767075.1_ASM76707v1_genomic/contigs_reports/nucmer_output/M05964_contigs.used_snps
	Reference NZ_CP009610.1_Haemophilus_influenzae_strain_Hi375__complete_genome: 134 total alignments. 1 total regions.
		Region: 1 to 1850897 (1850897 bp)
			Align 1: 1 4097 NODE_60_length_545845_cov_167.814865 287764 283666
				Gap between this and next alignment: 4097 to 7991 (3893 bp)
				Next Alignment: 7991 8508 NODE_60_length_545845_cov_167.814865 280700 280186

			Align 2: 7991 8508 NODE_60_length_545845_cov_167.814865 280700 280186
				Gap between this and next alignment: 8508 to 8690 (181 bp)
				Next Alignment: 8690 11797 NODE_60_length_545845_cov_167.814865 280043 276924

			Align 3: 8690 11797 NODE_60_length_545845_cov_167.814865 280043 276924
				Gap between this and next alignment: 11797 to 11898 (100 bp)
				Next Alignment: 11898 21878 NODE_60_length_545845_cov_167.814865 276923 266918

			Align 4: 11898 21878 NODE_60_length_545845_cov_167.814865 276923 266918
				Gap between this and next alignment: 21878 to 21891 (12 bp)
				Next Alignment: 21891 28461 NODE_60_length_545845_cov_167.814865 266320 259768

			Align 5: 21891 28461 NODE_60_length_545845_cov_167.814865 266320 259768
				Gap between this and next alignment: 28461 to 28629 (167 bp)
				Next Alignment: 28629 71063 NODE_60_length_545845_cov_167.814865 259701 217232

			Align 6: 28629 71063 NODE_60_length_545845_cov_167.814865 259701 217232
				Gap between this and next alignment: 71063 to 73949 (2885 bp)
				Next Alignment: 73949 112398 NODE_60_length_545845_cov_167.814865 211543 173053

			Align 7: 73949 112398 NODE_60_length_545845_cov_167.814865 211543 173053
				Gap between this and next alignment: 112398 to 115607 (3208 bp)
				Next Alignment: 115607 129035 NODE_60_length_545845_cov_167.814865 170524 157057

			Align 8: 115607 129035 NODE_60_length_545845_cov_167.814865 170524 157057
				Gap between this and next alignment: 129035 to 130180 (1144 bp)
				Next Alignment: 130180 131540 NODE_60_length_545845_cov_167.814865 147014 145654

			Align 9: 130180 131540 NODE_60_length_545845_cov_167.814865 147014 145654
				Gap between this and next alignment: 131540 to 132869 (1328 bp)
				Next Alignment: 132869 146747 NODE_60_length_545845_cov_167.814865 145374 131503

			Align 10: 132869 146747 NODE_60_length_545845_cov_167.814865 145374 131503
				Gap between this and next alignment: 146747 to 146892 (144 bp)
				Next Alignment: 146892 162295 NODE_60_length_545845_cov_167.814865 131502 116112

			Align 11: 146892 162295 NODE_60_length_545845_cov_167.814865 131502 116112
				Next Alignment: 162296 194455 NODE_60_length_545845_cov_167.814865 115896 83736

			Align 12: 162296 194455 NODE_60_length_545845_cov_167.814865 115896 83736
				Negative gap (overlap) between this and next alignment: 194455 to 194445 (-10 bp)
				Next Alignment: 194445 210711 NODE_60_length_545845_cov_167.814865 83364 67100

			Previous gap was negative, modifying coordinates to ignore overlap
				Moving contig start from 83364 to 83353.
			Align 13: 194456 210711 NODE_60_length_545845_cov_167.814865 83353 67100
				Gap between this and next alignment: 210711 to 215903 (5191 bp)
				Next Alignment: 215903 219954 NODE_60_length_545845_cov_167.814865 57529 53474

			Align 14: 215903 219954 NODE_60_length_545845_cov_167.814865 57529 53474
				Gap between this and next alignment: 219954 to 220305 (350 bp)
				Next Alignment: 220305 231119 NODE_60_length_545845_cov_167.814865 53123 42310

			Align 15: 220305 231119 NODE_60_length_545845_cov_167.814865 53123 42310
				Negative gap (overlap) between this and next alignment: 231119 to 231068 (-51 bp)
				Next Alignment: 231068 243967 NODE_60_length_545845_cov_167.814865 42309 29409

			Previous gap was negative, modifying coordinates to ignore overlap
				Moving contig start from 42309 to 42257.
			Align 16: 231120 243967 NODE_60_length_545845_cov_167.814865 42257 29409
				Gap between this and next alignment: 243967 to 244038 (70 bp)
				Next Alignment: 244038 245241 NODE_60_length_545845_cov_167.814865 28154 26947

			Align 17: 244038 245241 NODE_60_length_545845_cov_167.814865 28154 26947
				Gap between this and next alignment: 245241 to 254496 (9254 bp)
				Next Alignment: 254496 271653 NODE_60_length_545845_cov_167.814865 17136 1

			Align 18: 254496 271653 NODE_60_length_545845_cov_167.814865 17136 1
				The next alignment (269776 269946 NODE_10_length_50905_cov_184.963623 171 1) is redundant. Skipping.
				The next alignment (270448 271653 NODE_11_length_1086_cov_655.151917 7 1212) is redundant. Skipping.
				Gap between this and next alignment: 271653 to 272023 (369 bp)
				Next Alignment: 272023 272538 NODE_45_length_390_cov_744.241028 516 1

			Align 21: 272023 272538 NODE_45_length_390_cov_744.241028 516 1
				Gap between this and next alignment: 272538 to 273326 (787 bp)
				Next Alignment: 273326 273928 NODE_20_length_483_cov_386.440979 609 1

			Align 22: 273326 273928 NODE_20_length_483_cov_386.440979 609 1
				The next alignment (273411 273928 NODE_47_length_398_cov_79.638191 1 524) is redundant. Skipping.
				Gap between this and next alignment: 273928 to 273957 (28 bp)
				Next Alignment: 273957 274924 NODE_6_length_842_cov_765.074829 1 968

			Align 24: 273957 274924 NODE_6_length_842_cov_765.074829 1 968
				Gap between this and next alignment: 274924 to 275725 (800 bp)
				Next Alignment: 275725 303511 NODE_2_length_27589_cov_169.095764 27715 1

			Align 25: 275725 303511 NODE_2_length_27589_cov_169.095764 27715 1
				Gap between this and next alignment: 303511 to 309307 (5795 bp)
				Next Alignment: 309307 319154 NODE_5_length_444826_cov_179.227036 444952 435109

			Align 26: 309307 319154 NODE_5_length_444826_cov_179.227036 444952 435109
				Negative gap (overlap) between this and next alignment: 319154 to 319071 (-83 bp)
				Next Alignment: 319071 319192 NODE_10_length_50905_cov_184.963623 42470 42349

			Previous gap was negative, modifying coordinates to ignore overlap
				Moving contig start from 42470 to 42386.
			Align 27: 319155 319192 NODE_10_length_50905_cov_184.963623 42386 42349
				Gap between this and next alignment: 319192 to 320340 (1147 bp)
				Next Alignment: 320340 327300 NODE_5_length_444826_cov_179.227036 433891 426935

			Align 28: 320340 327300 NODE_5_length_444826_cov_179.227036 433891 426935
				Negative gap (overlap) between this and next alignment: 327300 to 327294 (-6 bp)
				Next Alignment: 327294 329989 NODE_5_length_444826_cov_179.227036 425258 422563

			Previous gap was negative, modifying coordinates to ignore overlap
				Moving contig start from 425258 to 425251.
			Align 29: 327301 329989 NODE_5_length_444826_cov_179.227036 425251 422563
				Gap between this and next alignment: 329989 to 333098 (3108 bp)
				Next Alignment: 333098 346963 NODE_5_length_444826_cov_179.227036 422562 408684

			Align 30: 333098 346963 NODE_5_length_444826_cov_179.227036 422562 408684
				Gap between this and next alignment: 346963 to 347514 (550 bp)
				Next Alignment: 347514 351187 NODE_5_length_444826_cov_179.227036 400019 396324

			Align 31: 347514 351187 NODE_5_length_444826_cov_179.227036 400019 396324
				The next alignment (350229 350305 NODE_5_length_444826_cov_179.227036 408683 408607) is redundant. Skipping.
				Gap between this and next alignment: 351187 to 357175 (5987 bp)
				Next Alignment: 357175 359067 NODE_5_length_444826_cov_179.227036 408606 406712

			Align 33: 357175 359067 NODE_5_length_444826_cov_179.227036 408606 406712
				Gap between this and next alignment: 359067 to 359486 (418 bp)
				Next Alignment: 359486 366171 NODE_5_length_444826_cov_179.227036 406711 400020

			Align 34: 359486 366171 NODE_5_length_444826_cov_179.227036 406711 400020
				Negative gap (overlap) between this and next alignment: 366171 to 365503 (-668 bp)
				Next Alignment: 365503 370329 NODE_5_length_444826_cov_179.227036 382113 377297

			Previous gap was negative, modifying coordinates to ignore overlap
				Moving contig start from 382113 to 381435.
			Align 35: 366172 370329 NODE_5_length_444826_cov_179.227036 381435 377297
				Gap between this and next alignment: 370329 to 377581 (7251 bp)
				Next Alignment: 377581 393027 NODE_10_length_50905_cov_184.963623 39136 23652

			Align 36: 377581 393027 NODE_10_length_50905_cov_184.963623 39136 23652
				Gap between this and next alignment: 393027 to 393310 (282 bp)
				Next Alignment: 393310 406251 NODE_10_length_50905_cov_184.963623 23393 10458

			Align 37: 393310 406251 NODE_10_length_50905_cov_184.963623 23393 10458
				Gap between this and next alignment: 406251 to 406542 (290 bp)
				Next Alignment: 406542 416519 NODE_10_length_50905_cov_184.963623 10165 172

			Align 38: 406542 416519 NODE_10_length_50905_cov_184.963623 10165 172
				Gap between this and next alignment: 416519 to 417527 (1007 bp)
				Next Alignment: 417527 417792 NODE_3_length_179628_cov_156.746414 179202 179466

			Align 39: 417527 417792 NODE_3_length_179628_cov_156.746414 179202 179466
				Gap between this and next alignment: 417792 to 422276 (4483 bp)
				Next Alignment: 422276 423067 NODE_7_length_666_cov_698.303284 792 1

			Align 40: 422276 423067 NODE_7_length_666_cov_698.303284 792 1
				Gap between this and next alignment: 423067 to 423153 (85 bp)
				Next Alignment: 423153 431564 NODE_10_length_50905_cov_184.963623 51031 42612

			Align 41: 423153 431564 NODE_10_length_50905_cov_184.963623 51031 42612
				Gap between this and next alignment: 431564 to 431712 (147 bp)
				Next Alignment: 431712 431793 NODE_5_length_444826_cov_179.227036 435108 435027

			Align 42: 431712 431793 NODE_5_length_444826_cov_179.227036 435108 435027
				Gap between this and next alignment: 431793 to 435529 (3735 bp)
				Next Alignment: 435529 441416 NODE_5_length_444826_cov_179.227036 368463 362577

			Align 43: 435529 441416 NODE_5_length_444826_cov_179.227036 368463 362577
				Gap between this and next alignment: 441416 to 441800 (383 bp)
				Next Alignment: 441800 461170 NODE_5_length_444826_cov_179.227036 361327 341954

			Align 44: 441800 461170 NODE_5_length_444826_cov_179.227036 361327 341954
				Gap between this and next alignment: 461170 to 461172 (1 bp)
				Next Alignment: 461172 469056 NODE_5_length_444826_cov_179.227036 339198 331312

			Align 45: 461172 469056 NODE_5_length_444826_cov_179.227036 339198 331312
				Gap between this and next alignment: 469056 to 470079 (1022 bp)
				Next Alignment: 470079 475124 NODE_5_length_444826_cov_179.227036 329907 324878

			Align 46: 470079 475124 NODE_5_length_444826_cov_179.227036 329907 324878
				Gap between this and next alignment: 475124 to 475150 (25 bp)
				Next Alignment: 475150 533021 NODE_5_length_444826_cov_179.227036 322943 265168

			Align 47: 475150 533021 NODE_5_length_444826_cov_179.227036 322943 265168
				Negative gap (overlap) between this and next alignment: 533021 to 533021 (0 bp)
				Next Alignment: 533021 535441 NODE_5_length_444826_cov_179.227036 265022 262603

			Previous gap was negative, modifying coordinates to ignore overlap
				Moving contig start from 265022 to 265021.
			Align 48: 533022 535441 NODE_5_length_444826_cov_179.227036 265021 262603
				Gap between this and next alignment: 535441 to 535897 (455 bp)
				Next Alignment: 535897 564838 NODE_5_length_444826_cov_179.227036 262162 233223

			Align 49: 535897 564838 NODE_5_length_444826_cov_179.227036 262162 233223
				Gap between this and next alignment: 564838 to 567954 (3115 bp)
				Next Alignment: 567954 568039 NODE_49_length_250248_cov_144.423798 244967 245052

			Align 50: 567954 568039 NODE_49_length_250248_cov_144.423798 244967 245052
				Gap between this and next alignment: 568039 to 568264 (224 bp)
				Next Alignment: 568264 572317 NODE_5_length_444826_cov_179.227036 233222 229167

			Align 51: 568264 572317 NODE_5_length_444826_cov_179.227036 233222 229167
				Gap between this and next alignment: 572317 to 572459 (141 bp)
				Next Alignment: 572459 629670 NODE_5_length_444826_cov_179.227036 229166 171994

			Align 52: 572459 629670 NODE_5_length_444826_cov_179.227036 229166 171994
				Gap between this and next alignment: 629670 to 630295 (624 bp)
				Next Alignment: 630295 639079 NODE_5_length_444826_cov_179.227036 171354 162566

			Align 53: 630295 639079 NODE_5_length_444826_cov_179.227036 171354 162566
				Gap between this and next alignment: 639079 to 639134 (54 bp)
				Next Alignment: 639134 642087 NODE_5_length_444826_cov_179.227036 162565 159576

			Align 54: 639134 642087 NODE_5_length_444826_cov_179.227036 162565 159576
				Gap between this and next alignment: 642087 to 654268 (12180 bp)
				Next Alignment: 654268 655791 NODE_49_length_250248_cov_144.423798 213381 211856

			Align 55: 654268 655791 NODE_49_length_250248_cov_144.423798 213381 211856
				Gap between this and next alignment: 655791 to 690717 (34925 bp)
				Next Alignment: 690717 705087 NODE_5_length_444826_cov_179.227036 159575 145204

			Align 56: 690717 705087 NODE_5_length_444826_cov_179.227036 159575 145204
				Gap between this and next alignment: 705087 to 705216 (128 bp)
				Next Alignment: 705216 731535 NODE_5_length_444826_cov_179.227036 145203 118867

			Align 57: 705216 731535 NODE_5_length_444826_cov_179.227036 145203 118867
				Negative gap (overlap) between this and next alignment: 731535 to 731532 (-3 bp)
				Next Alignment: 731532 737677 NODE_5_length_444826_cov_179.227036 113450 107351

			Previous gap was negative, modifying coordinates to ignore overlap
				Moving contig start from 113450 to 113446.
			Align 58: 731536 737677 NODE_5_length_444826_cov_179.227036 113446 107351
				Gap between this and next alignment: 737677 to 737818 (140 bp)
				Next Alignment: 737818 745428 NODE_5_length_444826_cov_179.227036 107210 99602

			Align 59: 737818 745428 NODE_5_length_444826_cov_179.227036 107210 99602
				Gap between this and next alignment: 745428 to 745433 (4 bp)
				Next Alignment: 745433 788531 NODE_5_length_444826_cov_179.227036 99446 56399

			Align 60: 745433 788531 NODE_5_length_444826_cov_179.227036 99446 56399
				Negative gap (overlap) between this and next alignment: 788531 to 788523 (-8 bp)
				Next Alignment: 788523 789736 NODE_5_length_444826_cov_179.227036 55902 54689

			Previous gap was negative, modifying coordinates to ignore overlap
				Moving contig start from 55902 to 55893.
			Align 61: 788532 789736 NODE_5_length_444826_cov_179.227036 55893 54689
				Gap between this and next alignment: 789736 to 803296 (13559 bp)
				Next Alignment: 803296 804610 NODE_5_length_444826_cov_179.227036 40889 39574

			Align 62: 803296 804610 NODE_5_length_444826_cov_179.227036 40889 39574
				Gap between this and next alignment: 804610 to 804892 (281 bp)
				Next Alignment: 804892 813715 NODE_5_length_444826_cov_179.227036 39573 30745

			Align 63: 804892 813715 NODE_5_length_444826_cov_179.227036 39573 30745
				Gap between this and next alignment: 813715 to 814925 (1209 bp)
				Next Alignment: 814925 831081 NODE_5_length_444826_cov_179.227036 29568 13420

			Align 64: 814925 831081 NODE_5_length_444826_cov_179.227036 29568 13420
				Gap between this and next alignment: 831081 to 831167 (85 bp)
				Next Alignment: 831167 834496 NODE_5_length_444826_cov_179.227036 13288 9959

			Align 65: 831167 834496 NODE_5_length_444826_cov_179.227036 13288 9959
				Gap between this and next alignment: 834496 to 834760 (263 bp)
				Next Alignment: 834760 844248 NODE_5_length_444826_cov_179.227036 9492 1

			Align 66: 834760 844248 NODE_5_length_444826_cov_179.227036 9492 1
				Gap between this and next alignment: 844248 to 849705 (5456 bp)
				Next Alignment: 849705 859056 NODE_26_length_118173_cov_164.728897 162 9567

			Align 67: 849705 859056 NODE_26_length_118173_cov_164.728897 162 9567
				Gap between this and next alignment: 859056 to 860068 (1011 bp)
				Next Alignment: 860068 895203 NODE_26_length_118173_cov_164.728897 10564 45625

			Align 68: 860068 895203 NODE_26_length_118173_cov_164.728897 10564 45625
				Gap between this and next alignment: 895203 to 895231 (27 bp)
				Next Alignment: 895231 914419 NODE_26_length_118173_cov_164.728897 70680 51491

			Align 69: 895231 914419 NODE_26_length_118173_cov_164.728897 70680 51491
				Gap between this and next alignment: 914419 to 914469 (49 bp)
				Next Alignment: 914469 920431 NODE_26_length_118173_cov_164.728897 71409 77372

			Align 70: 914469 920431 NODE_26_length_118173_cov_164.728897 71409 77372
				Negative gap (overlap) between this and next alignment: 920431 to 920425 (-6 bp)
				Next Alignment: 920425 950526 NODE_26_length_118173_cov_164.728897 77492 107480

			Previous gap was negative, modifying coordinates to ignore overlap
				Moving contig start from 77492 to 77499.
			Align 71: 920432 950526 NODE_26_length_118173_cov_164.728897 77499 107480
				Gap between this and next alignment: 950526 to 951284 (757 bp)
				Next Alignment: 951284 952593 NODE_26_length_118173_cov_164.728897 107677 108986

			Align 72: 951284 952593 NODE_26_length_118173_cov_164.728897 107677 108986
				Gap between this and next alignment: 952593 to 952596 (2 bp)
				Next Alignment: 952596 961811 NODE_26_length_118173_cov_164.728897 109082 118299

			Align 73: 952596 961811 NODE_26_length_118173_cov_164.728897 109082 118299
				Gap between this and next alignment: 961811 to 967443 (5631 bp)
				Next Alignment: 967443 970097 NODE_3_length_179628_cov_156.746414 178528 175874

			Align 74: 967443 970097 NODE_3_length_179628_cov_156.746414 178528 175874
				Negative gap (overlap) between this and next alignment: 970097 to 970088 (-9 bp)
				Next Alignment: 970088 972729 NODE_3_length_179628_cov_156.746414 175452 172811

			Previous gap was negative, modifying coordinates to ignore overlap
				Moving contig start from 175452 to 175442.
			Align 75: 970098 972729 NODE_3_length_179628_cov_156.746414 175442 172811
				Gap between this and next alignment: 972729 to 973130 (400 bp)
				Next Alignment: 973130 973408 NODE_3_length_179628_cov_156.746414 172807 172529

			Align 76: 973130 973408 NODE_3_length_179628_cov_156.746414 172807 172529
				Gap between this and next alignment: 973408 to 973770 (361 bp)
				Next Alignment: 973770 980730 NODE_3_length_179628_cov_156.746414 172525 165570

			Align 77: 973770 980730 NODE_3_length_179628_cov_156.746414 172525 165570
				Gap between this and next alignment: 980730 to 981776 (1045 bp)
				Next Alignment: 981776 995591 NODE_3_length_179628_cov_156.746414 164470 150652

			Align 78: 981776 995591 NODE_3_length_179628_cov_156.746414 164470 150652
				Gap between this and next alignment: 995591 to 1001044 (5452 bp)
				Next Alignment: 1001044 1007203 NODE_3_length_179628_cov_156.746414 149233 143091

			Align 79: 1001044 1007203 NODE_3_length_179628_cov_156.746414 149233 143091
				Negative gap (overlap) between this and next alignment: 1007203 to 1007134 (-69 bp)
				Next Alignment: 1007134 1010295 NODE_3_length_179628_cov_156.746414 98297 95137

			Previous gap was negative, modifying coordinates to ignore overlap
				Moving contig start from 98297 to 98227.
			Align 80: 1007204 1010295 NODE_3_length_179628_cov_156.746414 98227 95137
				Gap between this and next alignment: 1010295 to 1010573 (277 bp)
				Next Alignment: 1010573 1011411 NODE_3_length_179628_cov_156.746414 94618 93780

			Align 81: 1010573 1011411 NODE_3_length_179628_cov_156.746414 94618 93780
				Gap between this and next alignment: 1011411 to 1012004 (592 bp)
				Next Alignment: 1012004 1048925 NODE_3_length_179628_cov_156.746414 93709 56851

			Align 82: 1012004 1048925 NODE_3_length_179628_cov_156.746414 93709 56851
				Gap between this and next alignment: 1048925 to 1050351 (1425 bp)
				Next Alignment: 1050351 1107226 NODE_3_length_179628_cov_156.746414 56831 1

			Align 83: 1050351 1107226 NODE_3_length_179628_cov_156.746414 56831 1
				Gap between this and next alignment: 1107226 to 1112571 (5344 bp)
				Next Alignment: 1112571 1134797 NODE_1_length_61020_cov_149.082642 61146 38919

			Align 84: 1112571 1134797 NODE_1_length_61020_cov_149.082642 61146 38919
				Gap between this and next alignment: 1134797 to 1134898 (100 bp)
				Next Alignment: 1134898 1139492 NODE_1_length_61020_cov_149.082642 38918 34324

			Align 85: 1134898 1139492 NODE_1_length_61020_cov_149.082642 38918 34324
				Gap between this and next alignment: 1139492 to 1140699 (1206 bp)
				Next Alignment: 1140699 1162386 NODE_1_length_61020_cov_149.082642 34274 12575

			Align 86: 1140699 1162386 NODE_1_length_61020_cov_149.082642 34274 12575
				Gap between this and next alignment: 1162386 to 1162399 (12 bp)
				Next Alignment: 1162399 1167109 NODE_1_length_61020_cov_149.082642 12434 7730

			Align 87: 1162399 1167109 NODE_1_length_61020_cov_149.082642 12434 7730
				Gap between this and next alignment: 1167109 to 1167278 (168 bp)
				Next Alignment: 1167278 1175005 NODE_1_length_61020_cov_149.082642 7729 1

			Align 88: 1167278 1175005 NODE_1_length_61020_cov_149.082642 7729 1
				Negative gap (overlap) between this and next alignment: 1175005 to 1174880 (-125 bp)
				Next Alignment: 1174880 1179540 NODE_4_length_5921_cov_282.400604 6047 1366

			Previous gap was negative, modifying coordinates to ignore overlap
				Moving contig start from 6047 to 5921.
			Align 89: 1175006 1179540 NODE_4_length_5921_cov_282.400604 5921 1366
				Gap between this and next alignment: 1179540 to 1183304 (3763 bp)
				Next Alignment: 1183304 1199721 NODE_49_length_250248_cov_144.423798 8 16398

			Align 90: 1183304 1199721 NODE_49_length_250248_cov_144.423798 8 16398
				The next alignment (1183332 1183430 NODE_12_length_87982_cov_144.570938 3237 3335) is redundant. Skipping.
				Gap between this and next alignment: 1199721 to 1200156 (434 bp)
				Next Alignment: 1200156 1215165 NODE_49_length_250248_cov_144.423798 16405 31416

			Align 92: 1200156 1215165 NODE_49_length_250248_cov_144.423798 16405 31416
				Negative gap (overlap) between this and next alignment: 1215165 to 1215163 (-2 bp)
				Next Alignment: 1215163 1215397 NODE_49_length_250248_cov_144.423798 31818 32052

			Previous gap was negative, modifying coordinates to ignore overlap
				Moving contig start from 31818 to 31821.
			Align 93: 1215166 1215397 NODE_49_length_250248_cov_144.423798 31821 32052
				Gap between this and next alignment: 1215397 to 1215641 (243 bp)
				Next Alignment: 1215641 1270033 NODE_49_length_250248_cov_144.423798 32060 86403

			Align 94: 1215641 1270033 NODE_49_length_250248_cov_144.423798 32060 86403
				Negative gap (overlap) between this and next alignment: 1270033 to 1270024 (-9 bp)
				Next Alignment: 1270024 1285617 NODE_49_length_250248_cov_144.423798 86985 102602

			Previous gap was negative, modifying coordinates to ignore overlap
				Moving contig start from 86985 to 86995.
			Align 95: 1270034 1285617 NODE_49_length_250248_cov_144.423798 86995 102602
				Gap between this and next alignment: 1285617 to 1311764 (26146 bp)
				Next Alignment: 1311764 1320702 NODE_49_length_250248_cov_144.423798 103261 112182

			Align 96: 1311764 1320702 NODE_49_length_250248_cov_144.423798 103261 112182
				Gap between this and next alignment: 1320702 to 1322219 (1516 bp)
				Next Alignment: 1322219 1322501 NODE_49_length_250248_cov_144.423798 113744 114026

			Align 97: 1322219 1322501 NODE_49_length_250248_cov_144.423798 113744 114026
				Gap between this and next alignment: 1322501 to 1322909 (407 bp)
				Next Alignment: 1322909 1347808 NODE_49_length_250248_cov_144.423798 114515 139416

			Align 98: 1322909 1347808 NODE_49_length_250248_cov_144.423798 114515 139416
				The next alignment (1328567 1330265 NODE_39_length_42854_cov_142.599518 42239 40542) is redundant. Skipping.
				Gap between this and next alignment: 1347808 to 1347852 (43 bp)
				Next Alignment: 1347852 1376203 NODE_49_length_250248_cov_144.423798 139582 167939

			Align 100: 1347852 1376203 NODE_49_length_250248_cov_144.423798 139582 167939
				Gap between this and next alignment: 1376203 to 1376495 (291 bp)
				Next Alignment: 1376495 1380854 NODE_49_length_250248_cov_144.423798 168210 172575

			Align 101: 1376495 1380854 NODE_49_length_250248_cov_144.423798 168210 172575
				Gap between this and next alignment: 1380854 to 1382873 (2018 bp)
				Next Alignment: 1382873 1408876 NODE_49_length_250248_cov_144.423798 172607 198567

			Align 102: 1382873 1408876 NODE_49_length_250248_cov_144.423798 172607 198567
				Gap between this and next alignment: 1408876 to 1411090 (2213 bp)
				Next Alignment: 1411090 1417956 NODE_49_length_250248_cov_144.423798 199689 206582

			Align 103: 1411090 1417956 NODE_49_length_250248_cov_144.423798 199689 206582
				Gap between this and next alignment: 1417956 to 1430648 (12691 bp)
				Next Alignment: 1430648 1431023 NODE_49_length_250248_cov_144.423798 208030 208405

			Align 104: 1430648 1431023 NODE_49_length_250248_cov_144.423798 208030 208405
				Gap between this and next alignment: 1431023 to 1437999 (6975 bp)
				Next Alignment: 1437999 1439393 NODE_49_length_250248_cov_144.423798 214031 215413

			Align 105: 1437999 1439393 NODE_49_length_250248_cov_144.423798 214031 215413
				Negative gap (overlap) between this and next alignment: 1439393 to 1439392 (-1 bp)
				Next Alignment: 1439392 1463636 NODE_49_length_250248_cov_144.423798 215852 240129

			Previous gap was negative, modifying coordinates to ignore overlap
				Moving contig start from 215852 to 215854.
			Align 106: 1439394 1463636 NODE_49_length_250248_cov_144.423798 215854 240129
				Gap between this and next alignment: 1463636 to 1464680 (1043 bp)
				Next Alignment: 1464680 1469092 NODE_49_length_250248_cov_144.423798 240130 244546

			Align 107: 1464680 1469092 NODE_49_length_250248_cov_144.423798 240130 244546
				Gap between this and next alignment: 1469092 to 1469877 (784 bp)
				Next Alignment: 1469877 1470071 NODE_49_length_250248_cov_144.423798 244770 244966

			Align 108: 1469877 1470071 NODE_49_length_250248_cov_144.423798 244770 244966
				Gap between this and next alignment: 1470071 to 1470108 (36 bp)
				Next Alignment: 1470108 1475346 NODE_49_length_250248_cov_144.423798 245169 250374

			Align 109: 1470108 1475346 NODE_49_length_250248_cov_144.423798 245169 250374
				The next alignment (1475221 1475346 NODE_39_length_42854_cov_142.599518 42855 42980) is redundant. Skipping.
				Gap between this and next alignment: 1475346 to 1476407 (1060 bp)
				Next Alignment: 1476407 1499767 NODE_39_length_42854_cov_142.599518 1 23359

			Align 111: 1476407 1499767 NODE_39_length_42854_cov_142.599518 1 23359
				The next alignment (1481264 1481599 NODE_12_length_87982_cov_144.570938 83733 83399) is redundant. Skipping.
				Gap between this and next alignment: 1499767 to 1499984 (216 bp)
				Next Alignment: 1499984 1500684 NODE_39_length_42854_cov_142.599518 23576 24282

			Align 113: 1499984 1500684 NODE_39_length_42854_cov_142.599518 23576 24282
				Gap between this and next alignment: 1500684 to 1500690 (5 bp)
				Next Alignment: 1500690 1515581 NODE_39_length_42854_cov_142.599518 25597 40488

			Align 114: 1500690 1515581 NODE_39_length_42854_cov_142.599518 25597 40488
				Gap between this and next alignment: 1515581 to 1516770 (1188 bp)
				Next Alignment: 1516770 1553178 NODE_12_length_87982_cov_144.570938 77070 40613

			Align 115: 1516770 1553178 NODE_12_length_87982_cov_144.570938 77070 40613
				Gap between this and next alignment: 1553178 to 1555663 (2484 bp)
				Next Alignment: 1555663 1556271 NODE_12_length_87982_cov_144.570938 36293 35685

			Align 116: 1555663 1556271 NODE_12_length_87982_cov_144.570938 36293 35685
				Next Alignment: 1556272 1557804 NODE_12_length_87982_cov_144.570938 34879 33346

			Align 117: 1556272 1557804 NODE_12_length_87982_cov_144.570938 34879 33346
				Gap between this and next alignment: 1557804 to 1558319 (514 bp)
				Next Alignment: 1558319 1577535 NODE_12_length_87982_cov_144.570938 33320 14131

			Align 118: 1558319 1577535 NODE_12_length_87982_cov_144.570938 33320 14131
				Negative gap (overlap) between this and next alignment: 1577535 to 1577490 (-45 bp)
				Next Alignment: 1577490 1584428 NODE_12_length_87982_cov_144.570938 11542 4597

			Previous gap was negative, modifying coordinates to ignore overlap
				Moving contig start from 11542 to 11496.
			Align 119: 1577536 1584428 NODE_12_length_87982_cov_144.570938 11496 4597
				Gap between this and next alignment: 1584428 to 1584538 (109 bp)
				Next Alignment: 1584538 1585703 NODE_12_length_87982_cov_144.570938 4596 3433

			Align 120: 1584538 1585703 NODE_12_length_87982_cov_144.570938 4596 3433
				Gap between this and next alignment: 1585703 to 1594872 (9168 bp)
				Next Alignment: 1594872 1613611 NODE_60_length_545845_cov_167.814865 545971 527232

			Align 121: 1594872 1613611 NODE_60_length_545845_cov_167.814865 545971 527232
				Gap between this and next alignment: 1613611 to 1613616 (4 bp)
				Next Alignment: 1613616 1645296 NODE_60_length_545845_cov_167.814865 526879 495194

			Align 122: 1613616 1645296 NODE_60_length_545845_cov_167.814865 526879 495194
				Gap between this and next alignment: 1645296 to 1645522 (225 bp)
				Next Alignment: 1645522 1652706 NODE_60_length_545845_cov_167.814865 495058 487870

			Align 123: 1645522 1652706 NODE_60_length_545845_cov_167.814865 495058 487870
				Gap between this and next alignment: 1652706 to 1652808 (101 bp)
				Next Alignment: 1652808 1688531 NODE_60_length_545845_cov_167.814865 487727 452002

			Align 124: 1652808 1688531 NODE_60_length_545845_cov_167.814865 487727 452002
				Gap between this and next alignment: 1688531 to 1688637 (105 bp)
				Next Alignment: 1688637 1710020 NODE_60_length_545845_cov_167.814865 451903 430509

			Align 125: 1688637 1710020 NODE_60_length_545845_cov_167.814865 451903 430509
				Negative gap (overlap) between this and next alignment: 1710020 to 1710020 (0 bp)
				Next Alignment: 1710020 1753199 NODE_60_length_545845_cov_167.814865 430345 387164

			Previous gap was negative, modifying coordinates to ignore overlap
				Moving contig start from 430345 to 430344.
			Align 126: 1710021 1753199 NODE_60_length_545845_cov_167.814865 430344 387164
				Negative gap (overlap) between this and next alignment: 1753199 to 1753033 (-166 bp)
				Next Alignment: 1753033 1767823 NODE_60_length_545845_cov_167.814865 383339 368552

			Previous gap was negative, modifying coordinates to ignore overlap
				Moving contig start from 383339 to 383176.
			Align 127: 1753200 1767823 NODE_60_length_545845_cov_167.814865 383176 368552
				Gap between this and next alignment: 1767823 to 1767948 (124 bp)
				Next Alignment: 1767948 1778710 NODE_60_length_545845_cov_167.814865 368429 357671

			Align 128: 1767948 1778710 NODE_60_length_545845_cov_167.814865 368429 357671
				Gap between this and next alignment: 1778710 to 1778921 (210 bp)
				Next Alignment: 1778921 1792185 NODE_60_length_545845_cov_167.814865 357494 344176

			Align 129: 1778921 1792185 NODE_60_length_545845_cov_167.814865 357494 344176
				Negative gap (overlap) between this and next alignment: 1792185 to 1792151 (-34 bp)
				Next Alignment: 1792151 1803134 NODE_60_length_545845_cov_167.814865 342822 331872

			Previous gap was negative, modifying coordinates to ignore overlap
				Moving contig start from 342822 to 342787.
			Align 130: 1792186 1803134 NODE_60_length_545845_cov_167.814865 342787 331872
				Gap between this and next alignment: 1803134 to 1803976 (841 bp)
				Next Alignment: 1803976 1817908 NODE_60_length_545845_cov_167.814865 331048 317142

			Align 131: 1803976 1817908 NODE_60_length_545845_cov_167.814865 331048 317142
				Gap between this and next alignment: 1817908 to 1822959 (5050 bp)
				Next Alignment: 1822959 1841584 NODE_60_length_545845_cov_167.814865 315490 296869

			Align 132: 1822959 1841584 NODE_60_length_545845_cov_167.814865 315490 296869
				Gap between this and next alignment: 1841584 to 1841923 (338 bp)
				Next Alignment: 1841923 1846326 NODE_60_length_545845_cov_167.814865 296763 292374

			Align 133: 1841923 1846326 NODE_60_length_545845_cov_167.814865 296763 292374
				Gap between this and next alignment: 1846326 to 1847929 (1602 bp)
				Next Alignment: 1847929 1850897 NODE_60_length_545845_cov_167.814865 290728 287765

			Align 134: 1847929 1850897 NODE_60_length_545845_cov_167.814865 290728 287765
			END in current alignment.  Modifying 1850897 to 1850897.

Analysis is finished!
Founded SNPs were written into /data/projects/Assembly/Aroon/reports/GCF_000767075.1_ASM76707v1_genomic/contigs_reports/nucmer_output/M05964_contigs.used_snps

Results:
	Local Misassemblies: 66
	Misassemblies: 47
		Relocations: 46
		Translocations: 0
		Inversions: 1
	Misassembled Contigs: 9
	Misassembled Contig Bases: 1782615
	Misassemblies Inter-Contig Overlap: 0
Uncovered Regions: 0 (0)
Unaligned Contigs: 2 + 1 part
Partially Unaligned Contigs with Misassemblies: 0
Unaligned Contig Bases: 4970

Ambiguously Mapped Contigs: 6
Total Bases in Ambiguously Mapped Contigs: 4615
Note that --allow-ambiguity option was set to "one" and only first alignment per each contig was used.

	Covered Bases: 1606621

	SNPs: 39820
	Insertions: 1452
	Deletions: 1791

	Positive Gaps: 104
		Internal Gaps:  82
		External Gaps:  22
		External Gap Total:  103953
		External Gap Average: 4725
	Negative Gaps: 19
		Internal Overlaps:  17
		External Overlaps:  2
		External Overlaps Total: -208
		External Overlaps Average: -104
	Contigs with Redundant Alignments: 5 (4232)
