Aligning contigs to reference...
	Running Nucmer
Parsing coords...
Loading reference...
	Loaded [NZ_CP009610.1_Haemophilus_influenzae_strain_Hi375__complete_genome]
Loading SNPs...
Loading regions...
	No regions given, using whole reference.
	Total Regions: 1
	Total Region Length: 1850897
Analyzing contigs...
CONTIG: NODE_1_length_311333_cov_153.831482 (311459bp)
Top Length: 23322  Top ID: 95.37
		Skipping redundant alignment 606944 607024 | 58206 58286 | 81 81 | 100.0 | NZ_CP009610.1_Haemophilus_influenzae_strain_Hi375__complete_genome NODE_1_length_311333_cov_153.831482
		Skipping redundant alignment 473372 473466 | 103186 103280 | 95 95 | 100.0 | NZ_CP009610.1_Haemophilus_influenzae_strain_Hi375__complete_genome NODE_1_length_311333_cov_153.831482
		Skipping redundant alignment 473370 473467 | 103196 103293 | 98 98 | 100.0 | NZ_CP009610.1_Haemophilus_influenzae_strain_Hi375__complete_genome NODE_1_length_311333_cov_153.831482
		Skipping redundant alignment 1529649 1529736 | 103206 103293 | 88 88 | 100.0 | NZ_CP009610.1_Haemophilus_influenzae_strain_Hi375__complete_genome NODE_1_length_311333_cov_153.831482
		Skipping redundant alignment 764665 765082 | 202582 202165 | 418 418 | 99.04 | NZ_CP009610.1_Haemophilus_influenzae_strain_Hi375__complete_genome NODE_1_length_311333_cov_153.831482
		Skipping redundant alignment 764946 765362 | 202582 202165 | 417 418 | 98.56 | NZ_CP009610.1_Haemophilus_influenzae_strain_Hi375__complete_genome NODE_1_length_311333_cov_153.831482
		Skipping redundant alignment 764526 764801 | 202440 202165 | 276 276 | 99.28 | NZ_CP009610.1_Haemophilus_influenzae_strain_Hi375__complete_genome NODE_1_length_311333_cov_153.831482
		Skipping redundant alignment 764807 765041 | 202960 202726 | 235 235 | 99.57 | NZ_CP009610.1_Haemophilus_influenzae_strain_Hi375__complete_genome NODE_1_length_311333_cov_153.831482
		Skipping redundant alignment 765088 765322 | 202960 202726 | 235 235 | 99.15 | NZ_CP009610.1_Haemophilus_influenzae_strain_Hi375__complete_genome NODE_1_length_311333_cov_153.831482
		Skipping redundant alignment 765368 765602 | 202960 202726 | 235 235 | 98.3 | NZ_CP009610.1_Haemophilus_influenzae_strain_Hi375__complete_genome NODE_1_length_311333_cov_153.831482
		Skipping redundant alignment 1052079 1052177 | 230278 230376 | 99 99 | 100.0 | NZ_CP009610.1_Haemophilus_influenzae_strain_Hi375__complete_genome NODE_1_length_311333_cov_153.831482
		Skipping redundant alignment 949424 949502 | 265621 265543 | 79 79 | 100.0 | NZ_CP009610.1_Haemophilus_influenzae_strain_Hi375__complete_genome NODE_1_length_311333_cov_153.831482
		Skipping redundant alignment 1007010 1007088 | 265621 265543 | 79 79 | 100.0 | NZ_CP009610.1_Haemophilus_influenzae_strain_Hi375__complete_genome NODE_1_length_311333_cov_153.831482
		Skipping redundant alignment 641961 642039 | 299453 299375 | 79 79 | 100.0 | NZ_CP009610.1_Haemophilus_influenzae_strain_Hi375__complete_genome NODE_1_length_311333_cov_153.831482
		Skipping redundant alignment 1134720 1134797 | 299593 299670 | 78 78 | 100.0 | NZ_CP009610.1_Haemophilus_influenzae_strain_Hi375__complete_genome NODE_1_length_311333_cov_153.831482
		This contig is misassembled. 43 total aligns.
			Real Alignment 1: 966477 966559 | 1 83 | 83 83 | 98.8 | NZ_CP009610.1_Haemophilus_influenzae_strain_Hi375__complete_genome NODE_1_length_311333_cov_153.831482
			  Extensive misassembly ( relocation, inconsistency = -459198 ) between these two alignments
			Real Alignment 2: 532308 533030 | 25030 25751 | 723 722 | 96.69 | NZ_CP009610.1_Haemophilus_influenzae_strain_Hi375__complete_genome NODE_1_length_311333_cov_153.831482
			  Overlap between these two alignments (local misassembly). Inconsistency = -129 
			Real Alignment 3: 535897 543805 | 28747 36656 | 7909 7910 | 97.22 | NZ_CP009610.1_Haemophilus_influenzae_strain_Hi375__complete_genome NODE_1_length_311333_cov_153.831482
			  Extensive misassembly ( relocation, inconsistency = 8059 ) between these two alignments
			Real Alignment 4: 551901 560565 | 36693 45338 | 8665 8646 | 96.09 | NZ_CP009610.1_Haemophilus_influenzae_strain_Hi375__complete_genome NODE_1_length_311333_cov_153.831482
			  Extensive misassembly ( relocation, inconsistency = 138686 ) between these two alignments
			Real Alignment 5: 708964 712199 | 55051 58286 | 3236 3236 | 95.83 | NZ_CP009610.1_Haemophilus_influenzae_strain_Hi375__complete_genome NODE_1_length_311333_cov_153.831482
			  Extensive misassembly ( relocation, inconsistency = 8734 ) between these two alignments
			Real Alignment 6: 723725 734334 | 71686 61078 | 10610 10609 | 96.29 | NZ_CP009610.1_Haemophilus_influenzae_strain_Hi375__complete_genome NODE_1_length_311333_cov_153.831482
			  Overlap between these two alignments (local misassembly). Inconsistency = -184 
			Excluding internal overlap of size 18 between Alignment 7 and 8:  108864 112498 | 82041 85675 | 3635 3635 --> 108882 112498 | 82059 85675 | 3617 3617
			Real Alignment 7: 713537 723725 | 82058 71870 | 10189 10189 | 96.03 | NZ_CP009610.1_Haemophilus_influenzae_strain_Hi375__complete_genome NODE_1_length_311333_cov_153.831482
			  Extensive misassembly ( relocation, inconsistency = -614844 ) between these two alignments
			Real Alignment 8: 108882 112498 | 82059 85675 | 3617 3617 | 95.9 | NZ_CP009610.1_Haemophilus_influenzae_strain_Hi375__complete_genome NODE_1_length_311333_cov_153.831482
			  Extensive misassembly ( relocation, inconsistency = 1726 ) between these two alignments
			Real Alignment 9: 114245 136351 | 85696 107780 | 22107 22085 | 95.57 | NZ_CP009610.1_Haemophilus_influenzae_strain_Hi375__complete_genome NODE_1_length_311333_cov_153.831482
			  Extensive misassembly ( relocation, inconsistency = 681424 ) between these two alignments
			Real Alignment 10: 821840 831081 | 121089 111845 | 9242 9245 | 96.52 | NZ_CP009610.1_Haemophilus_influenzae_strain_Hi375__complete_genome NODE_1_length_311333_cov_153.831482
			  Extensive misassembly ( relocation, inconsistency = 221347 ) between these two alignments
			Real Alignment 11: 588728 599536 | 132848 122046 | 10809 10803 | 95.86 | NZ_CP009610.1_Haemophilus_influenzae_strain_Hi375__complete_genome NODE_1_length_311333_cov_153.831482
			  Extensive misassembly ( relocation, inconsistency = -245364 ) between these two alignments
			Real Alignment 12: 796294 803249 | 170650 163691 | 6956 6960 | 95.13 | NZ_CP009610.1_Haemophilus_influenzae_strain_Hi375__complete_genome NODE_1_length_311333_cov_153.831482
			  Overlap between these two alignments (local misassembly). Inconsistency = -343 
			Real Alignment 13: 788523 789738 | 178764 177549 | 1216 1216 | 97.37 | NZ_CP009610.1_Haemophilus_influenzae_strain_Hi375__complete_genome NODE_1_length_311333_cov_153.831482
			  Overlap between these two alignments (local misassembly). Inconsistency = -505 
			Real Alignment 14: 765227 788531 | 202582 179261 | 23305 23322 | 95.37 | NZ_CP009610.1_Haemophilus_influenzae_strain_Hi375__complete_genome NODE_1_length_311333_cov_153.831482
			  Gap between these two alignments (local misassembly). Inconsistency = 323 
			Real Alignment 15: 745433 764760 | 222058 202726 | 19328 19333 | 95.5 | NZ_CP009610.1_Haemophilus_influenzae_strain_Hi375__complete_genome NODE_1_length_311333_cov_153.831482
			  Overlap between these two alignments (local misassembly). Inconsistency = -148 
			Excluding internal overlap of size 8 between Alignment 16 and 17:  737169 737677 | 230470 229962 | 509 509 --> 737177 737677 | 230462 229962 | 501 501
			Real Alignment 16: 737177 737677 | 230462 229962 | 501 501 | 95.69 | NZ_CP009610.1_Haemophilus_influenzae_strain_Hi375__complete_genome NODE_1_length_311333_cov_153.831482
			  Extensive misassembly ( relocation, inconsistency = -130154 ) between these two alignments
			Real Alignment 17: 607524 617618 | 230463 240551 | 10095 10089 | 96.61 | NZ_CP009610.1_Haemophilus_influenzae_strain_Hi375__complete_genome NODE_1_length_311333_cov_153.831482
			  Overlap between these two alignments (local misassembly). Inconsistency = -762 
			Real Alignment 18: 617611 629660 | 241306 253337 | 12050 12032 | 95.76 | NZ_CP009610.1_Haemophilus_influenzae_strain_Hi375__complete_genome NODE_1_length_311333_cov_153.831482
			  Overlap between these two alignments (local misassembly). Inconsistency = -15 
			Real Alignment 19: 630295 639097 | 253987 262793 | 8803 8807 | 95.9 | NZ_CP009610.1_Haemophilus_influenzae_strain_Hi375__complete_genome NODE_1_length_311333_cov_153.831482
			  Gap between these two alignments (local misassembly). Inconsistency = 132 
			Excluding internal overlap of size 49 between Alignment 20 and 21:  639437 642136 | 263001 265718 | 2700 2718 --> 639437 642087 | 263001 265669 | 2651 2669
			Real Alignment 20: 639437 642087 | 263001 265669 | 2651 2669 | 95.4 | NZ_CP009610.1_Haemophilus_influenzae_strain_Hi375__complete_genome NODE_1_length_311333_cov_153.831482
			  Extensive misassembly ( relocation, inconsistency = 48629 ) between these two alignments
			Excluding internal overlap of size 1 between Alignment 21 and 22:  705096 708871 | 279922 283697 | 3776 3776 --> 705097 708871 | 279923 283697 | 3775 3775
			Real Alignment 21: 690717 704964 | 265670 279922 | 14248 14253 | 96.64 | NZ_CP009610.1_Haemophilus_influenzae_strain_Hi375__complete_genome NODE_1_length_311333_cov_153.831482
			  Gap between these two alignments (local misassembly). Inconsistency = 132 
			Real Alignment 22: 705097 708871 | 279923 283697 | 3775 3775 | 96.21 | NZ_CP009610.1_Haemophilus_influenzae_strain_Hi375__complete_genome NODE_1_length_311333_cov_153.831482
			  Extensive misassembly ( relocation, inconsistency = -408828 ) between these two alignments
			Real Alignment 23: 303131 303215 | 286869 286785 | 85 85 | 100.0 | NZ_CP009610.1_Haemophilus_influenzae_strain_Hi375__complete_genome NODE_1_length_311333_cov_153.831482
			  Overlap between these two alignments (local misassembly). Inconsistency = -100 
			Real Alignment 24: 303131 303211 | 286969 286889 | 81 81 | 100.0 | NZ_CP009610.1_Haemophilus_influenzae_strain_Hi375__complete_genome NODE_1_length_311333_cov_153.831482
			  Extensive misassembly ( relocation, inconsistency = 691392 ) between these two alignments
			Real Alignment 25: 1006963 1007226 | 299329 299590 | 264 262 | 96.21 | NZ_CP009610.1_Haemophilus_influenzae_strain_Hi375__complete_genome NODE_1_length_311333_cov_153.831482
			  Gap between these two alignments (local misassembly). Inconsistency = 103 
			Real Alignment 26: 1007330 1007411 | 299591 299672 | 82 82 | 100.0 | NZ_CP009610.1_Haemophilus_influenzae_strain_Hi375__complete_genome NODE_1_length_311333_cov_153.831482
			  Extensive misassembly ( relocation, inconsistency = -727515 ) between these two alignments
			Real Alignment 27: 291476 291555 | 311331 311252 | 80 80 | 100.0 | NZ_CP009610.1_Haemophilus_influenzae_strain_Hi375__complete_genome NODE_1_length_311333_cov_153.831482
			  Extensive misassembly ( relocation, inconsistency = 552710 ) between these two alignments
			Real Alignment 28: 844268 844391 | 311334 311459 | 124 126 | 97.62 | NZ_CP009610.1_Haemophilus_influenzae_strain_Hi375__complete_genome NODE_1_length_311333_cov_153.831482

CONTIG: NODE_2_length_39119_cov_167.875656 (39245bp)
Top Length: 16540  Top ID: 95.79
		Skipping redundant alignment 275736 275850 | 39242 39130 | 115 113 | 98.26 | NZ_CP009610.1_Haemophilus_influenzae_strain_Hi375__complete_genome NODE_2_length_39119_cov_167.875656
		Skipping redundant alignment 1107084 1107183 | 39144 39242 | 100 99 | 96.0 | NZ_CP009610.1_Haemophilus_influenzae_strain_Hi375__complete_genome NODE_2_length_39119_cov_167.875656
		Skipping redundant alignment 423213 423302 | 39242 39154 | 90 89 | 97.78 | NZ_CP009610.1_Haemophilus_influenzae_strain_Hi375__complete_genome NODE_2_length_39119_cov_167.875656
		This contig is misassembled. 8 total aligns.
			Real Alignment 1: 452512 469046 | 3222 19761 | 16535 16540 | 95.79 | NZ_CP009610.1_Haemophilus_influenzae_strain_Hi375__complete_genome NODE_2_length_39119_cov_167.875656
			  Gap between these two alignments (local misassembly). Inconsistency = 635 
			Real Alignment 2: 473410 475124 | 23490 25205 | 1715 1716 | 95.86 | NZ_CP009610.1_Haemophilus_influenzae_strain_Hi375__complete_genome NODE_2_length_39119_cov_167.875656
			  Extensive misassembly ( relocation, inconsistency = -1933 ) between these two alignments
			Real Alignment 3: 475190 477171 | 27204 29181 | 1982 1978 | 97.78 | NZ_CP009610.1_Haemophilus_influenzae_strain_Hi375__complete_genome NODE_2_length_39119_cov_167.875656
			  Extensive misassembly ( relocation, inconsistency = -242115 ) between these two alignments
			Real Alignment 4: 235850 242454 | 29975 36579 | 6605 6605 | 96.66 | NZ_CP009610.1_Haemophilus_influenzae_strain_Hi375__complete_genome NODE_2_length_39119_cov_167.875656
			  Extensive misassembly ( relocation, inconsistency = 66798 ) between these two alignments
			Real Alignment 5: 309302 311919 | 39242 36629 | 2618 2614 | 97.1 | NZ_CP009610.1_Haemophilus_influenzae_strain_Hi375__complete_genome NODE_2_length_39119_cov_167.875656

CONTIG: NODE_3_length_25597_cov_176.608231 (25723bp)
Top Length: 8254  Top ID: 96.74
		Skipping redundant alignment 407230 407355 | 1 126 | 126 126 | 97.62 | NZ_CP009610.1_Haemophilus_influenzae_strain_Hi375__complete_genome NODE_3_length_25597_cov_176.608231
		Skipping redundant alignment 1107091 1107308 | 25505 25722 | 218 218 | 97.72 | NZ_CP009610.1_Haemophilus_influenzae_strain_Hi375__complete_genome NODE_3_length_25597_cov_176.608231
		Skipping redundant alignment 309177 309392 | 25722 25507 | 216 216 | 97.24 | NZ_CP009610.1_Haemophilus_influenzae_strain_Hi375__complete_genome NODE_3_length_25597_cov_176.608231
		Skipping redundant alignment 844163 844377 | 25507 25722 | 215 216 | 97.24 | NZ_CP009610.1_Haemophilus_influenzae_strain_Hi375__complete_genome NODE_3_length_25597_cov_176.608231
		Skipping redundant alignment 275611 275818 | 25722 25515 | 208 208 | 98.09 | NZ_CP009610.1_Haemophilus_influenzae_strain_Hi375__complete_genome NODE_3_length_25597_cov_176.608231
		This contig is misassembled. 7 total aligns.
			Real Alignment 1: 439384 447619 | 8254 1 | 8236 8254 | 96.74 | NZ_CP009610.1_Haemophilus_influenzae_strain_Hi375__complete_genome NODE_3_length_25597_cov_176.608231
			  Extensive misassembly ( relocation, inconsistency = -1158 ) between these two alignments
			Real Alignment 2: 423088 431142 | 25722 17654 | 8055 8069 | 95.16 | NZ_CP009610.1_Haemophilus_influenzae_strain_Hi375__complete_genome NODE_3_length_25597_cov_176.608231

CONTIG: NODE_4_length_186812_cov_140.254013 (186938bp)
Top Length: 37034  Top ID: 95.83
		Skipping redundant alignment 844153 844642 | 491 1 | 490 491 | 96.75 | NZ_CP009610.1_Haemophilus_influenzae_strain_Hi375__complete_genome NODE_4_length_186812_cov_140.254013
		Skipping redundant alignment 422823 423312 | 1 488 | 490 488 | 95.72 | NZ_CP009610.1_Haemophilus_influenzae_strain_Hi375__complete_genome NODE_4_length_186812_cov_140.254013
		Skipping redundant alignment 275346 275818 | 1 473 | 473 473 | 97.47 | NZ_CP009610.1_Haemophilus_influenzae_strain_Hi375__complete_genome NODE_4_length_186812_cov_140.254013
		Skipping redundant alignment 960889 961264 | 377 1 | 376 377 | 96.82 | NZ_CP009610.1_Haemophilus_influenzae_strain_Hi375__complete_genome NODE_4_length_186812_cov_140.254013
		Skipping redundant alignment 737263 737361 | 130615 130713 | 99 99 | 100.0 | NZ_CP009610.1_Haemophilus_influenzae_strain_Hi375__complete_genome NODE_4_length_186812_cov_140.254013
		This contig is misassembled. 17 total aligns.
			Real Alignment 1: 308912 309422 | 1 512 | 511 512 | 95.52 | NZ_CP009610.1_Haemophilus_influenzae_strain_Hi375__complete_genome NODE_4_length_186812_cov_140.254013
			  Extensive misassembly ( relocation, inconsistency = 778683 ) between these two alignments
			Real Alignment 2: 1094937 1100576 | 12983 7344 | 5640 5640 | 95.8 | NZ_CP009610.1_Haemophilus_influenzae_strain_Hi375__complete_genome NODE_4_length_186812_cov_140.254013
			  Extensive misassembly ( relocation, inconsistency = -595336 ) between these two alignments
			Real Alignment 3: 1687094 1689952 | 16158 13304 | 2859 2855 | 95.24 | NZ_CP009610.1_Haemophilus_influenzae_strain_Hi375__complete_genome NODE_4_length_186812_cov_140.254013
			  Extensive misassembly ( relocation, inconsistency = -1923 ) between these two alignments
			Real Alignment 4: 1675934 1686796 | 29238 18379 | 10863 10860 | 96.71 | NZ_CP009610.1_Haemophilus_influenzae_strain_Hi375__complete_genome NODE_4_length_186812_cov_140.254013
			  Extensive misassembly ( relocation, inconsistency = -700985 ) between these two alignments
			Real Alignment 5: 987150 995398 | 30577 38826 | 8249 8250 | 95.31 | NZ_CP009610.1_Haemophilus_influenzae_strain_Hi375__complete_genome NODE_4_length_186812_cov_140.254013
			  Extensive misassembly ( relocation, inconsistency = 693296 ) between these two alignments
			Real Alignment 6: 1691545 1700011 | 41677 50134 | 8467 8458 | 95.38 | NZ_CP009610.1_Haemophilus_influenzae_strain_Hi375__complete_genome NODE_4_length_186812_cov_140.254013
			  Overlap between these two alignments (local misassembly). Inconsistency = -673 
			Excluding internal overlap of size 6 between Alignment 7 and 8:  1071175 1094798 | 111448 87869 | 23624 23580 --> 1071175 1094792 | 111448 87875 | 23618 23574
			Real Alignment 7: 1700045 1737143 | 50841 87874 | 37099 37034 | 95.83 | NZ_CP009610.1_Haemophilus_influenzae_strain_Hi375__complete_genome NODE_4_length_186812_cov_140.254013
			  Extensive misassembly ( relocation, inconsistency = -665969 ) between these two alignments
			Real Alignment 8: 1071175 1094792 | 111448 87875 | 23618 23574 | 96.57 | NZ_CP009610.1_Haemophilus_influenzae_strain_Hi375__complete_genome NODE_4_length_186812_cov_140.254013
			  Overlap between these two alignments (local misassembly). Inconsistency = -127 
			Real Alignment 9: 1047128 1071189 | 135666 111561 | 24062 24106 | 95.82 | NZ_CP009610.1_Haemophilus_influenzae_strain_Hi375__complete_genome NODE_4_length_186812_cov_140.254013
			  Extensive misassembly ( relocation, inconsistency = -1453 ) between these two alignments
			Real Alignment 10: 1015132 1042460 | 169060 141787 | 27329 27274 | 95.06 | NZ_CP009610.1_Haemophilus_influenzae_strain_Hi375__complete_genome NODE_4_length_186812_cov_140.254013
			  Extensive misassembly ( relocation, inconsistency = 146943 ) between these two alignments
			Real Alignment 11: 860210 867816 | 177042 169433 | 7607 7610 | 95.64 | NZ_CP009610.1_Haemophilus_influenzae_strain_Hi375__complete_genome NODE_4_length_186812_cov_140.254013
			  Extensive misassembly ( relocation, inconsistency = -116163 ) between these two alignments
			Real Alignment 12: 966477 966559 | 186938 186856 | 83 83 | 98.8 | NZ_CP009610.1_Haemophilus_influenzae_strain_Hi375__complete_genome NODE_4_length_186812_cov_140.254013

CONTIG: NODE_5_length_26946_cov_145.931458 (27072bp)
Top Length: 18544  Top ID: 96.15
		Skipping redundant alignment 309291 309415 | 3 126 | 125 124 | 98.4 | NZ_CP009610.1_Haemophilus_influenzae_strain_Hi375__complete_genome NODE_5_length_26946_cov_145.931458
		Skipping redundant alignment 1107084 1107194 | 112 3 | 111 110 | 95.5 | NZ_CP009610.1_Haemophilus_influenzae_strain_Hi375__complete_genome NODE_5_length_26946_cov_145.931458
		Skipping redundant alignment 423202 423302 | 3 102 | 101 100 | 97.03 | NZ_CP009610.1_Haemophilus_influenzae_strain_Hi375__complete_genome NODE_5_length_26946_cov_145.931458
		Skipping redundant alignment 960807 960883 | 15840 15764 | 77 77 | 100.0 | NZ_CP009610.1_Haemophilus_influenzae_strain_Hi375__complete_genome NODE_5_length_26946_cov_145.931458
			Skipping redundant alignments after choosing the best set of alignments
		Skipping redundant alignment 269821 269946 | 26947 27072 | 126 126 | 97.62 | NZ_CP009610.1_Haemophilus_influenzae_strain_Hi375__complete_genome NODE_5_length_26946_cov_145.931458
		Skipping redundant alignment 966415 966540 | 27072 26947 | 126 126 | 100.0 | NZ_CP009610.1_Haemophilus_influenzae_strain_Hi375__complete_genome NODE_5_length_26946_cov_145.931458
		Skipping redundant alignment 1112975 1113100 | 27072 26947 | 126 126 | 97.62 | NZ_CP009610.1_Haemophilus_influenzae_strain_Hi375__complete_genome NODE_5_length_26946_cov_145.931458
		This contig is misassembled. 10 total aligns.
			Real Alignment 1: 275725 294251 | 3 18546 | 18527 18544 | 96.15 | NZ_CP009610.1_Haemophilus_influenzae_strain_Hi375__complete_genome NODE_5_length_26946_cov_145.931458
			  Extensive misassembly ( relocation, inconsistency = 638812 ) between these two alignments
			Real Alignment 2: 941209 941293 | 26776 26692 | 85 85 | 100.0 | NZ_CP009610.1_Haemophilus_influenzae_strain_Hi375__complete_genome NODE_5_length_26946_cov_145.931458
			  Extensive misassembly ( relocation, inconsistency = -523927 ) between these two alignments
			Real Alignment 3: 417537 417662 | 26947 27072 | 126 126 | 97.62 | NZ_CP009610.1_Haemophilus_influenzae_strain_Hi375__complete_genome NODE_5_length_26946_cov_145.931458

CONTIG: NODE_6_length_10068_cov_175.156143 (10194bp)
Top Length: 10098  Top ID: 95.43
		Marking as insignificant: 447493 447619 | 10068 10194 | 127 127 | 97.64 | NZ_CP009610.1_Haemophilus_influenzae_strain_Hi375__complete_genome NODE_6_length_10068_cov_175.156143
		One align captures most of this contig: 407230 417311 | 10194 97 | 10082 10098 | 95.43 | NZ_CP009610.1_Haemophilus_influenzae_strain_Hi375__complete_genome NODE_6_length_10068_cov_175.156143

CONTIG: NODE_7_length_50836_cov_155.284012 (50962bp)
Top Length: 8646  Top ID: 95.35
		Skipping redundant alignment 309302 309447 | 4 148 | 146 145 | 98.63 | NZ_CP009610.1_Haemophilus_influenzae_strain_Hi375__complete_genome NODE_7_length_50836_cov_155.284012
		Skipping redundant alignment 275736 275850 | 4 116 | 115 113 | 98.26 | NZ_CP009610.1_Haemophilus_influenzae_strain_Hi375__complete_genome NODE_7_length_50836_cov_155.284012
		Skipping redundant alignment 1107084 1107183 | 102 4 | 100 99 | 96.0 | NZ_CP009610.1_Haemophilus_influenzae_strain_Hi375__complete_genome NODE_7_length_50836_cov_155.284012
		Skipping redundant alignment 423213 423302 | 4 92 | 90 89 | 97.78 | NZ_CP009610.1_Haemophilus_influenzae_strain_Hi375__complete_genome NODE_7_length_50836_cov_155.284012
		This contig is misassembled. 7 total aligns.
			Warning! This contig is more unaligned than misassembled. Contig length is 50962 and total length of all aligns is 16662
		Alignment: 835605 844253 | 8649 4 | 8649 8646 | 95.35 | NZ_CP009610.1_Haemophilus_influenzae_strain_Hi375__complete_genome NODE_7_length_50836_cov_155.284012
		Alignment: 868897 876640 | 34739 42476 | 7744 7738 | 95.62 | NZ_CP009610.1_Haemophilus_influenzae_strain_Hi375__complete_genome NODE_7_length_50836_cov_155.284012
		Alignment: 969821 970097 | 44163 43886 | 277 278 | 96.4 | NZ_CP009610.1_Haemophilus_influenzae_strain_Hi375__complete_genome NODE_7_length_50836_cov_155.284012
		Unaligned bases: 34300
		This contig has both significant aligned and unaligned parts (of length >= min-contig)!
CONTIG: NODE_8_length_1388_cov_514.852295 (1514bp)
Top Length: 1514  Top ID: 98.48
		This contig has 6 significant alignments. [An ambiguously mapped contig]
		Using only first of these alignment (option --ambiguity-usage is set to "one"):
		Alignment: 273957 275471 | 1 1514 | 1515 1514 | 98.48 | NZ_CP009610.1_Haemophilus_influenzae_strain_Hi375__complete_genome NODE_8_length_1388_cov_514.852295
		Skipping alignment  307523 309037 | 1 1514 | 1515 1514 | 98.48 | NZ_CP009610.1_Haemophilus_influenzae_strain_Hi375__complete_genome NODE_8_length_1388_cov_514.852295
		Skipping alignment  844517 846031 | 1514 1 | 1515 1514 | 98.48 | NZ_CP009610.1_Haemophilus_influenzae_strain_Hi375__complete_genome NODE_8_length_1388_cov_514.852295
		Skipping alignment  1107448 1108962 | 1514 1 | 1515 1514 | 98.48 | NZ_CP009610.1_Haemophilus_influenzae_strain_Hi375__complete_genome NODE_8_length_1388_cov_514.852295
		Skipping alignment  421434 422948 | 1 1514 | 1515 1514 | 98.09 | NZ_CP009610.1_Haemophilus_influenzae_strain_Hi375__complete_genome NODE_8_length_1388_cov_514.852295
		Skipping alignment  961139 962653 | 1514 1 | 1515 1514 | 98.09 | NZ_CP009610.1_Haemophilus_influenzae_strain_Hi375__complete_genome NODE_8_length_1388_cov_514.852295

CONTIG: NODE_9_length_3328_cov_573.854553 (3454bp)
Top Length: 1744  Top ID: 96.22
		Skipping redundant alignment 1112967 1113100 | 134 1 | 134 134 | 97.01 | NZ_CP009610.1_Haemophilus_influenzae_strain_Hi375__complete_genome NODE_9_length_3328_cov_573.854553
			Skipping redundant alignments after choosing the best set of alignments
		Skipping redundant alignment 303386 303531 | 1 143 | 146 143 | 95.21 | NZ_CP009610.1_Haemophilus_influenzae_strain_Hi375__complete_genome NODE_9_length_3328_cov_573.854553
		Skipping redundant alignment 303725 305466 | 296 2039 | 1742 1744 | 96.22 | NZ_CP009610.1_Haemophilus_influenzae_strain_Hi375__complete_genome NODE_9_length_3328_cov_573.854553
		Skipping redundant alignment 305587 306208 | 2045 2666 | 622 622 | 100.0 | NZ_CP009610.1_Haemophilus_influenzae_strain_Hi375__complete_genome NODE_9_length_3328_cov_573.854553
		Skipping redundant alignment 306317 307100 | 2671 3454 | 784 784 | 99.23 | NZ_CP009610.1_Haemophilus_influenzae_strain_Hi375__complete_genome NODE_9_length_3328_cov_573.854553
		Skipping redundant alignment 417537 417682 | 1 143 | 146 143 | 95.21 | NZ_CP009610.1_Haemophilus_influenzae_strain_Hi375__complete_genome NODE_9_length_3328_cov_573.854553
		Skipping redundant alignment 417876 419617 | 296 2039 | 1742 1744 | 96.22 | NZ_CP009610.1_Haemophilus_influenzae_strain_Hi375__complete_genome NODE_9_length_3328_cov_573.854553
		Skipping redundant alignment 419738 420359 | 2045 2666 | 622 622 | 100.0 | NZ_CP009610.1_Haemophilus_influenzae_strain_Hi375__complete_genome NODE_9_length_3328_cov_573.854553
		Skipping redundant alignment 420468 421250 | 2671 3454 | 783 784 | 99.11 | NZ_CP009610.1_Haemophilus_influenzae_strain_Hi375__complete_genome NODE_9_length_3328_cov_573.854553
		Skipping redundant alignment 846215 846997 | 3454 2671 | 783 784 | 99.11 | NZ_CP009610.1_Haemophilus_influenzae_strain_Hi375__complete_genome NODE_9_length_3328_cov_573.854553
		Skipping redundant alignment 847106 847727 | 2666 2045 | 622 622 | 100.0 | NZ_CP009610.1_Haemophilus_influenzae_strain_Hi375__complete_genome NODE_9_length_3328_cov_573.854553
		Skipping redundant alignment 847848 849589 | 2039 296 | 1742 1744 | 96.22 | NZ_CP009610.1_Haemophilus_influenzae_strain_Hi375__complete_genome NODE_9_length_3328_cov_573.854553
		Skipping redundant alignment 962837 963620 | 3454 2671 | 784 784 | 99.23 | NZ_CP009610.1_Haemophilus_influenzae_strain_Hi375__complete_genome NODE_9_length_3328_cov_573.854553
		Skipping redundant alignment 963729 964351 | 2666 2045 | 623 622 | 99.84 | NZ_CP009610.1_Haemophilus_influenzae_strain_Hi375__complete_genome NODE_9_length_3328_cov_573.854553
		Skipping redundant alignment 1109385 1110168 | 3454 2671 | 784 784 | 99.23 | NZ_CP009610.1_Haemophilus_influenzae_strain_Hi375__complete_genome NODE_9_length_3328_cov_573.854553
		Skipping redundant alignment 1110277 1110897 | 2666 2045 | 621 622 | 99.84 | NZ_CP009610.1_Haemophilus_influenzae_strain_Hi375__complete_genome NODE_9_length_3328_cov_573.854553
		Skipping redundant alignment 1111018 1112759 | 2039 296 | 1742 1744 | 96.22 | NZ_CP009610.1_Haemophilus_influenzae_strain_Hi375__complete_genome NODE_9_length_3328_cov_573.854553
		This contig is misassembled. 21 total aligns.
			Real Alignment 1: 269821 269966 | 1 143 | 146 143 | 95.21 | NZ_CP009610.1_Haemophilus_influenzae_strain_Hi375__complete_genome NODE_9_length_3328_cov_573.854553
			  Gap between these two alignments (local misassembly). Inconsistency = 41 
			Real Alignment 2: 270160 271901 | 296 2039 | 1742 1744 | 96.22 | NZ_CP009610.1_Haemophilus_influenzae_strain_Hi375__complete_genome NODE_9_length_3328_cov_573.854553
			  Gap between these two alignments (local misassembly). Inconsistency = 113 
			Real Alignment 3: 272020 272641 | 2045 2666 | 622 622 | 100.0 | NZ_CP009610.1_Haemophilus_influenzae_strain_Hi375__complete_genome NODE_9_length_3328_cov_573.854553
			  Gap between these two alignments (local misassembly). Inconsistency = 104 
			Real Alignment 4: 272750 273534 | 2671 3454 | 785 784 | 98.6 | NZ_CP009610.1_Haemophilus_influenzae_strain_Hi375__complete_genome NODE_9_length_3328_cov_573.854553

CONTIG: NODE_15_length_1150785_cov_139.851166 (1150911bp)
Top Length: 38887  Top ID: 95.34
		Skipping redundant alignment 303386 303467 | 82 1 | 82 82 | 98.78 | NZ_CP009610.1_Haemophilus_influenzae_strain_Hi375__complete_genome NODE_15_length_1150785_cov_139.851166
		Skipping redundant alignment 231068 231143 | 86399 86324 | 76 76 | 100.0 | NZ_CP009610.1_Haemophilus_influenzae_strain_Hi375__complete_genome NODE_15_length_1150785_cov_139.851166
		Skipping redundant alignment 231068 231143 | 86431 86356 | 76 76 | 100.0 | NZ_CP009610.1_Haemophilus_influenzae_strain_Hi375__complete_genome NODE_15_length_1150785_cov_139.851166
		Skipping redundant alignment 949640 949721 | 572427 572346 | 82 82 | 100.0 | NZ_CP009610.1_Haemophilus_influenzae_strain_Hi375__complete_genome NODE_15_length_1150785_cov_139.851166
		Skipping redundant alignment 1134720 1134797 | 572425 572348 | 78 78 | 100.0 | NZ_CP009610.1_Haemophilus_influenzae_strain_Hi375__complete_genome NODE_15_length_1150785_cov_139.851166
		Skipping redundant alignment 949387 949639 | 572784 572531 | 253 254 | 95.67 | NZ_CP009610.1_Haemophilus_influenzae_strain_Hi375__complete_genome NODE_15_length_1150785_cov_139.851166
		Skipping redundant alignment 641961 642039 | 572668 572746 | 79 79 | 100.0 | NZ_CP009610.1_Haemophilus_influenzae_strain_Hi375__complete_genome NODE_15_length_1150785_cov_139.851166
		Skipping redundant alignment 231068 231143 | 586605 586680 | 76 76 | 100.0 | NZ_CP009610.1_Haemophilus_influenzae_strain_Hi375__complete_genome NODE_15_length_1150785_cov_139.851166
		Skipping redundant alignment 231068 231143 | 586617 586692 | 76 76 | 100.0 | NZ_CP009610.1_Haemophilus_influenzae_strain_Hi375__complete_genome NODE_15_length_1150785_cov_139.851166
		Skipping redundant alignment 431628 431793 | 1042193 1042028 | 166 166 | 98.19 | NZ_CP009610.1_Haemophilus_influenzae_strain_Hi375__complete_genome NODE_15_length_1150785_cov_139.851166
		Skipping redundant alignment 374371 374510 | 1042167 1042028 | 140 140 | 98.57 | NZ_CP009610.1_Haemophilus_influenzae_strain_Hi375__complete_genome NODE_15_length_1150785_cov_139.851166
		Skipping redundant alignment 431620 431743 | 1042189 1042066 | 124 124 | 100.0 | NZ_CP009610.1_Haemophilus_influenzae_strain_Hi375__complete_genome NODE_15_length_1150785_cov_139.851166
		Skipping redundant alignment 374373 374472 | 1042193 1042094 | 100 100 | 100.0 | NZ_CP009610.1_Haemophilus_influenzae_strain_Hi375__complete_genome NODE_15_length_1150785_cov_139.851166
		Skipping redundant alignment 346964 347459 | 1109360 1109855 | 496 496 | 95.56 | NZ_CP009610.1_Haemophilus_influenzae_strain_Hi375__complete_genome NODE_15_length_1150785_cov_139.851166
		Skipping redundant alignment 319060 319154 | 1118564 1118659 | 95 96 | 97.92 | NZ_CP009610.1_Haemophilus_influenzae_strain_Hi375__complete_genome NODE_15_length_1150785_cov_139.851166
		Skipping redundant alignment 431662 431755 | 1118574 1118667 | 94 94 | 100.0 | NZ_CP009610.1_Haemophilus_influenzae_strain_Hi375__complete_genome NODE_15_length_1150785_cov_139.851166
		Skipping redundant alignment 319071 319154 | 1118584 1118667 | 84 84 | 100.0 | NZ_CP009610.1_Haemophilus_influenzae_strain_Hi375__complete_genome NODE_15_length_1150785_cov_139.851166
		Skipping redundant alignment 382185 382249 | 1126525 1126589 | 65 65 | 100.0 | NZ_CP009610.1_Haemophilus_influenzae_strain_Hi375__complete_genome NODE_15_length_1150785_cov_139.851166
			Skipping redundant alignments after choosing the best set of alignments
		Skipping redundant alignment 231067 231143 | 586600 586676 | 77 77 | 100.0 | NZ_CP009610.1_Haemophilus_influenzae_strain_Hi375__complete_genome NODE_15_length_1150785_cov_139.851166
		Skipping redundant alignment 374061 374464 | 1118268 1118667 | 404 400 | 97.52 | NZ_CP009610.1_Haemophilus_influenzae_strain_Hi375__complete_genome NODE_15_length_1150785_cov_139.851166
		Skipping redundant alignment 374061 374468 | 1118268 1118667 | 408 400 | 96.57 | NZ_CP009610.1_Haemophilus_influenzae_strain_Hi375__complete_genome NODE_15_length_1150785_cov_139.851166
		Skipping redundant alignment 374061 374472 | 1118268 1118667 | 412 400 | 95.63 | NZ_CP009610.1_Haemophilus_influenzae_strain_Hi375__complete_genome NODE_15_length_1150785_cov_139.851166
		Skipping redundant alignment 567921 568029 | 86430 86322 | 109 109 | 100.0 | NZ_CP009610.1_Haemophilus_influenzae_strain_Hi375__complete_genome NODE_15_length_1150785_cov_139.851166
		Skipping redundant alignment 567921 568013 | 586602 586694 | 93 93 | 100.0 | NZ_CP009610.1_Haemophilus_influenzae_strain_Hi375__complete_genome NODE_15_length_1150785_cov_139.851166
		Skipping redundant alignment 567924 568033 | 86431 86322 | 110 110 | 100.0 | NZ_CP009610.1_Haemophilus_influenzae_strain_Hi375__complete_genome NODE_15_length_1150785_cov_139.851166
		Skipping redundant alignment 966459 966559 | 1 101 | 101 101 | 99.01 | NZ_CP009610.1_Haemophilus_influenzae_strain_Hi375__complete_genome NODE_15_length_1150785_cov_139.851166
		This contig is misassembled. 107 total aligns.
			Real Alignment 1: 1113019 1113120 | 1 101 | 102 101 | 97.06 | NZ_CP009610.1_Haemophilus_influenzae_strain_Hi375__complete_genome NODE_15_length_1150785_cov_139.851166
			  Extensive misassembly ( relocation, inconsistency = -147669 ) between these two alignments
			Real Alignment 2: 966469 966559 | 1119 1209 | 91 91 | 96.7 | NZ_CP009610.1_Haemophilus_influenzae_strain_Hi375__complete_genome NODE_15_length_1150785_cov_139.851166
			  Extensive misassembly ( relocation, inconsistency = 146621 ) between these two alignments
			Real Alignment 3: 1113195 1117312 | 1224 5326 | 4118 4103 | 95.34 | NZ_CP009610.1_Haemophilus_influenzae_strain_Hi375__complete_genome NODE_15_length_1150785_cov_139.851166
			  Extensive misassembly ( relocation, inconsistency = -7835 ) between these two alignments
			Real Alignment 4: 1120542 1133390 | 16391 29263 | 12849 12873 | 95.24 | NZ_CP009610.1_Haemophilus_influenzae_strain_Hi375__complete_genome NODE_15_length_1150785_cov_139.851166
			  Overlap between these two alignments (local misassembly). Inconsistency = -612 
			Real Alignment 5: 1134821 1139492 | 31306 35977 | 4672 4672 | 98.2 | NZ_CP009610.1_Haemophilus_influenzae_strain_Hi375__complete_genome NODE_15_length_1150785_cov_139.851166
			  Extensive misassembly ( relocation, inconsistency = 1157 ) between these two alignments
			Real Alignment 6: 1140699 1152046 | 36027 47377 | 11348 11351 | 96.2 | NZ_CP009610.1_Haemophilus_influenzae_strain_Hi375__complete_genome NODE_15_length_1150785_cov_139.851166
			  Extensive misassembly ( relocation, inconsistency = 134912 ) between these two alignments
			Real Alignment 7: 1291472 1294031 | 51891 54444 | 2560 2554 | 95.27 | NZ_CP009610.1_Haemophilus_influenzae_strain_Hi375__complete_genome NODE_15_length_1150785_cov_139.851166
			  Extensive misassembly ( relocation, inconsistency = 2104 ) between these two alignments
			Real Alignment 8: 1296632 1298661 | 54941 56967 | 2030 2027 | 98.08 | NZ_CP009610.1_Haemophilus_influenzae_strain_Hi375__complete_genome NODE_15_length_1150785_cov_139.851166
			  Extensive misassembly ( relocation, inconsistency = -136940 ) between these two alignments
			Real Alignment 9: 1167114 1174938 | 62360 70163 | 7825 7804 | 95.11 | NZ_CP009610.1_Haemophilus_influenzae_strain_Hi375__complete_genome NODE_15_length_1150785_cov_139.851166
			  Extensive misassembly ( relocation, inconsistency = 8797 ) between these two alignments
			Excluding internal overlap of size 10 between Alignment 10 and 11:  567932 568041 | 86431 86322 | 110 110 --> 567932 568031 | 86431 86332 | 100 100
			Real Alignment 10: 1183738 1199927 | 70166 86331 | 16190 16166 | 95.96 | NZ_CP009610.1_Haemophilus_influenzae_strain_Hi375__complete_genome NODE_15_length_1150785_cov_139.851166
			  Extensive misassembly ( relocation, inconsistency = -631996 ) between these two alignments
			Real Alignment 11: 567932 568031 | 86431 86332 | 100 100 | 100.0 | NZ_CP009610.1_Haemophilus_influenzae_strain_Hi375__complete_genome NODE_15_length_1150785_cov_139.851166
			  Extensive misassembly ( relocation, inconsistency = -1090365 ) between these two alignments
			Real Alignment 12: 1625428 1642230 | 119294 102498 | 16803 16797 | 96.36 | NZ_CP009610.1_Haemophilus_influenzae_strain_Hi375__complete_genome NODE_15_length_1150785_cov_139.851166
			  Overlap between these two alignments (local misassembly). Inconsistency = -987 
			Real Alignment 13: 1624538 1625437 | 121169 120272 | 900 898 | 97.11 | NZ_CP009610.1_Haemophilus_influenzae_strain_Hi375__complete_genome NODE_15_length_1150785_cov_139.851166
			  Extensive misassembly ( relocation, inconsistency = -3089 ) between these two alignments
			Real Alignment 14: 1597294 1613606 | 151491 135190 | 16313 16302 | 95.61 | NZ_CP009610.1_Haemophilus_influenzae_strain_Hi375__complete_genome NODE_15_length_1150785_cov_139.851166
			  Extensive misassembly ( relocation, inconsistency = 11618 ) between these two alignments
			Real Alignment 15: 1566815 1585641 | 170356 151526 | 18827 18831 | 95.41 | NZ_CP009610.1_Haemophilus_influenzae_strain_Hi375__complete_genome NODE_15_length_1150785_cov_139.851166
			  Extensive misassembly ( relocation, inconsistency = -274446 ) between these two alignments
			Real Alignment 16: 1322203 1322501 | 181364 181662 | 299 299 | 95.32 | NZ_CP009610.1_Haemophilus_influenzae_strain_Hi375__complete_genome NODE_15_length_1150785_cov_139.851166
			  Extensive misassembly ( relocation, inconsistency = 180872 ) between these two alignments
			Real Alignment 17: 1515322 1515758 | 194051 193611 | 437 441 | 96.37 | NZ_CP009610.1_Haemophilus_influenzae_strain_Hi375__complete_genome NODE_15_length_1150785_cov_139.851166
			  Extensive misassembly ( relocation, inconsistency = 32150 ) between these two alignments
			Real Alignment 18: 1468218 1469050 | 209005 208173 | 833 833 | 98.08 | NZ_CP009610.1_Haemophilus_influenzae_strain_Hi375__complete_genome NODE_15_length_1150785_cov_139.851166
			  Overlap between these two alignments (local misassembly). Inconsistency = -716 
			Real Alignment 19: 1449463 1467146 | 228459 210793 | 17684 17667 | 96.74 | NZ_CP009610.1_Haemophilus_influenzae_strain_Hi375__complete_genome NODE_15_length_1150785_cov_139.851166
			  Extensive misassembly ( relocation, inconsistency = -36419 ) between these two alignments
			Real Alignment 20: 1481262 1485866 | 233076 228475 | 4605 4602 | 95.51 | NZ_CP009610.1_Haemophilus_influenzae_strain_Hi375__complete_genome NODE_15_length_1150785_cov_139.851166
			  Extensive misassembly ( relocation, inconsistency = -152780 ) between these two alignments
			Real Alignment 21: 1347919 1350331 | 247909 250321 | 2413 2413 | 96.4 | NZ_CP009610.1_Haemophilus_influenzae_strain_Hi375__complete_genome NODE_15_length_1150785_cov_139.851166
			  Extensive misassembly ( relocation, inconsistency = 74698 ) between these two alignments
			Real Alignment 22: 1439750 1440920 | 266212 265042 | 1171 1171 | 98.21 | NZ_CP009610.1_Haemophilus_influenzae_strain_Hi375__complete_genome NODE_15_length_1150785_cov_139.851166
			  Extensive misassembly ( relocation, inconsistency = 23133 ) between these two alignments
			Real Alignment 23: 1411610 1412176 | 271220 270653 | 567 568 | 95.07 | NZ_CP009610.1_Haemophilus_influenzae_strain_Hi375__complete_genome NODE_15_length_1150785_cov_139.851166
			  Extensive misassembly ( relocation, inconsistency = 1998 ) between these two alignments
			Real Alignment 24: 1398068 1399445 | 282768 281387 | 1378 1382 | 96.17 | NZ_CP009610.1_Haemophilus_influenzae_strain_Hi375__complete_genome NODE_15_length_1150785_cov_139.851166
			  Overlap between these two alignments (local misassembly). Inconsistency = -393 
			Real Alignment 25: 1391966 1398070 | 289243 283159 | 6105 6085 | 98.43 | NZ_CP009610.1_Haemophilus_influenzae_strain_Hi375__complete_genome NODE_15_length_1150785_cov_139.851166
			  Overlap between these two alignments (local misassembly). Inconsistency = -214 
			Real Alignment 26: 1382874 1391545 | 298548 289878 | 8672 8671 | 96.25 | NZ_CP009610.1_Haemophilus_influenzae_strain_Hi375__complete_genome NODE_15_length_1150785_cov_139.851166
			  Extensive misassembly ( relocation, inconsistency = 1885 ) between these two alignments
			Real Alignment 27: 1362460 1380854 | 317031 298683 | 18395 18349 | 96.34 | NZ_CP009610.1_Haemophilus_influenzae_strain_Hi375__complete_genome NODE_15_length_1150785_cov_139.851166
			  Extensive misassembly ( relocation, inconsistency = 59282 ) between these two alignments
			Real Alignment 28: 1447824 1449405 | 324719 326300 | 1582 1582 | 95.51 | NZ_CP009610.1_Haemophilus_influenzae_strain_Hi375__complete_genome NODE_15_length_1150785_cov_139.851166
			  Extensive misassembly ( relocation, inconsistency = 36516 ) between these two alignments
			Real Alignment 29: 1485925 1494450 | 326304 334829 | 8526 8526 | 95.58 | NZ_CP009610.1_Haemophilus_influenzae_strain_Hi375__complete_genome NODE_15_length_1150785_cov_139.851166
			  Extensive misassembly ( relocation, inconsistency = 5618 ) between these two alignments
			Real Alignment 30: 1502900 1514649 | 337661 349410 | 11750 11750 | 95.16 | NZ_CP009610.1_Haemophilus_influenzae_strain_Hi375__complete_genome NODE_15_length_1150785_cov_139.851166
			  Extensive misassembly ( relocation, inconsistency = -203222 ) between these two alignments
			Real Alignment 31: 1312495 1317473 | 355460 350478 | 4979 4983 | 96.47 | NZ_CP009610.1_Haemophilus_influenzae_strain_Hi375__complete_genome NODE_15_length_1150785_cov_139.851166
			  Extensive misassembly ( relocation, inconsistency = -41798 ) between these two alignments
			Real Alignment 32: 1311766 1312191 | 397986 397562 | 426 425 | 97.65 | NZ_CP009610.1_Haemophilus_influenzae_strain_Hi375__complete_genome NODE_15_length_1150785_cov_139.851166
			  Extensive misassembly ( relocation, inconsistency = -247940 ) between these two alignments
			Real Alignment 33: 1557582 1557804 | 400110 399888 | 223 223 | 96.86 | NZ_CP009610.1_Haemophilus_influenzae_strain_Hi375__complete_genome NODE_15_length_1150785_cov_139.851166
			  Extensive misassembly ( relocation, inconsistency = 236125 ) between these two alignments
			Real Alignment 34: 1278814 1285398 | 442759 436169 | 6585 6591 | 95.34 | NZ_CP009610.1_Haemophilus_influenzae_strain_Hi375__complete_genome NODE_15_length_1150785_cov_139.851166
			  Extensive misassembly ( relocation, inconsistency = -52880 ) between these two alignments
			Real Alignment 35: 1255354 1255568 | 465595 465810 | 215 216 | 97.22 | NZ_CP009610.1_Haemophilus_influenzae_strain_Hi375__complete_genome NODE_15_length_1150785_cov_139.851166
			  Extensive misassembly ( relocation, inconsistency = -57552 ) between these two alignments
			Excluding internal overlap of size 2 between Alignment 36 and 37:  1218018 1219552 | 503244 501710 | 1535 1535 --> 1218018 1219550 | 503244 501712 | 1533 1533
			Real Alignment 36: 1219851 1233923 | 501711 487645 | 14073 14067 | 97.47 | NZ_CP009610.1_Haemophilus_influenzae_strain_Hi375__complete_genome NODE_15_length_1150785_cov_139.851166
			  Gap between these two alignments (local misassembly). Inconsistency = 300 
			Real Alignment 37: 1218018 1219550 | 503244 501712 | 1533 1533 | 98.18 | NZ_CP009610.1_Haemophilus_influenzae_strain_Hi375__complete_genome NODE_15_length_1150785_cov_139.851166
			  Extensive misassembly ( relocation, inconsistency = 422694 ) between these two alignments
			Real Alignment 38: 1642410 1645283 | 503410 506284 | 2874 2875 | 97.15 | NZ_CP009610.1_Haemophilus_influenzae_strain_Hi375__complete_genome NODE_15_length_1150785_cov_139.851166
			  Gap between these two alignments (local misassembly). Inconsistency = 90 
			Real Alignment 39: 1645569 1652706 | 506480 513647 | 7138 7168 | 95.19 | NZ_CP009610.1_Haemophilus_influenzae_strain_Hi375__complete_genome NODE_15_length_1150785_cov_139.851166
			  Overlap between these two alignments (local misassembly). Inconsistency = -41 
			Real Alignment 40: 1652808 1672072 | 513790 533057 | 19265 19268 | 95.9 | NZ_CP009610.1_Haemophilus_influenzae_strain_Hi375__complete_genome NODE_15_length_1150785_cov_139.851166
			  Extensive misassembly ( relocation, inconsistency = -688315 ) between these two alignments
			Real Alignment 41: 986103 987137 | 536442 535403 | 1035 1040 | 95.58 | NZ_CP009610.1_Haemophilus_influenzae_strain_Hi375__complete_genome NODE_15_length_1150785_cov_139.851166
			  Extensive misassembly ( relocation, inconsistency = -116920 ) between these two alignments
			Real Alignment 42: 876704 897996 | 542929 564146 | 21293 21218 | 96.16 | NZ_CP009610.1_Haemophilus_influenzae_strain_Hi375__complete_genome NODE_15_length_1150785_cov_139.851166
			  Extensive misassembly ( relocation, inconsistency = 116047 ) between these two alignments
			Real Alignment 43: 1014095 1015086 | 565189 564198 | 992 992 | 95.46 | NZ_CP009610.1_Haemophilus_influenzae_strain_Hi375__complete_genome NODE_15_length_1150785_cov_139.851166
			  Overlap between these two alignments (local misassembly). Inconsistency = -792 
			Real Alignment 44: 1012004 1014081 | 568072 565995 | 2078 2078 | 95.04 | NZ_CP009610.1_Haemophilus_influenzae_strain_Hi375__complete_genome NODE_15_length_1150785_cov_139.851166
			  Gap between these two alignments (local misassembly). Inconsistency = 522 
			Real Alignment 45: 1010593 1011411 | 568961 568143 | 819 819 | 95.48 | NZ_CP009610.1_Haemophilus_influenzae_strain_Hi375__complete_genome NODE_15_length_1150785_cov_139.851166
			  Overlap between these two alignments (local misassembly). Inconsistency = -203 
			Real Alignment 46: 997137 1010287 | 582619 569470 | 13151 13150 | 96.0 | NZ_CP009610.1_Haemophilus_influenzae_strain_Hi375__complete_genome NODE_15_length_1150785_cov_139.851166
			  Overlap between these two alignments (local misassembly). Inconsistency = -605 
			Real Alignment 47: 995582 996728 | 584779 583633 | 1147 1147 | 96.52 | NZ_CP009610.1_Haemophilus_influenzae_strain_Hi375__complete_genome NODE_15_length_1150785_cov_139.851166
			  Extensive misassembly ( relocation, inconsistency = -430626 ) between these two alignments
			Real Alignment 48: 567924 568017 | 586601 586694 | 94 94 | 100.0 | NZ_CP009610.1_Haemophilus_influenzae_strain_Hi375__complete_genome NODE_15_length_1150785_cov_139.851166
			  Extensive misassembly ( relocation, inconsistency = 336615 ) between these two alignments
			Real Alignment 49: 906918 935827 | 617976 588980 | 28910 28997 | 96.8 | NZ_CP009610.1_Haemophilus_influenzae_strain_Hi375__complete_genome NODE_15_length_1150785_cov_139.851166
			  Overlap between these two alignments (local misassembly). Inconsistency = -710 
			Excluding internal overlap of size 11 between Alignment 50 and 51:  898177 906864 | 627425 618740 | 8688 8686 --> 898188 906864 | 627414 618740 | 8677 8675
			Real Alignment 50: 898188 906864 | 627414 618740 | 8677 8675 | 96.26 | NZ_CP009610.1_Haemophilus_influenzae_strain_Hi375__complete_genome NODE_15_length_1150785_cov_139.851166
			  Extensive misassembly ( relocation, inconsistency = 830786 ) between these two alignments
			Real Alignment 51: 1737651 1753199 | 627415 642963 | 15549 15549 | 99.87 | NZ_CP009610.1_Haemophilus_influenzae_strain_Hi375__complete_genome NODE_15_length_1150785_cov_139.851166
			  Extensive misassembly ( relocation, inconsistency = -3991 ) between these two alignments
			Real Alignment 52: 1753033 1778710 | 646788 672456 | 25678 25669 | 98.69 | NZ_CP009610.1_Haemophilus_influenzae_strain_Hi375__complete_genome NODE_15_length_1150785_cov_139.851166
			  Overlap between these two alignments (local misassembly). Inconsistency = -36 
			Real Alignment 53: 1788249 1802235 | 682031 696020 | 13987 13990 | 96.15 | NZ_CP009610.1_Haemophilus_influenzae_strain_Hi375__complete_genome NODE_15_length_1150785_cov_139.851166
			  Extensive misassembly ( relocation, inconsistency = -256981 ) between these two alignments
			Real Alignment 54: 1557136 1557350 | 708116 707902 | 215 215 | 97.67 | NZ_CP009610.1_Haemophilus_influenzae_strain_Hi375__complete_genome NODE_15_length_1150785_cov_139.851166
			  Overlap between these two alignments (local misassembly). Inconsistency = -950 
			Real Alignment 55: 1556624 1557136 | 709578 709066 | 513 513 | 96.69 | NZ_CP009610.1_Haemophilus_influenzae_strain_Hi375__complete_genome NODE_15_length_1150785_cov_139.851166
			  Extensive misassembly ( relocation, inconsistency = 212374 ) between these two alignments
			Real Alignment 56: 1810900 1818598 | 750968 758663 | 7699 7696 | 98.23 | NZ_CP009610.1_Haemophilus_influenzae_strain_Hi375__complete_genome NODE_15_length_1150785_cov_139.851166
			  Overlap between these two alignments (local misassembly). Inconsistency = -817 
			Real Alignment 57: 1821141 1841912 | 762023 782807 | 20772 20785 | 96.28 | NZ_CP009610.1_Haemophilus_influenzae_strain_Hi375__complete_genome NODE_15_length_1150785_cov_139.851166
			  Extensive misassembly ( relocation, inconsistency = -1850999 ) between these two alignments
			Real Alignment 58: 1 4097 | 791895 795993 | 4097 4099 | 96.34 | NZ_CP009610.1_Haemophilus_influenzae_strain_Hi375__complete_genome NODE_15_length_1150785_cov_139.851166
			  Extensive misassembly ( relocation, inconsistency = 1059 ) between these two alignments
			Real Alignment 59: 8563 21878 | 799400 812710 | 13316 13311 | 96.85 | NZ_CP009610.1_Haemophilus_influenzae_strain_Hi375__complete_genome NODE_15_length_1150785_cov_139.851166
			  Overlap between these two alignments (local misassembly). Inconsistency = -584 
			Real Alignment 60: 21890 24715 | 813306 816133 | 2826 2828 | 95.34 | NZ_CP009610.1_Haemophilus_influenzae_strain_Hi375__complete_genome NODE_15_length_1150785_cov_139.851166
			  Extensive misassembly ( relocation, inconsistency = -2404 ) between these two alignments
			Real Alignment 61: 24761 28461 | 818583 822258 | 3701 3676 | 96.46 | NZ_CP009610.1_Haemophilus_influenzae_strain_Hi375__complete_genome NODE_15_length_1150785_cov_139.851166
			  Gap between these two alignments (local misassembly). Inconsistency = 101 
			Real Alignment 62: 28629 46131 | 822325 839827 | 17503 17503 | 97.22 | NZ_CP009610.1_Haemophilus_influenzae_strain_Hi375__complete_genome NODE_15_length_1150785_cov_139.851166
			  Extensive misassembly ( relocation, inconsistency = 1311 ) between these two alignments
			Real Alignment 63: 73297 108719 | 865682 901147 | 35423 35466 | 95.71 | NZ_CP009610.1_Haemophilus_influenzae_strain_Hi375__complete_genome NODE_15_length_1150785_cov_139.851166
			  Extensive misassembly ( relocation, inconsistency = 47776 ) between these two alignments
			Real Alignment 64: 156593 157788 | 901245 902440 | 1196 1196 | 96.91 | NZ_CP009610.1_Haemophilus_influenzae_strain_Hi375__complete_genome NODE_15_length_1150785_cov_139.851166
			  Extensive misassembly ( relocation, inconsistency = -1405 ) between these two alignments
			Real Alignment 65: 175859 194455 | 921916 940496 | 18597 18581 | 95.35 | NZ_CP009610.1_Haemophilus_influenzae_strain_Hi375__complete_genome NODE_15_length_1150785_cov_139.851166
			  Overlap between these two alignments (local misassembly). Inconsistency = -382 
			Real Alignment 66: 194445 204409 | 940868 950833 | 9965 9966 | 99.05 | NZ_CP009610.1_Haemophilus_influenzae_strain_Hi375__complete_genome NODE_15_length_1150785_cov_139.851166
			  Extensive misassembly ( relocation, inconsistency = 1061 ) between these two alignments
			Real Alignment 67: 205573 223615 | 950936 968997 | 18043 18062 | 97.43 | NZ_CP009610.1_Haemophilus_influenzae_strain_Hi375__complete_genome NODE_15_length_1150785_cov_139.851166
			  Extensive misassembly ( relocation, inconsistency = -13266 ) between these two alignments
			Real Alignment 68: 223771 230085 | 982419 988731 | 6315 6313 | 96.36 | NZ_CP009610.1_Haemophilus_influenzae_strain_Hi375__complete_genome NODE_15_length_1150785_cov_139.851166
			  Extensive misassembly ( relocation, inconsistency = 103786 ) between these two alignments
			Real Alignment 69: 344966 359201 | 1014049 999826 | 14236 14224 | 97.45 | NZ_CP009610.1_Haemophilus_influenzae_strain_Hi375__complete_genome NODE_15_length_1150785_cov_139.851166
			  Overlap between these two alignments (local misassembly). Inconsistency = -496 
			Real Alignment 70: 327298 344970 | 1032260 1014541 | 17673 17720 | 95.98 | NZ_CP009610.1_Haemophilus_influenzae_strain_Hi375__complete_genome NODE_15_length_1150785_cov_139.851166
			  Extensive misassembly ( relocation, inconsistency = -1683 ) between these two alignments
			Real Alignment 71: 320478 327299 | 1040760 1033942 | 6822 6819 | 95.4 | NZ_CP009610.1_Haemophilus_influenzae_strain_Hi375__complete_genome NODE_15_length_1150785_cov_139.851166
			  Gap between these two alignments (local misassembly). Inconsistency = 18 
			Excluding internal overlap of size 40 between Alignment 72 and 73:  319071 320225 | 1042149 1040995 | 1155 1155 --> 319111 320225 | 1042109 1040995 | 1115 1115
			Real Alignment 72: 319111 320225 | 1042109 1040995 | 1115 1115 | 96.8 | NZ_CP009610.1_Haemophilus_influenzae_strain_Hi375__complete_genome NODE_15_length_1150785_cov_139.851166
			  Fake misassembly between these two alignments: inconsistency = -44 , gap in the contig is small or absent or filled mostly with Ns (long indel: insertion of length 44; 0 mismatches)
			Real Alignment 73: 311930 319154 | 1049333 1042110 | 7225 7224 | 97.58 | NZ_CP009610.1_Haemophilus_influenzae_strain_Hi375__complete_genome NODE_15_length_1150785_cov_139.851166
			  Extensive misassembly ( relocation, inconsistency = -222891 ) between these two alignments
			Real Alignment 74: 492067 530959 | 1092081 1053195 | 38893 38887 | 95.34 | NZ_CP009610.1_Haemophilus_influenzae_strain_Hi375__complete_genome NODE_15_length_1150785_cov_139.851166
			  Overlap between these two alignments (local misassembly). Inconsistency = -134 
			Real Alignment 75: 486622 492056 | 1097662 1092226 | 5435 5437 | 95.55 | NZ_CP009610.1_Haemophilus_influenzae_strain_Hi375__complete_genome NODE_15_length_1150785_cov_139.851166
			  Extensive misassembly ( relocation, inconsistency = -138124 ) between these two alignments
			Real Alignment 76: 364054 367735 | 1107784 1111456 | 3682 3673 | 95.14 | NZ_CP009610.1_Haemophilus_influenzae_strain_Hi375__complete_genome NODE_15_length_1150785_cov_139.851166
			  Overlap between these two alignments (local misassembly). Inconsistency = -199 
			Excluding internal overlap of size 5 between Alignment 77 and 78:  373692 373907 | 1118050 1118265 | 216 216 --> 373697 373907 | 1118055 1118265 | 211 211
			Real Alignment 77: 367736 374122 | 1111656 1118054 | 6387 6399 | 95.61 | NZ_CP009610.1_Haemophilus_influenzae_strain_Hi375__complete_genome NODE_15_length_1150785_cov_139.851166
			  Overlap between these two alignments (local misassembly). Inconsistency = -426 
			Real Alignment 78: 373697 373907 | 1118055 1118265 | 211 211 | 96.3 | NZ_CP009610.1_Haemophilus_influenzae_strain_Hi375__complete_genome NODE_15_length_1150785_cov_139.851166
			  Extensive misassembly ( relocation, inconsistency = 57402 ) between these two alignments
			Real Alignment 79: 431312 431715 | 1118268 1118667 | 404 400 | 97.28 | NZ_CP009610.1_Haemophilus_influenzae_strain_Hi375__complete_genome NODE_15_length_1150785_cov_139.851166
			  Extensive misassembly ( relocation, inconsistency = -57622 ) between these two alignments
			Real Alignment 80: 377455 381986 | 1122029 1126533 | 4532 4505 | 95.21 | NZ_CP009610.1_Haemophilus_influenzae_strain_Hi375__complete_genome NODE_15_length_1150785_cov_139.851166
			  Overlap between these two alignments (local misassembly). Inconsistency = -611 
			Real Alignment 81: 389918 405382 | 1135076 1150533 | 15465 15458 | 96.32 | NZ_CP009610.1_Haemophilus_influenzae_strain_Hi375__complete_genome NODE_15_length_1150785_cov_139.851166

CONTIG: NODE_16_length_1163_cov_286.803101 (1289bp)
Top Length: 1276  Top ID: 96.79
			Skipping redundant alignments after choosing the best set of alignments
		Skipping redundant alignment 447494 448770 | 1289 14 | 1277 1276 | 96.79 | NZ_CP009610.1_Haemophilus_influenzae_strain_Hi375__complete_genome NODE_16_length_1163_cov_286.803101
		This contig is partially unaligned. (Aligned 1276 out of 1289 bases)
		Alignment: 406079 407355 | 14 1289 | 1277 1276 | 96.79 | NZ_CP009610.1_Haemophilus_influenzae_strain_Hi375__complete_genome NODE_16_length_1163_cov_286.803101
		Unaligned bases: 1 to 13 (13)

CONTIG: NODE_17_length_551_cov_403.508179 (677bp)
Top Length: 128  Top ID: 97.66
			Skipping redundant alignments after choosing the best set of alignments
		Skipping redundant alignment 845906 846031 | 677 552 | 126 126 | 99.21 | NZ_CP009610.1_Haemophilus_influenzae_strain_Hi375__complete_genome NODE_17_length_551_cov_403.508179
		Skipping redundant alignment 846213 846340 | 128 1 | 128 128 | 97.66 | NZ_CP009610.1_Haemophilus_influenzae_strain_Hi375__complete_genome NODE_17_length_551_cov_403.508179
		Skipping redundant alignment 962528 962653 | 677 552 | 126 126 | 99.21 | NZ_CP009610.1_Haemophilus_influenzae_strain_Hi375__complete_genome NODE_17_length_551_cov_403.508179
		Skipping redundant alignment 962835 962962 | 128 1 | 128 128 | 97.66 | NZ_CP009610.1_Haemophilus_influenzae_strain_Hi375__complete_genome NODE_17_length_551_cov_403.508179
		This contig is misassembled. 6 total aligns.
			Warning! This contig is more unaligned than misassembled. Contig length is 677 and total length of all aligns is 254
		Alignment: 421125 421252 | 1 128 | 128 128 | 97.66 | NZ_CP009610.1_Haemophilus_influenzae_strain_Hi375__complete_genome NODE_17_length_551_cov_403.508179
		Alignment: 421434 421559 | 552 677 | 126 126 | 99.21 | NZ_CP009610.1_Haemophilus_influenzae_strain_Hi375__complete_genome NODE_17_length_551_cov_403.508179
		Unaligned bases: 423
Analyzing coverage...
Writing SNPs into /data/projects/Assembly/Aroon/reports/GCF_000767075.1_ASM76707v1_genomic/contigs_reports/nucmer_output/M10540_contigs.used_snps
	Reference NZ_CP009610.1_Haemophilus_influenzae_strain_Hi375__complete_genome: 143 total alignments. 1 total regions.
		Region: 1 to 1850897 (1850897 bp)
			Align 1: 1 4097 NODE_15_length_1150785_cov_139.851166 791895 795993
				Gap between this and next alignment: 4097 to 8563 (4465 bp)
				Next Alignment: 8563 21878 NODE_15_length_1150785_cov_139.851166 799400 812710

			Align 2: 8563 21878 NODE_15_length_1150785_cov_139.851166 799400 812710
				Gap between this and next alignment: 21878 to 21890 (11 bp)
				Next Alignment: 21890 24715 NODE_15_length_1150785_cov_139.851166 813306 816133

			Align 3: 21890 24715 NODE_15_length_1150785_cov_139.851166 813306 816133
				Gap between this and next alignment: 24715 to 24761 (45 bp)
				Next Alignment: 24761 28461 NODE_15_length_1150785_cov_139.851166 818583 822258

			Align 4: 24761 28461 NODE_15_length_1150785_cov_139.851166 818583 822258
				Gap between this and next alignment: 28461 to 28629 (167 bp)
				Next Alignment: 28629 46131 NODE_15_length_1150785_cov_139.851166 822325 839827

			Align 5: 28629 46131 NODE_15_length_1150785_cov_139.851166 822325 839827
				Gap between this and next alignment: 46131 to 73297 (27165 bp)
				Next Alignment: 73297 108719 NODE_15_length_1150785_cov_139.851166 865682 901147

			Align 6: 73297 108719 NODE_15_length_1150785_cov_139.851166 865682 901147
				Gap between this and next alignment: 108719 to 108882 (162 bp)
				Next Alignment: 108882 112498 NODE_1_length_311333_cov_153.831482 82059 85675

			Align 7: 108882 112498 NODE_1_length_311333_cov_153.831482 82059 85675
				Gap between this and next alignment: 112498 to 114245 (1746 bp)
				Next Alignment: 114245 136351 NODE_1_length_311333_cov_153.831482 85696 107780

			Align 8: 114245 136351 NODE_1_length_311333_cov_153.831482 85696 107780
				Gap between this and next alignment: 136351 to 156593 (20241 bp)
				Next Alignment: 156593 157788 NODE_15_length_1150785_cov_139.851166 901245 902440

			Align 9: 156593 157788 NODE_15_length_1150785_cov_139.851166 901245 902440
				Gap between this and next alignment: 157788 to 175859 (18070 bp)
				Next Alignment: 175859 194455 NODE_15_length_1150785_cov_139.851166 921916 940496

			Align 10: 175859 194455 NODE_15_length_1150785_cov_139.851166 921916 940496
				Negative gap (overlap) between this and next alignment: 194455 to 194445 (-10 bp)
				Next Alignment: 194445 204409 NODE_15_length_1150785_cov_139.851166 940868 950833

			Previous gap was negative, modifying coordinates to ignore overlap
				Moving contig start from 940868 to 940879.
			Align 11: 194456 204409 NODE_15_length_1150785_cov_139.851166 940879 950833
				Gap between this and next alignment: 204409 to 205573 (1163 bp)
				Next Alignment: 205573 223615 NODE_15_length_1150785_cov_139.851166 950936 968997

			Align 12: 205573 223615 NODE_15_length_1150785_cov_139.851166 950936 968997
				Gap between this and next alignment: 223615 to 223771 (155 bp)
				Next Alignment: 223771 230085 NODE_15_length_1150785_cov_139.851166 982419 988731

			Align 13: 223771 230085 NODE_15_length_1150785_cov_139.851166 982419 988731
				Gap between this and next alignment: 230085 to 235850 (5764 bp)
				Next Alignment: 235850 242454 NODE_2_length_39119_cov_167.875656 29975 36579

			Align 14: 235850 242454 NODE_2_length_39119_cov_167.875656 29975 36579
				Gap between this and next alignment: 242454 to 269821 (27366 bp)
				Next Alignment: 269821 269966 NODE_9_length_3328_cov_573.854553 1 143

			Align 15: 269821 269966 NODE_9_length_3328_cov_573.854553 1 143
				Gap between this and next alignment: 269966 to 270160 (193 bp)
				Next Alignment: 270160 271901 NODE_9_length_3328_cov_573.854553 296 2039

			Align 16: 270160 271901 NODE_9_length_3328_cov_573.854553 296 2039
				Gap between this and next alignment: 271901 to 272020 (118 bp)
				Next Alignment: 272020 272641 NODE_9_length_3328_cov_573.854553 2045 2666

			Align 17: 272020 272641 NODE_9_length_3328_cov_573.854553 2045 2666
				Gap between this and next alignment: 272641 to 272750 (108 bp)
				Next Alignment: 272750 273534 NODE_9_length_3328_cov_573.854553 2671 3454

			Align 18: 272750 273534 NODE_9_length_3328_cov_573.854553 2671 3454
				Gap between this and next alignment: 273534 to 273957 (422 bp)
				Next Alignment: 273957 275471 NODE_8_length_1388_cov_514.852295 1 1514

			Align 19: 273957 275471 NODE_8_length_1388_cov_514.852295 1 1514
				Gap between this and next alignment: 275471 to 275725 (253 bp)
				Next Alignment: 275725 294251 NODE_5_length_26946_cov_145.931458 3 18546

			Align 20: 275725 294251 NODE_5_length_26946_cov_145.931458 3 18546
				The next alignment (291476 291555 NODE_1_length_311333_cov_153.831482 311331 311252) is redundant. Skipping.
				Gap between this and next alignment: 294251 to 303131 (8879 bp)
				Next Alignment: 303131 303215 NODE_1_length_311333_cov_153.831482 286869 286785

			Align 22: 303131 303215 NODE_1_length_311333_cov_153.831482 286869 286785
				The next alignment (303131 303211 NODE_1_length_311333_cov_153.831482 286969 286889) is redundant. Skipping.
				Gap between this and next alignment: 303215 to 308912 (5696 bp)
				Next Alignment: 308912 309422 NODE_4_length_186812_cov_140.254013 1 512

			Align 24: 308912 309422 NODE_4_length_186812_cov_140.254013 1 512
				Negative gap (overlap) between this and next alignment: 309422 to 309302 (-120 bp)
				Next Alignment: 309302 311919 NODE_2_length_39119_cov_167.875656 39242 36629

			Previous gap was negative, modifying coordinates to ignore overlap
				Moving contig start from 39242 to 39122.
			Align 25: 309423 311919 NODE_2_length_39119_cov_167.875656 39122 36629
				Gap between this and next alignment: 311919 to 311930 (10 bp)
				Next Alignment: 311930 319154 NODE_15_length_1150785_cov_139.851166 1049333 1042110

			Align 26: 311930 319154 NODE_15_length_1150785_cov_139.851166 1049333 1042110
				Negative gap (overlap) between this and next alignment: 319154 to 319111 (-43 bp)
				Next Alignment: 319111 320225 NODE_15_length_1150785_cov_139.851166 1042109 1040995

			Previous gap was negative, modifying coordinates to ignore overlap
				Moving contig start from 1042109 to 1042065.
			Align 27: 319155 320225 NODE_15_length_1150785_cov_139.851166 1042065 1040995
				Gap between this and next alignment: 320225 to 320478 (252 bp)
				Next Alignment: 320478 327299 NODE_15_length_1150785_cov_139.851166 1040760 1033942

			Align 28: 320478 327299 NODE_15_length_1150785_cov_139.851166 1040760 1033942
				Negative gap (overlap) between this and next alignment: 327299 to 327298 (-1 bp)
				Next Alignment: 327298 344970 NODE_15_length_1150785_cov_139.851166 1032260 1014541

			Previous gap was negative, modifying coordinates to ignore overlap
				Moving contig start from 1032260 to 1032258.
			Align 29: 327300 344970 NODE_15_length_1150785_cov_139.851166 1032258 1014541
				Negative gap (overlap) between this and next alignment: 344970 to 344966 (-4 bp)
				Next Alignment: 344966 359201 NODE_15_length_1150785_cov_139.851166 1014049 999826

			Previous gap was negative, modifying coordinates to ignore overlap
				Moving contig start from 1014049 to 1014044.
			Align 30: 344971 359201 NODE_15_length_1150785_cov_139.851166 1014044 999826
				Gap between this and next alignment: 359201 to 364054 (4852 bp)
				Next Alignment: 364054 367735 NODE_15_length_1150785_cov_139.851166 1107784 1111456

			Align 31: 364054 367735 NODE_15_length_1150785_cov_139.851166 1107784 1111456
				Next Alignment: 367736 374122 NODE_15_length_1150785_cov_139.851166 1111656 1118054

			Align 32: 367736 374122 NODE_15_length_1150785_cov_139.851166 1111656 1118054
				The next alignment (373697 373907 NODE_15_length_1150785_cov_139.851166 1118055 1118265) is redundant. Skipping.
				Gap between this and next alignment: 374122 to 377455 (3332 bp)
				Next Alignment: 377455 381986 NODE_15_length_1150785_cov_139.851166 1122029 1126533

			Align 34: 377455 381986 NODE_15_length_1150785_cov_139.851166 1122029 1126533
				Gap between this and next alignment: 381986 to 389918 (7931 bp)
				Next Alignment: 389918 405382 NODE_15_length_1150785_cov_139.851166 1135076 1150533

			Align 35: 389918 405382 NODE_15_length_1150785_cov_139.851166 1135076 1150533
				Gap between this and next alignment: 405382 to 406079 (696 bp)
				Next Alignment: 406079 407355 NODE_16_length_1163_cov_286.803101 14 1289

			Align 36: 406079 407355 NODE_16_length_1163_cov_286.803101 14 1289
				Negative gap (overlap) between this and next alignment: 407355 to 407230 (-125 bp)
				Next Alignment: 407230 417311 NODE_6_length_10068_cov_175.156143 10194 97

			Previous gap was negative, modifying coordinates to ignore overlap
				Moving contig start from 10194 to 10068.
			Align 37: 407356 417311 NODE_6_length_10068_cov_175.156143 10068 97
				Gap between this and next alignment: 417311 to 417537 (225 bp)
				Next Alignment: 417537 417662 NODE_5_length_26946_cov_145.931458 26947 27072

			Align 38: 417537 417662 NODE_5_length_26946_cov_145.931458 26947 27072
				Gap between this and next alignment: 417662 to 421125 (3462 bp)
				Next Alignment: 421125 421252 NODE_17_length_551_cov_403.508179 1 128

			Align 39: 421125 421252 NODE_17_length_551_cov_403.508179 1 128
				Gap between this and next alignment: 421252 to 421434 (181 bp)
				Next Alignment: 421434 421559 NODE_17_length_551_cov_403.508179 552 677

			Align 40: 421434 421559 NODE_17_length_551_cov_403.508179 552 677
				Gap between this and next alignment: 421559 to 423088 (1528 bp)
				Next Alignment: 423088 431142 NODE_3_length_25597_cov_176.608231 25722 17654

			Align 41: 423088 431142 NODE_3_length_25597_cov_176.608231 25722 17654
				Gap between this and next alignment: 431142 to 431312 (169 bp)
				Next Alignment: 431312 431715 NODE_15_length_1150785_cov_139.851166 1118268 1118667

			Align 42: 431312 431715 NODE_15_length_1150785_cov_139.851166 1118268 1118667
				Gap between this and next alignment: 431715 to 439384 (7668 bp)
				Next Alignment: 439384 447619 NODE_3_length_25597_cov_176.608231 8254 1

			Align 43: 439384 447619 NODE_3_length_25597_cov_176.608231 8254 1
				Gap between this and next alignment: 447619 to 452512 (4892 bp)
				Next Alignment: 452512 469046 NODE_2_length_39119_cov_167.875656 3222 19761

			Align 44: 452512 469046 NODE_2_length_39119_cov_167.875656 3222 19761
				Gap between this and next alignment: 469046 to 473410 (4363 bp)
				Next Alignment: 473410 475124 NODE_2_length_39119_cov_167.875656 23490 25205

			Align 45: 473410 475124 NODE_2_length_39119_cov_167.875656 23490 25205
				Gap between this and next alignment: 475124 to 475190 (65 bp)
				Next Alignment: 475190 477171 NODE_2_length_39119_cov_167.875656 27204 29181

			Align 46: 475190 477171 NODE_2_length_39119_cov_167.875656 27204 29181
				Gap between this and next alignment: 477171 to 486622 (9450 bp)
				Next Alignment: 486622 492056 NODE_15_length_1150785_cov_139.851166 1097662 1092226

			Align 47: 486622 492056 NODE_15_length_1150785_cov_139.851166 1097662 1092226
				Gap between this and next alignment: 492056 to 492067 (10 bp)
				Next Alignment: 492067 530959 NODE_15_length_1150785_cov_139.851166 1092081 1053195

			Align 48: 492067 530959 NODE_15_length_1150785_cov_139.851166 1092081 1053195
				Gap between this and next alignment: 530959 to 532308 (1348 bp)
				Next Alignment: 532308 533030 NODE_1_length_311333_cov_153.831482 25030 25751

			Align 49: 532308 533030 NODE_1_length_311333_cov_153.831482 25030 25751
				Gap between this and next alignment: 533030 to 535897 (2866 bp)
				Next Alignment: 535897 543805 NODE_1_length_311333_cov_153.831482 28747 36656

			Align 50: 535897 543805 NODE_1_length_311333_cov_153.831482 28747 36656
				Gap between this and next alignment: 543805 to 551901 (8095 bp)
				Next Alignment: 551901 560565 NODE_1_length_311333_cov_153.831482 36693 45338

			Align 51: 551901 560565 NODE_1_length_311333_cov_153.831482 36693 45338
				Gap between this and next alignment: 560565 to 567924 (7358 bp)
				Next Alignment: 567924 568017 NODE_15_length_1150785_cov_139.851166 586601 586694

			Align 52: 567924 568017 NODE_15_length_1150785_cov_139.851166 586601 586694
				Negative gap (overlap) between this and next alignment: 568017 to 567932 (-85 bp)
				Next Alignment: 567932 568031 NODE_15_length_1150785_cov_139.851166 86431 86332

			Previous gap was negative, modifying coordinates to ignore overlap
				Moving contig start from 86431 to 86345.
			Align 53: 568018 568031 NODE_15_length_1150785_cov_139.851166 86345 86332
				Gap between this and next alignment: 568031 to 588728 (20696 bp)
				Next Alignment: 588728 599536 NODE_1_length_311333_cov_153.831482 132848 122046

			Align 54: 588728 599536 NODE_1_length_311333_cov_153.831482 132848 122046
				Gap between this and next alignment: 599536 to 607524 (7987 bp)
				Next Alignment: 607524 617618 NODE_1_length_311333_cov_153.831482 230463 240551

			Align 55: 607524 617618 NODE_1_length_311333_cov_153.831482 230463 240551
				Negative gap (overlap) between this and next alignment: 617618 to 617611 (-7 bp)
				Next Alignment: 617611 629660 NODE_1_length_311333_cov_153.831482 241306 253337

			Previous gap was negative, modifying coordinates to ignore overlap
				Moving contig start from 241306 to 241314.
			Align 56: 617619 629660 NODE_1_length_311333_cov_153.831482 241314 253337
				Gap between this and next alignment: 629660 to 630295 (634 bp)
				Next Alignment: 630295 639097 NODE_1_length_311333_cov_153.831482 253987 262793

			Align 57: 630295 639097 NODE_1_length_311333_cov_153.831482 253987 262793
				Gap between this and next alignment: 639097 to 639437 (339 bp)
				Next Alignment: 639437 642087 NODE_1_length_311333_cov_153.831482 263001 265669

			Align 58: 639437 642087 NODE_1_length_311333_cov_153.831482 263001 265669
				Gap between this and next alignment: 642087 to 690717 (48629 bp)
				Next Alignment: 690717 704964 NODE_1_length_311333_cov_153.831482 265670 279922

			Align 59: 690717 704964 NODE_1_length_311333_cov_153.831482 265670 279922
				Gap between this and next alignment: 704964 to 705097 (132 bp)
				Next Alignment: 705097 708871 NODE_1_length_311333_cov_153.831482 279923 283697

			Align 60: 705097 708871 NODE_1_length_311333_cov_153.831482 279923 283697
				Gap between this and next alignment: 708871 to 708964 (92 bp)
				Next Alignment: 708964 712199 NODE_1_length_311333_cov_153.831482 55051 58286

			Align 61: 708964 712199 NODE_1_length_311333_cov_153.831482 55051 58286
				Gap between this and next alignment: 712199 to 713537 (1337 bp)
				Next Alignment: 713537 723725 NODE_1_length_311333_cov_153.831482 82058 71870

			Align 62: 713537 723725 NODE_1_length_311333_cov_153.831482 82058 71870
				Negative gap (overlap) between this and next alignment: 723725 to 723725 (0 bp)
				Next Alignment: 723725 734334 NODE_1_length_311333_cov_153.831482 71686 61078

			Previous gap was negative, modifying coordinates to ignore overlap
				Moving contig start from 71686 to 71685.
			Align 63: 723726 734334 NODE_1_length_311333_cov_153.831482 71685 61078
				Gap between this and next alignment: 734334 to 737177 (2842 bp)
				Next Alignment: 737177 737677 NODE_1_length_311333_cov_153.831482 230462 229962

			Align 64: 737177 737677 NODE_1_length_311333_cov_153.831482 230462 229962
				Gap between this and next alignment: 737677 to 745433 (7755 bp)
				Next Alignment: 745433 764760 NODE_1_length_311333_cov_153.831482 222058 202726

			Align 65: 745433 764760 NODE_1_length_311333_cov_153.831482 222058 202726
				Gap between this and next alignment: 764760 to 765227 (466 bp)
				Next Alignment: 765227 788531 NODE_1_length_311333_cov_153.831482 202582 179261

			Align 66: 765227 788531 NODE_1_length_311333_cov_153.831482 202582 179261
				Negative gap (overlap) between this and next alignment: 788531 to 788523 (-8 bp)
				Next Alignment: 788523 789738 NODE_1_length_311333_cov_153.831482 178764 177549

			Previous gap was negative, modifying coordinates to ignore overlap
				Moving contig start from 178764 to 178755.
			Align 67: 788532 789738 NODE_1_length_311333_cov_153.831482 178755 177549
				Gap between this and next alignment: 789738 to 796294 (6555 bp)
				Next Alignment: 796294 803249 NODE_1_length_311333_cov_153.831482 170650 163691

			Align 68: 796294 803249 NODE_1_length_311333_cov_153.831482 170650 163691
				Gap between this and next alignment: 803249 to 821840 (18590 bp)
				Next Alignment: 821840 831081 NODE_1_length_311333_cov_153.831482 121089 111845

			Align 69: 821840 831081 NODE_1_length_311333_cov_153.831482 121089 111845
				Gap between this and next alignment: 831081 to 835605 (4523 bp)
				Next Alignment: 835605 844253 NODE_7_length_50836_cov_155.284012 8649 4

			Align 70: 835605 844253 NODE_7_length_50836_cov_155.284012 8649 4
				Gap between this and next alignment: 844253 to 844268 (14 bp)
				Next Alignment: 844268 844391 NODE_1_length_311333_cov_153.831482 311334 311459

			Align 71: 844268 844391 NODE_1_length_311333_cov_153.831482 311334 311459
				Gap between this and next alignment: 844391 to 860210 (15818 bp)
				Next Alignment: 860210 867816 NODE_4_length_186812_cov_140.254013 177042 169433

			Align 72: 860210 867816 NODE_4_length_186812_cov_140.254013 177042 169433
				Gap between this and next alignment: 867816 to 868897 (1080 bp)
				Next Alignment: 868897 876640 NODE_7_length_50836_cov_155.284012 34739 42476

			Align 73: 868897 876640 NODE_7_length_50836_cov_155.284012 34739 42476
				Gap between this and next alignment: 876640 to 876704 (63 bp)
				Next Alignment: 876704 897996 NODE_15_length_1150785_cov_139.851166 542929 564146

			Align 74: 876704 897996 NODE_15_length_1150785_cov_139.851166 542929 564146
				Gap between this and next alignment: 897996 to 898188 (191 bp)
				Next Alignment: 898188 906864 NODE_15_length_1150785_cov_139.851166 627414 618740

			Align 75: 898188 906864 NODE_15_length_1150785_cov_139.851166 627414 618740
				Gap between this and next alignment: 906864 to 906918 (53 bp)
				Next Alignment: 906918 935827 NODE_15_length_1150785_cov_139.851166 617976 588980

			Align 76: 906918 935827 NODE_15_length_1150785_cov_139.851166 617976 588980
				Gap between this and next alignment: 935827 to 941209 (5381 bp)
				Next Alignment: 941209 941293 NODE_5_length_26946_cov_145.931458 26776 26692

			Align 77: 941209 941293 NODE_5_length_26946_cov_145.931458 26776 26692
				Gap between this and next alignment: 941293 to 966469 (25175 bp)
				Next Alignment: 966469 966559 NODE_15_length_1150785_cov_139.851166 1119 1209

			Align 78: 966469 966559 NODE_15_length_1150785_cov_139.851166 1119 1209
				The next alignment (966477 966559 NODE_1_length_311333_cov_153.831482 1 83) is redundant. Skipping.
				The next alignment (966477 966559 NODE_4_length_186812_cov_140.254013 186938 186856) is redundant. Skipping.
				Gap between this and next alignment: 966559 to 969821 (3261 bp)
				Next Alignment: 969821 970097 NODE_7_length_50836_cov_155.284012 44163 43886

			Align 81: 969821 970097 NODE_7_length_50836_cov_155.284012 44163 43886
				Gap between this and next alignment: 970097 to 986103 (16005 bp)
				Next Alignment: 986103 987137 NODE_15_length_1150785_cov_139.851166 536442 535403

			Align 82: 986103 987137 NODE_15_length_1150785_cov_139.851166 536442 535403
				Gap between this and next alignment: 987137 to 987150 (12 bp)
				Next Alignment: 987150 995398 NODE_4_length_186812_cov_140.254013 30577 38826

			Align 83: 987150 995398 NODE_4_length_186812_cov_140.254013 30577 38826
				Gap between this and next alignment: 995398 to 995582 (183 bp)
				Next Alignment: 995582 996728 NODE_15_length_1150785_cov_139.851166 584779 583633

			Align 84: 995582 996728 NODE_15_length_1150785_cov_139.851166 584779 583633
				Gap between this and next alignment: 996728 to 997137 (408 bp)
				Next Alignment: 997137 1010287 NODE_15_length_1150785_cov_139.851166 582619 569470

			Align 85: 997137 1010287 NODE_15_length_1150785_cov_139.851166 582619 569470
				The next alignment (1006963 1007226 NODE_1_length_311333_cov_153.831482 299329 299590) is redundant. Skipping.
				The next alignment (1007330 1007411 NODE_1_length_311333_cov_153.831482 299591 299672) is redundant. Skipping.
				Gap between this and next alignment: 1010287 to 1010593 (305 bp)
				Next Alignment: 1010593 1011411 NODE_15_length_1150785_cov_139.851166 568961 568143

			Align 88: 1010593 1011411 NODE_15_length_1150785_cov_139.851166 568961 568143
				Gap between this and next alignment: 1011411 to 1012004 (592 bp)
				Next Alignment: 1012004 1014081 NODE_15_length_1150785_cov_139.851166 568072 565995

			Align 89: 1012004 1014081 NODE_15_length_1150785_cov_139.851166 568072 565995
				Gap between this and next alignment: 1014081 to 1014095 (13 bp)
				Next Alignment: 1014095 1015086 NODE_15_length_1150785_cov_139.851166 565189 564198

			Align 90: 1014095 1015086 NODE_15_length_1150785_cov_139.851166 565189 564198
				Gap between this and next alignment: 1015086 to 1015132 (45 bp)
				Next Alignment: 1015132 1042460 NODE_4_length_186812_cov_140.254013 169060 141787

			Align 91: 1015132 1042460 NODE_4_length_186812_cov_140.254013 169060 141787
				Gap between this and next alignment: 1042460 to 1047128 (4667 bp)
				Next Alignment: 1047128 1071189 NODE_4_length_186812_cov_140.254013 135666 111561

			Align 92: 1047128 1071189 NODE_4_length_186812_cov_140.254013 135666 111561
				Negative gap (overlap) between this and next alignment: 1071189 to 1071175 (-14 bp)
				Next Alignment: 1071175 1094792 NODE_4_length_186812_cov_140.254013 111448 87875

			Previous gap was negative, modifying coordinates to ignore overlap
				Moving contig start from 111448 to 111433.
			Align 93: 1071190 1094792 NODE_4_length_186812_cov_140.254013 111433 87875
				Gap between this and next alignment: 1094792 to 1094937 (144 bp)
				Next Alignment: 1094937 1100576 NODE_4_length_186812_cov_140.254013 12983 7344

			Align 94: 1094937 1100576 NODE_4_length_186812_cov_140.254013 12983 7344
				Gap between this and next alignment: 1100576 to 1113019 (12442 bp)
				Next Alignment: 1113019 1113120 NODE_15_length_1150785_cov_139.851166 1 101

			Align 95: 1113019 1113120 NODE_15_length_1150785_cov_139.851166 1 101
				Gap between this and next alignment: 1113120 to 1113195 (74 bp)
				Next Alignment: 1113195 1117312 NODE_15_length_1150785_cov_139.851166 1224 5326

			Align 96: 1113195 1117312 NODE_15_length_1150785_cov_139.851166 1224 5326
				Gap between this and next alignment: 1117312 to 1120542 (3229 bp)
				Next Alignment: 1120542 1133390 NODE_15_length_1150785_cov_139.851166 16391 29263

			Align 97: 1120542 1133390 NODE_15_length_1150785_cov_139.851166 16391 29263
				Gap between this and next alignment: 1133390 to 1134821 (1430 bp)
				Next Alignment: 1134821 1139492 NODE_15_length_1150785_cov_139.851166 31306 35977

			Align 98: 1134821 1139492 NODE_15_length_1150785_cov_139.851166 31306 35977
				Gap between this and next alignment: 1139492 to 1140699 (1206 bp)
				Next Alignment: 1140699 1152046 NODE_15_length_1150785_cov_139.851166 36027 47377

			Align 99: 1140699 1152046 NODE_15_length_1150785_cov_139.851166 36027 47377
				Gap between this and next alignment: 1152046 to 1167114 (15067 bp)
				Next Alignment: 1167114 1174938 NODE_15_length_1150785_cov_139.851166 62360 70163

			Align 100: 1167114 1174938 NODE_15_length_1150785_cov_139.851166 62360 70163
				Gap between this and next alignment: 1174938 to 1183738 (8799 bp)
				Next Alignment: 1183738 1199927 NODE_15_length_1150785_cov_139.851166 70166 86331

			Align 101: 1183738 1199927 NODE_15_length_1150785_cov_139.851166 70166 86331
				Gap between this and next alignment: 1199927 to 1218018 (18090 bp)
				Next Alignment: 1218018 1219550 NODE_15_length_1150785_cov_139.851166 503244 501712

			Align 102: 1218018 1219550 NODE_15_length_1150785_cov_139.851166 503244 501712
				Gap between this and next alignment: 1219550 to 1219851 (300 bp)
				Next Alignment: 1219851 1233923 NODE_15_length_1150785_cov_139.851166 501711 487645

			Align 103: 1219851 1233923 NODE_15_length_1150785_cov_139.851166 501711 487645
				Gap between this and next alignment: 1233923 to 1255354 (21430 bp)
				Next Alignment: 1255354 1255568 NODE_15_length_1150785_cov_139.851166 465595 465810

			Align 104: 1255354 1255568 NODE_15_length_1150785_cov_139.851166 465595 465810
				Gap between this and next alignment: 1255568 to 1278814 (23245 bp)
				Next Alignment: 1278814 1285398 NODE_15_length_1150785_cov_139.851166 442759 436169

			Align 105: 1278814 1285398 NODE_15_length_1150785_cov_139.851166 442759 436169
				Gap between this and next alignment: 1285398 to 1291472 (6073 bp)
				Next Alignment: 1291472 1294031 NODE_15_length_1150785_cov_139.851166 51891 54444

			Align 106: 1291472 1294031 NODE_15_length_1150785_cov_139.851166 51891 54444
				Gap between this and next alignment: 1294031 to 1296632 (2600 bp)
				Next Alignment: 1296632 1298661 NODE_15_length_1150785_cov_139.851166 54941 56967

			Align 107: 1296632 1298661 NODE_15_length_1150785_cov_139.851166 54941 56967
				Gap between this and next alignment: 1298661 to 1311766 (13104 bp)
				Next Alignment: 1311766 1312191 NODE_15_length_1150785_cov_139.851166 397986 397562

			Align 108: 1311766 1312191 NODE_15_length_1150785_cov_139.851166 397986 397562
				Gap between this and next alignment: 1312191 to 1312495 (303 bp)
				Next Alignment: 1312495 1317473 NODE_15_length_1150785_cov_139.851166 355460 350478

			Align 109: 1312495 1317473 NODE_15_length_1150785_cov_139.851166 355460 350478
				Gap between this and next alignment: 1317473 to 1322203 (4729 bp)
				Next Alignment: 1322203 1322501 NODE_15_length_1150785_cov_139.851166 181364 181662

			Align 110: 1322203 1322501 NODE_15_length_1150785_cov_139.851166 181364 181662
				Gap between this and next alignment: 1322501 to 1347919 (25417 bp)
				Next Alignment: 1347919 1350331 NODE_15_length_1150785_cov_139.851166 247909 250321

			Align 111: 1347919 1350331 NODE_15_length_1150785_cov_139.851166 247909 250321
				Gap between this and next alignment: 1350331 to 1362460 (12128 bp)
				Next Alignment: 1362460 1380854 NODE_15_length_1150785_cov_139.851166 317031 298683

			Align 112: 1362460 1380854 NODE_15_length_1150785_cov_139.851166 317031 298683
				Gap between this and next alignment: 1380854 to 1382874 (2019 bp)
				Next Alignment: 1382874 1391545 NODE_15_length_1150785_cov_139.851166 298548 289878

			Align 113: 1382874 1391545 NODE_15_length_1150785_cov_139.851166 298548 289878
				Gap between this and next alignment: 1391545 to 1391966 (420 bp)
				Next Alignment: 1391966 1398070 NODE_15_length_1150785_cov_139.851166 289243 283159

			Align 114: 1391966 1398070 NODE_15_length_1150785_cov_139.851166 289243 283159
				Negative gap (overlap) between this and next alignment: 1398070 to 1398068 (-2 bp)
				Next Alignment: 1398068 1399445 NODE_15_length_1150785_cov_139.851166 282768 281387

			Previous gap was negative, modifying coordinates to ignore overlap
				Moving contig start from 282768 to 282765.
			Align 115: 1398071 1399445 NODE_15_length_1150785_cov_139.851166 282765 281387
				Gap between this and next alignment: 1399445 to 1411610 (12164 bp)
				Next Alignment: 1411610 1412176 NODE_15_length_1150785_cov_139.851166 271220 270653

			Align 116: 1411610 1412176 NODE_15_length_1150785_cov_139.851166 271220 270653
				Gap between this and next alignment: 1412176 to 1439750 (27573 bp)
				Next Alignment: 1439750 1440920 NODE_15_length_1150785_cov_139.851166 266212 265042

			Align 117: 1439750 1440920 NODE_15_length_1150785_cov_139.851166 266212 265042
				Gap between this and next alignment: 1440920 to 1447824 (6903 bp)
				Next Alignment: 1447824 1449405 NODE_15_length_1150785_cov_139.851166 324719 326300

			Align 118: 1447824 1449405 NODE_15_length_1150785_cov_139.851166 324719 326300
				Gap between this and next alignment: 1449405 to 1449463 (57 bp)
				Next Alignment: 1449463 1467146 NODE_15_length_1150785_cov_139.851166 228459 210793

			Align 119: 1449463 1467146 NODE_15_length_1150785_cov_139.851166 228459 210793
				Gap between this and next alignment: 1467146 to 1468218 (1071 bp)
				Next Alignment: 1468218 1469050 NODE_15_length_1150785_cov_139.851166 209005 208173

			Align 120: 1468218 1469050 NODE_15_length_1150785_cov_139.851166 209005 208173
				Gap between this and next alignment: 1469050 to 1481262 (12211 bp)
				Next Alignment: 1481262 1485866 NODE_15_length_1150785_cov_139.851166 233076 228475

			Align 121: 1481262 1485866 NODE_15_length_1150785_cov_139.851166 233076 228475
				Gap between this and next alignment: 1485866 to 1485925 (58 bp)
				Next Alignment: 1485925 1494450 NODE_15_length_1150785_cov_139.851166 326304 334829

			Align 122: 1485925 1494450 NODE_15_length_1150785_cov_139.851166 326304 334829
				Gap between this and next alignment: 1494450 to 1502900 (8449 bp)
				Next Alignment: 1502900 1514649 NODE_15_length_1150785_cov_139.851166 337661 349410

			Align 123: 1502900 1514649 NODE_15_length_1150785_cov_139.851166 337661 349410
				Gap between this and next alignment: 1514649 to 1515322 (672 bp)
				Next Alignment: 1515322 1515758 NODE_15_length_1150785_cov_139.851166 194051 193611

			Align 124: 1515322 1515758 NODE_15_length_1150785_cov_139.851166 194051 193611
				Gap between this and next alignment: 1515758 to 1556624 (40865 bp)
				Next Alignment: 1556624 1557136 NODE_15_length_1150785_cov_139.851166 709578 709066

			Align 125: 1556624 1557136 NODE_15_length_1150785_cov_139.851166 709578 709066
				Negative gap (overlap) between this and next alignment: 1557136 to 1557136 (0 bp)
				Next Alignment: 1557136 1557350 NODE_15_length_1150785_cov_139.851166 708116 707902

			Previous gap was negative, modifying coordinates to ignore overlap
				Moving contig start from 708116 to 708115.
			Align 126: 1557137 1557350 NODE_15_length_1150785_cov_139.851166 708115 707902
				Gap between this and next alignment: 1557350 to 1557582 (231 bp)
				Next Alignment: 1557582 1557804 NODE_15_length_1150785_cov_139.851166 400110 399888

			Align 127: 1557582 1557804 NODE_15_length_1150785_cov_139.851166 400110 399888
				Gap between this and next alignment: 1557804 to 1566815 (9010 bp)
				Next Alignment: 1566815 1585641 NODE_15_length_1150785_cov_139.851166 170356 151526

			Align 128: 1566815 1585641 NODE_15_length_1150785_cov_139.851166 170356 151526
				Gap between this and next alignment: 1585641 to 1597294 (11652 bp)
				Next Alignment: 1597294 1613606 NODE_15_length_1150785_cov_139.851166 151491 135190

			Align 129: 1597294 1613606 NODE_15_length_1150785_cov_139.851166 151491 135190
				Gap between this and next alignment: 1613606 to 1624538 (10931 bp)
				Next Alignment: 1624538 1625437 NODE_15_length_1150785_cov_139.851166 121169 120272

			Align 130: 1624538 1625437 NODE_15_length_1150785_cov_139.851166 121169 120272
				Negative gap (overlap) between this and next alignment: 1625437 to 1625428 (-9 bp)
				Next Alignment: 1625428 1642230 NODE_15_length_1150785_cov_139.851166 119294 102498

			Previous gap was negative, modifying coordinates to ignore overlap
				Moving contig start from 119294 to 119284.
			Align 131: 1625438 1642230 NODE_15_length_1150785_cov_139.851166 119284 102498
				Gap between this and next alignment: 1642230 to 1642410 (179 bp)
				Next Alignment: 1642410 1645283 NODE_15_length_1150785_cov_139.851166 503410 506284

			Align 132: 1642410 1645283 NODE_15_length_1150785_cov_139.851166 503410 506284
				Gap between this and next alignment: 1645283 to 1645569 (285 bp)
				Next Alignment: 1645569 1652706 NODE_15_length_1150785_cov_139.851166 506480 513647

			Align 133: 1645569 1652706 NODE_15_length_1150785_cov_139.851166 506480 513647
				Gap between this and next alignment: 1652706 to 1652808 (101 bp)
				Next Alignment: 1652808 1672072 NODE_15_length_1150785_cov_139.851166 513790 533057

			Align 134: 1652808 1672072 NODE_15_length_1150785_cov_139.851166 513790 533057
				Gap between this and next alignment: 1672072 to 1675934 (3861 bp)
				Next Alignment: 1675934 1686796 NODE_4_length_186812_cov_140.254013 29238 18379

			Align 135: 1675934 1686796 NODE_4_length_186812_cov_140.254013 29238 18379
				Gap between this and next alignment: 1686796 to 1687094 (297 bp)
				Next Alignment: 1687094 1689952 NODE_4_length_186812_cov_140.254013 16158 13304

			Align 136: 1687094 1689952 NODE_4_length_186812_cov_140.254013 16158 13304
				Gap between this and next alignment: 1689952 to 1691545 (1592 bp)
				Next Alignment: 1691545 1700011 NODE_4_length_186812_cov_140.254013 41677 50134

			Align 137: 1691545 1700011 NODE_4_length_186812_cov_140.254013 41677 50134
				Gap between this and next alignment: 1700011 to 1700045 (33 bp)
				Next Alignment: 1700045 1737143 NODE_4_length_186812_cov_140.254013 50841 87874

			Align 138: 1700045 1737143 NODE_4_length_186812_cov_140.254013 50841 87874
				Gap between this and next alignment: 1737143 to 1737651 (507 bp)
				Next Alignment: 1737651 1753199 NODE_15_length_1150785_cov_139.851166 627415 642963

			Align 139: 1737651 1753199 NODE_15_length_1150785_cov_139.851166 627415 642963
				Negative gap (overlap) between this and next alignment: 1753199 to 1753033 (-166 bp)
				Next Alignment: 1753033 1778710 NODE_15_length_1150785_cov_139.851166 646788 672456

			Previous gap was negative, modifying coordinates to ignore overlap
				Moving contig start from 646788 to 646951.
			Align 140: 1753200 1778710 NODE_15_length_1150785_cov_139.851166 646951 672456
				Gap between this and next alignment: 1778710 to 1788249 (9538 bp)
				Next Alignment: 1788249 1802235 NODE_15_length_1150785_cov_139.851166 682031 696020

			Align 141: 1788249 1802235 NODE_15_length_1150785_cov_139.851166 682031 696020
				Gap between this and next alignment: 1802235 to 1810900 (8664 bp)
				Next Alignment: 1810900 1818598 NODE_15_length_1150785_cov_139.851166 750968 758663

			Align 142: 1810900 1818598 NODE_15_length_1150785_cov_139.851166 750968 758663
				Gap between this and next alignment: 1818598 to 1821141 (2542 bp)
				Next Alignment: 1821141 1841912 NODE_15_length_1150785_cov_139.851166 762023 782807

			Align 143: 1821141 1841912 NODE_15_length_1150785_cov_139.851166 762023 782807
			END in gap: 1841912 to 1850897 (8985 bp)

Analysis is finished!
Founded SNPs were written into /data/projects/Assembly/Aroon/reports/GCF_000767075.1_ASM76707v1_genomic/contigs_reports/nucmer_output/M10540_contigs.used_snps

Results:
	Local Misassemblies: 43
	Misassemblies: 84
		Relocations: 84
		Translocations: 0
		Inversions: 0
	Misassembled Contigs: 6
	Misassembled Contig Bases: 1741348
	Misassemblies Inter-Contig Overlap: 0
Uncovered Regions: 0 (0)
Unaligned Contigs: 0 + 3 part
Partially Unaligned Contigs with Misassemblies: 2
Unaligned Contig Bases: 34736

Ambiguously Mapped Contigs: 1
Total Bases in Ambiguously Mapped Contigs: 1514
Note that --allow-ambiguity option was set to "one" and only first alignment per each contig was used.

	Covered Bases: 1115432

	SNPs: 40034
	Insertions: 1068
	Deletions: 1182

	Positive Gaps: 120
		Internal Gaps:  84
		External Gaps:  36
		External Gap Total:  223640
		External Gap Average: 6212
	Negative Gaps: 15
		Internal Overlaps:  13
		External Overlaps:  2
		External Overlaps Total: -245
		External Overlaps Average: -122
	Contigs with Redundant Alignments: 3 (884)
