/data/home/achande3/bin/quast-3.2/quast.py -o ./quast/M29179 --no-plots  -t 6 --no-snps  --no-check  /data/projects/assembly/aroon/contigs/meta.M29179.fa /data/projects/assembly/aroon/contigs/spades.M29179.fa /data/projects/assembly/aroon/contigs/velvet.M29179.fa /data/projects/assembly/aroon/contigs/abyss.115.M29179.fa

Version: 3.2, build 26.11.2015 18:55

System information:
  OS: Linux-2.6.32-573.12.1.el6.x86_64-x86_64-with-redhat-6.7-Santiago (linux_64)
  Python version: 2.7.11
  CPUs number: 6

Started: 2016-02-18 08:37:56

Logging to /data/projects/assembly/aroon/meta/quast/M29179/quast.log

Main parameters: 
  Threads: 6, minimum contig length: 500, ambiguity: one, threshold for extensive misassembly size: 1000

Contigs:
  1  /data/projects/assembly/aroon/contigs/meta.M29179.fa ==> meta.M29179
  2  /data/projects/assembly/aroon/contigs/spades.M29179.fa ==> spades.M29179
  3  /data/projects/assembly/aroon/contigs/velvet.M29179.fa ==> velvet.M29179
  4  /data/projects/assembly/aroon/contigs/abyss.115.M29179.fa ==> abyss.115.M29179

2016-02-18 08:37:57
Running Basic statistics processor...
  Contig files: 
    1  meta.M29179
    2  spades.M29179
    3  velvet.M29179
    4  abyss.115.M29179
  Calculating N50 and L50...
    1  meta.M29179, N50 = 403891, L50 = 2, Total length = 1775882, GC % = 37.95, # N's per 100 kbp =  0.00
    2  spades.M29179, N50 = 403891, L50 = 2, Total length = 1800665, GC % = 37.98, # N's per 100 kbp =  0.00
    3  velvet.M29179, N50 = 403837, L50 = 2, Total length = 1779397, GC % = 37.94, # N's per 100 kbp =  24.73
    4  abyss.115.M29179, N50 = 350482, L50 = 3, Total length = 1834362, GC % = 38.21, # N's per 100 kbp =  3.93
Done.

NOTICE: Genes are not predicted by default. Use --gene-finding option to enable it.

2016-02-18 08:37:58
RESULTS:
  Text versions of total report are saved to /data/projects/assembly/aroon/meta/quast/M29179/report.txt, report.tsv, and report.tex
  Text versions of transposed total report are saved to /data/projects/assembly/aroon/meta/quast/M29179/transposed_report.txt, transposed_report.tsv, and transposed_report.tex
  HTML version (interactive tables and plots) saved to /data/projects/assembly/aroon/meta/quast/M29179/report.html
  PDF version (tables and plots) saved to /data/projects/assembly/aroon/meta/quast/M29179/report.pdf
  Log saved to /data/projects/assembly/aroon/meta/quast/M29179/quast.log

Finished: 2016-02-18 08:37:58
Elapsed time: 0:00:01.873294
NOTICEs: 1; WARNINGs: 0; non-fatal ERRORs: 0

Thank you for using QUAST!
