Aligning contigs to reference...
	Running Nucmer
Parsing coords...
Loading reference...
	Loaded [NZ_CP007805.1_Haemophilus_influenzae_CGSHiCZ412602__complete_genome]
Loading SNPs...
Loading regions...
	No regions given, using whole reference.
	Total Regions: 1
	Total Region Length: 1811802
Analyzing contigs...
CONTIG: NODE_1_length_61020_cov_149.082642 (61146bp)
Top Length: 18855  Top ID: 96.55
		Skipping redundant alignment 15641 15718 | 38919 38996 | 78 78 | 100.0 | NZ_CP007805.1_Haemophilus_influenzae_CGSHiCZ412602__complete_genome NODE_1_length_61020_cov_149.082642
		Skipping redundant alignment 691414 691491 | 38996 38919 | 78 78 | 100.0 | NZ_CP007805.1_Haemophilus_influenzae_CGSHiCZ412602__complete_genome NODE_1_length_61020_cov_149.082642
		Skipping redundant alignment 532380 532915 | 61146 60612 | 536 535 | 96.1 | NZ_CP007805.1_Haemophilus_influenzae_CGSHiCZ412602__complete_genome NODE_1_length_61020_cov_149.082642
			Skipping redundant alignments after choosing the best set of alignments
		Skipping redundant alignment 123440 123986 | 60600 61146 | 547 547 | 95.45 | NZ_CP007805.1_Haemophilus_influenzae_CGSHiCZ412602__complete_genome NODE_1_length_61020_cov_149.082642
		This contig is misassembled. 11 total aligns.
			Excluding internal overlap of size 193 between Alignment 1 and 2:  858644 863488 | 12434 7533 | 4845 4902 --> 858644 863295 | 12434 7726 | 4652 4709
			Real Alignment 1: 863632 871286 | 7725 68 | 7655 7658 | 98.2 | NZ_CP007805.1_Haemophilus_influenzae_CGSHiCZ412602__complete_genome NODE_1_length_61020_cov_149.082642
			  Gap between these two alignments (local misassembly). Inconsistency = 336 
			Real Alignment 2: 858644 863295 | 12434 7726 | 4652 4709 | 95.21 | NZ_CP007805.1_Haemophilus_influenzae_CGSHiCZ412602__complete_genome NODE_1_length_61020_cov_149.082642
			  Overlap between these two alignments (local misassembly). Inconsistency = -128 
			Excluding internal overlap of size 8 between Alignment 3 and 4:  831516 836536 | 34274 29242 | 5021 5033 --> 831516 836528 | 34274 29250 | 5013 5025
			Real Alignment 3: 841971 858631 | 29249 12575 | 16661 16675 | 96.87 | NZ_CP007805.1_Haemophilus_influenzae_CGSHiCZ412602__complete_genome NODE_1_length_61020_cov_149.082642
			  Extensive misassembly ( relocation, inconsistency = 5442 ) between these two alignments
			Real Alignment 4: 831516 836528 | 34274 29250 | 5013 5025 | 97.28 | NZ_CP007805.1_Haemophilus_influenzae_CGSHiCZ412602__complete_genome NODE_1_length_61020_cov_149.082642
			  Extensive misassembly ( relocation, inconsistency = 1032 ) between these two alignments
			Real Alignment 5: 811579 830434 | 53178 34324 | 18856 18855 | 96.55 | NZ_CP007805.1_Haemophilus_influenzae_CGSHiCZ412602__complete_genome NODE_1_length_61020_cov_149.082642
			  Extensive misassembly ( relocation, inconsistency = 4117 ) between these two alignments
			Real Alignment 6: 800195 804232 | 60460 56408 | 4038 4053 | 95.83 | NZ_CP007805.1_Haemophilus_influenzae_CGSHiCZ412602__complete_genome NODE_1_length_61020_cov_149.082642
			  Extensive misassembly ( relocation, inconsistency = 138732 ) between these two alignments
			Real Alignment 7: 660777 661323 | 61146 60600 | 547 547 | 95.45 | NZ_CP007805.1_Haemophilus_influenzae_CGSHiCZ412602__complete_genome NODE_1_length_61020_cov_149.082642

CONTIG: NODE_2_length_27589_cov_169.095764 (27715bp)
Top Length: 27082  Top ID: 97.98
		Skipping redundant alignment 123459 123584 | 126 1 | 126 126 | 100.0 | NZ_CP007805.1_Haemophilus_influenzae_CGSHiCZ412602__complete_genome NODE_2_length_27589_cov_169.095764
		Skipping redundant alignment 532782 532907 | 1 126 | 126 126 | 100.0 | NZ_CP007805.1_Haemophilus_influenzae_CGSHiCZ412602__complete_genome NODE_2_length_27589_cov_169.095764
		Skipping redundant alignment 661179 661304 | 1 126 | 126 126 | 100.0 | NZ_CP007805.1_Haemophilus_influenzae_CGSHiCZ412602__complete_genome NODE_2_length_27589_cov_169.095764
		Skipping redundant alignment 798906 799031 | 1 126 | 126 126 | 100.0 | NZ_CP007805.1_Haemophilus_influenzae_CGSHiCZ412602__complete_genome NODE_2_length_27589_cov_169.095764
		Skipping redundant alignment 1805612 1805737 | 126 1 | 126 126 | 100.0 | NZ_CP007805.1_Haemophilus_influenzae_CGSHiCZ412602__complete_genome NODE_2_length_27589_cov_169.095764
		Skipping redundant alignment 28438 28522 | 381 297 | 85 85 | 100.0 | NZ_CP007805.1_Haemophilus_influenzae_CGSHiCZ412602__complete_genome NODE_2_length_27589_cov_169.095764
		Skipping redundant alignment 28338 28418 | 381 301 | 81 81 | 100.0 | NZ_CP007805.1_Haemophilus_influenzae_CGSHiCZ412602__complete_genome NODE_2_length_27589_cov_169.095764
		Skipping redundant alignment 4874 4953 | 11965 11886 | 80 80 | 100.0 | NZ_CP007805.1_Haemophilus_influenzae_CGSHiCZ412602__complete_genome NODE_2_length_27589_cov_169.095764
		Skipping redundant alignment 129124 129249 | 27715 27590 | 126 126 | 100.0 | NZ_CP007805.1_Haemophilus_influenzae_CGSHiCZ412602__complete_genome NODE_2_length_27589_cov_169.095764
		Skipping redundant alignment 655272 655396 | 27590 27715 | 125 126 | 99.21 | NZ_CP007805.1_Haemophilus_influenzae_CGSHiCZ412602__complete_genome NODE_2_length_27589_cov_169.095764
		Skipping redundant alignment 1811471 1811595 | 27715 27590 | 125 126 | 99.21 | NZ_CP007805.1_Haemophilus_influenzae_CGSHiCZ412602__complete_genome NODE_2_length_27589_cov_169.095764
		Skipping redundant alignment 493685 493786 | 27614 27715 | 102 102 | 100.0 | NZ_CP007805.1_Haemophilus_influenzae_CGSHiCZ412602__complete_genome NODE_2_length_27589_cov_169.095764
		This contig is misassembled. 14 total aligns.
			Excluding internal overlap of size 1 between Alignment 1 and 2:  499415 500047 | 1 634 | 633 634 --> 499415 500046 | 1 633 | 632 633
			Real Alignment 1: 499415 500046 | 1 633 | 632 633 | 99.53 | NZ_CP007805.1_Haemophilus_influenzae_CGSHiCZ412602__complete_genome NODE_2_length_27589_cov_169.095764
			  Gap between these two alignments (local misassembly). Inconsistency = 93 
			Real Alignment 2: 500140 527242 | 634 27715 | 27103 27082 | 97.98 | NZ_CP007805.1_Haemophilus_influenzae_CGSHiCZ412602__complete_genome NODE_2_length_27589_cov_169.095764

CONTIG: NODE_3_length_179628_cov_156.746414 (179754bp)
Top Length: 50182  Top ID: 97.26
		Skipping redundant alignment 527131 527274 | 144 1 | 144 144 | 98.61 | NZ_CP007805.1_Haemophilus_influenzae_CGSHiCZ412602__complete_genome NODE_3_length_179628_cov_156.746414
		Skipping redundant alignment 493675 493818 | 141 1 | 144 141 | 97.22 | NZ_CP007805.1_Haemophilus_influenzae_CGSHiCZ412602__complete_genome NODE_3_length_179628_cov_156.746414
		Skipping redundant alignment 240305 240403 | 55103 55005 | 99 99 | 100.0 | NZ_CP007805.1_Haemophilus_influenzae_CGSHiCZ412602__complete_genome NODE_3_length_179628_cov_156.746414
		Skipping redundant alignment 15639 15720 | 98020 98101 | 82 82 | 100.0 | NZ_CP007805.1_Haemophilus_influenzae_CGSHiCZ412602__complete_genome NODE_3_length_179628_cov_156.746414
		Skipping redundant alignment 825763 825840 | 98099 98022 | 78 78 | 100.0 | NZ_CP007805.1_Haemophilus_influenzae_CGSHiCZ412602__complete_genome NODE_3_length_179628_cov_156.746414
		Skipping redundant alignment 15721 15813 | 98205 98297 | 93 93 | 98.92 | NZ_CP007805.1_Haemophilus_influenzae_CGSHiCZ412602__complete_genome NODE_3_length_179628_cov_156.746414
		Skipping redundant alignment 15744 15984 | 143091 143329 | 241 239 | 96.27 | NZ_CP007805.1_Haemophilus_influenzae_CGSHiCZ412602__complete_genome NODE_3_length_179628_cov_156.746414
		Skipping redundant alignment 286843 286921 | 143283 143205 | 79 79 | 100.0 | NZ_CP007805.1_Haemophilus_influenzae_CGSHiCZ412602__complete_genome NODE_3_length_179628_cov_156.746414
		This contig is misassembled. 17 total aligns.
			Real Alignment 1: 786675 793310 | 6636 1 | 6636 6636 | 98.18 | NZ_CP007805.1_Haemophilus_influenzae_CGSHiCZ412602__complete_genome NODE_3_length_179628_cov_156.746414
			  Gap between these two alignments (local misassembly). Inconsistency = 108 
			Real Alignment 2: 736375 786553 | 56831 6650 | 50179 50182 | 97.26 | NZ_CP007805.1_Haemophilus_influenzae_CGSHiCZ412602__complete_genome NODE_3_length_179628_cov_156.746414
			  Extensive misassembly ( relocation, inconsistency = 1244 ) between these two alignments
			Real Alignment 3: 701328 728646 | 90591 63316 | 27319 27276 | 97.21 | NZ_CP007805.1_Haemophilus_influenzae_CGSHiCZ412602__complete_genome NODE_3_length_179628_cov_156.746414
			  Extensive misassembly ( relocation, inconsistency = 2403 ) between these two alignments
			Real Alignment 4: 691216 698886 | 98297 90630 | 7671 7668 | 97.67 | NZ_CP007805.1_Haemophilus_influenzae_CGSHiCZ412602__complete_genome NODE_3_length_179628_cov_156.746414
			  Extensive misassembly ( relocation, inconsistency = -44863 ) between these two alignments
			Real Alignment 5: 685143 691285 | 149233 143091 | 6143 6143 | 97.82 | NZ_CP007805.1_Haemophilus_influenzae_CGSHiCZ412602__complete_genome NODE_3_length_179628_cov_156.746414
			  Extensive misassembly ( relocation, inconsistency = 2346 ) between these two alignments
			Real Alignment 6: 671887 681378 | 160143 150652 | 9492 9492 | 98.06 | NZ_CP007805.1_Haemophilus_influenzae_CGSHiCZ412602__complete_genome NODE_3_length_179628_cov_156.746414
			  Extensive misassembly ( relocation, inconsistency = -8906 ) between these two alignments
			Real Alignment 7: 668120 671943 | 172807 168993 | 3824 3815 | 95.95 | NZ_CP007805.1_Haemophilus_influenzae_CGSHiCZ412602__complete_genome NODE_3_length_179628_cov_156.746414
			  Gap between these two alignments (local misassembly). Inconsistency = 396 
			Excluding internal overlap of size 250 between Alignment 8 and 9:  498998 499540 | 179754 179212 | 543 543 --> 498998 499290 | 179754 179462 | 293 293
			Real Alignment 8: 661055 667720 | 179461 172811 | 6666 6651 | 96.96 | NZ_CP007805.1_Haemophilus_influenzae_CGSHiCZ412602__complete_genome NODE_3_length_179628_cov_156.746414
			  Extensive misassembly ( relocation, inconsistency = 161764 ) between these two alignments
			Real Alignment 9: 498998 499290 | 179754 179462 | 293 293 | 98.34 | NZ_CP007805.1_Haemophilus_influenzae_CGSHiCZ412602__complete_genome NODE_3_length_179628_cov_156.746414

CONTIG: NODE_4_length_5921_cov_282.400604 (6047bp)
		This contig is unaligned. (6047 bp)
		Unaligned bases: 6047  total: 6047

CONTIG: NODE_5_length_444826_cov_179.227036 (444952bp)
Top Length: 52488  Top ID: 97.28
		Skipping redundant alignment 655240 655380 | 142 1 | 141 142 | 98.59 | NZ_CP007805.1_Haemophilus_influenzae_CGSHiCZ412602__complete_genome NODE_5_length_444826_cov_179.227036
		Skipping redundant alignment 1811487 1811627 | 1 142 | 141 142 | 98.59 | NZ_CP007805.1_Haemophilus_influenzae_CGSHiCZ412602__complete_genome NODE_5_length_444826_cov_179.227036
		Skipping redundant alignment 527118 527226 | 110 1 | 109 110 | 98.18 | NZ_CP007805.1_Haemophilus_influenzae_CGSHiCZ412602__complete_genome NODE_5_length_444826_cov_179.227036
		Skipping redundant alignment 493685 493770 | 86 1 | 86 86 | 100.0 | NZ_CP007805.1_Haemophilus_influenzae_CGSHiCZ412602__complete_genome NODE_5_length_444826_cov_179.227036
		Skipping redundant alignment 172808 174133 | 39564 40889 | 1326 1326 | 97.36 | NZ_CP007805.1_Haemophilus_influenzae_CGSHiCZ412602__complete_genome NODE_5_length_444826_cov_179.227036
		Skipping redundant alignment 212597 212861 | 80092 80355 | 265 264 | 99.62 | NZ_CP007805.1_Haemophilus_influenzae_CGSHiCZ412602__complete_genome NODE_5_length_444826_cov_179.227036
		Skipping redundant alignment 738103 738201 | 107668 107766 | 99 99 | 100.0 | NZ_CP007805.1_Haemophilus_influenzae_CGSHiCZ412602__complete_genome NODE_5_length_444826_cov_179.227036
		Skipping redundant alignment 15858 15936 | 159702 159624 | 79 79 | 100.0 | NZ_CP007805.1_Haemophilus_influenzae_CGSHiCZ412602__complete_genome NODE_5_length_444826_cov_179.227036
		Skipping redundant alignment 691093 691171 | 159624 159702 | 79 79 | 100.0 | NZ_CP007805.1_Haemophilus_influenzae_CGSHiCZ412602__complete_genome NODE_5_length_444826_cov_179.227036
		Skipping redundant alignment 265080 265161 | 326535 326616 | 82 82 | 100.0 | NZ_CP007805.1_Haemophilus_influenzae_CGSHiCZ412602__complete_genome NODE_5_length_444826_cov_179.227036
		Skipping redundant alignment 265085 265165 | 326536 326616 | 81 81 | 100.0 | NZ_CP007805.1_Haemophilus_influenzae_CGSHiCZ412602__complete_genome NODE_5_length_444826_cov_179.227036
		Skipping redundant alignment 265113 265193 | 326536 326616 | 81 81 | 100.0 | NZ_CP007805.1_Haemophilus_influenzae_CGSHiCZ412602__complete_genome NODE_5_length_444826_cov_179.227036
		Skipping redundant alignment 543383 544654 | 355631 354354 | 1272 1278 | 96.48 | NZ_CP007805.1_Haemophilus_influenzae_CGSHiCZ412602__complete_genome NODE_5_length_444826_cov_179.227036
		Skipping redundant alignment 609439 610107 | 381445 382113 | 669 669 | 98.8 | NZ_CP007805.1_Haemophilus_influenzae_CGSHiCZ412602__complete_genome NODE_5_length_444826_cov_179.227036
		Skipping redundant alignment 618291 618406 | 388900 389015 | 116 116 | 97.41 | NZ_CP007805.1_Haemophilus_influenzae_CGSHiCZ412602__complete_genome NODE_5_length_444826_cov_179.227036
		Skipping redundant alignment 590237 590864 | 400070 400697 | 628 628 | 97.29 | NZ_CP007805.1_Haemophilus_influenzae_CGSHiCZ412602__complete_genome NODE_5_length_444826_cov_179.227036
		Skipping redundant alignment 606645 606880 | 408607 408842 | 236 236 | 98.73 | NZ_CP007805.1_Haemophilus_influenzae_CGSHiCZ412602__complete_genome NODE_5_length_444826_cov_179.227036
		Skipping redundant alignment 549341 549464 | 435025 435148 | 124 124 | 97.58 | NZ_CP007805.1_Haemophilus_influenzae_CGSHiCZ412602__complete_genome NODE_5_length_444826_cov_179.227036
		Skipping redundant alignment 580119 580284 | 435027 435192 | 166 166 | 98.8 | NZ_CP007805.1_Haemophilus_influenzae_CGSHiCZ412602__complete_genome NODE_5_length_444826_cov_179.227036
		Skipping redundant alignment 485018 485127 | 435027 435136 | 110 110 | 98.18 | NZ_CP007805.1_Haemophilus_influenzae_CGSHiCZ412602__complete_genome NODE_5_length_444826_cov_179.227036
		Skipping redundant alignment 485056 485138 | 435121 435203 | 83 83 | 100.0 | NZ_CP007805.1_Haemophilus_influenzae_CGSHiCZ412602__complete_genome NODE_5_length_444826_cov_179.227036
		Skipping redundant alignment 1811487 1811802 | 444952 444634 | 316 319 | 97.81 | NZ_CP007805.1_Haemophilus_influenzae_CGSHiCZ412602__complete_genome NODE_5_length_444826_cov_179.227036
		Skipping redundant alignment 129140 129281 | 444952 444811 | 142 142 | 99.3 | NZ_CP007805.1_Haemophilus_influenzae_CGSHiCZ412602__complete_genome NODE_5_length_444826_cov_179.227036
		Skipping redundant alignment 527118 527226 | 444843 444952 | 109 110 | 98.18 | NZ_CP007805.1_Haemophilus_influenzae_CGSHiCZ412602__complete_genome NODE_5_length_444826_cov_179.227036
		Skipping redundant alignment 493685 493770 | 444867 444952 | 86 86 | 100.0 | NZ_CP007805.1_Haemophilus_influenzae_CGSHiCZ412602__complete_genome NODE_5_length_444826_cov_179.227036
		This contig is misassembled. 52 total aligns.
			Real Alignment 1: 129140 142426 | 1 13288 | 13287 13288 | 98.18 | NZ_CP007805.1_Haemophilus_influenzae_CGSHiCZ412602__complete_genome NODE_5_length_444826_cov_179.227036
			  Overlap between these two alignments (local misassembly). Inconsistency = -46 
			Real Alignment 2: 142512 152541 | 13420 23449 | 10030 10030 | 97.04 | NZ_CP007805.1_Haemophilus_influenzae_CGSHiCZ412602__complete_genome NODE_5_length_444826_cov_179.227036
			  Extensive misassembly ( relocation, inconsistency = 3875 ) between these two alignments
			Excluding internal overlap of size 1 between Alignment 3 and 4:  163712 172536 | 30745 39573 | 8825 8829 --> 163712 172535 | 30745 39572 | 8824 8828
			Real Alignment 3: 163712 172535 | 30745 39572 | 8824 8828 | 97.64 | NZ_CP007805.1_Haemophilus_influenzae_CGSHiCZ412602__complete_genome NODE_5_length_444826_cov_179.227036
			  Gap between these two alignments (local misassembly). Inconsistency = 281 
			Excluding internal overlap of size 275 between Alignment 4 and 5:  212586 213090 | 79566 80080 | 505 515 --> 212861 213090 | 79841 80080 | 230 240
			Real Alignment 4: 172817 213141 | 39573 79840 | 40325 40268 | 95.37 | NZ_CP007805.1_Haemophilus_influenzae_CGSHiCZ412602__complete_genome NODE_5_length_444826_cov_179.227036
			  Overlap between these two alignments (local misassembly). Inconsistency = -281 
			Real Alignment 5: 212861 213090 | 79841 80080 | 230 240 | 96.9 | NZ_CP007805.1_Haemophilus_influenzae_CGSHiCZ412602__complete_genome NODE_5_length_444826_cov_179.227036
			  Overlap between these two alignments (local misassembly). Inconsistency = -224 
			Real Alignment 6: 212877 232231 | 80091 99446 | 19355 19356 | 96.5 | NZ_CP007805.1_Haemophilus_influenzae_CGSHiCZ412602__complete_genome NODE_5_length_444826_cov_179.227036
			  Overlap between these two alignments (local misassembly). Inconsistency = -151 
			Real Alignment 7: 232323 239847 | 99689 107210 | 7525 7522 | 96.59 | NZ_CP007805.1_Haemophilus_influenzae_CGSHiCZ412602__complete_genome NODE_5_length_444826_cov_179.227036
			  Gap between these two alignments (local misassembly). Inconsistency = 0 
			Real Alignment 8: 239988 246090 | 107351 113450 | 6103 6100 | 97.36 | NZ_CP007805.1_Haemophilus_influenzae_CGSHiCZ412602__complete_genome NODE_5_length_444826_cov_179.227036
			  Extensive misassembly ( relocation, inconsistency = -5420 ) between these two alignments
			Real Alignment 9: 246087 298537 | 118867 171354 | 52451 52488 | 97.28 | NZ_CP007805.1_Haemophilus_influenzae_CGSHiCZ412602__complete_genome NODE_5_length_444826_cov_179.227036
			  Gap between these two alignments (local misassembly). Inconsistency = 731 
			Real Alignment 10: 311937 322008 | 184023 194113 | 10072 10091 | 96.56 | NZ_CP007805.1_Haemophilus_influenzae_CGSHiCZ412602__complete_genome NODE_5_length_444826_cov_179.227036
			  Overlap between these two alignments (local misassembly). Inconsistency = -54 
			Real Alignment 11: 322284 340754 | 194443 212914 | 18471 18472 | 97.91 | NZ_CP007805.1_Haemophilus_influenzae_CGSHiCZ412602__complete_genome NODE_5_length_444826_cov_179.227036
			  Gap between these two alignments (local misassembly). Inconsistency = 346 
			Real Alignment 12: 341117 357265 | 212931 229071 | 16149 16141 | 96.68 | NZ_CP007805.1_Haemophilus_influenzae_CGSHiCZ412602__complete_genome NODE_5_length_444826_cov_179.227036
			  Overlap between these two alignments (local misassembly). Inconsistency = -429 
			Real Alignment 13: 357289 373925 | 229524 246158 | 16637 16635 | 96.75 | NZ_CP007805.1_Haemophilus_influenzae_CGSHiCZ412602__complete_genome NODE_5_length_444826_cov_179.227036
			  Extensive misassembly ( relocation, inconsistency = -8059 ) between these two alignments
			Real Alignment 14: 373971 381870 | 254263 262162 | 7900 7900 | 98.14 | NZ_CP007805.1_Haemophilus_influenzae_CGSHiCZ412602__complete_genome NODE_5_length_444826_cov_179.227036
			  Gap between these two alignments (local misassembly). Inconsistency = 15 
			Real Alignment 15: 382326 393584 | 262603 273855 | 11259 11253 | 97.74 | NZ_CP007805.1_Haemophilus_influenzae_CGSHiCZ412602__complete_genome NODE_5_length_444826_cov_179.227036
			  Extensive misassembly ( relocation, inconsistency = -1554 ) between these two alignments
			Real Alignment 16: 395951 406435 | 277776 288264 | 10485 10489 | 97.07 | NZ_CP007805.1_Haemophilus_influenzae_CGSHiCZ412602__complete_genome NODE_5_length_444826_cov_179.227036
			  Gap between these two alignments (local misassembly). Inconsistency = 107 
			Real Alignment 17: 406601 441148 | 288323 322903 | 34548 34581 | 97.63 | NZ_CP007805.1_Haemophilus_influenzae_CGSHiCZ412602__complete_genome NODE_5_length_444826_cov_179.227036
			  Overlap between these two alignments (local misassembly). Inconsistency = -760 
			Real Alignment 18: 441315 447332 | 323830 329907 | 6018 6078 | 95.88 | NZ_CP007805.1_Haemophilus_influenzae_CGSHiCZ412602__complete_genome NODE_5_length_444826_cov_179.227036
			  Overlap between these two alignments (local misassembly). Inconsistency = -387 
			Real Alignment 19: 448350 456236 | 331312 339198 | 7887 7887 | 97.34 | NZ_CP007805.1_Haemophilus_influenzae_CGSHiCZ412602__complete_genome NODE_5_length_444826_cov_179.227036
			  Extensive misassembly ( relocation, inconsistency = -2754 ) between these two alignments
			Real Alignment 20: 456238 475747 | 341954 361468 | 19510 19515 | 97.4 | NZ_CP007805.1_Haemophilus_influenzae_CGSHiCZ412602__complete_genome NODE_5_length_444826_cov_179.227036
			  Overlap between these two alignments (local misassembly). Inconsistency = -999 
			Real Alignment 21: 475738 481723 | 362458 368463 | 5986 6006 | 95.87 | NZ_CP007805.1_Haemophilus_influenzae_CGSHiCZ412602__complete_genome NODE_5_length_444826_cov_179.227036
			  Extensive misassembly ( relocation, inconsistency = 95439 ) between these two alignments
			Excluding internal overlap of size 14 between Alignment 22 and 23:  593893 604749 | 385057 395917 | 10857 10861 --> 593907 604749 | 385071 395917 | 10843 10847
			Real Alignment 22: 580296 593836 | 371597 385070 | 13541 13474 | 97.14 | NZ_CP007805.1_Haemophilus_influenzae_CGSHiCZ412602__complete_genome NODE_5_length_444826_cov_179.227036
			  Fake misassembly between these two alignments: inconsistency = 70 , gap in the contig is small or absent or filled mostly with Ns (long indel: deletion of length 70; 0 mismatches)
			Real Alignment 23: 593907 604749 | 385071 395917 | 10843 10847 | 97.18 | NZ_CP007805.1_Haemophilus_influenzae_CGSHiCZ412602__complete_genome NODE_5_length_444826_cov_179.227036
			  Gap between these two alignments (local misassembly). Inconsistency = 603 
			Excluding internal overlap of size 9 between Alignment 24 and 25:  605366 616122 | 395931 406711 | 10757 10781 --> 605366 616113 | 395931 406702 | 10748 10772
			Real Alignment 24: 605366 616113 | 395931 406702 | 10748 10772 | 96.91 | NZ_CP007805.1_Haemophilus_influenzae_CGSHiCZ412602__complete_genome NODE_5_length_444826_cov_179.227036
			  Gap between these two alignments (local misassembly). Inconsistency = 390 
			Real Alignment 25: 616504 632352 | 406703 422562 | 15849 15860 | 96.65 | NZ_CP007805.1_Haemophilus_influenzae_CGSHiCZ412602__complete_genome NODE_5_length_444826_cov_179.227036
			  Extensive misassembly ( relocation, inconsistency = 1423 ) between these two alignments
			Real Alignment 26: 638148 642450 | 426935 431237 | 4303 4303 | 95.65 | NZ_CP007805.1_Haemophilus_influenzae_CGSHiCZ412602__complete_genome NODE_5_length_444826_cov_179.227036
			  Overlap between these two alignments (local misassembly). Inconsistency = -767 
			Real Alignment 27: 644281 655380 | 433835 444952 | 11100 11118 | 97.86 | NZ_CP007805.1_Haemophilus_influenzae_CGSHiCZ412602__complete_genome NODE_5_length_444826_cov_179.227036

CONTIG: NODE_6_length_842_cov_765.074829 (968bp)
Top Length: 968  Top ID: 99.79
		This contig has 7 significant alignments. [An ambiguously mapped contig]
		Using only first of these alignment (option --ambiguity-usage is set to "one"):
		Alignment: 3106 4073 | 1 968 | 968 968 | 99.79 | NZ_CP007805.1_Haemophilus_influenzae_CGSHiCZ412602__complete_genome NODE_6_length_842_cov_765.074829
		Skipping alignment  528044 529011 | 968 1 | 968 968 | 99.79 | NZ_CP007805.1_Haemophilus_influenzae_CGSHiCZ412602__complete_genome NODE_6_length_842_cov_765.074829
		Skipping alignment  127355 128322 | 1 968 | 968 968 | 99.69 | NZ_CP007805.1_Haemophilus_influenzae_CGSHiCZ412602__complete_genome NODE_6_length_842_cov_765.074829
		Skipping alignment  494588 495555 | 968 1 | 968 968 | 99.69 | NZ_CP007805.1_Haemophilus_influenzae_CGSHiCZ412602__complete_genome NODE_6_length_842_cov_765.074829
		Skipping alignment  656199 657166 | 968 1 | 968 968 | 99.69 | NZ_CP007805.1_Haemophilus_influenzae_CGSHiCZ412602__complete_genome NODE_6_length_842_cov_765.074829
		Skipping alignment  1809701 1810668 | 1 968 | 968 968 | 99.69 | NZ_CP007805.1_Haemophilus_influenzae_CGSHiCZ412602__complete_genome NODE_6_length_842_cov_765.074829
		Skipping alignment  794079 795046 | 968 1 | 968 968 | 99.48 | NZ_CP007805.1_Haemophilus_influenzae_CGSHiCZ412602__complete_genome NODE_6_length_842_cov_765.074829

CONTIG: NODE_7_length_666_cov_698.303284 (792bp)
Top Length: 792  Top ID: 99.37
		This contig has 7 significant alignments. [An ambiguously mapped contig]
		Using only first of these alignment (option --ambiguity-usage is set to "one"):
		Alignment: 793413 794204 | 1 792 | 792 792 | 99.37 | NZ_CP007805.1_Haemophilus_influenzae_CGSHiCZ412602__complete_genome NODE_7_length_666_cov_698.303284
		Skipping alignment  128197 128988 | 792 1 | 792 792 | 98.87 | NZ_CP007805.1_Haemophilus_influenzae_CGSHiCZ412602__complete_genome NODE_7_length_666_cov_698.303284
		Skipping alignment  493922 494713 | 1 792 | 792 792 | 98.87 | NZ_CP007805.1_Haemophilus_influenzae_CGSHiCZ412602__complete_genome NODE_7_length_666_cov_698.303284
		Skipping alignment  3948 4739 | 792 1 | 792 792 | 98.74 | NZ_CP007805.1_Haemophilus_influenzae_CGSHiCZ412602__complete_genome NODE_7_length_666_cov_698.303284
		Skipping alignment  527378 528169 | 1 792 | 792 792 | 98.74 | NZ_CP007805.1_Haemophilus_influenzae_CGSHiCZ412602__complete_genome NODE_7_length_666_cov_698.303284
		Skipping alignment  655533 656324 | 1 792 | 792 792 | 98.49 | NZ_CP007805.1_Haemophilus_influenzae_CGSHiCZ412602__complete_genome NODE_7_length_666_cov_698.303284
		Skipping alignment  1810543 1811334 | 792 1 | 792 792 | 98.49 | NZ_CP007805.1_Haemophilus_influenzae_CGSHiCZ412602__complete_genome NODE_7_length_666_cov_698.303284

CONTIG: NODE_10_length_50905_cov_184.963623 (51031bp)
Top Length: 14257  Top ID: 97.55
		Skipping redundant alignment 661179 661338 | 1 160 | 160 160 | 95.62 | NZ_CP007805.1_Haemophilus_influenzae_CGSHiCZ412602__complete_genome NODE_10_length_50905_cov_184.963623
		Skipping redundant alignment 499415 499540 | 1 126 | 126 126 | 100.0 | NZ_CP007805.1_Haemophilus_influenzae_CGSHiCZ412602__complete_genome NODE_10_length_50905_cov_184.963623
		Skipping redundant alignment 469099 469913 | 10165 9351 | 815 815 | 97.06 | NZ_CP007805.1_Haemophilus_influenzae_CGSHiCZ412602__complete_genome NODE_10_length_50905_cov_184.963623
		Skipping redundant alignment 549381 549464 | 42427 42510 | 84 84 | 100.0 | NZ_CP007805.1_Haemophilus_influenzae_CGSHiCZ412602__complete_genome NODE_10_length_50905_cov_184.963623
		Skipping redundant alignment 485056 485127 | 42439 42510 | 72 72 | 100.0 | NZ_CP007805.1_Haemophilus_influenzae_CGSHiCZ412602__complete_genome NODE_10_length_50905_cov_184.963623
		Skipping redundant alignment 129075 129225 | 51031 50881 | 151 151 | 98.68 | NZ_CP007805.1_Haemophilus_influenzae_CGSHiCZ412602__complete_genome NODE_10_length_50905_cov_184.963623
		Skipping redundant alignment 655296 655445 | 50881 51031 | 150 151 | 98.01 | NZ_CP007805.1_Haemophilus_influenzae_CGSHiCZ412602__complete_genome NODE_10_length_50905_cov_184.963623
		Skipping redundant alignment 1811422 1811571 | 51031 50881 | 150 151 | 98.01 | NZ_CP007805.1_Haemophilus_influenzae_CGSHiCZ412602__complete_genome NODE_10_length_50905_cov_184.963623
		Skipping redundant alignment 527142 527291 | 50881 51031 | 150 151 | 97.35 | NZ_CP007805.1_Haemophilus_influenzae_CGSHiCZ412602__complete_genome NODE_10_length_50905_cov_184.963623
			Skipping redundant alignments after choosing the best set of alignments
		Skipping redundant alignment 123414 123584 | 171 1 | 171 171 | 95.91 | NZ_CP007805.1_Haemophilus_influenzae_CGSHiCZ412602__complete_genome NODE_10_length_50905_cov_184.963623
		Skipping redundant alignment 798906 799076 | 1 171 | 171 171 | 99.42 | NZ_CP007805.1_Haemophilus_influenzae_CGSHiCZ412602__complete_genome NODE_10_length_50905_cov_184.963623
		Skipping redundant alignment 1805567 1805737 | 171 1 | 171 171 | 99.42 | NZ_CP007805.1_Haemophilus_influenzae_CGSHiCZ412602__complete_genome NODE_10_length_50905_cov_184.963623
		This contig is misassembled. 20 total aligns.
			Real Alignment 1: 532782 532952 | 1 171 | 171 171 | 99.42 | NZ_CP007805.1_Haemophilus_influenzae_CGSHiCZ412602__complete_genome NODE_10_length_50905_cov_184.963623
			  Extensive misassembly ( relocation, inconsistency = 1262 ) between these two alignments
			Real Alignment 2: 534215 544197 | 172 10165 | 9983 9994 | 97.47 | NZ_CP007805.1_Haemophilus_influenzae_CGSHiCZ412602__complete_genome NODE_10_length_50905_cov_184.963623
			  Overlap between these two alignments (local misassembly). Inconsistency = -439 
			Excluding internal overlap of size 142 between Alignment 3 and 4:  544920 546246 | 11327 12647 | 1327 1321 --> 544920 546104 | 11327 12505 | 1185 1179
			Real Alignment 3: 544920 546104 | 11327 12505 | 1185 1179 | 95.33 | NZ_CP007805.1_Haemophilus_influenzae_CGSHiCZ412602__complete_genome NODE_10_length_50905_cov_184.963623
			  Extensive misassembly ( relocation, inconsistency = 3748 ) between these two alignments
			Excluding internal overlap of size 10 between Alignment 4 and 5:  565380 572600 | 26753 33978 | 7221 7226 --> 565390 572600 | 26763 33978 | 7211 7216
			Real Alignment 4: 549853 564114 | 12506 26762 | 14262 14257 | 97.55 | NZ_CP007805.1_Haemophilus_influenzae_CGSHiCZ412602__complete_genome NODE_10_length_50905_cov_184.963623
			  Extensive misassembly ( relocation, inconsistency = 1275 ) between these two alignments
			Real Alignment 5: 565390 572600 | 26763 33978 | 7211 7216 | 95.46 | NZ_CP007805.1_Haemophilus_influenzae_CGSHiCZ412602__complete_genome NODE_10_length_50905_cov_184.963623
			  Overlap between these two alignments (local misassembly). Inconsistency = -698 
			Real Alignment 6: 572655 577060 | 34731 39136 | 4406 4406 | 96.39 | NZ_CP007805.1_Haemophilus_influenzae_CGSHiCZ412602__complete_genome NODE_10_length_50905_cov_184.963623
			  Extensive misassembly ( relocation, inconsistency = -30930 ) between these two alignments
			Real Alignment 7: 549343 549464 | 42349 42470 | 122 122 | 97.54 | NZ_CP007805.1_Haemophilus_influenzae_CGSHiCZ412602__complete_genome NODE_10_length_50905_cov_184.963623
			  Extensive misassembly ( relocation, inconsistency = -64192 ) between these two alignments
			Real Alignment 8: 485609 493835 | 42807 51031 | 8227 8225 | 98.41 | NZ_CP007805.1_Haemophilus_influenzae_CGSHiCZ412602__complete_genome NODE_10_length_50905_cov_184.963623

CONTIG: NODE_11_length_1086_cov_655.151917 (1212bp)
Top Length: 1212  Top ID: 99.83
		Marking as insignificant: 1 1042 | 171 1212 | 1042 1042 | 99.81 | NZ_CP007805.1_Haemophilus_influenzae_CGSHiCZ412602__complete_genome NODE_11_length_1086_cov_655.151917
		This contig has 6 significant alignments. [An ambiguously mapped contig]
		Using only first of these alignment (option --ambiguity-usage is set to "one"):
		Alignment: 497757 498968 | 1212 1 | 1212 1212 | 99.83 | NZ_CP007805.1_Haemophilus_influenzae_CGSHiCZ412602__complete_genome NODE_11_length_1086_cov_655.151917
		Skipping alignment  124086 125291 | 7 1212 | 1206 1206 | 99.83 | NZ_CP007805.1_Haemophilus_influenzae_CGSHiCZ412602__complete_genome NODE_11_length_1086_cov_655.151917
		Skipping alignment  531075 532280 | 1212 7 | 1206 1206 | 99.83 | NZ_CP007805.1_Haemophilus_influenzae_CGSHiCZ412602__complete_genome NODE_11_length_1086_cov_655.151917
		Skipping alignment  659472 660677 | 1212 7 | 1206 1206 | 99.83 | NZ_CP007805.1_Haemophilus_influenzae_CGSHiCZ412602__complete_genome NODE_11_length_1086_cov_655.151917
		Skipping alignment  797248 798453 | 1212 7 | 1206 1206 | 99.83 | NZ_CP007805.1_Haemophilus_influenzae_CGSHiCZ412602__complete_genome NODE_11_length_1086_cov_655.151917
		Skipping alignment  1806190 1807395 | 7 1212 | 1206 1206 | 99.83 | NZ_CP007805.1_Haemophilus_influenzae_CGSHiCZ412602__complete_genome NODE_11_length_1086_cov_655.151917

CONTIG: NODE_12_length_87982_cov_144.570938 (88108bp)
Top Length: 31635  Top ID: 97.22
		Skipping redundant alignment 265080 265196 | 64064 64180 | 117 117 | 100.0 | NZ_CP007805.1_Haemophilus_influenzae_CGSHiCZ412602__complete_genome NODE_12_length_87982_cov_144.570938
		Skipping redundant alignment 265081 265196 | 64069 64184 | 116 116 | 100.0 | NZ_CP007805.1_Haemophilus_influenzae_CGSHiCZ412602__complete_genome NODE_12_length_87982_cov_144.570938
		Skipping redundant alignment 265081 265196 | 64077 64192 | 116 116 | 100.0 | NZ_CP007805.1_Haemophilus_influenzae_CGSHiCZ412602__complete_genome NODE_12_length_87982_cov_144.570938
		This contig is misassembled. 10 total aligns.
			Real Alignment 1: 1225358 1256990 | 35129 3495 | 31633 31635 | 97.22 | NZ_CP007805.1_Haemophilus_influenzae_CGSHiCZ412602__complete_genome NODE_12_length_87982_cov_144.570938
			  Overlap between these two alignments (local misassembly). Inconsistency = -384 
			Real Alignment 2: 1224578 1225180 | 36293 35691 | 603 603 | 96.52 | NZ_CP007805.1_Haemophilus_influenzae_CGSHiCZ412602__complete_genome NODE_12_length_87982_cov_144.570938
			  Gap between these two alignments (local misassembly). Inconsistency = 4 
			Real Alignment 3: 1221229 1222092 | 39638 38775 | 864 864 | 98.73 | NZ_CP007805.1_Haemophilus_influenzae_CGSHiCZ412602__complete_genome NODE_12_length_87982_cov_144.570938
			  Overlap between these two alignments (local misassembly). Inconsistency = -30 
			Real Alignment 4: 1196770 1220376 | 64127 40521 | 23607 23607 | 96.65 | NZ_CP007805.1_Haemophilus_influenzae_CGSHiCZ412602__complete_genome NODE_12_length_87982_cov_144.570938
			  Fake misassembly between these two alignments: inconsistency = -68 , gap in the contig is small or absent or filled mostly with Ns (long indel: insertion of length 68; 0 mismatches)
			Real Alignment 5: 1183890 1196832 | 77071 64133 | 12943 12939 | 96.87 | NZ_CP007805.1_Haemophilus_influenzae_CGSHiCZ412602__complete_genome NODE_12_length_87982_cov_144.570938
			  Extensive misassembly ( relocation, inconsistency = -160781 ) between these two alignments
			Real Alignment 6: 1042379 1042717 | 83399 83736 | 339 338 | 99.12 | NZ_CP007805.1_Haemophilus_influenzae_CGSHiCZ412602__complete_genome NODE_12_length_87982_cov_144.570938
			  Gap between these two alignments (local misassembly). Inconsistency = 483 
			Real Alignment 7: 1047447 1047572 | 87983 88108 | 126 126 | 98.41 | NZ_CP007805.1_Haemophilus_influenzae_CGSHiCZ412602__complete_genome NODE_12_length_87982_cov_144.570938

CONTIG: NODE_20_length_483_cov_386.440979 (609bp)
Top Length: 609  Top ID: 97.87
		Marking as insignificant: 2714 2924 | 609 399 | 211 211 | 96.68 | NZ_CP007805.1_Haemophilus_influenzae_CGSHiCZ412602__complete_genome NODE_20_length_483_cov_386.440979
		Marking as insignificant: 529193 529403 | 399 609 | 211 211 | 98.1 | NZ_CP007805.1_Haemophilus_influenzae_CGSHiCZ412602__complete_genome NODE_20_length_483_cov_386.440979
		Marking as insignificant: 126963 127173 | 609 399 | 211 211 | 98.1 | NZ_CP007805.1_Haemophilus_influenzae_CGSHiCZ412602__complete_genome NODE_20_length_483_cov_386.440979
		Marking as insignificant: 1809067 1809672 | 609 1 | 606 609 | 96.39 | NZ_CP007805.1_Haemophilus_influenzae_CGSHiCZ412602__complete_genome NODE_20_length_483_cov_386.440979
		Marking as insignificant: 795075 795680 | 1 609 | 606 609 | 96.39 | NZ_CP007805.1_Haemophilus_influenzae_CGSHiCZ412602__complete_genome NODE_20_length_483_cov_386.440979
		Marking as insignificant: 657195 657800 | 1 609 | 606 609 | 96.39 | NZ_CP007805.1_Haemophilus_influenzae_CGSHiCZ412602__complete_genome NODE_20_length_483_cov_386.440979
		One align captures most of this contig: 495584 496189 | 1 609 | 606 609 | 97.87 | NZ_CP007805.1_Haemophilus_influenzae_CGSHiCZ412602__complete_genome NODE_20_length_483_cov_386.440979

CONTIG: NODE_23_length_1186_cov_265.353302 (1312bp)
Top Length: 1312  Top ID: 97.56
		One align captures most of this contig: 1047447 1048758 | 1 1312 | 1312 1312 | 97.56 | NZ_CP007805.1_Haemophilus_influenzae_CGSHiCZ412602__complete_genome NODE_23_length_1186_cov_265.353302

CONTIG: NODE_26_length_118173_cov_164.728897 (118299bp)
Top Length: 32666  Top ID: 97.66
		Skipping redundant alignment 1686124 1686193 | 19391 19460 | 70 70 | 100.0 | NZ_CP007805.1_Haemophilus_influenzae_CGSHiCZ412602__complete_genome NODE_26_length_118173_cov_164.728897
		Skipping redundant alignment 499711 499795 | 98164 98248 | 85 85 | 100.0 | NZ_CP007805.1_Haemophilus_influenzae_CGSHiCZ412602__complete_genome NODE_26_length_118173_cov_164.728897
		Skipping redundant alignment 499715 499795 | 98268 98348 | 81 81 | 100.0 | NZ_CP007805.1_Haemophilus_influenzae_CGSHiCZ412602__complete_genome NODE_26_length_118173_cov_164.728897
		Skipping redundant alignment 691046 691308 | 106331 106594 | 263 264 | 98.11 | NZ_CP007805.1_Haemophilus_influenzae_CGSHiCZ412602__complete_genome NODE_26_length_118173_cov_164.728897
		Skipping redundant alignment 286843 286921 | 106379 106457 | 79 79 | 100.0 | NZ_CP007805.1_Haemophilus_influenzae_CGSHiCZ412602__complete_genome NODE_26_length_118173_cov_164.728897
		Skipping redundant alignment 691412 691493 | 106595 106676 | 82 82 | 100.0 | NZ_CP007805.1_Haemophilus_influenzae_CGSHiCZ412602__complete_genome NODE_26_length_118173_cov_164.728897
		Skipping redundant alignment 825763 825840 | 106597 106674 | 78 78 | 100.0 | NZ_CP007805.1_Haemophilus_influenzae_CGSHiCZ412602__complete_genome NODE_26_length_118173_cov_164.728897
		Skipping redundant alignment 511418 511497 | 117296 117375 | 80 80 | 100.0 | NZ_CP007805.1_Haemophilus_influenzae_CGSHiCZ412602__complete_genome NODE_26_length_118173_cov_164.728897
		Skipping redundant alignment 793282 794204 | 117378 118299 | 923 922 | 99.13 | NZ_CP007805.1_Haemophilus_influenzae_CGSHiCZ412602__complete_genome NODE_26_length_118173_cov_164.728897
		Skipping redundant alignment 128197 129120 | 118299 117378 | 924 922 | 98.38 | NZ_CP007805.1_Haemophilus_influenzae_CGSHiCZ412602__complete_genome NODE_26_length_118173_cov_164.728897
		Skipping redundant alignment 493790 494713 | 117378 118299 | 924 922 | 98.27 | NZ_CP007805.1_Haemophilus_influenzae_CGSHiCZ412602__complete_genome NODE_26_length_118173_cov_164.728897
		Skipping redundant alignment 527246 528169 | 117378 118299 | 924 922 | 98.27 | NZ_CP007805.1_Haemophilus_influenzae_CGSHiCZ412602__complete_genome NODE_26_length_118173_cov_164.728897
		Skipping redundant alignment 655400 656324 | 117378 118299 | 925 922 | 98.17 | NZ_CP007805.1_Haemophilus_influenzae_CGSHiCZ412602__complete_genome NODE_26_length_118173_cov_164.728897
		Skipping redundant alignment 1810543 1811467 | 118299 117378 | 925 922 | 98.17 | NZ_CP007805.1_Haemophilus_influenzae_CGSHiCZ412602__complete_genome NODE_26_length_118173_cov_164.728897
		This contig is misassembled. 21 total aligns.
			Real Alignment 1: 116576 123682 | 7286 162 | 7107 7125 | 95.91 | NZ_CP007805.1_Haemophilus_influenzae_CGSHiCZ412602__complete_genome NODE_26_length_118173_cov_164.728897
			  Overlap between these two alignments (local misassembly). Inconsistency = -982 
			Real Alignment 2: 114192 114785 | 10653 10059 | 594 595 | 98.49 | NZ_CP007805.1_Haemophilus_influenzae_CGSHiCZ412602__complete_genome NODE_26_length_118173_cov_164.728897
			  Extensive misassembly ( relocation, inconsistency = 1385 ) between these two alignments
			Real Alignment 3: 95187 112750 | 28271 10710 | 17564 17562 | 98.3 | NZ_CP007805.1_Haemophilus_influenzae_CGSHiCZ412602__complete_genome NODE_26_length_118173_cov_164.728897
			  Extensive misassembly ( relocation, inconsistency = 3208 ) between these two alignments
			Real Alignment 4: 74623 91960 | 45625 28290 | 17338 17336 | 98.45 | NZ_CP007805.1_Haemophilus_influenzae_CGSHiCZ412602__complete_genome NODE_26_length_118173_cov_164.728897
			  Extensive misassembly ( relocation, inconsistency = -42425 ) between these two alignments
			Real Alignment 5: 55401 74595 | 51491 70680 | 19195 19190 | 98.0 | NZ_CP007805.1_Haemophilus_influenzae_CGSHiCZ412602__complete_genome NODE_26_length_118173_cov_164.728897
			  Extensive misassembly ( relocation, inconsistency = -52711 ) between these two alignments
			Excluding internal overlap of size 11 between Alignment 6 and 7:  3948 18254 | 118299 104064 | 14307 14236 --> 3948 18243 | 118299 104075 | 14296 14225
			Real Alignment 6: 22613 55351 | 104074 71409 | 32739 32666 | 97.66 | NZ_CP007805.1_Haemophilus_influenzae_CGSHiCZ412602__complete_genome NODE_26_length_118173_cov_164.728897
			  Extensive misassembly ( relocation, inconsistency = 4369 ) between these two alignments
			Real Alignment 7: 3948 18243 | 118299 104075 | 14296 14225 | 97.88 | NZ_CP007805.1_Haemophilus_influenzae_CGSHiCZ412602__complete_genome NODE_26_length_118173_cov_164.728897

CONTIG: NODE_28_length_2167_cov_134.466080 (2293bp)
		This contig is unaligned. (2293 bp)
		Unaligned bases: 2293  total: 8340

CONTIG: NODE_39_length_42854_cov_142.599518 (42980bp)
Top Length: 17728  Top ID: 96.01
		Skipping redundant alignment 1004255 1004514 | 40488 40229 | 260 260 | 99.23 | NZ_CP007805.1_Haemophilus_influenzae_CGSHiCZ412602__complete_genome NODE_39_length_42854_cov_142.599518
		This contig is misassembled. 8 total aligns.
			Real Alignment 1: 1029851 1047572 | 17728 1 | 17722 17728 | 96.01 | NZ_CP007805.1_Haemophilus_influenzae_CGSHiCZ412602__complete_genome NODE_39_length_42854_cov_142.599518
			  Overlap between these two alignments (local misassembly). Inconsistency = -311 
			Real Alignment 2: 1027708 1029851 | 20179 18039 | 2144 2141 | 95.52 | NZ_CP007805.1_Haemophilus_influenzae_CGSHiCZ412602__complete_genome NODE_39_length_42854_cov_142.599518
			  Extensive misassembly ( relocation, inconsistency = 2268 ) between these two alignments
			Real Alignment 3: 1019278 1022111 | 26341 23508 | 2834 2834 | 95.17 | NZ_CP007805.1_Haemophilus_influenzae_CGSHiCZ412602__complete_genome NODE_39_length_42854_cov_142.599518
			  Gap between these two alignments (local misassembly). Inconsistency = 455 
			Excluding internal overlap of size 662 between Alignment 4 and 5:  1181783 1182704 | 39566 40488 | 922 923 --> 1182445 1182704 | 40228 40488 | 260 261
			Real Alignment 4: 1004940 1018822 | 40227 26342 | 13883 13886 | 95.97 | NZ_CP007805.1_Haemophilus_influenzae_CGSHiCZ412602__complete_genome NODE_39_length_42854_cov_142.599518
			  Extensive misassembly ( relocation, inconsistency = 163622 ) between these two alignments
			Real Alignment 5: 1182445 1182704 | 40228 40488 | 260 261 | 96.97 | NZ_CP007805.1_Haemophilus_influenzae_CGSHiCZ412602__complete_genome NODE_39_length_42854_cov_142.599518
			  Extensive misassembly ( relocation, inconsistency = -184485 ) between these two alignments
			Real Alignment 6: 998277 999971 | 42239 40546 | 1695 1694 | 96.34 | NZ_CP007805.1_Haemophilus_influenzae_CGSHiCZ412602__complete_genome NODE_39_length_42854_cov_142.599518
			  Extensive misassembly ( relocation, inconsistency = -51097 ) between these two alignments
			Real Alignment 7: 1048633 1048758 | 42980 42855 | 126 126 | 99.21 | NZ_CP007805.1_Haemophilus_influenzae_CGSHiCZ412602__complete_genome NODE_39_length_42854_cov_142.599518

CONTIG: NODE_45_length_390_cov_744.241028 (516bp)
Top Length: 516  Top ID: 100.0
		This contig has 7 significant alignments. [An ambiguously mapped contig]
		Using only first of these alignment (option --ambiguity-usage is set to "one"):
		Alignment: 1412 1927 | 516 1 | 516 516 | 100.0 | NZ_CP007805.1_Haemophilus_influenzae_CGSHiCZ412602__complete_genome NODE_45_length_390_cov_744.241028
		Skipping alignment  125661 126176 | 516 1 | 516 516 | 100.0 | NZ_CP007805.1_Haemophilus_influenzae_CGSHiCZ412602__complete_genome NODE_45_length_390_cov_744.241028
		Skipping alignment  530190 530705 | 1 516 | 516 516 | 100.0 | NZ_CP007805.1_Haemophilus_influenzae_CGSHiCZ412602__complete_genome NODE_45_length_390_cov_744.241028
		Skipping alignment  658587 659102 | 1 516 | 516 516 | 100.0 | NZ_CP007805.1_Haemophilus_influenzae_CGSHiCZ412602__complete_genome NODE_45_length_390_cov_744.241028
		Skipping alignment  1807765 1808280 | 516 1 | 516 516 | 100.0 | NZ_CP007805.1_Haemophilus_influenzae_CGSHiCZ412602__complete_genome NODE_45_length_390_cov_744.241028
		Skipping alignment  496873 497387 | 2 516 | 515 515 | 100.0 | NZ_CP007805.1_Haemophilus_influenzae_CGSHiCZ412602__complete_genome NODE_45_length_390_cov_744.241028
		Skipping alignment  796364 796878 | 2 516 | 515 515 | 100.0 | NZ_CP007805.1_Haemophilus_influenzae_CGSHiCZ412602__complete_genome NODE_45_length_390_cov_744.241028

CONTIG: NODE_47_length_398_cov_79.638191 (524bp)
Top Length: 524  Top ID: 97.71
		Marking as insignificant: 2799 2924 | 1 126 | 126 126 | 96.83 | NZ_CP007805.1_Haemophilus_influenzae_CGSHiCZ412602__complete_genome NODE_47_length_398_cov_79.638191
		Marking as insignificant: 529193 529318 | 126 1 | 126 126 | 98.41 | NZ_CP007805.1_Haemophilus_influenzae_CGSHiCZ412602__complete_genome NODE_47_length_398_cov_79.638191
		Marking as insignificant: 127048 127173 | 1 126 | 126 126 | 98.41 | NZ_CP007805.1_Haemophilus_influenzae_CGSHiCZ412602__complete_genome NODE_47_length_398_cov_79.638191
		Marking as insignificant: 1809152 1809672 | 1 524 | 521 524 | 95.99 | NZ_CP007805.1_Haemophilus_influenzae_CGSHiCZ412602__complete_genome NODE_47_length_398_cov_79.638191
		Marking as insignificant: 795075 795595 | 524 1 | 521 524 | 95.99 | NZ_CP007805.1_Haemophilus_influenzae_CGSHiCZ412602__complete_genome NODE_47_length_398_cov_79.638191
		Marking as insignificant: 657195 657715 | 524 1 | 521 524 | 95.99 | NZ_CP007805.1_Haemophilus_influenzae_CGSHiCZ412602__complete_genome NODE_47_length_398_cov_79.638191
		One align captures most of this contig: 495584 496104 | 524 1 | 521 524 | 97.71 | NZ_CP007805.1_Haemophilus_influenzae_CGSHiCZ412602__complete_genome NODE_47_length_398_cov_79.638191

CONTIG: NODE_49_length_250248_cov_144.423798 (250374bp)
Top Length: 77269  Top ID: 97.63
		Skipping redundant alignment 1302192 1302325 | 36439 36306 | 134 134 | 98.51 | NZ_CP007805.1_Haemophilus_influenzae_CGSHiCZ412602__complete_genome NODE_49_length_250248_cov_144.423798
		Skipping redundant alignment 485060 485125 | 189297 189232 | 66 66 | 100.0 | NZ_CP007805.1_Haemophilus_influenzae_CGSHiCZ412602__complete_genome NODE_49_length_250248_cov_144.423798
		Skipping redundant alignment 549381 549446 | 189297 189232 | 66 66 | 100.0 | NZ_CP007805.1_Haemophilus_influenzae_CGSHiCZ412602__complete_genome NODE_49_length_250248_cov_144.423798
		Skipping redundant alignment 549397 549462 | 189297 189232 | 66 66 | 100.0 | NZ_CP007805.1_Haemophilus_influenzae_CGSHiCZ412602__complete_genome NODE_49_length_250248_cov_144.423798
		Skipping redundant alignment 580161 580226 | 189297 189232 | 66 66 | 100.0 | NZ_CP007805.1_Haemophilus_influenzae_CGSHiCZ412602__complete_genome NODE_49_length_250248_cov_144.423798
		Skipping redundant alignment 580225 580290 | 189297 189232 | 66 66 | 100.0 | NZ_CP007805.1_Haemophilus_influenzae_CGSHiCZ412602__complete_genome NODE_49_length_250248_cov_144.423798
		Skipping redundant alignment 645515 645580 | 189297 189232 | 66 66 | 100.0 | NZ_CP007805.1_Haemophilus_influenzae_CGSHiCZ412602__complete_genome NODE_49_length_250248_cov_144.423798
		Skipping redundant alignment 645555 645620 | 189297 189232 | 66 66 | 100.0 | NZ_CP007805.1_Haemophilus_influenzae_CGSHiCZ412602__complete_genome NODE_49_length_250248_cov_144.423798
		Skipping redundant alignment 299413 299483 | 244955 245025 | 71 71 | 100.0 | NZ_CP007805.1_Haemophilus_influenzae_CGSHiCZ412602__complete_genome NODE_49_length_250248_cov_144.423798
		Skipping redundant alignment 1765667 1765762 | 244957 245052 | 96 96 | 100.0 | NZ_CP007805.1_Haemophilus_influenzae_CGSHiCZ412602__complete_genome NODE_49_length_250248_cov_144.423798
		Skipping redundant alignment 1765719 1765814 | 244957 245052 | 96 96 | 100.0 | NZ_CP007805.1_Haemophilus_influenzae_CGSHiCZ412602__complete_genome NODE_49_length_250248_cov_144.423798
		Skipping redundant alignment 299415 299483 | 244961 245029 | 69 69 | 100.0 | NZ_CP007805.1_Haemophilus_influenzae_CGSHiCZ412602__complete_genome NODE_49_length_250248_cov_144.423798
		Skipping redundant alignment 299415 299483 | 244981 245049 | 69 69 | 100.0 | NZ_CP007805.1_Haemophilus_influenzae_CGSHiCZ412602__complete_genome NODE_49_length_250248_cov_144.423798
			Skipping redundant alignments after choosing the best set of alignments
		Skipping redundant alignment 485048 485121 | 189305 189232 | 74 74 | 98.65 | NZ_CP007805.1_Haemophilus_influenzae_CGSHiCZ412602__complete_genome NODE_49_length_250248_cov_144.423798
		Skipping redundant alignment 580149 580222 | 189305 189232 | 74 74 | 98.65 | NZ_CP007805.1_Haemophilus_influenzae_CGSHiCZ412602__complete_genome NODE_49_length_250248_cov_144.423798
		This contig is misassembled. 39 total aligns.
			Real Alignment 1: 871290 948591 | 420 77688 | 77302 77269 | 97.63 | NZ_CP007805.1_Haemophilus_influenzae_CGSHiCZ412602__complete_genome NODE_49_length_250248_cov_144.423798
			  Overlap between these two alignments (local misassembly). Inconsistency = -126 
			Real Alignment 2: 948651 957181 | 77874 86403 | 8531 8530 | 98.31 | NZ_CP007805.1_Haemophilus_influenzae_CGSHiCZ412602__complete_genome NODE_49_length_250248_cov_144.423798
			  Overlap between these two alignments (local misassembly). Inconsistency = -591 
			Real Alignment 3: 957172 962059 | 86985 91875 | 4888 4891 | 98.14 | NZ_CP007805.1_Haemophilus_influenzae_CGSHiCZ412602__complete_genome NODE_49_length_250248_cov_144.423798
			  Overlap between these two alignments (local misassembly). Inconsistency = -433 
			Real Alignment 4: 962045 964345 | 92294 94593 | 2301 2300 | 99.96 | NZ_CP007805.1_Haemophilus_influenzae_CGSHiCZ412602__complete_genome NODE_49_length_250248_cov_144.423798
			  Gap between these two alignments (local misassembly). Inconsistency = 644 
			Real Alignment 5: 965297 972889 | 94901 102519 | 7593 7619 | 96.18 | NZ_CP007805.1_Haemophilus_influenzae_CGSHiCZ412602__complete_genome NODE_49_length_250248_cov_144.423798
			  Extensive misassembly ( relocation, inconsistency = 7345 ) between these two alignments
			Real Alignment 6: 980974 989807 | 103259 112090 | 8834 8832 | 98.06 | NZ_CP007805.1_Haemophilus_influenzae_CGSHiCZ412602__complete_genome NODE_49_length_250248_cov_144.423798
			  Gap between these two alignments (local misassembly). Inconsistency = 383 
			Excluding internal overlap of size 661 between Alignment 7 and 8:  1176071 1182443 | 133215 126841 | 6373 6375 --> 1176071 1181782 | 133215 127502 | 5712 5714
			Real Alignment 7: 992615 1005600 | 114515 127501 | 12986 12987 | 96.68 | NZ_CP007805.1_Haemophilus_influenzae_CGSHiCZ412602__complete_genome NODE_49_length_250248_cov_144.423798
			  Extensive misassembly ( relocation, inconsistency = 170470 ) between these two alignments
			Real Alignment 8: 1176071 1181782 | 133215 127502 | 5712 5714 | 98.73 | NZ_CP007805.1_Haemophilus_influenzae_CGSHiCZ412602__complete_genome NODE_49_length_250248_cov_144.423798
			  Overlap between these two alignments (local misassembly). Inconsistency = -96 
			Real Alignment 9: 1169962 1176085 | 139416 133297 | 6124 6120 | 98.04 | NZ_CP007805.1_Haemophilus_influenzae_CGSHiCZ412602__complete_genome NODE_49_length_250248_cov_144.423798
			  Overlap between these two alignments (local misassembly). Inconsistency = -122 
			Real Alignment 10: 1136970 1169918 | 172576 139582 | 32949 32995 | 95.7 | NZ_CP007805.1_Haemophilus_influenzae_CGSHiCZ412602__complete_genome NODE_49_length_250248_cov_144.423798
			  Gap between these two alignments (local misassembly). Inconsistency = 213 
			Real Alignment 11: 1120111 1136725 | 189182 172608 | 16615 16575 | 98.32 | NZ_CP007805.1_Haemophilus_influenzae_CGSHiCZ412602__complete_genome NODE_49_length_250248_cov_144.423798
			  Extensive misassembly ( relocation, inconsistency = 474485 ) between these two alignments
			Real Alignment 12: 645503 645576 | 189305 189232 | 74 74 | 98.65 | NZ_CP007805.1_Haemophilus_influenzae_CGSHiCZ412602__complete_genome NODE_49_length_250248_cov_144.423798
			  Extensive misassembly ( relocation, inconsistency = -475102 ) between these two alignments
			Real Alignment 13: 1111347 1120092 | 198580 189818 | 8746 8763 | 95.96 | NZ_CP007805.1_Haemophilus_influenzae_CGSHiCZ412602__complete_genome NODE_49_length_250248_cov_144.423798
			  Gap between these two alignments (local misassembly). Inconsistency = 52 
			Real Alignment 14: 1109100 1109667 | 200774 200208 | 568 567 | 95.42 | NZ_CP007805.1_Haemophilus_influenzae_CGSHiCZ412602__complete_genome NODE_49_length_250248_cov_144.423798
			  Extensive misassembly ( relocation, inconsistency = -1501 ) between these two alignments
			Real Alignment 15: 1104793 1108964 | 206582 202411 | 4172 4172 | 96.96 | NZ_CP007805.1_Haemophilus_influenzae_CGSHiCZ412602__complete_genome NODE_49_length_250248_cov_144.423798
			  Extensive misassembly ( relocation, inconsistency = 6946 ) between these two alignments
			Real Alignment 16: 1096398 1097370 | 208030 207059 | 973 972 | 99.18 | NZ_CP007805.1_Haemophilus_influenzae_CGSHiCZ412602__complete_genome NODE_49_length_250248_cov_144.423798
			  Extensive misassembly ( relocation, inconsistency = 3072 ) between these two alignments
			Real Alignment 17: 1091342 1092805 | 210013 208551 | 1464 1463 | 98.02 | NZ_CP007805.1_Haemophilus_influenzae_CGSHiCZ412602__complete_genome NODE_49_length_250248_cov_144.423798
			  Overlap between these two alignments (local misassembly). Inconsistency = -27 
			Real Alignment 18: 1089471 1089910 | 211914 211472 | 440 443 | 95.71 | NZ_CP007805.1_Haemophilus_influenzae_CGSHiCZ412602__complete_genome NODE_49_length_250248_cov_144.423798
			  Overlap between these two alignments (local misassembly). Inconsistency = -11 
			Excluding internal overlap of size 79 between Alignment 19 and 20:  1085950 1086849 | 215366 214480 | 900 887 --> 1085950 1086770 | 215366 214559 | 821 808
			Real Alignment 19: 1086840 1089214 | 214558 212182 | 2375 2377 | 96.27 | NZ_CP007805.1_Haemophilus_influenzae_CGSHiCZ412602__complete_genome NODE_49_length_250248_cov_144.423798
			  Fake misassembly between these two alignments: inconsistency = 69 , gap in the contig is small or absent or filled mostly with Ns (long indel: deletion of length 69; 0 mismatches)
			Real Alignment 20: 1085950 1086770 | 215366 214559 | 821 808 | 95.56 | NZ_CP007805.1_Haemophilus_influenzae_CGSHiCZ412602__complete_genome NODE_49_length_250248_cov_144.423798
			  Overlap between these two alignments (local misassembly). Inconsistency = -715 
			Real Alignment 21: 1080323 1085934 | 221705 216097 | 5612 5609 | 97.76 | NZ_CP007805.1_Haemophilus_influenzae_CGSHiCZ412602__complete_genome NODE_49_length_250248_cov_144.423798
			  Overlap between these two alignments (local misassembly). Inconsistency = -421 
			Real Alignment 22: 1078280 1080324 | 224168 222125 | 2045 2044 | 95.7 | NZ_CP007805.1_Haemophilus_influenzae_CGSHiCZ412602__complete_genome NODE_49_length_250248_cov_144.423798
			  Extensive misassembly ( relocation, inconsistency = 3505 ) between these two alignments
			Real Alignment 23: 1053888 1074715 | 245048 224228 | 20828 20821 | 97.34 | NZ_CP007805.1_Haemophilus_influenzae_CGSHiCZ412602__complete_genome NODE_49_length_250248_cov_144.423798
			  Overlap between these two alignments (local misassembly). Inconsistency = -86 
			Real Alignment 24: 1048633 1053853 | 250374 245169 | 5221 5206 | 96.69 | NZ_CP007805.1_Haemophilus_influenzae_CGSHiCZ412602__complete_genome NODE_49_length_250248_cov_144.423798

CONTIG: NODE_60_length_545845_cov_167.814865 (545971bp)
Top Length: 107748  Top ID: 97.62
		Skipping redundant alignment 531075 532979 | 1 1886 | 1905 1886 | 96.22 | NZ_CP007805.1_Haemophilus_influenzae_CGSHiCZ412602__complete_genome NODE_60_length_545845_cov_167.814865
		Skipping redundant alignment 123389 125291 | 1884 1 | 1903 1884 | 95.8 | NZ_CP007805.1_Haemophilus_influenzae_CGSHiCZ412602__complete_genome NODE_60_length_545845_cov_167.814865
		Skipping redundant alignment 659472 661305 | 1 1815 | 1834 1815 | 96.07 | NZ_CP007805.1_Haemophilus_influenzae_CGSHiCZ412602__complete_genome NODE_60_length_545845_cov_167.814865
		Skipping redundant alignment 1 1042 | 1039 1 | 1042 1039 | 97.6 | NZ_CP007805.1_Haemophilus_influenzae_CGSHiCZ412602__complete_genome NODE_60_length_545845_cov_167.814865
		Skipping redundant alignment 1053888 1053999 | 42234 42345 | 112 112 | 100.0 | NZ_CP007805.1_Haemophilus_influenzae_CGSHiCZ412602__complete_genome NODE_60_length_545845_cov_167.814865
		Skipping redundant alignment 299415 299483 | 42305 42237 | 69 69 | 100.0 | NZ_CP007805.1_Haemophilus_influenzae_CGSHiCZ412602__complete_genome NODE_60_length_545845_cov_167.814865
		Skipping redundant alignment 1053888 1053999 | 42250 42361 | 112 112 | 100.0 | NZ_CP007805.1_Haemophilus_influenzae_CGSHiCZ412602__complete_genome NODE_60_length_545845_cov_167.814865
		Skipping redundant alignment 299415 299483 | 42361 42293 | 69 69 | 100.0 | NZ_CP007805.1_Haemophilus_influenzae_CGSHiCZ412602__complete_genome NODE_60_length_545845_cov_167.814865
		Skipping redundant alignment 907177 907310 | 498125 498258 | 134 134 | 98.51 | NZ_CP007805.1_Haemophilus_influenzae_CGSHiCZ412602__complete_genome NODE_60_length_545845_cov_167.814865
		This contig is misassembled. 37 total aligns.
			Real Alignment 1: 1790401 1807395 | 17016 1 | 16995 17016 | 96.25 | NZ_CP007805.1_Haemophilus_influenzae_CGSHiCZ412602__complete_genome NODE_60_length_545845_cov_167.814865
			  Overlap between these two alignments (local misassembly). Inconsistency = -787 
			Excluding internal overlap of size 3 between Alignment 2 and 3:  1770572 1781257 | 37629 26947 | 10686 10683 --> 1770575 1781257 | 37626 26947 | 10683 10680
			Real Alignment 2: 1770575 1781257 | 37626 26947 | 10683 10680 | 98.29 | NZ_CP007805.1_Haemophilus_influenzae_CGSHiCZ412602__complete_genome NODE_60_length_545845_cov_167.814865
			  Gap between these two alignments (local misassembly). Inconsistency = 151 
			Real Alignment 3: 1662647 1770423 | 145374 37627 | 107777 107748 | 97.62 | NZ_CP007805.1_Haemophilus_influenzae_CGSHiCZ412602__complete_genome NODE_60_length_545845_cov_167.814865
			  Extensive misassembly ( relocation, inconsistency = 1001 ) between these two alignments
			Real Alignment 4: 1635186 1661366 | 171968 145654 | 26181 26315 | 96.4 | NZ_CP007805.1_Haemophilus_influenzae_CGSHiCZ412602__complete_genome NODE_60_length_545845_cov_167.814865
			  Overlap between these two alignments (local misassembly). Inconsistency = -955 
			Real Alignment 5: 1596589 1635059 | 211518 173050 | 38471 38469 | 97.47 | NZ_CP007805.1_Haemophilus_influenzae_CGSHiCZ412602__complete_genome NODE_60_length_545845_cov_167.814865
			  Overlap between these two alignments (local misassembly). Inconsistency = -173 
			Real Alignment 6: 1595695 1596571 | 212584 211709 | 877 876 | 98.4 | NZ_CP007805.1_Haemophilus_influenzae_CGSHiCZ412602__complete_genome NODE_60_length_545845_cov_167.814865
			  Gap between these two alignments (local misassembly). Inconsistency = 175 
			Real Alignment 7: 1593956 1594925 | 214142 213179 | 970 964 | 95.78 | NZ_CP007805.1_Haemophilus_influenzae_CGSHiCZ412602__complete_genome NODE_60_length_545845_cov_167.814865
			  Overlap between these two alignments (local misassembly). Inconsistency = -149 
			Real Alignment 8: 1566797 1591015 | 241443 217232 | 24219 24212 | 96.63 | NZ_CP007805.1_Haemophilus_influenzae_CGSHiCZ412602__complete_genome NODE_60_length_545845_cov_167.814865
			  Overlap between these two alignments (local misassembly). Inconsistency = -605 
			Real Alignment 9: 1549146 1566655 | 259701 242190 | 17510 17512 | 97.7 | NZ_CP007805.1_Haemophilus_influenzae_CGSHiCZ412602__complete_genome NODE_60_length_545845_cov_167.814865
			  Gap between these two alignments (local misassembly). Inconsistency = 102 
			Real Alignment 10: 1531844 1548977 | 276923 259768 | 17134 17156 | 96.49 | NZ_CP007805.1_Haemophilus_influenzae_CGSHiCZ412602__complete_genome NODE_60_length_545845_cov_167.814865
			  Gap between these two alignments (local misassembly). Inconsistency = 99 
			Real Alignment 11: 1528643 1531744 | 280037 276924 | 3102 3114 | 96.63 | NZ_CP007805.1_Haemophilus_influenzae_CGSHiCZ412602__complete_genome NODE_60_length_545845_cov_167.814865
			  Gap between these two alignments (local misassembly). Inconsistency = 156 
			Real Alignment 12: 1527844 1528076 | 280680 280448 | 233 233 | 98.71 | NZ_CP007805.1_Haemophilus_influenzae_CGSHiCZ412602__complete_genome NODE_60_length_545845_cov_167.814865
			  Gap between these two alignments (local misassembly). Inconsistency = 331 
			Real Alignment 13: 1517302 1525164 | 290885 283029 | 7863 7857 | 95.24 | NZ_CP007805.1_Haemophilus_influenzae_CGSHiCZ412602__complete_genome NODE_60_length_545845_cov_167.814865
			  Overlap between these two alignments (local misassembly). Inconsistency = -15 
			Real Alignment 14: 1504222 1515828 | 304027 292374 | 11607 11654 | 96.2 | NZ_CP007805.1_Haemophilus_influenzae_CGSHiCZ412602__complete_genome NODE_60_length_545845_cov_167.814865
			  Extensive misassembly ( relocation, inconsistency = 8208 ) between these two alignments
			Real Alignment 15: 1484550 1495995 | 315490 304046 | 11446 11445 | 98.18 | NZ_CP007805.1_Haemophilus_influenzae_CGSHiCZ412602__complete_genome NODE_60_length_545845_cov_167.814865
			  Extensive misassembly ( relocation, inconsistency = 4339 ) between these two alignments
			Real Alignment 16: 1464622 1478559 | 331048 317142 | 13938 13907 | 97.36 | NZ_CP007805.1_Haemophilus_influenzae_CGSHiCZ412602__complete_genome NODE_60_length_545845_cov_167.814865
			  Gap between these two alignments (local misassembly). Inconsistency = 45 
			Real Alignment 17: 1452784 1463753 | 342833 331872 | 10970 10962 | 97.67 | NZ_CP007805.1_Haemophilus_influenzae_CGSHiCZ412602__complete_genome NODE_60_length_545845_cov_167.814865
			  Extensive misassembly ( relocation, inconsistency = -1388 ) between these two alignments
			Real Alignment 18: 1439506 1452841 | 357494 344164 | 13336 13331 | 98.08 | NZ_CP007805.1_Haemophilus_influenzae_CGSHiCZ412602__complete_genome NODE_60_length_545845_cov_167.814865
			  Gap between these two alignments (local misassembly). Inconsistency = 34 
			Real Alignment 19: 1413611 1439292 | 383339 357674 | 25682 25666 | 98.35 | NZ_CP007805.1_Haemophilus_influenzae_CGSHiCZ412602__complete_genome NODE_60_length_545845_cov_167.814865
			  Extensive misassembly ( relocation, inconsistency = -3991 ) between these two alignments
			Real Alignment 20: 1370588 1413777 | 430353 387164 | 43190 43190 | 97.46 | NZ_CP007805.1_Haemophilus_influenzae_CGSHiCZ412602__complete_genome NODE_60_length_545845_cov_167.814865
			  Overlap between these two alignments (local misassembly). Inconsistency = -164 
			Real Alignment 21: 1360663 1370619 | 440459 430486 | 9957 9974 | 96.47 | NZ_CP007805.1_Haemophilus_influenzae_CGSHiCZ412602__complete_genome NODE_60_length_545845_cov_167.814865
			  Gap between these two alignments (local misassembly). Inconsistency = 734 
			Real Alignment 22: 1348484 1359897 | 451903 440491 | 11414 11413 | 97.53 | NZ_CP007805.1_Haemophilus_influenzae_CGSHiCZ412602__complete_genome NODE_60_length_545845_cov_167.814865
			  Gap between these two alignments (local misassembly). Inconsistency = 7 
			Real Alignment 23: 1312675 1348378 | 487727 452002 | 35704 35726 | 96.95 | NZ_CP007805.1_Haemophilus_influenzae_CGSHiCZ412602__complete_genome NODE_60_length_545845_cov_167.814865
			  Overlap between these two alignments (local misassembly). Inconsistency = -41 
			Real Alignment 24: 1305408 1312573 | 495019 487870 | 7166 7150 | 95.48 | NZ_CP007805.1_Haemophilus_influenzae_CGSHiCZ412602__complete_genome NODE_60_length_545845_cov_167.814865
			  Overlap between these two alignments (local misassembly). Inconsistency = -21 
			Excluding internal overlap of size 57 between Alignment 25 and 26:  1273342 1274112 | 526879 526109 | 771 771 --> 1273342 1274055 | 526879 526166 | 714 714
			Real Alignment 25: 1274304 1305252 | 526165 495196 | 30949 30970 | 96.73 | NZ_CP007805.1_Haemophilus_influenzae_CGSHiCZ412602__complete_genome NODE_60_length_545845_cov_167.814865
			  Gap between these two alignments (local misassembly). Inconsistency = 248 
			Real Alignment 26: 1273342 1274055 | 526879 526166 | 714 714 | 97.67 | NZ_CP007805.1_Haemophilus_influenzae_CGSHiCZ412602__complete_genome NODE_60_length_545845_cov_167.814865
			  Extensive misassembly ( relocation, inconsistency = -1239 ) between these two alignments
			Excluding internal overlap of size 18 between Alignment 27 and 28:  1274211 1274360 | 527249 527100 | 150 150 --> 1274229 1274360 | 527231 527100 | 132 132
			Real Alignment 27: 1274229 1274360 | 527231 527100 | 132 132 | 98.0 | NZ_CP007805.1_Haemophilus_influenzae_CGSHiCZ412602__complete_genome NODE_60_length_545845_cov_167.814865
			  Gap between these two alignments (local misassembly). Inconsistency = 891 
			Real Alignment 28: 1257025 1273337 | 543549 527232 | 16313 16318 | 97.08 | NZ_CP007805.1_Haemophilus_influenzae_CGSHiCZ412602__complete_genome NODE_60_length_545845_cov_167.814865

Analyzing coverage...
Writing SNPs into /data/projects/Assembly/Aroon/reports/GCF_000698365.1_ASM69836v1_genomic/contigs_reports/nucmer_output/M05964_contigs.used_snps
	Reference NZ_CP007805.1_Haemophilus_influenzae_CGSHiCZ412602__complete_genome: 133 total alignments. 1 total regions.
		Region: 1 to 1811802 (1811802 bp)
			START in gap: 1 to 1412 (1411 bp)
			Align 1: 1412 1927 NODE_45_length_390_cov_744.241028 516 1
				Gap between this and next alignment: 1927 to 3106 (1178 bp)
				Next Alignment: 3106 4073 NODE_6_length_842_cov_765.074829 1 968

			Align 2: 3106 4073 NODE_6_length_842_cov_765.074829 1 968
				Negative gap (overlap) between this and next alignment: 4073 to 3948 (-125 bp)
				Next Alignment: 3948 18243 NODE_26_length_118173_cov_164.728897 118299 104075

			Previous gap was negative, modifying coordinates to ignore overlap
				Moving contig start from 118299 to 118173.
			Align 3: 4074 18243 NODE_26_length_118173_cov_164.728897 118173 104075
				Gap between this and next alignment: 18243 to 22613 (4369 bp)
				Next Alignment: 22613 55351 NODE_26_length_118173_cov_164.728897 104074 71409

			Align 4: 22613 55351 NODE_26_length_118173_cov_164.728897 104074 71409
				Gap between this and next alignment: 55351 to 55401 (49 bp)
				Next Alignment: 55401 74595 NODE_26_length_118173_cov_164.728897 51491 70680

			Align 5: 55401 74595 NODE_26_length_118173_cov_164.728897 51491 70680
				Gap between this and next alignment: 74595 to 74623 (27 bp)
				Next Alignment: 74623 91960 NODE_26_length_118173_cov_164.728897 45625 28290

			Align 6: 74623 91960 NODE_26_length_118173_cov_164.728897 45625 28290
				Gap between this and next alignment: 91960 to 95187 (3226 bp)
				Next Alignment: 95187 112750 NODE_26_length_118173_cov_164.728897 28271 10710

			Align 7: 95187 112750 NODE_26_length_118173_cov_164.728897 28271 10710
				Gap between this and next alignment: 112750 to 114192 (1441 bp)
				Next Alignment: 114192 114785 NODE_26_length_118173_cov_164.728897 10653 10059

			Align 8: 114192 114785 NODE_26_length_118173_cov_164.728897 10653 10059
				Gap between this and next alignment: 114785 to 116576 (1790 bp)
				Next Alignment: 116576 123682 NODE_26_length_118173_cov_164.728897 7286 162

			Align 9: 116576 123682 NODE_26_length_118173_cov_164.728897 7286 162
				Gap between this and next alignment: 123682 to 129140 (5457 bp)
				Next Alignment: 129140 142426 NODE_5_length_444826_cov_179.227036 1 13288

			Align 10: 129140 142426 NODE_5_length_444826_cov_179.227036 1 13288
				Gap between this and next alignment: 142426 to 142512 (85 bp)
				Next Alignment: 142512 152541 NODE_5_length_444826_cov_179.227036 13420 23449

			Align 11: 142512 152541 NODE_5_length_444826_cov_179.227036 13420 23449
				Gap between this and next alignment: 152541 to 163712 (11170 bp)
				Next Alignment: 163712 172535 NODE_5_length_444826_cov_179.227036 30745 39572

			Align 12: 163712 172535 NODE_5_length_444826_cov_179.227036 30745 39572
				Gap between this and next alignment: 172535 to 172817 (281 bp)
				Next Alignment: 172817 213141 NODE_5_length_444826_cov_179.227036 39573 79840

			Align 13: 172817 213141 NODE_5_length_444826_cov_179.227036 39573 79840
				The next alignment (212861 213090 NODE_5_length_444826_cov_179.227036 79841 80080) is redundant. Skipping.
				Negative gap (overlap) between this and next alignment: 213141 to 212877 (-264 bp)
				Next Alignment: 212877 232231 NODE_5_length_444826_cov_179.227036 80091 99446

			Previous gap was negative, modifying coordinates to ignore overlap
				Moving contig start from 80091 to 80360.
			Align 15: 213142 232231 NODE_5_length_444826_cov_179.227036 80360 99446
				Gap between this and next alignment: 232231 to 232323 (91 bp)
				Next Alignment: 232323 239847 NODE_5_length_444826_cov_179.227036 99689 107210

			Align 16: 232323 239847 NODE_5_length_444826_cov_179.227036 99689 107210
				Gap between this and next alignment: 239847 to 239988 (140 bp)
				Next Alignment: 239988 246090 NODE_5_length_444826_cov_179.227036 107351 113450

			Align 17: 239988 246090 NODE_5_length_444826_cov_179.227036 107351 113450
				Negative gap (overlap) between this and next alignment: 246090 to 246087 (-3 bp)
				Next Alignment: 246087 298537 NODE_5_length_444826_cov_179.227036 118867 171354

			Previous gap was negative, modifying coordinates to ignore overlap
				Moving contig start from 118867 to 118871.
			Align 18: 246091 298537 NODE_5_length_444826_cov_179.227036 118871 171354
				Gap between this and next alignment: 298537 to 311937 (13399 bp)
				Next Alignment: 311937 322008 NODE_5_length_444826_cov_179.227036 184023 194113

			Align 19: 311937 322008 NODE_5_length_444826_cov_179.227036 184023 194113
				Gap between this and next alignment: 322008 to 322284 (275 bp)
				Next Alignment: 322284 340754 NODE_5_length_444826_cov_179.227036 194443 212914

			Align 20: 322284 340754 NODE_5_length_444826_cov_179.227036 194443 212914
				Gap between this and next alignment: 340754 to 341117 (362 bp)
				Next Alignment: 341117 357265 NODE_5_length_444826_cov_179.227036 212931 229071

			Align 21: 341117 357265 NODE_5_length_444826_cov_179.227036 212931 229071
				Gap between this and next alignment: 357265 to 357289 (23 bp)
				Next Alignment: 357289 373925 NODE_5_length_444826_cov_179.227036 229524 246158

			Align 22: 357289 373925 NODE_5_length_444826_cov_179.227036 229524 246158
				Gap between this and next alignment: 373925 to 373971 (45 bp)
				Next Alignment: 373971 381870 NODE_5_length_444826_cov_179.227036 254263 262162

			Align 23: 373971 381870 NODE_5_length_444826_cov_179.227036 254263 262162
				Gap between this and next alignment: 381870 to 382326 (455 bp)
				Next Alignment: 382326 393584 NODE_5_length_444826_cov_179.227036 262603 273855

			Align 24: 382326 393584 NODE_5_length_444826_cov_179.227036 262603 273855
				Gap between this and next alignment: 393584 to 395951 (2366 bp)
				Next Alignment: 395951 406435 NODE_5_length_444826_cov_179.227036 277776 288264

			Align 25: 395951 406435 NODE_5_length_444826_cov_179.227036 277776 288264
				Gap between this and next alignment: 406435 to 406601 (165 bp)
				Next Alignment: 406601 441148 NODE_5_length_444826_cov_179.227036 288323 322903

			Align 26: 406601 441148 NODE_5_length_444826_cov_179.227036 288323 322903
				Gap between this and next alignment: 441148 to 441315 (166 bp)
				Next Alignment: 441315 447332 NODE_5_length_444826_cov_179.227036 323830 329907

			Align 27: 441315 447332 NODE_5_length_444826_cov_179.227036 323830 329907
				Gap between this and next alignment: 447332 to 448350 (1017 bp)
				Next Alignment: 448350 456236 NODE_5_length_444826_cov_179.227036 331312 339198

			Align 28: 448350 456236 NODE_5_length_444826_cov_179.227036 331312 339198
				Gap between this and next alignment: 456236 to 456238 (1 bp)
				Next Alignment: 456238 475747 NODE_5_length_444826_cov_179.227036 341954 361468

			Align 29: 456238 475747 NODE_5_length_444826_cov_179.227036 341954 361468
				Negative gap (overlap) between this and next alignment: 475747 to 475738 (-9 bp)
				Next Alignment: 475738 481723 NODE_5_length_444826_cov_179.227036 362458 368463

			Previous gap was negative, modifying coordinates to ignore overlap
				Moving contig start from 362458 to 362468.
			Align 30: 475748 481723 NODE_5_length_444826_cov_179.227036 362468 368463
				Gap between this and next alignment: 481723 to 485609 (3885 bp)
				Next Alignment: 485609 493835 NODE_10_length_50905_cov_184.963623 42807 51031

			Align 31: 485609 493835 NODE_10_length_50905_cov_184.963623 42807 51031
				Gap between this and next alignment: 493835 to 495584 (1748 bp)
				Next Alignment: 495584 496189 NODE_20_length_483_cov_386.440979 1 609

			Align 32: 495584 496189 NODE_20_length_483_cov_386.440979 1 609
				The next alignment (495584 496104 NODE_47_length_398_cov_79.638191 524 1) is redundant. Skipping.
				Gap between this and next alignment: 496189 to 497757 (1567 bp)
				Next Alignment: 497757 498968 NODE_11_length_1086_cov_655.151917 1212 1

			Align 34: 497757 498968 NODE_11_length_1086_cov_655.151917 1212 1
				Gap between this and next alignment: 498968 to 498998 (29 bp)
				Next Alignment: 498998 499290 NODE_3_length_179628_cov_156.746414 179754 179462

			Align 35: 498998 499290 NODE_3_length_179628_cov_156.746414 179754 179462
				Gap between this and next alignment: 499290 to 499415 (124 bp)
				Next Alignment: 499415 500046 NODE_2_length_27589_cov_169.095764 1 633

			Align 36: 499415 500046 NODE_2_length_27589_cov_169.095764 1 633
				Gap between this and next alignment: 500046 to 500140 (93 bp)
				Next Alignment: 500140 527242 NODE_2_length_27589_cov_169.095764 634 27715

			Align 37: 500140 527242 NODE_2_length_27589_cov_169.095764 634 27715
				Gap between this and next alignment: 527242 to 532782 (5539 bp)
				Next Alignment: 532782 532952 NODE_10_length_50905_cov_184.963623 1 171

			Align 38: 532782 532952 NODE_10_length_50905_cov_184.963623 1 171
				Gap between this and next alignment: 532952 to 534215 (1262 bp)
				Next Alignment: 534215 544197 NODE_10_length_50905_cov_184.963623 172 10165

			Align 39: 534215 544197 NODE_10_length_50905_cov_184.963623 172 10165
				Gap between this and next alignment: 544197 to 544920 (722 bp)
				Next Alignment: 544920 546104 NODE_10_length_50905_cov_184.963623 11327 12505

			Align 40: 544920 546104 NODE_10_length_50905_cov_184.963623 11327 12505
				Gap between this and next alignment: 546104 to 549343 (3238 bp)
				Next Alignment: 549343 549464 NODE_10_length_50905_cov_184.963623 42349 42470

			Align 41: 549343 549464 NODE_10_length_50905_cov_184.963623 42349 42470
				Gap between this and next alignment: 549464 to 549853 (388 bp)
				Next Alignment: 549853 564114 NODE_10_length_50905_cov_184.963623 12506 26762

			Align 42: 549853 564114 NODE_10_length_50905_cov_184.963623 12506 26762
				Gap between this and next alignment: 564114 to 565390 (1275 bp)
				Next Alignment: 565390 572600 NODE_10_length_50905_cov_184.963623 26763 33978

			Align 43: 565390 572600 NODE_10_length_50905_cov_184.963623 26763 33978
				Gap between this and next alignment: 572600 to 572655 (54 bp)
				Next Alignment: 572655 577060 NODE_10_length_50905_cov_184.963623 34731 39136

			Align 44: 572655 577060 NODE_10_length_50905_cov_184.963623 34731 39136
				Gap between this and next alignment: 577060 to 580296 (3235 bp)
				Next Alignment: 580296 593836 NODE_5_length_444826_cov_179.227036 371597 385070

			Align 45: 580296 593836 NODE_5_length_444826_cov_179.227036 371597 385070
				Gap between this and next alignment: 593836 to 593907 (70 bp)
				Next Alignment: 593907 604749 NODE_5_length_444826_cov_179.227036 385071 395917

			Align 46: 593907 604749 NODE_5_length_444826_cov_179.227036 385071 395917
				Gap between this and next alignment: 604749 to 605366 (616 bp)
				Next Alignment: 605366 616113 NODE_5_length_444826_cov_179.227036 395931 406702

			Align 47: 605366 616113 NODE_5_length_444826_cov_179.227036 395931 406702
				Gap between this and next alignment: 616113 to 616504 (390 bp)
				Next Alignment: 616504 632352 NODE_5_length_444826_cov_179.227036 406703 422562

			Align 48: 616504 632352 NODE_5_length_444826_cov_179.227036 406703 422562
				Gap between this and next alignment: 632352 to 638148 (5795 bp)
				Next Alignment: 638148 642450 NODE_5_length_444826_cov_179.227036 426935 431237

			Align 49: 638148 642450 NODE_5_length_444826_cov_179.227036 426935 431237
				Gap between this and next alignment: 642450 to 644281 (1830 bp)
				Next Alignment: 644281 655380 NODE_5_length_444826_cov_179.227036 433835 444952

			Align 50: 644281 655380 NODE_5_length_444826_cov_179.227036 433835 444952
				The next alignment (645503 645576 NODE_49_length_250248_cov_144.423798 189305 189232) is redundant. Skipping.
				Gap between this and next alignment: 655380 to 660777 (5396 bp)
				Next Alignment: 660777 661323 NODE_1_length_61020_cov_149.082642 61146 60600

			Align 52: 660777 661323 NODE_1_length_61020_cov_149.082642 61146 60600
				Negative gap (overlap) between this and next alignment: 661323 to 661055 (-268 bp)
				Next Alignment: 661055 667720 NODE_3_length_179628_cov_156.746414 179461 172811

			Previous gap was negative, modifying coordinates to ignore overlap
				Moving contig start from 179461 to 179192.
			Align 53: 661324 667720 NODE_3_length_179628_cov_156.746414 179192 172811
				Gap between this and next alignment: 667720 to 668120 (399 bp)
				Next Alignment: 668120 671943 NODE_3_length_179628_cov_156.746414 172807 168993

			Align 54: 668120 671943 NODE_3_length_179628_cov_156.746414 172807 168993
				Negative gap (overlap) between this and next alignment: 671943 to 671887 (-56 bp)
				Next Alignment: 671887 681378 NODE_3_length_179628_cov_156.746414 160143 150652

			Previous gap was negative, modifying coordinates to ignore overlap
				Moving contig start from 160143 to 160086.
			Align 55: 671944 681378 NODE_3_length_179628_cov_156.746414 160086 150652
				Gap between this and next alignment: 681378 to 685143 (3764 bp)
				Next Alignment: 685143 691285 NODE_3_length_179628_cov_156.746414 149233 143091

			Align 56: 685143 691285 NODE_3_length_179628_cov_156.746414 149233 143091
				Negative gap (overlap) between this and next alignment: 691285 to 691216 (-69 bp)
				Next Alignment: 691216 698886 NODE_3_length_179628_cov_156.746414 98297 90630

			Previous gap was negative, modifying coordinates to ignore overlap
				Moving contig start from 98297 to 98227.
			Align 57: 691286 698886 NODE_3_length_179628_cov_156.746414 98227 90630
				Gap between this and next alignment: 698886 to 701328 (2441 bp)
				Next Alignment: 701328 728646 NODE_3_length_179628_cov_156.746414 90591 63316

			Align 58: 701328 728646 NODE_3_length_179628_cov_156.746414 90591 63316
				Gap between this and next alignment: 728646 to 736375 (7728 bp)
				Next Alignment: 736375 786553 NODE_3_length_179628_cov_156.746414 56831 6650

			Align 59: 736375 786553 NODE_3_length_179628_cov_156.746414 56831 6650
				Gap between this and next alignment: 786553 to 786675 (121 bp)
				Next Alignment: 786675 793310 NODE_3_length_179628_cov_156.746414 6636 1

			Align 60: 786675 793310 NODE_3_length_179628_cov_156.746414 6636 1
				Gap between this and next alignment: 793310 to 793413 (102 bp)
				Next Alignment: 793413 794204 NODE_7_length_666_cov_698.303284 1 792

			Align 61: 793413 794204 NODE_7_length_666_cov_698.303284 1 792
				Gap between this and next alignment: 794204 to 800195 (5990 bp)
				Next Alignment: 800195 804232 NODE_1_length_61020_cov_149.082642 60460 56408

			Align 62: 800195 804232 NODE_1_length_61020_cov_149.082642 60460 56408
				Gap between this and next alignment: 804232 to 811579 (7346 bp)
				Next Alignment: 811579 830434 NODE_1_length_61020_cov_149.082642 53178 34324

			Align 63: 811579 830434 NODE_1_length_61020_cov_149.082642 53178 34324
				Gap between this and next alignment: 830434 to 831516 (1081 bp)
				Next Alignment: 831516 836528 NODE_1_length_61020_cov_149.082642 34274 29250

			Align 64: 831516 836528 NODE_1_length_61020_cov_149.082642 34274 29250
				Gap between this and next alignment: 836528 to 841971 (5442 bp)
				Next Alignment: 841971 858631 NODE_1_length_61020_cov_149.082642 29249 12575

			Align 65: 841971 858631 NODE_1_length_61020_cov_149.082642 29249 12575
				Gap between this and next alignment: 858631 to 858644 (12 bp)
				Next Alignment: 858644 863295 NODE_1_length_61020_cov_149.082642 12434 7726

			Align 66: 858644 863295 NODE_1_length_61020_cov_149.082642 12434 7726
				Gap between this and next alignment: 863295 to 863632 (336 bp)
				Next Alignment: 863632 871286 NODE_1_length_61020_cov_149.082642 7725 68

			Align 67: 863632 871286 NODE_1_length_61020_cov_149.082642 7725 68
				Gap between this and next alignment: 871286 to 871290 (3 bp)
				Next Alignment: 871290 948591 NODE_49_length_250248_cov_144.423798 420 77688

			Align 68: 871290 948591 NODE_49_length_250248_cov_144.423798 420 77688
				Gap between this and next alignment: 948591 to 948651 (59 bp)
				Next Alignment: 948651 957181 NODE_49_length_250248_cov_144.423798 77874 86403

			Align 69: 948651 957181 NODE_49_length_250248_cov_144.423798 77874 86403
				Negative gap (overlap) between this and next alignment: 957181 to 957172 (-9 bp)
				Next Alignment: 957172 962059 NODE_49_length_250248_cov_144.423798 86985 91875

			Previous gap was negative, modifying coordinates to ignore overlap
				Moving contig start from 86985 to 86995.
			Align 70: 957182 962059 NODE_49_length_250248_cov_144.423798 86995 91875
				Negative gap (overlap) between this and next alignment: 962059 to 962045 (-14 bp)
				Next Alignment: 962045 964345 NODE_49_length_250248_cov_144.423798 92294 94593

			Previous gap was negative, modifying coordinates to ignore overlap
				Moving contig start from 92294 to 92308.
			Align 71: 962060 964345 NODE_49_length_250248_cov_144.423798 92308 94593
				Gap between this and next alignment: 964345 to 965297 (951 bp)
				Next Alignment: 965297 972889 NODE_49_length_250248_cov_144.423798 94901 102519

			Align 72: 965297 972889 NODE_49_length_250248_cov_144.423798 94901 102519
				Gap between this and next alignment: 972889 to 980974 (8084 bp)
				Next Alignment: 980974 989807 NODE_49_length_250248_cov_144.423798 103259 112090

			Align 73: 980974 989807 NODE_49_length_250248_cov_144.423798 103259 112090
				Gap between this and next alignment: 989807 to 992615 (2807 bp)
				Next Alignment: 992615 1005600 NODE_49_length_250248_cov_144.423798 114515 127501

			Align 74: 992615 1005600 NODE_49_length_250248_cov_144.423798 114515 127501
				The next alignment (998277 999971 NODE_39_length_42854_cov_142.599518 42239 40546) is redundant. Skipping.
				Negative gap (overlap) between this and next alignment: 1005600 to 1004940 (-660 bp)
				Next Alignment: 1004940 1018822 NODE_39_length_42854_cov_142.599518 40227 26342

			Previous gap was negative, modifying coordinates to ignore overlap
				Moving contig start from 40227 to 39565.
			Align 76: 1005601 1018822 NODE_39_length_42854_cov_142.599518 39565 26342
				Gap between this and next alignment: 1018822 to 1019278 (455 bp)
				Next Alignment: 1019278 1022111 NODE_39_length_42854_cov_142.599518 26341 23508

			Align 77: 1019278 1022111 NODE_39_length_42854_cov_142.599518 26341 23508
				Gap between this and next alignment: 1022111 to 1027708 (5596 bp)
				Next Alignment: 1027708 1029851 NODE_39_length_42854_cov_142.599518 20179 18039

			Align 78: 1027708 1029851 NODE_39_length_42854_cov_142.599518 20179 18039
				Negative gap (overlap) between this and next alignment: 1029851 to 1029851 (0 bp)
				Next Alignment: 1029851 1047572 NODE_39_length_42854_cov_142.599518 17728 1

			Previous gap was negative, modifying coordinates to ignore overlap
				Moving contig start from 17728 to 17727.
			Align 79: 1029852 1047572 NODE_39_length_42854_cov_142.599518 17727 1
				The next alignment (1042379 1042717 NODE_12_length_87982_cov_144.570938 83399 83736) is redundant. Skipping.
				The next alignment (1047447 1047572 NODE_12_length_87982_cov_144.570938 87983 88108) is redundant. Skipping.
				Negative gap (overlap) between this and next alignment: 1047572 to 1047447 (-125 bp)
				Next Alignment: 1047447 1048758 NODE_23_length_1186_cov_265.353302 1 1312

			Previous gap was negative, modifying coordinates to ignore overlap
				Moving contig start from 1 to 127.
			Align 82: 1047573 1048758 NODE_23_length_1186_cov_265.353302 127 1312
				The next alignment (1048633 1048758 NODE_39_length_42854_cov_142.599518 42980 42855) is redundant. Skipping.
				Negative gap (overlap) between this and next alignment: 1048758 to 1048633 (-125 bp)
				Next Alignment: 1048633 1053853 NODE_49_length_250248_cov_144.423798 250374 245169

			Previous gap was negative, modifying coordinates to ignore overlap
				Moving contig start from 250374 to 250248.
			Align 84: 1048759 1053853 NODE_49_length_250248_cov_144.423798 250248 245169
				Gap between this and next alignment: 1053853 to 1053888 (34 bp)
				Next Alignment: 1053888 1074715 NODE_49_length_250248_cov_144.423798 245048 224228

			Align 85: 1053888 1074715 NODE_49_length_250248_cov_144.423798 245048 224228
				Gap between this and next alignment: 1074715 to 1078280 (3564 bp)
				Next Alignment: 1078280 1080324 NODE_49_length_250248_cov_144.423798 224168 222125

			Align 86: 1078280 1080324 NODE_49_length_250248_cov_144.423798 224168 222125
				Negative gap (overlap) between this and next alignment: 1080324 to 1080323 (-1 bp)
				Next Alignment: 1080323 1085934 NODE_49_length_250248_cov_144.423798 221705 216097

			Previous gap was negative, modifying coordinates to ignore overlap
				Moving contig start from 221705 to 221703.
			Align 87: 1080325 1085934 NODE_49_length_250248_cov_144.423798 221703 216097
				Gap between this and next alignment: 1085934 to 1085950 (15 bp)
				Next Alignment: 1085950 1086770 NODE_49_length_250248_cov_144.423798 215366 214559

			Align 88: 1085950 1086770 NODE_49_length_250248_cov_144.423798 215366 214559
				Gap between this and next alignment: 1086770 to 1086840 (69 bp)
				Next Alignment: 1086840 1089214 NODE_49_length_250248_cov_144.423798 214558 212182

			Align 89: 1086840 1089214 NODE_49_length_250248_cov_144.423798 214558 212182
				Gap between this and next alignment: 1089214 to 1089471 (256 bp)
				Next Alignment: 1089471 1089910 NODE_49_length_250248_cov_144.423798 211914 211472

			Align 90: 1089471 1089910 NODE_49_length_250248_cov_144.423798 211914 211472
				Gap between this and next alignment: 1089910 to 1091342 (1431 bp)
				Next Alignment: 1091342 1092805 NODE_49_length_250248_cov_144.423798 210013 208551

			Align 91: 1091342 1092805 NODE_49_length_250248_cov_144.423798 210013 208551
				Gap between this and next alignment: 1092805 to 1096398 (3592 bp)
				Next Alignment: 1096398 1097370 NODE_49_length_250248_cov_144.423798 208030 207059

			Align 92: 1096398 1097370 NODE_49_length_250248_cov_144.423798 208030 207059
				Gap between this and next alignment: 1097370 to 1104793 (7422 bp)
				Next Alignment: 1104793 1108964 NODE_49_length_250248_cov_144.423798 206582 202411

			Align 93: 1104793 1108964 NODE_49_length_250248_cov_144.423798 206582 202411
				Gap between this and next alignment: 1108964 to 1109100 (135 bp)
				Next Alignment: 1109100 1109667 NODE_49_length_250248_cov_144.423798 200774 200208

			Align 94: 1109100 1109667 NODE_49_length_250248_cov_144.423798 200774 200208
				Gap between this and next alignment: 1109667 to 1111347 (1679 bp)
				Next Alignment: 1111347 1120092 NODE_49_length_250248_cov_144.423798 198580 189818

			Align 95: 1111347 1120092 NODE_49_length_250248_cov_144.423798 198580 189818
				Gap between this and next alignment: 1120092 to 1120111 (18 bp)
				Next Alignment: 1120111 1136725 NODE_49_length_250248_cov_144.423798 189182 172608

			Align 96: 1120111 1136725 NODE_49_length_250248_cov_144.423798 189182 172608
				Gap between this and next alignment: 1136725 to 1136970 (244 bp)
				Next Alignment: 1136970 1169918 NODE_49_length_250248_cov_144.423798 172576 139582

			Align 97: 1136970 1169918 NODE_49_length_250248_cov_144.423798 172576 139582
				Gap between this and next alignment: 1169918 to 1169962 (43 bp)
				Next Alignment: 1169962 1176085 NODE_49_length_250248_cov_144.423798 139416 133297

			Align 98: 1169962 1176085 NODE_49_length_250248_cov_144.423798 139416 133297
				Negative gap (overlap) between this and next alignment: 1176085 to 1176071 (-14 bp)
				Next Alignment: 1176071 1181782 NODE_49_length_250248_cov_144.423798 133215 127502

			Previous gap was negative, modifying coordinates to ignore overlap
				Moving contig start from 133215 to 133200.
			Align 99: 1176086 1181782 NODE_49_length_250248_cov_144.423798 133200 127502
				Gap between this and next alignment: 1181782 to 1182445 (662 bp)
				Next Alignment: 1182445 1182704 NODE_39_length_42854_cov_142.599518 40228 40488

			Align 100: 1182445 1182704 NODE_39_length_42854_cov_142.599518 40228 40488
				Gap between this and next alignment: 1182704 to 1183890 (1185 bp)
				Next Alignment: 1183890 1196832 NODE_12_length_87982_cov_144.570938 77071 64133

			Align 101: 1183890 1196832 NODE_12_length_87982_cov_144.570938 77071 64133
				Negative gap (overlap) between this and next alignment: 1196832 to 1196770 (-62 bp)
				Next Alignment: 1196770 1220376 NODE_12_length_87982_cov_144.570938 64127 40521

			Previous gap was negative, modifying coordinates to ignore overlap
				Moving contig start from 64127 to 64064.
			Align 102: 1196833 1220376 NODE_12_length_87982_cov_144.570938 64064 40521
				Gap between this and next alignment: 1220376 to 1221229 (852 bp)
				Next Alignment: 1221229 1222092 NODE_12_length_87982_cov_144.570938 39638 38775

			Align 103: 1221229 1222092 NODE_12_length_87982_cov_144.570938 39638 38775
				Gap between this and next alignment: 1222092 to 1224578 (2485 bp)
				Next Alignment: 1224578 1225180 NODE_12_length_87982_cov_144.570938 36293 35691

			Align 104: 1224578 1225180 NODE_12_length_87982_cov_144.570938 36293 35691
				Gap between this and next alignment: 1225180 to 1225358 (177 bp)
				Next Alignment: 1225358 1256990 NODE_12_length_87982_cov_144.570938 35129 3495

			Align 105: 1225358 1256990 NODE_12_length_87982_cov_144.570938 35129 3495
				Gap between this and next alignment: 1256990 to 1257025 (34 bp)
				Next Alignment: 1257025 1273337 NODE_60_length_545845_cov_167.814865 543549 527232

			Align 106: 1257025 1273337 NODE_60_length_545845_cov_167.814865 543549 527232
				Gap between this and next alignment: 1273337 to 1273342 (4 bp)
				Next Alignment: 1273342 1274055 NODE_60_length_545845_cov_167.814865 526879 526166

			Align 107: 1273342 1274055 NODE_60_length_545845_cov_167.814865 526879 526166
				Gap between this and next alignment: 1274055 to 1274229 (173 bp)
				Next Alignment: 1274229 1274360 NODE_60_length_545845_cov_167.814865 527231 527100

			Align 108: 1274229 1274360 NODE_60_length_545845_cov_167.814865 527231 527100
				Negative gap (overlap) between this and next alignment: 1274360 to 1274304 (-56 bp)
				Next Alignment: 1274304 1305252 NODE_60_length_545845_cov_167.814865 526165 495196

			Previous gap was negative, modifying coordinates to ignore overlap
				Moving contig start from 526165 to 526108.
			Align 109: 1274361 1305252 NODE_60_length_545845_cov_167.814865 526108 495196
				Gap between this and next alignment: 1305252 to 1305408 (155 bp)
				Next Alignment: 1305408 1312573 NODE_60_length_545845_cov_167.814865 495019 487870

			Align 110: 1305408 1312573 NODE_60_length_545845_cov_167.814865 495019 487870
				Gap between this and next alignment: 1312573 to 1312675 (101 bp)
				Next Alignment: 1312675 1348378 NODE_60_length_545845_cov_167.814865 487727 452002

			Align 111: 1312675 1348378 NODE_60_length_545845_cov_167.814865 487727 452002
				Gap between this and next alignment: 1348378 to 1348484 (105 bp)
				Next Alignment: 1348484 1359897 NODE_60_length_545845_cov_167.814865 451903 440491

			Align 112: 1348484 1359897 NODE_60_length_545845_cov_167.814865 451903 440491
				Gap between this and next alignment: 1359897 to 1360663 (765 bp)
				Next Alignment: 1360663 1370619 NODE_60_length_545845_cov_167.814865 440459 430486

			Align 113: 1360663 1370619 NODE_60_length_545845_cov_167.814865 440459 430486
				Negative gap (overlap) between this and next alignment: 1370619 to 1370588 (-31 bp)
				Next Alignment: 1370588 1413777 NODE_60_length_545845_cov_167.814865 430353 387164

			Previous gap was negative, modifying coordinates to ignore overlap
				Moving contig start from 430353 to 430321.
			Align 114: 1370620 1413777 NODE_60_length_545845_cov_167.814865 430321 387164
				Negative gap (overlap) between this and next alignment: 1413777 to 1413611 (-166 bp)
				Next Alignment: 1413611 1439292 NODE_60_length_545845_cov_167.814865 383339 357674

			Previous gap was negative, modifying coordinates to ignore overlap
				Moving contig start from 383339 to 383176.
			Align 115: 1413778 1439292 NODE_60_length_545845_cov_167.814865 383176 357674
				Gap between this and next alignment: 1439292 to 1439506 (213 bp)
				Next Alignment: 1439506 1452841 NODE_60_length_545845_cov_167.814865 357494 344164

			Align 116: 1439506 1452841 NODE_60_length_545845_cov_167.814865 357494 344164
				Negative gap (overlap) between this and next alignment: 1452841 to 1452784 (-57 bp)
				Next Alignment: 1452784 1463753 NODE_60_length_545845_cov_167.814865 342833 331872

			Previous gap was negative, modifying coordinates to ignore overlap
				Moving contig start from 342833 to 342775.
			Align 117: 1452842 1463753 NODE_60_length_545845_cov_167.814865 342775 331872
				Gap between this and next alignment: 1463753 to 1464622 (868 bp)
				Next Alignment: 1464622 1478559 NODE_60_length_545845_cov_167.814865 331048 317142

			Align 118: 1464622 1478559 NODE_60_length_545845_cov_167.814865 331048 317142
				Gap between this and next alignment: 1478559 to 1484550 (5990 bp)
				Next Alignment: 1484550 1495995 NODE_60_length_545845_cov_167.814865 315490 304046

			Align 119: 1484550 1495995 NODE_60_length_545845_cov_167.814865 315490 304046
				Gap between this and next alignment: 1495995 to 1504222 (8226 bp)
				Next Alignment: 1504222 1515828 NODE_60_length_545845_cov_167.814865 304027 292374

			Align 120: 1504222 1515828 NODE_60_length_545845_cov_167.814865 304027 292374
				Gap between this and next alignment: 1515828 to 1517302 (1473 bp)
				Next Alignment: 1517302 1525164 NODE_60_length_545845_cov_167.814865 290885 283029

			Align 121: 1517302 1525164 NODE_60_length_545845_cov_167.814865 290885 283029
				Gap between this and next alignment: 1525164 to 1527844 (2679 bp)
				Next Alignment: 1527844 1528076 NODE_60_length_545845_cov_167.814865 280680 280448

			Align 122: 1527844 1528076 NODE_60_length_545845_cov_167.814865 280680 280448
				Gap between this and next alignment: 1528076 to 1528643 (566 bp)
				Next Alignment: 1528643 1531744 NODE_60_length_545845_cov_167.814865 280037 276924

			Align 123: 1528643 1531744 NODE_60_length_545845_cov_167.814865 280037 276924
				Gap between this and next alignment: 1531744 to 1531844 (99 bp)
				Next Alignment: 1531844 1548977 NODE_60_length_545845_cov_167.814865 276923 259768

			Align 124: 1531844 1548977 NODE_60_length_545845_cov_167.814865 276923 259768
				Gap between this and next alignment: 1548977 to 1549146 (168 bp)
				Next Alignment: 1549146 1566655 NODE_60_length_545845_cov_167.814865 259701 242190

			Align 125: 1549146 1566655 NODE_60_length_545845_cov_167.814865 259701 242190
				Gap between this and next alignment: 1566655 to 1566797 (141 bp)
				Next Alignment: 1566797 1591015 NODE_60_length_545845_cov_167.814865 241443 217232

			Align 126: 1566797 1591015 NODE_60_length_545845_cov_167.814865 241443 217232
				Gap between this and next alignment: 1591015 to 1593956 (2940 bp)
				Next Alignment: 1593956 1594925 NODE_60_length_545845_cov_167.814865 214142 213179

			Align 127: 1593956 1594925 NODE_60_length_545845_cov_167.814865 214142 213179
				Gap between this and next alignment: 1594925 to 1595695 (769 bp)
				Next Alignment: 1595695 1596571 NODE_60_length_545845_cov_167.814865 212584 211709

			Align 128: 1595695 1596571 NODE_60_length_545845_cov_167.814865 212584 211709
				Gap between this and next alignment: 1596571 to 1596589 (17 bp)
				Next Alignment: 1596589 1635059 NODE_60_length_545845_cov_167.814865 211518 173050

			Align 129: 1596589 1635059 NODE_60_length_545845_cov_167.814865 211518 173050
				Gap between this and next alignment: 1635059 to 1635186 (126 bp)
				Next Alignment: 1635186 1661366 NODE_60_length_545845_cov_167.814865 171968 145654

			Align 130: 1635186 1661366 NODE_60_length_545845_cov_167.814865 171968 145654
				Gap between this and next alignment: 1661366 to 1662647 (1280 bp)
				Next Alignment: 1662647 1770423 NODE_60_length_545845_cov_167.814865 145374 37627

			Align 131: 1662647 1770423 NODE_60_length_545845_cov_167.814865 145374 37627
				Gap between this and next alignment: 1770423 to 1770575 (151 bp)
				Next Alignment: 1770575 1781257 NODE_60_length_545845_cov_167.814865 37626 26947

			Align 132: 1770575 1781257 NODE_60_length_545845_cov_167.814865 37626 26947
				Gap between this and next alignment: 1781257 to 1790401 (9143 bp)
				Next Alignment: 1790401 1807395 NODE_60_length_545845_cov_167.814865 17016 1

			Align 133: 1790401 1807395 NODE_60_length_545845_cov_167.814865 17016 1
			END in gap: 1807395 to 1811802 (4407 bp)

Analysis is finished!
Founded SNPs were written into /data/projects/Assembly/Aroon/reports/GCF_000698365.1_ASM69836v1_genomic/contigs_reports/nucmer_output/M05964_contigs.used_snps

Results:
	Local Misassemblies: 67
	Misassemblies: 46
		Relocations: 46
		Translocations: 0
		Inversions: 0
	Misassembled Contigs: 9
	Misassembled Contig Bases: 1782615
	Misassemblies Inter-Contig Overlap: 0
Uncovered Regions: 0 (0)
Unaligned Contigs: 2 + 0 part
Partially Unaligned Contigs with Misassemblies: 0
Unaligned Contig Bases: 8340

Ambiguously Mapped Contigs: 4
Total Bases in Ambiguously Mapped Contigs: 3488
Note that --allow-ambiguity option was set to "one" and only first alignment per each contig was used.

	Covered Bases: 1608384

	SNPs: 41191
	Insertions: 1785
	Deletions: 1717

	Positive Gaps: 107
		Internal Gaps:  89
		External Gaps:  18
		External Gap Total:  41952
		External Gap Average: 2331
	Negative Gaps: 20
		Internal Overlaps:  15
		External Overlaps:  5
		External Overlaps Total: -1303
		External Overlaps Average: -261
	Contigs with Redundant Alignments: 5 (3111)
