Aligning contigs to reference...
	Running Nucmer
Parsing coords...
Loading reference...
	Loaded [NC_017451.1_Haemophilus_influenzae_R2866__complete_genome]
Loading SNPs...
Loading regions...
	No regions given, using whole reference.
	Total Regions: 1
	Total Region Length: 1932306
Analyzing contigs...
CONTIG: NODE_1_length_61020_cov_149.082642 (61146bp)
Top Length: 21700  Top ID: 96.08
		Skipping redundant alignment 466593 466670 | 38996 38919 | 78 78 | 100.0 | NC_017451.1_Haemophilus_influenzae_R2866__complete_genome NODE_1_length_61020_cov_149.082642
		Skipping redundant alignment 608526 608603 | 38996 38919 | 78 78 | 100.0 | NC_017451.1_Haemophilus_influenzae_R2866__complete_genome NODE_1_length_61020_cov_149.082642
		Skipping redundant alignment 1775857 1775999 | 60620 60765 | 143 146 | 96.58 | NC_017451.1_Haemophilus_influenzae_R2866__complete_genome NODE_1_length_61020_cov_149.082642
			Skipping redundant alignments after choosing the best set of alignments
		Skipping redundant alignment 1710080 1710617 | 60612 61146 | 538 535 | 95.37 | NC_017451.1_Haemophilus_influenzae_R2866__complete_genome NODE_1_length_61020_cov_149.082642
		This contig is misassembled. 12 total aligns.
			Excluding internal overlap of size 222 between Alignment 1 and 2:  769975 772641 | 10174 7508 | 2667 2667 --> 769975 772419 | 10174 7730 | 2445 2445
			Real Alignment 1: 772756 780414 | 7729 68 | 7659 7662 | 98.09 | NC_017451.1_Haemophilus_influenzae_R2866__complete_genome NODE_1_length_61020_cov_149.082642
			  Gap between these two alignments (local misassembly). Inconsistency = 336 
			Real Alignment 2: 769975 772419 | 10174 7730 | 2445 2445 | 96.36 | NC_017451.1_Haemophilus_influenzae_R2866__complete_genome NODE_1_length_61020_cov_149.082642
			  Overlap between these two alignments (local misassembly). Inconsistency = -141 
			Real Alignment 3: 767854 769977 | 12434 10313 | 2124 2122 | 95.34 | NC_017451.1_Haemophilus_influenzae_R2866__complete_genome NODE_1_length_61020_cov_149.082642
			  Overlap between these two alignments (local misassembly). Inconsistency = -128 
			Excluding internal overlap of size 2 between Alignment 4 and 5:  741392 746037 | 38919 34273 | 4646 4647 --> 741392 746035 | 38919 34275 | 4644 4645
			Real Alignment 4: 746199 767841 | 34274 12575 | 21643 21700 | 96.08 | NC_017451.1_Haemophilus_influenzae_R2866__complete_genome NODE_1_length_61020_cov_149.082642
			  Gap between these two alignments (local misassembly). Inconsistency = 163 
			Excluding internal overlap of size 1 between Alignment 5 and 6:  741392 746035 | 38919 34275 | 4644 4645 --> 741393 746035 | 38918 34275 | 4643 4644
			Real Alignment 5: 741393 746035 | 38918 34275 | 4643 4644 | 98.15 | NC_017451.1_Haemophilus_influenzae_R2866__complete_genome NODE_1_length_61020_cov_149.082642
			  Gap between these two alignments (local misassembly). Inconsistency = 100 
			Excluding internal overlap of size 1 between Alignment 6 and 7:  716130 723401 | 60460 53171 | 7272 7290 --> 716130 723400 | 60460 53172 | 7271 7289
			Real Alignment 6: 727042 741292 | 53171 38919 | 14251 14253 | 96.64 | NC_017451.1_Haemophilus_influenzae_R2866__complete_genome NODE_1_length_61020_cov_149.082642
			  Extensive misassembly ( relocation, inconsistency = 3641 ) between these two alignments
			Real Alignment 7: 716130 723400 | 60460 53172 | 7271 7289 | 96.05 | NC_017451.1_Haemophilus_influenzae_R2866__complete_genome NODE_1_length_61020_cov_149.082642
			  Extensive misassembly ( relocation, inconsistency = 353334 ) between these two alignments
			Real Alignment 8: 362108 362644 | 61146 60612 | 537 535 | 95.73 | NC_017451.1_Haemophilus_influenzae_R2866__complete_genome NODE_1_length_61020_cov_149.082642

CONTIG: NODE_2_length_27589_cov_169.095764 (27715bp)
Top Length: 27082  Top ID: 98.45
		Skipping redundant alignment 362511 362636 | 1 126 | 126 126 | 100.0 | NC_017451.1_Haemophilus_influenzae_R2866__complete_genome NODE_2_length_27589_cov_169.095764
		Skipping redundant alignment 483134 483259 | 1 126 | 126 126 | 100.0 | NC_017451.1_Haemophilus_influenzae_R2866__complete_genome NODE_2_length_27589_cov_169.095764
		Skipping redundant alignment 714841 714966 | 1 126 | 126 126 | 100.0 | NC_017451.1_Haemophilus_influenzae_R2866__complete_genome NODE_2_length_27589_cov_169.095764
		Skipping redundant alignment 1710088 1710213 | 126 1 | 126 126 | 100.0 | NC_017451.1_Haemophilus_influenzae_R2866__complete_genome NODE_2_length_27589_cov_169.095764
		Skipping redundant alignment 1900699 1900824 | 126 1 | 126 126 | 100.0 | NC_017451.1_Haemophilus_influenzae_R2866__complete_genome NODE_2_length_27589_cov_169.095764
		Skipping redundant alignment 453784 453868 | 297 381 | 85 85 | 100.0 | NC_017451.1_Haemophilus_influenzae_R2866__complete_genome NODE_2_length_27589_cov_169.095764
		Skipping redundant alignment 453888 453968 | 301 381 | 81 81 | 100.0 | NC_017451.1_Haemophilus_influenzae_R2866__complete_genome NODE_2_length_27589_cov_169.095764
		Skipping redundant alignment 477761 477840 | 11886 11965 | 80 80 | 100.0 | NC_017451.1_Haemophilus_influenzae_R2866__complete_genome NODE_2_length_27589_cov_169.095764
		Skipping redundant alignment 1781672 1781797 | 27715 27590 | 126 126 | 100.0 | NC_017451.1_Haemophilus_influenzae_R2866__complete_genome NODE_2_length_27589_cov_169.095764
		Skipping redundant alignment 356950 357074 | 27590 27715 | 125 126 | 97.62 | NC_017451.1_Haemophilus_influenzae_R2866__complete_genome NODE_2_length_27589_cov_169.095764
		Skipping redundant alignment 708983 709094 | 27603 27715 | 112 113 | 95.58 | NC_017451.1_Haemophilus_influenzae_R2866__complete_genome NODE_2_length_27589_cov_169.095764
		This contig is misassembled. 13 total aligns.
			Real Alignment 1: 1775373 1775982 | 607 1 | 610 607 | 96.07 | NC_017451.1_Haemophilus_influenzae_R2866__complete_genome NODE_2_length_27589_cov_169.095764
			  Extensive misassembly ( relocation, inconsistency = 32280 ) between these two alignments
			Real Alignment 2: 1715992 1743066 | 27715 634 | 27075 27082 | 98.45 | NC_017451.1_Haemophilus_influenzae_R2866__complete_genome NODE_2_length_27589_cov_169.095764

CONTIG: NODE_3_length_179628_cov_156.746414 (179754bp)
Top Length: 90591  Top ID: 97.2
		Skipping redundant alignment 1715960 1716104 | 1 144 | 145 144 | 97.24 | NC_017451.1_Haemophilus_influenzae_R2866__complete_genome NODE_3_length_179628_cov_156.746414
		Skipping redundant alignment 1906331 1906473 | 1 141 | 143 141 | 97.2 | NC_017451.1_Haemophilus_influenzae_R2866__complete_genome NODE_3_length_179628_cov_156.746414
		Skipping redundant alignment 243984 244082 | 55005 55103 | 99 99 | 98.99 | NC_017451.1_Haemophilus_influenzae_R2866__complete_genome NODE_3_length_179628_cov_156.746414
		Skipping redundant alignment 466591 466672 | 98101 98020 | 82 82 | 100.0 | NC_017451.1_Haemophilus_influenzae_R2866__complete_genome NODE_3_length_179628_cov_156.746414
		Skipping redundant alignment 741215 741292 | 98099 98022 | 78 78 | 100.0 | NC_017451.1_Haemophilus_influenzae_R2866__complete_genome NODE_3_length_179628_cov_156.746414
		Skipping redundant alignment 466498 466590 | 98297 98205 | 93 93 | 98.92 | NC_017451.1_Haemophilus_influenzae_R2866__complete_genome NODE_3_length_179628_cov_156.746414
		Skipping redundant alignment 555214 555283 | 98297 98228 | 70 70 | 98.57 | NC_017451.1_Haemophilus_influenzae_R2866__complete_genome NODE_3_length_179628_cov_156.746414
		Skipping redundant alignment 608328 608397 | 143160 143091 | 70 70 | 98.57 | NC_017451.1_Haemophilus_influenzae_R2866__complete_genome NODE_3_length_179628_cov_156.746414
		Skipping redundant alignment 555093 555305 | 143281 143067 | 213 215 | 97.67 | NC_017451.1_Haemophilus_influenzae_R2866__complete_genome NODE_3_length_179628_cov_156.746414
		Skipping redundant alignment 466328 466567 | 143329 143091 | 240 239 | 96.67 | NC_017451.1_Haemophilus_influenzae_R2866__complete_genome NODE_3_length_179628_cov_156.746414
		Skipping redundant alignment 196207 196285 | 143205 143283 | 79 79 | 100.0 | NC_017451.1_Haemophilus_influenzae_R2866__complete_genome NODE_3_length_179628_cov_156.746414
		Skipping redundant alignment 1775857 1775990 | 179212 179345 | 134 134 | 97.01 | NC_017451.1_Haemophilus_influenzae_R2866__complete_genome NODE_3_length_179628_cov_156.746414
		This contig is misassembled. 25 total aligns.
			Real Alignment 1: 618437 709126 | 90591 1 | 90690 90591 | 97.2 | NC_017451.1_Haemophilus_influenzae_R2866__complete_genome NODE_3_length_179628_cov_156.746414
			  Extensive misassembly ( relocation, inconsistency = 2403 ) between these two alignments
			Real Alignment 2: 594750 615995 | 111875 90630 | 21246 21246 | 98.4 | NC_017451.1_Haemophilus_influenzae_R2866__complete_genome NODE_3_length_179628_cov_156.746414
			  Gap between these two alignments (local misassembly). Inconsistency = 404 
			Excluding internal overlap of size 1 between Alignment 3 and 4:  594150 594274 | 112072 111947 | 125 126 --> 594151 594274 | 112071 111947 | 124 125
			Real Alignment 3: 594151 594274 | 112071 111947 | 124 125 | 98.41 | NC_017451.1_Haemophilus_influenzae_R2866__complete_genome NODE_3_length_179628_cov_156.746414
			  Gap between these two alignments (local misassembly). Inconsistency = 408 
			Real Alignment 4: 575710 593742 | 130104 112072 | 18033 18033 | 98.12 | NC_017451.1_Haemophilus_influenzae_R2866__complete_genome NODE_3_length_179628_cov_156.746414
			  Extensive misassembly ( relocation, inconsistency = 4820 ) between these two alignments
			Excluding internal overlap of size 1 between Alignment 5 and 6:  570890 571950 | 136666 137726 | 1061 1061 --> 570891 571950 | 136667 137726 | 1060 1060
			Real Alignment 5: 564326 570888 | 136666 130106 | 6563 6561 | 99.18 | NC_017451.1_Haemophilus_influenzae_R2866__complete_genome NODE_3_length_179628_cov_156.746414
			  Extensive misassembly ( inversion ) between these two alignments
			Real Alignment 6: 570891 571950 | 136667 137726 | 1060 1060 | 99.81 | NC_017451.1_Haemophilus_influenzae_R2866__complete_genome NODE_3_length_179628_cov_156.746414
			  Overlap between these two alignments (local misassembly). Inconsistency = -135 
			Real Alignment 7: 571950 572616 | 137861 138527 | 667 667 | 99.55 | NC_017451.1_Haemophilus_influenzae_R2866__complete_genome NODE_3_length_179628_cov_156.746414
			  Extensive misassembly ( relocation, inconsistency = -59566 ) between these two alignments
			Real Alignment 8: 517623 523772 | 149233 143100 | 6150 6134 | 96.73 | NC_017451.1_Haemophilus_influenzae_R2866__complete_genome NODE_3_length_179628_cov_156.746414
			  Extensive misassembly ( relocation, inconsistency = 4033 ) between these two alignments
			Real Alignment 9: 498369 512171 | 164450 150652 | 13803 13799 | 98.35 | NC_017451.1_Haemophilus_influenzae_R2866__complete_genome NODE_3_length_179628_cov_156.746414
			  Overlap between these two alignments (local misassembly). Inconsistency = -3 
			Excluding internal overlap of size 6 between Alignment 10 and 11:  489649 489927 | 172807 172529 | 279 279 --> 489649 489921 | 172807 172535 | 273 273
			Real Alignment 10: 490280 497258 | 172534 165564 | 6979 6971 | 96.62 | NC_017451.1_Haemophilus_influenzae_R2866__complete_genome NODE_3_length_179628_cov_156.746414
			  Gap between these two alignments (local misassembly). Inconsistency = 358 
			Real Alignment 11: 489649 489921 | 172807 172535 | 273 273 | 98.57 | NC_017451.1_Haemophilus_influenzae_R2866__complete_genome NODE_3_length_179628_cov_156.746414
			  Gap between these two alignments (local misassembly). Inconsistency = 397 
			Real Alignment 12: 486623 489248 | 175443 172811 | 2626 2633 | 97.49 | NC_017451.1_Haemophilus_influenzae_R2866__complete_genome NODE_3_length_179628_cov_156.746414
			  Overlap between these two alignments (local misassembly). Inconsistency = -431 
			Real Alignment 13: 482699 486623 | 179754 175874 | 3925 3881 | 95.68 | NC_017451.1_Haemophilus_influenzae_R2866__complete_genome NODE_3_length_179628_cov_156.746414

CONTIG: NODE_4_length_5921_cov_282.400604 (6047bp)
		This contig is unaligned. (6047 bp)
		Unaligned bases: 6047  total: 6047

CONTIG: NODE_5_length_444826_cov_179.227036 (444952bp)
Top Length: 38798  Top ID: 97.36
		Skipping redundant alignment 1781688 1781829 | 1 142 | 142 142 | 100.0 | NC_017451.1_Haemophilus_influenzae_R2866__complete_genome NODE_5_length_444826_cov_179.227036
		Skipping redundant alignment 1716008 1716117 | 1 110 | 110 110 | 100.0 | NC_017451.1_Haemophilus_influenzae_R2866__complete_genome NODE_5_length_444826_cov_179.227036
		Skipping redundant alignment 277049 277605 | 79840 79285 | 557 556 | 98.92 | NC_017451.1_Haemophilus_influenzae_R2866__complete_genome NODE_5_length_444826_cov_179.227036
		Skipping redundant alignment 277049 277324 | 79560 79285 | 276 276 | 99.28 | NC_017451.1_Haemophilus_influenzae_R2866__complete_genome NODE_5_length_444826_cov_179.227036
		Skipping redundant alignment 653990 654105 | 107668 107783 | 116 116 | 97.44 | NC_017451.1_Haemophilus_influenzae_R2866__complete_genome NODE_5_length_444826_cov_179.227036
		Skipping redundant alignment 1095011 1095129 | 137981 137862 | 119 120 | 98.33 | NC_017451.1_Haemophilus_influenzae_R2866__complete_genome NODE_5_length_444826_cov_179.227036
		Skipping redundant alignment 1095050 1095159 | 137977 137868 | 110 110 | 100.0 | NC_017451.1_Haemophilus_influenzae_R2866__complete_genome NODE_5_length_444826_cov_179.227036
		Skipping redundant alignment 212025 219310 | 145178 137898 | 7286 7281 | 96.3 | NC_017451.1_Haemophilus_influenzae_R2866__complete_genome NODE_5_length_444826_cov_179.227036
		Skipping redundant alignment 466375 466453 | 159624 159702 | 79 79 | 100.0 | NC_017451.1_Haemophilus_influenzae_R2866__complete_genome NODE_5_length_444826_cov_179.227036
		Skipping redundant alignment 523589 523666 | 159624 159701 | 78 78 | 100.0 | NC_017451.1_Haemophilus_influenzae_R2866__complete_genome NODE_5_length_444826_cov_179.227036
		Skipping redundant alignment 555093 555169 | 159626 159702 | 77 77 | 100.0 | NC_017451.1_Haemophilus_influenzae_R2866__complete_genome NODE_5_length_444826_cov_179.227036
		Skipping redundant alignment 1095081 1095162 | 326616 326535 | 82 82 | 100.0 | NC_017451.1_Haemophilus_influenzae_R2866__complete_genome NODE_5_length_444826_cov_179.227036
		Skipping redundant alignment 219231 219311 | 326615 326535 | 81 81 | 100.0 | NC_017451.1_Haemophilus_influenzae_R2866__complete_genome NODE_5_length_444826_cov_179.227036
		Skipping redundant alignment 1095017 1095097 | 326616 326536 | 81 81 | 100.0 | NC_017451.1_Haemophilus_influenzae_R2866__complete_genome NODE_5_length_444826_cov_179.227036
		Skipping redundant alignment 1095015 1095093 | 326614 326536 | 79 79 | 100.0 | NC_017451.1_Haemophilus_influenzae_R2866__complete_genome NODE_5_length_444826_cov_179.227036
		Skipping redundant alignment 219234 219310 | 326616 326540 | 77 77 | 100.0 | NC_017451.1_Haemophilus_influenzae_R2866__complete_genome NODE_5_length_444826_cov_179.227036
		Skipping redundant alignment 1889176 1890493 | 354314 355631 | 1318 1318 | 96.74 | NC_017451.1_Haemophilus_influenzae_R2866__complete_genome NODE_5_length_444826_cov_179.227036
		Skipping redundant alignment 1823651 1824191 | 381985 381445 | 541 541 | 98.34 | NC_017451.1_Haemophilus_influenzae_R2866__complete_genome NODE_5_length_444826_cov_179.227036
		Skipping redundant alignment 1852746 1852894 | 435175 435027 | 149 149 | 97.99 | NC_017451.1_Haemophilus_influenzae_R2866__complete_genome NODE_5_length_444826_cov_179.227036
		Skipping redundant alignment 1852734 1852856 | 435203 435081 | 123 123 | 98.37 | NC_017451.1_Haemophilus_influenzae_R2866__complete_genome NODE_5_length_444826_cov_179.227036
		Skipping redundant alignment 356918 357058 | 444811 444952 | 141 142 | 97.18 | NC_017451.1_Haemophilus_influenzae_R2866__complete_genome NODE_5_length_444826_cov_179.227036
		Skipping redundant alignment 1716008 1716117 | 444952 444843 | 110 110 | 100.0 | NC_017451.1_Haemophilus_influenzae_R2866__complete_genome NODE_5_length_444826_cov_179.227036
		This contig is misassembled. 50 total aligns.
			Real Alignment 1: 343773 357058 | 13288 1 | 13286 13288 | 96.72 | NC_017451.1_Haemophilus_influenzae_R2866__complete_genome NODE_5_length_444826_cov_179.227036
			  Overlap between these two alignments (local misassembly). Inconsistency = -46 
			Real Alignment 2: 327508 343687 | 29571 13420 | 16180 16152 | 95.98 | NC_017451.1_Haemophilus_influenzae_R2866__complete_genome NODE_5_length_444826_cov_179.227036
			  Gap between these two alignments (local misassembly). Inconsistency = 53 
			Real Alignment 3: 317459 326599 | 39573 30427 | 9141 9147 | 96.62 | NC_017451.1_Haemophilus_influenzae_R2866__complete_genome NODE_5_length_444826_cov_179.227036
			  Overlap between these two alignments (local misassembly). Inconsistency = -139 
			Excluding internal overlap of size 515 between Alignment 4 and 5:  264508 277886 | 92893 79566 | 13379 13328 --> 264508 277371 | 92893 80081 | 12864 12813
			Real Alignment 4: 277100 300772 | 80080 56399 | 23673 23682 | 96.57 | NC_017451.1_Haemophilus_influenzae_R2866__complete_genome NODE_5_length_444826_cov_179.227036
			  Overlap between these two alignments (local misassembly). Inconsistency = -272 
			Excluding internal overlap of size 17 between Alignment 5 and 6:  252158 258728 | 99446 92877 | 6571 6570 --> 252158 258711 | 99446 92894 | 6554 6553
			Real Alignment 5: 264508 277371 | 92893 80081 | 12864 12813 | 95.84 | NC_017451.1_Haemophilus_influenzae_R2866__complete_genome NODE_5_length_444826_cov_179.227036
			  Extensive misassembly ( relocation, inconsistency = 5796 ) between these two alignments
			Real Alignment 6: 252158 258711 | 99446 92894 | 6554 6553 | 96.32 | NC_017451.1_Haemophilus_influenzae_R2866__complete_genome NODE_5_length_444826_cov_179.227036
			  Overlap between these two alignments (local misassembly). Inconsistency = -151 
			Real Alignment 7: 238301 252066 | 113450 99689 | 13766 13762 | 97.21 | NC_017451.1_Haemophilus_influenzae_R2866__complete_genome NODE_5_length_444826_cov_179.227036
			  Extensive misassembly ( relocation, inconsistency = -5420 ) between these two alignments
			Real Alignment 8: 212025 238304 | 145178 118867 | 26280 26312 | 96.95 | NC_017451.1_Haemophilus_influenzae_R2866__complete_genome NODE_5_length_444826_cov_179.227036
			  Extensive misassembly ( relocation, inconsistency = 1292 ) between these two alignments
			Excluding internal overlap of size 8 between Alignment 9 and 10:  161081 171181 | 194113 184023 | 10101 10091 --> 161081 171173 | 194113 184031 | 10093 10083
			Real Alignment 9: 171936 210537 | 184030 145374 | 38602 38657 | 96.27 | NC_017451.1_Haemophilus_influenzae_R2866__complete_genome NODE_5_length_444826_cov_179.227036
			  Gap between these two alignments (local misassembly). Inconsistency = 762 
			Real Alignment 10: 161081 171173 | 194113 184031 | 10093 10083 | 96.91 | NC_017451.1_Haemophilus_influenzae_R2866__complete_genome NODE_5_length_444826_cov_179.227036
			  Overlap between these two alignments (local misassembly). Inconsistency = -54 
			Excluding internal overlap of size 18 between Alignment 11 and 12:  90738 119677 | 262162 233223 | 28940 28940 --> 90738 119659 | 262162 233241 | 28922 28922
			Real Alignment 11: 122006 160805 | 233240 194443 | 38800 38798 | 97.36 | NC_017451.1_Haemophilus_influenzae_R2866__complete_genome NODE_5_length_444826_cov_179.227036
			  Extensive misassembly ( relocation, inconsistency = 2346 ) between these two alignments
			Real Alignment 12: 90738 119659 | 262162 233241 | 28922 28922 | 97.94 | NC_017451.1_Haemophilus_influenzae_R2866__complete_genome NODE_5_length_444826_cov_179.227036
			  Gap between these two alignments (local misassembly). Inconsistency = 15 
			Real Alignment 13: 64596 90282 | 288264 262603 | 25687 25662 | 97.16 | NC_017451.1_Haemophilus_influenzae_R2866__complete_genome NODE_5_length_444826_cov_179.227036
			  Gap between these two alignments (local misassembly). Inconsistency = 106 
			Real Alignment 14: 48707 64431 | 304036 288323 | 15725 15714 | 97.8 | NC_017451.1_Haemophilus_influenzae_R2866__complete_genome NODE_5_length_444826_cov_179.227036
			  Gap between these two alignments (local misassembly). Inconsistency = 4 
			Real Alignment 15: 39657 48565 | 313082 304174 | 8909 8909 | 98.9 | NC_017451.1_Haemophilus_influenzae_R2866__complete_genome NODE_5_length_444826_cov_179.227036
			  Extensive misassembly ( relocation, inconsistency = -3500 ) between these two alignments
			Real Alignment 16: 33299 37367 | 322942 318872 | 4069 4071 | 98.58 | NC_017451.1_Haemophilus_influenzae_R2866__complete_genome NODE_5_length_444826_cov_179.227036
			  Extensive misassembly ( relocation, inconsistency = -1910 ) between these two alignments
			Real Alignment 17: 19000 33251 | 339198 324900 | 14252 14299 | 95.86 | NC_017451.1_Haemophilus_influenzae_R2866__complete_genome NODE_5_length_444826_cov_179.227036
			  Extensive misassembly ( relocation, inconsistency = -2754 ) between these two alignments
			Real Alignment 18: 1 18998 | 360953 341954 | 18998 19000 | 96.78 | NC_017451.1_Haemophilus_influenzae_R2866__complete_genome NODE_5_length_444826_cov_179.227036
			  Extensive misassembly ( relocation, inconsistency = -1925460 ) between these two alignments
			Real Alignment 19: 1918305 1923750 | 368108 362664 | 5446 5445 | 96.38 | NC_017451.1_Haemophilus_influenzae_R2866__complete_genome NODE_5_length_444826_cov_179.227036
			  Extensive misassembly ( relocation, inconsistency = 62075 ) between these two alignments
			Real Alignment 20: 1842150 1852745 | 382113 371593 | 10596 10521 | 96.4 | NC_017451.1_Haemophilus_influenzae_R2866__complete_genome NODE_5_length_444826_cov_179.227036
			  Extensive misassembly ( relocation, inconsistency = 1394 ) between these two alignments
			Real Alignment 21: 1827916 1833969 | 394957 388900 | 6054 6058 | 95.73 | NC_017451.1_Haemophilus_influenzae_R2866__complete_genome NODE_5_length_444826_cov_179.227036
			  Extensive misassembly ( relocation, inconsistency = -1318 ) between these two alignments
			Excluding internal overlap of size 500 between Alignment 22 and 23:  1823651 1827880 | 400569 396311 | 4230 4259 --> 1824151 1827880 | 400069 396311 | 3730 3759
			Real Alignment 22: 1824151 1827880 | 400069 396311 | 3730 3759 | 96.96 | NC_017451.1_Haemophilus_influenzae_R2866__complete_genome NODE_5_length_444826_cov_179.227036
			  Extensive misassembly ( relocation, inconsistency = -18626 ) between these two alignments
			Excluding internal overlap of size 9 between Alignment 23 and 24:  1833854 1835754 | 408606 406703 | 1901 1904 --> 1833854 1835745 | 408606 406712 | 1892 1895
			Real Alignment 23: 1836136 1842776 | 406711 400070 | 6641 6642 | 97.56 | NC_017451.1_Haemophilus_influenzae_R2866__complete_genome NODE_5_length_444826_cov_179.227036
			  Gap between these two alignments (local misassembly). Inconsistency = 390 
			Real Alignment 24: 1833854 1835745 | 408606 406712 | 1892 1895 | 97.79 | NC_017451.1_Haemophilus_influenzae_R2866__complete_genome NODE_5_length_444826_cov_179.227036
			  Extensive misassembly ( relocation, inconsistency = 6869 ) between these two alignments
			Real Alignment 25: 1826749 1826984 | 408842 408607 | 236 236 | 95.34 | NC_017451.1_Haemophilus_influenzae_R2866__complete_genome NODE_5_length_444826_cov_179.227036
			  Extensive misassembly ( relocation, inconsistency = 8245 ) between these two alignments
			Real Alignment 26: 1804786 1809174 | 422560 418172 | 4389 4389 | 97.36 | NC_017451.1_Haemophilus_influenzae_R2866__complete_genome NODE_5_length_444826_cov_179.227036
			  Extensive misassembly ( relocation, inconsistency = 1422 ) between these two alignments
			Real Alignment 27: 1794687 1798989 | 431237 426935 | 4303 4303 | 97.42 | NC_017451.1_Haemophilus_influenzae_R2866__complete_genome NODE_5_length_444826_cov_179.227036
			  Overlap between these two alignments (local misassembly). Inconsistency = -711 
			Real Alignment 28: 1781688 1792686 | 444952 433949 | 10999 11004 | 98.25 | NC_017451.1_Haemophilus_influenzae_R2866__complete_genome NODE_5_length_444826_cov_179.227036

CONTIG: NODE_6_length_842_cov_765.074829 (968bp)
Top Length: 968  Top ID: 99.07
		This contig has 6 significant alignments. [An ambiguously mapped contig]
		Using only first of these alignment (option --ambiguity-usage is set to "one"):
		Alignment: 357874 358841 | 968 1 | 968 968 | 99.07 | NC_017451.1_Haemophilus_influenzae_R2866__complete_genome NODE_6_length_842_cov_765.074829
		Skipping alignment  478641 479608 | 968 1 | 968 968 | 99.07 | NC_017451.1_Haemophilus_influenzae_R2866__complete_genome NODE_6_length_842_cov_765.074829
		Skipping alignment  709894 710861 | 968 1 | 968 968 | 99.07 | NC_017451.1_Haemophilus_influenzae_R2866__complete_genome NODE_6_length_842_cov_765.074829
		Skipping alignment  1714225 1715192 | 1 968 | 968 968 | 99.07 | NC_017451.1_Haemophilus_influenzae_R2866__complete_genome NODE_6_length_842_cov_765.074829
		Skipping alignment  1779905 1780872 | 1 968 | 968 968 | 99.07 | NC_017451.1_Haemophilus_influenzae_R2866__complete_genome NODE_6_length_842_cov_765.074829
		Skipping alignment  1904596 1905563 | 1 968 | 968 968 | 99.07 | NC_017451.1_Haemophilus_influenzae_R2866__complete_genome NODE_6_length_842_cov_765.074829

CONTIG: NODE_7_length_666_cov_698.303284 (792bp)
Top Length: 792  Top ID: 99.37
		This contig has 6 significant alignments. [An ambiguously mapped contig]
		Using only first of these alignment (option --ambiguity-usage is set to "one"):
		Alignment: 477975 478766 | 1 792 | 792 792 | 99.37 | NC_017451.1_Haemophilus_influenzae_R2866__complete_genome NODE_7_length_666_cov_698.303284
		Skipping alignment  1715067 1715858 | 792 1 | 792 792 | 99.37 | NC_017451.1_Haemophilus_influenzae_R2866__complete_genome NODE_7_length_666_cov_698.303284
		Skipping alignment  357208 357999 | 1 792 | 792 792 | 99.24 | NC_017451.1_Haemophilus_influenzae_R2866__complete_genome NODE_7_length_666_cov_698.303284
		Skipping alignment  709228 710019 | 1 792 | 792 792 | 99.24 | NC_017451.1_Haemophilus_influenzae_R2866__complete_genome NODE_7_length_666_cov_698.303284
		Skipping alignment  1780747 1781538 | 792 1 | 792 792 | 99.24 | NC_017451.1_Haemophilus_influenzae_R2866__complete_genome NODE_7_length_666_cov_698.303284
		Skipping alignment  1905438 1906229 | 792 1 | 792 792 | 99.24 | NC_017451.1_Haemophilus_influenzae_R2866__complete_genome NODE_7_length_666_cov_698.303284

CONTIG: NODE_10_length_50905_cov_184.963623 (51031bp)
Top Length: 16305  Top ID: 98.6
		Skipping redundant alignment 483134 483293 | 1 160 | 160 160 | 95.62 | NC_017451.1_Haemophilus_influenzae_R2866__complete_genome NODE_10_length_50905_cov_184.963623
		Skipping redundant alignment 1900690 1900824 | 135 1 | 135 135 | 99.26 | NC_017451.1_Haemophilus_influenzae_R2866__complete_genome NODE_10_length_50905_cov_184.963623
		Skipping redundant alignment 1775857 1775982 | 126 1 | 126 126 | 97.62 | NC_017451.1_Haemophilus_influenzae_R2866__complete_genome NODE_10_length_50905_cov_184.963623
		Skipping redundant alignment 5322 6136 | 9351 10165 | 815 815 | 96.93 | NC_017451.1_Haemophilus_influenzae_R2866__complete_genome NODE_10_length_50905_cov_184.963623
		Skipping redundant alignment 1791455 1791564 | 42512 42403 | 110 110 | 100.0 | NC_017451.1_Haemophilus_influenzae_R2866__complete_genome NODE_10_length_50905_cov_184.963623
		Skipping redundant alignment 1715943 1716093 | 51031 50881 | 151 151 | 98.68 | NC_017451.1_Haemophilus_influenzae_R2866__complete_genome NODE_10_length_50905_cov_184.963623
		Skipping redundant alignment 1781623 1781773 | 51031 50881 | 151 151 | 98.68 | NC_017451.1_Haemophilus_influenzae_R2866__complete_genome NODE_10_length_50905_cov_184.963623
		Skipping redundant alignment 356981 357123 | 50889 51031 | 143 143 | 98.6 | NC_017451.1_Haemophilus_influenzae_R2866__complete_genome NODE_10_length_50905_cov_184.963623
			Skipping redundant alignments after choosing the best set of alignments
		Skipping redundant alignment 362511 362681 | 1 171 | 171 171 | 100.0 | NC_017451.1_Haemophilus_influenzae_R2866__complete_genome NODE_10_length_50905_cov_184.963623
		Skipping redundant alignment 714841 715011 | 1 171 | 171 171 | 99.42 | NC_017451.1_Haemophilus_influenzae_R2866__complete_genome NODE_10_length_50905_cov_184.963623
		Skipping redundant alignment 1852746 1866802 | 42497 28415 | 14057 14083 | 96.57 | NC_017451.1_Haemophilus_influenzae_R2866__complete_genome NODE_10_length_50905_cov_184.963623
		This contig is misassembled. 17 total aligns.
			Real Alignment 1: 1710043 1710213 | 171 1 | 171 171 | 98.84 | NC_017451.1_Haemophilus_influenzae_R2866__complete_genome NODE_10_length_50905_cov_184.963623
			  Extensive misassembly ( relocation, inconsistency = -189591 ) between these two alignments
			Real Alignment 2: 1889679 1899633 | 10165 172 | 9955 9994 | 96.79 | NC_017451.1_Haemophilus_influenzae_R2866__complete_genome NODE_10_length_50905_cov_184.963623
			  Fake misassembly between these two alignments: inconsistency = -2 , gap in the contig is small or absent or filled mostly with Ns (short indel: insertion of length 2; 0 mismatches)
			Real Alignment 3: 1873082 1889388 | 26762 10458 | 16307 16305 | 98.6 | NC_017451.1_Haemophilus_influenzae_R2866__complete_genome NODE_10_length_50905_cov_184.963623
			  Extensive misassembly ( relocation, inconsistency = 4627 ) between these two alignments
			Real Alignment 4: 1852747 1866802 | 42512 28415 | 14056 14098 | 96.46 | NC_017451.1_Haemophilus_influenzae_R2866__complete_genome NODE_10_length_50905_cov_184.963623
			  Fake misassembly between these two alignments: inconsistency = -43 , gap in the contig is small or absent or filled mostly with Ns (long indel: insertion of length 43; 0 mismatches)
			Real Alignment 5: 1852436 1852690 | 42866 42612 | 255 255 | 95.72 | NC_017451.1_Haemophilus_influenzae_R2866__complete_genome NODE_10_length_50905_cov_184.963623
			  Extensive misassembly ( relocation, inconsistency = -62043 ) between these two alignments
			Real Alignment 6: 1906314 1911721 | 51031 45624 | 5408 5408 | 98.74 | NC_017451.1_Haemophilus_influenzae_R2866__complete_genome NODE_10_length_50905_cov_184.963623

CONTIG: NODE_11_length_1086_cov_655.151917 (1212bp)
Top Length: 1206  Top ID: 99.59
		This contig has 6 significant alignments. [An ambiguously mapped contig]
		Using only first of these alignment (option --ambiguity-usage is set to "one"):
		Alignment: 1710717 1711922 | 7 1212 | 1206 1206 | 99.59 | NC_017451.1_Haemophilus_influenzae_R2866__complete_genome NODE_11_length_1086_cov_655.151917
		Skipping alignment  360803 362008 | 1212 7 | 1206 1206 | 99.5 | NC_017451.1_Haemophilus_influenzae_R2866__complete_genome NODE_11_length_1086_cov_655.151917
		Skipping alignment  713164 714369 | 1212 7 | 1206 1206 | 99.5 | NC_017451.1_Haemophilus_influenzae_R2866__complete_genome NODE_11_length_1086_cov_655.151917
		Skipping alignment  481458 482669 | 1212 1 | 1212 1212 | 98.6 | NC_017451.1_Haemophilus_influenzae_R2866__complete_genome NODE_11_length_1086_cov_655.151917
		Skipping alignment  1776391 1777602 | 1 1212 | 1212 1212 | 98.27 | NC_017451.1_Haemophilus_influenzae_R2866__complete_genome NODE_11_length_1086_cov_655.151917
		Skipping alignment  1901322 1902533 | 1 1212 | 1212 1212 | 98.27 | NC_017451.1_Haemophilus_influenzae_R2866__complete_genome NODE_11_length_1086_cov_655.151917

CONTIG: NODE_12_length_87982_cov_144.570938 (88108bp)
Top Length: 20372  Top ID: 95.81
		Skipping redundant alignment 219231 219311 | 64144 64064 | 81 81 | 100.0 | NC_017451.1_Haemophilus_influenzae_R2866__complete_genome NODE_12_length_87982_cov_144.570938
		Skipping redundant alignment 219231 219310 | 64192 64113 | 80 80 | 100.0 | NC_017451.1_Haemophilus_influenzae_R2866__complete_genome NODE_12_length_87982_cov_144.570938
		Skipping redundant alignment 219227 219310 | 64199 64117 | 84 83 | 98.81 | NC_017451.1_Haemophilus_influenzae_R2866__complete_genome NODE_12_length_87982_cov_144.570938
		This contig is misassembled. 12 total aligns.
			Real Alignment 1: 1143593 1151659 | 11542 3495 | 8067 8048 | 95.65 | NC_017451.1_Haemophilus_influenzae_R2866__complete_genome NODE_12_length_87982_cov_144.570938
			  Extensive misassembly ( relocation, inconsistency = -2634 ) between these two alignments
			Excluding internal overlap of size 4 between Alignment 2 and 3:  1772738 1773219 | 33798 33317 | 482 482 --> 1772738 1773215 | 33798 33321 | 478 478
			Real Alignment 2: 1124420 1143638 | 33320 14131 | 19219 19190 | 97.29 | NC_017451.1_Haemophilus_influenzae_R2866__complete_genome NODE_12_length_87982_cov_144.570938
			  Extensive misassembly ( relocation, inconsistency = -648796 ) between these two alignments
			Excluding internal overlap of size 1 between Alignment 3 and 4:  1772738 1773215 | 33798 33321 | 478 478 --> 1772739 1773215 | 33797 33321 | 477 477
			Real Alignment 3: 1772739 1773215 | 33797 33321 | 477 477 | 98.13 | NC_017451.1_Haemophilus_influenzae_R2866__complete_genome NODE_12_length_87982_cov_144.570938
			  Extensive misassembly ( relocation, inconsistency = 649242 ) between these two alignments
			Real Alignment 4: 1122768 1123496 | 34526 33798 | 729 729 | 97.39 | NC_017451.1_Haemophilus_influenzae_R2866__complete_genome NODE_12_length_87982_cov_144.570938
			  Overlap between these two alignments (local misassembly). Inconsistency = -833 
			Real Alignment 5: 1121834 1122436 | 36293 35691 | 603 603 | 98.01 | NC_017451.1_Haemophilus_influenzae_R2866__complete_genome NODE_12_length_87982_cov_144.570938
			  Extensive misassembly ( relocation, inconsistency = -1095 ) between these two alignments
			Real Alignment 6: 1098242 1118609 | 60984 40613 | 20368 20372 | 95.81 | NC_017451.1_Haemophilus_influenzae_R2866__complete_genome NODE_12_length_87982_cov_144.570938
			  Gap between these two alignments (local misassembly). Inconsistency = 0 
			Real Alignment 7: 1082136 1097926 | 77071 61300 | 15791 15772 | 96.79 | NC_017451.1_Haemophilus_influenzae_R2866__complete_genome NODE_12_length_87982_cov_144.570938
			  Extensive misassembly ( relocation, inconsistency = -162177 ) between these two alignments
			Real Alignment 8: 942077 942416 | 83399 83736 | 340 338 | 98.53 | NC_017451.1_Haemophilus_influenzae_R2866__complete_genome NODE_12_length_87982_cov_144.570938
			  Gap between these two alignments (local misassembly). Inconsistency = 482 
			Real Alignment 9: 947145 947270 | 87983 88108 | 126 126 | 99.21 | NC_017451.1_Haemophilus_influenzae_R2866__complete_genome NODE_12_length_87982_cov_144.570938

CONTIG: NODE_20_length_483_cov_386.440979 (609bp)
Top Length: 609  Top ID: 97.21
		Marking as insignificant: 1904205 1904414 | 609 399 | 210 211 | 95.28 | NC_017451.1_Haemophilus_influenzae_R2866__complete_genome NODE_20_length_483_cov_386.440979
		Marking as insignificant: 479790 479999 | 399 609 | 210 211 | 95.28 | NC_017451.1_Haemophilus_influenzae_R2866__complete_genome NODE_20_length_483_cov_386.440979
		Marking as insignificant: 359023 359231 | 399 609 | 209 211 | 97.16 | NC_017451.1_Haemophilus_influenzae_R2866__complete_genome NODE_20_length_483_cov_386.440979
		This contig has 3 significant alignments. [An ambiguously mapped contig]
		Using only first of these alignment (option --ambiguity-usage is set to "one"):
		Alignment: 710890 711492 | 1 609 | 603 609 | 97.21 | NC_017451.1_Haemophilus_influenzae_R2866__complete_genome NODE_20_length_483_cov_386.440979
		Skipping alignment  1713594 1714196 | 609 1 | 603 609 | 97.21 | NC_017451.1_Haemophilus_influenzae_R2866__complete_genome NODE_20_length_483_cov_386.440979
		Skipping alignment  1779274 1779876 | 609 1 | 603 609 | 97.21 | NC_017451.1_Haemophilus_influenzae_R2866__complete_genome NODE_20_length_483_cov_386.440979

CONTIG: NODE_23_length_1186_cov_265.353302 (1312bp)
Top Length: 1312  Top ID: 98.25
		One align captures most of this contig: 947145 948456 | 1 1312 | 1312 1312 | 98.25 | NC_017451.1_Haemophilus_influenzae_R2866__complete_genome NODE_23_length_1186_cov_265.353302

CONTIG: NODE_26_length_118173_cov_164.728897 (118299bp)
Top Length: 35062  Top ID: 97.71
		Skipping redundant alignment 714811 715036 | 214 444 | 226 231 | 96.97 | NC_017451.1_Haemophilus_influenzae_R2866__complete_genome NODE_26_length_118173_cov_164.728897
		Skipping redundant alignment 483102 483276 | 214 386 | 175 173 | 96.57 | NC_017451.1_Haemophilus_influenzae_R2866__complete_genome NODE_26_length_118173_cov_164.728897
		Skipping redundant alignment 1596272 1596341 | 19391 19460 | 70 70 | 100.0 | NC_017451.1_Haemophilus_influenzae_R2866__complete_genome NODE_26_length_118173_cov_164.728897
		Skipping redundant alignment 1775602 1775686 | 98248 98164 | 85 85 | 100.0 | NC_017451.1_Haemophilus_influenzae_R2866__complete_genome NODE_26_length_118173_cov_164.728897
		Skipping redundant alignment 1775601 1775682 | 98349 98268 | 82 82 | 100.0 | NC_017451.1_Haemophilus_influenzae_R2866__complete_genome NODE_26_length_118173_cov_164.728897
		Skipping redundant alignment 523543 523772 | 106333 106562 | 230 230 | 95.67 | NC_017451.1_Haemophilus_influenzae_R2866__complete_genome NODE_26_length_118173_cov_164.728897
		Skipping redundant alignment 196207 196285 | 106457 106379 | 79 79 | 100.0 | NC_017451.1_Haemophilus_influenzae_R2866__complete_genome NODE_26_length_118173_cov_164.728897
		Skipping redundant alignment 555093 555283 | 106381 106571 | 191 191 | 99.48 | NC_017451.1_Haemophilus_influenzae_R2866__complete_genome NODE_26_length_118173_cov_164.728897
		Skipping redundant alignment 608328 608420 | 106502 106594 | 93 93 | 98.92 | NC_017451.1_Haemophilus_influenzae_R2866__complete_genome NODE_26_length_118173_cov_164.728897
		Skipping redundant alignment 608524 608605 | 106595 106676 | 82 82 | 100.0 | NC_017451.1_Haemophilus_influenzae_R2866__complete_genome NODE_26_length_118173_cov_164.728897
		Skipping redundant alignment 741215 741292 | 106597 106674 | 78 78 | 100.0 | NC_017451.1_Haemophilus_influenzae_R2866__complete_genome NODE_26_length_118173_cov_164.728897
		Skipping redundant alignment 1731740 1731819 | 117375 117296 | 80 80 | 100.0 | NC_017451.1_Haemophilus_influenzae_R2866__complete_genome NODE_26_length_118173_cov_164.728897
		Skipping redundant alignment 357078 357999 | 117378 118299 | 922 922 | 99.67 | NC_017451.1_Haemophilus_influenzae_R2866__complete_genome NODE_26_length_118173_cov_164.728897
		Skipping redundant alignment 709098 710019 | 117378 118299 | 922 922 | 99.67 | NC_017451.1_Haemophilus_influenzae_R2866__complete_genome NODE_26_length_118173_cov_164.728897
		Skipping redundant alignment 1715067 1715988 | 118299 117378 | 922 922 | 99.67 | NC_017451.1_Haemophilus_influenzae_R2866__complete_genome NODE_26_length_118173_cov_164.728897
		Skipping redundant alignment 1780747 1781668 | 118299 117378 | 922 922 | 99.67 | NC_017451.1_Haemophilus_influenzae_R2866__complete_genome NODE_26_length_118173_cov_164.728897
		Skipping redundant alignment 1905438 1906359 | 118299 117378 | 922 922 | 99.67 | NC_017451.1_Haemophilus_influenzae_R2866__complete_genome NODE_26_length_118173_cov_164.728897
		This contig is misassembled. 26 total aligns.
			Real Alignment 1: 362411 369506 | 162 7286 | 7096 7125 | 97.75 | NC_017451.1_Haemophilus_influenzae_R2866__complete_genome NODE_26_length_118173_cov_164.728897
			  Extensive misassembly ( relocation, inconsistency = -1003 ) between these two alignments
			Real Alignment 2: 370674 371411 | 9457 10206 | 738 750 | 96.67 | NC_017451.1_Haemophilus_influenzae_R2866__complete_genome NODE_26_length_118173_cov_164.728897
			  Gap between these two alignments (local misassembly). Inconsistency = 60 
			Real Alignment 3: 371831 406921 | 10566 45627 | 35091 35062 | 97.71 | NC_017451.1_Haemophilus_influenzae_R2866__complete_genome NODE_26_length_118173_cov_164.728897
			  Extensive misassembly ( relocation, inconsistency = -5855 ) between these two alignments
			Real Alignment 4: 406930 426136 | 70696 51491 | 19207 19206 | 97.74 | NC_017451.1_Haemophilus_influenzae_R2866__complete_genome NODE_26_length_118173_cov_164.728897
			  Extensive misassembly ( inversion ) between these two alignments
			Real Alignment 5: 426184 447679 | 71407 92889 | 21496 21483 | 98.41 | NC_017451.1_Haemophilus_influenzae_R2866__complete_genome NODE_26_length_118173_cov_164.728897
			  Gap between these two alignments (local misassembly). Inconsistency = 830 
			Excluding internal overlap of size 11 between Alignment 6 and 7:  464058 467477 | 104064 107480 | 3420 3417 --> 464069 467477 | 104075 107480 | 3409 3406
			Real Alignment 6: 452402 459695 | 96782 104074 | 7294 7293 | 97.04 | NC_017451.1_Haemophilus_influenzae_R2866__complete_genome NODE_26_length_118173_cov_164.728897
			  Extensive misassembly ( relocation, inconsistency = 4373 ) between these two alignments
			Real Alignment 7: 464069 467477 | 104075 107480 | 3409 3406 | 97.66 | NC_017451.1_Haemophilus_influenzae_R2866__complete_genome NODE_26_length_118173_cov_164.728897
			  Gap between these two alignments (local misassembly). Inconsistency = 561 
			Real Alignment 8: 468235 469544 | 107677 108986 | 1310 1310 | 99.08 | NC_017451.1_Haemophilus_influenzae_R2866__complete_genome NODE_26_length_118173_cov_164.728897
			  Overlap between these two alignments (local misassembly). Inconsistency = -93 
			Real Alignment 9: 469547 478766 | 109082 118299 | 9220 9218 | 98.21 | NC_017451.1_Haemophilus_influenzae_R2866__complete_genome NODE_26_length_118173_cov_164.728897

CONTIG: NODE_28_length_2167_cov_134.466080 (2293bp)
		This contig is unaligned. (2293 bp)
		Unaligned bases: 2293  total: 8340

CONTIG: NODE_39_length_42854_cov_142.599518 (42980bp)
Top Length: 20179  Top ID: 97.67
		Skipping redundant alignment 905345 905604 | 40488 40229 | 260 260 | 99.23 | NC_017451.1_Haemophilus_influenzae_R2866__complete_genome NODE_39_length_42854_cov_142.599518
		This contig is misassembled. 7 total aligns.
			Real Alignment 1: 927086 947270 | 20179 1 | 20185 20179 | 97.67 | NC_017451.1_Haemophilus_influenzae_R2866__complete_genome NODE_39_length_42854_cov_142.599518
			  Extensive misassembly ( relocation, inconsistency = 2325 ) between these two alignments
			Real Alignment 2: 920664 921364 | 24282 23576 | 701 707 | 95.9 | NC_017451.1_Haemophilus_influenzae_R2866__complete_genome NODE_39_length_42854_cov_142.599518
			  Extensive misassembly ( relocation, inconsistency = -1309 ) between these two alignments
			Excluding internal overlap of size 662 between Alignment 3 and 4:  1080025 1080946 | 39566 40488 | 922 923 --> 1080687 1080946 | 40228 40488 | 260 261
			Real Alignment 3: 906030 920672 | 40227 25583 | 14643 14645 | 97.47 | NC_017451.1_Haemophilus_influenzae_R2866__complete_genome NODE_39_length_42854_cov_142.599518
			  Extensive misassembly ( relocation, inconsistency = 160014 ) between these two alignments
			Real Alignment 4: 1080687 1080946 | 40228 40488 | 260 261 | 96.42 | NC_017451.1_Haemophilus_influenzae_R2866__complete_genome NODE_39_length_42854_cov_142.599518
			  Extensive misassembly ( relocation, inconsistency = -181634 ) between these two alignments
			Real Alignment 5: 899366 901064 | 42239 40542 | 1699 1698 | 95.59 | NC_017451.1_Haemophilus_influenzae_R2866__complete_genome NODE_39_length_42854_cov_142.599518
			  Extensive misassembly ( relocation, inconsistency = -49706 ) between these two alignments
			Real Alignment 6: 948331 948456 | 42980 42855 | 126 126 | 99.21 | NC_017451.1_Haemophilus_influenzae_R2866__complete_genome NODE_39_length_42854_cov_142.599518

CONTIG: NODE_45_length_390_cov_744.241028 (516bp)
Top Length: 516  Top ID: 99.61
		This contig has 6 significant alignments. [An ambiguously mapped contig]
		Using only first of these alignment (option --ambiguity-usage is set to "one"):
		Alignment: 359918 360433 | 1 516 | 516 516 | 99.61 | NC_017451.1_Haemophilus_influenzae_R2866__complete_genome NODE_45_length_390_cov_744.241028
		Skipping alignment  480686 481201 | 1 516 | 516 516 | 99.61 | NC_017451.1_Haemophilus_influenzae_R2866__complete_genome NODE_45_length_390_cov_744.241028
		Skipping alignment  712279 712794 | 1 516 | 516 516 | 99.61 | NC_017451.1_Haemophilus_influenzae_R2866__complete_genome NODE_45_length_390_cov_744.241028
		Skipping alignment  1712292 1712807 | 516 1 | 516 516 | 99.61 | NC_017451.1_Haemophilus_influenzae_R2866__complete_genome NODE_45_length_390_cov_744.241028
		Skipping alignment  1777972 1778487 | 516 1 | 516 516 | 99.61 | NC_017451.1_Haemophilus_influenzae_R2866__complete_genome NODE_45_length_390_cov_744.241028
		Skipping alignment  1902903 1903418 | 516 1 | 516 516 | 99.61 | NC_017451.1_Haemophilus_influenzae_R2866__complete_genome NODE_45_length_390_cov_744.241028

CONTIG: NODE_47_length_398_cov_79.638191 (524bp)
Top Length: 524  Top ID: 96.76
		This contig has 3 significant alignments. [An ambiguously mapped contig]
		Using only first of these alignment (option --ambiguity-usage is set to "one"):
		Alignment: 710890 711406 | 524 1 | 517 524 | 96.76 | NC_017451.1_Haemophilus_influenzae_R2866__complete_genome NODE_47_length_398_cov_79.638191
		Skipping alignment  1713680 1714196 | 1 524 | 517 524 | 96.76 | NC_017451.1_Haemophilus_influenzae_R2866__complete_genome NODE_47_length_398_cov_79.638191
		Skipping alignment  1779360 1779876 | 1 524 | 517 524 | 96.76 | NC_017451.1_Haemophilus_influenzae_R2866__complete_genome NODE_47_length_398_cov_79.638191

CONTIG: NODE_49_length_250248_cov_144.423798 (250374bp)
Top Length: 50134  Top ID: 97.39
		Skipping redundant alignment 1203293 1203426 | 36439 36306 | 134 134 | 98.51 | NC_017451.1_Haemophilus_influenzae_R2866__complete_genome NODE_49_length_250248_cov_144.423798
		Skipping redundant alignment 1080687 1081123 | 126415 125975 | 437 441 | 96.83 | NC_017451.1_Haemophilus_influenzae_R2866__complete_genome NODE_49_length_250248_cov_144.423798
		Skipping redundant alignment 1791499 1791572 | 189232 189305 | 74 74 | 98.65 | NC_017451.1_Haemophilus_influenzae_R2866__complete_genome NODE_49_length_250248_cov_144.423798
		Skipping redundant alignment 1791455 1791520 | 189232 189297 | 66 66 | 100.0 | NC_017451.1_Haemophilus_influenzae_R2866__complete_genome NODE_49_length_250248_cov_144.423798
		Skipping redundant alignment 1852747 1852812 | 189232 189297 | 66 66 | 100.0 | NC_017451.1_Haemophilus_influenzae_R2866__complete_genome NODE_49_length_250248_cov_144.423798
		Skipping redundant alignment 1852791 1852856 | 189232 189297 | 66 66 | 100.0 | NC_017451.1_Haemophilus_influenzae_R2866__complete_genome NODE_49_length_250248_cov_144.423798
		Skipping redundant alignment 1671534 1671629 | 244957 245052 | 96 96 | 100.0 | NC_017451.1_Haemophilus_influenzae_R2866__complete_genome NODE_49_length_250248_cov_144.423798
		Skipping redundant alignment 121724 121801 | 244957 245034 | 78 78 | 100.0 | NC_017451.1_Haemophilus_influenzae_R2866__complete_genome NODE_49_length_250248_cov_144.423798
		Skipping redundant alignment 121721 121801 | 244958 245038 | 81 81 | 100.0 | NC_017451.1_Haemophilus_influenzae_R2866__complete_genome NODE_49_length_250248_cov_144.423798
		Skipping redundant alignment 121721 121801 | 244970 245050 | 81 81 | 100.0 | NC_017451.1_Haemophilus_influenzae_R2866__complete_genome NODE_49_length_250248_cov_144.423798
		This contig is misassembled. 27 total aligns.
			Real Alignment 1: 780418 812051 | 420 32051 | 31634 31632 | 97.78 | NC_017451.1_Haemophilus_influenzae_R2866__complete_genome NODE_49_length_250248_cov_144.423798
			  Gap between these two alignments (local misassembly). Inconsistency = 235 
			Real Alignment 2: 812295 816239 | 32060 35971 | 3945 3912 | 98.28 | NC_017451.1_Haemophilus_influenzae_R2866__complete_genome NODE_49_length_250248_cov_144.423798
			  Overlap between these two alignments (local misassembly). Inconsistency = -300 
			Real Alignment 3: 816238 866432 | 36270 86403 | 50195 50134 | 97.39 | NC_017451.1_Haemophilus_influenzae_R2866__complete_genome NODE_49_length_250248_cov_144.423798
			  Overlap between these two alignments (local misassembly). Inconsistency = -591 
			Real Alignment 4: 866423 871303 | 86985 91879 | 4881 4895 | 96.33 | NC_017451.1_Haemophilus_influenzae_R2866__complete_genome NODE_49_length_250248_cov_144.423798
			  Overlap between these two alignments (local misassembly). Inconsistency = -20 
			Real Alignment 5: 871563 891433 | 92159 112090 | 19871 19932 | 96.19 | NC_017451.1_Haemophilus_influenzae_R2866__complete_genome NODE_49_length_250248_cov_144.423798
			  Overlap between these two alignments (local misassembly). Inconsistency = -149 
			Excluding internal overlap of size 661 between Alignment 6 and 7:  893709 906690 | 114515 127501 | 12982 12987 --> 893709 906029 | 114515 126840 | 12321 12326
			Real Alignment 6: 893709 906029 | 114515 126840 | 12321 12326 | 96.79 | NC_017451.1_Haemophilus_influenzae_R2866__complete_genome NODE_49_length_250248_cov_144.423798
			  Extensive misassembly ( relocation, inconsistency = 155036 ) between these two alignments
			Real Alignment 7: 1061066 1080685 | 146450 126841 | 19620 19610 | 97.28 | NC_017451.1_Haemophilus_influenzae_R2866__complete_genome NODE_49_length_250248_cov_144.423798
			  Gap between these two alignments (local misassembly). Inconsistency = 52 
			Real Alignment 8: 1018116 1060911 | 189264 146553 | 42796 42712 | 96.66 | NC_017451.1_Haemophilus_influenzae_R2866__complete_genome NODE_49_length_250248_cov_144.423798
			  Overlap between these two alignments (local misassembly). Inconsistency = -663 
			Real Alignment 9: 1008682 1017966 | 199368 190077 | 9285 9292 | 96.15 | NC_017451.1_Haemophilus_influenzae_R2866__complete_genome NODE_49_length_250248_cov_144.423798
			  Overlap between these two alignments (local misassembly). Inconsistency = -866 
			Real Alignment 10: 1008142 1008708 | 200774 200208 | 567 567 | 95.95 | NC_017451.1_Haemophilus_influenzae_R2866__complete_genome NODE_49_length_250248_cov_144.423798
			  Extensive misassembly ( relocation, inconsistency = -1501 ) between these two alignments
			Real Alignment 11: 1003835 1008006 | 206580 202411 | 4172 4170 | 97.08 | NC_017451.1_Haemophilus_influenzae_R2866__complete_genome NODE_49_length_250248_cov_144.423798
			  Extensive misassembly ( relocation, inconsistency = 11358 ) between these two alignments
			Real Alignment 12: 986376 987206 | 212679 211851 | 831 829 | 99.16 | NC_017451.1_Haemophilus_influenzae_R2866__complete_genome NODE_49_length_250248_cov_144.423798
			  Extensive misassembly ( relocation, inconsistency = 8053 ) between these two alignments
			Real Alignment 13: 997167 997269 | 214587 214689 | 103 103 | 97.09 | NC_017451.1_Haemophilus_influenzae_R2866__complete_genome NODE_49_length_250248_cov_144.423798
			  Extensive misassembly ( relocation, inconsistency = -21498 ) between these two alignments
			Real Alignment 14: 977179 982790 | 221705 216097 | 5612 5609 | 97.19 | NC_017451.1_Haemophilus_influenzae_R2866__complete_genome NODE_49_length_250248_cov_144.423798
			  Overlap between these two alignments (local misassembly). Inconsistency = -421 
			Real Alignment 15: 956706 977180 | 242598 222125 | 20475 20474 | 97.19 | NC_017451.1_Haemophilus_influenzae_R2866__complete_genome NODE_49_length_250248_cov_144.423798
			  Gap between these two alignments (local misassembly). Inconsistency = 689 
			Real Alignment 16: 953611 954945 | 245008 243670 | 1335 1339 | 95.89 | NC_017451.1_Haemophilus_influenzae_R2866__complete_genome NODE_49_length_250248_cov_144.423798
			  Overlap between these two alignments (local misassembly). Inconsistency = -126 
			Real Alignment 17: 948331 953576 | 250374 245169 | 5246 5206 | 96.8 | NC_017451.1_Haemophilus_influenzae_R2866__complete_genome NODE_49_length_250248_cov_144.423798

CONTIG: NODE_60_length_545845_cov_167.814865 (545971bp)
Top Length: 50369  Top ID: 97.19
		Skipping redundant alignment 360803 362716 | 1 1895 | 1914 1895 | 95.67 | NC_017451.1_Haemophilus_influenzae_R2866__complete_genome NODE_60_length_545845_cov_167.814865
		Skipping redundant alignment 1900690 1902533 | 1823 1 | 1844 1823 | 95.83 | NC_017451.1_Haemophilus_influenzae_R2866__complete_genome NODE_60_length_545845_cov_167.814865
		Skipping redundant alignment 481458 482954 | 1 1494 | 1497 1494 | 97.86 | NC_017451.1_Haemophilus_influenzae_R2866__complete_genome NODE_60_length_545845_cov_167.814865
		Skipping redundant alignment 713164 714660 | 1 1494 | 1497 1494 | 96.73 | NC_017451.1_Haemophilus_influenzae_R2866__complete_genome NODE_60_length_545845_cov_167.814865
		Skipping redundant alignment 1776109 1777602 | 1491 1 | 1494 1491 | 96.86 | NC_017451.1_Haemophilus_influenzae_R2866__complete_genome NODE_60_length_545845_cov_167.814865
		Skipping redundant alignment 714811 715038 | 1657 1886 | 228 230 | 97.83 | NC_017451.1_Haemophilus_influenzae_R2866__complete_genome NODE_60_length_545845_cov_167.814865
		Skipping redundant alignment 483102 483260 | 1657 1815 | 159 159 | 98.74 | NC_017451.1_Haemophilus_influenzae_R2866__complete_genome NODE_60_length_545845_cov_167.814865
		Skipping redundant alignment 1775857 1775990 | 1814 1681 | 134 134 | 97.01 | NC_017451.1_Haemophilus_influenzae_R2866__complete_genome NODE_60_length_545845_cov_167.814865
		Skipping redundant alignment 121721 121801 | 42316 42236 | 81 81 | 100.0 | NC_017451.1_Haemophilus_influenzae_R2866__complete_genome NODE_60_length_545845_cov_167.814865
		Skipping redundant alignment 121721 121801 | 42360 42280 | 81 81 | 100.0 | NC_017451.1_Haemophilus_influenzae_R2866__complete_genome NODE_60_length_545845_cov_167.814865
		Skipping redundant alignment 121724 121801 | 42361 42284 | 78 78 | 100.0 | NC_017451.1_Haemophilus_influenzae_R2866__complete_genome NODE_60_length_545845_cov_167.814865
		This contig is misassembled. 36 total aligns.
			Real Alignment 1: 1694886 1711922 | 17016 1 | 17037 17016 | 97.81 | NC_017451.1_Haemophilus_influenzae_R2866__complete_genome NODE_60_length_545845_cov_167.814865
			  Overlap between these two alignments (local misassembly). Inconsistency = -405 
			Real Alignment 2: 1685731 1694885 | 26575 17422 | 9155 9154 | 95.99 | NC_017451.1_Haemophilus_influenzae_R2866__complete_genome NODE_60_length_545845_cov_167.814865
			  Overlap between these two alignments (local misassembly). Inconsistency = -383 
			Real Alignment 3: 1684535 1685742 | 28154 26947 | 1208 1208 | 98.59 | NC_017451.1_Haemophilus_influenzae_R2866__complete_genome NODE_60_length_545845_cov_167.814865
			  Extensive misassembly ( relocation, inconsistency = -1184 ) between these two alignments
			Real Alignment 4: 1660798 1684464 | 53111 29409 | 23667 23703 | 97.75 | NC_017451.1_Haemophilus_influenzae_R2866__complete_genome NODE_60_length_545845_cov_167.814865
			  Gap between these two alignments (local misassembly). Inconsistency = 89 
			Real Alignment 5: 1656289 1658994 | 57516 54826 | 2706 2691 | 95.23 | NC_017451.1_Haemophilus_influenzae_R2866__complete_genome NODE_60_length_545845_cov_167.814865
			  Extensive misassembly ( relocation, inconsistency = -4379 ) between these two alignments
			Real Alignment 6: 1602287 1651084 | 115896 67100 | 48798 48797 | 98.29 | NC_017451.1_Haemophilus_influenzae_R2866__complete_genome NODE_60_length_545845_cov_167.814865
			  Overlap between these two alignments (local misassembly). Inconsistency = -3 
			Excluding internal overlap of size 1 between Alignment 7 and 8:  1576192 1586473 | 141768 131502 | 10282 10267 --> 1576192 1586472 | 141768 131503 | 10281 10266
			Real Alignment 7: 1586614 1597581 | 131502 120605 | 10968 10898 | 96.73 | NC_017451.1_Haemophilus_influenzae_R2866__complete_genome NODE_60_length_545845_cov_167.814865
			  Gap between these two alignments (local misassembly). Inconsistency = 141 
			Real Alignment 8: 1576192 1586472 | 141768 131503 | 10281 10266 | 96.09 | NC_017451.1_Haemophilus_influenzae_R2866__complete_genome NODE_60_length_545845_cov_167.814865
			  Extensive misassembly ( relocation, inconsistency = 8094 ) between these two alignments
			Real Alignment 9: 1539341 1568015 | 170538 141851 | 28675 28688 | 97.18 | NC_017451.1_Haemophilus_influenzae_R2866__complete_genome NODE_60_length_545845_cov_167.814865
			  Extensive misassembly ( relocation, inconsistency = -1045 ) between these two alignments
			Real Alignment 10: 1499398 1537874 | 211543 173050 | 38477 38494 | 96.95 | NC_017451.1_Haemophilus_influenzae_R2866__complete_genome NODE_60_length_545845_cov_167.814865
			  Extensive misassembly ( relocation, inconsistency = -3168 ) between these two alignments
			Real Alignment 11: 1487673 1499404 | 226439 214705 | 11732 11735 | 96.36 | NC_017451.1_Haemophilus_influenzae_R2866__complete_genome NODE_60_length_545845_cov_167.814865
			  Gap between these two alignments (local misassembly). Inconsistency = 4 
			Real Alignment 12: 1437179 1487553 | 276923 226555 | 50375 50369 | 97.19 | NC_017451.1_Haemophilus_influenzae_R2866__complete_genome NODE_60_length_545845_cov_167.814865
			  Gap between these two alignments (local misassembly). Inconsistency = 99 
			Real Alignment 13: 1433972 1437079 | 280043 276924 | 3108 3120 | 95.84 | NC_017451.1_Haemophilus_influenzae_R2866__complete_genome NODE_60_length_545845_cov_167.814865
			  Gap between these two alignments (local misassembly). Inconsistency = 814 
			Real Alignment 14: 1409174 1420771 | 304027 292430 | 11598 11598 | 97.8 | NC_017451.1_Haemophilus_influenzae_R2866__complete_genome NODE_60_length_545845_cov_167.814865
			  Extensive misassembly ( relocation, inconsistency = 7807 ) between these two alignments
			Real Alignment 15: 1389932 1401348 | 315490 304046 | 11417 11445 | 97.2 | NC_017451.1_Haemophilus_influenzae_R2866__complete_genome NODE_60_length_545845_cov_167.814865
			  Extensive misassembly ( relocation, inconsistency = 4241 ) between these two alignments
			Real Alignment 16: 1370100 1384039 | 331049 317142 | 13940 13908 | 96.95 | NC_017451.1_Haemophilus_influenzae_R2866__complete_genome NODE_60_length_545845_cov_167.814865
			  Overlap between these two alignments (local misassembly). Inconsistency = -132 
			Real Alignment 17: 1358108 1369409 | 343120 331872 | 11302 11249 | 96.64 | NC_017451.1_Haemophilus_influenzae_R2866__complete_genome NODE_60_length_545845_cov_167.814865
			  Overlap between these two alignments (local misassembly). Inconsistency = -144 
			Real Alignment 18: 1343863 1357220 | 357494 344152 | 13358 13343 | 97.07 | NC_017451.1_Haemophilus_influenzae_R2866__complete_genome NODE_60_length_545845_cov_167.814865
			  Gap between these two alignments (local misassembly). Inconsistency = 35 
			Real Alignment 19: 1298615 1343648 | 402707 357674 | 45034 45034 | 98.44 | NC_017451.1_Haemophilus_influenzae_R2866__complete_genome NODE_60_length_545845_cov_167.814865
			  Overlap between these two alignments (local misassembly). Inconsistency = -122 
			Real Alignment 20: 1271091 1298615 | 430353 402829 | 27525 27525 | 98.32 | NC_017451.1_Haemophilus_influenzae_R2866__complete_genome NODE_60_length_545845_cov_167.814865
			  Overlap between these two alignments (local misassembly). Inconsistency = -164 
			Real Alignment 21: 1249727 1271122 | 451903 430486 | 21396 21418 | 97.09 | NC_017451.1_Haemophilus_influenzae_R2866__complete_genome NODE_60_length_545845_cov_167.814865
			  Gap between these two alignments (local misassembly). Inconsistency = 7 
			Real Alignment 22: 1206603 1249621 | 495095 452002 | 43019 43094 | 96.29 | NC_017451.1_Haemophilus_influenzae_R2866__complete_genome NODE_60_length_545845_cov_167.814865
			  Gap between these two alignments (local misassembly). Inconsistency = 84 
			Excluding internal overlap of size 1 between Alignment 23 and 24:  1174553 1178465 | 526900 522988 | 3913 3913 --> 1174553 1178464 | 526900 522989 | 3912 3912
			Real Alignment 23: 1178572 1206420 | 522988 495194 | 27849 27795 | 96.85 | NC_017451.1_Haemophilus_influenzae_R2866__complete_genome NODE_60_length_545845_cov_167.814865
			  Gap between these two alignments (local misassembly). Inconsistency = 107 
			Real Alignment 24: 1174553 1178464 | 526900 522989 | 3912 3912 | 96.81 | NC_017451.1_Haemophilus_influenzae_R2866__complete_genome NODE_60_length_545845_cov_167.814865
			  Extensive misassembly ( relocation, inconsistency = 6211 ) between these two alignments
			Real Alignment 25: 1151694 1168231 | 543549 527011 | 16538 16539 | 97.63 | NC_017451.1_Haemophilus_influenzae_R2866__complete_genome NODE_60_length_545845_cov_167.814865

Analyzing coverage...
Writing SNPs into /data/projects/Assembly/Aroon/reports/GCF_000165525.1_ASM16552v1_genomic/contigs_reports/nucmer_output/M05964_contigs.used_snps
	Reference NC_017451.1_Haemophilus_influenzae_R2866__complete_genome: 130 total alignments. 1 total regions.
		Region: 1 to 1932306 (1932306 bp)
			Align 1: 1 18998 NODE_5_length_444826_cov_179.227036 360953 341954
				Gap between this and next alignment: 18998 to 19000 (1 bp)
				Next Alignment: 19000 33251 NODE_5_length_444826_cov_179.227036 339198 324900

			Align 2: 19000 33251 NODE_5_length_444826_cov_179.227036 339198 324900
				Gap between this and next alignment: 33251 to 33299 (47 bp)
				Next Alignment: 33299 37367 NODE_5_length_444826_cov_179.227036 322942 318872

			Align 3: 33299 37367 NODE_5_length_444826_cov_179.227036 322942 318872
				Gap between this and next alignment: 37367 to 39657 (2289 bp)
				Next Alignment: 39657 48565 NODE_5_length_444826_cov_179.227036 313082 304174

			Align 4: 39657 48565 NODE_5_length_444826_cov_179.227036 313082 304174
				Gap between this and next alignment: 48565 to 48707 (141 bp)
				Next Alignment: 48707 64431 NODE_5_length_444826_cov_179.227036 304036 288323

			Align 5: 48707 64431 NODE_5_length_444826_cov_179.227036 304036 288323
				Gap between this and next alignment: 64431 to 64596 (164 bp)
				Next Alignment: 64596 90282 NODE_5_length_444826_cov_179.227036 288264 262603

			Align 6: 64596 90282 NODE_5_length_444826_cov_179.227036 288264 262603
				Gap between this and next alignment: 90282 to 90738 (455 bp)
				Next Alignment: 90738 119659 NODE_5_length_444826_cov_179.227036 262162 233241

			Align 7: 90738 119659 NODE_5_length_444826_cov_179.227036 262162 233241
				Gap between this and next alignment: 119659 to 122006 (2346 bp)
				Next Alignment: 122006 160805 NODE_5_length_444826_cov_179.227036 233240 194443

			Align 8: 122006 160805 NODE_5_length_444826_cov_179.227036 233240 194443
				Gap between this and next alignment: 160805 to 161081 (275 bp)
				Next Alignment: 161081 171173 NODE_5_length_444826_cov_179.227036 194113 184031

			Align 9: 161081 171173 NODE_5_length_444826_cov_179.227036 194113 184031
				Gap between this and next alignment: 171173 to 171936 (762 bp)
				Next Alignment: 171936 210537 NODE_5_length_444826_cov_179.227036 184030 145374

			Align 10: 171936 210537 NODE_5_length_444826_cov_179.227036 184030 145374
				Gap between this and next alignment: 210537 to 212025 (1487 bp)
				Next Alignment: 212025 238304 NODE_5_length_444826_cov_179.227036 145178 118867

			Align 11: 212025 238304 NODE_5_length_444826_cov_179.227036 145178 118867
				Negative gap (overlap) between this and next alignment: 238304 to 238301 (-3 bp)
				Next Alignment: 238301 252066 NODE_5_length_444826_cov_179.227036 113450 99689

			Previous gap was negative, modifying coordinates to ignore overlap
				Moving contig start from 113450 to 113446.
			Align 12: 238305 252066 NODE_5_length_444826_cov_179.227036 113446 99689
				Gap between this and next alignment: 252066 to 252158 (91 bp)
				Next Alignment: 252158 258711 NODE_5_length_444826_cov_179.227036 99446 92894

			Align 13: 252158 258711 NODE_5_length_444826_cov_179.227036 99446 92894
				Gap between this and next alignment: 258711 to 264508 (5796 bp)
				Next Alignment: 264508 277371 NODE_5_length_444826_cov_179.227036 92893 80081

			Align 14: 264508 277371 NODE_5_length_444826_cov_179.227036 92893 80081
				Negative gap (overlap) between this and next alignment: 277371 to 277100 (-271 bp)
				Next Alignment: 277100 300772 NODE_5_length_444826_cov_179.227036 80080 56399

			Previous gap was negative, modifying coordinates to ignore overlap
				Moving contig start from 80080 to 79856.
			Align 15: 277372 300772 NODE_5_length_444826_cov_179.227036 79856 56399
				Gap between this and next alignment: 300772 to 317459 (16686 bp)
				Next Alignment: 317459 326599 NODE_5_length_444826_cov_179.227036 39573 30427

			Align 16: 317459 326599 NODE_5_length_444826_cov_179.227036 39573 30427
				Gap between this and next alignment: 326599 to 327508 (908 bp)
				Next Alignment: 327508 343687 NODE_5_length_444826_cov_179.227036 29571 13420

			Align 17: 327508 343687 NODE_5_length_444826_cov_179.227036 29571 13420
				Gap between this and next alignment: 343687 to 343773 (85 bp)
				Next Alignment: 343773 357058 NODE_5_length_444826_cov_179.227036 13288 1

			Align 18: 343773 357058 NODE_5_length_444826_cov_179.227036 13288 1
				Gap between this and next alignment: 357058 to 357874 (815 bp)
				Next Alignment: 357874 358841 NODE_6_length_842_cov_765.074829 968 1

			Align 19: 357874 358841 NODE_6_length_842_cov_765.074829 968 1
				Gap between this and next alignment: 358841 to 359918 (1076 bp)
				Next Alignment: 359918 360433 NODE_45_length_390_cov_744.241028 1 516

			Align 20: 359918 360433 NODE_45_length_390_cov_744.241028 1 516
				Gap between this and next alignment: 360433 to 362108 (1674 bp)
				Next Alignment: 362108 362644 NODE_1_length_61020_cov_149.082642 61146 60612

			Align 21: 362108 362644 NODE_1_length_61020_cov_149.082642 61146 60612
				Negative gap (overlap) between this and next alignment: 362644 to 362411 (-233 bp)
				Next Alignment: 362411 369506 NODE_26_length_118173_cov_164.728897 162 7286

			Previous gap was negative, modifying coordinates to ignore overlap
				Moving contig start from 162 to 378.
			Align 22: 362645 369506 NODE_26_length_118173_cov_164.728897 378 7286
				Gap between this and next alignment: 369506 to 370674 (1167 bp)
				Next Alignment: 370674 371411 NODE_26_length_118173_cov_164.728897 9457 10206

			Align 23: 370674 371411 NODE_26_length_118173_cov_164.728897 9457 10206
				Gap between this and next alignment: 371411 to 371831 (419 bp)
				Next Alignment: 371831 406921 NODE_26_length_118173_cov_164.728897 10566 45627

			Align 24: 371831 406921 NODE_26_length_118173_cov_164.728897 10566 45627
				Gap between this and next alignment: 406921 to 406930 (8 bp)
				Next Alignment: 406930 426136 NODE_26_length_118173_cov_164.728897 70696 51491

			Align 25: 406930 426136 NODE_26_length_118173_cov_164.728897 70696 51491
				Gap between this and next alignment: 426136 to 426184 (47 bp)
				Next Alignment: 426184 447679 NODE_26_length_118173_cov_164.728897 71407 92889

			Align 26: 426184 447679 NODE_26_length_118173_cov_164.728897 71407 92889
				Gap between this and next alignment: 447679 to 452402 (4722 bp)
				Next Alignment: 452402 459695 NODE_26_length_118173_cov_164.728897 96782 104074

			Align 27: 452402 459695 NODE_26_length_118173_cov_164.728897 96782 104074
				Gap between this and next alignment: 459695 to 464069 (4373 bp)
				Next Alignment: 464069 467477 NODE_26_length_118173_cov_164.728897 104075 107480

			Align 28: 464069 467477 NODE_26_length_118173_cov_164.728897 104075 107480
				Gap between this and next alignment: 467477 to 468235 (757 bp)
				Next Alignment: 468235 469544 NODE_26_length_118173_cov_164.728897 107677 108986

			Align 29: 468235 469544 NODE_26_length_118173_cov_164.728897 107677 108986
				Gap between this and next alignment: 469544 to 469547 (2 bp)
				Next Alignment: 469547 478766 NODE_26_length_118173_cov_164.728897 109082 118299

			Align 30: 469547 478766 NODE_26_length_118173_cov_164.728897 109082 118299
				The next alignment (477975 478766 NODE_7_length_666_cov_698.303284 1 792) is redundant. Skipping.
				Gap between this and next alignment: 478766 to 482699 (3932 bp)
				Next Alignment: 482699 486623 NODE_3_length_179628_cov_156.746414 179754 175874

			Align 32: 482699 486623 NODE_3_length_179628_cov_156.746414 179754 175874
				Negative gap (overlap) between this and next alignment: 486623 to 486623 (0 bp)
				Next Alignment: 486623 489248 NODE_3_length_179628_cov_156.746414 175443 172811

			Previous gap was negative, modifying coordinates to ignore overlap
				Moving contig start from 175443 to 175442.
			Align 33: 486624 489248 NODE_3_length_179628_cov_156.746414 175442 172811
				Gap between this and next alignment: 489248 to 489649 (400 bp)
				Next Alignment: 489649 489921 NODE_3_length_179628_cov_156.746414 172807 172535

			Align 34: 489649 489921 NODE_3_length_179628_cov_156.746414 172807 172535
				Gap between this and next alignment: 489921 to 490280 (358 bp)
				Next Alignment: 490280 497258 NODE_3_length_179628_cov_156.746414 172534 165564

			Align 35: 490280 497258 NODE_3_length_179628_cov_156.746414 172534 165564
				Gap between this and next alignment: 497258 to 498369 (1110 bp)
				Next Alignment: 498369 512171 NODE_3_length_179628_cov_156.746414 164450 150652

			Align 36: 498369 512171 NODE_3_length_179628_cov_156.746414 164450 150652
				Gap between this and next alignment: 512171 to 517623 (5451 bp)
				Next Alignment: 517623 523772 NODE_3_length_179628_cov_156.746414 149233 143100

			Align 37: 517623 523772 NODE_3_length_179628_cov_156.746414 149233 143100
				Gap between this and next alignment: 523772 to 564326 (40553 bp)
				Next Alignment: 564326 570888 NODE_3_length_179628_cov_156.746414 136666 130106

			Align 38: 564326 570888 NODE_3_length_179628_cov_156.746414 136666 130106
				Gap between this and next alignment: 570888 to 570891 (2 bp)
				Next Alignment: 570891 571950 NODE_3_length_179628_cov_156.746414 136667 137726

			Align 39: 570891 571950 NODE_3_length_179628_cov_156.746414 136667 137726
				Negative gap (overlap) between this and next alignment: 571950 to 571950 (0 bp)
				Next Alignment: 571950 572616 NODE_3_length_179628_cov_156.746414 137861 138527

			Previous gap was negative, modifying coordinates to ignore overlap
				Moving contig start from 137861 to 137862.
			Align 40: 571951 572616 NODE_3_length_179628_cov_156.746414 137862 138527
				Gap between this and next alignment: 572616 to 575710 (3093 bp)
				Next Alignment: 575710 593742 NODE_3_length_179628_cov_156.746414 130104 112072

			Align 41: 575710 593742 NODE_3_length_179628_cov_156.746414 130104 112072
				Gap between this and next alignment: 593742 to 594151 (408 bp)
				Next Alignment: 594151 594274 NODE_3_length_179628_cov_156.746414 112071 111947

			Align 42: 594151 594274 NODE_3_length_179628_cov_156.746414 112071 111947
				Gap between this and next alignment: 594274 to 594750 (475 bp)
				Next Alignment: 594750 615995 NODE_3_length_179628_cov_156.746414 111875 90630

			Align 43: 594750 615995 NODE_3_length_179628_cov_156.746414 111875 90630
				Gap between this and next alignment: 615995 to 618437 (2441 bp)
				Next Alignment: 618437 709126 NODE_3_length_179628_cov_156.746414 90591 1

			Align 44: 618437 709126 NODE_3_length_179628_cov_156.746414 90591 1
				Gap between this and next alignment: 709126 to 710890 (1763 bp)
				Next Alignment: 710890 711492 NODE_20_length_483_cov_386.440979 1 609

			Align 45: 710890 711492 NODE_20_length_483_cov_386.440979 1 609
				The next alignment (710890 711406 NODE_47_length_398_cov_79.638191 524 1) is redundant. Skipping.
				Gap between this and next alignment: 711492 to 716130 (4637 bp)
				Next Alignment: 716130 723400 NODE_1_length_61020_cov_149.082642 60460 53172

			Align 47: 716130 723400 NODE_1_length_61020_cov_149.082642 60460 53172
				Gap between this and next alignment: 723400 to 727042 (3641 bp)
				Next Alignment: 727042 741292 NODE_1_length_61020_cov_149.082642 53171 38919

			Align 48: 727042 741292 NODE_1_length_61020_cov_149.082642 53171 38919
				Gap between this and next alignment: 741292 to 741393 (100 bp)
				Next Alignment: 741393 746035 NODE_1_length_61020_cov_149.082642 38918 34275

			Align 49: 741393 746035 NODE_1_length_61020_cov_149.082642 38918 34275
				Gap between this and next alignment: 746035 to 746199 (163 bp)
				Next Alignment: 746199 767841 NODE_1_length_61020_cov_149.082642 34274 12575

			Align 50: 746199 767841 NODE_1_length_61020_cov_149.082642 34274 12575
				Gap between this and next alignment: 767841 to 767854 (12 bp)
				Next Alignment: 767854 769977 NODE_1_length_61020_cov_149.082642 12434 10313

			Align 51: 767854 769977 NODE_1_length_61020_cov_149.082642 12434 10313
				Negative gap (overlap) between this and next alignment: 769977 to 769975 (-2 bp)
				Next Alignment: 769975 772419 NODE_1_length_61020_cov_149.082642 10174 7730

			Previous gap was negative, modifying coordinates to ignore overlap
				Moving contig start from 10174 to 10171.
			Align 52: 769978 772419 NODE_1_length_61020_cov_149.082642 10171 7730
				Gap between this and next alignment: 772419 to 772756 (336 bp)
				Next Alignment: 772756 780414 NODE_1_length_61020_cov_149.082642 7729 68

			Align 53: 772756 780414 NODE_1_length_61020_cov_149.082642 7729 68
				Gap between this and next alignment: 780414 to 780418 (3 bp)
				Next Alignment: 780418 812051 NODE_49_length_250248_cov_144.423798 420 32051

			Align 54: 780418 812051 NODE_49_length_250248_cov_144.423798 420 32051
				Gap between this and next alignment: 812051 to 812295 (243 bp)
				Next Alignment: 812295 816239 NODE_49_length_250248_cov_144.423798 32060 35971

			Align 55: 812295 816239 NODE_49_length_250248_cov_144.423798 32060 35971
				Negative gap (overlap) between this and next alignment: 816239 to 816238 (-1 bp)
				Next Alignment: 816238 866432 NODE_49_length_250248_cov_144.423798 36270 86403

			Previous gap was negative, modifying coordinates to ignore overlap
				Moving contig start from 36270 to 36272.
			Align 56: 816240 866432 NODE_49_length_250248_cov_144.423798 36272 86403
				Negative gap (overlap) between this and next alignment: 866432 to 866423 (-9 bp)
				Next Alignment: 866423 871303 NODE_49_length_250248_cov_144.423798 86985 91879

			Previous gap was negative, modifying coordinates to ignore overlap
				Moving contig start from 86985 to 86995.
			Align 57: 866433 871303 NODE_49_length_250248_cov_144.423798 86995 91879
				Gap between this and next alignment: 871303 to 871563 (259 bp)
				Next Alignment: 871563 891433 NODE_49_length_250248_cov_144.423798 92159 112090

			Align 58: 871563 891433 NODE_49_length_250248_cov_144.423798 92159 112090
				Gap between this and next alignment: 891433 to 893709 (2275 bp)
				Next Alignment: 893709 906029 NODE_49_length_250248_cov_144.423798 114515 126840

			Align 59: 893709 906029 NODE_49_length_250248_cov_144.423798 114515 126840
				The next alignment (899366 901064 NODE_39_length_42854_cov_142.599518 42239 40542) is redundant. Skipping.
				Next Alignment: 906030 920672 NODE_39_length_42854_cov_142.599518 40227 25583

			Align 61: 906030 920672 NODE_39_length_42854_cov_142.599518 40227 25583
				Negative gap (overlap) between this and next alignment: 920672 to 920664 (-8 bp)
				Next Alignment: 920664 921364 NODE_39_length_42854_cov_142.599518 24282 23576

			Previous gap was negative, modifying coordinates to ignore overlap
				Moving contig start from 24282 to 24273.
			Align 62: 920673 921364 NODE_39_length_42854_cov_142.599518 24273 23576
				Gap between this and next alignment: 921364 to 927086 (5721 bp)
				Next Alignment: 927086 947270 NODE_39_length_42854_cov_142.599518 20179 1

			Align 63: 927086 947270 NODE_39_length_42854_cov_142.599518 20179 1
				The next alignment (942077 942416 NODE_12_length_87982_cov_144.570938 83399 83736) is redundant. Skipping.
				The next alignment (947145 947270 NODE_12_length_87982_cov_144.570938 87983 88108) is redundant. Skipping.
				Negative gap (overlap) between this and next alignment: 947270 to 947145 (-125 bp)
				Next Alignment: 947145 948456 NODE_23_length_1186_cov_265.353302 1 1312

			Previous gap was negative, modifying coordinates to ignore overlap
				Moving contig start from 1 to 127.
			Align 66: 947271 948456 NODE_23_length_1186_cov_265.353302 127 1312
				The next alignment (948331 948456 NODE_39_length_42854_cov_142.599518 42980 42855) is redundant. Skipping.
				Negative gap (overlap) between this and next alignment: 948456 to 948331 (-125 bp)
				Next Alignment: 948331 953576 NODE_49_length_250248_cov_144.423798 250374 245169

			Previous gap was negative, modifying coordinates to ignore overlap
				Moving contig start from 250374 to 250248.
			Align 68: 948457 953576 NODE_49_length_250248_cov_144.423798 250248 245169
				Gap between this and next alignment: 953576 to 953611 (34 bp)
				Next Alignment: 953611 954945 NODE_49_length_250248_cov_144.423798 245008 243670

			Align 69: 953611 954945 NODE_49_length_250248_cov_144.423798 245008 243670
				Gap between this and next alignment: 954945 to 956706 (1760 bp)
				Next Alignment: 956706 977180 NODE_49_length_250248_cov_144.423798 242598 222125

			Align 70: 956706 977180 NODE_49_length_250248_cov_144.423798 242598 222125
				Negative gap (overlap) between this and next alignment: 977180 to 977179 (-1 bp)
				Next Alignment: 977179 982790 NODE_49_length_250248_cov_144.423798 221705 216097

			Previous gap was negative, modifying coordinates to ignore overlap
				Moving contig start from 221705 to 221703.
			Align 71: 977181 982790 NODE_49_length_250248_cov_144.423798 221703 216097
				Gap between this and next alignment: 982790 to 986376 (3585 bp)
				Next Alignment: 986376 987206 NODE_49_length_250248_cov_144.423798 212679 211851

			Align 72: 986376 987206 NODE_49_length_250248_cov_144.423798 212679 211851
				Gap between this and next alignment: 987206 to 997167 (9960 bp)
				Next Alignment: 997167 997269 NODE_49_length_250248_cov_144.423798 214587 214689

			Align 73: 997167 997269 NODE_49_length_250248_cov_144.423798 214587 214689
				Gap between this and next alignment: 997269 to 1003835 (6565 bp)
				Next Alignment: 1003835 1008006 NODE_49_length_250248_cov_144.423798 206580 202411

			Align 74: 1003835 1008006 NODE_49_length_250248_cov_144.423798 206580 202411
				Gap between this and next alignment: 1008006 to 1008142 (135 bp)
				Next Alignment: 1008142 1008708 NODE_49_length_250248_cov_144.423798 200774 200208

			Align 75: 1008142 1008708 NODE_49_length_250248_cov_144.423798 200774 200208
				Negative gap (overlap) between this and next alignment: 1008708 to 1008682 (-26 bp)
				Next Alignment: 1008682 1017966 NODE_49_length_250248_cov_144.423798 199368 190077

			Previous gap was negative, modifying coordinates to ignore overlap
				Moving contig start from 199368 to 199341.
			Align 76: 1008709 1017966 NODE_49_length_250248_cov_144.423798 199341 190077
				Gap between this and next alignment: 1017966 to 1018116 (149 bp)
				Next Alignment: 1018116 1060911 NODE_49_length_250248_cov_144.423798 189264 146553

			Align 77: 1018116 1060911 NODE_49_length_250248_cov_144.423798 189264 146553
				Gap between this and next alignment: 1060911 to 1061066 (154 bp)
				Next Alignment: 1061066 1080685 NODE_49_length_250248_cov_144.423798 146450 126841

			Align 78: 1061066 1080685 NODE_49_length_250248_cov_144.423798 146450 126841
				Gap between this and next alignment: 1080685 to 1080687 (1 bp)
				Next Alignment: 1080687 1080946 NODE_39_length_42854_cov_142.599518 40228 40488

			Align 79: 1080687 1080946 NODE_39_length_42854_cov_142.599518 40228 40488
				Gap between this and next alignment: 1080946 to 1082136 (1189 bp)
				Next Alignment: 1082136 1097926 NODE_12_length_87982_cov_144.570938 77071 61300

			Align 80: 1082136 1097926 NODE_12_length_87982_cov_144.570938 77071 61300
				Gap between this and next alignment: 1097926 to 1098242 (315 bp)
				Next Alignment: 1098242 1118609 NODE_12_length_87982_cov_144.570938 60984 40613

			Align 81: 1098242 1118609 NODE_12_length_87982_cov_144.570938 60984 40613
				Gap between this and next alignment: 1118609 to 1121834 (3224 bp)
				Next Alignment: 1121834 1122436 NODE_12_length_87982_cov_144.570938 36293 35691

			Align 82: 1121834 1122436 NODE_12_length_87982_cov_144.570938 36293 35691
				Gap between this and next alignment: 1122436 to 1122768 (331 bp)
				Next Alignment: 1122768 1123496 NODE_12_length_87982_cov_144.570938 34526 33798

			Align 83: 1122768 1123496 NODE_12_length_87982_cov_144.570938 34526 33798
				Gap between this and next alignment: 1123496 to 1124420 (923 bp)
				Next Alignment: 1124420 1143638 NODE_12_length_87982_cov_144.570938 33320 14131

			Align 84: 1124420 1143638 NODE_12_length_87982_cov_144.570938 33320 14131
				Negative gap (overlap) between this and next alignment: 1143638 to 1143593 (-45 bp)
				Next Alignment: 1143593 1151659 NODE_12_length_87982_cov_144.570938 11542 3495

			Previous gap was negative, modifying coordinates to ignore overlap
				Moving contig start from 11542 to 11496.
			Align 85: 1143639 1151659 NODE_12_length_87982_cov_144.570938 11496 3495
				Gap between this and next alignment: 1151659 to 1151694 (34 bp)
				Next Alignment: 1151694 1168231 NODE_60_length_545845_cov_167.814865 543549 527011

			Align 86: 1151694 1168231 NODE_60_length_545845_cov_167.814865 543549 527011
				Gap between this and next alignment: 1168231 to 1174553 (6321 bp)
				Next Alignment: 1174553 1178464 NODE_60_length_545845_cov_167.814865 526900 522989

			Align 87: 1174553 1178464 NODE_60_length_545845_cov_167.814865 526900 522989
				Gap between this and next alignment: 1178464 to 1178572 (107 bp)
				Next Alignment: 1178572 1206420 NODE_60_length_545845_cov_167.814865 522988 495194

			Align 88: 1178572 1206420 NODE_60_length_545845_cov_167.814865 522988 495194
				Gap between this and next alignment: 1206420 to 1206603 (182 bp)
				Next Alignment: 1206603 1249621 NODE_60_length_545845_cov_167.814865 495095 452002

			Align 89: 1206603 1249621 NODE_60_length_545845_cov_167.814865 495095 452002
				Gap between this and next alignment: 1249621 to 1249727 (105 bp)
				Next Alignment: 1249727 1271122 NODE_60_length_545845_cov_167.814865 451903 430486

			Align 90: 1249727 1271122 NODE_60_length_545845_cov_167.814865 451903 430486
				Negative gap (overlap) between this and next alignment: 1271122 to 1271091 (-31 bp)
				Next Alignment: 1271091 1298615 NODE_60_length_545845_cov_167.814865 430353 402829

			Previous gap was negative, modifying coordinates to ignore overlap
				Moving contig start from 430353 to 430321.
			Align 91: 1271123 1298615 NODE_60_length_545845_cov_167.814865 430321 402829
				Negative gap (overlap) between this and next alignment: 1298615 to 1298615 (0 bp)
				Next Alignment: 1298615 1343648 NODE_60_length_545845_cov_167.814865 402707 357674

			Previous gap was negative, modifying coordinates to ignore overlap
				Moving contig start from 402707 to 402706.
			Align 92: 1298616 1343648 NODE_60_length_545845_cov_167.814865 402706 357674
				Gap between this and next alignment: 1343648 to 1343863 (214 bp)
				Next Alignment: 1343863 1357220 NODE_60_length_545845_cov_167.814865 357494 344152

			Align 93: 1343863 1357220 NODE_60_length_545845_cov_167.814865 357494 344152
				Gap between this and next alignment: 1357220 to 1358108 (887 bp)
				Next Alignment: 1358108 1369409 NODE_60_length_545845_cov_167.814865 343120 331872

			Align 94: 1358108 1369409 NODE_60_length_545845_cov_167.814865 343120 331872
				Gap between this and next alignment: 1369409 to 1370100 (690 bp)
				Next Alignment: 1370100 1384039 NODE_60_length_545845_cov_167.814865 331049 317142

			Align 95: 1370100 1384039 NODE_60_length_545845_cov_167.814865 331049 317142
				Gap between this and next alignment: 1384039 to 1389932 (5892 bp)
				Next Alignment: 1389932 1401348 NODE_60_length_545845_cov_167.814865 315490 304046

			Align 96: 1389932 1401348 NODE_60_length_545845_cov_167.814865 315490 304046
				Gap between this and next alignment: 1401348 to 1409174 (7825 bp)
				Next Alignment: 1409174 1420771 NODE_60_length_545845_cov_167.814865 304027 292430

			Align 97: 1409174 1420771 NODE_60_length_545845_cov_167.814865 304027 292430
				Gap between this and next alignment: 1420771 to 1433972 (13200 bp)
				Next Alignment: 1433972 1437079 NODE_60_length_545845_cov_167.814865 280043 276924

			Align 98: 1433972 1437079 NODE_60_length_545845_cov_167.814865 280043 276924
				Gap between this and next alignment: 1437079 to 1437179 (99 bp)
				Next Alignment: 1437179 1487553 NODE_60_length_545845_cov_167.814865 276923 226555

			Align 99: 1437179 1487553 NODE_60_length_545845_cov_167.814865 276923 226555
				Gap between this and next alignment: 1487553 to 1487673 (119 bp)
				Next Alignment: 1487673 1499404 NODE_60_length_545845_cov_167.814865 226439 214705

			Align 100: 1487673 1499404 NODE_60_length_545845_cov_167.814865 226439 214705
				Negative gap (overlap) between this and next alignment: 1499404 to 1499398 (-6 bp)
				Next Alignment: 1499398 1537874 NODE_60_length_545845_cov_167.814865 211543 173050

			Previous gap was negative, modifying coordinates to ignore overlap
				Moving contig start from 211543 to 211536.
			Align 101: 1499405 1537874 NODE_60_length_545845_cov_167.814865 211536 173050
				Gap between this and next alignment: 1537874 to 1539341 (1466 bp)
				Next Alignment: 1539341 1568015 NODE_60_length_545845_cov_167.814865 170538 141851

			Align 102: 1539341 1568015 NODE_60_length_545845_cov_167.814865 170538 141851
				Gap between this and next alignment: 1568015 to 1576192 (8176 bp)
				Next Alignment: 1576192 1586472 NODE_60_length_545845_cov_167.814865 141768 131503

			Align 103: 1576192 1586472 NODE_60_length_545845_cov_167.814865 141768 131503
				Gap between this and next alignment: 1586472 to 1586614 (141 bp)
				Next Alignment: 1586614 1597581 NODE_60_length_545845_cov_167.814865 131502 120605

			Align 104: 1586614 1597581 NODE_60_length_545845_cov_167.814865 131502 120605
				Gap between this and next alignment: 1597581 to 1602287 (4705 bp)
				Next Alignment: 1602287 1651084 NODE_60_length_545845_cov_167.814865 115896 67100

			Align 105: 1602287 1651084 NODE_60_length_545845_cov_167.814865 115896 67100
				Gap between this and next alignment: 1651084 to 1656289 (5204 bp)
				Next Alignment: 1656289 1658994 NODE_60_length_545845_cov_167.814865 57516 54826

			Align 106: 1656289 1658994 NODE_60_length_545845_cov_167.814865 57516 54826
				Gap between this and next alignment: 1658994 to 1660798 (1803 bp)
				Next Alignment: 1660798 1684464 NODE_60_length_545845_cov_167.814865 53111 29409

			Align 107: 1660798 1684464 NODE_60_length_545845_cov_167.814865 53111 29409
				Gap between this and next alignment: 1684464 to 1684535 (70 bp)
				Next Alignment: 1684535 1685742 NODE_60_length_545845_cov_167.814865 28154 26947

			Align 108: 1684535 1685742 NODE_60_length_545845_cov_167.814865 28154 26947
				Negative gap (overlap) between this and next alignment: 1685742 to 1685731 (-11 bp)
				Next Alignment: 1685731 1694885 NODE_60_length_545845_cov_167.814865 26575 17422

			Previous gap was negative, modifying coordinates to ignore overlap
				Moving contig start from 26575 to 26563.
			Align 109: 1685743 1694885 NODE_60_length_545845_cov_167.814865 26563 17422
				Next Alignment: 1694886 1711922 NODE_60_length_545845_cov_167.814865 17016 1

			Align 110: 1694886 1711922 NODE_60_length_545845_cov_167.814865 17016 1
				The next alignment (1710043 1710213 NODE_10_length_50905_cov_184.963623 171 1) is redundant. Skipping.
				The next alignment (1710717 1711922 NODE_11_length_1086_cov_655.151917 7 1212) is redundant. Skipping.
				Gap between this and next alignment: 1711922 to 1715992 (4069 bp)
				Next Alignment: 1715992 1743066 NODE_2_length_27589_cov_169.095764 27715 634

			Align 113: 1715992 1743066 NODE_2_length_27589_cov_169.095764 27715 634
				Gap between this and next alignment: 1743066 to 1772739 (29672 bp)
				Next Alignment: 1772739 1773215 NODE_12_length_87982_cov_144.570938 33797 33321

			Align 114: 1772739 1773215 NODE_12_length_87982_cov_144.570938 33797 33321
				Gap between this and next alignment: 1773215 to 1775373 (2157 bp)
				Next Alignment: 1775373 1775982 NODE_2_length_27589_cov_169.095764 607 1

			Align 115: 1775373 1775982 NODE_2_length_27589_cov_169.095764 607 1
				Gap between this and next alignment: 1775982 to 1781688 (5705 bp)
				Next Alignment: 1781688 1792686 NODE_5_length_444826_cov_179.227036 444952 433949

			Align 116: 1781688 1792686 NODE_5_length_444826_cov_179.227036 444952 433949
				Gap between this and next alignment: 1792686 to 1794687 (2000 bp)
				Next Alignment: 1794687 1798989 NODE_5_length_444826_cov_179.227036 431237 426935

			Align 117: 1794687 1798989 NODE_5_length_444826_cov_179.227036 431237 426935
				Gap between this and next alignment: 1798989 to 1804786 (5796 bp)
				Next Alignment: 1804786 1809174 NODE_5_length_444826_cov_179.227036 422560 418172

			Align 118: 1804786 1809174 NODE_5_length_444826_cov_179.227036 422560 418172
				Gap between this and next alignment: 1809174 to 1824151 (14976 bp)
				Next Alignment: 1824151 1827880 NODE_5_length_444826_cov_179.227036 400069 396311

			Align 119: 1824151 1827880 NODE_5_length_444826_cov_179.227036 400069 396311
				The next alignment (1826749 1826984 NODE_5_length_444826_cov_179.227036 408842 408607) is redundant. Skipping.
				Gap between this and next alignment: 1827880 to 1827916 (35 bp)
				Next Alignment: 1827916 1833969 NODE_5_length_444826_cov_179.227036 394957 388900

			Align 121: 1827916 1833969 NODE_5_length_444826_cov_179.227036 394957 388900
				Negative gap (overlap) between this and next alignment: 1833969 to 1833854 (-115 bp)
				Next Alignment: 1833854 1835745 NODE_5_length_444826_cov_179.227036 408606 406712

			Previous gap was negative, modifying coordinates to ignore overlap
				Moving contig start from 408606 to 408490.
			Align 122: 1833970 1835745 NODE_5_length_444826_cov_179.227036 408490 406712
				Gap between this and next alignment: 1835745 to 1836136 (390 bp)
				Next Alignment: 1836136 1842776 NODE_5_length_444826_cov_179.227036 406711 400070

			Align 123: 1836136 1842776 NODE_5_length_444826_cov_179.227036 406711 400070
				Negative gap (overlap) between this and next alignment: 1842776 to 1842150 (-626 bp)
				Next Alignment: 1842150 1852745 NODE_5_length_444826_cov_179.227036 382113 371593

			Previous gap was negative, modifying coordinates to ignore overlap
				Moving contig start from 382113 to 381484.
			Align 124: 1842777 1852745 NODE_5_length_444826_cov_179.227036 381484 371593
				The next alignment (1852436 1852690 NODE_10_length_50905_cov_184.963623 42866 42612) is redundant. Skipping.
				Gap between this and next alignment: 1852745 to 1852747 (1 bp)
				Next Alignment: 1852747 1866802 NODE_10_length_50905_cov_184.963623 42512 28415

			Align 126: 1852747 1866802 NODE_10_length_50905_cov_184.963623 42512 28415
				Gap between this and next alignment: 1866802 to 1873082 (6279 bp)
				Next Alignment: 1873082 1889388 NODE_10_length_50905_cov_184.963623 26762 10458

			Align 127: 1873082 1889388 NODE_10_length_50905_cov_184.963623 26762 10458
				Gap between this and next alignment: 1889388 to 1889679 (290 bp)
				Next Alignment: 1889679 1899633 NODE_10_length_50905_cov_184.963623 10165 172

			Align 128: 1889679 1899633 NODE_10_length_50905_cov_184.963623 10165 172
				Gap between this and next alignment: 1899633 to 1906314 (6680 bp)
				Next Alignment: 1906314 1911721 NODE_10_length_50905_cov_184.963623 51031 45624

			Align 129: 1906314 1911721 NODE_10_length_50905_cov_184.963623 51031 45624
				Gap between this and next alignment: 1911721 to 1918305 (6583 bp)
				Next Alignment: 1918305 1923750 NODE_5_length_444826_cov_179.227036 368108 362664

			Align 130: 1918305 1923750 NODE_5_length_444826_cov_179.227036 368108 362664
			END in gap: 1923750 to 1932306 (8556 bp)

Analysis is finished!
Founded SNPs were written into /data/projects/Assembly/Aroon/reports/GCF_000165525.1_ASM16552v1_genomic/contigs_reports/nucmer_output/M05964_contigs.used_snps

Results:
	Local Misassemblies: 58
	Misassemblies: 53
		Relocations: 51
		Translocations: 0
		Inversions: 2
	Misassembled Contigs: 10
	Misassembled Contig Bases: 1810330
	Misassemblies Inter-Contig Overlap: 0
Uncovered Regions: 0 (0)
Unaligned Contigs: 2 + 0 part
Partially Unaligned Contigs with Misassemblies: 0
Unaligned Contig Bases: 8340

Ambiguously Mapped Contigs: 6
Total Bases in Ambiguously Mapped Contigs: 4615
Note that --allow-ambiguity option was set to "one" and only first alignment per each contig was used.

	Covered Bases: 1629583

	SNPs: 40920
	Insertions: 1516
	Deletions: 1803

	Positive Gaps: 98
		Internal Gaps:  81
		External Gaps:  17
		External Gap Total:  71867
		External Gap Average: 4227
	Negative Gaps: 20
		Internal Overlaps:  17
		External Overlaps:  3
		External Overlaps Total: -483
		External Overlaps Average: -161
	Contigs with Redundant Alignments: 7 (5468)
