/data/home/achande3/bin/quast-3.2/quast.py -o ./quast/M29658 --no-plots  -t 6 --no-snps  --no-check  /data/projects/assembly/aroon/contigs/meta.M29658.fa /data/projects/assembly/aroon/contigs/spades.M29658.fa /data/projects/assembly/aroon/contigs/velvet.M29658.fa /data/projects/assembly/aroon/contigs/abyss.115.M29658.fa

Version: 3.2, build 26.11.2015 18:55

System information:
  OS: Linux-2.6.32-573.12.1.el6.x86_64-x86_64-with-redhat-6.7-Santiago (linux_64)
  Python version: 2.7.11
  CPUs number: 6

Started: 2016-02-18 08:38:12

Logging to /data/projects/assembly/aroon/meta/quast/M29658/quast.log

Main parameters: 
  Threads: 6, minimum contig length: 500, ambiguity: one, threshold for extensive misassembly size: 1000

Contigs:
  1  /data/projects/assembly/aroon/contigs/meta.M29658.fa ==> meta.M29658
  2  /data/projects/assembly/aroon/contigs/spades.M29658.fa ==> spades.M29658
  3  /data/projects/assembly/aroon/contigs/velvet.M29658.fa ==> velvet.M29658
  4  /data/projects/assembly/aroon/contigs/abyss.115.M29658.fa ==> abyss.115.M29658

2016-02-18 08:38:13
Running Basic statistics processor...
  Contig files: 
    1  meta.M29658
    2  spades.M29658
    3  velvet.M29658
    4  abyss.115.M29658
  Calculating N50 and L50...
    1  meta.M29658, N50 = 233236, L50 = 3, Total length = 1859623, GC % = 38.01, # N's per 100 kbp =  0.00
    2  spades.M29658, N50 = 233236, L50 = 3, Total length = 1868123, GC % = 38.04, # N's per 100 kbp =  0.00
    3  velvet.M29658, N50 = 233354, L50 = 3, Total length = 1860695, GC % = 38.00, # N's per 100 kbp =  20.37
    4  abyss.115.M29658, N50 = 218890, L50 = 3, Total length = 1927705, GC % = 38.21, # N's per 100 kbp =  0.00
Done.

NOTICE: Genes are not predicted by default. Use --gene-finding option to enable it.

2016-02-18 08:38:14
RESULTS:
  Text versions of total report are saved to /data/projects/assembly/aroon/meta/quast/M29658/report.txt, report.tsv, and report.tex
  Text versions of transposed total report are saved to /data/projects/assembly/aroon/meta/quast/M29658/transposed_report.txt, transposed_report.tsv, and transposed_report.tex
  HTML version (interactive tables and plots) saved to /data/projects/assembly/aroon/meta/quast/M29658/report.html
  PDF version (tables and plots) saved to /data/projects/assembly/aroon/meta/quast/M29658/report.pdf
  Log saved to /data/projects/assembly/aroon/meta/quast/M29658/quast.log

Finished: 2016-02-18 08:38:14
Elapsed time: 0:00:01.925950
NOTICEs: 1; WARNINGs: 0; non-fatal ERRORs: 0

Thank you for using QUAST!
