/data/home/achande3/bin/quast-3.2/quast.py -o ./quast/M37982 --no-plots  -t 6 --no-snps  --no-check  /data/projects/assembly/aroon/contigs/meta.M37982.fa /data/projects/assembly/aroon/contigs/spades.M37982.fa /data/projects/assembly/aroon/contigs/velvet.M37982.fa /data/projects/assembly/aroon/contigs/abyss.115.M37982.fa

Version: 3.2, build 26.11.2015 18:55

System information:
  OS: Linux-2.6.32-573.12.1.el6.x86_64-x86_64-with-redhat-6.7-Santiago (linux_64)
  Python version: 2.7.11
  CPUs number: 6

Started: 2016-02-18 08:38:31

Logging to /data/projects/assembly/aroon/meta/quast/M37982/quast.log

Main parameters: 
  Threads: 6, minimum contig length: 500, ambiguity: one, threshold for extensive misassembly size: 1000

Contigs:
  1  /data/projects/assembly/aroon/contigs/meta.M37982.fa ==> meta.M37982
  2  /data/projects/assembly/aroon/contigs/spades.M37982.fa ==> spades.M37982
  3  /data/projects/assembly/aroon/contigs/velvet.M37982.fa ==> velvet.M37982
  4  /data/projects/assembly/aroon/contigs/abyss.115.M37982.fa ==> abyss.115.M37982

2016-02-18 08:38:32
Running Basic statistics processor...
  Contig files: 
    1  meta.M37982
    2  spades.M37982
    3  velvet.M37982
    4  abyss.115.M37982
  Calculating N50 and L50...
    1  meta.M37982, N50 = 346095, L50 = 2, Total length = 1873588, GC % = 37.87, # N's per 100 kbp =  0.00
    2  spades.M37982, N50 = 283237, L50 = 3, Total length = 1885221, GC % = 37.94, # N's per 100 kbp =  0.00
    3  velvet.M37982, N50 = 453295, L50 = 2, Total length = 1877799, GC % = 37.85, # N's per 100 kbp =  64.81
    4  abyss.115.M37982, N50 = 277461, L50 = 3, Total length = 1914086, GC % = 37.98, # N's per 100 kbp =  1.62
Done.

NOTICE: Genes are not predicted by default. Use --gene-finding option to enable it.

2016-02-18 08:38:33
RESULTS:
  Text versions of total report are saved to /data/projects/assembly/aroon/meta/quast/M37982/report.txt, report.tsv, and report.tex
  Text versions of transposed total report are saved to /data/projects/assembly/aroon/meta/quast/M37982/transposed_report.txt, transposed_report.tsv, and transposed_report.tex
  HTML version (interactive tables and plots) saved to /data/projects/assembly/aroon/meta/quast/M37982/report.html
  PDF version (tables and plots) saved to /data/projects/assembly/aroon/meta/quast/M37982/report.pdf
  Log saved to /data/projects/assembly/aroon/meta/quast/M37982/quast.log

Finished: 2016-02-18 08:38:33
Elapsed time: 0:00:02.078593
NOTICEs: 1; WARNINGs: 0; non-fatal ERRORs: 0

Thank you for using QUAST!
