/data/home/achande3/bin/quast-3.2/quast.py -o ./quast/M26032 --no-plots  -t 6 --no-snps  --no-check  /data/projects/assembly/aroon/contigs/meta.M26032.fa /data/projects/assembly/aroon/contigs/spades.M26032.fa /data/projects/assembly/aroon/contigs/velvet.M26032.fa /data/projects/assembly/aroon/contigs/abyss.115.M26032.fa

Version: 3.2, build 26.11.2015 18:55

System information:
  OS: Linux-2.6.32-573.12.1.el6.x86_64-x86_64-with-redhat-6.7-Santiago (linux_64)
  Python version: 2.7.11
  CPUs number: 6

Started: 2016-02-18 08:37:33

Logging to /data/projects/assembly/aroon/meta/quast/M26032/quast.log

Main parameters: 
  Threads: 6, minimum contig length: 500, ambiguity: one, threshold for extensive misassembly size: 1000

Contigs:
  1  /data/projects/assembly/aroon/contigs/meta.M26032.fa ==> meta.M26032
  2  /data/projects/assembly/aroon/contigs/spades.M26032.fa ==> spades.M26032
  3  /data/projects/assembly/aroon/contigs/velvet.M26032.fa ==> velvet.M26032
  4  /data/projects/assembly/aroon/contigs/abyss.115.M26032.fa ==> abyss.115.M26032

2016-02-18 08:37:33
Running Basic statistics processor...
  Contig files: 
    1  meta.M26032
    2  spades.M26032
    3  velvet.M26032
    4  abyss.115.M26032
  Calculating N50 and L50...
    1  meta.M26032, N50 = 1058158, L50 = 1, Total length = 1827955, GC % = 38.01, # N's per 100 kbp =  3.28
    2  spades.M26032, N50 = 522565, L50 = 2, Total length = 1893144, GC % = 38.09, # N's per 100 kbp =  0.00
    3  velvet.M26032, N50 = 485637, L50 = 2, Total length = 1885308, GC % = 38.02, # N's per 100 kbp =  57.13
    4  abyss.115.M26032, N50 = 272438, L50 = 3, Total length = 2019422, GC % = 38.13, # N's per 100 kbp =  0.00
Done.

NOTICE: Genes are not predicted by default. Use --gene-finding option to enable it.

2016-02-18 08:37:34
RESULTS:
  Text versions of total report are saved to /data/projects/assembly/aroon/meta/quast/M26032/report.txt, report.tsv, and report.tex
  Text versions of transposed total report are saved to /data/projects/assembly/aroon/meta/quast/M26032/transposed_report.txt, transposed_report.tsv, and transposed_report.tex
  HTML version (interactive tables and plots) saved to /data/projects/assembly/aroon/meta/quast/M26032/report.html
  PDF version (tables and plots) saved to /data/projects/assembly/aroon/meta/quast/M26032/report.pdf
  Log saved to /data/projects/assembly/aroon/meta/quast/M26032/quast.log

Finished: 2016-02-18 08:37:34
Elapsed time: 0:00:01.891320
NOTICEs: 1; WARNINGs: 0; non-fatal ERRORs: 0

Thank you for using QUAST!
