Aligning contigs to reference...
	Running Nucmer
Parsing coords...
Loading reference...
	Loaded [NZ_CP007472.1_Haemophilus_influenzae_strain_723__complete_genome]
Loading SNPs...
Loading regions...
	No regions given, using whole reference.
	Total Regions: 1
	Total Region Length: 1887620
Analyzing contigs...
CONTIG: NODE_1_length_311333_cov_153.831482 (311459bp)
Top Length: 25936  Top ID: 95.97
		Skipping redundant alignment 1150440 1150530 | 103186 103276 | 91 91 | 100.0 | NZ_CP007472.1_Haemophilus_influenzae_strain_723__complete_genome NODE_1_length_311333_cov_153.831482
		Skipping redundant alignment 31051 31137 | 103272 103186 | 87 87 | 100.0 | NZ_CP007472.1_Haemophilus_influenzae_strain_723__complete_genome NODE_1_length_311333_cov_153.831482
		Skipping redundant alignment 1150438 1150531 | 103200 103293 | 94 94 | 100.0 | NZ_CP007472.1_Haemophilus_influenzae_strain_723__complete_genome NODE_1_length_311333_cov_153.831482
		Skipping redundant alignment 31051 31137 | 103288 103202 | 87 87 | 100.0 | NZ_CP007472.1_Haemophilus_influenzae_strain_723__complete_genome NODE_1_length_311333_cov_153.831482
		Skipping redundant alignment 31050 31137 | 103293 103206 | 88 88 | 100.0 | NZ_CP007472.1_Haemophilus_influenzae_strain_723__complete_genome NODE_1_length_311333_cov_153.831482
		Skipping redundant alignment 1394637 1395081 | 202582 202149 | 445 434 | 96.4 | NZ_CP007472.1_Haemophilus_influenzae_strain_723__complete_genome NODE_1_length_311333_cov_153.831482
		Skipping redundant alignment 1394929 1395373 | 202582 202149 | 445 434 | 96.4 | NZ_CP007472.1_Haemophilus_influenzae_strain_723__complete_genome NODE_1_length_311333_cov_153.831482
		Skipping redundant alignment 1394498 1394789 | 202440 202149 | 292 292 | 99.32 | NZ_CP007472.1_Haemophilus_influenzae_strain_723__complete_genome NODE_1_length_311333_cov_153.831482
		Skipping redundant alignment 1395082 1395316 | 202960 202726 | 235 235 | 99.15 | NZ_CP007472.1_Haemophilus_influenzae_strain_723__complete_genome NODE_1_length_311333_cov_153.831482
		Skipping redundant alignment 1394790 1395024 | 202960 202726 | 235 235 | 98.72 | NZ_CP007472.1_Haemophilus_influenzae_strain_723__complete_genome NODE_1_length_311333_cov_153.831482
		Skipping redundant alignment 1395374 1395608 | 202960 202726 | 235 235 | 98.72 | NZ_CP007472.1_Haemophilus_influenzae_strain_723__complete_genome NODE_1_length_311333_cov_153.831482
		Skipping redundant alignment 1682526 1682624 | 230278 230376 | 99 99 | 100.0 | NZ_CP007472.1_Haemophilus_influenzae_strain_723__complete_genome NODE_1_length_311333_cov_153.831482
		Skipping redundant alignment 1579756 1579834 | 265621 265543 | 79 79 | 100.0 | NZ_CP007472.1_Haemophilus_influenzae_strain_723__complete_genome NODE_1_length_311333_cov_153.831482
		Skipping redundant alignment 1637360 1637438 | 265621 265543 | 79 79 | 100.0 | NZ_CP007472.1_Haemophilus_influenzae_strain_723__complete_genome NODE_1_length_311333_cov_153.831482
		Skipping redundant alignment 1315725 1315803 | 299453 299375 | 79 79 | 100.0 | NZ_CP007472.1_Haemophilus_influenzae_strain_723__complete_genome NODE_1_length_311333_cov_153.831482
		Skipping redundant alignment 1765160 1765237 | 299593 299670 | 78 78 | 100.0 | NZ_CP007472.1_Haemophilus_influenzae_strain_723__complete_genome NODE_1_length_311333_cov_153.831482
			Skipping redundant alignments after choosing the best set of alignments
		Skipping redundant alignment 952391 952516 | 311459 311334 | 126 126 | 99.21 | NZ_CP007472.1_Haemophilus_influenzae_strain_723__complete_genome NODE_1_length_311333_cov_153.831482
		Skipping redundant alignment 1106187 1106312 | 311334 311459 | 126 126 | 99.21 | NZ_CP007472.1_Haemophilus_influenzae_strain_723__complete_genome NODE_1_length_311333_cov_153.831482
		This contig is misassembled. 43 total aligns.
			Real Alignment 1: 1596827 1596909 | 1 83 | 83 83 | 98.8 | NZ_CP007472.1_Haemophilus_influenzae_strain_723__complete_genome NODE_1_length_311333_cov_153.831482
			  Extensive misassembly ( relocation, inconsistency = -412453 ) between these two alignments
			Real Alignment 2: 1213120 1221028 | 28747 36656 | 7909 7910 | 97.21 | NZ_CP007472.1_Haemophilus_influenzae_strain_723__complete_genome NODE_1_length_311333_cov_153.831482
			  Extensive misassembly ( relocation, inconsistency = 8059 ) between these two alignments
			Real Alignment 3: 1229124 1237788 | 36693 45338 | 8665 8646 | 96.09 | NZ_CP007472.1_Haemophilus_influenzae_strain_723__complete_genome NODE_1_length_311333_cov_153.831482
			  Extensive misassembly ( relocation, inconsistency = 30088 ) between these two alignments
			Real Alignment 4: 1280744 1280824 | 58206 58286 | 81 81 | 100.0 | NZ_CP007472.1_Haemophilus_influenzae_strain_723__complete_genome NODE_1_length_311333_cov_153.831482
			  Extensive misassembly ( relocation, inconsistency = 65309 ) between these two alignments
			Real Alignment 5: 1348751 1359556 | 71708 60904 | 10806 10805 | 96.32 | NZ_CP007472.1_Haemophilus_influenzae_strain_723__complete_genome NODE_1_length_311333_cov_153.831482
			  Overlap between these two alignments (local misassembly). Inconsistency = -184 
			Excluding internal overlap of size 18 between Alignment 6 and 7:  748763 752395 | 82041 85672 | 3633 3632 --> 748781 752395 | 82059 85672 | 3615 3614
			Real Alignment 6: 1338585 1348773 | 82058 71870 | 10189 10189 | 96.38 | NZ_CP007472.1_Haemophilus_influenzae_strain_723__complete_genome NODE_1_length_311333_cov_153.831482
			  Extensive misassembly ( relocation, inconsistency = -599993 ) between these two alignments
			Real Alignment 7: 748781 752395 | 82059 85672 | 3615 3614 | 95.62 | NZ_CP007472.1_Haemophilus_influenzae_strain_723__complete_genome NODE_1_length_311333_cov_153.831482
			  Extensive misassembly ( relocation, inconsistency = 1726 ) between these two alignments
			Real Alignment 8: 754145 776216 | 85696 107780 | 22072 22085 | 95.14 | NZ_CP007472.1_Haemophilus_influenzae_strain_723__complete_genome NODE_1_length_311333_cov_153.831482
			  Extensive misassembly ( relocation, inconsistency = 674579 ) between these two alignments
			Real Alignment 9: 1451423 1464103 | 121089 108408 | 12681 12682 | 96.54 | NZ_CP007472.1_Haemophilus_influenzae_strain_723__complete_genome NODE_1_length_311333_cov_153.831482
			  Extensive misassembly ( relocation, inconsistency = 177130 ) between these two alignments
			Real Alignment 10: 1262528 1273336 | 132848 122046 | 10809 10803 | 95.84 | NZ_CP007472.1_Haemophilus_influenzae_strain_723__complete_genome NODE_1_length_311333_cov_153.831482
			  Extensive misassembly ( relocation, inconsistency = -201330 ) between these two alignments
			Real Alignment 11: 1434494 1443301 | 162221 153405 | 8808 8817 | 96.23 | NZ_CP007472.1_Haemophilus_influenzae_strain_723__complete_genome NODE_1_length_311333_cov_153.831482
			  Overlap between these two alignments (local misassembly). Inconsistency = -202 
			Real Alignment 12: 1419728 1434502 | 177208 162415 | 14775 14794 | 95.06 | NZ_CP007472.1_Haemophilus_influenzae_strain_723__complete_genome NODE_1_length_311333_cov_153.831482
			  Overlap between these two alignments (local misassembly). Inconsistency = -349 
			Real Alignment 13: 1418521 1419736 | 178764 177549 | 1216 1216 | 97.37 | NZ_CP007472.1_Haemophilus_influenzae_strain_723__complete_genome NODE_1_length_311333_cov_153.831482
			  Overlap between these two alignments (local misassembly). Inconsistency = -505 
			Real Alignment 14: 1395221 1418529 | 202582 179261 | 23309 23322 | 96.53 | NZ_CP007472.1_Haemophilus_influenzae_strain_723__complete_genome NODE_1_length_311333_cov_153.831482
			  Gap between these two alignments (local misassembly). Inconsistency = 345 
			Real Alignment 15: 1381954 1394732 | 215504 202726 | 12779 12779 | 96.46 | NZ_CP007472.1_Haemophilus_influenzae_strain_723__complete_genome NODE_1_length_311333_cov_153.831482
			  Extensive misassembly ( relocation, inconsistency = 4819 ) between these two alignments
			Excluding internal overlap of size 8 between Alignment 16 and 17:  1362169 1362677 | 230470 229962 | 509 509 --> 1362177 1362677 | 230462 229962 | 501 501
			Real Alignment 16: 1362177 1362677 | 230462 229962 | 501 501 | 95.69 | NZ_CP007472.1_Haemophilus_influenzae_strain_723__complete_genome NODE_1_length_311333_cov_153.831482
			  Extensive misassembly ( relocation, inconsistency = -81354 ) between these two alignments
			Real Alignment 17: 1281324 1291418 | 230463 240551 | 10095 10089 | 96.83 | NZ_CP007472.1_Haemophilus_influenzae_strain_723__complete_genome NODE_1_length_311333_cov_153.831482
			  Overlap between these two alignments (local misassembly). Inconsistency = -743 
			Real Alignment 18: 1304111 1330099 | 253987 279922 | 25989 25936 | 95.97 | NZ_CP007472.1_Haemophilus_influenzae_strain_723__complete_genome NODE_1_length_311333_cov_153.831482
			  Gap between these two alignments (local misassembly). Inconsistency = 4 
			Real Alignment 19: 1330223 1333876 | 280042 283695 | 3654 3654 | 95.65 | NZ_CP007472.1_Haemophilus_influenzae_strain_723__complete_genome NODE_1_length_311333_cov_153.831482
			  Extensive misassembly ( relocation, inconsistency = -357040 ) between these two alignments
			Real Alignment 20: 979926 980010 | 286869 286785 | 85 85 | 100.0 | NZ_CP007472.1_Haemophilus_influenzae_strain_723__complete_genome NODE_1_length_311333_cov_153.831482
			  Overlap between these two alignments (local misassembly). Inconsistency = -100 
			Real Alignment 21: 979926 980006 | 286969 286889 | 81 81 | 100.0 | NZ_CP007472.1_Haemophilus_influenzae_strain_723__complete_genome NODE_1_length_311333_cov_153.831482
			  Extensive misassembly ( relocation, inconsistency = 644947 ) between these two alignments
			Real Alignment 22: 1637313 1637576 | 299329 299590 | 264 262 | 96.21 | NZ_CP007472.1_Haemophilus_influenzae_strain_723__complete_genome NODE_1_length_311333_cov_153.831482
			  Gap between these two alignments (local misassembly). Inconsistency = 103 
			Real Alignment 23: 1637680 1637761 | 299591 299672 | 82 82 | 100.0 | NZ_CP007472.1_Haemophilus_influenzae_strain_723__complete_genome NODE_1_length_311333_cov_153.831482
			  Extensive misassembly ( relocation, inconsistency = -681070 ) between these two alignments
			Real Alignment 24: 968271 968350 | 311331 311252 | 80 80 | 100.0 | NZ_CP007472.1_Haemophilus_influenzae_strain_723__complete_genome NODE_1_length_311333_cov_153.831482
			  Extensive misassembly ( relocation, inconsistency = 505989 ) between these two alignments
			Real Alignment 25: 1474342 1474465 | 311334 311459 | 124 126 | 97.62 | NZ_CP007472.1_Haemophilus_influenzae_strain_723__complete_genome NODE_1_length_311333_cov_153.831482

CONTIG: NODE_2_length_39119_cov_167.875656 (39245bp)
Top Length: 7888  Top ID: 97.19
		Skipping redundant alignment 952531 952645 | 39242 39130 | 115 113 | 98.26 | NZ_CP007472.1_Haemophilus_influenzae_strain_723__complete_genome NODE_2_length_39119_cov_167.875656
		Skipping redundant alignment 1737522 1737621 | 39144 39242 | 100 99 | 96.0 | NZ_CP007472.1_Haemophilus_influenzae_strain_723__complete_genome NODE_2_length_39119_cov_167.875656
		Skipping redundant alignment 1106083 1106172 | 39154 39242 | 90 89 | 97.78 | NZ_CP007472.1_Haemophilus_influenzae_strain_723__complete_genome NODE_2_length_39119_cov_167.875656
		This contig is misassembled. 8 total aligns.
			Real Alignment 1: 1138450 1146334 | 11880 19767 | 7885 7888 | 97.19 | NZ_CP007472.1_Haemophilus_influenzae_strain_723__complete_genome NODE_2_length_39119_cov_167.875656
			  Gap between these two alignments (local misassembly). Inconsistency = 417 
			Real Alignment 2: 1150474 1152166 | 23490 25183 | 1693 1694 | 96.22 | NZ_CP007472.1_Haemophilus_influenzae_strain_723__complete_genome NODE_2_length_39119_cov_167.875656
			  Extensive misassembly ( relocation, inconsistency = -1932 ) between these two alignments
			Real Alignment 3: 1152225 1154237 | 27174 29181 | 2013 2008 | 97.37 | NZ_CP007472.1_Haemophilus_influenzae_strain_723__complete_genome NODE_2_length_39119_cov_167.875656
			  Extensive misassembly ( relocation, inconsistency = -242393 ) between these two alignments
			Real Alignment 4: 912638 919242 | 29975 36579 | 6605 6605 | 96.66 | NZ_CP007472.1_Haemophilus_influenzae_strain_723__complete_genome NODE_2_length_39119_cov_167.875656
			  Extensive misassembly ( relocation, inconsistency = 66811 ) between these two alignments
			Real Alignment 5: 986103 988720 | 39242 36629 | 2618 2614 | 97.1 | NZ_CP007472.1_Haemophilus_influenzae_strain_723__complete_genome NODE_2_length_39119_cov_167.875656

CONTIG: NODE_3_length_25597_cov_176.608231 (25723bp)
Top Length: 8069  Top ID: 95.47
		Skipping redundant alignment 1122054 1122179 | 126 1 | 126 126 | 98.41 | NZ_CP007472.1_Haemophilus_influenzae_strain_723__complete_genome NODE_3_length_25597_cov_176.608231
		Skipping redundant alignment 1737529 1737746 | 25505 25722 | 218 218 | 97.72 | NZ_CP007472.1_Haemophilus_influenzae_strain_723__complete_genome NODE_3_length_25597_cov_176.608231
		Skipping redundant alignment 985978 986193 | 25722 25507 | 216 216 | 97.24 | NZ_CP007472.1_Haemophilus_influenzae_strain_723__complete_genome NODE_3_length_25597_cov_176.608231
		Skipping redundant alignment 1474237 1474451 | 25507 25722 | 215 216 | 97.24 | NZ_CP007472.1_Haemophilus_influenzae_strain_723__complete_genome NODE_3_length_25597_cov_176.608231
		Skipping redundant alignment 952405 952613 | 25722 25515 | 209 208 | 99.04 | NZ_CP007472.1_Haemophilus_influenzae_strain_723__complete_genome NODE_3_length_25597_cov_176.608231
		This contig is misassembled. 8 total aligns.
			Real Alignment 1: 1081524 1087330 | 1 5830 | 5807 5830 | 95.94 | NZ_CP007472.1_Haemophilus_influenzae_strain_723__complete_genome NODE_3_length_25597_cov_176.608231
			  Extensive misassembly ( relocation, inconsistency = 40962 ) between these two alignments
			Real Alignment 2: 1135739 1136130 | 13668 13277 | 392 392 | 95.15 | NZ_CP007472.1_Haemophilus_influenzae_strain_723__complete_genome NODE_3_length_25597_cov_176.608231
			  Extensive misassembly ( relocation, inconsistency = -41874 ) between these two alignments
			Real Alignment 3: 1098242 1106298 | 17654 25722 | 8057 8069 | 95.47 | NZ_CP007472.1_Haemophilus_influenzae_strain_723__complete_genome NODE_3_length_25597_cov_176.608231

CONTIG: NODE_4_length_186812_cov_140.254013 (186938bp)
Top Length: 27046  Top ID: 95.85
		Skipping redundant alignment 952140 952613 | 1 473 | 474 473 | 97.26 | NZ_CP007472.1_Haemophilus_influenzae_strain_723__complete_genome NODE_4_length_186812_cov_140.254013
		Skipping redundant alignment 1591228 1591604 | 377 1 | 377 377 | 98.15 | NZ_CP007472.1_Haemophilus_influenzae_strain_723__complete_genome NODE_4_length_186812_cov_140.254013
		Skipping redundant alignment 1362263 1362361 | 130615 130713 | 99 99 | 100.0 | NZ_CP007472.1_Haemophilus_influenzae_strain_723__complete_genome NODE_4_length_186812_cov_140.254013
			Skipping redundant alignments after choosing the best set of alignments
		Skipping redundant alignment 1106073 1106563 | 488 1 | 491 488 | 96.54 | NZ_CP007472.1_Haemophilus_influenzae_strain_723__complete_genome NODE_4_length_186812_cov_140.254013
		This contig is misassembled. 15 total aligns.
			Real Alignment 1: 1474227 1474716 | 491 1 | 490 491 | 95.93 | NZ_CP007472.1_Haemophilus_influenzae_strain_723__complete_genome NODE_4_length_186812_cov_140.254013
			  Extensive misassembly ( relocation, inconsistency = -263640 ) between these two alignments
			Real Alignment 2: 1725375 1731014 | 12983 7344 | 5640 5640 | 95.8 | NZ_CP007472.1_Haemophilus_influenzae_strain_723__complete_genome NODE_4_length_186812_cov_140.254013
			  Extensive misassembly ( relocation, inconsistency = 1244705 ) between these two alignments
			Real Alignment 3: 464407 475274 | 29243 18379 | 10868 10865 | 97.23 | NZ_CP007472.1_Haemophilus_influenzae_strain_723__complete_genome NODE_4_length_186812_cov_140.254013
			  Extensive misassembly ( relocation, inconsistency = 1140892 ) between these two alignments
			Real Alignment 4: 1617500 1625748 | 30577 38826 | 8249 8250 | 95.35 | NZ_CP007472.1_Haemophilus_influenzae_strain_723__complete_genome NODE_4_length_186812_cov_140.254013
			  Extensive misassembly ( relocation, inconsistency = -1148663 ) between these two alignments
			Real Alignment 5: 479936 484503 | 41677 46247 | 4568 4571 | 95.87 | NZ_CP007472.1_Haemophilus_influenzae_strain_723__complete_genome NODE_4_length_186812_cov_140.254013
			  Overlap between these two alignments (local misassembly). Inconsistency = -640 
			Excluding internal overlap of size 1 between Alignment 6 and 7:  488457 498439 | 50841 60829 | 9983 9989 --> 488457 498438 | 50841 60828 | 9982 9988
			Real Alignment 6: 488457 498438 | 50841 60828 | 9982 9988 | 95.88 | NZ_CP007472.1_Haemophilus_influenzae_strain_723__complete_genome NODE_4_length_186812_cov_140.254013
			  Gap between these two alignments (local misassembly). Inconsistency = 164 
			Excluding internal overlap of size 6 between Alignment 7 and 8:  1701622 1725236 | 111448 87869 | 23615 23580 --> 1701622 1725230 | 111448 87875 | 23609 23574
			Real Alignment 7: 498603 525697 | 60829 87874 | 27095 27046 | 95.85 | NZ_CP007472.1_Haemophilus_influenzae_strain_723__complete_genome NODE_4_length_186812_cov_140.254013
			  Extensive misassembly ( relocation, inconsistency = 1175924 ) between these two alignments
			Real Alignment 8: 1701622 1725230 | 111448 87875 | 23609 23574 | 96.9 | NZ_CP007472.1_Haemophilus_influenzae_strain_723__complete_genome NODE_4_length_186812_cov_140.254013
			  Overlap between these two alignments (local misassembly). Inconsistency = -127 
			Real Alignment 9: 1677575 1701636 | 135666 111561 | 24062 24106 | 95.8 | NZ_CP007472.1_Haemophilus_influenzae_strain_723__complete_genome NODE_4_length_186812_cov_140.254013
			  Extensive misassembly ( relocation, inconsistency = 145819 ) between these two alignments
			Real Alignment 10: 1490359 1497989 | 177066 169433 | 7631 7634 | 95.65 | NZ_CP007472.1_Haemophilus_influenzae_strain_723__complete_genome NODE_4_length_186812_cov_140.254013
			  Extensive misassembly ( relocation, inconsistency = -116340 ) between these two alignments
			Real Alignment 11: 1596827 1596909 | 186938 186856 | 83 83 | 98.8 | NZ_CP007472.1_Haemophilus_influenzae_strain_723__complete_genome NODE_4_length_186812_cov_140.254013

CONTIG: NODE_5_length_26946_cov_145.931458 (27072bp)
Top Length: 18544  Top ID: 96.19
		Skipping redundant alignment 986092 986216 | 3 126 | 125 124 | 98.4 | NZ_CP007472.1_Haemophilus_influenzae_strain_723__complete_genome NODE_5_length_26946_cov_145.931458
		Skipping redundant alignment 1737522 1737632 | 112 3 | 111 110 | 95.5 | NZ_CP007472.1_Haemophilus_influenzae_strain_723__complete_genome NODE_5_length_26946_cov_145.931458
		Skipping redundant alignment 1106083 1106183 | 102 3 | 101 100 | 97.03 | NZ_CP007472.1_Haemophilus_influenzae_strain_723__complete_genome NODE_5_length_26946_cov_145.931458
		Skipping redundant alignment 1591146 1591225 | 15840 15761 | 80 80 | 100.0 | NZ_CP007472.1_Haemophilus_influenzae_strain_723__complete_genome NODE_5_length_26946_cov_145.931458
			Skipping redundant alignments after choosing the best set of alignments
		Skipping redundant alignment 946608 946733 | 26947 27072 | 126 126 | 97.62 | NZ_CP007472.1_Haemophilus_influenzae_strain_723__complete_genome NODE_5_length_26946_cov_145.931458
		Skipping redundant alignment 1111722 1111847 | 27072 26947 | 126 126 | 97.62 | NZ_CP007472.1_Haemophilus_influenzae_strain_723__complete_genome NODE_5_length_26946_cov_145.931458
		Skipping redundant alignment 1571645 1571726 | 26772 26691 | 82 82 | 100.0 | NZ_CP007472.1_Haemophilus_influenzae_strain_723__complete_genome NODE_5_length_26946_cov_145.931458
		Skipping redundant alignment 1596765 1596890 | 27072 26947 | 126 126 | 98.41 | NZ_CP007472.1_Haemophilus_influenzae_strain_723__complete_genome NODE_5_length_26946_cov_145.931458
		Skipping redundant alignment 1743416 1743541 | 27072 26947 | 126 126 | 97.62 | NZ_CP007472.1_Haemophilus_influenzae_strain_723__complete_genome NODE_5_length_26946_cov_145.931458
		This contig is misassembled. 12 total aligns.
			Real Alignment 1: 952520 971046 | 3 18546 | 18527 18544 | 96.19 | NZ_CP007472.1_Haemophilus_influenzae_strain_723__complete_genome NODE_5_length_26946_cov_145.931458
			  Extensive misassembly ( relocation, inconsistency = 592349 ) between these two alignments
			Real Alignment 2: 1571541 1571625 | 26776 26692 | 85 85 | 100.0 | NZ_CP007472.1_Haemophilus_influenzae_strain_723__complete_genome NODE_5_length_26946_cov_145.931458
			  Extensive misassembly ( relocation, inconsistency = 91368 ) between these two alignments
			Real Alignment 3: 1479877 1480002 | 27072 26947 | 126 126 | 97.62 | NZ_CP007472.1_Haemophilus_influenzae_strain_723__complete_genome NODE_5_length_26946_cov_145.931458

CONTIG: NODE_6_length_10068_cov_175.156143 (10194bp)
Top Length: 10098  Top ID: 97.52
		Marking as insignificant: 1081524 1081650 | 10194 10068 | 127 127 | 97.64 | NZ_CP007472.1_Haemophilus_influenzae_strain_723__complete_genome NODE_6_length_10068_cov_175.156143
		One align captures most of this contig: 1112073 1122179 | 97 10194 | 10107 10098 | 97.52 | NZ_CP007472.1_Haemophilus_influenzae_strain_723__complete_genome NODE_6_length_10068_cov_175.156143

CONTIG: NODE_7_length_50836_cov_155.284012 (50962bp)
Top Length: 8646  Top ID: 95.54
		Skipping redundant alignment 986103 986248 | 4 148 | 146 145 | 98.63 | NZ_CP007472.1_Haemophilus_influenzae_strain_723__complete_genome NODE_7_length_50836_cov_155.284012
		Skipping redundant alignment 952531 952645 | 4 116 | 115 113 | 98.26 | NZ_CP007472.1_Haemophilus_influenzae_strain_723__complete_genome NODE_7_length_50836_cov_155.284012
		Skipping redundant alignment 1737522 1737621 | 102 4 | 100 99 | 96.0 | NZ_CP007472.1_Haemophilus_influenzae_strain_723__complete_genome NODE_7_length_50836_cov_155.284012
		Skipping redundant alignment 1106083 1106172 | 92 4 | 90 89 | 97.78 | NZ_CP007472.1_Haemophilus_influenzae_strain_723__complete_genome NODE_7_length_50836_cov_155.284012
		This contig is misassembled. 7 total aligns.
			Warning! This contig is more unaligned than misassembled. Contig length is 50962 and total length of all aligns is 16662
		Alignment: 1465679 1474327 | 8649 4 | 8649 8646 | 95.54 | NZ_CP007472.1_Haemophilus_influenzae_strain_723__complete_genome NODE_7_length_50836_cov_155.284012
		Alignment: 1499070 1506813 | 34739 42476 | 7744 7738 | 95.65 | NZ_CP007472.1_Haemophilus_influenzae_strain_723__complete_genome NODE_7_length_50836_cov_155.284012
		Alignment: 1600171 1600447 | 44163 43886 | 277 278 | 96.4 | NZ_CP007472.1_Haemophilus_influenzae_strain_723__complete_genome NODE_7_length_50836_cov_155.284012
		Unaligned bases: 34300
		This contig has both significant aligned and unaligned parts (of length >= min-contig)!
CONTIG: NODE_8_length_1388_cov_514.852295 (1514bp)
Top Length: 1514  Top ID: 98.42
		This contig has 6 significant alignments. [An ambiguously mapped contig]
		Using only first of these alignment (option --ambiguity-usage is set to "one"):
		Alignment: 1591479 1592993 | 1514 1 | 1515 1514 | 98.42 | NZ_CP007472.1_Haemophilus_influenzae_strain_723__complete_genome NODE_8_length_1388_cov_514.852295
		Skipping alignment  950751 952265 | 1 1514 | 1515 1514 | 98.09 | NZ_CP007472.1_Haemophilus_influenzae_strain_723__complete_genome NODE_8_length_1388_cov_514.852295
		Skipping alignment  984324 985838 | 1 1514 | 1515 1514 | 98.09 | NZ_CP007472.1_Haemophilus_influenzae_strain_723__complete_genome NODE_8_length_1388_cov_514.852295
		Skipping alignment  1474591 1476105 | 1514 1 | 1515 1514 | 98.09 | NZ_CP007472.1_Haemophilus_influenzae_strain_723__complete_genome NODE_8_length_1388_cov_514.852295
		Skipping alignment  1737886 1739400 | 1514 1 | 1515 1514 | 98.09 | NZ_CP007472.1_Haemophilus_influenzae_strain_723__complete_genome NODE_8_length_1388_cov_514.852295
		Skipping alignment  1106438 1107952 | 1514 1 | 1515 1514 | 98.02 | NZ_CP007472.1_Haemophilus_influenzae_strain_723__complete_genome NODE_8_length_1388_cov_514.852295

CONTIG: NODE_9_length_3328_cov_573.854553 (3454bp)
Top Length: 1744  Top ID: 96.5
			Skipping redundant alignments after choosing the best set of alignments
		Skipping redundant alignment 948809 949430 | 2045 2666 | 622 622 | 99.68 | NZ_CP007472.1_Haemophilus_influenzae_strain_723__complete_genome NODE_9_length_3328_cov_573.854553
		Skipping redundant alignment 949539 950322 | 2671 3454 | 784 784 | 98.6 | NZ_CP007472.1_Haemophilus_influenzae_strain_723__complete_genome NODE_9_length_3328_cov_573.854553
		Skipping redundant alignment 982382 983003 | 2045 2666 | 622 622 | 99.52 | NZ_CP007472.1_Haemophilus_influenzae_strain_723__complete_genome NODE_9_length_3328_cov_573.854553
		Skipping redundant alignment 983112 983895 | 2671 3454 | 784 784 | 98.6 | NZ_CP007472.1_Haemophilus_influenzae_strain_723__complete_genome NODE_9_length_3328_cov_573.854553
		Skipping redundant alignment 1108136 1108918 | 3454 2671 | 783 784 | 97.83 | NZ_CP007472.1_Haemophilus_influenzae_strain_723__complete_genome NODE_9_length_3328_cov_573.854553
		Skipping redundant alignment 1109027 1109648 | 2666 2045 | 622 622 | 99.68 | NZ_CP007472.1_Haemophilus_influenzae_strain_723__complete_genome NODE_9_length_3328_cov_573.854553
		Skipping redundant alignment 1476289 1477071 | 3454 2671 | 783 784 | 97.96 | NZ_CP007472.1_Haemophilus_influenzae_strain_723__complete_genome NODE_9_length_3328_cov_573.854553
		Skipping redundant alignment 1477180 1477801 | 2666 2045 | 622 622 | 99.68 | NZ_CP007472.1_Haemophilus_influenzae_strain_723__complete_genome NODE_9_length_3328_cov_573.854553
		Skipping redundant alignment 1739829 1740612 | 3454 2671 | 784 784 | 98.6 | NZ_CP007472.1_Haemophilus_influenzae_strain_723__complete_genome NODE_9_length_3328_cov_573.854553
		Skipping redundant alignment 1740721 1741342 | 2666 2045 | 622 622 | 99.68 | NZ_CP007472.1_Haemophilus_influenzae_strain_723__complete_genome NODE_9_length_3328_cov_573.854553
		Skipping redundant alignment 1741461 1743202 | 2039 296 | 1742 1744 | 96.27 | NZ_CP007472.1_Haemophilus_influenzae_strain_723__complete_genome NODE_9_length_3328_cov_573.854553
		Skipping redundant alignment 1743396 1743541 | 143 1 | 146 143 | 95.21 | NZ_CP007472.1_Haemophilus_influenzae_strain_723__complete_genome NODE_9_length_3328_cov_573.854553
		This contig is misassembled. 16 total aligns.
			Real Alignment 1: 1596745 1596890 | 143 1 | 146 143 | 95.89 | NZ_CP007472.1_Haemophilus_influenzae_strain_723__complete_genome NODE_9_length_3328_cov_573.854553
			  Gap between these two alignments (local misassembly). Inconsistency = 41 
			Real Alignment 2: 1594810 1596551 | 2039 296 | 1742 1744 | 96.5 | NZ_CP007472.1_Haemophilus_influenzae_strain_723__complete_genome NODE_9_length_3328_cov_573.854553
			  Gap between these two alignments (local misassembly). Inconsistency = 115 
			Real Alignment 3: 1594068 1594689 | 2666 2045 | 622 622 | 99.68 | NZ_CP007472.1_Haemophilus_influenzae_strain_723__complete_genome NODE_9_length_3328_cov_573.854553
			  Gap between these two alignments (local misassembly). Inconsistency = 104 
			Real Alignment 4: 1593177 1593959 | 3454 2671 | 783 784 | 97.96 | NZ_CP007472.1_Haemophilus_influenzae_strain_723__complete_genome NODE_9_length_3328_cov_573.854553

CONTIG: NODE_15_length_1150785_cov_139.851166 (1150911bp)
Top Length: 35466  Top ID: 95.54
		Skipping redundant alignment 980181 980262 | 82 1 | 82 82 | 98.78 | NZ_CP007472.1_Haemophilus_influenzae_strain_723__complete_genome NODE_15_length_1150785_cov_139.851166
		Skipping redundant alignment 45028 45464 | 193611 194051 | 437 441 | 96.37 | NZ_CP007472.1_Haemophilus_influenzae_strain_723__complete_genome NODE_15_length_1150785_cov_139.851166
		Skipping redundant alignment 1579972 1580053 | 572427 572346 | 82 82 | 100.0 | NZ_CP007472.1_Haemophilus_influenzae_strain_723__complete_genome NODE_15_length_1150785_cov_139.851166
		Skipping redundant alignment 1765160 1765237 | 572425 572348 | 78 78 | 100.0 | NZ_CP007472.1_Haemophilus_influenzae_strain_723__complete_genome NODE_15_length_1150785_cov_139.851166
		Skipping redundant alignment 1579719 1579971 | 572784 572531 | 253 254 | 95.67 | NZ_CP007472.1_Haemophilus_influenzae_strain_723__complete_genome NODE_15_length_1150785_cov_139.851166
		Skipping redundant alignment 1315725 1315803 | 572668 572746 | 79 79 | 100.0 | NZ_CP007472.1_Haemophilus_influenzae_strain_723__complete_genome NODE_15_length_1150785_cov_139.851166
		Skipping redundant alignment 2677 2896 | 707897 708116 | 220 220 | 96.36 | NZ_CP007472.1_Haemophilus_influenzae_strain_723__complete_genome NODE_15_length_1150785_cov_139.851166
		Skipping redundant alignment 2896 3408 | 709066 709578 | 513 513 | 96.69 | NZ_CP007472.1_Haemophilus_influenzae_strain_723__complete_genome NODE_15_length_1150785_cov_139.851166
		Skipping redundant alignment 1097641 1097766 | 1042028 1042153 | 126 126 | 98.41 | NZ_CP007472.1_Haemophilus_influenzae_strain_723__complete_genome NODE_15_length_1150785_cov_139.851166
		Skipping redundant alignment 1097641 1097766 | 1042028 1042157 | 126 130 | 95.38 | NZ_CP007472.1_Haemophilus_influenzae_strain_723__complete_genome NODE_15_length_1150785_cov_139.851166
		Skipping redundant alignment 1097679 1097766 | 1042106 1042193 | 88 88 | 100.0 | NZ_CP007472.1_Haemophilus_influenzae_strain_723__complete_genome NODE_15_length_1150785_cov_139.851166
		Skipping redundant alignment 995875 995968 | 1118574 1118667 | 94 94 | 100.0 | NZ_CP007472.1_Haemophilus_influenzae_strain_723__complete_genome NODE_15_length_1150785_cov_139.851166
		Skipping redundant alignment 995971 996064 | 1118574 1118667 | 94 94 | 100.0 | NZ_CP007472.1_Haemophilus_influenzae_strain_723__complete_genome NODE_15_length_1150785_cov_139.851166
		Skipping redundant alignment 1053477 1053570 | 1118574 1118667 | 94 94 | 100.0 | NZ_CP007472.1_Haemophilus_influenzae_strain_723__complete_genome NODE_15_length_1150785_cov_139.851166
		Skipping redundant alignment 1060626 1060690 | 1126525 1126589 | 65 65 | 100.0 | NZ_CP007472.1_Haemophilus_influenzae_strain_723__complete_genome NODE_15_length_1150785_cov_139.851166
			Skipping redundant alignments after choosing the best set of alignments
		Skipping redundant alignment 1596809 1596909 | 1 101 | 101 101 | 99.01 | NZ_CP007472.1_Haemophilus_influenzae_strain_723__complete_genome NODE_15_length_1150785_cov_139.851166
		This contig is misassembled. 95 total aligns.
			Real Alignment 1: 1743460 1743561 | 1 101 | 102 101 | 97.06 | NZ_CP007472.1_Haemophilus_influenzae_strain_723__complete_genome NODE_15_length_1150785_cov_139.851166
			  Extensive misassembly ( relocation, inconsistency = -147760 ) between these two alignments
			Real Alignment 2: 1596819 1596909 | 1119 1209 | 91 91 | 96.7 | NZ_CP007472.1_Haemophilus_influenzae_strain_723__complete_genome NODE_15_length_1150785_cov_139.851166
			  Extensive misassembly ( relocation, inconsistency = 146712 ) between these two alignments
			Real Alignment 3: 1743636 1747753 | 1224 5326 | 4118 4103 | 95.31 | NZ_CP007472.1_Haemophilus_influenzae_strain_723__complete_genome NODE_15_length_1150785_cov_139.851166
			  Extensive misassembly ( relocation, inconsistency = -8472 ) between these two alignments
			Real Alignment 4: 1765261 1769932 | 31306 35977 | 4672 4672 | 98.2 | NZ_CP007472.1_Haemophilus_influenzae_strain_723__complete_genome NODE_15_length_1150785_cov_139.851166
			  Extensive misassembly ( relocation, inconsistency = 1157 ) between these two alignments
			Real Alignment 5: 1771139 1782497 | 36027 47377 | 11359 11351 | 95.64 | NZ_CP007472.1_Haemophilus_influenzae_strain_723__complete_genome NODE_15_length_1150785_cov_139.851166
			  Extensive misassembly ( relocation, inconsistency = -1522647 ) between these two alignments
			Real Alignment 6: 264364 266924 | 54444 51891 | 2561 2554 | 96.21 | NZ_CP007472.1_Haemophilus_influenzae_strain_723__complete_genome NODE_15_length_1150785_cov_139.851166
			  Gap between these two alignments (local misassembly). Inconsistency = 764 
			Real Alignment 7: 261074 263103 | 56967 54941 | 2030 2027 | 96.31 | NZ_CP007472.1_Haemophilus_influenzae_strain_723__complete_genome NODE_15_length_1150785_cov_139.851166
			  Extensive misassembly ( relocation, inconsistency = 1529005 ) between these two alignments
			Real Alignment 8: 1797501 1805328 | 62360 70163 | 7828 7804 | 95.22 | NZ_CP007472.1_Haemophilus_influenzae_strain_723__complete_genome NODE_15_length_1150785_cov_139.851166
			  Extensive misassembly ( relocation, inconsistency = -1446974 ) between these two alignments
			Real Alignment 9: 358357 374536 | 86331 70166 | 16180 16166 | 95.97 | NZ_CP007472.1_Haemophilus_influenzae_strain_723__complete_genome NODE_15_length_1150785_cov_139.851166
			  Extensive misassembly ( relocation, inconsistency = -88601 ) between these two alignments
			Real Alignment 10: 413974 430791 | 119294 102498 | 16818 16797 | 95.02 | NZ_CP007472.1_Haemophilus_influenzae_strain_723__complete_genome NODE_15_length_1150785_cov_139.851166
			  Overlap between these two alignments (local misassembly). Inconsistency = -987 
			Real Alignment 11: 413084 413983 | 121169 120272 | 900 898 | 97.22 | NZ_CP007472.1_Haemophilus_influenzae_strain_723__complete_genome NODE_15_length_1150785_cov_139.851166
			  Extensive misassembly ( relocation, inconsistency = -3092 ) between these two alignments
			Real Alignment 12: 385844 402155 | 151491 135190 | 16312 16302 | 95.64 | NZ_CP007472.1_Haemophilus_influenzae_strain_723__complete_genome NODE_15_length_1150785_cov_139.851166
			  Extensive misassembly ( relocation, inconsistency = 1412052 ) between these two alignments
			Real Alignment 13: 1814242 1822402 | 151526 159658 | 8161 8133 | 95.24 | NZ_CP007472.1_Haemophilus_influenzae_strain_723__complete_genome NODE_15_length_1150785_cov_139.851166
			  Extensive misassembly ( relocation, inconsistency = -1606839 ) between these two alignments
			Real Alignment 14: 237269 237567 | 181662 181364 | 299 299 | 95.32 | NZ_CP007472.1_Haemophilus_influenzae_strain_723__complete_genome NODE_15_length_1150785_cov_139.851166
			  Gap between these two alignments (local misassembly). Inconsistency = 31 
			Real Alignment 15: 211793 233827 | 207093 185073 | 22035 22021 | 95.33 | NZ_CP007472.1_Haemophilus_influenzae_strain_723__complete_genome NODE_15_length_1150785_cov_139.851166
			  Extensive misassembly ( relocation, inconsistency = -143167 ) between these two alignments
			Real Alignment 16: 91740 92572 | 208173 209005 | 833 833 | 98.08 | NZ_CP007472.1_Haemophilus_influenzae_strain_723__complete_genome NODE_15_length_1150785_cov_139.851166
			  Overlap between these two alignments (local misassembly). Inconsistency = -716 
			Real Alignment 17: 93644 111327 | 210793 228459 | 17684 17667 | 95.94 | NZ_CP007472.1_Haemophilus_influenzae_strain_723__complete_genome NODE_15_length_1150785_cov_139.851166
			  Extensive misassembly ( relocation, inconsistency = -36427 ) between these two alignments
			Real Alignment 18: 74916 79528 | 228475 233076 | 4613 4602 | 96.21 | NZ_CP007472.1_Haemophilus_influenzae_strain_723__complete_genome NODE_15_length_1150785_cov_139.851166
			  Extensive misassembly ( relocation, inconsistency = 8376 ) between these two alignments
			Real Alignment 19: 119870 121040 | 265042 266212 | 1171 1171 | 98.21 | NZ_CP007472.1_Haemophilus_influenzae_strain_723__complete_genome NODE_15_length_1150785_cov_139.851166
			  Extensive misassembly ( relocation, inconsistency = 23960 ) between these two alignments
			Real Alignment 20: 160175 161552 | 281387 282768 | 1378 1382 | 96.24 | NZ_CP007472.1_Haemophilus_influenzae_strain_723__complete_genome NODE_15_length_1150785_cov_139.851166
			  Overlap between these two alignments (local misassembly). Inconsistency = -393 
			Real Alignment 21: 161550 167655 | 283159 289243 | 6106 6085 | 98.44 | NZ_CP007472.1_Haemophilus_influenzae_strain_723__complete_genome NODE_15_length_1150785_cov_139.851166
			  Overlap between these two alignments (local misassembly). Inconsistency = -178 
			Real Alignment 22: 167685 176783 | 289451 298548 | 9099 9098 | 95.88 | NZ_CP007472.1_Haemophilus_influenzae_strain_723__complete_genome NODE_15_length_1150785_cov_139.851166
			  Extensive misassembly ( relocation, inconsistency = 1885 ) between these two alignments
			Real Alignment 23: 178803 197175 | 298683 317031 | 18373 18349 | 96.45 | NZ_CP007472.1_Haemophilus_influenzae_strain_723__complete_genome NODE_15_length_1150785_cov_139.851166
			  Extensive misassembly ( relocation, inconsistency = -93478 ) between these two alignments
			Real Alignment 24: 111385 112966 | 326300 324719 | 1582 1582 | 95.45 | NZ_CP007472.1_Haemophilus_influenzae_strain_723__complete_genome NODE_15_length_1150785_cov_139.851166
			  Extensive misassembly ( relocation, inconsistency = 36524 ) between these two alignments
			Real Alignment 25: 66332 74857 | 334829 326304 | 8526 8526 | 95.59 | NZ_CP007472.1_Haemophilus_influenzae_strain_723__complete_genome NODE_15_length_1150785_cov_139.851166
			  Extensive misassembly ( relocation, inconsistency = 5614 ) between these two alignments
			Real Alignment 26: 46137 57886 | 349410 337661 | 11750 11750 | 95.4 | NZ_CP007472.1_Haemophilus_influenzae_strain_723__complete_genome NODE_15_length_1150785_cov_139.851166
			  Extensive misassembly ( relocation, inconsistency = 183343 ) between these two alignments
			Real Alignment 27: 242297 247274 | 350478 355460 | 4978 4983 | 96.09 | NZ_CP007472.1_Haemophilus_influenzae_strain_723__complete_genome NODE_15_length_1150785_cov_139.851166
			  Extensive misassembly ( relocation, inconsistency = -41798 ) between these two alignments
			Real Alignment 28: 247578 248003 | 397562 397986 | 426 425 | 97.65 | NZ_CP007472.1_Haemophilus_influenzae_strain_723__complete_genome NODE_15_length_1150785_cov_139.851166
			  Extensive misassembly ( relocation, inconsistency = -247676 ) between these two alignments
			Real Alignment 29: 2229 2446 | 399888 400105 | 218 218 | 97.25 | NZ_CP007472.1_Haemophilus_influenzae_strain_723__complete_genome NODE_15_length_1150785_cov_139.851166
			  Extensive misassembly ( relocation, inconsistency = 234479 ) between these two alignments
			Real Alignment 30: 272989 279577 | 436169 442759 | 6589 6591 | 96.24 | NZ_CP007472.1_Haemophilus_influenzae_strain_723__complete_genome NODE_15_length_1150785_cov_139.851166
			  Extensive misassembly ( relocation, inconsistency = 1346 ) between these two alignments
			Real Alignment 31: 288444 302609 | 450280 464453 | 14166 14174 | 95.1 | NZ_CP007472.1_Haemophilus_influenzae_strain_723__complete_genome NODE_15_length_1150785_cov_139.851166
			  Extensive misassembly ( relocation, inconsistency = -1092 ) between these two alignments
			Real Alignment 32: 302659 302873 | 465810 465595 | 215 216 | 96.76 | NZ_CP007472.1_Haemophilus_influenzae_strain_723__complete_genome NODE_15_length_1150785_cov_139.851166
			  Extensive misassembly ( inversion ) between these two alignments
			Excluding internal overlap of size 2 between Alignment 33 and 34:  338735 340269 | 501710 503244 | 1535 1535 --> 338737 340269 | 501712 503244 | 1533 1533
			Real Alignment 33: 324328 338436 | 487645 501711 | 14109 14067 | 97.07 | NZ_CP007472.1_Haemophilus_influenzae_strain_723__complete_genome NODE_15_length_1150785_cov_139.851166
			  Gap between these two alignments (local misassembly). Inconsistency = 300 
			Real Alignment 34: 338737 340269 | 501712 503244 | 1533 1533 | 98.18 | NZ_CP007472.1_Haemophilus_influenzae_strain_723__complete_genome NODE_15_length_1150785_cov_139.851166
			  Extensive misassembly ( relocation, inconsistency = 90546 ) between these two alignments
			Real Alignment 35: 430981 433866 | 503410 506284 | 2886 2875 | 96.16 | NZ_CP007472.1_Haemophilus_influenzae_strain_723__complete_genome NODE_15_length_1150785_cov_139.851166
			  Overlap between these two alignments (local misassembly). Inconsistency = -18 
			Real Alignment 36: 434058 441188 | 506494 513647 | 7131 7154 | 95.51 | NZ_CP007472.1_Haemophilus_influenzae_strain_723__complete_genome NODE_15_length_1150785_cov_139.851166
			  Overlap between these two alignments (local misassembly). Inconsistency = -41 
			Real Alignment 37: 441290 460554 | 513790 533057 | 19265 19268 | 95.71 | NZ_CP007472.1_Haemophilus_influenzae_strain_723__complete_genome NODE_15_length_1150785_cov_139.851166
			  Extensive misassembly ( relocation, inconsistency = 1153553 ) between these two alignments
			Real Alignment 38: 1616453 1617487 | 536442 535403 | 1035 1040 | 95.58 | NZ_CP007472.1_Haemophilus_influenzae_strain_723__complete_genome NODE_15_length_1150785_cov_139.851166
			  Extensive misassembly ( relocation, inconsistency = -117097 ) between these two alignments
			Real Alignment 39: 1506877 1528162 | 542929 564146 | 21286 21218 | 96.34 | NZ_CP007472.1_Haemophilus_influenzae_strain_723__complete_genome NODE_15_length_1150785_cov_139.851166
			  Extensive misassembly ( relocation, inconsistency = 116472 ) between these two alignments
			Real Alignment 40: 1644686 1645677 | 565189 564198 | 992 992 | 95.46 | NZ_CP007472.1_Haemophilus_influenzae_strain_723__complete_genome NODE_15_length_1150785_cov_139.851166
			  Overlap between these two alignments (local misassembly). Inconsistency = -792 
			Real Alignment 41: 1642595 1644672 | 568072 565995 | 2078 2078 | 95.04 | NZ_CP007472.1_Haemophilus_influenzae_strain_723__complete_genome NODE_15_length_1150785_cov_139.851166
			  Gap between these two alignments (local misassembly). Inconsistency = 522 
			Real Alignment 42: 1641184 1642002 | 568961 568143 | 819 819 | 95.48 | NZ_CP007472.1_Haemophilus_influenzae_strain_723__complete_genome NODE_15_length_1150785_cov_139.851166
			  Gap between these two alignments (local misassembly). Inconsistency = 38 
			Real Alignment 43: 1627487 1640647 | 582619 569460 | 13161 13160 | 95.98 | NZ_CP007472.1_Haemophilus_influenzae_strain_723__complete_genome NODE_15_length_1150785_cov_139.851166
			  Overlap between these two alignments (local misassembly). Inconsistency = -605 
			Real Alignment 44: 1625932 1627078 | 584779 583633 | 1147 1147 | 96.52 | NZ_CP007472.1_Haemophilus_influenzae_strain_723__complete_genome NODE_15_length_1150785_cov_139.851166
			  Extensive misassembly ( relocation, inconsistency = 55739 ) between these two alignments
			Real Alignment 45: 1537084 1565992 | 617976 588980 | 28909 28997 | 96.76 | NZ_CP007472.1_Haemophilus_influenzae_strain_723__complete_genome NODE_15_length_1150785_cov_139.851166
			  Overlap between these two alignments (local misassembly). Inconsistency = -710 
			Excluding internal overlap of size 11 between Alignment 46 and 47:  1528343 1537030 | 627425 618740 | 8688 8686 --> 1528354 1537030 | 627414 618740 | 8677 8675
			Real Alignment 46: 1528354 1537030 | 627414 618740 | 8677 8675 | 96.24 | NZ_CP007472.1_Haemophilus_influenzae_strain_723__complete_genome NODE_15_length_1150785_cov_139.851166
			  Extensive misassembly ( relocation, inconsistency = -1010826 ) between these two alignments
			Real Alignment 47: 526205 541753 | 627415 642963 | 15549 15549 | 99.87 | NZ_CP007472.1_Haemophilus_influenzae_strain_723__complete_genome NODE_15_length_1150785_cov_139.851166
			  Extensive misassembly ( relocation, inconsistency = -3991 ) between these two alignments
			Real Alignment 48: 541587 567265 | 646788 672456 | 25679 25669 | 98.61 | NZ_CP007472.1_Haemophilus_influenzae_strain_723__complete_genome NODE_15_length_1150785_cov_139.851166
			  Gap between these two alignments (local misassembly). Inconsistency = 34 
			Real Alignment 49: 567476 576573 | 672633 681725 | 9098 9093 | 95.09 | NZ_CP007472.1_Haemophilus_influenzae_strain_723__complete_genome NODE_15_length_1150785_cov_139.851166
			  Overlap between these two alignments (local misassembly). Inconsistency = -15 
			Real Alignment 50: 576864 590849 | 682031 696020 | 13986 13990 | 95.69 | NZ_CP007472.1_Haemophilus_influenzae_strain_723__complete_genome NODE_15_length_1150785_cov_139.851166
			  Extensive misassembly ( relocation, inconsistency = 289926 ) between these two alignments
			Real Alignment 51: 889911 894363 | 709620 705156 | 4453 4465 | 97.0 | NZ_CP007472.1_Haemophilus_influenzae_strain_723__complete_genome NODE_15_length_1150785_cov_139.851166
			  Gap between these two alignments (local misassembly). Inconsistency = 6 
			Real Alignment 52: 875205 889720 | 724315 709805 | 14516 14511 | 96.65 | NZ_CP007472.1_Haemophilus_influenzae_strain_723__complete_genome NODE_15_length_1150785_cov_139.851166
			  Extensive misassembly ( relocation, inconsistency = -316860 ) between these two alignments
			Real Alignment 53: 599513 607209 | 750968 758663 | 7697 7696 | 98.21 | NZ_CP007472.1_Haemophilus_influenzae_strain_723__complete_genome NODE_15_length_1150785_cov_139.851166
			  Overlap between these two alignments (local misassembly). Inconsistency = -817 
			Real Alignment 54: 609752 630215 | 762023 782473 | 20464 20451 | 96.44 | NZ_CP007472.1_Haemophilus_influenzae_strain_723__complete_genome NODE_15_length_1150785_cov_139.851166
			  Overlap between these two alignments (local misassembly). Inconsistency = -459 
			Real Alignment 55: 630215 634576 | 782932 787306 | 4362 4375 | 97.42 | NZ_CP007472.1_Haemophilus_influenzae_strain_723__complete_genome NODE_15_length_1150785_cov_139.851166
			  Gap between these two alignments (local misassembly). Inconsistency = 922 
			Real Alignment 56: 647712 650812 | 799520 802621 | 3101 3102 | 95.55 | NZ_CP007472.1_Haemophilus_influenzae_strain_723__complete_genome NODE_15_length_1150785_cov_139.851166
			  Overlap between these two alignments (local misassembly). Inconsistency = -21 
			Real Alignment 57: 652031 660934 | 803861 812710 | 8904 8850 | 95.65 | NZ_CP007472.1_Haemophilus_influenzae_strain_723__complete_genome NODE_15_length_1150785_cov_139.851166
			  Extensive misassembly ( relocation, inconsistency = -2881 ) between these two alignments
			Real Alignment 58: 667668 685170 | 822325 839827 | 17503 17503 | 97.49 | NZ_CP007472.1_Haemophilus_influenzae_strain_723__complete_genome NODE_15_length_1150785_cov_139.851166
			  Gap between these two alignments (local misassembly). Inconsistency = 603 
			Real Alignment 59: 685918 709666 | 839972 863727 | 23749 23756 | 95.11 | NZ_CP007472.1_Haemophilus_influenzae_strain_723__complete_genome NODE_15_length_1150785_cov_139.851166
			  Extensive misassembly ( relocation, inconsistency = 1560 ) between these two alignments
			Real Alignment 60: 713181 748618 | 865682 901147 | 35438 35466 | 95.54 | NZ_CP007472.1_Haemophilus_influenzae_strain_723__complete_genome NODE_15_length_1150785_cov_139.851166
			  Extensive misassembly ( relocation, inconsistency = 47742 ) between these two alignments
			Real Alignment 61: 796458 797653 | 901245 902440 | 1196 1196 | 96.91 | NZ_CP007472.1_Haemophilus_influenzae_strain_723__complete_genome NODE_15_length_1150785_cov_139.851166
			  Extensive misassembly ( relocation, inconsistency = -1405 ) between these two alignments
			Real Alignment 62: 815724 834312 | 921916 940496 | 18589 18581 | 95.3 | NZ_CP007472.1_Haemophilus_influenzae_strain_723__complete_genome NODE_15_length_1150785_cov_139.851166
			  Overlap between these two alignments (local misassembly). Inconsistency = -382 
			Real Alignment 63: 834302 844266 | 940868 950833 | 9965 9966 | 99.04 | NZ_CP007472.1_Haemophilus_influenzae_strain_723__complete_genome NODE_15_length_1150785_cov_139.851166
			  Extensive misassembly ( relocation, inconsistency = 1061 ) between these two alignments
			Real Alignment 64: 845430 863469 | 950936 968997 | 18040 18062 | 97.07 | NZ_CP007472.1_Haemophilus_influenzae_strain_723__complete_genome NODE_15_length_1150785_cov_139.851166
			  Extensive misassembly ( relocation, inconsistency = -13266 ) between these two alignments
			Real Alignment 65: 863625 869939 | 982419 988731 | 6315 6313 | 96.36 | NZ_CP007472.1_Haemophilus_influenzae_strain_723__complete_genome NODE_15_length_1150785_cov_139.851166
			  Extensive misassembly ( relocation, inconsistency = 36020 ) between these two alignments
			Real Alignment 66: 908135 912202 | 990907 994974 | 4068 4068 | 95.11 | NZ_CP007472.1_Haemophilus_influenzae_strain_723__complete_genome NODE_15_length_1150785_cov_139.851166
			  Extensive misassembly ( relocation, inconsistency = 104858 ) between these two alignments
			Real Alignment 67: 1021912 1036147 | 1014049 999826 | 14236 14224 | 97.25 | NZ_CP007472.1_Haemophilus_influenzae_strain_723__complete_genome NODE_15_length_1150785_cov_139.851166
			  Overlap between these two alignments (local misassembly). Inconsistency = -496 
			Real Alignment 68: 1004214 1021916 | 1032260 1014541 | 17703 17720 | 95.52 | NZ_CP007472.1_Haemophilus_influenzae_strain_723__complete_genome NODE_15_length_1150785_cov_139.851166
			  Extensive misassembly ( relocation, inconsistency = -1683 ) between these two alignments
			Real Alignment 69: 997785 1004215 | 1040375 1033942 | 6431 6434 | 95.82 | NZ_CP007472.1_Haemophilus_influenzae_strain_723__complete_genome NODE_15_length_1150785_cov_139.851166
			  Gap between these two alignments (local misassembly). Inconsistency = 94 
			Real Alignment 70: 988731 996000 | 1049333 1042066 | 7270 7268 | 97.57 | NZ_CP007472.1_Haemophilus_influenzae_strain_723__complete_genome NODE_15_length_1150785_cov_139.851166
			  Extensive misassembly ( relocation, inconsistency = -223174 ) between these two alignments
			Real Alignment 71: 1186977 1208043 | 1074259 1053195 | 21067 21065 | 95.47 | NZ_CP007472.1_Haemophilus_influenzae_strain_723__complete_genome NODE_15_length_1150785_cov_139.851166
			  Gap between these two alignments (local misassembly). Inconsistency = 38 
			Real Alignment 72: 1169116 1186811 | 1092081 1074387 | 17696 17695 | 95.66 | NZ_CP007472.1_Haemophilus_influenzae_strain_723__complete_genome NODE_15_length_1150785_cov_139.851166
			  Overlap between these two alignments (local misassembly). Inconsistency = -134 
			Real Alignment 73: 1163689 1169105 | 1097662 1092226 | 5417 5437 | 95.48 | NZ_CP007472.1_Haemophilus_influenzae_strain_723__complete_genome NODE_15_length_1150785_cov_139.851166
			  Extensive misassembly ( relocation, inconsistency = -138227 ) between these two alignments
			Real Alignment 74: 1041000 1044681 | 1107784 1111456 | 3682 3673 | 95.14 | NZ_CP007472.1_Haemophilus_influenzae_strain_723__complete_genome NODE_15_length_1150785_cov_139.851166
			  Overlap between these two alignments (local misassembly). Inconsistency = -199 
			Real Alignment 75: 1044682 1047275 | 1111656 1114253 | 2594 2598 | 96.77 | NZ_CP007472.1_Haemophilus_influenzae_strain_723__complete_genome NODE_15_length_1150785_cov_139.851166
			  Extensive misassembly ( relocation, inconsistency = -55724 ) between these two alignments
			Real Alignment 76: 995865 995964 | 1118567 1118667 | 100 101 | 98.02 | NZ_CP007472.1_Haemophilus_influenzae_strain_723__complete_genome NODE_15_length_1150785_cov_139.851166
			  Extensive misassembly ( relocation, inconsistency = 56597 ) between these two alignments
			Real Alignment 77: 1056507 1060427 | 1122613 1126533 | 3921 3921 | 95.87 | NZ_CP007472.1_Haemophilus_influenzae_strain_723__complete_genome NODE_15_length_1150785_cov_139.851166
			  Gap between these two alignments (local misassembly). Inconsistency = 664 
			Real Alignment 78: 1061145 1066634 | 1126587 1132069 | 5490 5483 | 96.32 | NZ_CP007472.1_Haemophilus_influenzae_strain_723__complete_genome NODE_15_length_1150785_cov_139.851166
			  Extensive misassembly ( relocation, inconsistency = -5415 ) between these two alignments
			Real Alignment 79: 1071331 1079676 | 1142181 1150533 | 8346 8353 | 96.47 | NZ_CP007472.1_Haemophilus_influenzae_strain_723__complete_genome NODE_15_length_1150785_cov_139.851166

CONTIG: NODE_16_length_1163_cov_286.803101 (1289bp)
Top Length: 1276  Top ID: 96.71
			Skipping redundant alignments after choosing the best set of alignments
		Skipping redundant alignment 1122054 1123330 | 1289 14 | 1277 1276 | 96.71 | NZ_CP007472.1_Haemophilus_influenzae_strain_723__complete_genome NODE_16_length_1163_cov_286.803101
		This contig is partially unaligned. (Aligned 1276 out of 1289 bases)
		Alignment: 1080373 1081649 | 14 1289 | 1277 1276 | 96.71 | NZ_CP007472.1_Haemophilus_influenzae_strain_723__complete_genome NODE_16_length_1163_cov_286.803101
		Unaligned bases: 1 to 13 (13)

CONTIG: NODE_17_length_551_cov_403.508179 (677bp)
Top Length: 126  Top ID: 99.21
			Skipping redundant alignments after choosing the best set of alignments
		Skipping redundant alignment 1107827 1107952 | 677 552 | 126 126 | 98.41 | NZ_CP007472.1_Haemophilus_influenzae_strain_723__complete_genome NODE_17_length_551_cov_403.508179
		Skipping redundant alignment 1592868 1592993 | 677 552 | 126 126 | 99.21 | NZ_CP007472.1_Haemophilus_influenzae_strain_723__complete_genome NODE_17_length_551_cov_403.508179
		Skipping redundant alignment 1593175 1593298 | 128 3 | 124 126 | 96.03 | NZ_CP007472.1_Haemophilus_influenzae_strain_723__complete_genome NODE_17_length_551_cov_403.508179
		This contig is misassembled. 5 total aligns.
			Warning! This contig is more unaligned than misassembled. Contig length is 677 and total length of all aligns is 252
		Alignment: 1476287 1476410 | 128 3 | 124 126 | 96.03 | NZ_CP007472.1_Haemophilus_influenzae_strain_723__complete_genome NODE_17_length_551_cov_403.508179
		Alignment: 1475980 1476105 | 677 552 | 126 126 | 99.21 | NZ_CP007472.1_Haemophilus_influenzae_strain_723__complete_genome NODE_17_length_551_cov_403.508179
		Unaligned bases: 425
Analyzing coverage...
Writing SNPs into /data/projects/Assembly/Aroon/reports/GCF_000931625.1_ASM93162v1_genomic/contigs_reports/nucmer_output/M10540_contigs.used_snps
	Reference NZ_CP007472.1_Haemophilus_influenzae_strain_723__complete_genome: 138 total alignments. 1 total regions.
		Region: 1 to 1887620 (1887620 bp)
			START in gap: 1 to 2229 (2228 bp)
			Align 1: 2229 2446 NODE_15_length_1150785_cov_139.851166 399888 400105
				Gap between this and next alignment: 2446 to 46137 (43690 bp)
				Next Alignment: 46137 57886 NODE_15_length_1150785_cov_139.851166 349410 337661

			Align 2: 46137 57886 NODE_15_length_1150785_cov_139.851166 349410 337661
				Gap between this and next alignment: 57886 to 66332 (8445 bp)
				Next Alignment: 66332 74857 NODE_15_length_1150785_cov_139.851166 334829 326304

			Align 3: 66332 74857 NODE_15_length_1150785_cov_139.851166 334829 326304
				Gap between this and next alignment: 74857 to 74916 (58 bp)
				Next Alignment: 74916 79528 NODE_15_length_1150785_cov_139.851166 228475 233076

			Align 4: 74916 79528 NODE_15_length_1150785_cov_139.851166 228475 233076
				Gap between this and next alignment: 79528 to 91740 (12211 bp)
				Next Alignment: 91740 92572 NODE_15_length_1150785_cov_139.851166 208173 209005

			Align 5: 91740 92572 NODE_15_length_1150785_cov_139.851166 208173 209005
				Gap between this and next alignment: 92572 to 93644 (1071 bp)
				Next Alignment: 93644 111327 NODE_15_length_1150785_cov_139.851166 210793 228459

			Align 6: 93644 111327 NODE_15_length_1150785_cov_139.851166 210793 228459
				Gap between this and next alignment: 111327 to 111385 (57 bp)
				Next Alignment: 111385 112966 NODE_15_length_1150785_cov_139.851166 326300 324719

			Align 7: 111385 112966 NODE_15_length_1150785_cov_139.851166 326300 324719
				Gap between this and next alignment: 112966 to 119870 (6903 bp)
				Next Alignment: 119870 121040 NODE_15_length_1150785_cov_139.851166 265042 266212

			Align 8: 119870 121040 NODE_15_length_1150785_cov_139.851166 265042 266212
				Gap between this and next alignment: 121040 to 160175 (39134 bp)
				Next Alignment: 160175 161552 NODE_15_length_1150785_cov_139.851166 281387 282768

			Align 9: 160175 161552 NODE_15_length_1150785_cov_139.851166 281387 282768
				Negative gap (overlap) between this and next alignment: 161552 to 161550 (-2 bp)
				Next Alignment: 161550 167655 NODE_15_length_1150785_cov_139.851166 283159 289243

			Previous gap was negative, modifying coordinates to ignore overlap
				Moving contig start from 283159 to 283162.
			Align 10: 161553 167655 NODE_15_length_1150785_cov_139.851166 283162 289243
				Gap between this and next alignment: 167655 to 167685 (29 bp)
				Next Alignment: 167685 176783 NODE_15_length_1150785_cov_139.851166 289451 298548

			Align 11: 167685 176783 NODE_15_length_1150785_cov_139.851166 289451 298548
				Gap between this and next alignment: 176783 to 178803 (2019 bp)
				Next Alignment: 178803 197175 NODE_15_length_1150785_cov_139.851166 298683 317031

			Align 12: 178803 197175 NODE_15_length_1150785_cov_139.851166 298683 317031
				Gap between this and next alignment: 197175 to 211793 (14617 bp)
				Next Alignment: 211793 233827 NODE_15_length_1150785_cov_139.851166 207093 185073

			Align 13: 211793 233827 NODE_15_length_1150785_cov_139.851166 207093 185073
				Gap between this and next alignment: 233827 to 237269 (3441 bp)
				Next Alignment: 237269 237567 NODE_15_length_1150785_cov_139.851166 181662 181364

			Align 14: 237269 237567 NODE_15_length_1150785_cov_139.851166 181662 181364
				Gap between this and next alignment: 237567 to 242297 (4729 bp)
				Next Alignment: 242297 247274 NODE_15_length_1150785_cov_139.851166 350478 355460

			Align 15: 242297 247274 NODE_15_length_1150785_cov_139.851166 350478 355460
				Gap between this and next alignment: 247274 to 247578 (303 bp)
				Next Alignment: 247578 248003 NODE_15_length_1150785_cov_139.851166 397562 397986

			Align 16: 247578 248003 NODE_15_length_1150785_cov_139.851166 397562 397986
				Gap between this and next alignment: 248003 to 261074 (13070 bp)
				Next Alignment: 261074 263103 NODE_15_length_1150785_cov_139.851166 56967 54941

			Align 17: 261074 263103 NODE_15_length_1150785_cov_139.851166 56967 54941
				Gap between this and next alignment: 263103 to 264364 (1260 bp)
				Next Alignment: 264364 266924 NODE_15_length_1150785_cov_139.851166 54444 51891

			Align 18: 264364 266924 NODE_15_length_1150785_cov_139.851166 54444 51891
				Gap between this and next alignment: 266924 to 272989 (6064 bp)
				Next Alignment: 272989 279577 NODE_15_length_1150785_cov_139.851166 436169 442759

			Align 19: 272989 279577 NODE_15_length_1150785_cov_139.851166 436169 442759
				Gap between this and next alignment: 279577 to 288444 (8866 bp)
				Next Alignment: 288444 302609 NODE_15_length_1150785_cov_139.851166 450280 464453

			Align 20: 288444 302609 NODE_15_length_1150785_cov_139.851166 450280 464453
				Gap between this and next alignment: 302609 to 302659 (49 bp)
				Next Alignment: 302659 302873 NODE_15_length_1150785_cov_139.851166 465810 465595

			Align 21: 302659 302873 NODE_15_length_1150785_cov_139.851166 465810 465595
				Gap between this and next alignment: 302873 to 324328 (21454 bp)
				Next Alignment: 324328 338436 NODE_15_length_1150785_cov_139.851166 487645 501711

			Align 22: 324328 338436 NODE_15_length_1150785_cov_139.851166 487645 501711
				Gap between this and next alignment: 338436 to 338737 (300 bp)
				Next Alignment: 338737 340269 NODE_15_length_1150785_cov_139.851166 501712 503244

			Align 23: 338737 340269 NODE_15_length_1150785_cov_139.851166 501712 503244
				Gap between this and next alignment: 340269 to 358357 (18087 bp)
				Next Alignment: 358357 374536 NODE_15_length_1150785_cov_139.851166 86331 70166

			Align 24: 358357 374536 NODE_15_length_1150785_cov_139.851166 86331 70166
				Gap between this and next alignment: 374536 to 385844 (11307 bp)
				Next Alignment: 385844 402155 NODE_15_length_1150785_cov_139.851166 151491 135190

			Align 25: 385844 402155 NODE_15_length_1150785_cov_139.851166 151491 135190
				Gap between this and next alignment: 402155 to 413084 (10928 bp)
				Next Alignment: 413084 413983 NODE_15_length_1150785_cov_139.851166 121169 120272

			Align 26: 413084 413983 NODE_15_length_1150785_cov_139.851166 121169 120272
				Negative gap (overlap) between this and next alignment: 413983 to 413974 (-9 bp)
				Next Alignment: 413974 430791 NODE_15_length_1150785_cov_139.851166 119294 102498

			Previous gap was negative, modifying coordinates to ignore overlap
				Moving contig start from 119294 to 119284.
			Align 27: 413984 430791 NODE_15_length_1150785_cov_139.851166 119284 102498
				Gap between this and next alignment: 430791 to 430981 (189 bp)
				Next Alignment: 430981 433866 NODE_15_length_1150785_cov_139.851166 503410 506284

			Align 28: 430981 433866 NODE_15_length_1150785_cov_139.851166 503410 506284
				Gap between this and next alignment: 433866 to 434058 (191 bp)
				Next Alignment: 434058 441188 NODE_15_length_1150785_cov_139.851166 506494 513647

			Align 29: 434058 441188 NODE_15_length_1150785_cov_139.851166 506494 513647
				Gap between this and next alignment: 441188 to 441290 (101 bp)
				Next Alignment: 441290 460554 NODE_15_length_1150785_cov_139.851166 513790 533057

			Align 30: 441290 460554 NODE_15_length_1150785_cov_139.851166 513790 533057
				Gap between this and next alignment: 460554 to 464407 (3852 bp)
				Next Alignment: 464407 475274 NODE_4_length_186812_cov_140.254013 29243 18379

			Align 31: 464407 475274 NODE_4_length_186812_cov_140.254013 29243 18379
				Gap between this and next alignment: 475274 to 479936 (4661 bp)
				Next Alignment: 479936 484503 NODE_4_length_186812_cov_140.254013 41677 46247

			Align 32: 479936 484503 NODE_4_length_186812_cov_140.254013 41677 46247
				Gap between this and next alignment: 484503 to 488457 (3953 bp)
				Next Alignment: 488457 498438 NODE_4_length_186812_cov_140.254013 50841 60828

			Align 33: 488457 498438 NODE_4_length_186812_cov_140.254013 50841 60828
				Gap between this and next alignment: 498438 to 498603 (164 bp)
				Next Alignment: 498603 525697 NODE_4_length_186812_cov_140.254013 60829 87874

			Align 34: 498603 525697 NODE_4_length_186812_cov_140.254013 60829 87874
				Gap between this and next alignment: 525697 to 526205 (507 bp)
				Next Alignment: 526205 541753 NODE_15_length_1150785_cov_139.851166 627415 642963

			Align 35: 526205 541753 NODE_15_length_1150785_cov_139.851166 627415 642963
				Negative gap (overlap) between this and next alignment: 541753 to 541587 (-166 bp)
				Next Alignment: 541587 567265 NODE_15_length_1150785_cov_139.851166 646788 672456

			Previous gap was negative, modifying coordinates to ignore overlap
				Moving contig start from 646788 to 646951.
			Align 36: 541754 567265 NODE_15_length_1150785_cov_139.851166 646951 672456
				Gap between this and next alignment: 567265 to 567476 (210 bp)
				Next Alignment: 567476 576573 NODE_15_length_1150785_cov_139.851166 672633 681725

			Align 37: 567476 576573 NODE_15_length_1150785_cov_139.851166 672633 681725
				Gap between this and next alignment: 576573 to 576864 (290 bp)
				Next Alignment: 576864 590849 NODE_15_length_1150785_cov_139.851166 682031 696020

			Align 38: 576864 590849 NODE_15_length_1150785_cov_139.851166 682031 696020
				Gap between this and next alignment: 590849 to 599513 (8663 bp)
				Next Alignment: 599513 607209 NODE_15_length_1150785_cov_139.851166 750968 758663

			Align 39: 599513 607209 NODE_15_length_1150785_cov_139.851166 750968 758663
				Gap between this and next alignment: 607209 to 609752 (2542 bp)
				Next Alignment: 609752 630215 NODE_15_length_1150785_cov_139.851166 762023 782473

			Align 40: 609752 630215 NODE_15_length_1150785_cov_139.851166 762023 782473
				Negative gap (overlap) between this and next alignment: 630215 to 630215 (0 bp)
				Next Alignment: 630215 634576 NODE_15_length_1150785_cov_139.851166 782932 787306

			Previous gap was negative, modifying coordinates to ignore overlap
				Moving contig start from 782932 to 782933.
			Align 41: 630216 634576 NODE_15_length_1150785_cov_139.851166 782933 787306
				Gap between this and next alignment: 634576 to 647712 (13135 bp)
				Next Alignment: 647712 650812 NODE_15_length_1150785_cov_139.851166 799520 802621

			Align 42: 647712 650812 NODE_15_length_1150785_cov_139.851166 799520 802621
				Gap between this and next alignment: 650812 to 652031 (1218 bp)
				Next Alignment: 652031 660934 NODE_15_length_1150785_cov_139.851166 803861 812710

			Align 43: 652031 660934 NODE_15_length_1150785_cov_139.851166 803861 812710
				Gap between this and next alignment: 660934 to 667668 (6733 bp)
				Next Alignment: 667668 685170 NODE_15_length_1150785_cov_139.851166 822325 839827

			Align 44: 667668 685170 NODE_15_length_1150785_cov_139.851166 822325 839827
				Gap between this and next alignment: 685170 to 685918 (747 bp)
				Next Alignment: 685918 709666 NODE_15_length_1150785_cov_139.851166 839972 863727

			Align 45: 685918 709666 NODE_15_length_1150785_cov_139.851166 839972 863727
				Gap between this and next alignment: 709666 to 713181 (3514 bp)
				Next Alignment: 713181 748618 NODE_15_length_1150785_cov_139.851166 865682 901147

			Align 46: 713181 748618 NODE_15_length_1150785_cov_139.851166 865682 901147
				Gap between this and next alignment: 748618 to 748781 (162 bp)
				Next Alignment: 748781 752395 NODE_1_length_311333_cov_153.831482 82059 85672

			Align 47: 748781 752395 NODE_1_length_311333_cov_153.831482 82059 85672
				Gap between this and next alignment: 752395 to 754145 (1749 bp)
				Next Alignment: 754145 776216 NODE_1_length_311333_cov_153.831482 85696 107780

			Align 48: 754145 776216 NODE_1_length_311333_cov_153.831482 85696 107780
				Gap between this and next alignment: 776216 to 796458 (20241 bp)
				Next Alignment: 796458 797653 NODE_15_length_1150785_cov_139.851166 901245 902440

			Align 49: 796458 797653 NODE_15_length_1150785_cov_139.851166 901245 902440
				Gap between this and next alignment: 797653 to 815724 (18070 bp)
				Next Alignment: 815724 834312 NODE_15_length_1150785_cov_139.851166 921916 940496

			Align 50: 815724 834312 NODE_15_length_1150785_cov_139.851166 921916 940496
				Negative gap (overlap) between this and next alignment: 834312 to 834302 (-10 bp)
				Next Alignment: 834302 844266 NODE_15_length_1150785_cov_139.851166 940868 950833

			Previous gap was negative, modifying coordinates to ignore overlap
				Moving contig start from 940868 to 940879.
			Align 51: 834313 844266 NODE_15_length_1150785_cov_139.851166 940879 950833
				Gap between this and next alignment: 844266 to 845430 (1163 bp)
				Next Alignment: 845430 863469 NODE_15_length_1150785_cov_139.851166 950936 968997

			Align 52: 845430 863469 NODE_15_length_1150785_cov_139.851166 950936 968997
				Gap between this and next alignment: 863469 to 863625 (155 bp)
				Next Alignment: 863625 869939 NODE_15_length_1150785_cov_139.851166 982419 988731

			Align 53: 863625 869939 NODE_15_length_1150785_cov_139.851166 982419 988731
				Gap between this and next alignment: 869939 to 875205 (5265 bp)
				Next Alignment: 875205 889720 NODE_15_length_1150785_cov_139.851166 724315 709805

			Align 54: 875205 889720 NODE_15_length_1150785_cov_139.851166 724315 709805
				Gap between this and next alignment: 889720 to 889911 (190 bp)
				Next Alignment: 889911 894363 NODE_15_length_1150785_cov_139.851166 709620 705156

			Align 55: 889911 894363 NODE_15_length_1150785_cov_139.851166 709620 705156
				Gap between this and next alignment: 894363 to 908135 (13771 bp)
				Next Alignment: 908135 912202 NODE_15_length_1150785_cov_139.851166 990907 994974

			Align 56: 908135 912202 NODE_15_length_1150785_cov_139.851166 990907 994974
				Gap between this and next alignment: 912202 to 912638 (435 bp)
				Next Alignment: 912638 919242 NODE_2_length_39119_cov_167.875656 29975 36579

			Align 57: 912638 919242 NODE_2_length_39119_cov_167.875656 29975 36579
				Gap between this and next alignment: 919242 to 952520 (33277 bp)
				Next Alignment: 952520 971046 NODE_5_length_26946_cov_145.931458 3 18546

			Align 58: 952520 971046 NODE_5_length_26946_cov_145.931458 3 18546
				The next alignment (968271 968350 NODE_1_length_311333_cov_153.831482 311331 311252) is redundant. Skipping.
				Gap between this and next alignment: 971046 to 979926 (8879 bp)
				Next Alignment: 979926 980010 NODE_1_length_311333_cov_153.831482 286869 286785

			Align 60: 979926 980010 NODE_1_length_311333_cov_153.831482 286869 286785
				The next alignment (979926 980006 NODE_1_length_311333_cov_153.831482 286969 286889) is redundant. Skipping.
				Gap between this and next alignment: 980010 to 986103 (6092 bp)
				Next Alignment: 986103 988720 NODE_2_length_39119_cov_167.875656 39242 36629

			Align 62: 986103 988720 NODE_2_length_39119_cov_167.875656 39242 36629
				Gap between this and next alignment: 988720 to 988731 (10 bp)
				Next Alignment: 988731 996000 NODE_15_length_1150785_cov_139.851166 1049333 1042066

			Align 63: 988731 996000 NODE_15_length_1150785_cov_139.851166 1049333 1042066
				The next alignment (995865 995964 NODE_15_length_1150785_cov_139.851166 1118567 1118667) is redundant. Skipping.
				Gap between this and next alignment: 996000 to 997785 (1784 bp)
				Next Alignment: 997785 1004215 NODE_15_length_1150785_cov_139.851166 1040375 1033942

			Align 65: 997785 1004215 NODE_15_length_1150785_cov_139.851166 1040375 1033942
				Negative gap (overlap) between this and next alignment: 1004215 to 1004214 (-1 bp)
				Next Alignment: 1004214 1021916 NODE_15_length_1150785_cov_139.851166 1032260 1014541

			Previous gap was negative, modifying coordinates to ignore overlap
				Moving contig start from 1032260 to 1032258.
			Align 66: 1004216 1021916 NODE_15_length_1150785_cov_139.851166 1032258 1014541
				Negative gap (overlap) between this and next alignment: 1021916 to 1021912 (-4 bp)
				Next Alignment: 1021912 1036147 NODE_15_length_1150785_cov_139.851166 1014049 999826

			Previous gap was negative, modifying coordinates to ignore overlap
				Moving contig start from 1014049 to 1014044.
			Align 67: 1021917 1036147 NODE_15_length_1150785_cov_139.851166 1014044 999826
				Gap between this and next alignment: 1036147 to 1041000 (4852 bp)
				Next Alignment: 1041000 1044681 NODE_15_length_1150785_cov_139.851166 1107784 1111456

			Align 68: 1041000 1044681 NODE_15_length_1150785_cov_139.851166 1107784 1111456
				Next Alignment: 1044682 1047275 NODE_15_length_1150785_cov_139.851166 1111656 1114253

			Align 69: 1044682 1047275 NODE_15_length_1150785_cov_139.851166 1111656 1114253
				Gap between this and next alignment: 1047275 to 1056507 (9231 bp)
				Next Alignment: 1056507 1060427 NODE_15_length_1150785_cov_139.851166 1122613 1126533

			Align 70: 1056507 1060427 NODE_15_length_1150785_cov_139.851166 1122613 1126533
				Gap between this and next alignment: 1060427 to 1061145 (717 bp)
				Next Alignment: 1061145 1066634 NODE_15_length_1150785_cov_139.851166 1126587 1132069

			Align 71: 1061145 1066634 NODE_15_length_1150785_cov_139.851166 1126587 1132069
				Gap between this and next alignment: 1066634 to 1071331 (4696 bp)
				Next Alignment: 1071331 1079676 NODE_15_length_1150785_cov_139.851166 1142181 1150533

			Align 72: 1071331 1079676 NODE_15_length_1150785_cov_139.851166 1142181 1150533
				Gap between this and next alignment: 1079676 to 1080373 (696 bp)
				Next Alignment: 1080373 1081649 NODE_16_length_1163_cov_286.803101 14 1289

			Align 73: 1080373 1081649 NODE_16_length_1163_cov_286.803101 14 1289
				Negative gap (overlap) between this and next alignment: 1081649 to 1081524 (-125 bp)
				Next Alignment: 1081524 1087330 NODE_3_length_25597_cov_176.608231 1 5830

			Previous gap was negative, modifying coordinates to ignore overlap
				Moving contig start from 1 to 127.
			Align 74: 1081650 1087330 NODE_3_length_25597_cov_176.608231 127 5830
				Gap between this and next alignment: 1087330 to 1098242 (10911 bp)
				Next Alignment: 1098242 1106298 NODE_3_length_25597_cov_176.608231 17654 25722

			Align 75: 1098242 1106298 NODE_3_length_25597_cov_176.608231 17654 25722
				Gap between this and next alignment: 1106298 to 1112073 (5774 bp)
				Next Alignment: 1112073 1122179 NODE_6_length_10068_cov_175.156143 97 10194

			Align 76: 1112073 1122179 NODE_6_length_10068_cov_175.156143 97 10194
				Gap between this and next alignment: 1122179 to 1135739 (13559 bp)
				Next Alignment: 1135739 1136130 NODE_3_length_25597_cov_176.608231 13668 13277

			Align 77: 1135739 1136130 NODE_3_length_25597_cov_176.608231 13668 13277
				Gap between this and next alignment: 1136130 to 1138450 (2319 bp)
				Next Alignment: 1138450 1146334 NODE_2_length_39119_cov_167.875656 11880 19767

			Align 78: 1138450 1146334 NODE_2_length_39119_cov_167.875656 11880 19767
				Gap between this and next alignment: 1146334 to 1150474 (4139 bp)
				Next Alignment: 1150474 1152166 NODE_2_length_39119_cov_167.875656 23490 25183

			Align 79: 1150474 1152166 NODE_2_length_39119_cov_167.875656 23490 25183
				Gap between this and next alignment: 1152166 to 1152225 (58 bp)
				Next Alignment: 1152225 1154237 NODE_2_length_39119_cov_167.875656 27174 29181

			Align 80: 1152225 1154237 NODE_2_length_39119_cov_167.875656 27174 29181
				Gap between this and next alignment: 1154237 to 1163689 (9451 bp)
				Next Alignment: 1163689 1169105 NODE_15_length_1150785_cov_139.851166 1097662 1092226

			Align 81: 1163689 1169105 NODE_15_length_1150785_cov_139.851166 1097662 1092226
				Gap between this and next alignment: 1169105 to 1169116 (10 bp)
				Next Alignment: 1169116 1186811 NODE_15_length_1150785_cov_139.851166 1092081 1074387

			Align 82: 1169116 1186811 NODE_15_length_1150785_cov_139.851166 1092081 1074387
				Gap between this and next alignment: 1186811 to 1186977 (165 bp)
				Next Alignment: 1186977 1208043 NODE_15_length_1150785_cov_139.851166 1074259 1053195

			Align 83: 1186977 1208043 NODE_15_length_1150785_cov_139.851166 1074259 1053195
				Gap between this and next alignment: 1208043 to 1213120 (5076 bp)
				Next Alignment: 1213120 1221028 NODE_1_length_311333_cov_153.831482 28747 36656

			Align 84: 1213120 1221028 NODE_1_length_311333_cov_153.831482 28747 36656
				Gap between this and next alignment: 1221028 to 1229124 (8095 bp)
				Next Alignment: 1229124 1237788 NODE_1_length_311333_cov_153.831482 36693 45338

			Align 85: 1229124 1237788 NODE_1_length_311333_cov_153.831482 36693 45338
				Gap between this and next alignment: 1237788 to 1262528 (24739 bp)
				Next Alignment: 1262528 1273336 NODE_1_length_311333_cov_153.831482 132848 122046

			Align 86: 1262528 1273336 NODE_1_length_311333_cov_153.831482 132848 122046
				Gap between this and next alignment: 1273336 to 1280744 (7407 bp)
				Next Alignment: 1280744 1280824 NODE_1_length_311333_cov_153.831482 58206 58286

			Align 87: 1280744 1280824 NODE_1_length_311333_cov_153.831482 58206 58286
				Gap between this and next alignment: 1280824 to 1281324 (499 bp)
				Next Alignment: 1281324 1291418 NODE_1_length_311333_cov_153.831482 230463 240551

			Align 88: 1281324 1291418 NODE_1_length_311333_cov_153.831482 230463 240551
				Gap between this and next alignment: 1291418 to 1304111 (12692 bp)
				Next Alignment: 1304111 1330099 NODE_1_length_311333_cov_153.831482 253987 279922

			Align 89: 1304111 1330099 NODE_1_length_311333_cov_153.831482 253987 279922
				Gap between this and next alignment: 1330099 to 1330223 (123 bp)
				Next Alignment: 1330223 1333876 NODE_1_length_311333_cov_153.831482 280042 283695

			Align 90: 1330223 1333876 NODE_1_length_311333_cov_153.831482 280042 283695
				Gap between this and next alignment: 1333876 to 1338585 (4708 bp)
				Next Alignment: 1338585 1348773 NODE_1_length_311333_cov_153.831482 82058 71870

			Align 91: 1338585 1348773 NODE_1_length_311333_cov_153.831482 82058 71870
				Negative gap (overlap) between this and next alignment: 1348773 to 1348751 (-22 bp)
				Next Alignment: 1348751 1359556 NODE_1_length_311333_cov_153.831482 71708 60904

			Previous gap was negative, modifying coordinates to ignore overlap
				Moving contig start from 71708 to 71685.
			Align 92: 1348774 1359556 NODE_1_length_311333_cov_153.831482 71685 60904
				Gap between this and next alignment: 1359556 to 1362177 (2620 bp)
				Next Alignment: 1362177 1362677 NODE_1_length_311333_cov_153.831482 230462 229962

			Align 93: 1362177 1362677 NODE_1_length_311333_cov_153.831482 230462 229962
				Gap between this and next alignment: 1362677 to 1381954 (19276 bp)
				Next Alignment: 1381954 1394732 NODE_1_length_311333_cov_153.831482 215504 202726

			Align 94: 1381954 1394732 NODE_1_length_311333_cov_153.831482 215504 202726
				Gap between this and next alignment: 1394732 to 1395221 (488 bp)
				Next Alignment: 1395221 1418529 NODE_1_length_311333_cov_153.831482 202582 179261

			Align 95: 1395221 1418529 NODE_1_length_311333_cov_153.831482 202582 179261
				Negative gap (overlap) between this and next alignment: 1418529 to 1418521 (-8 bp)
				Next Alignment: 1418521 1419736 NODE_1_length_311333_cov_153.831482 178764 177549

			Previous gap was negative, modifying coordinates to ignore overlap
				Moving contig start from 178764 to 178755.
			Align 96: 1418530 1419736 NODE_1_length_311333_cov_153.831482 178755 177549
				Negative gap (overlap) between this and next alignment: 1419736 to 1419728 (-8 bp)
				Next Alignment: 1419728 1434502 NODE_1_length_311333_cov_153.831482 177208 162415

			Previous gap was negative, modifying coordinates to ignore overlap
				Moving contig start from 177208 to 177199.
			Align 97: 1419737 1434502 NODE_1_length_311333_cov_153.831482 177199 162415
				Negative gap (overlap) between this and next alignment: 1434502 to 1434494 (-8 bp)
				Next Alignment: 1434494 1443301 NODE_1_length_311333_cov_153.831482 162221 153405

			Previous gap was negative, modifying coordinates to ignore overlap
				Moving contig start from 162221 to 162212.
			Align 98: 1434503 1443301 NODE_1_length_311333_cov_153.831482 162212 153405
				Gap between this and next alignment: 1443301 to 1451423 (8121 bp)
				Next Alignment: 1451423 1464103 NODE_1_length_311333_cov_153.831482 121089 108408

			Align 99: 1451423 1464103 NODE_1_length_311333_cov_153.831482 121089 108408
				Gap between this and next alignment: 1464103 to 1465679 (1575 bp)
				Next Alignment: 1465679 1474327 NODE_7_length_50836_cov_155.284012 8649 4

			Align 100: 1465679 1474327 NODE_7_length_50836_cov_155.284012 8649 4
				Negative gap (overlap) between this and next alignment: 1474327 to 1474227 (-100 bp)
				Next Alignment: 1474227 1474716 NODE_4_length_186812_cov_140.254013 491 1

			Previous gap was negative, modifying coordinates to ignore overlap
				Moving contig start from 491 to 391.
			Align 101: 1474328 1474716 NODE_4_length_186812_cov_140.254013 391 1
				The next alignment (1474342 1474465 NODE_1_length_311333_cov_153.831482 311334 311459) is redundant. Skipping.
				Gap between this and next alignment: 1474716 to 1475980 (1263 bp)
				Next Alignment: 1475980 1476105 NODE_17_length_551_cov_403.508179 677 552

			Align 103: 1475980 1476105 NODE_17_length_551_cov_403.508179 677 552
				Gap between this and next alignment: 1476105 to 1476287 (181 bp)
				Next Alignment: 1476287 1476410 NODE_17_length_551_cov_403.508179 128 3

			Align 104: 1476287 1476410 NODE_17_length_551_cov_403.508179 128 3
				Gap between this and next alignment: 1476410 to 1479877 (3466 bp)
				Next Alignment: 1479877 1480002 NODE_5_length_26946_cov_145.931458 27072 26947

			Align 105: 1479877 1480002 NODE_5_length_26946_cov_145.931458 27072 26947
				Gap between this and next alignment: 1480002 to 1490359 (10356 bp)
				Next Alignment: 1490359 1497989 NODE_4_length_186812_cov_140.254013 177066 169433

			Align 106: 1490359 1497989 NODE_4_length_186812_cov_140.254013 177066 169433
				Gap between this and next alignment: 1497989 to 1499070 (1080 bp)
				Next Alignment: 1499070 1506813 NODE_7_length_50836_cov_155.284012 34739 42476

			Align 107: 1499070 1506813 NODE_7_length_50836_cov_155.284012 34739 42476
				Gap between this and next alignment: 1506813 to 1506877 (63 bp)
				Next Alignment: 1506877 1528162 NODE_15_length_1150785_cov_139.851166 542929 564146

			Align 108: 1506877 1528162 NODE_15_length_1150785_cov_139.851166 542929 564146
				Gap between this and next alignment: 1528162 to 1528354 (191 bp)
				Next Alignment: 1528354 1537030 NODE_15_length_1150785_cov_139.851166 627414 618740

			Align 109: 1528354 1537030 NODE_15_length_1150785_cov_139.851166 627414 618740
				Gap between this and next alignment: 1537030 to 1537084 (53 bp)
				Next Alignment: 1537084 1565992 NODE_15_length_1150785_cov_139.851166 617976 588980

			Align 110: 1537084 1565992 NODE_15_length_1150785_cov_139.851166 617976 588980
				Gap between this and next alignment: 1565992 to 1571541 (5548 bp)
				Next Alignment: 1571541 1571625 NODE_5_length_26946_cov_145.931458 26776 26692

			Align 111: 1571541 1571625 NODE_5_length_26946_cov_145.931458 26776 26692
				Gap between this and next alignment: 1571625 to 1591479 (19853 bp)
				Next Alignment: 1591479 1592993 NODE_8_length_1388_cov_514.852295 1514 1

			Align 112: 1591479 1592993 NODE_8_length_1388_cov_514.852295 1514 1
				Gap between this and next alignment: 1592993 to 1593177 (183 bp)
				Next Alignment: 1593177 1593959 NODE_9_length_3328_cov_573.854553 3454 2671

			Align 113: 1593177 1593959 NODE_9_length_3328_cov_573.854553 3454 2671
				Gap between this and next alignment: 1593959 to 1594068 (108 bp)
				Next Alignment: 1594068 1594689 NODE_9_length_3328_cov_573.854553 2666 2045

			Align 114: 1594068 1594689 NODE_9_length_3328_cov_573.854553 2666 2045
				Gap between this and next alignment: 1594689 to 1594810 (120 bp)
				Next Alignment: 1594810 1596551 NODE_9_length_3328_cov_573.854553 2039 296

			Align 115: 1594810 1596551 NODE_9_length_3328_cov_573.854553 2039 296
				Gap between this and next alignment: 1596551 to 1596745 (193 bp)
				Next Alignment: 1596745 1596890 NODE_9_length_3328_cov_573.854553 143 1

			Align 116: 1596745 1596890 NODE_9_length_3328_cov_573.854553 143 1
				Negative gap (overlap) between this and next alignment: 1596890 to 1596819 (-71 bp)
				Next Alignment: 1596819 1596909 NODE_15_length_1150785_cov_139.851166 1119 1209

			Previous gap was negative, modifying coordinates to ignore overlap
				Moving contig start from 1119 to 1191.
			Align 117: 1596891 1596909 NODE_15_length_1150785_cov_139.851166 1191 1209
				The next alignment (1596827 1596909 NODE_1_length_311333_cov_153.831482 1 83) is redundant. Skipping.
				The next alignment (1596827 1596909 NODE_4_length_186812_cov_140.254013 186938 186856) is redundant. Skipping.
				Gap between this and next alignment: 1596909 to 1600171 (3261 bp)
				Next Alignment: 1600171 1600447 NODE_7_length_50836_cov_155.284012 44163 43886

			Align 120: 1600171 1600447 NODE_7_length_50836_cov_155.284012 44163 43886
				Gap between this and next alignment: 1600447 to 1616453 (16005 bp)
				Next Alignment: 1616453 1617487 NODE_15_length_1150785_cov_139.851166 536442 535403

			Align 121: 1616453 1617487 NODE_15_length_1150785_cov_139.851166 536442 535403
				Gap between this and next alignment: 1617487 to 1617500 (12 bp)
				Next Alignment: 1617500 1625748 NODE_4_length_186812_cov_140.254013 30577 38826

			Align 122: 1617500 1625748 NODE_4_length_186812_cov_140.254013 30577 38826
				Gap between this and next alignment: 1625748 to 1625932 (183 bp)
				Next Alignment: 1625932 1627078 NODE_15_length_1150785_cov_139.851166 584779 583633

			Align 123: 1625932 1627078 NODE_15_length_1150785_cov_139.851166 584779 583633
				Gap between this and next alignment: 1627078 to 1627487 (408 bp)
				Next Alignment: 1627487 1640647 NODE_15_length_1150785_cov_139.851166 582619 569460

			Align 124: 1627487 1640647 NODE_15_length_1150785_cov_139.851166 582619 569460
				The next alignment (1637313 1637576 NODE_1_length_311333_cov_153.831482 299329 299590) is redundant. Skipping.
				The next alignment (1637680 1637761 NODE_1_length_311333_cov_153.831482 299591 299672) is redundant. Skipping.
				Gap between this and next alignment: 1640647 to 1641184 (536 bp)
				Next Alignment: 1641184 1642002 NODE_15_length_1150785_cov_139.851166 568961 568143

			Align 127: 1641184 1642002 NODE_15_length_1150785_cov_139.851166 568961 568143
				Gap between this and next alignment: 1642002 to 1642595 (592 bp)
				Next Alignment: 1642595 1644672 NODE_15_length_1150785_cov_139.851166 568072 565995

			Align 128: 1642595 1644672 NODE_15_length_1150785_cov_139.851166 568072 565995
				Gap between this and next alignment: 1644672 to 1644686 (13 bp)
				Next Alignment: 1644686 1645677 NODE_15_length_1150785_cov_139.851166 565189 564198

			Align 129: 1644686 1645677 NODE_15_length_1150785_cov_139.851166 565189 564198
				Gap between this and next alignment: 1645677 to 1677575 (31897 bp)
				Next Alignment: 1677575 1701636 NODE_4_length_186812_cov_140.254013 135666 111561

			Align 130: 1677575 1701636 NODE_4_length_186812_cov_140.254013 135666 111561
				Negative gap (overlap) between this and next alignment: 1701636 to 1701622 (-14 bp)
				Next Alignment: 1701622 1725230 NODE_4_length_186812_cov_140.254013 111448 87875

			Previous gap was negative, modifying coordinates to ignore overlap
				Moving contig start from 111448 to 111433.
			Align 131: 1701637 1725230 NODE_4_length_186812_cov_140.254013 111433 87875
				Gap between this and next alignment: 1725230 to 1725375 (144 bp)
				Next Alignment: 1725375 1731014 NODE_4_length_186812_cov_140.254013 12983 7344

			Align 132: 1725375 1731014 NODE_4_length_186812_cov_140.254013 12983 7344
				Gap between this and next alignment: 1731014 to 1743460 (12445 bp)
				Next Alignment: 1743460 1743561 NODE_15_length_1150785_cov_139.851166 1 101

			Align 133: 1743460 1743561 NODE_15_length_1150785_cov_139.851166 1 101
				Gap between this and next alignment: 1743561 to 1743636 (74 bp)
				Next Alignment: 1743636 1747753 NODE_15_length_1150785_cov_139.851166 1224 5326

			Align 134: 1743636 1747753 NODE_15_length_1150785_cov_139.851166 1224 5326
				Gap between this and next alignment: 1747753 to 1765261 (17507 bp)
				Next Alignment: 1765261 1769932 NODE_15_length_1150785_cov_139.851166 31306 35977

			Align 135: 1765261 1769932 NODE_15_length_1150785_cov_139.851166 31306 35977
				Gap between this and next alignment: 1769932 to 1771139 (1206 bp)
				Next Alignment: 1771139 1782497 NODE_15_length_1150785_cov_139.851166 36027 47377

			Align 136: 1771139 1782497 NODE_15_length_1150785_cov_139.851166 36027 47377
				Gap between this and next alignment: 1782497 to 1797501 (15003 bp)
				Next Alignment: 1797501 1805328 NODE_15_length_1150785_cov_139.851166 62360 70163

			Align 137: 1797501 1805328 NODE_15_length_1150785_cov_139.851166 62360 70163
				Gap between this and next alignment: 1805328 to 1814242 (8913 bp)
				Next Alignment: 1814242 1822402 NODE_15_length_1150785_cov_139.851166 151526 159658

			Align 138: 1814242 1822402 NODE_15_length_1150785_cov_139.851166 151526 159658
			END in gap: 1822402 to 1887620 (65218 bp)

Analysis is finished!
Founded SNPs were written into /data/projects/Assembly/Aroon/reports/GCF_000931625.1_ASM93162v1_genomic/contigs_reports/nucmer_output/M10540_contigs.used_snps

Results:
	Local Misassemblies: 45
	Misassemblies: 78
		Relocations: 77
		Translocations: 0
		Inversions: 1
	Misassembled Contigs: 6
	Misassembled Contig Bases: 1741348
	Misassemblies Inter-Contig Overlap: 0
Uncovered Regions: 0 (0)
Unaligned Contigs: 0 + 3 part
Partially Unaligned Contigs with Misassemblies: 2
Unaligned Contig Bases: 34738

Ambiguously Mapped Contigs: 1
Total Bases in Ambiguously Mapped Contigs: 1514
Note that --allow-ambiguity option was set to "one" and only first alignment per each contig was used.

	Covered Bases: 1117315

	SNPs: 39821
	Insertions: 1067
	Deletions: 1290

	Positive Gaps: 115
		Internal Gaps:  83
		External Gaps:  32
		External Gap Total:  284966
		External Gap Average: 8905
	Negative Gaps: 15
		Internal Overlaps:  12
		External Overlaps:  3
		External Overlaps Total: -296
		External Overlaps Average: -99
	Contigs with Redundant Alignments: 4 (897)
