Aligning contigs to reference...
	Running Nucmer
Parsing coords...
Loading reference...
	Loaded [NZ_CP007472.1_Haemophilus_influenzae_strain_723__complete_genome]
Loading SNPs...
Loading regions...
	No regions given, using whole reference.
	Total Regions: 1
	Total Region Length: 1887620
Analyzing contigs...
CONTIG: NODE_1_length_61020_cov_149.082642 (61146bp)
Top Length: 22228  Top ID: 97.95
		Skipping redundant alignment 1579974 1580051 | 38996 38919 | 78 78 | 100.0 | NZ_CP007472.1_Haemophilus_influenzae_strain_723__complete_genome NODE_1_length_61020_cov_149.082642
		Skipping redundant alignment 1637682 1637759 | 38996 38919 | 78 78 | 100.0 | NZ_CP007472.1_Haemophilus_influenzae_strain_723__complete_genome NODE_1_length_61020_cov_149.082642
		Skipping redundant alignment 1111320 1111863 | 61146 60605 | 544 542 | 95.42 | NZ_CP007472.1_Haemophilus_influenzae_strain_723__complete_genome NODE_1_length_61020_cov_149.082642
		Skipping redundant alignment 946600 947135 | 60612 61146 | 536 535 | 95.91 | NZ_CP007472.1_Haemophilus_influenzae_strain_723__complete_genome NODE_1_length_61020_cov_149.082642
		Skipping redundant alignment 1479475 1480009 | 61146 60613 | 535 534 | 95.72 | NZ_CP007472.1_Haemophilus_influenzae_strain_723__complete_genome NODE_1_length_61020_cov_149.082642
		Skipping redundant alignment 980181 980708 | 60620 61146 | 528 527 | 95.85 | NZ_CP007472.1_Haemophilus_influenzae_strain_723__complete_genome NODE_1_length_61020_cov_149.082642
		This contig is misassembled. 11 total aligns.
			Excluding internal overlap of size 228 between Alignment 1 and 2:  1792850 1797724 | 12434 7502 | 4875 4933 --> 1792850 1797496 | 12434 7730 | 4647 4705
			Real Alignment 1: 1797665 1805395 | 7729 1 | 7731 7729 | 97.71 | NZ_CP007472.1_Haemophilus_influenzae_strain_723__complete_genome NODE_1_length_61020_cov_149.082642
			  Gap between these two alignments (local misassembly). Inconsistency = 168 
			Real Alignment 2: 1792850 1797496 | 12434 7730 | 4647 4705 | 95.44 | NZ_CP007472.1_Haemophilus_influenzae_strain_723__complete_genome NODE_1_length_61020_cov_149.082642
			  Overlap between these two alignments (local misassembly). Inconsistency = -128 
			Real Alignment 3: 1771139 1792837 | 34274 12575 | 21699 21700 | 98.37 | NZ_CP007472.1_Haemophilus_influenzae_strain_723__complete_genome NODE_1_length_61020_cov_149.082642
			  Extensive misassembly ( relocation, inconsistency = 1157 ) between these two alignments
			Excluding internal overlap of size 1 between Alignment 4 and 5:  1765337 1769932 | 38919 34324 | 4596 4596 --> 1765338 1769932 | 38918 34324 | 4595 4595
			Real Alignment 4: 1765338 1769932 | 38918 34324 | 4595 4595 | 97.5 | NZ_CP007472.1_Haemophilus_influenzae_strain_723__complete_genome NODE_1_length_61020_cov_149.082642
			  Gap between these two alignments (local misassembly). Inconsistency = 100 
			Real Alignment 5: 1743014 1765237 | 61146 38919 | 22224 22228 | 97.95 | NZ_CP007472.1_Haemophilus_influenzae_strain_723__complete_genome NODE_1_length_61020_cov_149.082642

CONTIG: NODE_2_length_27589_cov_169.095764 (27715bp)
Top Length: 27715  Top ID: 98.45
		Marking as insignificant: 1591146 1591225 | 11886 11965 | 80 80 | 100.0 | NZ_CP007472.1_Haemophilus_influenzae_strain_723__complete_genome NODE_2_length_27589_cov_169.095764
		Marking as insignificant: 1571645 1571725 | 301 381 | 81 81 | 100.0 | NZ_CP007472.1_Haemophilus_influenzae_strain_723__complete_genome NODE_2_length_27589_cov_169.095764
		Marking as insignificant: 1571541 1571625 | 297 381 | 85 85 | 100.0 | NZ_CP007472.1_Haemophilus_influenzae_strain_723__complete_genome NODE_2_length_27589_cov_169.095764
		Marking as insignificant: 1106083 1106183 | 27614 27715 | 101 102 | 98.04 | NZ_CP007472.1_Haemophilus_influenzae_strain_723__complete_genome NODE_2_length_27589_cov_169.095764
		Marking as insignificant: 1737522 1737632 | 27604 27715 | 111 112 | 96.43 | NZ_CP007472.1_Haemophilus_influenzae_strain_723__complete_genome NODE_2_length_27589_cov_169.095764
		Marking as insignificant: 1474214 1474338 | 27590 27715 | 125 126 | 96.83 | NZ_CP007472.1_Haemophilus_influenzae_strain_723__complete_genome NODE_2_length_27589_cov_169.095764
		Marking as insignificant: 1596765 1596890 | 1 126 | 126 126 | 99.21 | NZ_CP007472.1_Haemophilus_influenzae_strain_723__complete_genome NODE_2_length_27589_cov_169.095764
		Marking as insignificant: 986092 986216 | 27715 27590 | 125 126 | 99.21 | NZ_CP007472.1_Haemophilus_influenzae_strain_723__complete_genome NODE_2_length_27589_cov_169.095764
		Marking as insignificant: 1743416 1743541 | 1 126 | 126 126 | 100.0 | NZ_CP007472.1_Haemophilus_influenzae_strain_723__complete_genome NODE_2_length_27589_cov_169.095764
		Marking as insignificant: 1479877 1480002 | 1 126 | 126 126 | 100.0 | NZ_CP007472.1_Haemophilus_influenzae_strain_723__complete_genome NODE_2_length_27589_cov_169.095764
		Marking as insignificant: 1111722 1111847 | 1 126 | 126 126 | 100.0 | NZ_CP007472.1_Haemophilus_influenzae_strain_723__complete_genome NODE_2_length_27589_cov_169.095764
		Marking as insignificant: 946608 946733 | 126 1 | 126 126 | 100.0 | NZ_CP007472.1_Haemophilus_influenzae_strain_723__complete_genome NODE_2_length_27589_cov_169.095764
		One align captures most of this contig: 952520 980306 | 27715 1 | 27787 27715 | 98.45 | NZ_CP007472.1_Haemophilus_influenzae_strain_723__complete_genome NODE_2_length_27589_cov_169.095764

CONTIG: NODE_3_length_179628_cov_156.746414 (179754bp)
Top Length: 56831  Top ID: 97.69
		Skipping redundant alignment 1474227 1474370 | 144 1 | 144 144 | 97.92 | NZ_CP007472.1_Haemophilus_influenzae_strain_723__complete_genome NODE_3_length_179628_cov_156.746414
		Skipping redundant alignment 952488 952632 | 1 144 | 145 144 | 97.24 | NZ_CP007472.1_Haemophilus_influenzae_strain_723__complete_genome NODE_3_length_179628_cov_156.746414
		Skipping redundant alignment 1106073 1106215 | 141 1 | 143 141 | 98.6 | NZ_CP007472.1_Haemophilus_influenzae_strain_723__complete_genome NODE_3_length_179628_cov_156.746414
		Skipping redundant alignment 1362263 1362361 | 55005 55103 | 99 99 | 100.0 | NZ_CP007472.1_Haemophilus_influenzae_strain_723__complete_genome NODE_3_length_179628_cov_156.746414
		Skipping redundant alignment 1579972 1580053 | 98101 98020 | 82 82 | 100.0 | NZ_CP007472.1_Haemophilus_influenzae_strain_723__complete_genome NODE_3_length_179628_cov_156.746414
		Skipping redundant alignment 1765160 1765237 | 98099 98022 | 78 78 | 100.0 | NZ_CP007472.1_Haemophilus_influenzae_strain_723__complete_genome NODE_3_length_179628_cov_156.746414
		Skipping redundant alignment 1579879 1579971 | 98297 98205 | 93 93 | 98.92 | NZ_CP007472.1_Haemophilus_influenzae_strain_723__complete_genome NODE_3_length_179628_cov_156.746414
		Skipping redundant alignment 1579708 1579948 | 143329 143091 | 241 239 | 96.27 | NZ_CP007472.1_Haemophilus_influenzae_strain_723__complete_genome NODE_3_length_179628_cov_156.746414
		Skipping redundant alignment 1315725 1315803 | 143205 143283 | 79 79 | 100.0 | NZ_CP007472.1_Haemophilus_influenzae_strain_723__complete_genome NODE_3_length_179628_cov_156.746414
		Skipping redundant alignment 1111592 1111857 | 179466 179202 | 266 265 | 95.86 | NZ_CP007472.1_Haemophilus_influenzae_strain_723__complete_genome NODE_3_length_179628_cov_156.746414
		Skipping redundant alignment 980181 980436 | 179212 179466 | 256 255 | 96.48 | NZ_CP007472.1_Haemophilus_influenzae_strain_723__complete_genome NODE_3_length_179628_cov_156.746414
			Skipping redundant alignments after choosing the best set of alignments
		Skipping redundant alignment 1743286 1743561 | 179466 179193 | 276 274 | 95.65 | NZ_CP007472.1_Haemophilus_influenzae_strain_723__complete_genome NODE_3_length_179628_cov_156.746414
		This contig is misassembled. 23 total aligns.
			Real Alignment 1: 1680798 1737664 | 56831 1 | 56867 56831 | 97.69 | NZ_CP007472.1_Haemophilus_influenzae_strain_723__complete_genome NODE_3_length_179628_cov_156.746414
			  Extensive misassembly ( relocation, inconsistency = 1406 ) between these two alignments
			Real Alignment 2: 1668894 1679372 | 67329 56851 | 10479 10479 | 97.86 | NZ_CP007472.1_Haemophilus_influenzae_strain_723__complete_genome NODE_3_length_179628_cov_156.746414
			  Overlap between these two alignments (local misassembly). Inconsistency = -146 
			Real Alignment 3: 1642595 1668888 | 93709 67481 | 26294 26229 | 97.32 | NZ_CP007472.1_Haemophilus_influenzae_strain_723__complete_genome NODE_3_length_179628_cov_156.746414
			  Gap between these two alignments (local misassembly). Inconsistency = 522 
			Real Alignment 4: 1637484 1642002 | 98297 93780 | 4519 4518 | 98.21 | NZ_CP007472.1_Haemophilus_influenzae_strain_723__complete_genome NODE_3_length_179628_cov_156.746414
			  Extensive misassembly ( relocation, inconsistency = -44863 ) between these two alignments
			Real Alignment 5: 1631394 1637553 | 149233 143091 | 6160 6143 | 96.9 | NZ_CP007472.1_Haemophilus_influenzae_strain_723__complete_genome NODE_3_length_179628_cov_156.746414
			  Extensive misassembly ( relocation, inconsistency = 4034 ) between these two alignments
			Real Alignment 6: 1612126 1625941 | 164470 150652 | 13816 13819 | 99.18 | NZ_CP007472.1_Haemophilus_influenzae_strain_723__complete_genome NODE_3_length_179628_cov_156.746414
			  Overlap between these two alignments (local misassembly). Inconsistency = -54 
			Real Alignment 7: 1604120 1611080 | 172525 165570 | 6961 6956 | 96.31 | NZ_CP007472.1_Haemophilus_influenzae_strain_723__complete_genome NODE_3_length_179628_cov_156.746414
			  Gap between these two alignments (local misassembly). Inconsistency = 358 
			Real Alignment 8: 1603480 1603758 | 172807 172529 | 279 279 | 98.57 | NZ_CP007472.1_Haemophilus_influenzae_strain_723__complete_genome NODE_3_length_179628_cov_156.746414
			  Gap between these two alignments (local misassembly). Inconsistency = 397 
			Real Alignment 9: 1600438 1603079 | 175452 172811 | 2642 2642 | 98.68 | NZ_CP007472.1_Haemophilus_influenzae_strain_723__complete_genome NODE_3_length_179628_cov_156.746414
			  Overlap between these two alignments (local misassembly). Inconsistency = -431 
			Real Alignment 10: 1597793 1600447 | 178528 175874 | 2655 2655 | 97.29 | NZ_CP007472.1_Haemophilus_influenzae_strain_723__complete_genome NODE_3_length_179628_cov_156.746414
			  Gap between these two alignments (local misassembly). Inconsistency = 219 
			Real Alignment 11: 1596635 1596909 | 179466 179193 | 275 274 | 95.64 | NZ_CP007472.1_Haemophilus_influenzae_strain_723__complete_genome NODE_3_length_179628_cov_156.746414

CONTIG: NODE_4_length_5921_cov_282.400604 (6047bp)
Top Length: 4582  Top ID: 96.97
			Skipping redundant alignments after choosing the best set of alignments
		Skipping redundant alignment 1805269 1809852 | 6047 1466 | 4584 4582 | 96.97 | NZ_CP007472.1_Haemophilus_influenzae_strain_723__complete_genome NODE_4_length_5921_cov_282.400604
		This contig is partially unaligned. (Aligned 4582 out of 6047 bases)
		Alignment: 378965 383548 | 1466 6047 | 4584 4582 | 96.58 | NZ_CP007472.1_Haemophilus_influenzae_strain_723__complete_genome NODE_4_length_5921_cov_282.400604
		Unaligned bases: 1 to 1465 (1465)
		This contig has both significant aligned and unaligned parts (of length >= min-contig)!

CONTIG: NODE_5_length_444826_cov_179.227036 (444952bp)
Top Length: 57173  Top ID: 97.38
		Skipping redundant alignment 986108 986248 | 1 142 | 141 142 | 99.3 | NZ_CP007472.1_Haemophilus_influenzae_strain_723__complete_genome NODE_5_length_444826_cov_179.227036
		Skipping redundant alignment 952536 952645 | 1 110 | 110 110 | 100.0 | NZ_CP007472.1_Haemophilus_influenzae_strain_723__complete_genome NODE_5_length_444826_cov_179.227036
		Skipping redundant alignment 1737522 1737616 | 96 1 | 95 96 | 95.83 | NZ_CP007472.1_Haemophilus_influenzae_strain_723__complete_genome NODE_5_length_444826_cov_179.227036
		Skipping redundant alignment 1106083 1106167 | 86 1 | 85 86 | 97.67 | NZ_CP007472.1_Haemophilus_influenzae_strain_723__complete_genome NODE_5_length_444826_cov_179.227036
		Skipping redundant alignment 1682526 1682624 | 107668 107766 | 99 99 | 100.0 | NZ_CP007472.1_Haemophilus_influenzae_strain_723__complete_genome NODE_5_length_444826_cov_179.227036
		Skipping redundant alignment 31053 31137 | 137868 137952 | 85 85 | 100.0 | NZ_CP007472.1_Haemophilus_influenzae_strain_723__complete_genome NODE_5_length_444826_cov_179.227036
		Skipping redundant alignment 1150438 1150530 | 137962 137870 | 93 93 | 100.0 | NZ_CP007472.1_Haemophilus_influenzae_strain_723__complete_genome NODE_5_length_444826_cov_179.227036
		Skipping redundant alignment 31051 31137 | 137870 137956 | 87 87 | 100.0 | NZ_CP007472.1_Haemophilus_influenzae_strain_723__complete_genome NODE_5_length_444826_cov_179.227036
		Skipping redundant alignment 1150438 1150530 | 137974 137882 | 93 93 | 100.0 | NZ_CP007472.1_Haemophilus_influenzae_strain_723__complete_genome NODE_5_length_444826_cov_179.227036
		Skipping redundant alignment 1150439 1150530 | 137977 137886 | 92 92 | 100.0 | NZ_CP007472.1_Haemophilus_influenzae_strain_723__complete_genome NODE_5_length_444826_cov_179.227036
		Skipping redundant alignment 31051 31141 | 137890 137981 | 91 92 | 98.91 | NZ_CP007472.1_Haemophilus_influenzae_strain_723__complete_genome NODE_5_length_444826_cov_179.227036
		Skipping redundant alignment 1579756 1579834 | 159624 159702 | 79 79 | 100.0 | NZ_CP007472.1_Haemophilus_influenzae_strain_723__complete_genome NODE_5_length_444826_cov_179.227036
		Skipping redundant alignment 1637360 1637438 | 159624 159702 | 79 79 | 100.0 | NZ_CP007472.1_Haemophilus_influenzae_strain_723__complete_genome NODE_5_length_444826_cov_179.227036
		Skipping redundant alignment 31050 31131 | 326535 326616 | 82 82 | 100.0 | NZ_CP007472.1_Haemophilus_influenzae_strain_723__complete_genome NODE_5_length_444826_cov_179.227036
		Skipping redundant alignment 1337509 1337590 | 326616 326535 | 82 82 | 100.0 | NZ_CP007472.1_Haemophilus_influenzae_strain_723__complete_genome NODE_5_length_444826_cov_179.227036
		Skipping redundant alignment 771660 771727 | 326602 326535 | 68 68 | 100.0 | NZ_CP007472.1_Haemophilus_influenzae_strain_723__complete_genome NODE_5_length_444826_cov_179.227036
		Skipping redundant alignment 31055 31135 | 326536 326616 | 81 81 | 100.0 | NZ_CP007472.1_Haemophilus_influenzae_strain_723__complete_genome NODE_5_length_444826_cov_179.227036
		Skipping redundant alignment 1337457 1337537 | 326616 326536 | 81 81 | 100.0 | NZ_CP007472.1_Haemophilus_influenzae_strain_723__complete_genome NODE_5_length_444826_cov_179.227036
		Skipping redundant alignment 1337454 1337533 | 326615 326536 | 80 80 | 100.0 | NZ_CP007472.1_Haemophilus_influenzae_strain_723__complete_genome NODE_5_length_444826_cov_179.227036
		Skipping redundant alignment 771662 771726 | 326616 326552 | 65 65 | 100.0 | NZ_CP007472.1_Haemophilus_influenzae_strain_723__complete_genome NODE_5_length_444826_cov_179.227036
		Skipping redundant alignment 1136368 1136614 | 339443 339197 | 247 247 | 96.76 | NZ_CP007472.1_Haemophilus_influenzae_strain_723__complete_genome NODE_5_length_444826_cov_179.227036
		Skipping redundant alignment 1023910 1024409 | 381985 381486 | 500 500 | 98.0 | NZ_CP007472.1_Haemophilus_influenzae_strain_723__complete_genome NODE_5_length_444826_cov_179.227036
		Skipping redundant alignment 1097641 1097766 | 435027 435152 | 126 126 | 98.41 | NZ_CP007472.1_Haemophilus_influenzae_strain_723__complete_genome NODE_5_length_444826_cov_179.227036
		Skipping redundant alignment 1097641 1097766 | 435027 435156 | 126 130 | 95.38 | NZ_CP007472.1_Haemophilus_influenzae_strain_723__complete_genome NODE_5_length_444826_cov_179.227036
		Skipping redundant alignment 1097679 1097778 | 435105 435203 | 100 99 | 97.0 | NZ_CP007472.1_Haemophilus_influenzae_strain_723__complete_genome NODE_5_length_444826_cov_179.227036
		Skipping redundant alignment 952536 952645 | 444952 444843 | 110 110 | 100.0 | NZ_CP007472.1_Haemophilus_influenzae_strain_723__complete_genome NODE_5_length_444826_cov_179.227036
		Skipping redundant alignment 1737522 1737616 | 444857 444952 | 95 96 | 95.83 | NZ_CP007472.1_Haemophilus_influenzae_strain_723__complete_genome NODE_5_length_444826_cov_179.227036
		Skipping redundant alignment 1106083 1106167 | 444867 444952 | 85 86 | 97.67 | NZ_CP007472.1_Haemophilus_influenzae_strain_723__complete_genome NODE_5_length_444826_cov_179.227036
		This contig is misassembled. 55 total aligns.
			Excluding internal overlap of size 11 between Alignment 1 and 2:  1464358 1474322 | 9968 1 | 9965 9968 --> 1464369 1474322 | 9957 1 | 9954 9957
			Real Alignment 1: 1464369 1474322 | 9957 1 | 9954 9957 | 97.08 | NZ_CP007472.1_Haemophilus_influenzae_strain_723__complete_genome NODE_5_length_444826_cov_179.227036
			  Gap between these two alignments (local misassembly). Inconsistency = 241 
			Real Alignment 2: 1445042 1464127 | 29016 9958 | 19086 19059 | 96.82 | NZ_CP007472.1_Haemophilus_influenzae_strain_723__complete_genome NODE_5_length_444826_cov_179.227036
			  Gap between these two alignments (local misassembly). Inconsistency = 15 
			Real Alignment 3: 1419728 1443298 | 54347 30745 | 23571 23603 | 95.09 | NZ_CP007472.1_Haemophilus_influenzae_strain_723__complete_genome NODE_5_length_444826_cov_179.227036
			  Overlap between these two alignments (local misassembly). Inconsistency = -348 
			Real Alignment 4: 1418521 1419734 | 55902 54689 | 1214 1214 | 97.45 | NZ_CP007472.1_Haemophilus_influenzae_strain_723__complete_genome NODE_5_length_444826_cov_179.227036
			  Overlap between these two alignments (local misassembly). Inconsistency = -505 
			Excluding internal overlap of size 17 between Alignment 5 and 6:  1370433 1377003 | 99446 92877 | 6571 6570 --> 1370433 1376986 | 99446 92894 | 6554 6553
			Real Alignment 5: 1381954 1418529 | 92893 56399 | 36576 36495 | 96.64 | NZ_CP007472.1_Haemophilus_influenzae_strain_723__complete_genome NODE_5_length_444826_cov_179.227036
			  Extensive misassembly ( relocation, inconsistency = 4967 ) between these two alignments
			Real Alignment 6: 1370433 1376986 | 99446 92894 | 6554 6553 | 96.18 | NZ_CP007472.1_Haemophilus_influenzae_strain_723__complete_genome NODE_5_length_444826_cov_179.227036
			  Overlap between these two alignments (local misassembly). Inconsistency = -151 
			Real Alignment 7: 1362818 1370428 | 107210 99602 | 7611 7609 | 96.19 | NZ_CP007472.1_Haemophilus_influenzae_strain_723__complete_genome NODE_5_length_444826_cov_179.227036
			  Gap between these two alignments (local misassembly). Inconsistency = 0 
			Real Alignment 8: 1356580 1362677 | 113450 107351 | 6098 6100 | 97.85 | NZ_CP007472.1_Haemophilus_influenzae_strain_723__complete_genome NODE_5_length_444826_cov_179.227036
			  Extensive misassembly ( relocation, inconsistency = -5420 ) between these two alignments
			Real Alignment 9: 1304111 1356583 | 171354 118867 | 52473 52488 | 97.22 | NZ_CP007472.1_Haemophilus_influenzae_strain_723__complete_genome NODE_5_length_444826_cov_179.227036
			  Overlap between these two alignments (local misassembly). Inconsistency = -15 
			Excluding internal overlap of size 12 between Alignment 10 and 11:  1213120 1246129 | 262162 229155 | 33010 33008 --> 1213120 1246117 | 262162 229167 | 32998 32996
			Real Alignment 10: 1246259 1303486 | 229166 171994 | 57228 57173 | 97.38 | NZ_CP007472.1_Haemophilus_influenzae_strain_723__complete_genome NODE_5_length_444826_cov_179.227036
			  Gap between these two alignments (local misassembly). Inconsistency = 141 
			Real Alignment 11: 1213120 1246117 | 262162 229167 | 32998 32996 | 97.74 | NZ_CP007472.1_Haemophilus_influenzae_strain_723__complete_genome NODE_5_length_444826_cov_179.227036
			  Gap between these two alignments (local misassembly). Inconsistency = 15 
			Real Alignment 12: 1186977 1212664 | 288264 262603 | 25688 25662 | 97.21 | NZ_CP007472.1_Haemophilus_influenzae_strain_723__complete_genome NODE_5_length_444826_cov_179.227036
			  Gap between these two alignments (local misassembly). Inconsistency = 107 
			Real Alignment 13: 1152214 1186811 | 322942 288323 | 34598 34620 | 97.47 | NZ_CP007472.1_Haemophilus_influenzae_strain_723__complete_genome NODE_5_length_444826_cov_179.227036
			  Extensive misassembly ( relocation, inconsistency = -1910 ) between these two alignments
			Real Alignment 14: 1147148 1152166 | 329907 324900 | 5019 5008 | 96.0 | NZ_CP007472.1_Haemophilus_influenzae_strain_723__complete_genome NODE_5_length_444826_cov_179.227036
			  Overlap between these two alignments (local misassembly). Inconsistency = -595 
			Real Alignment 15: 1137243 1146338 | 340391 331312 | 9096 9080 | 98.09 | NZ_CP007472.1_Haemophilus_influenzae_strain_723__complete_genome NODE_5_length_444826_cov_179.227036
			  Fake misassembly between these two alignments: inconsistency = -54 , gap in the contig is small or absent or filled mostly with Ns (long indel: insertion of length 54; 0 mismatches)
			Excluding internal overlap of size 1318 between Alignment 16 and 17:  1080333 1087333 | 354314 361321 | 7001 7008 --> 1081651 1087333 | 355632 361321 | 5683 5690
			Real Alignment 16: 1122053 1137119 | 355631 340569 | 15067 15063 | 97.05 | NZ_CP007472.1_Haemophilus_influenzae_strain_723__complete_genome NODE_5_length_444826_cov_179.227036
			  Extensive misassembly ( relocation, inconsistency = -55469 ) between these two alignments
			Real Alignment 17: 1081651 1087333 | 355632 361321 | 5683 5690 | 97.19 | NZ_CP007472.1_Haemophilus_influenzae_strain_723__complete_genome NODE_5_length_444826_cov_179.227036
			  Overlap between these two alignments (local misassembly). Inconsistency = -509 
			Real Alignment 18: 1088080 1093967 | 362577 368463 | 5888 5887 | 96.52 | NZ_CP007472.1_Haemophilus_influenzae_strain_723__complete_genome NODE_5_length_444826_cov_179.227036
			  Extensive misassembly ( relocation, inconsistency = -54897 ) between these two alignments
			Real Alignment 19: 1042449 1052732 | 382113 371842 | 10284 10272 | 96.51 | NZ_CP007472.1_Haemophilus_influenzae_strain_723__complete_genome NODE_5_length_444826_cov_179.227036
			  Gap between these two alignments (local misassembly). Inconsistency = 102 
			Excluding internal overlap of size 550 between Alignment 20 and 21:  1023910 1028149 | 400569 396311 | 4240 4259 --> 1024460 1028149 | 400019 396311 | 3690 3709
			Real Alignment 20: 1024460 1028149 | 400019 396311 | 3690 3709 | 98.13 | NZ_CP007472.1_Haemophilus_influenzae_strain_723__complete_genome NODE_5_length_444826_cov_179.227036
			  Extensive misassembly ( relocation, inconsistency = -18658 ) between these two alignments
			Excluding internal overlap of size 9 between Alignment 21 and 22:  1034121 1036022 | 408606 406703 | 1902 1904 --> 1034121 1036013 | 408606 406712 | 1893 1895
			Real Alignment 21: 1036432 1043117 | 406711 400020 | 6686 6692 | 97.52 | NZ_CP007472.1_Haemophilus_influenzae_strain_723__complete_genome NODE_5_length_444826_cov_179.227036
			  Gap between these two alignments (local misassembly). Inconsistency = 418 
			Real Alignment 22: 1034121 1036013 | 408606 406712 | 1893 1895 | 96.11 | NZ_CP007472.1_Haemophilus_influenzae_strain_723__complete_genome NODE_5_length_444826_cov_179.227036
			  Extensive misassembly ( relocation, inconsistency = 6868 ) between these two alignments
			Excluding internal overlap of size 159 between Alignment 23 and 24:  1027017 1027252 | 408842 408607 | 236 236 --> 1027176 1027252 | 408683 408607 | 77 77
			Real Alignment 23: 1027176 1027252 | 408683 408607 | 77 77 | 95.76 | NZ_CP007472.1_Haemophilus_influenzae_strain_723__complete_genome NODE_5_length_444826_cov_179.227036
			  Extensive misassembly ( relocation, inconsistency = 3266 ) between these two alignments
			Excluding internal overlap of size 45 between Alignment 24 and 25:  1004210 1006950 | 425258 422518 | 2741 2741 --> 1004210 1006905 | 425258 422563 | 2696 2696
			Real Alignment 24: 1010014 1023909 | 422562 408684 | 13896 13879 | 95.65 | NZ_CP007472.1_Haemophilus_influenzae_strain_723__complete_genome NODE_5_length_444826_cov_179.227036
			  Extensive misassembly ( relocation, inconsistency = 3108 ) between these two alignments
			Real Alignment 25: 1004210 1006905 | 425258 422563 | 2696 2696 | 96.06 | NZ_CP007472.1_Haemophilus_influenzae_strain_723__complete_genome NODE_5_length_444826_cov_179.227036
			  Extensive misassembly ( relocation, inconsistency = -1683 ) between these two alignments
			Real Alignment 26: 997384 1004216 | 433760 426935 | 6833 6826 | 95.72 | NZ_CP007472.1_Haemophilus_influenzae_strain_723__complete_genome NODE_5_length_444826_cov_179.227036
			  Gap between these two alignments (local misassembly). Inconsistency = 79 
			Real Alignment 27: 986108 996000 | 444952 435065 | 9893 9888 | 98.45 | NZ_CP007472.1_Haemophilus_influenzae_strain_723__complete_genome NODE_5_length_444826_cov_179.227036

CONTIG: NODE_6_length_842_cov_765.074829 (968bp)
Top Length: 968  Top ID: 99.79
		This contig has 6 significant alignments. [An ambiguously mapped contig]
		Using only first of these alignment (option --ambiguity-usage is set to "one"):
		Alignment: 950751 951718 | 1 968 | 968 968 | 99.79 | NZ_CP007472.1_Haemophilus_influenzae_strain_723__complete_genome NODE_6_length_842_cov_765.074829
		Skipping alignment  984324 985291 | 1 968 | 968 968 | 99.79 | NZ_CP007472.1_Haemophilus_influenzae_strain_723__complete_genome NODE_6_length_842_cov_765.074829
		Skipping alignment  1106985 1107952 | 968 1 | 968 968 | 99.79 | NZ_CP007472.1_Haemophilus_influenzae_strain_723__complete_genome NODE_6_length_842_cov_765.074829
		Skipping alignment  1475138 1476105 | 968 1 | 968 968 | 99.79 | NZ_CP007472.1_Haemophilus_influenzae_strain_723__complete_genome NODE_6_length_842_cov_765.074829
		Skipping alignment  1592026 1592993 | 968 1 | 968 968 | 99.79 | NZ_CP007472.1_Haemophilus_influenzae_strain_723__complete_genome NODE_6_length_842_cov_765.074829
		Skipping alignment  1738433 1739400 | 968 1 | 968 968 | 99.79 | NZ_CP007472.1_Haemophilus_influenzae_strain_723__complete_genome NODE_6_length_842_cov_765.074829

CONTIG: NODE_7_length_666_cov_698.303284 (792bp)
Top Length: 792  Top ID: 99.62
		Marking as insignificant: 1591363 1592151 | 4 792 | 789 789 | 98.73 | NZ_CP007472.1_Haemophilus_influenzae_strain_723__complete_genome NODE_7_length_666_cov_698.303284
		This contig has 5 significant alignments. [An ambiguously mapped contig]
		Using only first of these alignment (option --ambiguity-usage is set to "one"):
		Alignment: 985166 985957 | 792 1 | 792 792 | 99.62 | NZ_CP007472.1_Haemophilus_influenzae_strain_723__complete_genome NODE_7_length_666_cov_698.303284
		Skipping alignment  1474472 1475263 | 1 792 | 792 792 | 99.62 | NZ_CP007472.1_Haemophilus_influenzae_strain_723__complete_genome NODE_7_length_666_cov_698.303284
		Skipping alignment  951593 952384 | 792 1 | 792 792 | 99.49 | NZ_CP007472.1_Haemophilus_influenzae_strain_723__complete_genome NODE_7_length_666_cov_698.303284
		Skipping alignment  1106319 1107110 | 1 792 | 792 792 | 99.49 | NZ_CP007472.1_Haemophilus_influenzae_strain_723__complete_genome NODE_7_length_666_cov_698.303284
		Skipping alignment  1737767 1738558 | 1 792 | 792 792 | 99.49 | NZ_CP007472.1_Haemophilus_influenzae_strain_723__complete_genome NODE_7_length_666_cov_698.303284

CONTIG: NODE_10_length_50905_cov_184.963623 (51031bp)
Top Length: 9994  Top ID: 95.78
		Skipping redundant alignment 1111722 1111856 | 1 135 | 135 135 | 99.26 | NZ_CP007472.1_Haemophilus_influenzae_strain_723__complete_genome NODE_10_length_50905_cov_184.963623
		Skipping redundant alignment 1743416 1743549 | 1 134 | 134 134 | 100.0 | NZ_CP007472.1_Haemophilus_influenzae_strain_723__complete_genome NODE_10_length_50905_cov_184.963623
		Skipping redundant alignment 1596765 1596898 | 1 134 | 134 134 | 99.25 | NZ_CP007472.1_Haemophilus_influenzae_strain_723__complete_genome NODE_10_length_50905_cov_184.963623
		Skipping redundant alignment 980181 980306 | 126 1 | 126 126 | 100.0 | NZ_CP007472.1_Haemophilus_influenzae_strain_723__complete_genome NODE_10_length_50905_cov_184.963623
		Skipping redundant alignment 1080836 1081650 | 10165 9351 | 815 815 | 96.81 | NZ_CP007472.1_Haemophilus_influenzae_strain_723__complete_genome NODE_10_length_50905_cov_184.963623
		Skipping redundant alignment 995873 995996 | 42510 42387 | 124 124 | 100.0 | NZ_CP007472.1_Haemophilus_influenzae_strain_723__complete_genome NODE_10_length_50905_cov_184.963623
		Skipping redundant alignment 1097679 1097766 | 42423 42510 | 88 88 | 100.0 | NZ_CP007472.1_Haemophilus_influenzae_strain_723__complete_genome NODE_10_length_50905_cov_184.963623
		Skipping redundant alignment 1737524 1737681 | 50871 51031 | 158 161 | 96.27 | NZ_CP007472.1_Haemophilus_influenzae_strain_723__complete_genome NODE_10_length_50905_cov_184.963623
		Skipping redundant alignment 952471 952621 | 51031 50881 | 151 151 | 98.68 | NZ_CP007472.1_Haemophilus_influenzae_strain_723__complete_genome NODE_10_length_50905_cov_184.963623
		Skipping redundant alignment 986043 986192 | 51031 50881 | 150 151 | 98.01 | NZ_CP007472.1_Haemophilus_influenzae_strain_723__complete_genome NODE_10_length_50905_cov_184.963623
		Skipping redundant alignment 1474238 1474387 | 50881 51031 | 150 151 | 96.69 | NZ_CP007472.1_Haemophilus_influenzae_strain_723__complete_genome NODE_10_length_50905_cov_184.963623
			Skipping redundant alignments after choosing the best set of alignments
		Skipping redundant alignment 1479877 1480047 | 1 171 | 171 171 | 98.83 | NZ_CP007472.1_Haemophilus_influenzae_strain_723__complete_genome NODE_10_length_50905_cov_184.963623
		This contig is misassembled. 19 total aligns.
			Real Alignment 1: 946563 946733 | 171 1 | 171 171 | 100.0 | NZ_CP007472.1_Haemophilus_influenzae_strain_723__complete_genome NODE_10_length_50905_cov_184.963623
			  Extensive misassembly ( relocation, inconsistency = 166131 ) between these two alignments
			Real Alignment 2: 1112865 1122867 | 172 10165 | 10003 9994 | 95.78 | NZ_CP007472.1_Haemophilus_influenzae_strain_723__complete_genome NODE_10_length_50905_cov_184.963623
			  Extensive misassembly ( relocation, inconsistency = -51848 ) between these two alignments
			Real Alignment 3: 1071312 1080545 | 19696 10458 | 9234 9239 | 98.51 | NZ_CP007472.1_Haemophilus_influenzae_strain_723__complete_genome NODE_10_length_50905_cov_184.963623
			  Extensive misassembly ( relocation, inconsistency = -3930 ) between these two alignments
			Real Alignment 4: 1068201 1071322 | 26739 23616 | 3122 3124 | 97.18 | NZ_CP007472.1_Haemophilus_influenzae_strain_723__complete_genome NODE_10_length_50905_cov_184.963623
			  Gap between these two alignments (local misassembly). Inconsistency = 635 
			Real Alignment 5: 1066850 1067552 | 27456 26753 | 703 704 | 96.03 | NZ_CP007472.1_Haemophilus_influenzae_strain_723__complete_genome NODE_10_length_50905_cov_184.963623
			  Extensive misassembly ( relocation, inconsistency = 55919 ) between these two alignments
			Real Alignment 6: 995875 996000 | 42512 42387 | 126 126 | 100.0 | NZ_CP007472.1_Haemophilus_influenzae_strain_723__complete_genome NODE_10_length_50905_cov_184.963623
			  Extensive misassembly ( relocation, inconsistency = 101722 ) between these two alignments
			Real Alignment 7: 1097822 1106232 | 42612 51031 | 8411 8420 | 97.19 | NZ_CP007472.1_Haemophilus_influenzae_strain_723__complete_genome NODE_10_length_50905_cov_184.963623

CONTIG: NODE_11_length_1086_cov_655.151917 (1212bp)
Top Length: 1206  Top ID: 99.09
		This contig has 6 significant alignments. [An ambiguously mapped contig]
		Using only first of these alignment (option --ambiguity-usage is set to "one"):
		Alignment: 947235 948440 | 7 1212 | 1206 1206 | 99.09 | NZ_CP007472.1_Haemophilus_influenzae_strain_723__complete_genome NODE_11_length_1086_cov_655.151917
		Skipping alignment  980808 982013 | 7 1212 | 1206 1206 | 99.09 | NZ_CP007472.1_Haemophilus_influenzae_strain_723__complete_genome NODE_11_length_1086_cov_655.151917
		Skipping alignment  1110015 1111220 | 1212 7 | 1206 1206 | 99.09 | NZ_CP007472.1_Haemophilus_influenzae_strain_723__complete_genome NODE_11_length_1086_cov_655.151917
		Skipping alignment  1478170 1479375 | 1212 7 | 1206 1206 | 99.09 | NZ_CP007472.1_Haemophilus_influenzae_strain_723__complete_genome NODE_11_length_1086_cov_655.151917
		Skipping alignment  1595058 1596263 | 1212 7 | 1206 1206 | 99.09 | NZ_CP007472.1_Haemophilus_influenzae_strain_723__complete_genome NODE_11_length_1086_cov_655.151917
		Skipping alignment  1741709 1742914 | 1212 7 | 1206 1206 | 99.09 | NZ_CP007472.1_Haemophilus_influenzae_strain_723__complete_genome NODE_11_length_1086_cov_655.151917

CONTIG: NODE_12_length_87982_cov_144.570938 (88108bp)
Top Length: 28029  Top ID: 98.1
		Skipping redundant alignment 891415 891634 | 34014 33795 | 220 220 | 96.36 | NZ_CP007472.1_Haemophilus_influenzae_strain_723__complete_genome NODE_12_length_87982_cov_144.570938
		Skipping redundant alignment 1337459 1337590 | 64195 64064 | 132 132 | 100.0 | NZ_CP007472.1_Haemophilus_influenzae_strain_723__complete_genome NODE_12_length_87982_cov_144.570938
		Skipping redundant alignment 1150438 1150531 | 64157 64064 | 94 94 | 100.0 | NZ_CP007472.1_Haemophilus_influenzae_strain_723__complete_genome NODE_12_length_87982_cov_144.570938
		Skipping redundant alignment 771660 771727 | 64131 64064 | 68 68 | 100.0 | NZ_CP007472.1_Haemophilus_influenzae_strain_723__complete_genome NODE_12_length_87982_cov_144.570938
		Skipping redundant alignment 1337454 1337581 | 64192 64065 | 128 128 | 100.0 | NZ_CP007472.1_Haemophilus_influenzae_strain_723__complete_genome NODE_12_length_87982_cov_144.570938
		Skipping redundant alignment 1150440 1150530 | 64195 64105 | 91 91 | 100.0 | NZ_CP007472.1_Haemophilus_influenzae_strain_723__complete_genome NODE_12_length_87982_cov_144.570938
		Skipping redundant alignment 771660 771726 | 64195 64129 | 67 67 | 100.0 | NZ_CP007472.1_Haemophilus_influenzae_strain_723__complete_genome NODE_12_length_87982_cov_144.570938
		This contig is misassembled. 18 total aligns.
			Real Alignment 1: 1810748 1810909 | 1 162 | 162 162 | 96.3 | NZ_CP007472.1_Haemophilus_influenzae_strain_723__complete_genome NODE_12_length_87982_cov_144.570938
			  Gap between these two alignments (local misassembly). Inconsistency = 70 
			Real Alignment 2: 1814054 1814152 | 3237 3335 | 99 99 | 100.0 | NZ_CP007472.1_Haemophilus_influenzae_strain_723__complete_genome NODE_12_length_87982_cov_144.570938
			  Fake misassembly between these two alignments: inconsistency = -70 , gap in the contig is small or absent or filled mostly with Ns (long indel: insertion of length 70; 0 mismatches)
			Excluding internal overlap of size 1 between Alignment 3 and 4:  1814180 1815344 | 3433 4597 | 1165 1165 --> 1814180 1815343 | 3433 4596 | 1164 1164
			Real Alignment 3: 1814180 1815343 | 3433 4596 | 1164 1164 | 99.23 | NZ_CP007472.1_Haemophilus_influenzae_strain_723__complete_genome NODE_12_length_87982_cov_144.570938
			  Gap between these two alignments (local misassembly). Inconsistency = 111 
			Real Alignment 4: 1815455 1843500 | 4597 32625 | 28046 28029 | 98.1 | NZ_CP007472.1_Haemophilus_influenzae_strain_723__complete_genome NODE_12_length_87982_cov_144.570938
			  Extensive misassembly ( relocation, inconsistency = -1841992 ) between these two alignments
			Real Alignment 5: 2229 3767 | 33346 34885 | 1539 1540 | 97.47 | NZ_CP007472.1_Haemophilus_influenzae_strain_723__complete_genome NODE_12_length_87982_cov_144.570938
			  Extensive misassembly ( relocation, inconsistency = 1048280 ) between these two alignments
			Real Alignment 6: 1052596 1052727 | 35565 35434 | 132 132 | 97.73 | NZ_CP007472.1_Haemophilus_influenzae_strain_723__complete_genome NODE_12_length_87982_cov_144.570938
			  Extensive misassembly ( relocation, inconsistency = -1049085 ) between these two alignments
			Real Alignment 7: 3762 4370 | 35685 36293 | 609 609 | 97.87 | NZ_CP007472.1_Haemophilus_influenzae_strain_723__complete_genome NODE_12_length_87982_cov_144.570938
			  Extensive misassembly ( relocation, inconsistency = -1092 ) between these two alignments
			Excluding internal overlap of size 43 between Alignment 8 and 9:  31051 44016 | 64109 77070 | 12966 12962 --> 31094 44016 | 64152 77070 | 12923 12919
			Real Alignment 8: 7598 31137 | 40613 64151 | 23540 23539 | 98.28 | NZ_CP007472.1_Haemophilus_influenzae_strain_723__complete_genome NODE_12_length_87982_cov_144.570938
			  Fake misassembly between these two alignments: inconsistency = -44 , gap in the contig is small or absent or filled mostly with Ns (long indel: insertion of length 44; 0 mismatches)
			Real Alignment 9: 31094 44016 | 64152 77070 | 12923 12919 | 97.16 | NZ_CP007472.1_Haemophilus_influenzae_strain_723__complete_genome NODE_12_length_87982_cov_144.570938
			  Extensive misassembly ( relocation, inconsistency = 28846 ) between these two alignments
			Real Alignment 10: 79191 79526 | 83399 83733 | 336 335 | 97.02 | NZ_CP007472.1_Haemophilus_influenzae_strain_723__complete_genome NODE_12_length_87982_cov_144.570938
			  Gap between these two alignments (local misassembly). Inconsistency = 482 
			Real Alignment 11: 84258 84383 | 87983 88108 | 126 126 | 98.41 | NZ_CP007472.1_Haemophilus_influenzae_strain_723__complete_genome NODE_12_length_87982_cov_144.570938

CONTIG: NODE_20_length_483_cov_386.440979 (609bp)
Top Length: 609  Top ID: 95.9
		Marking as insignificant: 1108134 1108343 | 399 609 | 210 211 | 95.75 | NZ_CP007472.1_Haemophilus_influenzae_strain_723__complete_genome NODE_20_length_483_cov_386.440979
		Marking as insignificant: 1593175 1593384 | 399 609 | 210 211 | 96.23 | NZ_CP007472.1_Haemophilus_influenzae_strain_723__complete_genome NODE_20_length_483_cov_386.440979
		Marking as insignificant: 1476287 1476496 | 399 609 | 210 211 | 96.23 | NZ_CP007472.1_Haemophilus_influenzae_strain_723__complete_genome NODE_20_length_483_cov_386.440979
		This contig has 3 significant alignments. [An ambiguously mapped contig]
		Using only first of these alignment (option --ambiguity-usage is set to "one"):
		Alignment: 950114 950722 | 609 1 | 609 609 | 95.9 | NZ_CP007472.1_Haemophilus_influenzae_strain_723__complete_genome NODE_20_length_483_cov_386.440979
		Skipping alignment  983687 984295 | 609 1 | 609 609 | 95.9 | NZ_CP007472.1_Haemophilus_influenzae_strain_723__complete_genome NODE_20_length_483_cov_386.440979
		Skipping alignment  1739429 1740037 | 1 609 | 609 609 | 95.9 | NZ_CP007472.1_Haemophilus_influenzae_strain_723__complete_genome NODE_20_length_483_cov_386.440979

CONTIG: NODE_23_length_1186_cov_265.353302 (1312bp)
Top Length: 1312  Top ID: 96.04
		One align captures most of this contig: 84258 85569 | 1 1312 | 1312 1312 | 96.04 | NZ_CP007472.1_Haemophilus_influenzae_strain_723__complete_genome NODE_23_length_1186_cov_265.353302

CONTIG: NODE_26_length_118173_cov_164.728897 (118299bp)
Top Length: 34977  Top ID: 97.03
		Skipping redundant alignment 796344 796413 | 19391 19460 | 70 70 | 100.0 | NZ_CP007472.1_Haemophilus_influenzae_strain_723__complete_genome NODE_26_length_118173_cov_164.728897
		Skipping redundant alignment 979926 980010 | 98248 98164 | 85 85 | 100.0 | NZ_CP007472.1_Haemophilus_influenzae_strain_723__complete_genome NODE_26_length_118173_cov_164.728897
		Skipping redundant alignment 979926 980006 | 98348 98268 | 81 81 | 100.0 | NZ_CP007472.1_Haemophilus_influenzae_strain_723__complete_genome NODE_26_length_118173_cov_164.728897
		Skipping redundant alignment 1637314 1637576 | 106333 106594 | 263 262 | 96.59 | NZ_CP007472.1_Haemophilus_influenzae_strain_723__complete_genome NODE_26_length_118173_cov_164.728897
		Skipping redundant alignment 1315725 1315803 | 106457 106379 | 79 79 | 100.0 | NZ_CP007472.1_Haemophilus_influenzae_strain_723__complete_genome NODE_26_length_118173_cov_164.728897
		Skipping redundant alignment 1637680 1637761 | 106595 106676 | 82 82 | 100.0 | NZ_CP007472.1_Haemophilus_influenzae_strain_723__complete_genome NODE_26_length_118173_cov_164.728897
		Skipping redundant alignment 1765160 1765237 | 106597 106674 | 78 78 | 100.0 | NZ_CP007472.1_Haemophilus_influenzae_strain_723__complete_genome NODE_26_length_118173_cov_164.728897
		Skipping redundant alignment 968271 968350 | 117375 117296 | 80 80 | 100.0 | NZ_CP007472.1_Haemophilus_influenzae_strain_723__complete_genome NODE_26_length_118173_cov_164.728897
		Skipping redundant alignment 1474342 1475263 | 117378 118299 | 922 922 | 99.57 | NZ_CP007472.1_Haemophilus_influenzae_strain_723__complete_genome NODE_26_length_118173_cov_164.728897
		Skipping redundant alignment 985166 986088 | 118299 117378 | 923 922 | 99.35 | NZ_CP007472.1_Haemophilus_influenzae_strain_723__complete_genome NODE_26_length_118173_cov_164.728897
		Skipping redundant alignment 951593 952516 | 118299 117378 | 924 922 | 99.24 | NZ_CP007472.1_Haemophilus_influenzae_strain_723__complete_genome NODE_26_length_118173_cov_164.728897
		Skipping redundant alignment 1106187 1107110 | 117378 118299 | 924 922 | 99.24 | NZ_CP007472.1_Haemophilus_influenzae_strain_723__complete_genome NODE_26_length_118173_cov_164.728897
		Skipping redundant alignment 1737636 1738558 | 117378 118299 | 923 922 | 99.24 | NZ_CP007472.1_Haemophilus_influenzae_strain_723__complete_genome NODE_26_length_118173_cov_164.728897
		This contig is misassembled. 21 total aligns.
			Real Alignment 1: 1479779 1489128 | 162 9567 | 9350 9406 | 96.89 | NZ_CP007472.1_Haemophilus_influenzae_strain_723__complete_genome NODE_26_length_118173_cov_164.728897
			  Gap between these two alignments (local misassembly). Inconsistency = 115 
			Real Alignment 2: 1490327 1525372 | 10651 45627 | 35046 34977 | 97.03 | NZ_CP007472.1_Haemophilus_influenzae_strain_723__complete_genome NODE_26_length_118173_cov_164.728897
			  Extensive misassembly ( relocation, inconsistency = -5855 ) between these two alignments
			Real Alignment 3: 1525381 1544585 | 70696 51491 | 19205 19206 | 98.05 | NZ_CP007472.1_Haemophilus_influenzae_strain_723__complete_genome NODE_26_length_118173_cov_164.728897
			  Extensive misassembly ( inversion ) between these two alignments
			Real Alignment 4: 1544635 1550597 | 71409 77372 | 5963 5964 | 99.03 | NZ_CP007472.1_Haemophilus_influenzae_strain_723__complete_genome NODE_26_length_118173_cov_164.728897
			  Overlap between these two alignments (local misassembly). Inconsistency = -126 
			Excluding internal overlap of size 289 between Alignment 5 and 6:  1566271 1580858 | 92922 107480 | 14588 14559 --> 1566560 1580858 | 93211 107480 | 14299 14270
			Real Alignment 5: 1550591 1566302 | 77492 93210 | 15712 15719 | 98.87 | NZ_CP007472.1_Haemophilus_influenzae_strain_723__complete_genome NODE_26_length_118173_cov_164.728897
			  Gap between these two alignments (local misassembly). Inconsistency = 257 
			Real Alignment 6: 1566560 1580858 | 93211 107480 | 14299 14270 | 96.56 | NZ_CP007472.1_Haemophilus_influenzae_strain_723__complete_genome NODE_26_length_118173_cov_164.728897
			  Gap between these two alignments (local misassembly). Inconsistency = 561 
			Real Alignment 7: 1581616 1582925 | 107677 108986 | 1310 1310 | 99.01 | NZ_CP007472.1_Haemophilus_influenzae_strain_723__complete_genome NODE_26_length_118173_cov_164.728897
			  Overlap between these two alignments (local misassembly). Inconsistency = -93 
			Real Alignment 8: 1582928 1592151 | 109082 118299 | 9224 9218 | 96.95 | NZ_CP007472.1_Haemophilus_influenzae_strain_723__complete_genome NODE_26_length_118173_cov_164.728897

CONTIG: NODE_28_length_2167_cov_134.466080 (2293bp)
		This contig is unaligned. (2293 bp)
		Unaligned bases: 2293  total: 2293

CONTIG: NODE_39_length_42854_cov_142.599518 (42980bp)
Top Length: 23359  Top ID: 97.4
		Skipping redundant alignment 223748 224408 | 39566 40227 | 661 662 | 97.28 | NZ_CP007472.1_Haemophilus_influenzae_strain_723__complete_genome NODE_39_length_42854_cov_142.599518
		Skipping redundant alignment 224834 225093 | 40229 40488 | 260 260 | 98.85 | NZ_CP007472.1_Haemophilus_influenzae_strain_723__complete_genome NODE_39_length_42854_cov_142.599518
		This contig is misassembled. 7 total aligns.
			Real Alignment 1: 61018 84383 | 23359 1 | 23366 23359 | 97.4 | NZ_CP007472.1_Haemophilus_influenzae_strain_723__complete_genome NODE_39_length_42854_cov_142.599518
			  Gap between these two alignments (local misassembly). Inconsistency = 0 
			Real Alignment 2: 60109 60801 | 24274 23576 | 693 699 | 95.71 | NZ_CP007472.1_Haemophilus_influenzae_strain_723__complete_genome NODE_39_length_42854_cov_142.599518
			  Extensive misassembly ( relocation, inconsistency = -1309 ) between these two alignments
			Real Alignment 3: 45205 60109 | 40488 25583 | 14905 14906 | 98.22 | NZ_CP007472.1_Haemophilus_influenzae_strain_723__complete_genome NODE_39_length_42854_cov_142.599518
			  Extensive misassembly ( relocation, inconsistency = 169211 ) between these two alignments
			Real Alignment 4: 229374 231072 | 40542 42239 | 1699 1698 | 97.47 | NZ_CP007472.1_Haemophilus_influenzae_strain_723__complete_genome NODE_39_length_42854_cov_142.599518
			  Extensive misassembly ( relocation, inconsistency = -146244 ) between these two alignments
			Real Alignment 5: 85444 85569 | 42980 42855 | 126 126 | 98.41 | NZ_CP007472.1_Haemophilus_influenzae_strain_723__complete_genome NODE_39_length_42854_cov_142.599518

CONTIG: NODE_45_length_390_cov_744.241028 (516bp)
Top Length: 516  Top ID: 99.61
		This contig has 6 significant alignments. [An ambiguously mapped contig]
		Using only first of these alignment (option --ambiguity-usage is set to "one"):
		Alignment: 948812 949327 | 516 1 | 516 516 | 99.61 | NZ_CP007472.1_Haemophilus_influenzae_strain_723__complete_genome NODE_45_length_390_cov_744.241028
		Skipping alignment  1109130 1109645 | 1 516 | 516 516 | 99.61 | NZ_CP007472.1_Haemophilus_influenzae_strain_723__complete_genome NODE_45_length_390_cov_744.241028
		Skipping alignment  1477283 1477798 | 1 516 | 516 516 | 99.61 | NZ_CP007472.1_Haemophilus_influenzae_strain_723__complete_genome NODE_45_length_390_cov_744.241028
		Skipping alignment  1594171 1594686 | 1 516 | 516 516 | 99.61 | NZ_CP007472.1_Haemophilus_influenzae_strain_723__complete_genome NODE_45_length_390_cov_744.241028
		Skipping alignment  1740824 1741339 | 1 516 | 516 516 | 99.61 | NZ_CP007472.1_Haemophilus_influenzae_strain_723__complete_genome NODE_45_length_390_cov_744.241028
		Skipping alignment  982385 982900 | 516 1 | 516 516 | 99.42 | NZ_CP007472.1_Haemophilus_influenzae_strain_723__complete_genome NODE_45_length_390_cov_744.241028

CONTIG: NODE_47_length_398_cov_79.638191 (524bp)
Top Length: 524  Top ID: 95.05
		Marking as insignificant: 1593175 1593298 | 126 1 | 124 126 | 95.24 | NZ_CP007472.1_Haemophilus_influenzae_strain_723__complete_genome NODE_47_length_398_cov_79.638191
		Marking as insignificant: 1476287 1476410 | 126 1 | 124 126 | 95.24 | NZ_CP007472.1_Haemophilus_influenzae_strain_723__complete_genome NODE_47_length_398_cov_79.638191
		This contig has 3 significant alignments. [An ambiguously mapped contig]
		Using only first of these alignment (option --ambiguity-usage is set to "one"):
		Alignment: 950199 950722 | 1 524 | 524 524 | 95.05 | NZ_CP007472.1_Haemophilus_influenzae_strain_723__complete_genome NODE_47_length_398_cov_79.638191
		Skipping alignment  983772 984295 | 1 524 | 524 524 | 95.05 | NZ_CP007472.1_Haemophilus_influenzae_strain_723__complete_genome NODE_47_length_398_cov_79.638191
		Skipping alignment  1739429 1739952 | 524 1 | 524 524 | 95.05 | NZ_CP007472.1_Haemophilus_influenzae_strain_723__complete_genome NODE_47_length_398_cov_79.638191

CONTIG: NODE_49_length_250248_cov_144.423798 (250374bp)
Top Length: 41724  Top ID: 97.2
		Skipping redundant alignment 1814040 1814241 | 1 201 | 202 201 | 98.51 | NZ_CP007472.1_Haemophilus_influenzae_strain_723__complete_genome NODE_49_length_250248_cov_144.423798
		Skipping redundant alignment 1813949 1814061 | 1 113 | 113 113 | 100.0 | NZ_CP007472.1_Haemophilus_influenzae_strain_723__complete_genome NODE_49_length_250248_cov_144.423798
		Skipping redundant alignment 364855 374941 | 10100 1 | 10087 10100 | 95.85 | NZ_CP007472.1_Haemophilus_influenzae_strain_723__complete_genome NODE_49_length_250248_cov_144.423798
		Skipping redundant alignment 364848 374941 | 10107 8 | 10094 10100 | 95.92 | NZ_CP007472.1_Haemophilus_influenzae_strain_723__complete_genome NODE_49_length_250248_cov_144.423798
		Skipping redundant alignment 430823 430936 | 36419 36306 | 114 114 | 98.25 | NZ_CP007472.1_Haemophilus_influenzae_strain_723__complete_genome NODE_49_length_250248_cov_144.423798
		Skipping redundant alignment 45028 45464 | 125975 126415 | 437 441 | 97.28 | NZ_CP007472.1_Haemophilus_influenzae_strain_723__complete_genome NODE_49_length_250248_cov_144.423798
		Skipping redundant alignment 45466 46127 | 126841 127501 | 662 661 | 96.83 | NZ_CP007472.1_Haemophilus_influenzae_strain_723__complete_genome NODE_49_length_250248_cov_144.423798
		Skipping redundant alignment 995999 996072 | 189232 189305 | 74 74 | 98.65 | NZ_CP007472.1_Haemophilus_influenzae_strain_723__complete_genome NODE_49_length_250248_cov_144.423798
		Skipping redundant alignment 1097671 1097744 | 189305 189232 | 74 74 | 98.65 | NZ_CP007472.1_Haemophilus_influenzae_strain_723__complete_genome NODE_49_length_250248_cov_144.423798
		Skipping redundant alignment 1053505 1053578 | 189232 189305 | 74 74 | 97.3 | NZ_CP007472.1_Haemophilus_influenzae_strain_723__complete_genome NODE_49_length_250248_cov_144.423798
		Skipping redundant alignment 995875 995940 | 189232 189297 | 66 66 | 100.0 | NZ_CP007472.1_Haemophilus_influenzae_strain_723__complete_genome NODE_49_length_250248_cov_144.423798
		Skipping redundant alignment 1053437 1053502 | 189232 189297 | 66 66 | 100.0 | NZ_CP007472.1_Haemophilus_influenzae_strain_723__complete_genome NODE_49_length_250248_cov_144.423798
		Skipping redundant alignment 1097683 1097748 | 189297 189232 | 66 66 | 100.0 | NZ_CP007472.1_Haemophilus_influenzae_strain_723__complete_genome NODE_49_length_250248_cov_144.423798
		Skipping redundant alignment 1097699 1097764 | 189297 189232 | 66 66 | 100.0 | NZ_CP007472.1_Haemophilus_influenzae_strain_723__complete_genome NODE_49_length_250248_cov_144.423798
		Skipping redundant alignment 1855646 1856289 | 212679 212035 | 644 645 | 97.67 | NZ_CP007472.1_Haemophilus_influenzae_strain_723__complete_genome NODE_49_length_250248_cov_144.423798
		This contig is misassembled. 33 total aligns.
			Real Alignment 1: 358555 374941 | 16399 15 | 16387 16385 | 96.88 | NZ_CP007472.1_Haemophilus_influenzae_strain_723__complete_genome NODE_49_length_250248_cov_144.423798
			  Gap between these two alignments (local misassembly). Inconsistency = 421 
			Real Alignment 2: 343121 358128 | 31416 16405 | 15008 15012 | 99.41 | NZ_CP007472.1_Haemophilus_influenzae_strain_723__complete_genome NODE_49_length_250248_cov_144.423798
			  Overlap between these two alignments (local misassembly). Inconsistency = -404 
			Real Alignment 3: 342889 343123 | 32052 31818 | 235 235 | 100.0 | NZ_CP007472.1_Haemophilus_influenzae_strain_723__complete_genome NODE_49_length_250248_cov_144.423798
			  Gap between these two alignments (local misassembly). Inconsistency = 236 
			Real Alignment 4: 300814 342645 | 73783 32060 | 41832 41724 | 97.2 | NZ_CP007472.1_Haemophilus_influenzae_strain_723__complete_genome NODE_49_length_250248_cov_144.423798
			  Overlap between these two alignments (local misassembly). Inconsistency = -743 
			Real Alignment 5: 283466 288355 | 91879 86985 | 4890 4895 | 97.55 | NZ_CP007472.1_Haemophilus_influenzae_strain_723__complete_genome NODE_49_length_250248_cov_144.423798
			  Overlap between these two alignments (local misassembly). Inconsistency = -19 
			Real Alignment 6: 272770 283205 | 102602 92159 | 10436 10444 | 96.63 | NZ_CP007472.1_Haemophilus_influenzae_strain_723__complete_genome NODE_49_length_250248_cov_144.423798
			  Extensive misassembly ( relocation, inconsistency = 24106 ) between these two alignments
			Real Alignment 7: 239068 248005 | 112182 103261 | 8938 8922 | 96.88 | NZ_CP007472.1_Haemophilus_influenzae_strain_723__complete_genome NODE_49_length_250248_cov_144.423798
			  Overlap between these two alignments (local misassembly). Inconsistency = -45 
			Real Alignment 8: 237269 237551 | 114026 113744 | 283 283 | 95.76 | NZ_CP007472.1_Haemophilus_influenzae_strain_723__complete_genome NODE_49_length_250248_cov_144.423798
			  Overlap between these two alignments (local misassembly). Inconsistency = -81 
			Excluding internal overlap of size 1 between Alignment 9 and 10:  233960 236861 | 117422 114515 | 2902 2908 --> 233961 236861 | 117421 114515 | 2901 2907
			Real Alignment 9: 233961 236861 | 117421 114515 | 2901 2907 | 95.6 | NZ_CP007472.1_Haemophilus_influenzae_strain_723__complete_genome NODE_49_length_250248_cov_144.423798
			  Gap between these two alignments (local misassembly). Inconsistency = 132 
			Real Alignment 10: 211833 233828 | 139416 117422 | 21996 21995 | 98.3 | NZ_CP007472.1_Haemophilus_influenzae_strain_723__complete_genome NODE_49_length_250248_cov_144.423798
			  Overlap between these two alignments (local misassembly). Inconsistency = -122 
			Real Alignment 11: 183432 211789 | 167939 139582 | 28358 28358 | 96.5 | NZ_CP007472.1_Haemophilus_influenzae_strain_723__complete_genome NODE_49_length_250248_cov_144.423798
			  Extensive misassembly ( relocation, inconsistency = 1980 ) between these two alignments
			Real Alignment 12: 142808 176784 | 206582 172607 | 33977 33976 | 98.41 | NZ_CP007472.1_Haemophilus_influenzae_strain_723__complete_genome NODE_49_length_250248_cov_144.423798
			  Extensive misassembly ( relocation, inconsistency = 11696 ) between these two alignments
			Real Alignment 13: 125013 125843 | 212679 211851 | 831 829 | 99.16 | NZ_CP007472.1_Haemophilus_influenzae_strain_723__complete_genome NODE_49_length_250248_cov_144.423798
			  Gap between these two alignments (local misassembly). Inconsistency = 870 
			Real Alignment 14: 121397 122791 | 215413 214031 | 1395 1383 | 96.06 | NZ_CP007472.1_Haemophilus_influenzae_strain_723__complete_genome NODE_49_length_250248_cov_144.423798
			  Overlap between these two alignments (local misassembly). Inconsistency = -440 
			Excluding internal overlap of size 10 between Alignment 15 and 16:  91698 96120 | 244546 240120 | 4423 4427 --> 91698 96110 | 244546 240130 | 4413 4417
			Real Alignment 15: 97154 121398 | 240129 215852 | 24245 24278 | 98.21 | NZ_CP007472.1_Haemophilus_influenzae_strain_723__complete_genome NODE_49_length_250248_cov_144.423798
			  Extensive misassembly ( relocation, inconsistency = 1043 ) between these two alignments
			Real Alignment 16: 91698 96110 | 244546 240130 | 4413 4417 | 98.13 | NZ_CP007472.1_Haemophilus_influenzae_strain_723__complete_genome NODE_49_length_250248_cov_144.423798
			  Gap between these two alignments (local misassembly). Inconsistency = 561 
			Real Alignment 17: 90719 90913 | 244966 244770 | 195 197 | 96.95 | NZ_CP007472.1_Haemophilus_influenzae_strain_723__complete_genome NODE_49_length_250248_cov_144.423798
			  Overlap between these two alignments (local misassembly). Inconsistency = -166 
			Real Alignment 18: 85444 90682 | 250374 245169 | 5239 5206 | 95.44 | NZ_CP007472.1_Haemophilus_influenzae_strain_723__complete_genome NODE_49_length_250248_cov_144.423798

CONTIG: NODE_60_length_545845_cov_167.814865 (545971bp)
Top Length: 64740  Top ID: 97.7
		Skipping redundant alignment 1478170 1480072 | 1 1884 | 1903 1884 | 95.43 | NZ_CP007472.1_Haemophilus_influenzae_strain_723__complete_genome NODE_60_length_545845_cov_167.814865
		Skipping redundant alignment 1110015 1111856 | 1 1823 | 1842 1823 | 95.44 | NZ_CP007472.1_Haemophilus_influenzae_strain_723__complete_genome NODE_60_length_545845_cov_167.814865
		Skipping redundant alignment 1741709 1743549 | 1 1822 | 1841 1822 | 95.55 | NZ_CP007472.1_Haemophilus_influenzae_strain_723__complete_genome NODE_60_length_545845_cov_167.814865
		Skipping redundant alignment 1595058 1596898 | 1 1822 | 1841 1822 | 95.49 | NZ_CP007472.1_Haemophilus_influenzae_strain_723__complete_genome NODE_60_length_545845_cov_167.814865
		Skipping redundant alignment 980181 982013 | 1814 1 | 1833 1814 | 95.47 | NZ_CP007472.1_Haemophilus_influenzae_strain_723__complete_genome NODE_60_length_545845_cov_167.814865
		Skipping redundant alignment 338267 338400 | 498258 498125 | 134 134 | 98.51 | NZ_CP007472.1_Haemophilus_influenzae_strain_723__complete_genome NODE_60_length_545845_cov_167.814865
		This contig is misassembled. 34 total aligns.
			Real Alignment 1: 931283 948440 | 17136 1 | 17158 17136 | 97.7 | NZ_CP007472.1_Haemophilus_influenzae_strain_723__complete_genome NODE_60_length_545845_cov_167.814865
			  Overlap between these two alignments (local misassembly). Inconsistency = -557 
			Real Alignment 2: 920826 922029 | 28154 26947 | 1204 1208 | 98.18 | NZ_CP007472.1_Haemophilus_influenzae_strain_723__complete_genome NODE_60_length_545845_cov_167.814865
			  Extensive misassembly ( relocation, inconsistency = -1184 ) between these two alignments
			Real Alignment 3: 907920 920755 | 42245 29409 | 12836 12837 | 98.71 | NZ_CP007472.1_Haemophilus_influenzae_strain_723__complete_genome NODE_60_length_545845_cov_167.814865
			  Overlap between these two alignments (local misassembly). Inconsistency = -116 
			Excluding internal overlap of size 4 between Alignment 4 and 5:  907452 907931 | 42829 42350 | 480 480 --> 907456 907931 | 42825 42350 | 476 476
			Real Alignment 4: 907456 907931 | 42825 42350 | 476 476 | 99.79 | NZ_CP007472.1_Haemophilus_influenzae_strain_723__complete_genome NODE_60_length_545845_cov_167.814865
			  Extensive misassembly ( relocation, inconsistency = 36998 ) between these two alignments
			Real Alignment 5: 860175 870457 | 53111 42826 | 10283 10286 | 97.03 | NZ_CP007472.1_Haemophilus_influenzae_strain_723__complete_genome NODE_60_length_545845_cov_167.814865
			  Gap between these two alignments (local misassembly). Inconsistency = 0 
			Real Alignment 6: 855761 859812 | 57529 53474 | 4052 4056 | 95.07 | NZ_CP007472.1_Haemophilus_influenzae_strain_723__complete_genome NODE_60_length_545845_cov_167.814865
			  Extensive misassembly ( relocation, inconsistency = -4379 ) between these two alignments
			Real Alignment 7: 834302 850568 | 83364 67101 | 16267 16264 | 99.48 | NZ_CP007472.1_Haemophilus_influenzae_strain_723__complete_genome NODE_60_length_545845_cov_167.814865
			  Overlap between these two alignments (local misassembly). Inconsistency = -382 
			Real Alignment 8: 802161 834312 | 115896 83736 | 32152 32161 | 98.13 | NZ_CP007472.1_Haemophilus_influenzae_strain_723__complete_genome NODE_60_length_545845_cov_167.814865
			  Overlap between these two alignments (local misassembly). Inconsistency = -215 
			Excluding internal overlap of size 1 between Alignment 9 and 10:  772733 786613 | 145374 131502 | 13881 13873 --> 772733 786612 | 145374 131503 | 13880 13872
			Real Alignment 9: 786757 802160 | 131502 116112 | 15404 15391 | 97.53 | NZ_CP007472.1_Haemophilus_influenzae_strain_723__complete_genome NODE_60_length_545845_cov_167.814865
			  Gap between these two alignments (local misassembly). Inconsistency = 144 
			Real Alignment 10: 772733 786612 | 145374 131503 | 13880 13872 | 96.32 | NZ_CP007472.1_Haemophilus_influenzae_strain_723__complete_genome NODE_60_length_545845_cov_167.814865
			  Extensive misassembly ( relocation, inconsistency = 1013 ) between these two alignments
			Real Alignment 11: 770080 771440 | 147014 145654 | 1361 1361 | 97.87 | NZ_CP007472.1_Haemophilus_influenzae_strain_723__complete_genome NODE_60_length_545845_cov_167.814865
			  Extensive misassembly ( relocation, inconsistency = -8898 ) between these two alignments
			Real Alignment 12: 755507 768935 | 170524 157057 | 13429 13468 | 96.28 | NZ_CP007472.1_Haemophilus_influenzae_strain_723__complete_genome NODE_60_length_545845_cov_167.814865
			  Gap between these two alignments (local misassembly). Inconsistency = 681 
			Real Alignment 13: 713833 752300 | 211543 173050 | 38468 38494 | 96.74 | NZ_CP007472.1_Haemophilus_influenzae_strain_723__complete_genome NODE_60_length_545845_cov_167.814865
			  Extensive misassembly ( relocation, inconsistency = -1972 ) between these two alignments
			Real Alignment 14: 667668 709679 | 259701 217669 | 42012 42033 | 97.22 | NZ_CP007472.1_Haemophilus_influenzae_strain_723__complete_genome NODE_60_length_545845_cov_167.814865
			  Gap between these two alignments (local misassembly). Inconsistency = 229 
			Real Alignment 15: 643953 644111 | 283187 283029 | 159 159 | 96.23 | NZ_CP007472.1_Haemophilus_influenzae_strain_723__complete_genome NODE_60_length_545845_cov_167.814865
			  Gap between these two alignments (local misassembly). Inconsistency = 15 
			Excluding internal overlap of size 8 between Alignment 16 and 17:  640734 643755 | 286407 283370 | 3022 3038 --> 640742 643755 | 286399 283370 | 3014 3030
			Real Alignment 16: 640742 643755 | 286399 283370 | 3014 3030 | 96.15 | NZ_CP007472.1_Haemophilus_influenzae_strain_723__complete_genome NODE_60_length_545845_cov_167.814865
			  Gap between these two alignments (local misassembly). Inconsistency = 180 
			Real Alignment 17: 636174 640561 | 290769 286400 | 4388 4370 | 95.47 | NZ_CP007472.1_Haemophilus_influenzae_strain_723__complete_genome NODE_60_length_545845_cov_167.814865
			  Overlap between these two alignments (local misassembly). Inconsistency = -63 
			Real Alignment 18: 611570 634576 | 315490 292430 | 23007 23061 | 96.92 | NZ_CP007472.1_Haemophilus_influenzae_strain_723__complete_genome NODE_60_length_545845_cov_167.814865
			  Extensive misassembly ( relocation, inconsistency = 3399 ) between these two alignments
			Real Alignment 19: 592590 606519 | 331048 317142 | 13930 13907 | 96.76 | NZ_CP007472.1_Haemophilus_influenzae_strain_723__complete_genome NODE_60_length_545845_cov_167.814865
			  Gap between these two alignments (local misassembly). Inconsistency = 18 
			Real Alignment 20: 580766 591748 | 342822 331872 | 10983 10951 | 95.96 | NZ_CP007472.1_Haemophilus_influenzae_strain_723__complete_genome NODE_60_length_545845_cov_167.814865
			  Extensive misassembly ( relocation, inconsistency = -1388 ) between these two alignments
			Real Alignment 21: 567476 580800 | 357494 344176 | 13325 13319 | 97.64 | NZ_CP007472.1_Haemophilus_influenzae_strain_723__complete_genome NODE_60_length_545845_cov_167.814865
			  Gap between these two alignments (local misassembly). Inconsistency = 34 
			Real Alignment 22: 556502 567265 | 368429 357671 | 10764 10759 | 97.82 | NZ_CP007472.1_Haemophilus_influenzae_strain_723__complete_genome NODE_60_length_545845_cov_167.814865
			  Gap between these two alignments (local misassembly). Inconsistency = 2 
			Real Alignment 23: 541587 556377 | 383339 368552 | 14791 14788 | 98.05 | NZ_CP007472.1_Haemophilus_influenzae_strain_723__complete_genome NODE_60_length_545845_cov_167.814865
			  Extensive misassembly ( relocation, inconsistency = -3991 ) between these two alignments
			Real Alignment 24: 477028 541753 | 451903 387164 | 64726 64740 | 97.7 | NZ_CP007472.1_Haemophilus_influenzae_strain_723__complete_genome NODE_60_length_545845_cov_167.814865
			  Gap between these two alignments (local misassembly). Inconsistency = 7 
			Real Alignment 25: 441290 476922 | 487727 452002 | 35633 35726 | 96.99 | NZ_CP007472.1_Haemophilus_influenzae_strain_723__complete_genome NODE_60_length_545845_cov_167.814865
			  Overlap between these two alignments (local misassembly). Inconsistency = -41 
			Real Alignment 26: 434058 441188 | 494997 487870 | 7131 7128 | 96.58 | NZ_CP007472.1_Haemophilus_influenzae_strain_723__complete_genome NODE_60_length_545845_cov_167.814865
			  Overlap between these two alignments (local misassembly). Inconsistency = -18 
			Real Alignment 27: 402165 433879 | 526879 495194 | 31715 31686 | 97.11 | NZ_CP007472.1_Haemophilus_influenzae_strain_723__complete_genome NODE_60_length_545845_cov_167.814865
			  Overlap between these two alignments (local misassembly). Inconsistency = -348 
			Real Alignment 28: 383422 402160 | 545971 527232 | 18739 18740 | 98.84 | NZ_CP007472.1_Haemophilus_influenzae_strain_723__complete_genome NODE_60_length_545845_cov_167.814865

Analyzing coverage...
Writing SNPs into /data/projects/Assembly/Aroon/reports/GCF_000931625.1_ASM93162v1_genomic/contigs_reports/nucmer_output/M05964_contigs.used_snps
	Reference NZ_CP007472.1_Haemophilus_influenzae_strain_723__complete_genome: 129 total alignments. 1 total regions.
		Region: 1 to 1887620 (1887620 bp)
			START in gap: 1 to 2229 (2228 bp)
			Align 1: 2229 3767 NODE_12_length_87982_cov_144.570938 33346 34885
				Negative gap (overlap) between this and next alignment: 3767 to 3762 (-5 bp)
				Next Alignment: 3762 4370 NODE_12_length_87982_cov_144.570938 35685 36293

			Previous gap was negative, modifying coordinates to ignore overlap
				Moving contig start from 35685 to 35691.
			Align 2: 3768 4370 NODE_12_length_87982_cov_144.570938 35691 36293
				Gap between this and next alignment: 4370 to 7598 (3227 bp)
				Next Alignment: 7598 31137 NODE_12_length_87982_cov_144.570938 40613 64151

			Align 3: 7598 31137 NODE_12_length_87982_cov_144.570938 40613 64151
				Negative gap (overlap) between this and next alignment: 31137 to 31094 (-43 bp)
				Next Alignment: 31094 44016 NODE_12_length_87982_cov_144.570938 64152 77070

			Previous gap was negative, modifying coordinates to ignore overlap
				Moving contig start from 64152 to 64196.
			Align 4: 31138 44016 NODE_12_length_87982_cov_144.570938 64196 77070
				Gap between this and next alignment: 44016 to 45205 (1188 bp)
				Next Alignment: 45205 60109 NODE_39_length_42854_cov_142.599518 40488 25583

			Align 5: 45205 60109 NODE_39_length_42854_cov_142.599518 40488 25583
				Negative gap (overlap) between this and next alignment: 60109 to 60109 (0 bp)
				Next Alignment: 60109 60801 NODE_39_length_42854_cov_142.599518 24274 23576

			Previous gap was negative, modifying coordinates to ignore overlap
				Moving contig start from 24274 to 24273.
			Align 6: 60110 60801 NODE_39_length_42854_cov_142.599518 24273 23576
				Gap between this and next alignment: 60801 to 61018 (216 bp)
				Next Alignment: 61018 84383 NODE_39_length_42854_cov_142.599518 23359 1

			Align 7: 61018 84383 NODE_39_length_42854_cov_142.599518 23359 1
				The next alignment (79191 79526 NODE_12_length_87982_cov_144.570938 83399 83733) is redundant. Skipping.
				The next alignment (84258 84383 NODE_12_length_87982_cov_144.570938 87983 88108) is redundant. Skipping.
				Negative gap (overlap) between this and next alignment: 84383 to 84258 (-125 bp)
				Next Alignment: 84258 85569 NODE_23_length_1186_cov_265.353302 1 1312

			Previous gap was negative, modifying coordinates to ignore overlap
				Moving contig start from 1 to 127.
			Align 10: 84384 85569 NODE_23_length_1186_cov_265.353302 127 1312
				The next alignment (85444 85569 NODE_39_length_42854_cov_142.599518 42980 42855) is redundant. Skipping.
				Negative gap (overlap) between this and next alignment: 85569 to 85444 (-125 bp)
				Next Alignment: 85444 90682 NODE_49_length_250248_cov_144.423798 250374 245169

			Previous gap was negative, modifying coordinates to ignore overlap
				Moving contig start from 250374 to 250248.
			Align 12: 85570 90682 NODE_49_length_250248_cov_144.423798 250248 245169
				Gap between this and next alignment: 90682 to 90719 (36 bp)
				Next Alignment: 90719 90913 NODE_49_length_250248_cov_144.423798 244966 244770

			Align 13: 90719 90913 NODE_49_length_250248_cov_144.423798 244966 244770
				Gap between this and next alignment: 90913 to 91698 (784 bp)
				Next Alignment: 91698 96110 NODE_49_length_250248_cov_144.423798 244546 240130

			Align 14: 91698 96110 NODE_49_length_250248_cov_144.423798 244546 240130
				Gap between this and next alignment: 96110 to 97154 (1043 bp)
				Next Alignment: 97154 121398 NODE_49_length_250248_cov_144.423798 240129 215852

			Align 15: 97154 121398 NODE_49_length_250248_cov_144.423798 240129 215852
				Negative gap (overlap) between this and next alignment: 121398 to 121397 (-1 bp)
				Next Alignment: 121397 122791 NODE_49_length_250248_cov_144.423798 215413 214031

			Previous gap was negative, modifying coordinates to ignore overlap
				Moving contig start from 215413 to 215411.
			Align 16: 121399 122791 NODE_49_length_250248_cov_144.423798 215411 214031
				Gap between this and next alignment: 122791 to 125013 (2221 bp)
				Next Alignment: 125013 125843 NODE_49_length_250248_cov_144.423798 212679 211851

			Align 17: 125013 125843 NODE_49_length_250248_cov_144.423798 212679 211851
				Gap between this and next alignment: 125843 to 142808 (16964 bp)
				Next Alignment: 142808 176784 NODE_49_length_250248_cov_144.423798 206582 172607

			Align 18: 142808 176784 NODE_49_length_250248_cov_144.423798 206582 172607
				Gap between this and next alignment: 176784 to 183432 (6647 bp)
				Next Alignment: 183432 211789 NODE_49_length_250248_cov_144.423798 167939 139582

			Align 19: 183432 211789 NODE_49_length_250248_cov_144.423798 167939 139582
				Gap between this and next alignment: 211789 to 211833 (43 bp)
				Next Alignment: 211833 233828 NODE_49_length_250248_cov_144.423798 139416 117422

			Align 20: 211833 233828 NODE_49_length_250248_cov_144.423798 139416 117422
				The next alignment (229374 231072 NODE_39_length_42854_cov_142.599518 40542 42239) is redundant. Skipping.
				Gap between this and next alignment: 233828 to 233961 (132 bp)
				Next Alignment: 233961 236861 NODE_49_length_250248_cov_144.423798 117421 114515

			Align 22: 233961 236861 NODE_49_length_250248_cov_144.423798 117421 114515
				Gap between this and next alignment: 236861 to 237269 (407 bp)
				Next Alignment: 237269 237551 NODE_49_length_250248_cov_144.423798 114026 113744

			Align 23: 237269 237551 NODE_49_length_250248_cov_144.423798 114026 113744
				Gap between this and next alignment: 237551 to 239068 (1516 bp)
				Next Alignment: 239068 248005 NODE_49_length_250248_cov_144.423798 112182 103261

			Align 24: 239068 248005 NODE_49_length_250248_cov_144.423798 112182 103261
				Gap between this and next alignment: 248005 to 272770 (24764 bp)
				Next Alignment: 272770 283205 NODE_49_length_250248_cov_144.423798 102602 92159

			Align 25: 272770 283205 NODE_49_length_250248_cov_144.423798 102602 92159
				Gap between this and next alignment: 283205 to 283466 (260 bp)
				Next Alignment: 283466 288355 NODE_49_length_250248_cov_144.423798 91879 86985

			Align 26: 283466 288355 NODE_49_length_250248_cov_144.423798 91879 86985
				Gap between this and next alignment: 288355 to 300814 (12458 bp)
				Next Alignment: 300814 342645 NODE_49_length_250248_cov_144.423798 73783 32060

			Align 27: 300814 342645 NODE_49_length_250248_cov_144.423798 73783 32060
				Gap between this and next alignment: 342645 to 342889 (243 bp)
				Next Alignment: 342889 343123 NODE_49_length_250248_cov_144.423798 32052 31818

			Align 28: 342889 343123 NODE_49_length_250248_cov_144.423798 32052 31818
				Negative gap (overlap) between this and next alignment: 343123 to 343121 (-2 bp)
				Next Alignment: 343121 358128 NODE_49_length_250248_cov_144.423798 31416 16405

			Previous gap was negative, modifying coordinates to ignore overlap
				Moving contig start from 31416 to 31413.
			Align 29: 343124 358128 NODE_49_length_250248_cov_144.423798 31413 16405
				Gap between this and next alignment: 358128 to 358555 (426 bp)
				Next Alignment: 358555 374941 NODE_49_length_250248_cov_144.423798 16399 15

			Align 30: 358555 374941 NODE_49_length_250248_cov_144.423798 16399 15
				Gap between this and next alignment: 374941 to 378965 (4023 bp)
				Next Alignment: 378965 383548 NODE_4_length_5921_cov_282.400604 1466 6047

			Align 31: 378965 383548 NODE_4_length_5921_cov_282.400604 1466 6047
				Negative gap (overlap) between this and next alignment: 383548 to 383422 (-126 bp)
				Next Alignment: 383422 402160 NODE_60_length_545845_cov_167.814865 545971 527232

			Previous gap was negative, modifying coordinates to ignore overlap
				Moving contig start from 545971 to 545845.
			Align 32: 383549 402160 NODE_60_length_545845_cov_167.814865 545845 527232
				Gap between this and next alignment: 402160 to 402165 (4 bp)
				Next Alignment: 402165 433879 NODE_60_length_545845_cov_167.814865 526879 495194

			Align 33: 402165 433879 NODE_60_length_545845_cov_167.814865 526879 495194
				Gap between this and next alignment: 433879 to 434058 (178 bp)
				Next Alignment: 434058 441188 NODE_60_length_545845_cov_167.814865 494997 487870

			Align 34: 434058 441188 NODE_60_length_545845_cov_167.814865 494997 487870
				Gap between this and next alignment: 441188 to 441290 (101 bp)
				Next Alignment: 441290 476922 NODE_60_length_545845_cov_167.814865 487727 452002

			Align 35: 441290 476922 NODE_60_length_545845_cov_167.814865 487727 452002
				Gap between this and next alignment: 476922 to 477028 (105 bp)
				Next Alignment: 477028 541753 NODE_60_length_545845_cov_167.814865 451903 387164

			Align 36: 477028 541753 NODE_60_length_545845_cov_167.814865 451903 387164
				Negative gap (overlap) between this and next alignment: 541753 to 541587 (-166 bp)
				Next Alignment: 541587 556377 NODE_60_length_545845_cov_167.814865 383339 368552

			Previous gap was negative, modifying coordinates to ignore overlap
				Moving contig start from 383339 to 383176.
			Align 37: 541754 556377 NODE_60_length_545845_cov_167.814865 383176 368552
				Gap between this and next alignment: 556377 to 556502 (124 bp)
				Next Alignment: 556502 567265 NODE_60_length_545845_cov_167.814865 368429 357671

			Align 38: 556502 567265 NODE_60_length_545845_cov_167.814865 368429 357671
				Gap between this and next alignment: 567265 to 567476 (210 bp)
				Next Alignment: 567476 580800 NODE_60_length_545845_cov_167.814865 357494 344176

			Align 39: 567476 580800 NODE_60_length_545845_cov_167.814865 357494 344176
				Negative gap (overlap) between this and next alignment: 580800 to 580766 (-34 bp)
				Next Alignment: 580766 591748 NODE_60_length_545845_cov_167.814865 342822 331872

			Previous gap was negative, modifying coordinates to ignore overlap
				Moving contig start from 342822 to 342787.
			Align 40: 580801 591748 NODE_60_length_545845_cov_167.814865 342787 331872
				Gap between this and next alignment: 591748 to 592590 (841 bp)
				Next Alignment: 592590 606519 NODE_60_length_545845_cov_167.814865 331048 317142

			Align 41: 592590 606519 NODE_60_length_545845_cov_167.814865 331048 317142
				Gap between this and next alignment: 606519 to 611570 (5050 bp)
				Next Alignment: 611570 634576 NODE_60_length_545845_cov_167.814865 315490 292430

			Align 42: 611570 634576 NODE_60_length_545845_cov_167.814865 315490 292430
				Gap between this and next alignment: 634576 to 636174 (1597 bp)
				Next Alignment: 636174 640561 NODE_60_length_545845_cov_167.814865 290769 286400

			Align 43: 636174 640561 NODE_60_length_545845_cov_167.814865 290769 286400
				Gap between this and next alignment: 640561 to 640742 (180 bp)
				Next Alignment: 640742 643755 NODE_60_length_545845_cov_167.814865 286399 283370

			Align 44: 640742 643755 NODE_60_length_545845_cov_167.814865 286399 283370
				Gap between this and next alignment: 643755 to 643953 (197 bp)
				Next Alignment: 643953 644111 NODE_60_length_545845_cov_167.814865 283187 283029

			Align 45: 643953 644111 NODE_60_length_545845_cov_167.814865 283187 283029
				Gap between this and next alignment: 644111 to 667668 (23556 bp)
				Next Alignment: 667668 709679 NODE_60_length_545845_cov_167.814865 259701 217669

			Align 46: 667668 709679 NODE_60_length_545845_cov_167.814865 259701 217669
				Gap between this and next alignment: 709679 to 713833 (4153 bp)
				Next Alignment: 713833 752300 NODE_60_length_545845_cov_167.814865 211543 173050

			Align 47: 713833 752300 NODE_60_length_545845_cov_167.814865 211543 173050
				Gap between this and next alignment: 752300 to 755507 (3206 bp)
				Next Alignment: 755507 768935 NODE_60_length_545845_cov_167.814865 170524 157057

			Align 48: 755507 768935 NODE_60_length_545845_cov_167.814865 170524 157057
				Gap between this and next alignment: 768935 to 770080 (1144 bp)
				Next Alignment: 770080 771440 NODE_60_length_545845_cov_167.814865 147014 145654

			Align 49: 770080 771440 NODE_60_length_545845_cov_167.814865 147014 145654
				Gap between this and next alignment: 771440 to 772733 (1292 bp)
				Next Alignment: 772733 786612 NODE_60_length_545845_cov_167.814865 145374 131503

			Align 50: 772733 786612 NODE_60_length_545845_cov_167.814865 145374 131503
				Gap between this and next alignment: 786612 to 786757 (144 bp)
				Next Alignment: 786757 802160 NODE_60_length_545845_cov_167.814865 131502 116112

			Align 51: 786757 802160 NODE_60_length_545845_cov_167.814865 131502 116112
				Next Alignment: 802161 834312 NODE_60_length_545845_cov_167.814865 115896 83736

			Align 52: 802161 834312 NODE_60_length_545845_cov_167.814865 115896 83736
				Negative gap (overlap) between this and next alignment: 834312 to 834302 (-10 bp)
				Next Alignment: 834302 850568 NODE_60_length_545845_cov_167.814865 83364 67101

			Previous gap was negative, modifying coordinates to ignore overlap
				Moving contig start from 83364 to 83353.
			Align 53: 834313 850568 NODE_60_length_545845_cov_167.814865 83353 67101
				Gap between this and next alignment: 850568 to 855761 (5192 bp)
				Next Alignment: 855761 859812 NODE_60_length_545845_cov_167.814865 57529 53474

			Align 54: 855761 859812 NODE_60_length_545845_cov_167.814865 57529 53474
				Gap between this and next alignment: 859812 to 860175 (362 bp)
				Next Alignment: 860175 870457 NODE_60_length_545845_cov_167.814865 53111 42826

			Align 55: 860175 870457 NODE_60_length_545845_cov_167.814865 53111 42826
				Gap between this and next alignment: 870457 to 907456 (36998 bp)
				Next Alignment: 907456 907931 NODE_60_length_545845_cov_167.814865 42825 42350

			Align 56: 907456 907931 NODE_60_length_545845_cov_167.814865 42825 42350
				Negative gap (overlap) between this and next alignment: 907931 to 907920 (-11 bp)
				Next Alignment: 907920 920755 NODE_60_length_545845_cov_167.814865 42245 29409

			Previous gap was negative, modifying coordinates to ignore overlap
				Moving contig start from 42245 to 42233.
			Align 57: 907932 920755 NODE_60_length_545845_cov_167.814865 42233 29409
				Gap between this and next alignment: 920755 to 920826 (70 bp)
				Next Alignment: 920826 922029 NODE_60_length_545845_cov_167.814865 28154 26947

			Align 58: 920826 922029 NODE_60_length_545845_cov_167.814865 28154 26947
				Gap between this and next alignment: 922029 to 931283 (9253 bp)
				Next Alignment: 931283 948440 NODE_60_length_545845_cov_167.814865 17136 1

			Align 59: 931283 948440 NODE_60_length_545845_cov_167.814865 17136 1
				The next alignment (946563 946733 NODE_10_length_50905_cov_184.963623 171 1) is redundant. Skipping.
				The next alignment (947235 948440 NODE_11_length_1086_cov_655.151917 7 1212) is redundant. Skipping.
				Gap between this and next alignment: 948440 to 948812 (371 bp)
				Next Alignment: 948812 949327 NODE_45_length_390_cov_744.241028 516 1

			Align 62: 948812 949327 NODE_45_length_390_cov_744.241028 516 1
				Gap between this and next alignment: 949327 to 950114 (786 bp)
				Next Alignment: 950114 950722 NODE_20_length_483_cov_386.440979 609 1

			Align 63: 950114 950722 NODE_20_length_483_cov_386.440979 609 1
				The next alignment (950199 950722 NODE_47_length_398_cov_79.638191 1 524) is redundant. Skipping.
				Gap between this and next alignment: 950722 to 950751 (28 bp)
				Next Alignment: 950751 951718 NODE_6_length_842_cov_765.074829 1 968

			Align 65: 950751 951718 NODE_6_length_842_cov_765.074829 1 968
				Gap between this and next alignment: 951718 to 952520 (801 bp)
				Next Alignment: 952520 980306 NODE_2_length_27589_cov_169.095764 27715 1

			Align 66: 952520 980306 NODE_2_length_27589_cov_169.095764 27715 1
				Gap between this and next alignment: 980306 to 985166 (4859 bp)
				Next Alignment: 985166 985957 NODE_7_length_666_cov_698.303284 792 1

			Align 67: 985166 985957 NODE_7_length_666_cov_698.303284 792 1
				Gap between this and next alignment: 985957 to 986108 (150 bp)
				Next Alignment: 986108 996000 NODE_5_length_444826_cov_179.227036 444952 435065

			Align 68: 986108 996000 NODE_5_length_444826_cov_179.227036 444952 435065
				The next alignment (995875 996000 NODE_10_length_50905_cov_184.963623 42512 42387) is redundant. Skipping.
				Gap between this and next alignment: 996000 to 997384 (1383 bp)
				Next Alignment: 997384 1004216 NODE_5_length_444826_cov_179.227036 433760 426935

			Align 70: 997384 1004216 NODE_5_length_444826_cov_179.227036 433760 426935
				Negative gap (overlap) between this and next alignment: 1004216 to 1004210 (-6 bp)
				Next Alignment: 1004210 1006905 NODE_5_length_444826_cov_179.227036 425258 422563

			Previous gap was negative, modifying coordinates to ignore overlap
				Moving contig start from 425258 to 425251.
			Align 71: 1004217 1006905 NODE_5_length_444826_cov_179.227036 425251 422563
				Gap between this and next alignment: 1006905 to 1010014 (3108 bp)
				Next Alignment: 1010014 1023909 NODE_5_length_444826_cov_179.227036 422562 408684

			Align 72: 1010014 1023909 NODE_5_length_444826_cov_179.227036 422562 408684
				Gap between this and next alignment: 1023909 to 1024460 (550 bp)
				Next Alignment: 1024460 1028149 NODE_5_length_444826_cov_179.227036 400019 396311

			Align 73: 1024460 1028149 NODE_5_length_444826_cov_179.227036 400019 396311
				The next alignment (1027176 1027252 NODE_5_length_444826_cov_179.227036 408683 408607) is redundant. Skipping.
				Gap between this and next alignment: 1028149 to 1034121 (5971 bp)
				Next Alignment: 1034121 1036013 NODE_5_length_444826_cov_179.227036 408606 406712

			Align 75: 1034121 1036013 NODE_5_length_444826_cov_179.227036 408606 406712
				Gap between this and next alignment: 1036013 to 1036432 (418 bp)
				Next Alignment: 1036432 1043117 NODE_5_length_444826_cov_179.227036 406711 400020

			Align 76: 1036432 1043117 NODE_5_length_444826_cov_179.227036 406711 400020
				Negative gap (overlap) between this and next alignment: 1043117 to 1042449 (-668 bp)
				Next Alignment: 1042449 1052732 NODE_5_length_444826_cov_179.227036 382113 371842

			Previous gap was negative, modifying coordinates to ignore overlap
				Moving contig start from 382113 to 381435.
			Align 77: 1043118 1052732 NODE_5_length_444826_cov_179.227036 381435 371842
				The next alignment (1052596 1052727 NODE_12_length_87982_cov_144.570938 35565 35434) is redundant. Skipping.
				Gap between this and next alignment: 1052732 to 1066850 (14117 bp)
				Next Alignment: 1066850 1067552 NODE_10_length_50905_cov_184.963623 27456 26753

			Align 79: 1066850 1067552 NODE_10_length_50905_cov_184.963623 27456 26753
				Gap between this and next alignment: 1067552 to 1068201 (648 bp)
				Next Alignment: 1068201 1071322 NODE_10_length_50905_cov_184.963623 26739 23616

			Align 80: 1068201 1071322 NODE_10_length_50905_cov_184.963623 26739 23616
				Negative gap (overlap) between this and next alignment: 1071322 to 1071312 (-10 bp)
				Next Alignment: 1071312 1080545 NODE_10_length_50905_cov_184.963623 19696 10458

			Previous gap was negative, modifying coordinates to ignore overlap
				Moving contig start from 19696 to 19685.
			Align 81: 1071323 1080545 NODE_10_length_50905_cov_184.963623 19685 10458
				Gap between this and next alignment: 1080545 to 1081651 (1105 bp)
				Next Alignment: 1081651 1087333 NODE_5_length_444826_cov_179.227036 355632 361321

			Align 82: 1081651 1087333 NODE_5_length_444826_cov_179.227036 355632 361321
				Gap between this and next alignment: 1087333 to 1088080 (746 bp)
				Next Alignment: 1088080 1093967 NODE_5_length_444826_cov_179.227036 362577 368463

			Align 83: 1088080 1093967 NODE_5_length_444826_cov_179.227036 362577 368463
				Gap between this and next alignment: 1093967 to 1097822 (3854 bp)
				Next Alignment: 1097822 1106232 NODE_10_length_50905_cov_184.963623 42612 51031

			Align 84: 1097822 1106232 NODE_10_length_50905_cov_184.963623 42612 51031
				Gap between this and next alignment: 1106232 to 1112865 (6632 bp)
				Next Alignment: 1112865 1122867 NODE_10_length_50905_cov_184.963623 172 10165

			Align 85: 1112865 1122867 NODE_10_length_50905_cov_184.963623 172 10165
				Negative gap (overlap) between this and next alignment: 1122867 to 1122053 (-814 bp)
				Next Alignment: 1122053 1137119 NODE_5_length_444826_cov_179.227036 355631 340569

			Previous gap was negative, modifying coordinates to ignore overlap
				Moving contig start from 355631 to 354816.
			Align 86: 1122868 1137119 NODE_5_length_444826_cov_179.227036 354816 340569
				Gap between this and next alignment: 1137119 to 1137243 (123 bp)
				Next Alignment: 1137243 1146338 NODE_5_length_444826_cov_179.227036 340391 331312

			Align 87: 1137243 1146338 NODE_5_length_444826_cov_179.227036 340391 331312
				Gap between this and next alignment: 1146338 to 1147148 (809 bp)
				Next Alignment: 1147148 1152166 NODE_5_length_444826_cov_179.227036 329907 324900

			Align 88: 1147148 1152166 NODE_5_length_444826_cov_179.227036 329907 324900
				Gap between this and next alignment: 1152166 to 1152214 (47 bp)
				Next Alignment: 1152214 1186811 NODE_5_length_444826_cov_179.227036 322942 288323

			Align 89: 1152214 1186811 NODE_5_length_444826_cov_179.227036 322942 288323
				Gap between this and next alignment: 1186811 to 1186977 (165 bp)
				Next Alignment: 1186977 1212664 NODE_5_length_444826_cov_179.227036 288264 262603

			Align 90: 1186977 1212664 NODE_5_length_444826_cov_179.227036 288264 262603
				Gap between this and next alignment: 1212664 to 1213120 (455 bp)
				Next Alignment: 1213120 1246117 NODE_5_length_444826_cov_179.227036 262162 229167

			Align 91: 1213120 1246117 NODE_5_length_444826_cov_179.227036 262162 229167
				Gap between this and next alignment: 1246117 to 1246259 (141 bp)
				Next Alignment: 1246259 1303486 NODE_5_length_444826_cov_179.227036 229166 171994

			Align 92: 1246259 1303486 NODE_5_length_444826_cov_179.227036 229166 171994
				Gap between this and next alignment: 1303486 to 1304111 (624 bp)
				Next Alignment: 1304111 1356583 NODE_5_length_444826_cov_179.227036 171354 118867

			Align 93: 1304111 1356583 NODE_5_length_444826_cov_179.227036 171354 118867
				Negative gap (overlap) between this and next alignment: 1356583 to 1356580 (-3 bp)
				Next Alignment: 1356580 1362677 NODE_5_length_444826_cov_179.227036 113450 107351

			Previous gap was negative, modifying coordinates to ignore overlap
				Moving contig start from 113450 to 113446.
			Align 94: 1356584 1362677 NODE_5_length_444826_cov_179.227036 113446 107351
				Gap between this and next alignment: 1362677 to 1362818 (140 bp)
				Next Alignment: 1362818 1370428 NODE_5_length_444826_cov_179.227036 107210 99602

			Align 95: 1362818 1370428 NODE_5_length_444826_cov_179.227036 107210 99602
				Gap between this and next alignment: 1370428 to 1370433 (4 bp)
				Next Alignment: 1370433 1376986 NODE_5_length_444826_cov_179.227036 99446 92894

			Align 96: 1370433 1376986 NODE_5_length_444826_cov_179.227036 99446 92894
				Gap between this and next alignment: 1376986 to 1381954 (4967 bp)
				Next Alignment: 1381954 1418529 NODE_5_length_444826_cov_179.227036 92893 56399

			Align 97: 1381954 1418529 NODE_5_length_444826_cov_179.227036 92893 56399
				Negative gap (overlap) between this and next alignment: 1418529 to 1418521 (-8 bp)
				Next Alignment: 1418521 1419734 NODE_5_length_444826_cov_179.227036 55902 54689

			Previous gap was negative, modifying coordinates to ignore overlap
				Moving contig start from 55902 to 55893.
			Align 98: 1418530 1419734 NODE_5_length_444826_cov_179.227036 55893 54689
				Negative gap (overlap) between this and next alignment: 1419734 to 1419728 (-6 bp)
				Next Alignment: 1419728 1443298 NODE_5_length_444826_cov_179.227036 54347 30745

			Previous gap was negative, modifying coordinates to ignore overlap
				Moving contig start from 54347 to 54340.
			Align 99: 1419735 1443298 NODE_5_length_444826_cov_179.227036 54340 30745
				Gap between this and next alignment: 1443298 to 1445042 (1743 bp)
				Next Alignment: 1445042 1464127 NODE_5_length_444826_cov_179.227036 29016 9958

			Align 100: 1445042 1464127 NODE_5_length_444826_cov_179.227036 29016 9958
				Gap between this and next alignment: 1464127 to 1464369 (241 bp)
				Next Alignment: 1464369 1474322 NODE_5_length_444826_cov_179.227036 9957 1

			Align 101: 1464369 1474322 NODE_5_length_444826_cov_179.227036 9957 1
				Gap between this and next alignment: 1474322 to 1479779 (5456 bp)
				Next Alignment: 1479779 1489128 NODE_26_length_118173_cov_164.728897 162 9567

			Align 102: 1479779 1489128 NODE_26_length_118173_cov_164.728897 162 9567
				Gap between this and next alignment: 1489128 to 1490327 (1198 bp)
				Next Alignment: 1490327 1525372 NODE_26_length_118173_cov_164.728897 10651 45627

			Align 103: 1490327 1525372 NODE_26_length_118173_cov_164.728897 10651 45627
				Gap between this and next alignment: 1525372 to 1525381 (8 bp)
				Next Alignment: 1525381 1544585 NODE_26_length_118173_cov_164.728897 70696 51491

			Align 104: 1525381 1544585 NODE_26_length_118173_cov_164.728897 70696 51491
				Gap between this and next alignment: 1544585 to 1544635 (49 bp)
				Next Alignment: 1544635 1550597 NODE_26_length_118173_cov_164.728897 71409 77372

			Align 105: 1544635 1550597 NODE_26_length_118173_cov_164.728897 71409 77372
				Negative gap (overlap) between this and next alignment: 1550597 to 1550591 (-6 bp)
				Next Alignment: 1550591 1566302 NODE_26_length_118173_cov_164.728897 77492 93210

			Previous gap was negative, modifying coordinates to ignore overlap
				Moving contig start from 77492 to 77499.
			Align 106: 1550598 1566302 NODE_26_length_118173_cov_164.728897 77499 93210
				Gap between this and next alignment: 1566302 to 1566560 (257 bp)
				Next Alignment: 1566560 1580858 NODE_26_length_118173_cov_164.728897 93211 107480

			Align 107: 1566560 1580858 NODE_26_length_118173_cov_164.728897 93211 107480
				Gap between this and next alignment: 1580858 to 1581616 (757 bp)
				Next Alignment: 1581616 1582925 NODE_26_length_118173_cov_164.728897 107677 108986

			Align 108: 1581616 1582925 NODE_26_length_118173_cov_164.728897 107677 108986
				Gap between this and next alignment: 1582925 to 1582928 (2 bp)
				Next Alignment: 1582928 1592151 NODE_26_length_118173_cov_164.728897 109082 118299

			Align 109: 1582928 1592151 NODE_26_length_118173_cov_164.728897 109082 118299
				Gap between this and next alignment: 1592151 to 1596635 (4483 bp)
				Next Alignment: 1596635 1596909 NODE_3_length_179628_cov_156.746414 179466 179193

			Align 110: 1596635 1596909 NODE_3_length_179628_cov_156.746414 179466 179193
				Gap between this and next alignment: 1596909 to 1597793 (883 bp)
				Next Alignment: 1597793 1600447 NODE_3_length_179628_cov_156.746414 178528 175874

			Align 111: 1597793 1600447 NODE_3_length_179628_cov_156.746414 178528 175874
				Negative gap (overlap) between this and next alignment: 1600447 to 1600438 (-9 bp)
				Next Alignment: 1600438 1603079 NODE_3_length_179628_cov_156.746414 175452 172811

			Previous gap was negative, modifying coordinates to ignore overlap
				Moving contig start from 175452 to 175442.
			Align 112: 1600448 1603079 NODE_3_length_179628_cov_156.746414 175442 172811
				Gap between this and next alignment: 1603079 to 1603480 (400 bp)
				Next Alignment: 1603480 1603758 NODE_3_length_179628_cov_156.746414 172807 172529

			Align 113: 1603480 1603758 NODE_3_length_179628_cov_156.746414 172807 172529
				Gap between this and next alignment: 1603758 to 1604120 (361 bp)
				Next Alignment: 1604120 1611080 NODE_3_length_179628_cov_156.746414 172525 165570

			Align 114: 1604120 1611080 NODE_3_length_179628_cov_156.746414 172525 165570
				Gap between this and next alignment: 1611080 to 1612126 (1045 bp)
				Next Alignment: 1612126 1625941 NODE_3_length_179628_cov_156.746414 164470 150652

			Align 115: 1612126 1625941 NODE_3_length_179628_cov_156.746414 164470 150652
				Gap between this and next alignment: 1625941 to 1631394 (5452 bp)
				Next Alignment: 1631394 1637553 NODE_3_length_179628_cov_156.746414 149233 143091

			Align 116: 1631394 1637553 NODE_3_length_179628_cov_156.746414 149233 143091
				Negative gap (overlap) between this and next alignment: 1637553 to 1637484 (-69 bp)
				Next Alignment: 1637484 1642002 NODE_3_length_179628_cov_156.746414 98297 93780

			Previous gap was negative, modifying coordinates to ignore overlap
				Moving contig start from 98297 to 98227.
			Align 117: 1637554 1642002 NODE_3_length_179628_cov_156.746414 98227 93780
				Gap between this and next alignment: 1642002 to 1642595 (592 bp)
				Next Alignment: 1642595 1668888 NODE_3_length_179628_cov_156.746414 93709 67481

			Align 118: 1642595 1668888 NODE_3_length_179628_cov_156.746414 93709 67481
				Gap between this and next alignment: 1668888 to 1668894 (5 bp)
				Next Alignment: 1668894 1679372 NODE_3_length_179628_cov_156.746414 67329 56851

			Align 119: 1668894 1679372 NODE_3_length_179628_cov_156.746414 67329 56851
				Gap between this and next alignment: 1679372 to 1680798 (1425 bp)
				Next Alignment: 1680798 1737664 NODE_3_length_179628_cov_156.746414 56831 1

			Align 120: 1680798 1737664 NODE_3_length_179628_cov_156.746414 56831 1
				Gap between this and next alignment: 1737664 to 1743014 (5349 bp)
				Next Alignment: 1743014 1765237 NODE_1_length_61020_cov_149.082642 61146 38919

			Align 121: 1743014 1765237 NODE_1_length_61020_cov_149.082642 61146 38919
				Gap between this and next alignment: 1765237 to 1765338 (100 bp)
				Next Alignment: 1765338 1769932 NODE_1_length_61020_cov_149.082642 38918 34324

			Align 122: 1765338 1769932 NODE_1_length_61020_cov_149.082642 38918 34324
				Gap between this and next alignment: 1769932 to 1771139 (1206 bp)
				Next Alignment: 1771139 1792837 NODE_1_length_61020_cov_149.082642 34274 12575

			Align 123: 1771139 1792837 NODE_1_length_61020_cov_149.082642 34274 12575
				Gap between this and next alignment: 1792837 to 1792850 (12 bp)
				Next Alignment: 1792850 1797496 NODE_1_length_61020_cov_149.082642 12434 7730

			Align 124: 1792850 1797496 NODE_1_length_61020_cov_149.082642 12434 7730
				Gap between this and next alignment: 1797496 to 1797665 (168 bp)
				Next Alignment: 1797665 1805395 NODE_1_length_61020_cov_149.082642 7729 1

			Align 125: 1797665 1805395 NODE_1_length_61020_cov_149.082642 7729 1
				Gap between this and next alignment: 1805395 to 1810748 (5352 bp)
				Next Alignment: 1810748 1810909 NODE_12_length_87982_cov_144.570938 1 162

			Align 126: 1810748 1810909 NODE_12_length_87982_cov_144.570938 1 162
				Gap between this and next alignment: 1810909 to 1814054 (3144 bp)
				Next Alignment: 1814054 1814152 NODE_12_length_87982_cov_144.570938 3237 3335

			Align 127: 1814054 1814152 NODE_12_length_87982_cov_144.570938 3237 3335
				Gap between this and next alignment: 1814152 to 1814180 (27 bp)
				Next Alignment: 1814180 1815343 NODE_12_length_87982_cov_144.570938 3433 4596

			Align 128: 1814180 1815343 NODE_12_length_87982_cov_144.570938 3433 4596
				Gap between this and next alignment: 1815343 to 1815455 (111 bp)
				Next Alignment: 1815455 1843500 NODE_12_length_87982_cov_144.570938 4597 32625

			Align 129: 1815455 1843500 NODE_12_length_87982_cov_144.570938 4597 32625
			END in gap: 1843500 to 1887620 (44120 bp)

Analysis is finished!
Founded SNPs were written into /data/projects/Assembly/Aroon/reports/GCF_000931625.1_ASM93162v1_genomic/contigs_reports/nucmer_output/M05964_contigs.used_snps

Results:
	Local Misassemblies: 66
	Misassemblies: 42
		Relocations: 41
		Translocations: 0
		Inversions: 1
	Misassembled Contigs: 9
	Misassembled Contig Bases: 1782615
	Misassemblies Inter-Contig Overlap: 0
Uncovered Regions: 0 (0)
Unaligned Contigs: 1 + 1 part
Partially Unaligned Contigs with Misassemblies: 0
Unaligned Contig Bases: 3758

Ambiguously Mapped Contigs: 6
Total Bases in Ambiguously Mapped Contigs: 4615
Note that --allow-ambiguity option was set to "one" and only first alignment per each contig was used.

	Covered Bases: 1577889

	SNPs: 37079
	Insertions: 1497
	Deletions: 1642

	Positive Gaps: 97
		Internal Gaps:  80
		External Gaps:  17
		External Gap Total:  98270
		External Gap Average: 5781
	Negative Gaps: 22
		Internal Overlaps:  18
		External Overlaps:  4
		External Overlaps Total: -1190
		External Overlaps Average: -298
	Contigs with Redundant Alignments: 6 (4523)
