Aligning contigs to reference...
	Running Nucmer
Parsing coords...
Loading reference...
	Loaded [NZ_CP007472.1_Haemophilus_influenzae_strain_723__complete_genome]
Loading SNPs...
Loading regions...
	No regions given, using whole reference.
	Total Regions: 1
	Total Region Length: 1887620
Analyzing contigs...
CONTIG: NODE_1_length_1866_cov_327.743286 (1992bp)
Top Length: 873  Top ID: 96.56
		This contig is misassembled. 2 total aligns.
			Real Alignment 1: 1887078 1887620 | 577 1119 | 543 543 | 98.9 | NZ_CP007472.1_Haemophilus_influenzae_strain_723__complete_genome NODE_1_length_1866_cov_327.743286
			  Fake misassembly (caused by linear representation of circular genome) between these two alignments
			Real Alignment 2: 1 873 | 1120 1992 | 873 873 | 96.56 | NZ_CP007472.1_Haemophilus_influenzae_strain_723__complete_genome NODE_1_length_1866_cov_327.743286

CONTIG: NODE_4_length_14061_cov_138.316406 (14187bp)
Top Length: 1327  Top ID: 97.14
		This contig is misassembled. 3 total aligns.
			Warning! This contig is more unaligned than misassembled. Contig length is 14187 and total length of all aligns is 2487
		Alignment: 1879520 1879652 | 133 1 | 133 133 | 99.25 | NZ_CP007472.1_Haemophilus_influenzae_strain_723__complete_genome NODE_4_length_14061_cov_138.316406
		Alignment: 1872004 1873330 | 13150 11824 | 1327 1327 | 97.14 | NZ_CP007472.1_Haemophilus_influenzae_strain_723__complete_genome NODE_4_length_14061_cov_138.316406
		Alignment: 1870882 1871908 | 14187 13161 | 1027 1027 | 100.0 | NZ_CP007472.1_Haemophilus_influenzae_strain_723__complete_genome NODE_4_length_14061_cov_138.316406
		Unaligned bases: 11700
		This contig has both significant aligned and unaligned parts (of length >= min-contig)!
CONTIG: NODE_5_length_200242_cov_157.865829 (200368bp)
Top Length: 70827  Top ID: 98.32
		Skipping redundant alignment 1579756 1579834 | 7322 7400 | 79 79 | 100.0 | NZ_CP007472.1_Haemophilus_influenzae_strain_723__complete_genome NODE_5_length_200242_cov_157.865829
		Skipping redundant alignment 1637360 1637438 | 7322 7400 | 79 79 | 100.0 | NZ_CP007472.1_Haemophilus_influenzae_strain_723__complete_genome NODE_5_length_200242_cov_157.865829
		This contig is misassembled. 10 total aligns.
			Real Alignment 1: 1845980 1849280 | 3744 451 | 3301 3294 | 96.88 | NZ_CP007472.1_Haemophilus_influenzae_strain_723__complete_genome NODE_5_length_200242_cov_157.865829
			  Extensive misassembly ( relocation, inconsistency = 526599 ) between these two alignments
			Real Alignment 2: 1312866 1315900 | 10259 7225 | 3035 3035 | 99.74 | NZ_CP007472.1_Haemophilus_influenzae_strain_723__complete_genome NODE_5_length_200242_cov_157.865829
			  Fake misassembly between these two alignments: inconsistency = -54 , gap in the contig is small or absent or filled mostly with Ns (long indel: insertion of length 54; 0 mismatches)
			Real Alignment 3: 1242044 1312897 | 81108 10282 | 70854 70827 | 98.32 | NZ_CP007472.1_Haemophilus_influenzae_strain_723__complete_genome NODE_5_length_200242_cov_157.865829
			  Extensive misassembly ( relocation, inconsistency = -3143 ) between these two alignments
			Excluding internal overlap of size 85 between Alignment 4 and 5:  1186977 1210107 | 139181 116043 | 23131 23139 --> 1186977 1210022 | 139181 116128 | 23046 23054
			Real Alignment 4: 1210168 1242061 | 116127 84234 | 31894 31894 | 99.5 | NZ_CP007472.1_Haemophilus_influenzae_strain_723__complete_genome NODE_5_length_200242_cov_157.865829
			  Gap between these two alignments (local misassembly). Inconsistency = 145 
			Real Alignment 5: 1186977 1210022 | 139181 116128 | 23046 23054 | 99.06 | NZ_CP007472.1_Haemophilus_influenzae_strain_723__complete_genome NODE_5_length_200242_cov_157.865829
			  Gap between these two alignments (local misassembly). Inconsistency = 38 
			Real Alignment 6: 1146979 1186811 | 179131 139309 | 39833 39823 | 99.06 | NZ_CP007472.1_Haemophilus_influenzae_strain_723__complete_genome NODE_5_length_200242_cov_157.865829
			  Overlap between these two alignments (local misassembly). Inconsistency = -165 
			Real Alignment 7: 1138450 1147143 | 187825 179132 | 8694 8694 | 99.94 | NZ_CP007472.1_Haemophilus_influenzae_strain_723__complete_genome NODE_5_length_200242_cov_157.865829
			  Extensive misassembly ( relocation, inconsistency = 2714 ) between these two alignments
			Real Alignment 8: 1123189 1135734 | 200368 187827 | 12546 12542 | 98.37 | NZ_CP007472.1_Haemophilus_influenzae_strain_723__complete_genome NODE_5_length_200242_cov_157.865829

CONTIG: NODE_6_length_305742_cov_137.956314 (305868bp)
Top Length: 106206  Top ID: 99.4
		Skipping redundant alignment 1805236 1805361 | 126 1 | 126 126 | 98.41 | NZ_CP007472.1_Haemophilus_influenzae_strain_723__complete_genome NODE_6_length_305742_cov_137.956314
		Skipping redundant alignment 338267 338400 | 47342 47475 | 134 134 | 98.51 | NZ_CP007472.1_Haemophilus_influenzae_strain_723__complete_genome NODE_6_length_305742_cov_137.956314
		Skipping redundant alignment 581416 591474 | 198034 208098 | 10059 10065 | 98.82 | NZ_CP007472.1_Haemophilus_influenzae_strain_723__complete_genome NODE_6_length_305742_cov_137.956314
		Skipping redundant alignment 581432 591474 | 198050 208114 | 10043 10065 | 98.66 | NZ_CP007472.1_Haemophilus_influenzae_strain_723__complete_genome NODE_6_length_305742_cov_137.956314
		This contig is misassembled. 14 total aligns.
			Real Alignment 1: 383456 433879 | 1 50418 | 50424 50418 | 99.05 | NZ_CP007472.1_Haemophilus_influenzae_strain_723__complete_genome NODE_6_length_305742_cov_137.956314
			  Overlap between these two alignments (local misassembly). Inconsistency = -21 
			Real Alignment 2: 434014 441184 | 50574 57761 | 7171 7188 | 95.26 | NZ_CP007472.1_Haemophilus_influenzae_strain_723__complete_genome NODE_6_length_305742_cov_137.956314
			  Overlap between these two alignments (local misassembly). Inconsistency = -38 
			Real Alignment 3: 441290 484797 | 57905 101411 | 43508 43507 | 97.87 | NZ_CP007472.1_Haemophilus_influenzae_strain_723__complete_genome NODE_6_length_305742_cov_137.956314
			  Gap between these two alignments (local misassembly). Inconsistency = 7 
			Real Alignment 4: 485282 591474 | 101889 208094 | 106193 106206 | 99.4 | NZ_CP007472.1_Haemophilus_influenzae_strain_723__complete_genome NODE_6_length_305742_cov_137.956314
			  Overlap between these two alignments (local misassembly). Inconsistency = -125 
			Real Alignment 5: 591515 630233 | 208260 246985 | 38719 38726 | 99.85 | NZ_CP007472.1_Haemophilus_influenzae_strain_723__complete_genome NODE_6_length_305742_cov_137.956314
			  Overlap between these two alignments (local misassembly). Inconsistency = -286 
			Real Alignment 6: 630215 634668 | 247253 251706 | 4454 4454 | 97.04 | NZ_CP007472.1_Haemophilus_influenzae_strain_723__complete_genome NODE_6_length_305742_cov_137.956314
			  Overlap between these two alignments (local misassembly). Inconsistency = -428 
			Real Alignment 7: 647713 650812 | 265179 268279 | 3100 3101 | 96.45 | NZ_CP007472.1_Haemophilus_influenzae_strain_723__complete_genome NODE_6_length_305742_cov_137.956314
			  Overlap between these two alignments (local misassembly). Inconsistency = -103 
			Excluding internal overlap of size 54 between Alignment 8 and 9:  659666 660934 | 277105 278367 | 1269 1263 --> 659720 660934 | 277159 278367 | 1215 1209
			Real Alignment 8: 650815 659673 | 268385 277158 | 8859 8774 | 95.81 | NZ_CP007472.1_Haemophilus_influenzae_strain_723__complete_genome NODE_6_length_305742_cov_137.956314
			  Fake misassembly between these two alignments: inconsistency = 46 , gap in the contig is small or absent or filled mostly with Ns (long indel: deletion of length 46; 0 mismatches)
			Real Alignment 9: 659720 660934 | 277159 278367 | 1215 1209 | 95.11 | NZ_CP007472.1_Haemophilus_influenzae_strain_723__complete_genome NODE_6_length_305742_cov_137.956314
			  Overlap between these two alignments (local misassembly). Inconsistency = -482 
			Real Alignment 10: 667668 687593 | 285583 305508 | 19926 19926 | 98.1 | NZ_CP007472.1_Haemophilus_influenzae_strain_723__complete_genome NODE_6_length_305742_cov_137.956314

CONTIG: NODE_9_length_10305_cov_156.146530 (10431bp)
Top Length: 10431  Top ID: 95.79
		Marking as insignificant: 980181 980305 | 125 1 | 125 125 | 99.2 | NZ_CP007472.1_Haemophilus_influenzae_strain_723__complete_genome NODE_9_length_10305_cov_156.146530
		Marking as insignificant: 1081525 1081650 | 10431 10306 | 126 126 | 100.0 | NZ_CP007472.1_Haemophilus_influenzae_strain_723__complete_genome NODE_9_length_10305_cov_156.146530
		Marking as insignificant: 1479878 1480009 | 1 132 | 132 132 | 98.48 | NZ_CP007472.1_Haemophilus_influenzae_strain_723__complete_genome NODE_9_length_10305_cov_156.146530
		Marking as insignificant: 1596766 1596898 | 1 133 | 133 133 | 97.74 | NZ_CP007472.1_Haemophilus_influenzae_strain_723__complete_genome NODE_9_length_10305_cov_156.146530
		Marking as insignificant: 1743417 1743549 | 1 133 | 133 133 | 98.5 | NZ_CP007472.1_Haemophilus_influenzae_strain_723__complete_genome NODE_9_length_10305_cov_156.146530
		Marking as insignificant: 946599 946732 | 134 1 | 134 134 | 98.51 | NZ_CP007472.1_Haemophilus_influenzae_strain_723__complete_genome NODE_9_length_10305_cov_156.146530
		One align captures most of this contig: 1111723 1122178 | 1 10431 | 10456 10431 | 95.79 | NZ_CP007472.1_Haemophilus_influenzae_strain_723__complete_genome NODE_9_length_10305_cov_156.146530

CONTIG: NODE_10_length_70088_cov_157.618210 (70214bp)
Top Length: 44914  Top ID: 97.82
		Skipping redundant alignment 1474182 1474369 | 70027 70214 | 188 188 | 98.4 | NZ_CP007472.1_Haemophilus_influenzae_strain_723__complete_genome NODE_10_length_70088_cov_157.618210
		Skipping redundant alignment 952489 952645 | 70214 70059 | 157 156 | 99.36 | NZ_CP007472.1_Haemophilus_influenzae_strain_723__complete_genome NODE_10_length_70088_cov_157.618210
		Skipping redundant alignment 1737522 1737663 | 70073 70214 | 142 142 | 97.89 | NZ_CP007472.1_Haemophilus_influenzae_strain_723__complete_genome NODE_10_length_70088_cov_157.618210
		Skipping redundant alignment 1106083 1106214 | 70083 70214 | 132 132 | 99.24 | NZ_CP007472.1_Haemophilus_influenzae_strain_723__complete_genome NODE_10_length_70088_cov_157.618210
		This contig is misassembled. 8 total aligns.
			Real Alignment 1: 896532 900540 | 1113 5097 | 4009 3985 | 96.86 | NZ_CP007472.1_Haemophilus_influenzae_strain_723__complete_genome NODE_10_length_70088_cov_157.618210
			  Overlap between these two alignments (local misassembly). Inconsistency = -360 
			Excluding internal overlap of size 1 between Alignment 2 and 3:  905462 907452 | 10379 12366 | 1991 1988 --> 905462 907451 | 10379 12365 | 1990 1987
			Real Alignment 2: 905462 907451 | 10379 12365 | 1990 1987 | 99.35 | NZ_CP007472.1_Haemophilus_influenzae_strain_723__complete_genome NODE_10_length_70088_cov_157.618210
			  Extensive misassembly ( relocation, inconsistency = 92462 ) between these two alignments
			Real Alignment 3: 999914 1044852 | 57279 12366 | 44939 44914 | 97.82 | NZ_CP007472.1_Haemophilus_influenzae_strain_723__complete_genome NODE_10_length_70088_cov_157.618210
			  Gap between these two alignments (local misassembly). Inconsistency = 915 
			Real Alignment 4: 986061 995892 | 70214 60386 | 9832 9829 | 99.82 | NZ_CP007472.1_Haemophilus_influenzae_strain_723__complete_genome NODE_10_length_70088_cov_157.618210

CONTIG: NODE_11_length_27693_cov_160.142822 (27819bp)
Top Length: 27819  Top ID: 99.82
		Marking as insignificant: 1591146 1591225 | 15863 15784 | 80 80 | 100.0 | NZ_CP007472.1_Haemophilus_influenzae_strain_723__complete_genome NODE_11_length_27693_cov_160.142822
		Marking as insignificant: 1571645 1571725 | 27519 27439 | 81 81 | 100.0 | NZ_CP007472.1_Haemophilus_influenzae_strain_723__complete_genome NODE_11_length_27693_cov_160.142822
		Marking as insignificant: 1571541 1571625 | 27523 27439 | 85 85 | 100.0 | NZ_CP007472.1_Haemophilus_influenzae_strain_723__complete_genome NODE_11_length_27693_cov_160.142822
		Marking as insignificant: 1596765 1596890 | 27819 27694 | 126 126 | 98.41 | NZ_CP007472.1_Haemophilus_influenzae_strain_723__complete_genome NODE_11_length_27693_cov_160.142822
		Marking as insignificant: 1743416 1743541 | 27819 27694 | 126 126 | 99.21 | NZ_CP007472.1_Haemophilus_influenzae_strain_723__complete_genome NODE_11_length_27693_cov_160.142822
		Marking as insignificant: 1479877 1480002 | 27819 27694 | 126 126 | 99.21 | NZ_CP007472.1_Haemophilus_influenzae_strain_723__complete_genome NODE_11_length_27693_cov_160.142822
		Marking as insignificant: 1111722 1111847 | 27819 27694 | 126 126 | 99.21 | NZ_CP007472.1_Haemophilus_influenzae_strain_723__complete_genome NODE_11_length_27693_cov_160.142822
		Marking as insignificant: 946608 946733 | 27694 27819 | 126 126 | 99.21 | NZ_CP007472.1_Haemophilus_influenzae_strain_723__complete_genome NODE_11_length_27693_cov_160.142822
		Marking as insignificant: 1106083 1106215 | 134 1 | 133 134 | 98.51 | NZ_CP007472.1_Haemophilus_influenzae_strain_723__complete_genome NODE_11_length_27693_cov_160.142822
		Marking as insignificant: 1737522 1737664 | 144 1 | 143 144 | 97.22 | NZ_CP007472.1_Haemophilus_influenzae_strain_723__complete_genome NODE_11_length_27693_cov_160.142822
		Marking as insignificant: 1474214 1474370 | 158 1 | 157 158 | 97.47 | NZ_CP007472.1_Haemophilus_influenzae_strain_723__complete_genome NODE_11_length_27693_cov_160.142822
		Marking as insignificant: 986060 986216 | 1 158 | 157 158 | 99.37 | NZ_CP007472.1_Haemophilus_influenzae_strain_723__complete_genome NODE_11_length_27693_cov_160.142822
		One align captures most of this contig: 952488 980306 | 1 27819 | 27819 27819 | 99.82 | NZ_CP007472.1_Haemophilus_influenzae_strain_723__complete_genome NODE_11_length_27693_cov_160.142822

CONTIG: NODE_12_length_76973_cov_147.809525 (77099bp)
Top Length: 39592  Top ID: 98.7
		Skipping redundant alignment 891415 891634 | 2148 1929 | 220 220 | 95.45 | NZ_CP007472.1_Haemophilus_influenzae_strain_723__complete_genome NODE_12_length_76973_cov_147.809525
		Skipping redundant alignment 1337495 1337590 | 29430 29335 | 96 96 | 100.0 | NZ_CP007472.1_Haemophilus_influenzae_strain_723__complete_genome NODE_12_length_76973_cov_147.809525
		Skipping redundant alignment 1150438 1150531 | 29428 29335 | 94 94 | 100.0 | NZ_CP007472.1_Haemophilus_influenzae_strain_723__complete_genome NODE_12_length_76973_cov_147.809525
		Skipping redundant alignment 771660 771727 | 29402 29335 | 68 68 | 100.0 | NZ_CP007472.1_Haemophilus_influenzae_strain_723__complete_genome NODE_12_length_76973_cov_147.809525
		Skipping redundant alignment 1337454 1337545 | 29427 29336 | 92 92 | 100.0 | NZ_CP007472.1_Haemophilus_influenzae_strain_723__complete_genome NODE_12_length_76973_cov_147.809525
		Skipping redundant alignment 1150440 1150530 | 29430 29340 | 91 91 | 100.0 | NZ_CP007472.1_Haemophilus_influenzae_strain_723__complete_genome NODE_12_length_76973_cov_147.809525
		Skipping redundant alignment 224834 225274 | 43757 43321 | 441 437 | 97.05 | NZ_CP007472.1_Haemophilus_influenzae_strain_723__complete_genome NODE_12_length_76973_cov_147.809525
		Skipping redundant alignment 223819 224408 | 44348 43759 | 590 590 | 97.63 | NZ_CP007472.1_Haemophilus_influenzae_strain_723__complete_genome NODE_12_length_76973_cov_147.809525
		This contig is misassembled. 11 total aligns.
			Excluding internal overlap of size 75 between Alignment 1 and 2:  748 5580 | 1 4831 | 4833 4831 --> 748 5505 | 1 4756 | 4758 4756
			Real Alignment 1: 748 5505 | 1 4756 | 4758 4756 | 99.36 | NZ_CP007472.1_Haemophilus_influenzae_strain_723__complete_genome NODE_12_length_76973_cov_147.809525
			  Gap between these two alignments (local misassembly). Inconsistency = 956 
			Real Alignment 2: 6462 46055 | 4757 44348 | 39594 39592 | 98.7 | NZ_CP007472.1_Haemophilus_influenzae_strain_723__complete_genome NODE_12_length_76973_cov_147.809525
			  Extensive misassembly ( relocation, inconsistency = 793803 ) between these two alignments
			Real Alignment 3: 871972 872609 | 77099 76462 | 638 638 | 95.15 | NZ_CP007472.1_Haemophilus_influenzae_strain_723__complete_genome NODE_12_length_76973_cov_147.809525

CONTIG: NODE_13_length_61744_cov_120.733742 (61870bp)
Top Length: 54404  Top ID: 99.51
		Skipping redundant alignment 1579974 1580051 | 40032 39955 | 78 78 | 100.0 | NZ_CP007472.1_Haemophilus_influenzae_strain_723__complete_genome NODE_13_length_61744_cov_120.733742
		Skipping redundant alignment 1637682 1637759 | 40032 39955 | 78 78 | 100.0 | NZ_CP007472.1_Haemophilus_influenzae_strain_723__complete_genome NODE_13_length_61744_cov_120.733742
		This contig is misassembled. 4 total aligns.
			Excluding internal overlap of size 228 between Alignment 1 and 2:  1797665 1805361 | 7694 1 | 7697 7694 --> 1797893 1805361 | 7466 1 | 7469 7466
			Real Alignment 1: 1797893 1805361 | 7466 1 | 7469 7466 | 97.51 | NZ_CP007472.1_Haemophilus_influenzae_strain_723__complete_genome NODE_13_length_61744_cov_120.733742
			  Gap between these two alignments (local misassembly). Inconsistency = 168 
			Real Alignment 2: 1743305 1797724 | 61870 7467 | 54420 54404 | 99.51 | NZ_CP007472.1_Haemophilus_influenzae_strain_723__complete_genome NODE_13_length_61744_cov_120.733742

CONTIG: NODE_14_length_6974_cov_267.165039 (7100bp)
Top Length: 7100  Top ID: 98.1
		One align captures most of this contig: 1879527 1886627 | 1 7100 | 7101 7100 | 98.1 | NZ_CP007472.1_Haemophilus_influenzae_strain_723__complete_genome NODE_14_length_6974_cov_267.165039

CONTIG: NODE_15_length_164826_cov_120.856506 (164952bp)
Top Length: 46759  Top ID: 98.77
		Skipping redundant alignment 986041 986248 | 1 208 | 208 208 | 98.56 | NZ_CP007472.1_Haemophilus_influenzae_strain_723__complete_genome NODE_15_length_164826_cov_120.856506
		Skipping redundant alignment 952469 952645 | 1 176 | 177 176 | 97.74 | NZ_CP007472.1_Haemophilus_influenzae_strain_723__complete_genome NODE_15_length_164826_cov_120.856506
		Skipping redundant alignment 1737522 1737683 | 162 1 | 162 162 | 98.15 | NZ_CP007472.1_Haemophilus_influenzae_strain_723__complete_genome NODE_15_length_164826_cov_120.856506
		Skipping redundant alignment 1106083 1106234 | 152 1 | 152 152 | 99.34 | NZ_CP007472.1_Haemophilus_influenzae_strain_723__complete_genome NODE_15_length_164826_cov_120.856506
		Skipping redundant alignment 1682526 1682624 | 117587 117685 | 99 99 | 100.0 | NZ_CP007472.1_Haemophilus_influenzae_strain_723__complete_genome NODE_15_length_164826_cov_120.856506
		Skipping redundant alignment 771660 772598 | 142425 141482 | 939 944 | 95.03 | NZ_CP007472.1_Haemophilus_influenzae_strain_723__complete_genome NODE_15_length_164826_cov_120.856506
		Skipping redundant alignment 1150438 1150531 | 142451 142358 | 94 94 | 100.0 | NZ_CP007472.1_Haemophilus_influenzae_strain_723__complete_genome NODE_15_length_164826_cov_120.856506
		Skipping redundant alignment 31050 31137 | 142358 142445 | 88 88 | 100.0 | NZ_CP007472.1_Haemophilus_influenzae_strain_723__complete_genome NODE_15_length_164826_cov_120.856506
		Skipping redundant alignment 31051 31137 | 142363 142449 | 87 87 | 100.0 | NZ_CP007472.1_Haemophilus_influenzae_strain_723__complete_genome NODE_15_length_164826_cov_120.856506
		Skipping redundant alignment 1150439 1150530 | 142486 142395 | 92 92 | 100.0 | NZ_CP007472.1_Haemophilus_influenzae_strain_723__complete_genome NODE_15_length_164826_cov_120.856506
		Skipping redundant alignment 31051 31141 | 142399 142490 | 91 92 | 98.91 | NZ_CP007472.1_Haemophilus_influenzae_strain_723__complete_genome NODE_15_length_164826_cov_120.856506
		Skipping redundant alignment 771622 771726 | 142522 142419 | 105 104 | 96.19 | NZ_CP007472.1_Haemophilus_influenzae_strain_723__complete_genome NODE_15_length_164826_cov_120.856506
		This contig is misassembled. 22 total aligns.
			Excluding internal overlap of size 14 between Alignment 1 and 2:  1460797 1464403 | 13149 9543 | 3607 3607 --> 1460797 1464389 | 13149 9557 | 3593 3593
			Real Alignment 1: 1464834 1474389 | 9556 1 | 9556 9556 | 99.06 | NZ_CP007472.1_Haemophilus_influenzae_strain_723__complete_genome NODE_15_length_164826_cov_120.856506
			  Gap between these two alignments (local misassembly). Inconsistency = 444 
			Real Alignment 2: 1460797 1464389 | 13149 9557 | 3593 3593 | 96.98 | NZ_CP007472.1_Haemophilus_influenzae_strain_723__complete_genome NODE_15_length_164826_cov_120.856506
			  Fake misassembly between these two alignments: inconsistency = 46 , gap in the contig is small or absent or filled mostly with Ns (long indel: deletion of length 46; 39 mismatches)
			Real Alignment 3: 1445036 1460665 | 28848 13235 | 15630 15614 | 97.12 | NZ_CP007472.1_Haemophilus_influenzae_strain_723__complete_genome NODE_15_length_164826_cov_120.856506
			  Overlap between these two alignments (local misassembly). Inconsistency = -18 
			Real Alignment 4: 1434493 1443345 | 39428 30557 | 8853 8872 | 96.42 | NZ_CP007472.1_Haemophilus_influenzae_strain_723__complete_genome NODE_15_length_164826_cov_120.856506
			  Extensive misassembly ( relocation, inconsistency = -11511 ) between these two alignments
			Real Alignment 5: 1413697 1434398 | 71794 51034 | 20702 20761 | 97.37 | NZ_CP007472.1_Haemophilus_influenzae_strain_723__complete_genome NODE_15_length_164826_cov_120.856506
			  Fake misassembly between these two alignments: inconsistency = -6 , gap in the contig is small or absent or filled mostly with Ns (long indel: insertion of length 6; 0 mismatches)
			Excluding internal overlap of size 583 between Alignment 6 and 7:  1381954 1395081 | 102961 89838 | 13128 13124 --> 1381954 1394498 | 102961 90421 | 12545 12541
			Real Alignment 6: 1395083 1413569 | 90420 71928 | 18487 18493 | 96.8 | NZ_CP007472.1_Haemophilus_influenzae_strain_723__complete_genome NODE_15_length_164826_cov_120.856506
			  Gap between these two alignments (local misassembly). Inconsistency = 584 
			Excluding internal overlap of size 17 between Alignment 7 and 8:  1381954 1394498 | 102961 90421 | 12545 12541 --> 1381971 1394498 | 102944 90421 | 12528 12524
			Real Alignment 7: 1381971 1394498 | 102944 90421 | 12528 12524 | 97.28 | NZ_CP007472.1_Haemophilus_influenzae_strain_723__complete_genome NODE_15_length_164826_cov_120.856506
			  Extensive misassembly ( relocation, inconsistency = 4967 ) between these two alignments
			Real Alignment 8: 1330232 1377003 | 149703 102945 | 46772 46759 | 98.77 | NZ_CP007472.1_Haemophilus_influenzae_strain_723__complete_genome NODE_15_length_164826_cov_120.856506
			  Overlap between these two alignments (local misassembly). Inconsistency = -497 
			Real Alignment 9: 1315852 1330107 | 164580 150325 | 14256 14256 | 99.8 | NZ_CP007472.1_Haemophilus_influenzae_strain_723__complete_genome NODE_15_length_164826_cov_120.856506
			  Extensive misassembly ( relocation, inconsistency = 1314732 ) between these two alignments
			Real Alignment 10: 748 873 | 164952 164827 | 126 126 | 100.0 | NZ_CP007472.1_Haemophilus_influenzae_strain_723__complete_genome NODE_15_length_164826_cov_120.856506

CONTIG: NODE_16_length_1623_cov_754.963623 (1749bp)
Top Length: 1749  Top ID: 99.49
		Marking as insignificant: 982072 983823 | 1 1749 | 1752 1749 | 98.35 | NZ_CP007472.1_Haemophilus_influenzae_strain_723__complete_genome NODE_16_length_1623_cov_754.963623
		Marking as insignificant: 948499 950250 | 1 1749 | 1752 1749 | 98.46 | NZ_CP007472.1_Haemophilus_influenzae_strain_723__complete_genome NODE_16_length_1623_cov_754.963623
		This contig has 4 significant alignments. [An ambiguously mapped contig]
		Using only first of these alignment (option --ambiguity-usage is set to "one"):
		Alignment: 1108208 1109956 | 1749 1 | 1749 1749 | 99.49 | NZ_CP007472.1_Haemophilus_influenzae_strain_723__complete_genome NODE_16_length_1623_cov_754.963623
		Skipping alignment  1476361 1478111 | 1749 1 | 1751 1749 | 99.03 | NZ_CP007472.1_Haemophilus_influenzae_strain_723__complete_genome NODE_16_length_1623_cov_754.963623
		Skipping alignment  1593249 1594999 | 1749 1 | 1751 1749 | 99.03 | NZ_CP007472.1_Haemophilus_influenzae_strain_723__complete_genome NODE_16_length_1623_cov_754.963623
		Skipping alignment  1739901 1741650 | 1749 1 | 1750 1749 | 98.97 | NZ_CP007472.1_Haemophilus_influenzae_strain_723__complete_genome NODE_16_length_1623_cov_754.963623

CONTIG: NODE_17_length_678_cov_443.811218 (804bp)
Top Length: 804  Top ID: 96.03
		Marking as insignificant: 1592816 1592993 | 804 627 | 178 178 | 99.44 | NZ_CP007472.1_Haemophilus_influenzae_strain_723__complete_genome NODE_17_length_678_cov_443.811218
		Marking as insignificant: 1475928 1476105 | 804 627 | 178 178 | 99.44 | NZ_CP007472.1_Haemophilus_influenzae_strain_723__complete_genome NODE_17_length_678_cov_443.811218
		Marking as insignificant: 1107775 1107952 | 804 627 | 178 178 | 100.0 | NZ_CP007472.1_Haemophilus_influenzae_strain_723__complete_genome NODE_17_length_678_cov_443.811218
		Marking as insignificant: 1593175 1593374 | 200 1 | 200 200 | 99.0 | NZ_CP007472.1_Haemophilus_influenzae_strain_723__complete_genome NODE_17_length_678_cov_443.811218
		Marking as insignificant: 1476287 1476486 | 200 1 | 200 200 | 99.0 | NZ_CP007472.1_Haemophilus_influenzae_strain_723__complete_genome NODE_17_length_678_cov_443.811218
		Marking as insignificant: 1108134 1108333 | 200 1 | 200 200 | 99.5 | NZ_CP007472.1_Haemophilus_influenzae_strain_723__complete_genome NODE_17_length_678_cov_443.811218
		This contig has 3 significant alignments. [An ambiguously mapped contig]
		Using only first of these alignment (option --ambiguity-usage is set to "one"):
		Alignment: 950124 950928 | 1 804 | 805 804 | 96.03 | NZ_CP007472.1_Haemophilus_influenzae_strain_723__complete_genome NODE_17_length_678_cov_443.811218
		Skipping alignment  983697 984501 | 1 804 | 805 804 | 96.03 | NZ_CP007472.1_Haemophilus_influenzae_strain_723__complete_genome NODE_17_length_678_cov_443.811218
		Skipping alignment  1739223 1740027 | 804 1 | 805 804 | 96.03 | NZ_CP007472.1_Haemophilus_influenzae_strain_723__complete_genome NODE_17_length_678_cov_443.811218

CONTIG: NODE_18_length_8645_cov_125.807518 (8771bp)
Top Length: 8771  Top ID: 99.86
		One align captures most of this contig: 1870882 1879652 | 8771 1 | 8771 8771 | 99.86 | NZ_CP007472.1_Haemophilus_influenzae_strain_723__complete_genome NODE_18_length_8645_cov_125.807518

CONTIG: NODE_19_length_4174_cov_148.450882 (4300bp)
		This contig is unaligned. (4300 bp)
		Unaligned bases: 4300  total: 4300

CONTIG: NODE_20_length_79421_cov_141.900635 (79547bp)
Top Length: 79174  Top ID: 98.56
		One align captures most of this contig: 46051 125228 | 374 79547 | 79178 79174 | 98.56 | NZ_CP007472.1_Haemophilus_influenzae_strain_723__complete_genome NODE_20_length_79421_cov_141.900635

CONTIG: NODE_21_length_3971_cov_270.450012 (4097bp)
Top Length: 4095  Top ID: 99.63
		One align captures most of this contig: 1849988 1854082 | 3 4097 | 4095 4095 | 99.63 | NZ_CP007472.1_Haemophilus_influenzae_strain_723__complete_genome NODE_21_length_3971_cov_270.450012

CONTIG: NODE_22_length_1236_cov_123.345467 (1362bp)
Top Length: 1362  Top ID: 99.05
		One align captures most of this contig: 1868866 1870227 | 1 1362 | 1362 1362 | 99.05 | NZ_CP007472.1_Haemophilus_influenzae_strain_723__complete_genome NODE_22_length_1236_cov_123.345467

CONTIG: NODE_23_length_2046_cov_141.985825 (2172bp)
Top Length: 386  Top ID: 99.22
		This contig is partially unaligned. (Aligned 386 out of 2172 bases)
		Alignment: 1864819 1865203 | 1787 2172 | 385 386 | 99.22 | NZ_CP007472.1_Haemophilus_influenzae_strain_723__complete_genome NODE_23_length_2046_cov_141.985825
		Unaligned bases: 1 to 1786 (1786)

CONTIG: NODE_24_length_1136_cov_317.318665 (1262bp)
Top Length: 1262  Top ID: 99.92
		Marking as insignificant: 1122053 1123314 | 1262 1 | 1262 1262 | 97.54 | NZ_CP007472.1_Haemophilus_influenzae_strain_723__complete_genome NODE_24_length_1136_cov_317.318665
		One align captures most of this contig: 1080389 1081650 | 1 1262 | 1262 1262 | 99.92 | NZ_CP007472.1_Haemophilus_influenzae_strain_723__complete_genome NODE_24_length_1136_cov_317.318665

CONTIG: NODE_25_length_5391_cov_251.194031 (5517bp)
		This contig is unaligned. (5517 bp)
		Unaligned bases: 5517  total: 9817

CONTIG: NODE_26_length_1133_cov_637.275391 (1259bp)
Top Length: 1259  Top ID: 98.41
		This contig has 6 significant alignments. [An ambiguously mapped contig]
		Using only first of these alignment (option --ambiguity-usage is set to "one"):
		Alignment: 947239 948497 | 1259 1 | 1259 1259 | 98.41 | NZ_CP007472.1_Haemophilus_influenzae_strain_723__complete_genome NODE_26_length_1133_cov_637.275391
		Skipping alignment  980812 982070 | 1259 1 | 1259 1259 | 98.41 | NZ_CP007472.1_Haemophilus_influenzae_strain_723__complete_genome NODE_26_length_1133_cov_637.275391
		Skipping alignment  1109958 1111216 | 1 1259 | 1259 1259 | 98.41 | NZ_CP007472.1_Haemophilus_influenzae_strain_723__complete_genome NODE_26_length_1133_cov_637.275391
		Skipping alignment  1478113 1479371 | 1 1259 | 1259 1259 | 98.41 | NZ_CP007472.1_Haemophilus_influenzae_strain_723__complete_genome NODE_26_length_1133_cov_637.275391
		Skipping alignment  1595001 1596259 | 1 1259 | 1259 1259 | 98.41 | NZ_CP007472.1_Haemophilus_influenzae_strain_723__complete_genome NODE_26_length_1133_cov_637.275391
		Skipping alignment  1741652 1742910 | 1 1259 | 1259 1259 | 98.41 | NZ_CP007472.1_Haemophilus_influenzae_strain_723__complete_genome NODE_26_length_1133_cov_637.275391

CONTIG: NODE_27_length_520_cov_653.528870 (646bp)
Top Length: 646  Top ID: 97.43
		This contig has 6 significant alignments. [An ambiguously mapped contig]
		Using only first of these alignment (option --ambiguity-usage is set to "one"):
		Alignment: 946703 947364 | 1 646 | 662 646 | 97.43 | NZ_CP007472.1_Haemophilus_influenzae_strain_723__complete_genome NODE_27_length_520_cov_653.528870
		Skipping alignment  980276 980937 | 1 646 | 662 646 | 97.43 | NZ_CP007472.1_Haemophilus_influenzae_strain_723__complete_genome NODE_27_length_520_cov_653.528870
		Skipping alignment  1111091 1111752 | 646 1 | 662 646 | 97.43 | NZ_CP007472.1_Haemophilus_influenzae_strain_723__complete_genome NODE_27_length_520_cov_653.528870
		Skipping alignment  1479246 1479907 | 646 1 | 662 646 | 97.43 | NZ_CP007472.1_Haemophilus_influenzae_strain_723__complete_genome NODE_27_length_520_cov_653.528870
		Skipping alignment  1596134 1596795 | 646 1 | 662 646 | 97.28 | NZ_CP007472.1_Haemophilus_influenzae_strain_723__complete_genome NODE_27_length_520_cov_653.528870
		Skipping alignment  1742785 1743446 | 646 1 | 662 646 | 97.28 | NZ_CP007472.1_Haemophilus_influenzae_strain_723__complete_genome NODE_27_length_520_cov_653.528870

CONTIG: NODE_28_length_25356_cov_157.250427 (25482bp)
Top Length: 9565  Top ID: 95.51
		Skipping redundant alignment 1737524 1737829 | 309 1 | 306 309 | 98.71 | NZ_CP007472.1_Haemophilus_influenzae_strain_723__complete_genome NODE_28_length_25356_cov_157.250427
		Skipping redundant alignment 952322 952621 | 1 299 | 300 299 | 99.33 | NZ_CP007472.1_Haemophilus_influenzae_strain_723__complete_genome NODE_28_length_25356_cov_157.250427
		Skipping redundant alignment 985895 986192 | 1 299 | 298 299 | 98.66 | NZ_CP007472.1_Haemophilus_influenzae_strain_723__complete_genome NODE_28_length_25356_cov_157.250427
		Skipping redundant alignment 1474238 1474534 | 299 1 | 297 299 | 98.66 | NZ_CP007472.1_Haemophilus_influenzae_strain_723__complete_genome NODE_28_length_25356_cov_157.250427
		Skipping redundant alignment 1591228 1591422 | 195 1 | 195 195 | 98.47 | NZ_CP007472.1_Haemophilus_influenzae_strain_723__complete_genome NODE_28_length_25356_cov_157.250427
		Skipping redundant alignment 995865 995960 | 8617 8713 | 96 97 | 97.94 | NZ_CP007472.1_Haemophilus_influenzae_strain_723__complete_genome NODE_28_length_25356_cov_157.250427
		Skipping redundant alignment 995977 996064 | 8626 8713 | 88 88 | 100.0 | NZ_CP007472.1_Haemophilus_influenzae_strain_723__complete_genome NODE_28_length_25356_cov_157.250427
		Skipping redundant alignment 1053483 1053570 | 8626 8713 | 88 88 | 100.0 | NZ_CP007472.1_Haemophilus_influenzae_strain_723__complete_genome NODE_28_length_25356_cov_157.250427
		Skipping redundant alignment 1122053 1122178 | 25357 25482 | 126 126 | 99.21 | NZ_CP007472.1_Haemophilus_influenzae_strain_723__complete_genome NODE_28_length_25356_cov_157.250427
		This contig is misassembled. 12 total aligns.
			Real Alignment 1: 1097679 1106381 | 8713 1 | 8703 8713 | 98.26 | NZ_CP007472.1_Haemophilus_influenzae_strain_723__complete_genome NODE_28_length_25356_cov_157.250427
			  Overlap between these two alignments (local misassembly). Inconsistency = -93 
			Real Alignment 2: 1088080 1097636 | 18413 8849 | 9557 9565 | 95.51 | NZ_CP007472.1_Haemophilus_influenzae_strain_723__complete_genome NODE_28_length_25356_cov_157.250427
			  Overlap between these two alignments (local misassembly). Inconsistency = -509 
			Real Alignment 3: 1081525 1087333 | 25482 19669 | 5809 5814 | 97.37 | NZ_CP007472.1_Haemophilus_influenzae_strain_723__complete_genome NODE_28_length_25356_cov_157.250427

CONTIG: NODE_30_length_22329_cov_132.361191 (22455bp)
Top Length: 1529  Top ID: 95.03
		This contig is misassembled. 3 total aligns.
			Warning! This contig is more unaligned than misassembled. Contig length is 22455 and total length of all aligns is 3200
		Alignment: 894507 894816 | 310 1 | 310 310 | 95.81 | NZ_CP007472.1_Haemophilus_influenzae_strain_723__complete_genome NODE_30_length_22329_cov_132.361191
		Alignment: 892835 894363 | 1992 464 | 1529 1529 | 95.03 | NZ_CP007472.1_Haemophilus_influenzae_strain_723__complete_genome NODE_30_length_22329_cov_132.361191
		Alignment: 871972 873332 | 22455 21095 | 1361 1361 | 96.92 | NZ_CP007472.1_Haemophilus_influenzae_strain_723__complete_genome NODE_30_length_22329_cov_132.361191
		Unaligned bases: 19255
		This contig has both significant aligned and unaligned parts (of length >= min-contig)!
CONTIG: NODE_31_length_433_cov_382.521942 (559bp)
Top Length: 559  Top ID: 100.0
		Marking as insignificant: 1739223 1739400 | 1 178 | 178 178 | 100.0 | NZ_CP007472.1_Haemophilus_influenzae_strain_723__complete_genome NODE_31_length_433_cov_382.521942
		Marking as insignificant: 984324 984501 | 178 1 | 178 178 | 100.0 | NZ_CP007472.1_Haemophilus_influenzae_strain_723__complete_genome NODE_31_length_433_cov_382.521942
		Marking as insignificant: 950751 950928 | 178 1 | 178 178 | 100.0 | NZ_CP007472.1_Haemophilus_influenzae_strain_723__complete_genome NODE_31_length_433_cov_382.521942
		Marking as insignificant: 1739827 1740027 | 360 559 | 201 200 | 95.54 | NZ_CP007472.1_Haemophilus_influenzae_strain_723__complete_genome NODE_31_length_433_cov_382.521942
		Marking as insignificant: 983697 983897 | 559 360 | 201 200 | 95.54 | NZ_CP007472.1_Haemophilus_influenzae_strain_723__complete_genome NODE_31_length_433_cov_382.521942
		Marking as insignificant: 950124 950324 | 559 360 | 201 200 | 95.54 | NZ_CP007472.1_Haemophilus_influenzae_strain_723__complete_genome NODE_31_length_433_cov_382.521942
		This contig has 3 significant alignments. [An ambiguously mapped contig]
		Using only first of these alignment (option --ambiguity-usage is set to "one"):
		Alignment: 1475928 1476486 | 1 559 | 559 559 | 100.0 | NZ_CP007472.1_Haemophilus_influenzae_strain_723__complete_genome NODE_31_length_433_cov_382.521942
		Skipping alignment  1592816 1593374 | 1 559 | 559 559 | 100.0 | NZ_CP007472.1_Haemophilus_influenzae_strain_723__complete_genome NODE_31_length_433_cov_382.521942
		Skipping alignment  1107775 1108333 | 1 559 | 559 559 | 99.28 | NZ_CP007472.1_Haemophilus_influenzae_strain_723__complete_genome NODE_31_length_433_cov_382.521942

CONTIG: NODE_33_length_1214_cov_311.869843 (1340bp)
		This contig is unaligned. (1340 bp)
		Unaligned bases: 1340  total: 11157

CONTIG: NODE_35_length_62635_cov_154.319550 (62761bp)
Top Length: 10122  Top ID: 98.72
		Skipping redundant alignment 2677 2896 | 3131 3350 | 220 220 | 96.36 | NZ_CP007472.1_Haemophilus_influenzae_strain_723__complete_genome NODE_35_length_62635_cov_154.319550
		Skipping redundant alignment 995875 995948 | 30689 30762 | 74 74 | 100.0 | NZ_CP007472.1_Haemophilus_influenzae_strain_723__complete_genome NODE_35_length_62635_cov_154.319550
		This contig is misassembled. 11 total aligns.
			Real Alignment 1: 892785 894363 | 2031 453 | 1579 1579 | 96.96 | NZ_CP007472.1_Haemophilus_influenzae_strain_723__complete_genome NODE_35_length_62635_cov_154.319550
			  Fake misassembly between these two alignments: inconsistency = 51 , gap in the contig is small or absent or filled mostly with Ns (long indel: deletion of length 51; 23 mismatches)
			Real Alignment 2: 882633 892659 | 12132 2106 | 10027 10027 | 97.45 | NZ_CP007472.1_Haemophilus_influenzae_strain_723__complete_genome NODE_35_length_62635_cov_154.319550
			  Overlap between these two alignments (local misassembly). Inconsistency = -5 
			Real Alignment 3: 875098 880657 | 19671 14113 | 5560 5559 | 96.55 | NZ_CP007472.1_Haemophilus_influenzae_strain_723__complete_genome NODE_35_length_62635_cov_154.319550
			  Extensive misassembly ( relocation, inconsistency = 159419 ) between these two alignments
			Real Alignment 4: 1044848 1047275 | 24443 26865 | 2428 2423 | 98.52 | NZ_CP007472.1_Haemophilus_influenzae_strain_723__complete_genome NODE_35_length_62635_cov_154.319550
			  Extensive misassembly ( relocation, inconsistency = -55227 ) between these two alignments
			Real Alignment 5: 995865 995944 | 30682 30762 | 80 81 | 97.53 | NZ_CP007472.1_Haemophilus_influenzae_strain_723__complete_genome NODE_35_length_62635_cov_154.319550
			  Extensive misassembly ( relocation, inconsistency = 56699 ) between these two alignments
			Real Alignment 6: 1056507 1066634 | 34626 44747 | 10128 10122 | 98.72 | NZ_CP007472.1_Haemophilus_influenzae_strain_723__complete_genome NODE_35_length_62635_cov_154.319550
			  Overlap between these two alignments (local misassembly). Inconsistency = -821 
			Real Alignment 7: 1066850 1067552 | 45784 46487 | 703 704 | 96.74 | NZ_CP007472.1_Haemophilus_influenzae_strain_723__complete_genome NODE_35_length_62635_cov_154.319550
			  Gap between these two alignments (local misassembly). Inconsistency = 635 
			Real Alignment 8: 1068203 1071322 | 46503 49624 | 3120 3122 | 98.53 | NZ_CP007472.1_Haemophilus_influenzae_strain_723__complete_genome NODE_35_length_62635_cov_154.319550
			  Extensive misassembly ( relocation, inconsistency = -3932 ) between these two alignments
			Real Alignment 9: 1071312 1080514 | 53546 62761 | 9203 9216 | 97.84 | NZ_CP007472.1_Haemophilus_influenzae_strain_723__complete_genome NODE_35_length_62635_cov_154.319550

CONTIG: NODE_37_length_790_cov_684.572144 (916bp)
Top Length: 916  Top ID: 100.0
		This contig has 6 significant alignments. [An ambiguously mapped contig]
		Using only first of these alignment (option --ambiguity-usage is set to "one"):
		Alignment: 950803 951718 | 916 1 | 916 916 | 100.0 | NZ_CP007472.1_Haemophilus_influenzae_strain_723__complete_genome NODE_37_length_790_cov_684.572144
		Skipping alignment  984376 985291 | 916 1 | 916 916 | 100.0 | NZ_CP007472.1_Haemophilus_influenzae_strain_723__complete_genome NODE_37_length_790_cov_684.572144
		Skipping alignment  1106985 1107900 | 1 916 | 916 916 | 100.0 | NZ_CP007472.1_Haemophilus_influenzae_strain_723__complete_genome NODE_37_length_790_cov_684.572144
		Skipping alignment  1475138 1476053 | 1 916 | 916 916 | 100.0 | NZ_CP007472.1_Haemophilus_influenzae_strain_723__complete_genome NODE_37_length_790_cov_684.572144
		Skipping alignment  1592026 1592941 | 1 916 | 916 916 | 100.0 | NZ_CP007472.1_Haemophilus_influenzae_strain_723__complete_genome NODE_37_length_790_cov_684.572144
		Skipping alignment  1738433 1739348 | 1 916 | 916 916 | 100.0 | NZ_CP007472.1_Haemophilus_influenzae_strain_723__complete_genome NODE_37_length_790_cov_684.572144

CONTIG: NODE_39_length_233014_cov_148.519196 (233140bp)
Top Length: 159010  Top ID: 99.04
		Skipping redundant alignment 1479878 1480072 | 1 195 | 195 195 | 97.44 | NZ_CP007472.1_Haemophilus_influenzae_strain_723__complete_genome NODE_39_length_233014_cov_148.519196
		Skipping redundant alignment 1111723 1111856 | 1 134 | 134 134 | 98.51 | NZ_CP007472.1_Haemophilus_influenzae_strain_723__complete_genome NODE_39_length_233014_cov_148.519196
		Skipping redundant alignment 1743417 1743549 | 1 133 | 133 133 | 99.25 | NZ_CP007472.1_Haemophilus_influenzae_strain_723__complete_genome NODE_39_length_233014_cov_148.519196
		Skipping redundant alignment 1596766 1596898 | 1 133 | 133 133 | 98.5 | NZ_CP007472.1_Haemophilus_influenzae_strain_723__complete_genome NODE_39_length_233014_cov_148.519196
		Skipping redundant alignment 980181 980305 | 125 1 | 125 125 | 99.2 | NZ_CP007472.1_Haemophilus_influenzae_strain_723__complete_genome NODE_39_length_233014_cov_148.519196
		Skipping redundant alignment 1499070 1499139 | 113616 113547 | 70 70 | 100.0 | NZ_CP007472.1_Haemophilus_influenzae_strain_723__complete_genome NODE_39_length_233014_cov_148.519196
		This contig is misassembled. 14 total aligns.
			Real Alignment 1: 907920 946732 | 38814 1 | 38813 38814 | 99.87 | NZ_CP007472.1_Haemophilus_influenzae_strain_723__complete_genome NODE_39_length_233014_cov_148.519196
			  Overlap between these two alignments (local misassembly). Inconsistency = -141 
			Excluding internal overlap of size 4 between Alignment 2 and 3:  907452 907859 | 39423 39016 | 408 408 --> 907456 907859 | 39419 39016 | 404 404
			Real Alignment 2: 907456 907859 | 39419 39016 | 404 404 | 97.79 | NZ_CP007472.1_Haemophilus_influenzae_strain_723__complete_genome NODE_39_length_233014_cov_148.519196
			  Extensive misassembly ( relocation, inconsistency = 36998 ) between these two alignments
			Real Alignment 3: 711504 870457 | 198429 39420 | 158954 159010 | 99.04 | NZ_CP007472.1_Haemophilus_influenzae_strain_723__complete_genome NODE_39_length_233014_cov_148.519196
			  Gap between these two alignments (local misassembly). Inconsistency = 831 
			Real Alignment 4: 687588 709679 | 221515 199423 | 22092 22093 | 99.16 | NZ_CP007472.1_Haemophilus_influenzae_strain_723__complete_genome NODE_39_length_233014_cov_148.519196
			  Extensive misassembly ( relocation, inconsistency = -219874 ) between these two alignments
			Real Alignment 5: 906858 907101 | 222119 221876 | 244 244 | 97.95 | NZ_CP007472.1_Haemophilus_influenzae_strain_723__complete_genome NODE_39_length_233014_cov_148.519196
			  Overlap between these two alignments (local misassembly). Inconsistency = -24 
			Real Alignment 6: 901491 905535 | 227510 223466 | 4045 4045 | 96.64 | NZ_CP007472.1_Haemophilus_influenzae_strain_723__complete_genome NODE_39_length_233014_cov_148.519196
			  Overlap between these two alignments (local misassembly). Inconsistency = -6 
			Real Alignment 7: 901114 901283 | 227893 227724 | 170 170 | 95.88 | NZ_CP007472.1_Haemophilus_influenzae_strain_723__complete_genome NODE_39_length_233014_cov_148.519196
			  Gap between these two alignments (local misassembly). Inconsistency = 73 
			Real Alignment 8: 898383 899372 | 230551 229562 | 990 990 | 96.36 | NZ_CP007472.1_Haemophilus_influenzae_strain_723__complete_genome NODE_39_length_233014_cov_148.519196

CONTIG: NODE_40_length_1253_cov_141.162811 (1379bp)
Top Length: 843  Top ID: 96.09
		This contig is misassembled. 2 total aligns.
			Real Alignment 1: 1868866 1869033 | 1 165 | 168 165 | 97.62 | NZ_CP007472.1_Haemophilus_influenzae_strain_723__complete_genome NODE_40_length_1253_cov_141.162811
			  Overlap between these two alignments (local misassembly). Inconsistency = -20 
			Real Alignment 2: 1869385 1870227 | 537 1379 | 843 843 | 96.09 | NZ_CP007472.1_Haemophilus_influenzae_strain_723__complete_genome NODE_40_length_1253_cov_141.162811

CONTIG: NODE_41_length_3788_cov_277.582367 (3914bp)
Top Length: 3914  Top ID: 99.11
		One align captures most of this contig: 1865078 1868991 | 1 3914 | 3914 3914 | 99.11 | NZ_CP007472.1_Haemophilus_influenzae_strain_723__complete_genome NODE_41_length_3788_cov_277.582367

CONTIG: NODE_42_length_780_cov_246.939743 (906bp)
Top Length: 906  Top ID: 100.0
		One align captures most of this contig: 1870102 1871007 | 1 906 | 906 906 | 100.0 | NZ_CP007472.1_Haemophilus_influenzae_strain_723__complete_genome NODE_42_length_780_cov_246.939743

CONTIG: NODE_43_length_729_cov_299.320984 (855bp)
Top Length: 849  Top ID: 96.11
		One align captures most of this contig: 894697 895545 | 7 855 | 849 849 | 96.11 | NZ_CP007472.1_Haemophilus_influenzae_strain_723__complete_genome NODE_43_length_729_cov_299.320984

CONTIG: NODE_46_length_410_cov_254.624390 (536bp)
Top Length: 536  Top ID: 100.0
		Marking as insignificant: 130442 130668 | 227 1 | 227 227 | 100.0 | NZ_CP007472.1_Haemophilus_influenzae_strain_723__complete_genome NODE_46_length_410_cov_254.624390
		Marking as insignificant: 130175 130485 | 536 229 | 311 308 | 99.04 | NZ_CP007472.1_Haemophilus_influenzae_strain_723__complete_genome NODE_46_length_410_cov_254.624390
		One align captures most of this contig: 1861528 1862063 | 1 536 | 536 536 | 100.0 | NZ_CP007472.1_Haemophilus_influenzae_strain_723__complete_genome NODE_46_length_410_cov_254.624390

CONTIG: NODE_47_length_906_cov_336.151215 (1032bp)
Top Length: 1032  Top ID: 97.78
		This contig has 2 significant alignments. [An ambiguously mapped contig]
		Using only first of these alignment (option --ambiguity-usage is set to "one"):
		Alignment: 130767 131803 | 1032 1 | 1037 1032 | 97.78 | NZ_CP007472.1_Haemophilus_influenzae_strain_723__complete_genome NODE_47_length_906_cov_336.151215
		Skipping alignment  1860392 1861429 | 1 1032 | 1038 1032 | 97.78 | NZ_CP007472.1_Haemophilus_influenzae_strain_723__complete_genome NODE_47_length_906_cov_336.151215

CONTIG: NODE_48_length_609_cov_328.308716 (735bp)
Top Length: 735  Top ID: 95.52
		Marking as insignificant: 1855735 1856290 | 1 557 | 556 557 | 99.46 | NZ_CP007472.1_Haemophilus_influenzae_strain_723__complete_genome NODE_48_length_609_cov_328.308716
		One align captures most of this contig: 125103 125837 | 1 735 | 735 735 | 95.52 | NZ_CP007472.1_Haemophilus_influenzae_strain_723__complete_genome NODE_48_length_609_cov_328.308716

CONTIG: NODE_49_length_417_cov_291.045563 (543bp)
Top Length: 543  Top ID: 96.5
		One align captures most of this contig: 252387 252929 | 543 1 | 543 543 | 96.5 | NZ_CP007472.1_Haemophilus_influenzae_strain_723__complete_genome NODE_49_length_417_cov_291.045563

CONTIG: NODE_50_length_111947_cov_114.293762 (112073bp)
Top Length: 76041  Top ID: 98.73
		Skipping redundant alignment 796344 796413 | 19711 19780 | 70 70 | 100.0 | NZ_CP007472.1_Haemophilus_influenzae_strain_723__complete_genome NODE_50_length_111947_cov_114.293762
		Skipping redundant alignment 979926 980010 | 92080 91996 | 85 85 | 100.0 | NZ_CP007472.1_Haemophilus_influenzae_strain_723__complete_genome NODE_50_length_111947_cov_114.293762
		Skipping redundant alignment 979926 980006 | 92180 92100 | 81 81 | 100.0 | NZ_CP007472.1_Haemophilus_influenzae_strain_723__complete_genome NODE_50_length_111947_cov_114.293762
		Skipping redundant alignment 1637314 1637576 | 100170 100431 | 263 262 | 95.83 | NZ_CP007472.1_Haemophilus_influenzae_strain_723__complete_genome NODE_50_length_111947_cov_114.293762
		Skipping redundant alignment 1315725 1315803 | 100294 100216 | 79 79 | 100.0 | NZ_CP007472.1_Haemophilus_influenzae_strain_723__complete_genome NODE_50_length_111947_cov_114.293762
		Skipping redundant alignment 1637680 1637761 | 100432 100513 | 82 82 | 100.0 | NZ_CP007472.1_Haemophilus_influenzae_strain_723__complete_genome NODE_50_length_111947_cov_114.293762
		Skipping redundant alignment 1765160 1765237 | 100434 100511 | 78 78 | 100.0 | NZ_CP007472.1_Haemophilus_influenzae_strain_723__complete_genome NODE_50_length_111947_cov_114.293762
		Skipping redundant alignment 968271 968350 | 111694 111615 | 80 80 | 100.0 | NZ_CP007472.1_Haemophilus_influenzae_strain_723__complete_genome NODE_50_length_111947_cov_114.293762
		Skipping redundant alignment 1737636 1738011 | 111697 112073 | 376 377 | 98.14 | NZ_CP007472.1_Haemophilus_influenzae_strain_723__complete_genome NODE_50_length_111947_cov_114.293762
		Skipping redundant alignment 985713 986088 | 112073 111697 | 376 377 | 97.88 | NZ_CP007472.1_Haemophilus_influenzae_strain_723__complete_genome NODE_50_length_111947_cov_114.293762
		Skipping redundant alignment 952140 952516 | 112073 111697 | 377 377 | 97.62 | NZ_CP007472.1_Haemophilus_influenzae_strain_723__complete_genome NODE_50_length_111947_cov_114.293762
		Skipping redundant alignment 1106187 1106563 | 111697 112073 | 377 377 | 97.62 | NZ_CP007472.1_Haemophilus_influenzae_strain_723__complete_genome NODE_50_length_111947_cov_114.293762
		Skipping redundant alignment 1474342 1474716 | 111697 112073 | 375 377 | 97.35 | NZ_CP007472.1_Haemophilus_influenzae_strain_723__complete_genome NODE_50_length_111947_cov_114.293762
		This contig is misassembled. 16 total aligns.
			Real Alignment 1: 1479246 1489128 | 1 9898 | 9883 9898 | 95.95 | NZ_CP007472.1_Haemophilus_influenzae_strain_723__complete_genome NODE_50_length_111947_cov_114.293762
			  Gap between these two alignments (local misassembly). Inconsistency = 127 
			Excluding internal overlap of size 288 between Alignment 2 and 3:  1566272 1591604 | 86723 112073 | 25333 25351 --> 1566560 1591604 | 87011 112073 | 25045 25063
			Real Alignment 2: 1490327 1566302 | 10970 87010 | 75976 76041 | 98.73 | NZ_CP007472.1_Haemophilus_influenzae_strain_723__complete_genome NODE_50_length_111947_cov_114.293762
			  Gap between these two alignments (local misassembly). Inconsistency = 257 
			Real Alignment 3: 1566560 1591604 | 87011 112073 | 25045 25063 | 99.05 | NZ_CP007472.1_Haemophilus_influenzae_strain_723__complete_genome NODE_50_length_111947_cov_114.293762

CONTIG: NODE_55_length_141337_cov_116.166039 (141463bp)
Top Length: 68945  Top ID: 99.38
		Skipping redundant alignment 1111723 1111857 | 1 135 | 135 135 | 97.78 | NZ_CP007472.1_Haemophilus_influenzae_strain_723__complete_genome NODE_55_length_141337_cov_116.166039
		Skipping redundant alignment 980181 980305 | 125 1 | 125 125 | 99.2 | NZ_CP007472.1_Haemophilus_influenzae_strain_723__complete_genome NODE_55_length_141337_cov_116.166039
		Skipping redundant alignment 1579710 1579971 | 40338 40600 | 262 263 | 95.83 | NZ_CP007472.1_Haemophilus_influenzae_strain_723__complete_genome NODE_55_length_141337_cov_116.166039
		Skipping redundant alignment 1315725 1315803 | 40462 40384 | 79 79 | 100.0 | NZ_CP007472.1_Haemophilus_influenzae_strain_723__complete_genome NODE_55_length_141337_cov_116.166039
		Skipping redundant alignment 1579972 1580053 | 40704 40785 | 82 82 | 100.0 | NZ_CP007472.1_Haemophilus_influenzae_strain_723__complete_genome NODE_55_length_141337_cov_116.166039
		Skipping redundant alignment 1765160 1765237 | 40706 40783 | 78 78 | 100.0 | NZ_CP007472.1_Haemophilus_influenzae_strain_723__complete_genome NODE_55_length_141337_cov_116.166039
		Skipping redundant alignment 985895 986202 | 140764 140457 | 308 308 | 99.03 | NZ_CP007472.1_Haemophilus_influenzae_strain_723__complete_genome NODE_55_length_141337_cov_116.166039
		Skipping redundant alignment 1474228 1474534 | 140457 140764 | 307 308 | 98.38 | NZ_CP007472.1_Haemophilus_influenzae_strain_723__complete_genome NODE_55_length_141337_cov_116.166039
		Skipping redundant alignment 952322 952631 | 140764 140457 | 310 308 | 97.74 | NZ_CP007472.1_Haemophilus_influenzae_strain_723__complete_genome NODE_55_length_141337_cov_116.166039
		Skipping redundant alignment 1106073 1106381 | 140459 140764 | 309 306 | 98.38 | NZ_CP007472.1_Haemophilus_influenzae_strain_723__complete_genome NODE_55_length_141337_cov_116.166039
		Skipping redundant alignment 1591228 1591422 | 140571 140764 | 195 194 | 98.97 | NZ_CP007472.1_Haemophilus_influenzae_strain_723__complete_genome NODE_55_length_141337_cov_116.166039
			Skipping redundant alignments after choosing the best set of alignments
		Skipping redundant alignment 951605 952111 | 141463 140957 | 507 507 | 99.01 | NZ_CP007472.1_Haemophilus_influenzae_strain_723__complete_genome NODE_55_length_141337_cov_116.166039
		Skipping redundant alignment 985178 985684 | 141463 140957 | 507 507 | 99.01 | NZ_CP007472.1_Haemophilus_influenzae_strain_723__complete_genome NODE_55_length_141337_cov_116.166039
		Skipping redundant alignment 1106592 1107098 | 140957 141463 | 507 507 | 99.01 | NZ_CP007472.1_Haemophilus_influenzae_strain_723__complete_genome NODE_55_length_141337_cov_116.166039
		Skipping redundant alignment 1474745 1475251 | 140957 141463 | 507 507 | 99.01 | NZ_CP007472.1_Haemophilus_influenzae_strain_723__complete_genome NODE_55_length_141337_cov_116.166039
		Skipping redundant alignment 1591633 1592139 | 140957 141463 | 507 507 | 99.01 | NZ_CP007472.1_Haemophilus_influenzae_strain_723__complete_genome NODE_55_length_141337_cov_116.166039
		Skipping redundant alignment 1743417 1743561 | 1 144 | 145 144 | 96.55 | NZ_CP007472.1_Haemophilus_influenzae_strain_723__complete_genome NODE_55_length_141337_cov_116.166039
		This contig is misassembled. 23 total aligns.
			Real Alignment 1: 1596766 1596909 | 1 144 | 144 144 | 96.53 | NZ_CP007472.1_Haemophilus_influenzae_strain_723__complete_genome NODE_55_length_141337_cov_116.166039
			  Gap between these two alignments (local misassembly). Inconsistency = 217 
			Excluding internal overlap of size 17 between Alignment 2 and 3:  1640759 1641063 | 43650 43955 | 305 306 --> 1640776 1641063 | 43667 43955 | 288 289
			Real Alignment 2: 1597793 1640644 | 811 43666 | 42852 42856 | 99.58 | NZ_CP007472.1_Haemophilus_influenzae_strain_723__complete_genome NODE_55_length_141337_cov_116.166039
			  Gap between these two alignments (local misassembly). Inconsistency = 131 
			Real Alignment 3: 1640776 1641063 | 43667 43955 | 288 289 | 96.41 | NZ_CP007472.1_Haemophilus_influenzae_strain_723__complete_genome NODE_55_length_141337_cov_116.166039
			  Gap between these two alignments (local misassembly). Inconsistency = 112 
			Real Alignment 4: 1641178 1668859 | 43958 71641 | 27682 27684 | 96.62 | NZ_CP007472.1_Haemophilus_influenzae_strain_723__complete_genome NODE_55_length_141337_cov_116.166039
			  Overlap between these two alignments (local misassembly). Inconsistency = -144 
			Real Alignment 5: 1668894 1737829 | 71820 140764 | 68936 68945 | 99.38 | NZ_CP007472.1_Haemophilus_influenzae_strain_723__complete_genome NODE_55_length_141337_cov_116.166039
			  Fake misassembly between these two alignments: inconsistency = 18 , gap in the contig is small or absent or filled mostly with Ns (long indel: deletion of length 18; 0 mismatches)
			Real Alignment 6: 1738040 1738546 | 140957 141463 | 507 507 | 99.01 | NZ_CP007472.1_Haemophilus_influenzae_strain_723__complete_genome NODE_55_length_141337_cov_116.166039

CONTIG: NODE_56_length_1778_cov_161.577621 (1904bp)
Top Length: 1904  Top ID: 99.89
		Marking as insignificant: 124934 125228 | 294 1 | 295 294 | 95.27 | NZ_CP007472.1_Haemophilus_influenzae_strain_723__complete_genome NODE_56_length_1778_cov_161.577621
		One align captures most of this contig: 1853957 1855860 | 1904 1 | 1904 1904 | 99.89 | NZ_CP007472.1_Haemophilus_influenzae_strain_723__complete_genome NODE_56_length_1778_cov_161.577621

CONTIG: NODE_69_length_277640_cov_129.889389 (277766bp)
Top Length: 102120  Top ID: 99.5
		Skipping redundant alignment 45466 46127 | 92699 92039 | 662 661 | 97.28 | NZ_CP007472.1_Haemophilus_influenzae_strain_723__complete_genome NODE_69_length_277640_cov_129.889389
		Skipping redundant alignment 45028 45464 | 93565 93125 | 437 441 | 97.05 | NZ_CP007472.1_Haemophilus_influenzae_strain_723__complete_genome NODE_69_length_277640_cov_129.889389
		Skipping redundant alignment 364851 374913 | 234475 244544 | 10063 10070 | 97.05 | NZ_CP007472.1_Haemophilus_influenzae_strain_723__complete_genome NODE_69_length_277640_cov_129.889389
		Skipping redundant alignment 364872 374941 | 234496 244544 | 10070 10049 | 96.79 | NZ_CP007472.1_Haemophilus_influenzae_strain_723__complete_genome NODE_69_length_277640_cov_129.889389
		Skipping redundant alignment 1814082 1814241 | 244544 244386 | 160 159 | 99.38 | NZ_CP007472.1_Haemophilus_influenzae_strain_723__complete_genome NODE_69_length_277640_cov_129.889389
		Skipping redundant alignment 1813949 1814019 | 244544 244474 | 71 71 | 100.0 | NZ_CP007472.1_Haemophilus_influenzae_strain_723__complete_genome NODE_69_length_277640_cov_129.889389
		This contig is misassembled. 13 total aligns.
			Excluding internal overlap of size 1 between Alignment 1 and 2:  233960 260567 | 102120 128704 | 26608 26585 --> 233961 260567 | 102121 128704 | 26607 26584
			Real Alignment 1: 131678 233828 | 1 102120 | 102151 102120 | 99.5 | NZ_CP007472.1_Haemophilus_influenzae_strain_723__complete_genome NODE_69_length_277640_cov_129.889389
			  Gap between these two alignments (local misassembly). Inconsistency = 132 
			Real Alignment 2: 233961 260567 | 102121 128704 | 26607 26584 | 99.11 | NZ_CP007472.1_Haemophilus_influenzae_strain_723__complete_genome NODE_69_length_277640_cov_129.889389
			  Extensive misassembly ( relocation, inconsistency = -1315 ) between these two alignments
			Real Alignment 3: 264355 283205 | 133807 152648 | 18851 18842 | 97.29 | NZ_CP007472.1_Haemophilus_influenzae_strain_723__complete_genome NODE_69_length_277640_cov_129.889389
			  Overlap between these two alignments (local misassembly). Inconsistency = -19 
			Real Alignment 4: 283466 300143 | 152928 169612 | 16678 16685 | 96.16 | NZ_CP007472.1_Haemophilus_influenzae_strain_723__complete_genome NODE_69_length_277640_cov_129.889389
			  Overlap between these two alignments (local misassembly). Inconsistency = -147 
			Real Alignment 5: 300814 374906 | 170430 244544 | 74093 74115 | 99.09 | NZ_CP007472.1_Haemophilus_influenzae_strain_723__complete_genome NODE_69_length_277640_cov_129.889389
			  Extensive misassembly ( relocation, inconsistency = 1450074 ) between these two alignments
			Excluding internal overlap of size 46 between Alignment 6 and 7:  1814026 1822402 | 274622 266162 | 8377 8461 --> 1814026 1822356 | 274622 266208 | 8331 8415
			Real Alignment 6: 1824991 1846654 | 266207 244555 | 21664 21653 | 98.67 | NZ_CP007472.1_Haemophilus_influenzae_strain_723__complete_genome NODE_69_length_277640_cov_129.889389
			  Extensive misassembly ( relocation, inconsistency = 2634 ) between these two alignments
			Real Alignment 7: 1814026 1822356 | 274622 266208 | 8331 8415 | 95.11 | NZ_CP007472.1_Haemophilus_influenzae_strain_723__complete_genome NODE_69_length_277640_cov_129.889389

CONTIG: NODE_71_length_3065_cov_113.476349 (3191bp)
Top Length: 65  Top ID: 100.0
		This contig is partially unaligned. (Aligned 65 out of 3191 bases)
		Alignment: 1814082 1814146 | 3127 3191 | 65 65 | 100.0 | NZ_CP007472.1_Haemophilus_influenzae_strain_723__complete_genome NODE_71_length_3065_cov_113.476349
		Unaligned bases: 1 to 3126 (3126)

CONTIG: NODE_74_length_10024_cov_111.852356 (10150bp)
Top Length: 9151  Top ID: 99.22
		Skipping redundant alignment 129748 130485 | 2714 3448 | 738 735 | 97.15 | NZ_CP007472.1_Haemophilus_influenzae_strain_723__complete_genome NODE_74_length_10024_cov_111.852356
		Skipping redundant alignment 130442 131929 | 3450 4938 | 1488 1489 | 98.32 | NZ_CP007472.1_Haemophilus_influenzae_strain_723__complete_genome NODE_74_length_10024_cov_111.852356
		This contig is misassembled. 4 total aligns.
			Real Alignment 1: 1856086 1865203 | 9151 1 | 9118 9151 | 99.22 | NZ_CP007472.1_Haemophilus_influenzae_strain_723__complete_genome NODE_74_length_10024_cov_111.852356
			  Extensive misassembly ( relocation, inconsistency = 1130 ) between these two alignments
			Real Alignment 2: 1853957 1854082 | 10150 10025 | 126 126 | 100.0 | NZ_CP007472.1_Haemophilus_influenzae_strain_723__complete_genome NODE_74_length_10024_cov_111.852356

CONTIG: NODE_75_length_5097_cov_135.393951 (5223bp)
Top Length: 4769  Top ID: 99.6
		Skipping redundant alignment 130442 130892 | 4773 5223 | 451 451 | 100.0 | NZ_CP007472.1_Haemophilus_influenzae_strain_723__complete_genome NODE_75_length_5097_cov_135.393951
		This contig is misassembled. 3 total aligns.
			Excluding internal overlap of size 735 between Alignment 1 and 2:  1861304 1862490 | 5223 4037 | 1187 1187 --> 1861304 1861755 | 5223 4772 | 452 452
			Real Alignment 1: 125714 130485 | 3 4771 | 4772 4769 | 99.6 | NZ_CP007472.1_Haemophilus_influenzae_strain_723__complete_genome NODE_75_length_5097_cov_135.393951
			  Extensive misassembly ( relocation, inconsistency = 1730818 ) between these two alignments
			Real Alignment 2: 1861304 1861755 | 5223 4772 | 452 452 | 99.16 | NZ_CP007472.1_Haemophilus_influenzae_strain_723__complete_genome NODE_75_length_5097_cov_135.393951

Analyzing coverage...
Writing SNPs into /data/projects/Assembly/Aroon/reports/GCF_000931625.1_ASM93162v1_genomic/contigs_reports/nucmer_output/M07572_contigs.used_snps
	Reference NZ_CP007472.1_Haemophilus_influenzae_strain_723__complete_genome: 111 total alignments. 1 total regions.
		Region: 1 to 1887620 (1887620 bp)
			Align 1: 1 873 NODE_1_length_1866_cov_327.743286 1120 1992
				Negative gap (overlap) between this and next alignment: 873 to 748 (-125 bp)
				Next Alignment: 748 5505 NODE_12_length_76973_cov_147.809525 1 4756

			Previous gap was negative, modifying coordinates to ignore overlap
				Moving contig start from 1 to 127.
			Align 2: 874 5505 NODE_12_length_76973_cov_147.809525 127 4756
				The next alignment (748 873 NODE_15_length_164826_cov_120.856506 164952 164827) is redundant. Skipping.
				Gap between this and next alignment: 5505 to 6462 (956 bp)
				Next Alignment: 6462 46055 NODE_12_length_76973_cov_147.809525 4757 44348

			Align 4: 6462 46055 NODE_12_length_76973_cov_147.809525 4757 44348
				Negative gap (overlap) between this and next alignment: 46055 to 46051 (-4 bp)
				Next Alignment: 46051 125228 NODE_20_length_79421_cov_141.900635 374 79547

			Previous gap was negative, modifying coordinates to ignore overlap
				Moving contig start from 374 to 379.
			Align 5: 46056 125228 NODE_20_length_79421_cov_141.900635 379 79547
				Negative gap (overlap) between this and next alignment: 125228 to 125103 (-125 bp)
				Next Alignment: 125103 125837 NODE_48_length_609_cov_328.308716 1 735

			Previous gap was negative, modifying coordinates to ignore overlap
				Moving contig start from 1 to 127.
			Align 6: 125229 125837 NODE_48_length_609_cov_328.308716 127 735
				Negative gap (overlap) between this and next alignment: 125837 to 125714 (-123 bp)
				Next Alignment: 125714 130485 NODE_75_length_5097_cov_135.393951 3 4771

			Previous gap was negative, modifying coordinates to ignore overlap
				Moving contig start from 3 to 127.
			Align 7: 125838 130485 NODE_75_length_5097_cov_135.393951 127 4771
				Gap between this and next alignment: 130485 to 130767 (281 bp)
				Next Alignment: 130767 131803 NODE_47_length_906_cov_336.151215 1032 1

			Align 8: 130767 131803 NODE_47_length_906_cov_336.151215 1032 1
				Negative gap (overlap) between this and next alignment: 131803 to 131678 (-125 bp)
				Next Alignment: 131678 233828 NODE_69_length_277640_cov_129.889389 1 102120

			Previous gap was negative, modifying coordinates to ignore overlap
				Moving contig start from 1 to 127.
			Align 9: 131804 233828 NODE_69_length_277640_cov_129.889389 127 102120
				Gap between this and next alignment: 233828 to 233961 (132 bp)
				Next Alignment: 233961 260567 NODE_69_length_277640_cov_129.889389 102121 128704

			Align 10: 233961 260567 NODE_69_length_277640_cov_129.889389 102121 128704
				The next alignment (252387 252929 NODE_49_length_417_cov_291.045563 543 1) is redundant. Skipping.
				Gap between this and next alignment: 260567 to 264355 (3787 bp)
				Next Alignment: 264355 283205 NODE_69_length_277640_cov_129.889389 133807 152648

			Align 12: 264355 283205 NODE_69_length_277640_cov_129.889389 133807 152648
				Gap between this and next alignment: 283205 to 283466 (260 bp)
				Next Alignment: 283466 300143 NODE_69_length_277640_cov_129.889389 152928 169612

			Align 13: 283466 300143 NODE_69_length_277640_cov_129.889389 152928 169612
				Gap between this and next alignment: 300143 to 300814 (670 bp)
				Next Alignment: 300814 374906 NODE_69_length_277640_cov_129.889389 170430 244544

			Align 14: 300814 374906 NODE_69_length_277640_cov_129.889389 170430 244544
				Gap between this and next alignment: 374906 to 383456 (8549 bp)
				Next Alignment: 383456 433879 NODE_6_length_305742_cov_137.956314 1 50418

			Align 15: 383456 433879 NODE_6_length_305742_cov_137.956314 1 50418
				Gap between this and next alignment: 433879 to 434014 (134 bp)
				Next Alignment: 434014 441184 NODE_6_length_305742_cov_137.956314 50574 57761

			Align 16: 434014 441184 NODE_6_length_305742_cov_137.956314 50574 57761
				Gap between this and next alignment: 441184 to 441290 (105 bp)
				Next Alignment: 441290 484797 NODE_6_length_305742_cov_137.956314 57905 101411

			Align 17: 441290 484797 NODE_6_length_305742_cov_137.956314 57905 101411
				Gap between this and next alignment: 484797 to 485282 (484 bp)
				Next Alignment: 485282 591474 NODE_6_length_305742_cov_137.956314 101889 208094

			Align 18: 485282 591474 NODE_6_length_305742_cov_137.956314 101889 208094
				Gap between this and next alignment: 591474 to 591515 (40 bp)
				Next Alignment: 591515 630233 NODE_6_length_305742_cov_137.956314 208260 246985

			Align 19: 591515 630233 NODE_6_length_305742_cov_137.956314 208260 246985
				Negative gap (overlap) between this and next alignment: 630233 to 630215 (-18 bp)
				Next Alignment: 630215 634668 NODE_6_length_305742_cov_137.956314 247253 251706

			Previous gap was negative, modifying coordinates to ignore overlap
				Moving contig start from 247253 to 247272.
			Align 20: 630234 634668 NODE_6_length_305742_cov_137.956314 247272 251706
				Gap between this and next alignment: 634668 to 647713 (13044 bp)
				Next Alignment: 647713 650812 NODE_6_length_305742_cov_137.956314 265179 268279

			Align 21: 647713 650812 NODE_6_length_305742_cov_137.956314 265179 268279
				Gap between this and next alignment: 650812 to 650815 (2 bp)
				Next Alignment: 650815 659673 NODE_6_length_305742_cov_137.956314 268385 277158

			Align 22: 650815 659673 NODE_6_length_305742_cov_137.956314 268385 277158
				Gap between this and next alignment: 659673 to 659720 (46 bp)
				Next Alignment: 659720 660934 NODE_6_length_305742_cov_137.956314 277159 278367

			Align 23: 659720 660934 NODE_6_length_305742_cov_137.956314 277159 278367
				Gap between this and next alignment: 660934 to 667668 (6733 bp)
				Next Alignment: 667668 687593 NODE_6_length_305742_cov_137.956314 285583 305508

			Align 24: 667668 687593 NODE_6_length_305742_cov_137.956314 285583 305508
				Negative gap (overlap) between this and next alignment: 687593 to 687588 (-5 bp)
				Next Alignment: 687588 709679 NODE_39_length_233014_cov_148.519196 221515 199423

			Previous gap was negative, modifying coordinates to ignore overlap
				Moving contig start from 221515 to 221509.
			Align 25: 687594 709679 NODE_39_length_233014_cov_148.519196 221509 199423
				Gap between this and next alignment: 709679 to 711504 (1824 bp)
				Next Alignment: 711504 870457 NODE_39_length_233014_cov_148.519196 198429 39420

			Align 26: 711504 870457 NODE_39_length_233014_cov_148.519196 198429 39420
				Gap between this and next alignment: 870457 to 871972 (1514 bp)
				Next Alignment: 871972 872609 NODE_12_length_76973_cov_147.809525 77099 76462

			Align 27: 871972 872609 NODE_12_length_76973_cov_147.809525 77099 76462
				Negative gap (overlap) between this and next alignment: 872609 to 871972 (-637 bp)
				Next Alignment: 871972 873332 NODE_30_length_22329_cov_132.361191 22455 21095

			Previous gap was negative, modifying coordinates to ignore overlap
				Moving contig start from 22455 to 21817.
			Align 28: 872610 873332 NODE_30_length_22329_cov_132.361191 21817 21095
				Gap between this and next alignment: 873332 to 875098 (1765 bp)
				Next Alignment: 875098 880657 NODE_35_length_62635_cov_154.319550 19671 14113

			Align 29: 875098 880657 NODE_35_length_62635_cov_154.319550 19671 14113
				Gap between this and next alignment: 880657 to 882633 (1975 bp)
				Next Alignment: 882633 892659 NODE_35_length_62635_cov_154.319550 12132 2106

			Align 30: 882633 892659 NODE_35_length_62635_cov_154.319550 12132 2106
				Gap between this and next alignment: 892659 to 892785 (125 bp)
				Next Alignment: 892785 894363 NODE_35_length_62635_cov_154.319550 2031 453

			Align 31: 892785 894363 NODE_35_length_62635_cov_154.319550 2031 453
				The next alignment (892835 894363 NODE_30_length_22329_cov_132.361191 1992 464) is redundant. Skipping.
				Gap between this and next alignment: 894363 to 894507 (143 bp)
				Next Alignment: 894507 894816 NODE_30_length_22329_cov_132.361191 310 1

			Align 33: 894507 894816 NODE_30_length_22329_cov_132.361191 310 1
				Negative gap (overlap) between this and next alignment: 894816 to 894697 (-119 bp)
				Next Alignment: 894697 895545 NODE_43_length_729_cov_299.320984 7 855

			Previous gap was negative, modifying coordinates to ignore overlap
				Moving contig start from 7 to 127.
			Align 34: 894817 895545 NODE_43_length_729_cov_299.320984 127 855
				Gap between this and next alignment: 895545 to 896532 (986 bp)
				Next Alignment: 896532 900540 NODE_10_length_70088_cov_157.618210 1113 5097

			Align 35: 896532 900540 NODE_10_length_70088_cov_157.618210 1113 5097
				The next alignment (898383 899372 NODE_39_length_233014_cov_148.519196 230551 229562) is redundant. Skipping.
				Gap between this and next alignment: 900540 to 901114 (573 bp)
				Next Alignment: 901114 901283 NODE_39_length_233014_cov_148.519196 227893 227724

			Align 37: 901114 901283 NODE_39_length_233014_cov_148.519196 227893 227724
				Gap between this and next alignment: 901283 to 901491 (207 bp)
				Next Alignment: 901491 905535 NODE_39_length_233014_cov_148.519196 227510 223466

			Align 38: 901491 905535 NODE_39_length_233014_cov_148.519196 227510 223466
				Negative gap (overlap) between this and next alignment: 905535 to 905462 (-73 bp)
				Next Alignment: 905462 907451 NODE_10_length_70088_cov_157.618210 10379 12365

			Previous gap was negative, modifying coordinates to ignore overlap
				Moving contig start from 10379 to 10453.
			Align 39: 905536 907451 NODE_10_length_70088_cov_157.618210 10453 12365
				The next alignment (906858 907101 NODE_39_length_233014_cov_148.519196 222119 221876) is redundant. Skipping.
				Gap between this and next alignment: 907451 to 907456 (4 bp)
				Next Alignment: 907456 907859 NODE_39_length_233014_cov_148.519196 39419 39016

			Align 41: 907456 907859 NODE_39_length_233014_cov_148.519196 39419 39016
				Gap between this and next alignment: 907859 to 907920 (60 bp)
				Next Alignment: 907920 946732 NODE_39_length_233014_cov_148.519196 38814 1

			Align 42: 907920 946732 NODE_39_length_233014_cov_148.519196 38814 1
				Negative gap (overlap) between this and next alignment: 946732 to 946703 (-29 bp)
				Next Alignment: 946703 947364 NODE_27_length_520_cov_653.528870 1 646

			Previous gap was negative, modifying coordinates to ignore overlap
				Moving contig start from 1 to 31.
			Align 43: 946733 947364 NODE_27_length_520_cov_653.528870 31 646
				Negative gap (overlap) between this and next alignment: 947364 to 947239 (-125 bp)
				Next Alignment: 947239 948497 NODE_26_length_1133_cov_637.275391 1259 1

			Previous gap was negative, modifying coordinates to ignore overlap
				Moving contig start from 1259 to 1133.
			Align 44: 947365 948497 NODE_26_length_1133_cov_637.275391 1133 1
				Gap between this and next alignment: 948497 to 950124 (1626 bp)
				Next Alignment: 950124 950928 NODE_17_length_678_cov_443.811218 1 804

			Align 45: 950124 950928 NODE_17_length_678_cov_443.811218 1 804
				Negative gap (overlap) between this and next alignment: 950928 to 950803 (-125 bp)
				Next Alignment: 950803 951718 NODE_37_length_790_cov_684.572144 916 1

			Previous gap was negative, modifying coordinates to ignore overlap
				Moving contig start from 916 to 790.
			Align 46: 950929 951718 NODE_37_length_790_cov_684.572144 790 1
				Gap between this and next alignment: 951718 to 952488 (769 bp)
				Next Alignment: 952488 980306 NODE_11_length_27693_cov_160.142822 1 27819

			Align 47: 952488 980306 NODE_11_length_27693_cov_160.142822 1 27819
				Gap between this and next alignment: 980306 to 986061 (5754 bp)
				Next Alignment: 986061 995892 NODE_10_length_70088_cov_157.618210 70214 60386

			Align 48: 986061 995892 NODE_10_length_70088_cov_157.618210 70214 60386
				Negative gap (overlap) between this and next alignment: 995892 to 995865 (-27 bp)
				Next Alignment: 995865 995944 NODE_35_length_62635_cov_154.319550 30682 30762

			Previous gap was negative, modifying coordinates to ignore overlap
				Moving contig start from 30682 to 30711.
			Align 49: 995893 995944 NODE_35_length_62635_cov_154.319550 30711 30762
				Gap between this and next alignment: 995944 to 999914 (3969 bp)
				Next Alignment: 999914 1044852 NODE_10_length_70088_cov_157.618210 57279 12366

			Align 50: 999914 1044852 NODE_10_length_70088_cov_157.618210 57279 12366
				Negative gap (overlap) between this and next alignment: 1044852 to 1044848 (-4 bp)
				Next Alignment: 1044848 1047275 NODE_35_length_62635_cov_154.319550 24443 26865

			Previous gap was negative, modifying coordinates to ignore overlap
				Moving contig start from 24443 to 24448.
			Align 51: 1044853 1047275 NODE_35_length_62635_cov_154.319550 24448 26865
				Gap between this and next alignment: 1047275 to 1056507 (9231 bp)
				Next Alignment: 1056507 1066634 NODE_35_length_62635_cov_154.319550 34626 44747

			Align 52: 1056507 1066634 NODE_35_length_62635_cov_154.319550 34626 44747
				Gap between this and next alignment: 1066634 to 1066850 (215 bp)
				Next Alignment: 1066850 1067552 NODE_35_length_62635_cov_154.319550 45784 46487

			Align 53: 1066850 1067552 NODE_35_length_62635_cov_154.319550 45784 46487
				Gap between this and next alignment: 1067552 to 1068203 (650 bp)
				Next Alignment: 1068203 1071322 NODE_35_length_62635_cov_154.319550 46503 49624

			Align 54: 1068203 1071322 NODE_35_length_62635_cov_154.319550 46503 49624
				Negative gap (overlap) between this and next alignment: 1071322 to 1071312 (-10 bp)
				Next Alignment: 1071312 1080514 NODE_35_length_62635_cov_154.319550 53546 62761

			Previous gap was negative, modifying coordinates to ignore overlap
				Moving contig start from 53546 to 53557.
			Align 55: 1071323 1080514 NODE_35_length_62635_cov_154.319550 53557 62761
				Negative gap (overlap) between this and next alignment: 1080514 to 1080389 (-125 bp)
				Next Alignment: 1080389 1081650 NODE_24_length_1136_cov_317.318665 1 1262

			Previous gap was negative, modifying coordinates to ignore overlap
				Moving contig start from 1 to 127.
			Align 56: 1080515 1081650 NODE_24_length_1136_cov_317.318665 127 1262
				Negative gap (overlap) between this and next alignment: 1081650 to 1081525 (-125 bp)
				Next Alignment: 1081525 1087333 NODE_28_length_25356_cov_157.250427 25482 19669

			Previous gap was negative, modifying coordinates to ignore overlap
				Moving contig start from 25482 to 25356.
			Align 57: 1081651 1087333 NODE_28_length_25356_cov_157.250427 25356 19669
				Gap between this and next alignment: 1087333 to 1088080 (746 bp)
				Next Alignment: 1088080 1097636 NODE_28_length_25356_cov_157.250427 18413 8849

			Align 58: 1088080 1097636 NODE_28_length_25356_cov_157.250427 18413 8849
				Gap between this and next alignment: 1097636 to 1097679 (42 bp)
				Next Alignment: 1097679 1106381 NODE_28_length_25356_cov_157.250427 8713 1

			Align 59: 1097679 1106381 NODE_28_length_25356_cov_157.250427 8713 1
				Gap between this and next alignment: 1106381 to 1108208 (1826 bp)
				Next Alignment: 1108208 1109956 NODE_16_length_1623_cov_754.963623 1749 1

			Align 60: 1108208 1109956 NODE_16_length_1623_cov_754.963623 1749 1
				Gap between this and next alignment: 1109956 to 1111723 (1766 bp)
				Next Alignment: 1111723 1122178 NODE_9_length_10305_cov_156.146530 1 10431

			Align 61: 1111723 1122178 NODE_9_length_10305_cov_156.146530 1 10431
				Gap between this and next alignment: 1122178 to 1123189 (1010 bp)
				Next Alignment: 1123189 1135734 NODE_5_length_200242_cov_157.865829 200368 187827

			Align 62: 1123189 1135734 NODE_5_length_200242_cov_157.865829 200368 187827
				Gap between this and next alignment: 1135734 to 1138450 (2715 bp)
				Next Alignment: 1138450 1147143 NODE_5_length_200242_cov_157.865829 187825 179132

			Align 63: 1138450 1147143 NODE_5_length_200242_cov_157.865829 187825 179132
				Negative gap (overlap) between this and next alignment: 1147143 to 1146979 (-164 bp)
				Next Alignment: 1146979 1186811 NODE_5_length_200242_cov_157.865829 179131 139309

			Previous gap was negative, modifying coordinates to ignore overlap
				Moving contig start from 179131 to 178966.
			Align 64: 1147144 1186811 NODE_5_length_200242_cov_157.865829 178966 139309
				Gap between this and next alignment: 1186811 to 1186977 (165 bp)
				Next Alignment: 1186977 1210022 NODE_5_length_200242_cov_157.865829 139181 116128

			Align 65: 1186977 1210022 NODE_5_length_200242_cov_157.865829 139181 116128
				Gap between this and next alignment: 1210022 to 1210168 (145 bp)
				Next Alignment: 1210168 1242061 NODE_5_length_200242_cov_157.865829 116127 84234

			Align 66: 1210168 1242061 NODE_5_length_200242_cov_157.865829 116127 84234
				Negative gap (overlap) between this and next alignment: 1242061 to 1242044 (-17 bp)
				Next Alignment: 1242044 1312897 NODE_5_length_200242_cov_157.865829 81108 10282

			Previous gap was negative, modifying coordinates to ignore overlap
				Moving contig start from 81108 to 81090.
			Align 67: 1242062 1312897 NODE_5_length_200242_cov_157.865829 81090 10282
				Negative gap (overlap) between this and next alignment: 1312897 to 1312866 (-31 bp)
				Next Alignment: 1312866 1315900 NODE_5_length_200242_cov_157.865829 10259 7225

			Previous gap was negative, modifying coordinates to ignore overlap
				Moving contig start from 10259 to 10227.
			Align 68: 1312898 1315900 NODE_5_length_200242_cov_157.865829 10227 7225
				Negative gap (overlap) between this and next alignment: 1315900 to 1315852 (-48 bp)
				Next Alignment: 1315852 1330107 NODE_15_length_164826_cov_120.856506 164580 150325

			Previous gap was negative, modifying coordinates to ignore overlap
				Moving contig start from 164580 to 164531.
			Align 69: 1315901 1330107 NODE_15_length_164826_cov_120.856506 164531 150325
				Gap between this and next alignment: 1330107 to 1330232 (124 bp)
				Next Alignment: 1330232 1377003 NODE_15_length_164826_cov_120.856506 149703 102945

			Align 70: 1330232 1377003 NODE_15_length_164826_cov_120.856506 149703 102945
				Gap between this and next alignment: 1377003 to 1381971 (4967 bp)
				Next Alignment: 1381971 1394498 NODE_15_length_164826_cov_120.856506 102944 90421

			Align 71: 1381971 1394498 NODE_15_length_164826_cov_120.856506 102944 90421
				Gap between this and next alignment: 1394498 to 1395083 (584 bp)
				Next Alignment: 1395083 1413569 NODE_15_length_164826_cov_120.856506 90420 71928

			Align 72: 1395083 1413569 NODE_15_length_164826_cov_120.856506 90420 71928
				Gap between this and next alignment: 1413569 to 1413697 (127 bp)
				Next Alignment: 1413697 1434398 NODE_15_length_164826_cov_120.856506 71794 51034

			Align 73: 1413697 1434398 NODE_15_length_164826_cov_120.856506 71794 51034
				Gap between this and next alignment: 1434398 to 1434493 (94 bp)
				Next Alignment: 1434493 1443345 NODE_15_length_164826_cov_120.856506 39428 30557

			Align 74: 1434493 1443345 NODE_15_length_164826_cov_120.856506 39428 30557
				Gap between this and next alignment: 1443345 to 1445036 (1690 bp)
				Next Alignment: 1445036 1460665 NODE_15_length_164826_cov_120.856506 28848 13235

			Align 75: 1445036 1460665 NODE_15_length_164826_cov_120.856506 28848 13235
				Gap between this and next alignment: 1460665 to 1460797 (131 bp)
				Next Alignment: 1460797 1464389 NODE_15_length_164826_cov_120.856506 13149 9557

			Align 76: 1460797 1464389 NODE_15_length_164826_cov_120.856506 13149 9557
				Gap between this and next alignment: 1464389 to 1464834 (444 bp)
				Next Alignment: 1464834 1474389 NODE_15_length_164826_cov_120.856506 9556 1

			Align 77: 1464834 1474389 NODE_15_length_164826_cov_120.856506 9556 1
				Gap between this and next alignment: 1474389 to 1475928 (1538 bp)
				Next Alignment: 1475928 1476486 NODE_31_length_433_cov_382.521942 1 559

			Align 78: 1475928 1476486 NODE_31_length_433_cov_382.521942 1 559
				Gap between this and next alignment: 1476486 to 1479246 (2759 bp)
				Next Alignment: 1479246 1489128 NODE_50_length_111947_cov_114.293762 1 9898

			Align 79: 1479246 1489128 NODE_50_length_111947_cov_114.293762 1 9898
				Gap between this and next alignment: 1489128 to 1490327 (1198 bp)
				Next Alignment: 1490327 1566302 NODE_50_length_111947_cov_114.293762 10970 87010

			Align 80: 1490327 1566302 NODE_50_length_111947_cov_114.293762 10970 87010
				Gap between this and next alignment: 1566302 to 1566560 (257 bp)
				Next Alignment: 1566560 1591604 NODE_50_length_111947_cov_114.293762 87011 112073

			Align 81: 1566560 1591604 NODE_50_length_111947_cov_114.293762 87011 112073
				Gap between this and next alignment: 1591604 to 1596766 (5161 bp)
				Next Alignment: 1596766 1596909 NODE_55_length_141337_cov_116.166039 1 144

			Align 82: 1596766 1596909 NODE_55_length_141337_cov_116.166039 1 144
				Gap between this and next alignment: 1596909 to 1597793 (883 bp)
				Next Alignment: 1597793 1640644 NODE_55_length_141337_cov_116.166039 811 43666

			Align 83: 1597793 1640644 NODE_55_length_141337_cov_116.166039 811 43666
				Gap between this and next alignment: 1640644 to 1640776 (131 bp)
				Next Alignment: 1640776 1641063 NODE_55_length_141337_cov_116.166039 43667 43955

			Align 84: 1640776 1641063 NODE_55_length_141337_cov_116.166039 43667 43955
				Gap between this and next alignment: 1641063 to 1641178 (114 bp)
				Next Alignment: 1641178 1668859 NODE_55_length_141337_cov_116.166039 43958 71641

			Align 85: 1641178 1668859 NODE_55_length_141337_cov_116.166039 43958 71641
				Gap between this and next alignment: 1668859 to 1668894 (34 bp)
				Next Alignment: 1668894 1737829 NODE_55_length_141337_cov_116.166039 71820 140764

			Align 86: 1668894 1737829 NODE_55_length_141337_cov_116.166039 71820 140764
				Gap between this and next alignment: 1737829 to 1738040 (210 bp)
				Next Alignment: 1738040 1738546 NODE_55_length_141337_cov_116.166039 140957 141463

			Align 87: 1738040 1738546 NODE_55_length_141337_cov_116.166039 140957 141463
				Gap between this and next alignment: 1738546 to 1743305 (4758 bp)
				Next Alignment: 1743305 1797724 NODE_13_length_61744_cov_120.733742 61870 7467

			Align 88: 1743305 1797724 NODE_13_length_61744_cov_120.733742 61870 7467
				Gap between this and next alignment: 1797724 to 1797893 (168 bp)
				Next Alignment: 1797893 1805361 NODE_13_length_61744_cov_120.733742 7466 1

			Align 89: 1797893 1805361 NODE_13_length_61744_cov_120.733742 7466 1
				Gap between this and next alignment: 1805361 to 1814026 (8664 bp)
				Next Alignment: 1814026 1822356 NODE_69_length_277640_cov_129.889389 274622 266208

			Align 90: 1814026 1822356 NODE_69_length_277640_cov_129.889389 274622 266208
				The next alignment (1814082 1814146 NODE_71_length_3065_cov_113.476349 3127 3191) is redundant. Skipping.
				Gap between this and next alignment: 1822356 to 1824991 (2634 bp)
				Next Alignment: 1824991 1846654 NODE_69_length_277640_cov_129.889389 266207 244555

			Align 92: 1824991 1846654 NODE_69_length_277640_cov_129.889389 266207 244555
				Negative gap (overlap) between this and next alignment: 1846654 to 1845980 (-674 bp)
				Next Alignment: 1845980 1849280 NODE_5_length_200242_cov_157.865829 3744 451

			Previous gap was negative, modifying coordinates to ignore overlap
				Moving contig start from 3744 to 3075.
			Align 93: 1846655 1849280 NODE_5_length_200242_cov_157.865829 3075 451
				Gap between this and next alignment: 1849280 to 1849988 (707 bp)
				Next Alignment: 1849988 1854082 NODE_21_length_3971_cov_270.450012 3 4097

			Align 94: 1849988 1854082 NODE_21_length_3971_cov_270.450012 3 4097
				Negative gap (overlap) between this and next alignment: 1854082 to 1853957 (-125 bp)
				Next Alignment: 1853957 1855860 NODE_56_length_1778_cov_161.577621 1904 1

			Previous gap was negative, modifying coordinates to ignore overlap
				Moving contig start from 1904 to 1778.
			Align 95: 1854083 1855860 NODE_56_length_1778_cov_161.577621 1778 1
				The next alignment (1853957 1854082 NODE_74_length_10024_cov_111.852356 10150 10025) is redundant. Skipping.
				Gap between this and next alignment: 1855860 to 1856086 (225 bp)
				Next Alignment: 1856086 1865203 NODE_74_length_10024_cov_111.852356 9151 1

			Align 97: 1856086 1865203 NODE_74_length_10024_cov_111.852356 9151 1
				The next alignment (1861304 1861755 NODE_75_length_5097_cov_135.393951 5223 4772) is redundant. Skipping.
				The next alignment (1861528 1862063 NODE_46_length_410_cov_254.624390 1 536) is redundant. Skipping.
				The next alignment (1864819 1865203 NODE_23_length_2046_cov_141.985825 1787 2172) is redundant. Skipping.
				Negative gap (overlap) between this and next alignment: 1865203 to 1865078 (-125 bp)
				Next Alignment: 1865078 1868991 NODE_41_length_3788_cov_277.582367 1 3914

			Previous gap was negative, modifying coordinates to ignore overlap
				Moving contig start from 1 to 127.
			Align 101: 1865204 1868991 NODE_41_length_3788_cov_277.582367 127 3914
				Negative gap (overlap) between this and next alignment: 1868991 to 1868866 (-125 bp)
				Next Alignment: 1868866 1870227 NODE_22_length_1236_cov_123.345467 1 1362

			Previous gap was negative, modifying coordinates to ignore overlap
				Moving contig start from 1 to 127.
			Align 102: 1868992 1870227 NODE_22_length_1236_cov_123.345467 127 1362
				The next alignment (1868866 1869033 NODE_40_length_1253_cov_141.162811 1 165) is redundant. Skipping.
				The next alignment (1869385 1870227 NODE_40_length_1253_cov_141.162811 537 1379) is redundant. Skipping.
				Negative gap (overlap) between this and next alignment: 1870227 to 1870102 (-125 bp)
				Next Alignment: 1870102 1871007 NODE_42_length_780_cov_246.939743 1 906

			Previous gap was negative, modifying coordinates to ignore overlap
				Moving contig start from 1 to 127.
			Align 105: 1870228 1871007 NODE_42_length_780_cov_246.939743 127 906
				Negative gap (overlap) between this and next alignment: 1871007 to 1870882 (-125 bp)
				Next Alignment: 1870882 1871908 NODE_4_length_14061_cov_138.316406 14187 13161

			Previous gap was negative, modifying coordinates to ignore overlap
				Moving contig start from 14187 to 14061.
			Align 106: 1871008 1871908 NODE_4_length_14061_cov_138.316406 14061 13161
				Negative gap (overlap) between this and next alignment: 1871908 to 1870882 (-1026 bp)
				Next Alignment: 1870882 1879652 NODE_18_length_8645_cov_125.807518 8771 1

			Previous gap was negative, modifying coordinates to ignore overlap
				Moving contig start from 8771 to 7744.
			Align 107: 1871909 1879652 NODE_18_length_8645_cov_125.807518 7744 1
				The next alignment (1872004 1873330 NODE_4_length_14061_cov_138.316406 13150 11824) is redundant. Skipping.
				The next alignment (1879520 1879652 NODE_4_length_14061_cov_138.316406 133 1) is redundant. Skipping.
				Negative gap (overlap) between this and next alignment: 1879652 to 1879527 (-125 bp)
				Next Alignment: 1879527 1886627 NODE_14_length_6974_cov_267.165039 1 7100

			Previous gap was negative, modifying coordinates to ignore overlap
				Moving contig start from 1 to 127.
			Align 110: 1879653 1886627 NODE_14_length_6974_cov_267.165039 127 7100
				Gap between this and next alignment: 1886627 to 1887078 (450 bp)
				Next Alignment: 1887078 1887620 NODE_1_length_1866_cov_327.743286 577 1119

			Align 111: 1887078 1887620 NODE_1_length_1866_cov_327.743286 577 1119
			END in current alignment.  Modifying 1887620 to 1887620.

Analysis is finished!
Founded SNPs were written into /data/projects/Assembly/Aroon/reports/GCF_000931625.1_ASM93162v1_genomic/contigs_reports/nucmer_output/M07572_contigs.used_snps

Results:
	Local Misassemblies: 39
	Misassemblies: 19
		Relocations: 19
		Translocations: 0
		Inversions: 0
	Misassembled Contigs: 9
	Misassembled Contig Bases: 1101673
	Misassemblies Inter-Contig Overlap: 0
Uncovered Regions: 0 (0)
Unaligned Contigs: 3 + 4 part
Partially Unaligned Contigs with Misassemblies: 2
Unaligned Contig Bases: 47024

Ambiguously Mapped Contigs: 7
Total Bases in Ambiguously Mapped Contigs: 6965
Note that --allow-ambiguity option was set to "one" and only first alignment per each contig was used.

	Covered Bases: 1774540

	SNPs: 21134
	Insertions: 1006
	Deletions: 1016

	Positive Gaps: 66
		Internal Gaps:  43
		External Gaps:  23
		External Gap Total:  54797
		External Gap Average: 2382
	Negative Gaps: 30
		Internal Overlaps:  5
		External Overlaps:  25
		External Overlaps Total: -4394
		External Overlaps Average: -176
	Contigs with Redundant Alignments: 8 (7467)
