Aligning contigs to reference...
	Running Nucmer
Parsing coords...
Loading reference...
	Loaded [NC_022356.1_Haemophilus_influenzae_KR494__complete_genome]
Loading SNPs...
Loading regions...
	No regions given, using whole reference.
	Total Regions: 1
	Total Region Length: 1856176
Analyzing contigs...
CONTIG: NODE_1_length_1150417_cov_158.528_ID_3071 (1150417bp)
Top Length: 228096  Top ID: 99.99
		Skipping redundant alignment 178835 179039 | 206 1 | 205 206 | 97.57 | NC_022356.1_Haemophilus_influenzae_KR494__complete_genome NODE_1_length_1150417_cov_158.528_ID_3071
		Skipping redundant alignment 235142 235330 | 189 1 | 189 189 | 98.94 | NC_022356.1_Haemophilus_influenzae_KR494__complete_genome NODE_1_length_1150417_cov_158.528_ID_3071
		Skipping redundant alignment 1628710 1628898 | 189 1 | 189 189 | 98.94 | NC_022356.1_Haemophilus_influenzae_KR494__complete_genome NODE_1_length_1150417_cov_158.528_ID_3071
		Skipping redundant alignment 1718589 1718777 | 189 1 | 189 189 | 98.94 | NC_022356.1_Haemophilus_influenzae_KR494__complete_genome NODE_1_length_1150417_cov_158.528_ID_3071
		Skipping redundant alignment 1661769 1661894 | 126 1 | 126 126 | 100.0 | NC_022356.1_Haemophilus_influenzae_KR494__complete_genome NODE_1_length_1150417_cov_158.528_ID_3071
		Skipping redundant alignment 1661690 1661769 | 127 48 | 80 80 | 100.0 | NC_022356.1_Haemophilus_influenzae_KR494__complete_genome NODE_1_length_1150417_cov_158.528_ID_3071
		Skipping redundant alignment 1661690 1661761 | 1235 1164 | 72 72 | 98.61 | NC_022356.1_Haemophilus_influenzae_KR494__complete_genome NODE_1_length_1150417_cov_158.528_ID_3071
		Skipping redundant alignment 1011098 1012159 | 56889 57946 | 1062 1058 | 96.43 | NC_022356.1_Haemophilus_influenzae_KR494__complete_genome NODE_1_length_1150417_cov_158.528_ID_3071
		Skipping redundant alignment 1369435 1370895 | 62371 60911 | 1461 1461 | 97.67 | NC_022356.1_Haemophilus_influenzae_KR494__complete_genome NODE_1_length_1150417_cov_158.528_ID_3071
		Skipping redundant alignment 1369267 1369857 | 62371 61781 | 591 591 | 97.29 | NC_022356.1_Haemophilus_influenzae_KR494__complete_genome NODE_1_length_1150417_cov_158.528_ID_3071
		Skipping redundant alignment 1368967 1369125 | 62684 62526 | 159 159 | 100.0 | NC_022356.1_Haemophilus_influenzae_KR494__complete_genome NODE_1_length_1150417_cov_158.528_ID_3071
		Skipping redundant alignment 838377 838462 | 86065 86150 | 86 86 | 100.0 | NC_022356.1_Haemophilus_influenzae_KR494__complete_genome NODE_1_length_1150417_cov_158.528_ID_3071
		Skipping redundant alignment 1379169 1380226 | 417108 418169 | 1058 1062 | 95.39 | NC_022356.1_Haemophilus_influenzae_KR494__complete_genome NODE_1_length_1150417_cov_158.528_ID_3071
		Skipping redundant alignment 1735955 1736036 | 571943 572024 | 82 82 | 100.0 | NC_022356.1_Haemophilus_influenzae_KR494__complete_genome NODE_1_length_1150417_cov_158.528_ID_3071
		Skipping redundant alignment 1736037 1736298 | 572128 572391 | 262 264 | 95.83 | NC_022356.1_Haemophilus_influenzae_KR494__complete_genome NODE_1_length_1150417_cov_158.528_ID_3071
		Skipping redundant alignment 1769906 1769984 | 572343 572265 | 79 79 | 100.0 | NC_022356.1_Haemophilus_influenzae_KR494__complete_genome NODE_1_length_1150417_cov_158.528_ID_3071
		Skipping redundant alignment 637525 637763 | 782320 782082 | 239 239 | 95.4 | NC_022356.1_Haemophilus_influenzae_KR494__complete_genome NODE_1_length_1150417_cov_158.528_ID_3071
		Skipping redundant alignment 637442 637619 | 782260 782082 | 178 179 | 95.53 | NC_022356.1_Haemophilus_influenzae_KR494__complete_genome NODE_1_length_1150417_cov_158.528_ID_3071
		Skipping redundant alignment 299642 299715 | 1041715 1041788 | 74 74 | 100.0 | NC_022356.1_Haemophilus_influenzae_KR494__complete_genome NODE_1_length_1150417_cov_158.528_ID_3071
		Skipping redundant alignment 223670 223813 | 1150274 1150417 | 144 144 | 99.31 | NC_022356.1_Haemophilus_influenzae_KR494__complete_genome NODE_1_length_1150417_cov_158.528_ID_3071
			Skipping redundant alignments which significantly overlap with adjacent alignments
		Skipping redundant alignment 1173623 1185768 | 255572 243395 | 12146 12178 | 99.72 | NC_022356.1_Haemophilus_influenzae_KR494__complete_genome NODE_1_length_1150417_cov_158.528_ID_3071
		Skipping redundant alignment 637585 642520 | 782547 777613 | 4936 4935 | 99.88 | NC_022356.1_Haemophilus_influenzae_KR494__complete_genome NODE_1_length_1150417_cov_158.528_ID_3071
		This contig is misassembled. 37 total aligns.
			Real Alignment 1: 1428292 1437016 | 8728 1 | 8725 8728 | 99.92 | NC_022356.1_Haemophilus_influenzae_KR494__complete_genome NODE_1_length_1150417_cov_158.528_ID_3071
			  Overlap between these two alignments (local misassembly). Inconsistency = -82 
			Excluding internal overlap of size 3830 between Alignment 2 and 3:  1335197 1368966 | 96157 62357 | 33770 33801 --> 1335197 1365136 | 96157 66187 | 29940 29971
			Real Alignment 2: 1370928 1428259 | 66186 8843 | 57332 57344 | 99.95 | NC_022356.1_Haemophilus_influenzae_KR494__complete_genome NODE_1_length_1150417_cov_158.528_ID_3071
			  Extensive misassembly ( relocation, inconsistency = 5791 ) between these two alignments
			Excluding internal overlap of size 20048 between Alignment 3 and 4:  1335197 1365136 | 96157 66187 | 29940 29971 --> 1355245 1365136 | 76109 66187 | 9892 9923
			Real Alignment 3: 1355245 1365136 | 76109 66187 | 9892 9923 | 99.89 | NC_022356.1_Haemophilus_influenzae_KR494__complete_genome NODE_1_length_1150417_cov_158.528_ID_3071
			  Fake misassembly between these two alignments: inconsistency = 32 , gap in the contig is small or absent or filled mostly with Ns (long indel: deletion of length 32; 0 mismatches)
			Excluding internal overlap of size 64 between Alignment 4 and 5:  1185790 1211899 | 245522 219378 | 26110 26145 --> 1185790 1211835 | 245522 219442 | 26046 26081
			Real Alignment 4: 1211913 1355212 | 219441 76110 | 143300 143332 | 99.98 | NC_022356.1_Haemophilus_influenzae_KR494__complete_genome NODE_1_length_1150417_cov_158.528_ID_3071
			  Fake misassembly between these two alignments: inconsistency = 77 , gap in the contig is small or absent or filled mostly with Ns (long indel: deletion of length 77; 0 mismatches)
			Excluding internal overlap of size 113 between Alignment 5 and 6:  1185790 1211835 | 245522 219442 | 26046 26081 --> 1185903 1211835 | 245409 219442 | 25933 25968
			Real Alignment 5: 1185903 1211835 | 245409 219442 | 25933 25968 | 99.82 | NC_022356.1_Haemophilus_influenzae_KR494__complete_genome NODE_1_length_1150417_cov_158.528_ID_3071
			  Extensive misassembly ( relocation, inconsistency = 2063 ) between these two alignments
			Excluding internal overlap of size 127 between Alignment 6 and 7:  931735 1005654 | 497480 423553 | 73920 73928 --> 931735 1005527 | 497480 423680 | 73793 73801
			Real Alignment 6: 1005588 1183839 | 423679 245410 | 178252 178270 | 99.9 | NC_022356.1_Haemophilus_influenzae_KR494__complete_genome NODE_1_length_1150417_cov_158.528_ID_3071
			  Fake misassembly between these two alignments: inconsistency = 60 , gap in the contig is small or absent or filled mostly with Ns (long indel: deletion of length 60; 0 mismatches)
			Excluding internal overlap of size 20003 between Alignment 7 and 8:  931735 1005527 | 497480 423680 | 73793 73801 --> 951738 1005527 | 477477 423680 | 53790 53798
			Real Alignment 7: 951738 1005527 | 477477 423680 | 53790 53798 | 99.98 | NC_022356.1_Haemophilus_influenzae_KR494__complete_genome NODE_1_length_1150417_cov_158.528_ID_3071
			  Fake misassembly between these two alignments: inconsistency = 9 , gap in the contig is small or absent or filled mostly with Ns (long indel: deletion of length 9; 0 mismatches)
			Excluding internal overlap of size 4526 between Alignment 8 and 9:  844247 951728 | 584968 477478 | 107482 107491 --> 848773 951728 | 580442 477478 | 102956 102965
			Real Alignment 8: 848773 951728 | 580442 477478 | 102956 102965 | 99.99 | NC_022356.1_Haemophilus_influenzae_KR494__complete_genome NODE_1_length_1150417_cov_158.528_ID_3071
			  Extensive misassembly ( relocation, inconsistency = 4555 ) between these two alignments
			Real Alignment 9: 642546 844217 | 782145 580443 | 201672 201703 | 99.97 | NC_022356.1_Haemophilus_influenzae_KR494__complete_genome NODE_1_length_1150417_cov_158.528_ID_3071
			  Extensive misassembly ( relocation, inconsistency = 4702 ) between these two alignments
			Excluding internal overlap of size 2048 between Alignment 10 and 11:  406540 409415 | 1011389 1008514 | 2876 2876 --> 406540 407367 | 1011389 1010562 | 828 828
			Real Alignment 10: 409428 637523 | 1010561 782466 | 228096 228096 | 99.99 | NC_022356.1_Haemophilus_influenzae_KR494__complete_genome NODE_1_length_1150417_cov_158.528_ID_3071
			  Extensive misassembly ( relocation, inconsistency = 2060 ) between these two alignments
			Excluding internal overlap of size 99 between Alignment 11 and 12:  406540 407367 | 1011389 1010562 | 828 828 --> 406639 407367 | 1011290 1010562 | 729 729
			Real Alignment 11: 406639 407367 | 1011290 1010562 | 729 729 | 99.93 | NC_022356.1_Haemophilus_influenzae_KR494__complete_genome NODE_1_length_1150417_cov_158.528_ID_3071
			  Gap between these two alignments (local misassembly). Inconsistency = 102 
			Excluding internal overlap of size 101 between Alignment 12 and 13:  396082 406536 | 1021745 1011291 | 10455 10455 --> 396183 406536 | 1021644 1011291 | 10354 10354
			Real Alignment 12: 396183 406536 | 1021644 1011291 | 10354 10354 | 99.97 | NC_022356.1_Haemophilus_influenzae_KR494__complete_genome NODE_1_length_1150417_cov_158.528_ID_3071
			  Fake misassembly between these two alignments: inconsistency = 42 , gap in the contig is small or absent or filled mostly with Ns (long indel: deletion of length 42; 0 mismatches)
			Real Alignment 13: 377838 396140 | 1039972 1021645 | 18303 18328 | 99.32 | NC_022356.1_Haemophilus_influenzae_KR494__complete_genome NODE_1_length_1150417_cov_158.528_ID_3071
			  Extensive misassembly ( relocation, inconsistency = -98189 ) between these two alignments
			Real Alignment 14: 299601 299715 | 1041622 1041736 | 115 115 | 98.26 | NC_022356.1_Haemophilus_influenzae_KR494__complete_genome NODE_1_length_1150417_cov_158.528_ID_3071
			  Extensive misassembly ( relocation, inconsistency = -32241 ) between these two alignments
			Real Alignment 15: 267493 376123 | 1150417 1041755 | 108631 108663 | 99.74 | NC_022356.1_Haemophilus_influenzae_KR494__complete_genome NODE_1_length_1150417_cov_158.528_ID_3071

CONTIG: NODE_2_length_311604_cov_175.058_ID_3073 (311604bp)
Top Length: 84476  Top ID: 99.99
		Skipping redundant alignment 184430 184556 | 1 127 | 127 127 | 100.0 | NC_022356.1_Haemophilus_influenzae_KR494__complete_genome NODE_2_length_311604_cov_175.058_ID_3073
		Skipping redundant alignment 240720 240846 | 1 127 | 127 127 | 100.0 | NC_022356.1_Haemophilus_influenzae_KR494__complete_genome NODE_2_length_311604_cov_175.058_ID_3073
		Skipping redundant alignment 1442164 1442290 | 1 127 | 127 127 | 100.0 | NC_022356.1_Haemophilus_influenzae_KR494__complete_genome NODE_2_length_311604_cov_175.058_ID_3073
		Skipping redundant alignment 1634288 1634414 | 1 127 | 127 127 | 100.0 | NC_022356.1_Haemophilus_influenzae_KR494__complete_genome NODE_2_length_311604_cov_175.058_ID_3073
		Skipping redundant alignment 1667388 1667514 | 1 127 | 127 127 | 100.0 | NC_022356.1_Haemophilus_influenzae_KR494__complete_genome NODE_2_length_311604_cov_175.058_ID_3073
		Skipping redundant alignment 1650176 1650255 | 130 209 | 80 80 | 100.0 | NC_022356.1_Haemophilus_influenzae_KR494__complete_genome NODE_2_length_311604_cov_175.058_ID_3073
		Skipping redundant alignment 857191 857272 | 11870 11789 | 82 82 | 100.0 | NC_022356.1_Haemophilus_influenzae_KR494__complete_genome NODE_2_length_311604_cov_175.058_ID_3073
		Skipping redundant alignment 856824 857087 | 12132 11871 | 264 262 | 95.83 | NC_022356.1_Haemophilus_influenzae_KR494__complete_genome NODE_2_length_311604_cov_175.058_ID_3073
		Skipping redundant alignment 1769906 1769984 | 12086 12008 | 79 79 | 100.0 | NC_022356.1_Haemophilus_influenzae_KR494__complete_genome NODE_2_length_311604_cov_175.058_ID_3073
		Skipping redundant alignment 1661106 1661187 | 24491 24572 | 82 82 | 100.0 | NC_022356.1_Haemophilus_influenzae_KR494__complete_genome NODE_2_length_311604_cov_175.058_ID_3073
		Skipping redundant alignment 1661107 1661191 | 24592 24676 | 85 85 | 100.0 | NC_022356.1_Haemophilus_influenzae_KR494__complete_genome NODE_2_length_311604_cov_175.058_ID_3073
		Skipping redundant alignment 856872 856950 | 45840 45918 | 79 79 | 100.0 | NC_022356.1_Haemophilus_influenzae_KR494__complete_genome NODE_2_length_311604_cov_175.058_ID_3073
		Skipping redundant alignment 1736174 1736252 | 45918 45840 | 79 79 | 100.0 | NC_022356.1_Haemophilus_influenzae_KR494__complete_genome NODE_2_length_311604_cov_175.058_ID_3073
		Skipping redundant alignment 1572512 1572610 | 81085 81183 | 99 99 | 100.0 | NC_022356.1_Haemophilus_influenzae_KR494__complete_genome NODE_2_length_311604_cov_175.058_ID_3073
		Skipping redundant alignment 1436811 1436972 | 311444 311604 | 162 161 | 98.15 | NC_022356.1_Haemophilus_influenzae_KR494__complete_genome NODE_2_length_311604_cov_175.058_ID_3073
		Skipping redundant alignment 235142 235286 | 311460 311604 | 145 145 | 100.0 | NC_022356.1_Haemophilus_influenzae_KR494__complete_genome NODE_2_length_311604_cov_175.058_ID_3073
		Skipping redundant alignment 1628710 1628854 | 311460 311604 | 145 145 | 100.0 | NC_022356.1_Haemophilus_influenzae_KR494__complete_genome NODE_2_length_311604_cov_175.058_ID_3073
		Skipping redundant alignment 1718589 1718733 | 311460 311604 | 145 145 | 100.0 | NC_022356.1_Haemophilus_influenzae_KR494__complete_genome NODE_2_length_311604_cov_175.058_ID_3073
		Skipping redundant alignment 1661690 1661769 | 311522 311601 | 80 80 | 100.0 | NC_022356.1_Haemophilus_influenzae_KR494__complete_genome NODE_2_length_311604_cov_175.058_ID_3073
		Skipping redundant alignment 1661769 1661850 | 311523 311604 | 82 82 | 100.0 | NC_022356.1_Haemophilus_influenzae_KR494__complete_genome NODE_2_length_311604_cov_175.058_ID_3073
		This contig is misassembled. 27 total aligns.
			Real Alignment 1: 1724167 1748738 | 1 24572 | 24572 24572 | 99.98 | NC_022356.1_Haemophilus_influenzae_KR494__complete_genome NODE_2_length_311604_cov_175.058_ID_3073
			  Overlap between these two alignments (local misassembly). Inconsistency = -99 
			Excluding internal overlap of size 276 between Alignment 2 and 3:  1832567 1856176 | 108781 132390 | 23610 23610 --> 1832843 1856176 | 109057 132390 | 23334 23334
			Real Alignment 2: 1748648 1833123 | 24581 109056 | 84476 84476 | 99.99 | NC_022356.1_Haemophilus_influenzae_KR494__complete_genome NODE_2_length_311604_cov_175.058_ID_3073
			  Overlap between these two alignments (local misassembly). Inconsistency = -281 
			Real Alignment 3: 1832843 1856176 | 109057 132390 | 23334 23334 | 99.99 | NC_022356.1_Haemophilus_influenzae_KR494__complete_genome NODE_2_length_311604_cov_175.058_ID_3073
			  Overlap between these two alignments (local misassembly). Inconsistency = -104 (linear representation of circular genome)
			Real Alignment 4: 1 28483 | 132495 160983 | 28483 28489 | 99.86 | NC_022356.1_Haemophilus_influenzae_KR494__complete_genome NODE_2_length_311604_cov_175.058_ID_3073
			  Gap between these two alignments (local misassembly). Inconsistency = 57 
			Excluding internal overlap of size 20073 between Alignment 5 and 6:  28828 85840 | 161271 218299 | 57013 57029 --> 28828 65767 | 161271 198226 | 36940 36956
			Real Alignment 5: 28828 65767 | 161271 198226 | 36940 36956 | 99.83 | NC_022356.1_Haemophilus_influenzae_KR494__complete_genome NODE_2_length_311604_cov_175.058_ID_3073
			  Fake misassembly between these two alignments: inconsistency = 16 , gap in the contig is small or absent or filled mostly with Ns (long indel: deletion of length 16; 0 mismatches)
			Excluding internal overlap of size 2 between Alignment 6 and 7:  130647 178995 | 263256 311604 | 48349 48349 --> 130649 178995 | 263258 311604 | 48347 48347
			Real Alignment 6: 65784 130774 | 198227 263257 | 64991 65031 | 99.93 | NC_022356.1_Haemophilus_influenzae_KR494__complete_genome NODE_2_length_311604_cov_175.058_ID_3073
			  Overlap between these two alignments (local misassembly). Inconsistency = -126 
			Real Alignment 7: 130649 178995 | 263258 311604 | 48347 48347 | 99.99 | NC_022356.1_Haemophilus_influenzae_KR494__complete_genome NODE_2_length_311604_cov_175.058_ID_3073

CONTIG: NODE_3_length_186707_cov_159.146_ID_3075 (186707bp)
Top Length: 186707  Top ID: 99.98
		Marking as insignificant: 1661690 1661769 | 83 4 | 80 80 | 100.0 | NC_022356.1_Haemophilus_influenzae_KR494__complete_genome NODE_3_length_186707_cov_159.146_ID_3075
		Marking as insignificant: 1661769 1661850 | 82 1 | 82 82 | 100.0 | NC_022356.1_Haemophilus_influenzae_KR494__complete_genome NODE_3_length_186707_cov_159.146_ID_3075
		Marking as insignificant: 1805151 1805249 | 56343 56245 | 99 99 | 100.0 | NC_022356.1_Haemophilus_influenzae_KR494__complete_genome NODE_3_length_186707_cov_159.146_ID_3075
		Marking as insignificant: 1724167 1724293 | 186707 186581 | 127 127 | 100.0 | NC_022356.1_Haemophilus_influenzae_KR494__complete_genome NODE_3_length_186707_cov_159.146_ID_3075
		Marking as insignificant: 1436828 1436972 | 145 1 | 145 145 | 100.0 | NC_022356.1_Haemophilus_influenzae_KR494__complete_genome NODE_3_length_186707_cov_159.146_ID_3075
		Marking as insignificant: 178851 178995 | 145 1 | 145 145 | 100.0 | NC_022356.1_Haemophilus_influenzae_KR494__complete_genome NODE_3_length_186707_cov_159.146_ID_3075
		Marking as insignificant: 1718578 1718733 | 155 1 | 156 155 | 98.08 | NC_022356.1_Haemophilus_influenzae_KR494__complete_genome NODE_3_length_186707_cov_159.146_ID_3075
		Marking as insignificant: 235131 235286 | 155 1 | 156 155 | 98.08 | NC_022356.1_Haemophilus_influenzae_KR494__complete_genome NODE_3_length_186707_cov_159.146_ID_3075
		Marking as insignificant: 240720 240952 | 186707 186475 | 233 233 | 98.28 | NC_022356.1_Haemophilus_influenzae_KR494__complete_genome NODE_3_length_186707_cov_159.146_ID_3075
		Marking as insignificant: 1634288 1634528 | 186707 186467 | 241 241 | 97.1 | NC_022356.1_Haemophilus_influenzae_KR494__complete_genome NODE_3_length_186707_cov_159.146_ID_3075
		Marking as insignificant: 1667388 1667648 | 186707 186446 | 261 262 | 95.04 | NC_022356.1_Haemophilus_influenzae_KR494__complete_genome NODE_3_length_186707_cov_159.146_ID_3075
		Marking as insignificant: 184430 184690 | 186707 186446 | 261 262 | 95.04 | NC_022356.1_Haemophilus_influenzae_KR494__complete_genome NODE_3_length_186707_cov_159.146_ID_3075
		One align captures most of this contig: 1442164 1628854 | 186707 1 | 186691 186707 | 99.98 | NC_022356.1_Haemophilus_influenzae_KR494__complete_genome NODE_3_length_186707_cov_159.146_ID_3075

CONTIG: NODE_4_length_51343_cov_177.904_ID_3077 (51343bp)
Top Length: 51343  Top ID: 99.98
		Marking as insignificant: 1661690 1661769 | 83 4 | 80 80 | 100.0 | NC_022356.1_Haemophilus_influenzae_KR494__complete_genome NODE_4_length_51343_cov_177.904_ID_3077
		Marking as insignificant: 1661769 1661850 | 82 1 | 82 82 | 100.0 | NC_022356.1_Haemophilus_influenzae_KR494__complete_genome NODE_4_length_51343_cov_177.904_ID_3077
		Marking as insignificant: 1724167 1724293 | 51343 51217 | 127 127 | 100.0 | NC_022356.1_Haemophilus_influenzae_KR494__complete_genome NODE_4_length_51343_cov_177.904_ID_3077
		Marking as insignificant: 1436828 1436972 | 145 1 | 145 145 | 100.0 | NC_022356.1_Haemophilus_influenzae_KR494__complete_genome NODE_4_length_51343_cov_177.904_ID_3077
		Marking as insignificant: 178851 178995 | 145 1 | 145 145 | 100.0 | NC_022356.1_Haemophilus_influenzae_KR494__complete_genome NODE_4_length_51343_cov_177.904_ID_3077
		Marking as insignificant: 1628700 1628854 | 156 1 | 155 156 | 98.08 | NC_022356.1_Haemophilus_influenzae_KR494__complete_genome NODE_4_length_51343_cov_177.904_ID_3077
		Marking as insignificant: 240720 240950 | 51343 51113 | 231 231 | 98.7 | NC_022356.1_Haemophilus_influenzae_KR494__complete_genome NODE_4_length_51343_cov_177.904_ID_3077
		Marking as insignificant: 1634288 1634541 | 51343 51090 | 254 254 | 100.0 | NC_022356.1_Haemophilus_influenzae_KR494__complete_genome NODE_4_length_51343_cov_177.904_ID_3077
		Marking as insignificant: 184430 184715 | 51343 51058 | 286 286 | 99.3 | NC_022356.1_Haemophilus_influenzae_KR494__complete_genome NODE_4_length_51343_cov_177.904_ID_3077
		Marking as insignificant: 234918 235286 | 369 1 | 369 369 | 99.46 | NC_022356.1_Haemophilus_influenzae_KR494__complete_genome NODE_4_length_51343_cov_177.904_ID_3077
		One align captures most of this contig: 1667388 1718733 | 51343 1 | 51346 51343 | 99.98 | NC_022356.1_Haemophilus_influenzae_KR494__complete_genome NODE_4_length_51343_cov_177.904_ID_3077

CONTIG: NODE_5_length_39384_cov_191.579_ID_3079 (39384bp)
Top Length: 39384  Top ID: 99.99
		Marking as insignificant: 1724167 1724293 | 39384 39258 | 127 127 | 100.0 | NC_022356.1_Haemophilus_influenzae_KR494__complete_genome NODE_5_length_39384_cov_191.579_ID_3079
		Marking as insignificant: 267493 267636 | 1 144 | 144 144 | 99.31 | NC_022356.1_Haemophilus_influenzae_KR494__complete_genome NODE_5_length_39384_cov_191.579_ID_3079
		Marking as insignificant: 240720 240950 | 39384 39154 | 231 231 | 98.7 | NC_022356.1_Haemophilus_influenzae_KR494__complete_genome NODE_5_length_39384_cov_191.579_ID_3079
		Marking as insignificant: 1634288 1634541 | 39384 39131 | 254 254 | 100.0 | NC_022356.1_Haemophilus_influenzae_KR494__complete_genome NODE_5_length_39384_cov_191.579_ID_3079
		Marking as insignificant: 1667388 1667673 | 39384 39099 | 286 286 | 99.3 | NC_022356.1_Haemophilus_influenzae_KR494__complete_genome NODE_5_length_39384_cov_191.579_ID_3079
		One align captures most of this contig: 184430 223813 | 39384 1 | 39384 39384 | 99.99 | NC_022356.1_Haemophilus_influenzae_KR494__complete_genome NODE_5_length_39384_cov_191.579_ID_3079

CONTIG: NODE_6_length_27201_cov_168.345_ID_3081 (27201bp)
Top Length: 27131  Top ID: 99.99
		Marking as insignificant: 1435782 1435853 | 27075 27146 | 72 72 | 98.61 | NC_022356.1_Haemophilus_influenzae_KR494__complete_genome NODE_6_length_27201_cov_168.345_ID_3081
		Marking as insignificant: 1724296 1724375 | 15889 15968 | 80 80 | 100.0 | NC_022356.1_Haemophilus_influenzae_KR494__complete_genome NODE_6_length_27201_cov_168.345_ID_3081
		Marking as insignificant: 1748657 1748742 | 26819 26904 | 86 86 | 100.0 | NC_022356.1_Haemophilus_influenzae_KR494__complete_genome NODE_6_length_27201_cov_168.345_ID_3081
		Marking as insignificant: 1661769 1661894 | 27076 27201 | 126 126 | 100.0 | NC_022356.1_Haemophilus_influenzae_KR494__complete_genome NODE_6_length_27201_cov_168.345_ID_3081
		Marking as insignificant: 1724167 1724293 | 1 127 | 127 127 | 100.0 | NC_022356.1_Haemophilus_influenzae_KR494__complete_genome NODE_6_length_27201_cov_168.345_ID_3081
		Marking as insignificant: 1718651 1718777 | 27075 27201 | 127 127 | 100.0 | NC_022356.1_Haemophilus_influenzae_KR494__complete_genome NODE_6_length_27201_cov_168.345_ID_3081
		Marking as insignificant: 1628772 1628898 | 27075 27201 | 127 127 | 100.0 | NC_022356.1_Haemophilus_influenzae_KR494__complete_genome NODE_6_length_27201_cov_168.345_ID_3081
		Marking as insignificant: 1436890 1437016 | 27075 27201 | 127 127 | 100.0 | NC_022356.1_Haemophilus_influenzae_KR494__complete_genome NODE_6_length_27201_cov_168.345_ID_3081
		Marking as insignificant: 235204 235330 | 27075 27201 | 127 127 | 100.0 | NC_022356.1_Haemophilus_influenzae_KR494__complete_genome NODE_6_length_27201_cov_168.345_ID_3081
		Marking as insignificant: 178913 179039 | 27075 27201 | 127 127 | 100.0 | NC_022356.1_Haemophilus_influenzae_KR494__complete_genome NODE_6_length_27201_cov_168.345_ID_3081
		Marking as insignificant: 1661565 1661769 | 26950 27154 | 205 205 | 100.0 | NC_022356.1_Haemophilus_influenzae_KR494__complete_genome NODE_6_length_27201_cov_168.345_ID_3081
		Marking as insignificant: 240720 240950 | 1 231 | 231 231 | 98.7 | NC_022356.1_Haemophilus_influenzae_KR494__complete_genome NODE_6_length_27201_cov_168.345_ID_3081
		Marking as insignificant: 1442164 1442404 | 1 241 | 241 241 | 96.68 | NC_022356.1_Haemophilus_influenzae_KR494__complete_genome NODE_6_length_27201_cov_168.345_ID_3081
		Marking as insignificant: 1667388 1667641 | 1 254 | 254 254 | 100.0 | NC_022356.1_Haemophilus_influenzae_KR494__complete_genome NODE_6_length_27201_cov_168.345_ID_3081
		Marking as insignificant: 184430 184683 | 1 254 | 254 254 | 100.0 | NC_022356.1_Haemophilus_influenzae_KR494__complete_genome NODE_6_length_27201_cov_168.345_ID_3081
		One align captures most of this contig: 1634288 1661418 | 1 27131 | 27131 27131 | 99.99 | NC_022356.1_Haemophilus_influenzae_KR494__complete_genome NODE_6_length_27201_cov_168.345_ID_3081

CONTIG: NODE_7_length_25738_cov_199.556_ID_3083 (25738bp)
Top Length: 25738  Top ID: 100.0
		Marking as insignificant: 1724167 1724293 | 25738 25612 | 127 127 | 100.0 | NC_022356.1_Haemophilus_influenzae_KR494__complete_genome NODE_7_length_25738_cov_199.556_ID_3083
		Marking as insignificant: 224849 224975 | 1 127 | 127 127 | 100.0 | NC_022356.1_Haemophilus_influenzae_KR494__complete_genome NODE_7_length_25738_cov_199.556_ID_3083
		Marking as insignificant: 1667388 1667618 | 25738 25508 | 231 231 | 98.7 | NC_022356.1_Haemophilus_influenzae_KR494__complete_genome NODE_7_length_25738_cov_199.556_ID_3083
		Marking as insignificant: 1634288 1634518 | 25738 25508 | 231 231 | 98.7 | NC_022356.1_Haemophilus_influenzae_KR494__complete_genome NODE_7_length_25738_cov_199.556_ID_3083
		Marking as insignificant: 184430 184660 | 25738 25508 | 231 231 | 98.7 | NC_022356.1_Haemophilus_influenzae_KR494__complete_genome NODE_7_length_25738_cov_199.556_ID_3083
		Marking as insignificant: 1442164 1442396 | 25738 25506 | 233 233 | 98.71 | NC_022356.1_Haemophilus_influenzae_KR494__complete_genome NODE_7_length_25738_cov_199.556_ID_3083
		One align captures most of this contig: 240720 266457 | 25738 1 | 25738 25738 | 100.0 | NC_022356.1_Haemophilus_influenzae_KR494__complete_genome NODE_7_length_25738_cov_199.556_ID_3083

CONTIG: NODE_8_length_10438_cov_203.443_ID_3085 (10438bp)
Top Length: 10438  Top ID: 99.97
		Marking as insignificant: 1661690 1661769 | 83 4 | 80 80 | 100.0 | NC_022356.1_Haemophilus_influenzae_KR494__complete_genome NODE_8_length_10438_cov_203.443_ID_3085
		Marking as insignificant: 1661769 1661850 | 82 1 | 82 82 | 100.0 | NC_022356.1_Haemophilus_influenzae_KR494__complete_genome NODE_8_length_10438_cov_203.443_ID_3085
		Marking as insignificant: 266331 266457 | 10312 10438 | 127 127 | 100.0 | NC_022356.1_Haemophilus_influenzae_KR494__complete_genome NODE_8_length_10438_cov_203.443_ID_3085
		Marking as insignificant: 1436828 1436972 | 145 1 | 145 145 | 100.0 | NC_022356.1_Haemophilus_influenzae_KR494__complete_genome NODE_8_length_10438_cov_203.443_ID_3085
		Marking as insignificant: 178851 178995 | 145 1 | 145 145 | 100.0 | NC_022356.1_Haemophilus_influenzae_KR494__complete_genome NODE_8_length_10438_cov_203.443_ID_3085
		Marking as insignificant: 1628700 1628854 | 156 1 | 155 156 | 98.08 | NC_022356.1_Haemophilus_influenzae_KR494__complete_genome NODE_8_length_10438_cov_203.443_ID_3085
		Marking as insignificant: 1718365 1718733 | 369 1 | 369 369 | 100.0 | NC_022356.1_Haemophilus_influenzae_KR494__complete_genome NODE_8_length_10438_cov_203.443_ID_3085
		One align captures most of this contig: 224849 235286 | 10438 1 | 10438 10438 | 99.97 | NC_022356.1_Haemophilus_influenzae_KR494__complete_genome NODE_8_length_10438_cov_203.443_ID_3085

CONTIG: NODE_9_length_3454_cov_651.898_ID_3087 (3454bp)
Top Length: 3454  Top ID: 100.0
		Marking as insignificant: 1435782 1435853 | 1 72 | 72 72 | 98.61 | NC_022356.1_Haemophilus_influenzae_KR494__complete_genome NODE_9_length_3454_cov_651.898_ID_3087
		Marking as insignificant: 1661690 1661769 | 1 80 | 80 80 | 100.0 | NC_022356.1_Haemophilus_influenzae_KR494__complete_genome NODE_9_length_3454_cov_651.898_ID_3087
		Marking as insignificant: 1662153 1665325 | 282 3454 | 3173 3173 | 100.0 | NC_022356.1_Haemophilus_influenzae_KR494__complete_genome NODE_9_length_3454_cov_651.898_ID_3087
		This contig has 5 significant alignments. [An ambiguously mapped contig]
		Using only first of these alignment (option --ambiguity-usage is set to "one"):
		Alignment: 178913 182366 | 1 3454 | 3454 3454 | 100.0 | NC_022356.1_Haemophilus_influenzae_KR494__complete_genome NODE_9_length_3454_cov_651.898_ID_3087
		Skipping alignment  235204 238657 | 1 3454 | 3454 3454 | 100.0 | NC_022356.1_Haemophilus_influenzae_KR494__complete_genome NODE_9_length_3454_cov_651.898_ID_3087
		Skipping alignment  1436890 1440343 | 1 3454 | 3454 3454 | 100.0 | NC_022356.1_Haemophilus_influenzae_KR494__complete_genome NODE_9_length_3454_cov_651.898_ID_3087
		Skipping alignment  1628772 1632225 | 1 3454 | 3454 3454 | 100.0 | NC_022356.1_Haemophilus_influenzae_KR494__complete_genome NODE_9_length_3454_cov_651.898_ID_3087
		Skipping alignment  1718651 1722104 | 1 3454 | 3454 3454 | 100.0 | NC_022356.1_Haemophilus_influenzae_KR494__complete_genome NODE_9_length_3454_cov_651.898_ID_3087

CONTIG: NODE_10_length_2124_cov_1.63245_ID_3089 (2124bp)
		This contig is unaligned. (2124 bp)
		Unaligned bases: 2124  total: 2124

CONTIG: NODE_11_length_2010_cov_1.22995_ID_3091 (2010bp)
		This contig is unaligned. (2010 bp)
		Unaligned bases: 2010  total: 4134

CONTIG: NODE_12_length_1889_cov_0.918842_ID_3093 (1889bp)
		This contig is unaligned. (1889 bp)
		Unaligned bases: 1889  total: 6023

CONTIG: NODE_13_length_1795_cov_0.920264_ID_3095 (1795bp)
		This contig is unaligned. (1795 bp)
		Unaligned bases: 1795  total: 7818

CONTIG: NODE_14_length_1764_cov_620.192_ID_3097 (1764bp)
Top Length: 1764  Top ID: 100.0
		This contig has 6 significant alignments. [An ambiguously mapped contig]
		Using only first of these alignment (option --ambiguity-usage is set to "one"):
		Alignment: 239083 240846 | 1764 1 | 1764 1764 | 100.0 | NC_022356.1_Haemophilus_influenzae_KR494__complete_genome NODE_14_length_1764_cov_620.192_ID_3097
		Skipping alignment  1632651 1634414 | 1764 1 | 1764 1764 | 100.0 | NC_022356.1_Haemophilus_influenzae_KR494__complete_genome NODE_14_length_1764_cov_620.192_ID_3097
		Skipping alignment  1665751 1667514 | 1764 1 | 1764 1764 | 100.0 | NC_022356.1_Haemophilus_influenzae_KR494__complete_genome NODE_14_length_1764_cov_620.192_ID_3097
		Skipping alignment  1722530 1724293 | 1764 1 | 1764 1764 | 100.0 | NC_022356.1_Haemophilus_influenzae_KR494__complete_genome NODE_14_length_1764_cov_620.192_ID_3097
		Skipping alignment  182792 184556 | 1764 1 | 1765 1764 | 99.83 | NC_022356.1_Haemophilus_influenzae_KR494__complete_genome NODE_14_length_1764_cov_620.192_ID_3097
		Skipping alignment  1440526 1442290 | 1764 1 | 1765 1764 | 99.77 | NC_022356.1_Haemophilus_influenzae_KR494__complete_genome NODE_14_length_1764_cov_620.192_ID_3097

CONTIG: NODE_15_length_1711_cov_1.38384_ID_3099 (1711bp)
		This contig is unaligned. (1711 bp)
		Unaligned bases: 1711  total: 9529

CONTIG: NODE_16_length_1652_cov_0.968525_ID_3101 (1652bp)
		This contig is unaligned. (1652 bp)
		Unaligned bases: 1652  total: 11181

CONTIG: NODE_17_length_1606_cov_0.872887_ID_3103 (1606bp)
		This contig is unaligned. (1606 bp)
		Unaligned bases: 1606  total: 12787

CONTIG: NODE_18_length_1520_cov_1.41206_ID_3105 (1520bp)
		This contig is unaligned. (1520 bp)
		Unaligned bases: 1520  total: 14307

CONTIG: NODE_19_length_1496_cov_0.853908_ID_3107 (1496bp)
Top Length: 204  Top ID: 97.06
		This contig is partially unaligned. (Aligned 204 out of 1496 bases)
		Alignment: 469559 469762 | 204 1 | 204 204 | 97.06 | NC_022356.1_Haemophilus_influenzae_KR494__complete_genome NODE_19_length_1496_cov_0.853908_ID_3107
		Unaligned bases: 205 to 1496 (1292)

CONTIG: NODE_20_length_1482_cov_1.17638_ID_3109 (1482bp)
		This contig is unaligned. (1482 bp)
		Unaligned bases: 1482  total: 15789

CONTIG: NODE_21_length_1469_cov_1.90686_ID_3111 (1469bp)
		This contig is unaligned. (1469 bp)
		Unaligned bases: 1469  total: 17258

CONTIG: NODE_22_length_1420_cov_1.23511_ID_3113 (1420bp)
		This contig is unaligned. (1420 bp)
		Unaligned bases: 1420  total: 18678

CONTIG: NODE_23_length_1412_cov_0.735409_ID_3115 (1412bp)
		This contig is unaligned. (1412 bp)
		Unaligned bases: 1412  total: 20090

CONTIG: NODE_24_length_1380_cov_1.53312_ID_3117 (1380bp)
		This contig is unaligned. (1380 bp)
		Unaligned bases: 1380  total: 21470

CONTIG: NODE_25_length_1335_cov_0.961921_ID_3119 (1335bp)
		This contig is unaligned. (1335 bp)
		Unaligned bases: 1335  total: 22805

CONTIG: NODE_26_length_1326_cov_1.35863_ID_3121 (1326bp)
		This contig is unaligned. (1326 bp)
		Unaligned bases: 1326  total: 24131

CONTIG: NODE_27_length_1318_cov_1.02267_ID_3123 (1318bp)
		This contig is unaligned. (1318 bp)
		Unaligned bases: 1318  total: 25449

CONTIG: NODE_28_length_1301_cov_1.27513_ID_3125 (1301bp)
		This contig is unaligned. (1301 bp)
		Unaligned bases: 1301  total: 26750

CONTIG: NODE_29_length_1298_cov_1.77541_ID_3127 (1298bp)
		This contig is unaligned. (1298 bp)
		Unaligned bases: 1298  total: 28048

CONTIG: NODE_30_length_1289_cov_321.56_ID_3129 (1289bp)
Top Length: 1289  Top ID: 100.0
		This contig has 2 significant alignments. [An ambiguously mapped contig]
		Using only first of these alignment (option --ambiguity-usage is set to "one"):
		Alignment: 223687 224975 | 1 1289 | 1289 1289 | 100.0 | NC_022356.1_Haemophilus_influenzae_KR494__complete_genome NODE_30_length_1289_cov_321.56_ID_3129
		Skipping alignment  266331 267619 | 1289 1 | 1289 1289 | 100.0 | NC_022356.1_Haemophilus_influenzae_KR494__complete_genome NODE_30_length_1289_cov_321.56_ID_3129

CONTIG: NODE_31_length_1268_cov_1.08677_ID_3131 (1268bp)
		This contig is unaligned. (1268 bp)
		Unaligned bases: 1268  total: 29316

CONTIG: NODE_32_length_1241_cov_1.70557_ID_3133 (1241bp)
		This contig is unaligned. (1241 bp)
		Unaligned bases: 1241  total: 30557

CONTIG: NODE_33_length_1199_cov_1.03918_ID_3135 (1199bp)
		This contig is unaligned. (1199 bp)
		Unaligned bases: 1199  total: 31756

CONTIG: NODE_34_length_1101_cov_1.04004_ID_3137 (1101bp)
		This contig is unaligned. (1101 bp)
		Unaligned bases: 1101  total: 32857

CONTIG: NODE_35_length_1084_cov_1.10345_ID_3139 (1084bp)
		This contig is unaligned. (1084 bp)
		Unaligned bases: 1084  total: 33941

CONTIG: NODE_36_length_1017_cov_1.18989_ID_3141 (1017bp)
Top Length: 120  Top ID: 98.35
		This contig is partially unaligned. (Aligned 120 out of 1017 bases)
		Alignment: 29751 29871 | 898 1017 | 121 120 | 98.35 | NC_022356.1_Haemophilus_influenzae_KR494__complete_genome NODE_36_length_1017_cov_1.18989_ID_3141
		Unaligned bases: 1 to 897 (897)

CONTIG: NODE_37_length_1016_cov_1.06187_ID_3143 (1016bp)
		This contig is unaligned. (1016 bp)
		Unaligned bases: 1016  total: 34957

CONTIG: NODE_38_length_975_cov_1.60495_ID_3145 (975bp)
		This contig is unaligned. (975 bp)
		Unaligned bases: 975  total: 35932

CONTIG: NODE_39_length_973_cov_0.626478_ID_3147 (973bp)
		This contig is unaligned. (973 bp)
		Unaligned bases: 973  total: 36905

CONTIG: NODE_40_length_970_cov_1.86714_ID_3149 (970bp)
		This contig is unaligned. (970 bp)
		Unaligned bases: 970  total: 37875

CONTIG: NODE_41_length_961_cov_0.703837_ID_3151 (961bp)
		This contig is unaligned. (961 bp)
		Unaligned bases: 961  total: 38836

CONTIG: NODE_42_length_948_cov_1.42509_ID_3153 (948bp)
		This contig is unaligned. (948 bp)
		Unaligned bases: 948  total: 39784

CONTIG: NODE_43_length_934_cov_0.826518_ID_3155 (934bp)
		This contig is unaligned. (934 bp)
		Unaligned bases: 934  total: 40718

CONTIG: NODE_44_length_914_cov_1.56417_ID_3157 (914bp)
		This contig is unaligned. (914 bp)
		Unaligned bases: 914  total: 41632

CONTIG: NODE_45_length_902_cov_1.3871_ID_3159 (902bp)
		This contig is unaligned. (902 bp)
		Unaligned bases: 902  total: 42534

CONTIG: NODE_46_length_878_cov_1.249_ID_3161 (878bp)
		This contig is unaligned. (878 bp)
		Unaligned bases: 878  total: 43412

CONTIG: NODE_47_length_874_cov_1.63186_ID_3163 (874bp)
		This contig is unaligned. (874 bp)
		Unaligned bases: 874  total: 44286

CONTIG: NODE_48_length_851_cov_1.73066_ID_3165 (851bp)
		This contig is unaligned. (851 bp)
		Unaligned bases: 851  total: 45137

CONTIG: NODE_49_length_850_cov_0.939142_ID_3167 (850bp)
		This contig is unaligned. (850 bp)
		Unaligned bases: 850  total: 45987

CONTIG: NODE_50_length_835_cov_0.909605_ID_3169 (835bp)
		This contig is unaligned. (835 bp)
		Unaligned bases: 835  total: 46822

CONTIG: NODE_51_length_835_cov_1.51554_ID_3171 (835bp)
		This contig is unaligned. (835 bp)
		Unaligned bases: 835  total: 47657

CONTIG: NODE_52_length_832_cov_1.11489_ID_3173 (832bp)
		This contig is unaligned. (832 bp)
		Unaligned bases: 832  total: 48489

CONTIG: NODE_53_length_818_cov_1.04631_ID_3175 (818bp)
		This contig is unaligned. (818 bp)
		Unaligned bases: 818  total: 49307

CONTIG: NODE_54_length_811_cov_0.672515_ID_3177 (811bp)
		This contig is unaligned. (811 bp)
		Unaligned bases: 811  total: 50118

CONTIG: NODE_55_length_807_cov_0.930882_ID_3179 (807bp)
		This contig is unaligned. (807 bp)
		Unaligned bases: 807  total: 50925

CONTIG: NODE_56_length_805_cov_0.643068_ID_3181 (805bp)
		This contig is unaligned. (805 bp)
		Unaligned bases: 805  total: 51730

CONTIG: NODE_57_length_802_cov_1.24593_ID_3183 (802bp)
		This contig is unaligned. (802 bp)
		Unaligned bases: 802  total: 52532

CONTIG: NODE_58_length_801_cov_1.31454_ID_3185 (801bp)
		This contig is unaligned. (801 bp)
		Unaligned bases: 801  total: 53333

CONTIG: NODE_59_length_792_cov_0.796992_ID_3187 (792bp)
		This contig is unaligned. (792 bp)
		Unaligned bases: 792  total: 54125

CONTIG: NODE_60_length_792_cov_0.87218_ID_3189 (792bp)
		This contig is unaligned. (792 bp)
		Unaligned bases: 792  total: 54917

CONTIG: NODE_61_length_790_cov_0.846154_ID_3191 (790bp)
		This contig is unaligned. (790 bp)
		Unaligned bases: 790  total: 55707

CONTIG: NODE_62_length_765_cov_0.755486_ID_3193 (765bp)
		This contig is unaligned. (765 bp)
		Unaligned bases: 765  total: 56472

CONTIG: NODE_63_length_762_cov_2.4_ID_3195 (762bp)
		This contig is unaligned. (762 bp)
		Unaligned bases: 762  total: 57234

CONTIG: NODE_64_length_761_cov_2.12934_ID_3197 (761bp)
Top Length: 123  Top ID: 97.56
		This contig is partially unaligned. (Aligned 123 out of 761 bases)
		Alignment: 29632 29754 | 1 123 | 123 123 | 97.56 | NC_022356.1_Haemophilus_influenzae_KR494__complete_genome NODE_64_length_761_cov_2.12934_ID_3197
		Unaligned bases: 124 to 761 (638)

CONTIG: NODE_65_length_753_cov_1.23642_ID_3199 (753bp)
		This contig is unaligned. (753 bp)
		Unaligned bases: 753  total: 57987

CONTIG: NODE_66_length_752_cov_1.3696_ID_3201 (752bp)
		This contig is unaligned. (752 bp)
		Unaligned bases: 752  total: 58739

CONTIG: NODE_67_length_748_cov_0.68438_ID_3203 (748bp)
		This contig is unaligned. (748 bp)
		Unaligned bases: 748  total: 59487

CONTIG: NODE_68_length_747_cov_2.03226_ID_3205 (747bp)
		This contig is unaligned. (747 bp)
		Unaligned bases: 747  total: 60234

CONTIG: NODE_69_length_730_cov_0.779436_ID_3207 (730bp)
		This contig is unaligned. (730 bp)
		Unaligned bases: 730  total: 60964

CONTIG: NODE_70_length_730_cov_0.547264_ID_3209 (730bp)
		This contig is unaligned. (730 bp)
		Unaligned bases: 730  total: 61694

CONTIG: NODE_71_length_725_cov_1.08027_ID_3211 (725bp)
		This contig is unaligned. (725 bp)
		Unaligned bases: 725  total: 62419

CONTIG: NODE_72_length_714_cov_1.08688_ID_3213 (714bp)
		This contig is unaligned. (714 bp)
		Unaligned bases: 714  total: 63133

CONTIG: NODE_73_length_711_cov_1.40411_ID_3215 (711bp)
		This contig is unaligned. (711 bp)
		Unaligned bases: 711  total: 63844

CONTIG: NODE_74_length_705_cov_1.20242_ID_3217 (705bp)
		This contig is unaligned. (705 bp)
		Unaligned bases: 705  total: 64549

CONTIG: NODE_75_length_704_cov_1.03472_ID_3219 (704bp)
		This contig is unaligned. (704 bp)
		Unaligned bases: 704  total: 65253

CONTIG: NODE_76_length_702_cov_0.813913_ID_3221 (702bp)
		This contig is unaligned. (702 bp)
		Unaligned bases: 702  total: 65955

CONTIG: NODE_77_length_691_cov_0.757092_ID_3223 (691bp)
		This contig is unaligned. (691 bp)
		Unaligned bases: 691  total: 66646

CONTIG: NODE_78_length_686_cov_1.33989_ID_3225 (686bp)
		This contig is unaligned. (686 bp)
		Unaligned bases: 686  total: 67332

CONTIG: NODE_79_length_686_cov_1.61002_ID_3227 (686bp)
		This contig is unaligned. (686 bp)
		Unaligned bases: 686  total: 68018

CONTIG: NODE_80_length_679_cov_454.15_ID_3229 (679bp)
Top Length: 679  Top ID: 100.0
		Marking as insignificant: 1440526 1440652 | 127 1 | 127 127 | 100.0 | NC_022356.1_Haemophilus_influenzae_KR494__complete_genome NODE_80_length_679_cov_454.15_ID_3229
		Marking as insignificant: 1440217 1440343 | 679 553 | 127 127 | 100.0 | NC_022356.1_Haemophilus_influenzae_KR494__complete_genome NODE_80_length_679_cov_454.15_ID_3229
		This contig has 5 significant alignments. [An ambiguously mapped contig]
		Using only first of these alignment (option --ambiguity-usage is set to "one"):
		Alignment: 182240 182918 | 679 1 | 679 679 | 100.0 | NC_022356.1_Haemophilus_influenzae_KR494__complete_genome NODE_80_length_679_cov_454.15_ID_3229
		Skipping alignment  238531 239209 | 679 1 | 679 679 | 100.0 | NC_022356.1_Haemophilus_influenzae_KR494__complete_genome NODE_80_length_679_cov_454.15_ID_3229
		Skipping alignment  1632099 1632777 | 679 1 | 679 679 | 100.0 | NC_022356.1_Haemophilus_influenzae_KR494__complete_genome NODE_80_length_679_cov_454.15_ID_3229
		Skipping alignment  1665199 1665877 | 679 1 | 679 679 | 100.0 | NC_022356.1_Haemophilus_influenzae_KR494__complete_genome NODE_80_length_679_cov_454.15_ID_3229
		Skipping alignment  1721978 1722656 | 679 1 | 679 679 | 100.0 | NC_022356.1_Haemophilus_influenzae_KR494__complete_genome NODE_80_length_679_cov_454.15_ID_3229

CONTIG: NODE_81_length_676_cov_1.0255_ID_3231 (676bp)
		This contig is unaligned. (676 bp)
		Unaligned bases: 676  total: 68694

CONTIG: NODE_82_length_668_cov_1.52495_ID_3233 (668bp)
		This contig is unaligned. (668 bp)
		Unaligned bases: 668  total: 69362

CONTIG: NODE_83_length_659_cov_1.56579_ID_3235 (659bp)
		This contig is unaligned. (659 bp)
		Unaligned bases: 659  total: 70021

CONTIG: NODE_84_length_655_cov_0.820076_ID_3237 (655bp)
		This contig is unaligned. (655 bp)
		Unaligned bases: 655  total: 70676

CONTIG: NODE_85_length_652_cov_1.21333_ID_3239 (652bp)
		This contig is unaligned. (652 bp)
		Unaligned bases: 652  total: 71328

CONTIG: NODE_86_length_652_cov_1.23429_ID_3241 (652bp)
		This contig is unaligned. (652 bp)
		Unaligned bases: 652  total: 71980

CONTIG: NODE_87_length_648_cov_0.827255_ID_3243 (648bp)
		This contig is unaligned. (648 bp)
		Unaligned bases: 648  total: 72628

CONTIG: NODE_88_length_646_cov_0.88632_ID_3245 (646bp)
		This contig is unaligned. (646 bp)
		Unaligned bases: 646  total: 73274

CONTIG: NODE_89_length_644_cov_0.833656_ID_3247 (644bp)
		This contig is unaligned. (644 bp)
		Unaligned bases: 644  total: 73918

CONTIG: NODE_90_length_644_cov_0.60735_ID_3249 (644bp)
		This contig is unaligned. (644 bp)
		Unaligned bases: 644  total: 74562

CONTIG: NODE_91_length_638_cov_1.63796_ID_3251 (638bp)
		This contig is unaligned. (638 bp)
		Unaligned bases: 638  total: 75200

CONTIG: NODE_92_length_638_cov_1.95108_ID_3253 (638bp)
		This contig is unaligned. (638 bp)
		Unaligned bases: 638  total: 75838

CONTIG: NODE_93_length_637_cov_1.68627_ID_3255 (637bp)
		This contig is unaligned. (637 bp)
		Unaligned bases: 637  total: 76475

CONTIG: NODE_94_length_636_cov_1.26326_ID_3257 (636bp)
		This contig is unaligned. (636 bp)
		Unaligned bases: 636  total: 77111

CONTIG: NODE_95_length_630_cov_2.16071_ID_3259 (630bp)
		This contig is unaligned. (630 bp)
		Unaligned bases: 630  total: 77741

CONTIG: NODE_96_length_628_cov_0.866267_ID_3261 (628bp)
		This contig is unaligned. (628 bp)
		Unaligned bases: 628  total: 78369

CONTIG: NODE_97_length_624_cov_0.432596_ID_3263 (624bp)
		This contig is unaligned. (624 bp)
		Unaligned bases: 624  total: 78993

CONTIG: NODE_98_length_624_cov_1.63581_ID_3265 (624bp)
		This contig is unaligned. (624 bp)
		Unaligned bases: 624  total: 79617

CONTIG: NODE_99_length_620_cov_1.06694_ID_3267 (620bp)
		This contig is unaligned. (620 bp)
		Unaligned bases: 620  total: 80237

CONTIG: NODE_100_length_618_cov_1.51731_ID_3269 (618bp)
		This contig is unaligned. (618 bp)
		Unaligned bases: 618  total: 80855

CONTIG: NODE_101_length_617_cov_0.932653_ID_3271 (617bp)
		This contig is unaligned. (617 bp)
		Unaligned bases: 617  total: 81472

CONTIG: NODE_102_length_613_cov_2.44856_ID_3273 (613bp)
		This contig is unaligned. (613 bp)
		Unaligned bases: 613  total: 82085

CONTIG: NODE_103_length_612_cov_0.91134_ID_3275 (612bp)
		This contig is unaligned. (612 bp)
		Unaligned bases: 612  total: 82697

CONTIG: NODE_104_length_605_cov_1.659_ID_3277 (605bp)
		This contig is unaligned. (605 bp)
		Unaligned bases: 605  total: 83302

CONTIG: NODE_105_length_604_cov_1.52411_ID_3279 (604bp)
		This contig is unaligned. (604 bp)
		Unaligned bases: 604  total: 83906

CONTIG: NODE_106_length_601_cov_1.01055_ID_3281 (601bp)
		This contig is unaligned. (601 bp)
		Unaligned bases: 601  total: 84507

CONTIG: NODE_107_length_598_cov_2.18259_ID_3283 (598bp)
		This contig is unaligned. (598 bp)
		Unaligned bases: 598  total: 85105

CONTIG: NODE_108_length_598_cov_1.11465_ID_3285 (598bp)
		This contig is unaligned. (598 bp)
		Unaligned bases: 598  total: 85703

CONTIG: NODE_109_length_596_cov_1.74414_ID_3287 (596bp)
		This contig is unaligned. (596 bp)
		Unaligned bases: 596  total: 86299

CONTIG: NODE_110_length_593_cov_1.2897_ID_3289 (593bp)
		This contig is unaligned. (593 bp)
		Unaligned bases: 593  total: 86892

CONTIG: NODE_111_length_591_cov_0.931034_ID_3291 (591bp)
		This contig is unaligned. (591 bp)
		Unaligned bases: 591  total: 87483

CONTIG: NODE_112_length_589_cov_1.01299_ID_3293 (589bp)
		This contig is unaligned. (589 bp)
		Unaligned bases: 589  total: 88072

CONTIG: NODE_113_length_588_cov_1.79393_ID_3295 (588bp)
		This contig is unaligned. (588 bp)
		Unaligned bases: 588  total: 88660

CONTIG: NODE_114_length_587_cov_1.17174_ID_3297 (587bp)
		This contig is unaligned. (587 bp)
		Unaligned bases: 587  total: 89247

CONTIG: NODE_115_length_584_cov_0.973742_ID_3299 (584bp)
		This contig is unaligned. (584 bp)
		Unaligned bases: 584  total: 89831

CONTIG: NODE_116_length_583_cov_0.559211_ID_3301 (583bp)
		This contig is unaligned. (583 bp)
		Unaligned bases: 583  total: 90414

CONTIG: NODE_117_length_582_cov_1.14945_ID_3303 (582bp)
		This contig is unaligned. (582 bp)
		Unaligned bases: 582  total: 90996

CONTIG: NODE_118_length_582_cov_1.66374_ID_3305 (582bp)
		This contig is unaligned. (582 bp)
		Unaligned bases: 582  total: 91578

CONTIG: NODE_119_length_582_cov_1.8022_ID_3307 (582bp)
		This contig is unaligned. (582 bp)
		Unaligned bases: 582  total: 92160

CONTIG: NODE_120_length_581_cov_0.936123_ID_3309 (581bp)
		This contig is unaligned. (581 bp)
		Unaligned bases: 581  total: 92741

CONTIG: NODE_121_length_579_cov_1.19469_ID_3311 (579bp)
		This contig is unaligned. (579 bp)
		Unaligned bases: 579  total: 93320

CONTIG: NODE_122_length_575_cov_1.38839_ID_3313 (575bp)
		This contig is unaligned. (575 bp)
		Unaligned bases: 575  total: 93895

CONTIG: NODE_123_length_574_cov_0.653244_ID_3315 (574bp)
		This contig is unaligned. (574 bp)
		Unaligned bases: 574  total: 94469

CONTIG: NODE_124_length_571_cov_0.727477_ID_3317 (571bp)
		This contig is unaligned. (571 bp)
		Unaligned bases: 571  total: 95040

CONTIG: NODE_125_length_571_cov_1.38514_ID_3319 (571bp)
		This contig is unaligned. (571 bp)
		Unaligned bases: 571  total: 95611

CONTIG: NODE_126_length_570_cov_1.2167_ID_3321 (570bp)
		This contig is unaligned. (570 bp)
		Unaligned bases: 570  total: 96181

CONTIG: NODE_127_length_566_cov_0.574032_ID_3323 (566bp)
		This contig is unaligned. (566 bp)
		Unaligned bases: 566  total: 96747

CONTIG: NODE_128_length_565_cov_0.719178_ID_3325 (565bp)
		This contig is unaligned. (565 bp)
		Unaligned bases: 565  total: 97312

CONTIG: NODE_129_length_564_cov_0.887872_ID_3327 (564bp)
		This contig is unaligned. (564 bp)
		Unaligned bases: 564  total: 97876

CONTIG: NODE_130_length_563_cov_1.31193_ID_3329 (563bp)
		This contig is unaligned. (563 bp)
		Unaligned bases: 563  total: 98439

CONTIG: NODE_131_length_557_cov_0.753488_ID_3331 (557bp)
		This contig is unaligned. (557 bp)
		Unaligned bases: 557  total: 98996

CONTIG: NODE_132_length_554_cov_0.651054_ID_3333 (554bp)
		This contig is unaligned. (554 bp)
		Unaligned bases: 554  total: 99550

CONTIG: NODE_133_length_554_cov_2.29274_ID_3335 (554bp)
		This contig is unaligned. (554 bp)
		Unaligned bases: 554  total: 100104

CONTIG: NODE_134_length_553_cov_0.730047_ID_3337 (553bp)
		This contig is unaligned. (553 bp)
		Unaligned bases: 553  total: 100657

CONTIG: NODE_135_length_553_cov_2.15493_ID_3339 (553bp)
		This contig is unaligned. (553 bp)
		Unaligned bases: 553  total: 101210

CONTIG: NODE_136_length_545_cov_1.10287_ID_3341 (545bp)
		This contig is unaligned. (545 bp)
		Unaligned bases: 545  total: 101755

CONTIG: NODE_137_length_544_cov_1.52518_ID_3343 (544bp)
		This contig is unaligned. (544 bp)
		Unaligned bases: 544  total: 102299

CONTIG: NODE_138_length_543_cov_1.01442_ID_3345 (543bp)
		This contig is unaligned. (543 bp)
		Unaligned bases: 543  total: 102842

CONTIG: NODE_139_length_538_cov_1.22384_ID_3347 (538bp)
		This contig is unaligned. (538 bp)
		Unaligned bases: 538  total: 103380

CONTIG: NODE_140_length_538_cov_1.58151_ID_3349 (538bp)
		This contig is unaligned. (538 bp)
		Unaligned bases: 538  total: 103918

CONTIG: NODE_141_length_537_cov_1.29756_ID_3351 (537bp)
		This contig is unaligned. (537 bp)
		Unaligned bases: 537  total: 104455

CONTIG: NODE_142_length_536_cov_0.784841_ID_3353 (536bp)
		This contig is unaligned. (536 bp)
		Unaligned bases: 536  total: 104991

CONTIG: NODE_143_length_536_cov_1.56724_ID_3355 (536bp)
		This contig is unaligned. (536 bp)
		Unaligned bases: 536  total: 105527

CONTIG: NODE_144_length_536_cov_0.723716_ID_3357 (536bp)
		This contig is unaligned. (536 bp)
		Unaligned bases: 536  total: 106063

CONTIG: NODE_145_length_535_cov_1.96814_ID_3359 (535bp)
		This contig is unaligned. (535 bp)
		Unaligned bases: 535  total: 106598

CONTIG: NODE_146_length_535_cov_1.52941_ID_3361 (535bp)
		This contig is unaligned. (535 bp)
		Unaligned bases: 535  total: 107133

CONTIG: NODE_147_length_530_cov_0.759305_ID_3363 (530bp)
		This contig is unaligned. (530 bp)
		Unaligned bases: 530  total: 107663

CONTIG: NODE_148_length_530_cov_1.04467_ID_3365 (530bp)
		This contig is unaligned. (530 bp)
		Unaligned bases: 530  total: 108193

CONTIG: NODE_149_length_521_cov_0.690355_ID_3367 (521bp)
		This contig is unaligned. (521 bp)
		Unaligned bases: 521  total: 108714

CONTIG: NODE_150_length_521_cov_0.718274_ID_3369 (521bp)
		This contig is unaligned. (521 bp)
		Unaligned bases: 521  total: 109235

CONTIG: NODE_151_length_518_cov_1.3555_ID_3371 (518bp)
		This contig is unaligned. (518 bp)
		Unaligned bases: 518  total: 109753

CONTIG: NODE_152_length_516_cov_1.8509_ID_3373 (516bp)
		This contig is unaligned. (516 bp)
		Unaligned bases: 516  total: 110269

CONTIG: NODE_153_length_514_cov_1.25323_ID_3375 (514bp)
		This contig is unaligned. (514 bp)
		Unaligned bases: 514  total: 110783

CONTIG: NODE_154_length_512_cov_0.820779_ID_3377 (512bp)
		This contig is unaligned. (512 bp)
		Unaligned bases: 512  total: 111295

CONTIG: NODE_155_length_510_cov_1.87728_ID_3379 (510bp)
		This contig is unaligned. (510 bp)
		Unaligned bases: 510  total: 111805

CONTIG: NODE_156_length_509_cov_1.08377_ID_3381 (509bp)
		This contig is unaligned. (509 bp)
		Unaligned bases: 509  total: 112314

CONTIG: NODE_157_length_507_cov_1.07632_ID_3383 (507bp)
		This contig is unaligned. (507 bp)
		Unaligned bases: 507  total: 112821

CONTIG: NODE_158_length_507_cov_1.76316_ID_3385 (507bp)
		This contig is unaligned. (507 bp)
		Unaligned bases: 507  total: 113328

CONTIG: NODE_159_length_500_cov_1.3378_ID_3387 (500bp)
		This contig is unaligned. (500 bp)
		Unaligned bases: 500  total: 113828

Analyzing coverage...
Writing SNPs into /data/projects/Assembly/Aroon/reports/spades/GCF_000465255.1_ASM46525v1_genomic/contigs_reports/nucmer_output/M10540_contigs.used_snps
	Reference NC_022356.1_Haemophilus_influenzae_KR494__complete_genome: 35 total alignments. 1 total regions.
		Region: 1 to 1856176 (1856176 bp)
			Align 1: 1 28483 NODE_2_length_311604_cov_175.058_ID_3073 132495 160983
				Gap between this and next alignment: 28483 to 28828 (344 bp)
				Next Alignment: 28828 65767 NODE_2_length_311604_cov_175.058_ID_3073 161271 198226

			Align 2: 28828 65767 NODE_2_length_311604_cov_175.058_ID_3073 161271 198226
				The next alignment (29632 29754 NODE_64_length_761_cov_2.12934_ID_3197 1 123) is redundant. Skipping.
				The next alignment (29751 29871 NODE_36_length_1017_cov_1.18989_ID_3141 898 1017) is redundant. Skipping.
				Gap between this and next alignment: 65767 to 65784 (16 bp)
				Next Alignment: 65784 130774 NODE_2_length_311604_cov_175.058_ID_3073 198227 263257

			Align 5: 65784 130774 NODE_2_length_311604_cov_175.058_ID_3073 198227 263257
				Negative gap (overlap) between this and next alignment: 130774 to 130649 (-125 bp)
				Next Alignment: 130649 178995 NODE_2_length_311604_cov_175.058_ID_3073 263258 311604

			Previous gap was negative, modifying coordinates to ignore overlap
				Moving contig start from 263258 to 263384.
			Align 6: 130775 178995 NODE_2_length_311604_cov_175.058_ID_3073 263384 311604
				Negative gap (overlap) between this and next alignment: 178995 to 178913 (-82 bp)
				Next Alignment: 178913 182366 NODE_9_length_3454_cov_651.898_ID_3087 1 3454

			Previous gap was negative, modifying coordinates to ignore overlap
				Moving contig start from 1 to 84.
			Align 7: 178996 182366 NODE_9_length_3454_cov_651.898_ID_3087 84 3454
				Negative gap (overlap) between this and next alignment: 182366 to 182240 (-126 bp)
				Next Alignment: 182240 182918 NODE_80_length_679_cov_454.15_ID_3229 679 1

			Previous gap was negative, modifying coordinates to ignore overlap
				Moving contig start from 679 to 552.
			Align 8: 182367 182918 NODE_80_length_679_cov_454.15_ID_3229 552 1
				Gap between this and next alignment: 182918 to 184430 (1511 bp)
				Next Alignment: 184430 223813 NODE_5_length_39384_cov_191.579_ID_3079 39384 1

			Align 9: 184430 223813 NODE_5_length_39384_cov_191.579_ID_3079 39384 1
				Negative gap (overlap) between this and next alignment: 223813 to 223687 (-126 bp)
				Next Alignment: 223687 224975 NODE_30_length_1289_cov_321.56_ID_3129 1 1289

			Previous gap was negative, modifying coordinates to ignore overlap
				Moving contig start from 1 to 128.
			Align 10: 223814 224975 NODE_30_length_1289_cov_321.56_ID_3129 128 1289
				Negative gap (overlap) between this and next alignment: 224975 to 224849 (-126 bp)
				Next Alignment: 224849 235286 NODE_8_length_10438_cov_203.443_ID_3085 10438 1

			Previous gap was negative, modifying coordinates to ignore overlap
				Moving contig start from 10438 to 10311.
			Align 11: 224976 235286 NODE_8_length_10438_cov_203.443_ID_3085 10311 1
				Gap between this and next alignment: 235286 to 239083 (3796 bp)
				Next Alignment: 239083 240846 NODE_14_length_1764_cov_620.192_ID_3097 1764 1

			Align 12: 239083 240846 NODE_14_length_1764_cov_620.192_ID_3097 1764 1
				Negative gap (overlap) between this and next alignment: 240846 to 240720 (-126 bp)
				Next Alignment: 240720 266457 NODE_7_length_25738_cov_199.556_ID_3083 25738 1

			Previous gap was negative, modifying coordinates to ignore overlap
				Moving contig start from 25738 to 25611.
			Align 13: 240847 266457 NODE_7_length_25738_cov_199.556_ID_3083 25611 1
				Gap between this and next alignment: 266457 to 267493 (1035 bp)
				Next Alignment: 267493 376123 NODE_1_length_1150417_cov_158.528_ID_3071 1150417 1041755

			Align 14: 267493 376123 NODE_1_length_1150417_cov_158.528_ID_3071 1150417 1041755
				The next alignment (299601 299715 NODE_1_length_1150417_cov_158.528_ID_3071 1041622 1041736) is redundant. Skipping.
				Gap between this and next alignment: 376123 to 377838 (1714 bp)
				Next Alignment: 377838 396140 NODE_1_length_1150417_cov_158.528_ID_3071 1039972 1021645

			Align 16: 377838 396140 NODE_1_length_1150417_cov_158.528_ID_3071 1039972 1021645
				Gap between this and next alignment: 396140 to 396183 (42 bp)
				Next Alignment: 396183 406536 NODE_1_length_1150417_cov_158.528_ID_3071 1021644 1011291

			Align 17: 396183 406536 NODE_1_length_1150417_cov_158.528_ID_3071 1021644 1011291
				Gap between this and next alignment: 406536 to 406639 (102 bp)
				Next Alignment: 406639 407367 NODE_1_length_1150417_cov_158.528_ID_3071 1011290 1010562

			Align 18: 406639 407367 NODE_1_length_1150417_cov_158.528_ID_3071 1011290 1010562
				Gap between this and next alignment: 407367 to 409428 (2060 bp)
				Next Alignment: 409428 637523 NODE_1_length_1150417_cov_158.528_ID_3071 1010561 782466

			Align 19: 409428 637523 NODE_1_length_1150417_cov_158.528_ID_3071 1010561 782466
				The next alignment (469559 469762 NODE_19_length_1496_cov_0.853908_ID_3107 204 1) is redundant. Skipping.
				Gap between this and next alignment: 637523 to 642546 (5022 bp)
				Next Alignment: 642546 844217 NODE_1_length_1150417_cov_158.528_ID_3071 782145 580443

			Align 21: 642546 844217 NODE_1_length_1150417_cov_158.528_ID_3071 782145 580443
				Gap between this and next alignment: 844217 to 848773 (4555 bp)
				Next Alignment: 848773 951728 NODE_1_length_1150417_cov_158.528_ID_3071 580442 477478

			Align 22: 848773 951728 NODE_1_length_1150417_cov_158.528_ID_3071 580442 477478
				Gap between this and next alignment: 951728 to 951738 (9 bp)
				Next Alignment: 951738 1005527 NODE_1_length_1150417_cov_158.528_ID_3071 477477 423680

			Align 23: 951738 1005527 NODE_1_length_1150417_cov_158.528_ID_3071 477477 423680
				Gap between this and next alignment: 1005527 to 1005588 (60 bp)
				Next Alignment: 1005588 1183839 NODE_1_length_1150417_cov_158.528_ID_3071 423679 245410

			Align 24: 1005588 1183839 NODE_1_length_1150417_cov_158.528_ID_3071 423679 245410
				Gap between this and next alignment: 1183839 to 1185903 (2063 bp)
				Next Alignment: 1185903 1211835 NODE_1_length_1150417_cov_158.528_ID_3071 245409 219442

			Align 25: 1185903 1211835 NODE_1_length_1150417_cov_158.528_ID_3071 245409 219442
				Gap between this and next alignment: 1211835 to 1211913 (77 bp)
				Next Alignment: 1211913 1355212 NODE_1_length_1150417_cov_158.528_ID_3071 219441 76110

			Align 26: 1211913 1355212 NODE_1_length_1150417_cov_158.528_ID_3071 219441 76110
				Gap between this and next alignment: 1355212 to 1355245 (32 bp)
				Next Alignment: 1355245 1365136 NODE_1_length_1150417_cov_158.528_ID_3071 76109 66187

			Align 27: 1355245 1365136 NODE_1_length_1150417_cov_158.528_ID_3071 76109 66187
				Gap between this and next alignment: 1365136 to 1370928 (5791 bp)
				Next Alignment: 1370928 1428259 NODE_1_length_1150417_cov_158.528_ID_3071 66186 8843

			Align 28: 1370928 1428259 NODE_1_length_1150417_cov_158.528_ID_3071 66186 8843
				Gap between this and next alignment: 1428259 to 1428292 (32 bp)
				Next Alignment: 1428292 1437016 NODE_1_length_1150417_cov_158.528_ID_3071 8728 1

			Align 29: 1428292 1437016 NODE_1_length_1150417_cov_158.528_ID_3071 8728 1
				Gap between this and next alignment: 1437016 to 1442164 (5147 bp)
				Next Alignment: 1442164 1628854 NODE_3_length_186707_cov_159.146_ID_3075 186707 1

			Align 30: 1442164 1628854 NODE_3_length_186707_cov_159.146_ID_3075 186707 1
				Gap between this and next alignment: 1628854 to 1634288 (5433 bp)
				Next Alignment: 1634288 1661418 NODE_6_length_27201_cov_168.345_ID_3081 1 27131

			Align 31: 1634288 1661418 NODE_6_length_27201_cov_168.345_ID_3081 1 27131
				Gap between this and next alignment: 1661418 to 1667388 (5969 bp)
				Next Alignment: 1667388 1718733 NODE_4_length_51343_cov_177.904_ID_3077 51343 1

			Align 32: 1667388 1718733 NODE_4_length_51343_cov_177.904_ID_3077 51343 1
				Gap between this and next alignment: 1718733 to 1724167 (5433 bp)
				Next Alignment: 1724167 1748738 NODE_2_length_311604_cov_175.058_ID_3073 1 24572

			Align 33: 1724167 1748738 NODE_2_length_311604_cov_175.058_ID_3073 1 24572
				Negative gap (overlap) between this and next alignment: 1748738 to 1748648 (-90 bp)
				Next Alignment: 1748648 1833123 NODE_2_length_311604_cov_175.058_ID_3073 24581 109056

			Previous gap was negative, modifying coordinates to ignore overlap
				Moving contig start from 24581 to 24673.
			Align 34: 1748739 1833123 NODE_2_length_311604_cov_175.058_ID_3073 24673 109056
				Negative gap (overlap) between this and next alignment: 1833123 to 1832843 (-280 bp)
				Next Alignment: 1832843 1856176 NODE_2_length_311604_cov_175.058_ID_3073 109057 132390

			Previous gap was negative, modifying coordinates to ignore overlap
				Moving contig start from 109057 to 109338.
			Align 35: 1833124 1856176 NODE_2_length_311604_cov_175.058_ID_3073 109338 132390
			END in current alignment.  Modifying 1856176 to 1856176.

Analysis is finished!
Founded SNPs were written into /data/projects/Assembly/Aroon/reports/spades/GCF_000465255.1_ASM46525v1_genomic/contigs_reports/nucmer_output/M10540_contigs.used_snps

Results:
	Local Misassemblies: 7
	Misassemblies: 7
		Relocations: 7
		Translocations: 0
		Inversions: 0
	Misassembled Contigs: 1
	Misassembled Contig Bases: 1150417
	Misassemblies Inter-Contig Overlap: 0
Uncovered Regions: 0 (0)
Unaligned Contigs: 144 + 3 part
Partially Unaligned Contigs with Misassemblies: 0
Unaligned Contig Bases: 116655

Ambiguously Mapped Contigs: 4
Total Bases in Ambiguously Mapped Contigs: 7186
Note that --allow-ambiguity option was set to "one" and only first alignment per each contig was used.

	Covered Bases: 1805933

	SNPs: 580
	Insertions: 382
	Deletions: 267

	Positive Gaps: 22
		Internal Gaps:  15
		External Gaps:  7
		External Gap Total:  28324
		External Gap Average: 4046
	Negative Gaps: 8
		Internal Overlaps:  3
		External Overlaps:  5
		External Overlaps Total: -586
		External Overlaps Average: -117
	Contigs with Redundant Alignments: 2 (563)
