/data/home/achande3/bin/quast-3.2/quast.py -o ./quast/M36580 --no-plots  -t 6 --no-snps  --no-check  /data/projects/assembly/aroon/contigs/meta.M36580.fa /data/projects/assembly/aroon/contigs/spades.M36580.fa /data/projects/assembly/aroon/contigs/velvet.M36580.fa /data/projects/assembly/aroon/contigs/abyss.115.M36580.fa

Version: 3.2, build 26.11.2015 18:55

System information:
  OS: Linux-2.6.32-573.12.1.el6.x86_64-x86_64-with-redhat-6.7-Santiago (linux_64)
  Python version: 2.7.11
  CPUs number: 6

Started: 2016-02-18 08:38:23

Logging to /data/projects/assembly/aroon/meta/quast/M36580/quast.log

Main parameters: 
  Threads: 6, minimum contig length: 500, ambiguity: one, threshold for extensive misassembly size: 1000

Contigs:
  1  /data/projects/assembly/aroon/contigs/meta.M36580.fa ==> meta.M36580
  2  /data/projects/assembly/aroon/contigs/spades.M36580.fa ==> spades.M36580
  3  /data/projects/assembly/aroon/contigs/velvet.M36580.fa ==> velvet.M36580
  4  /data/projects/assembly/aroon/contigs/abyss.115.M36580.fa ==> abyss.115.M36580

2016-02-18 08:38:24
Running Basic statistics processor...
  Contig files: 
    1  meta.M36580
    2  spades.M36580
    3  velvet.M36580
    4  abyss.115.M36580
  Calculating N50 and L50...
    1  meta.M36580, N50 = 369054, L50 = 2, Total length = 1834591, GC % = 37.90, # N's per 100 kbp =  0.00
    2  spades.M36580, N50 = 357870, L50 = 3, Total length = 2270439, GC % = 40.66, # N's per 100 kbp =  0.00
    3  velvet.M36580, N50 = 382987, L50 = 2, Total length = 1838710, GC % = 37.90, # N's per 100 kbp =  71.19
    4  abyss.115.M36580, N50 = 293153, L50 = 3, Total length = 1860580, GC % = 37.99, # N's per 100 kbp =  1.88
Done.

NOTICE: Genes are not predicted by default. Use --gene-finding option to enable it.

2016-02-18 08:38:25
RESULTS:
  Text versions of total report are saved to /data/projects/assembly/aroon/meta/quast/M36580/report.txt, report.tsv, and report.tex
  Text versions of transposed total report are saved to /data/projects/assembly/aroon/meta/quast/M36580/transposed_report.txt, transposed_report.tsv, and transposed_report.tex
  HTML version (interactive tables and plots) saved to /data/projects/assembly/aroon/meta/quast/M36580/report.html
  PDF version (tables and plots) saved to /data/projects/assembly/aroon/meta/quast/M36580/report.pdf
  Log saved to /data/projects/assembly/aroon/meta/quast/M36580/quast.log

Finished: 2016-02-18 08:38:25
Elapsed time: 0:00:02.058485
NOTICEs: 1; WARNINGs: 0; non-fatal ERRORs: 0

Thank you for using QUAST!
