/data/home/achande3/bin/quast-3.2/quast.py -o ./quast/M29400 --no-plots  -t 6 --no-snps  --no-check  /data/projects/assembly/aroon/contigs/meta.M29400.fa /data/projects/assembly/aroon/contigs/spades.M29400.fa /data/projects/assembly/aroon/contigs/velvet.M29400.fa /data/projects/assembly/aroon/contigs/abyss.115.M29400.fa

Version: 3.2, build 26.11.2015 18:55

System information:
  OS: Linux-2.6.32-573.12.1.el6.x86_64-x86_64-with-redhat-6.7-Santiago (linux_64)
  Python version: 2.7.11
  CPUs number: 6

Started: 2016-02-18 08:38:10

Logging to /data/projects/assembly/aroon/meta/quast/M29400/quast.log

Main parameters: 
  Threads: 6, minimum contig length: 500, ambiguity: one, threshold for extensive misassembly size: 1000

Contigs:
  1  /data/projects/assembly/aroon/contigs/meta.M29400.fa ==> meta.M29400
  2  /data/projects/assembly/aroon/contigs/spades.M29400.fa ==> spades.M29400
  3  /data/projects/assembly/aroon/contigs/velvet.M29400.fa ==> velvet.M29400
  4  /data/projects/assembly/aroon/contigs/abyss.115.M29400.fa ==> abyss.115.M29400

2016-02-18 08:38:11
Running Basic statistics processor...
  Contig files: 
    1  meta.M29400
    2  spades.M29400
    3  velvet.M29400
    4  abyss.115.M29400
  Calculating N50 and L50...
    1  meta.M29400, N50 = 211015, L50 = 3, Total length = 1896011, GC % = 37.98, # N's per 100 kbp =  0.00
    2  spades.M29400, N50 = 211015, L50 = 3, Total length = 1902624, GC % = 37.97, # N's per 100 kbp =  0.00
    3  velvet.M29400, N50 = 211252, L50 = 3, Total length = 1898628, GC % = 37.96, # N's per 100 kbp =  104.44
    4  abyss.115.M29400, N50 = 158047, L50 = 4, Total length = 1946487, GC % = 38.11, # N's per 100 kbp =  0.00
Done.

NOTICE: Genes are not predicted by default. Use --gene-finding option to enable it.

2016-02-18 08:38:11
RESULTS:
  Text versions of total report are saved to /data/projects/assembly/aroon/meta/quast/M29400/report.txt, report.tsv, and report.tex
  Text versions of transposed total report are saved to /data/projects/assembly/aroon/meta/quast/M29400/transposed_report.txt, transposed_report.tsv, and transposed_report.tex
  HTML version (interactive tables and plots) saved to /data/projects/assembly/aroon/meta/quast/M29400/report.html
  PDF version (tables and plots) saved to /data/projects/assembly/aroon/meta/quast/M29400/report.pdf
  Log saved to /data/projects/assembly/aroon/meta/quast/M29400/quast.log

Finished: 2016-02-18 08:38:11
Elapsed time: 0:00:01.721756
NOTICEs: 1; WARNINGs: 0; non-fatal ERRORs: 0

Thank you for using QUAST!
