/data/home/achande3/bin/quast-3.2/quast.py -o ./quast/M29307 --no-plots  -t 6 --no-snps  --no-check  /data/projects/assembly/aroon/contigs/meta.M29307.fa /data/projects/assembly/aroon/contigs/spades.M29307.fa /data/projects/assembly/aroon/contigs/velvet.M29307.fa /data/projects/assembly/aroon/contigs/abyss.115.M29307.fa

Version: 3.2, build 26.11.2015 18:55

System information:
  OS: Linux-2.6.32-573.12.1.el6.x86_64-x86_64-with-redhat-6.7-Santiago (linux_64)
  Python version: 2.7.11
  CPUs number: 6

Started: 2016-02-18 08:38:04

Logging to /data/projects/assembly/aroon/meta/quast/M29307/quast.log

Main parameters: 
  Threads: 6, minimum contig length: 500, ambiguity: one, threshold for extensive misassembly size: 1000

Contigs:
  1  /data/projects/assembly/aroon/contigs/meta.M29307.fa ==> meta.M29307
  2  /data/projects/assembly/aroon/contigs/spades.M29307.fa ==> spades.M29307
  3  /data/projects/assembly/aroon/contigs/velvet.M29307.fa ==> velvet.M29307
  4  /data/projects/assembly/aroon/contigs/abyss.115.M29307.fa ==> abyss.115.M29307

2016-02-18 08:38:05
Running Basic statistics processor...
  Contig files: 
    1  meta.M29307
    2  spades.M29307
    3  velvet.M29307
    4  abyss.115.M29307
  Calculating N50 and L50...
    1  meta.M29307, N50 = 266488, L50 = 3, Total length = 1831870, GC % = 37.94, # N's per 100 kbp =  0.00
    2  spades.M29307, N50 = 266488, L50 = 3, Total length = 1859524, GC % = 37.92, # N's per 100 kbp =  0.00
    3  velvet.M29307, N50 = 266131, L50 = 3, Total length = 1840667, GC % = 37.90, # N's per 100 kbp =  45.69
    4  abyss.115.M29307, N50 = 267629, L50 = 3, Total length = 1882398, GC % = 38.11, # N's per 100 kbp =  0.00
Done.

NOTICE: Genes are not predicted by default. Use --gene-finding option to enable it.

2016-02-18 08:38:06
RESULTS:
  Text versions of total report are saved to /data/projects/assembly/aroon/meta/quast/M29307/report.txt, report.tsv, and report.tex
  Text versions of transposed total report are saved to /data/projects/assembly/aroon/meta/quast/M29307/transposed_report.txt, transposed_report.tsv, and transposed_report.tex
  HTML version (interactive tables and plots) saved to /data/projects/assembly/aroon/meta/quast/M29307/report.html
  PDF version (tables and plots) saved to /data/projects/assembly/aroon/meta/quast/M29307/report.pdf
  Log saved to /data/projects/assembly/aroon/meta/quast/M29307/quast.log

Finished: 2016-02-18 08:38:06
Elapsed time: 0:00:01.645033
NOTICEs: 1; WARNINGs: 0; non-fatal ERRORs: 0

Thank you for using QUAST!
