/data/home/achande3/bin/quast-3.2/quast.py -o ./quast/M29202 --no-plots  -t 6 --no-snps  --no-check  /data/projects/assembly/aroon/contigs/meta.M29202.fa /data/projects/assembly/aroon/contigs/spades.M29202.fa /data/projects/assembly/aroon/contigs/velvet.M29202.fa /data/projects/assembly/aroon/contigs/abyss.115.M29202.fa

Version: 3.2, build 26.11.2015 18:55

System information:
  OS: Linux-2.6.32-573.12.1.el6.x86_64-x86_64-with-redhat-6.7-Santiago (linux_64)
  Python version: 2.7.11
  CPUs number: 6

Started: 2016-02-18 08:38:00

Logging to /data/projects/assembly/aroon/meta/quast/M29202/quast.log

Main parameters: 
  Threads: 6, minimum contig length: 500, ambiguity: one, threshold for extensive misassembly size: 1000

Contigs:
  1  /data/projects/assembly/aroon/contigs/meta.M29202.fa ==> meta.M29202
  2  /data/projects/assembly/aroon/contigs/spades.M29202.fa ==> spades.M29202
  3  /data/projects/assembly/aroon/contigs/velvet.M29202.fa ==> velvet.M29202
  4  /data/projects/assembly/aroon/contigs/abyss.115.M29202.fa ==> abyss.115.M29202

2016-02-18 08:38:01
Running Basic statistics processor...
  Contig files: 
    1  meta.M29202
    2  spades.M29202
    3  velvet.M29202
    4  abyss.115.M29202
  Calculating N50 and L50...
    1  meta.M29202, N50 = 433561, L50 = 2, Total length = 1900446, GC % = 38.03, # N's per 100 kbp =  11.05
    2  spades.M29202, N50 = 99172, L50 = 8, Total length = 2390035, GC % = 38.03, # N's per 100 kbp =  0.00
    3  velvet.M29202, N50 = 433648, L50 = 2, Total length = 1902243, GC % = 38.03, # N's per 100 kbp =  30.91
    4  abyss.115.M29202, N50 = 220483, L50 = 3, Total length = 1957440, GC % = 38.23, # N's per 100 kbp =  0.00
Done.

NOTICE: Genes are not predicted by default. Use --gene-finding option to enable it.

2016-02-18 08:38:02
RESULTS:
  Text versions of total report are saved to /data/projects/assembly/aroon/meta/quast/M29202/report.txt, report.tsv, and report.tex
  Text versions of transposed total report are saved to /data/projects/assembly/aroon/meta/quast/M29202/transposed_report.txt, transposed_report.tsv, and transposed_report.tex
  HTML version (interactive tables and plots) saved to /data/projects/assembly/aroon/meta/quast/M29202/report.html
  PDF version (tables and plots) saved to /data/projects/assembly/aroon/meta/quast/M29202/report.pdf
  Log saved to /data/projects/assembly/aroon/meta/quast/M29202/quast.log

Finished: 2016-02-18 08:38:02
Elapsed time: 0:00:01.761734
NOTICEs: 1; WARNINGs: 0; non-fatal ERRORs: 0

Thank you for using QUAST!
