Aligning contigs to reference...
	Running Nucmer
Parsing coords...
Loading reference...
	Loaded [NC_022356.1_Haemophilus_influenzae_KR494__complete_genome]
Loading SNPs...
Loading regions...
	No regions given, using whole reference.
	Total Regions: 1
	Total Region Length: 1856176
Analyzing contigs...
CONTIG: NODE_1_length_61020_cov_149.082642 (61146bp)
Top Length: 17353  Top ID: 96.01
		Skipping redundant alignment 1370928 1374754 | 3802 7627 | 3827 3826 | 95.26 | NC_022356.1_Haemophilus_influenzae_KR494__complete_genome NODE_1_length_61020_cov_149.082642
		Skipping redundant alignment 1011293 1012159 | 12423 11557 | 867 867 | 95.16 | NC_022356.1_Haemophilus_influenzae_KR494__complete_genome NODE_1_length_61020_cov_149.082642
		Skipping redundant alignment 857193 857270 | 38996 38919 | 78 78 | 100.0 | NC_022356.1_Haemophilus_influenzae_KR494__complete_genome NODE_1_length_61020_cov_149.082642
		Skipping redundant alignment 1735957 1736034 | 38919 38996 | 78 78 | 100.0 | NC_022356.1_Haemophilus_influenzae_KR494__complete_genome NODE_1_length_61020_cov_149.082642
		Skipping redundant alignment 1661690 1661769 | 60620 60699 | 80 80 | 98.75 | NC_022356.1_Haemophilus_influenzae_KR494__complete_genome NODE_1_length_61020_cov_149.082642
		This contig is misassembled. 11 total aligns.
			Real Alignment 1: 1361404 1368969 | 68 7633 | 7566 7566 | 95.82 | NC_022356.1_Haemophilus_influenzae_KR494__complete_genome NODE_1_length_61020_cov_149.082642
			  Extensive misassembly ( relocation, inconsistency = 6275 ) between these two alignments
			Real Alignment 2: 1375338 1380047 | 7727 12435 | 4710 4709 | 95.65 | NC_022356.1_Haemophilus_influenzae_KR494__complete_genome NODE_1_length_61020_cov_149.082642
			  Overlap between these two alignments (local misassembly). Inconsistency = -712 
			Real Alignment 3: 1389815 1407146 | 22915 40267 | 17332 17353 | 96.01 | NC_022356.1_Haemophilus_influenzae_KR494__complete_genome NODE_1_length_61020_cov_149.082642
			  Gap between these two alignments (local misassembly). Inconsistency = 714 
			Real Alignment 4: 1407929 1420801 | 40336 53178 | 12873 12843 | 96.23 | NC_022356.1_Haemophilus_influenzae_KR494__complete_genome NODE_1_length_61020_cov_149.082642
			  Extensive misassembly ( relocation, inconsistency = 7615 ) between these two alignments
			Real Alignment 5: 1431646 1435748 | 56408 60525 | 4103 4118 | 95.68 | NC_022356.1_Haemophilus_influenzae_KR494__complete_genome NODE_1_length_61020_cov_149.082642
			  Extensive misassembly ( relocation, inconsistency = 225925 ) between these two alignments
			Real Alignment 6: 1661769 1661910 | 60621 60765 | 142 145 | 95.86 | NC_022356.1_Haemophilus_influenzae_KR494__complete_genome NODE_1_length_61020_cov_149.082642

CONTIG: NODE_2_length_27589_cov_169.095764 (27715bp)
Top Length: 18526  Top ID: 96.2
		Skipping redundant alignment 178913 179038 | 126 1 | 126 126 | 97.62 | NC_022356.1_Haemophilus_influenzae_KR494__complete_genome NODE_2_length_27589_cov_169.095764
		Skipping redundant alignment 235204 235329 | 126 1 | 126 126 | 97.62 | NC_022356.1_Haemophilus_influenzae_KR494__complete_genome NODE_2_length_27589_cov_169.095764
		Skipping redundant alignment 1436890 1437015 | 126 1 | 126 126 | 97.62 | NC_022356.1_Haemophilus_influenzae_KR494__complete_genome NODE_2_length_27589_cov_169.095764
		Skipping redundant alignment 1628772 1628897 | 126 1 | 126 126 | 97.62 | NC_022356.1_Haemophilus_influenzae_KR494__complete_genome NODE_2_length_27589_cov_169.095764
		Skipping redundant alignment 1718651 1718776 | 126 1 | 126 126 | 97.62 | NC_022356.1_Haemophilus_influenzae_KR494__complete_genome NODE_2_length_27589_cov_169.095764
		Skipping redundant alignment 1661769 1661893 | 125 1 | 125 125 | 97.6 | NC_022356.1_Haemophilus_influenzae_KR494__complete_genome NODE_2_length_27589_cov_169.095764
		Skipping redundant alignment 1724296 1724375 | 11965 11886 | 80 80 | 100.0 | NC_022356.1_Haemophilus_influenzae_KR494__complete_genome NODE_2_length_27589_cov_169.095764
		Skipping redundant alignment 184560 184683 | 27715 27590 | 124 126 | 97.62 | NC_022356.1_Haemophilus_influenzae_KR494__complete_genome NODE_2_length_27589_cov_169.095764
		Skipping redundant alignment 1667518 1667641 | 27715 27590 | 124 126 | 97.62 | NC_022356.1_Haemophilus_influenzae_KR494__complete_genome NODE_2_length_27589_cov_169.095764
		Skipping redundant alignment 240850 240942 | 27715 27622 | 93 94 | 98.94 | NC_022356.1_Haemophilus_influenzae_KR494__complete_genome NODE_2_length_27589_cov_169.095764
		This contig is misassembled. 14 total aligns.
			Real Alignment 1: 1661565 1661769 | 251 47 | 205 205 | 98.05 | NC_022356.1_Haemophilus_influenzae_KR494__complete_genome NODE_2_length_27589_cov_169.095764
			  Extensive misassembly ( relocation, inconsistency = -87223 ) between these two alignments
			Real Alignment 2: 1748658 1748742 | 381 297 | 85 85 | 100.0 | NC_022356.1_Haemophilus_influenzae_KR494__complete_genome NODE_2_length_27589_cov_169.095764
			  Extensive misassembly ( relocation, inconsistency = 87648 ) between these two alignments
			Real Alignment 3: 1652990 1660757 | 8396 634 | 7768 7763 | 95.17 | NC_022356.1_Haemophilus_influenzae_KR494__complete_genome NODE_2_length_27589_cov_169.095764
			  Overlap between these two alignments (local misassembly). Inconsistency = -765 
			Real Alignment 4: 1634418 1652961 | 27715 9190 | 18544 18526 | 96.2 | NC_022356.1_Haemophilus_influenzae_KR494__complete_genome NODE_2_length_27589_cov_169.095764

CONTIG: NODE_3_length_179628_cov_156.746414 (179754bp)
Top Length: 23582  Top ID: 97.31
		Skipping redundant alignment 240818 240952 | 1 136 | 135 136 | 97.79 | NC_022356.1_Haemophilus_influenzae_KR494__complete_genome NODE_3_length_179628_cov_156.746414
		Skipping redundant alignment 1769906 1769984 | 143283 143205 | 79 79 | 100.0 | NC_022356.1_Haemophilus_influenzae_KR494__complete_genome NODE_3_length_179628_cov_156.746414
			Skipping redundant alignments after choosing the best set of alignments
		Skipping redundant alignment 1661690 1661769 | 179212 179291 | 80 80 | 98.75 | NC_022356.1_Haemophilus_influenzae_KR494__complete_genome NODE_3_length_179628_cov_156.746414
		This contig is misassembled. 17 total aligns.
			Warning! This contig is more unaligned than misassembled. Contig length is 179754 and total length of all aligns is 45307
		Alignment: 1634386 1634528 | 1 144 | 143 144 | 95.83 | NC_022356.1_Haemophilus_influenzae_KR494__complete_genome NODE_3_length_179628_cov_156.746414
		Alignment: 1449257 1454916 | 6651 12309 | 5660 5659 | 96.19 | NC_022356.1_Haemophilus_influenzae_KR494__complete_genome NODE_3_length_179628_cov_156.746414
		Alignment: 1529766 1553345 | 12426 36007 | 23580 23582 | 97.31 | NC_022356.1_Haemophilus_influenzae_KR494__complete_genome NODE_3_length_179628_cov_156.746414
		Alignment: 1805151 1805249 | 55005 55103 | 99 99 | 100.0 | NC_022356.1_Haemophilus_influenzae_KR494__complete_genome NODE_3_length_179628_cov_156.746414
		Alignment: 1575766 1577563 | 56851 58648 | 1798 1798 | 96.77 | NC_022356.1_Haemophilus_influenzae_KR494__complete_genome NODE_3_length_179628_cov_156.746414
		Alignment: 864429 865420 | 91618 90628 | 992 991 | 96.07 | NC_022356.1_Haemophilus_influenzae_KR494__complete_genome NODE_3_length_179628_cov_156.746414
		Alignment: 860657 863633 | 94598 91622 | 2977 2977 | 95.2 | NC_022356.1_Haemophilus_influenzae_KR494__complete_genome NODE_3_length_179628_cov_156.746414
		Alignment: 1735955 1736036 | 98020 98101 | 82 82 | 100.0 | NC_022356.1_Haemophilus_influenzae_KR494__complete_genome NODE_3_length_179628_cov_156.746414
		Alignment: 1736037 1736129 | 98205 98297 | 93 93 | 98.92 | NC_022356.1_Haemophilus_influenzae_KR494__complete_genome NODE_3_length_179628_cov_156.746414
		Alignment: 1736060 1736297 | 143091 143327 | 238 237 | 97.48 | NC_022356.1_Haemophilus_influenzae_KR494__complete_genome NODE_3_length_179628_cov_156.746414
		Alignment: 1472471 1480723 | 159096 150845 | 8253 8252 | 95.26 | NC_022356.1_Haemophilus_influenzae_KR494__complete_genome NODE_3_length_179628_cov_156.746414
		Alignment: 893231 894215 | 160087 159106 | 985 982 | 96.75 | NC_022356.1_Haemophilus_influenzae_KR494__complete_genome NODE_3_length_179628_cov_156.746414
		Alignment: 889053 889330 | 172807 172530 | 278 278 | 96.04 | NC_022356.1_Haemophilus_influenzae_KR494__complete_genome NODE_3_length_179628_cov_156.746414
		Alignment: 1661769 1661901 | 179213 179345 | 133 133 | 96.24 | NC_022356.1_Haemophilus_influenzae_KR494__complete_genome NODE_3_length_179628_cov_156.746414
		Unaligned bases: 134447
		This contig has both significant aligned and unaligned parts (of length >= min-contig)!
CONTIG: NODE_4_length_5921_cov_282.400604 (6047bp)
		This contig is unaligned. (6047 bp)
		Unaligned bases: 6047  total: 6047

CONTIG: NODE_5_length_444826_cov_179.227036 (444952bp)
Top Length: 38820  Top ID: 95.11
		Skipping redundant alignment 184576 184715 | 1 142 | 140 142 | 97.89 | NC_022356.1_Haemophilus_influenzae_KR494__complete_genome NODE_5_length_444826_cov_179.227036
		Skipping redundant alignment 1634434 1634541 | 1 110 | 108 110 | 98.18 | NC_022356.1_Haemophilus_influenzae_KR494__complete_genome NODE_5_length_444826_cov_179.227036
		Skipping redundant alignment 240866 240942 | 1 78 | 77 78 | 98.72 | NC_022356.1_Haemophilus_influenzae_KR494__complete_genome NODE_5_length_444826_cov_179.227036
		Skipping redundant alignment 1572512 1572610 | 107766 107668 | 99 99 | 100.0 | NC_022356.1_Haemophilus_influenzae_KR494__complete_genome NODE_5_length_444826_cov_179.227036
		Skipping redundant alignment 856872 856950 | 159624 159702 | 79 79 | 100.0 | NC_022356.1_Haemophilus_influenzae_KR494__complete_genome NODE_5_length_444826_cov_179.227036
		Skipping redundant alignment 1736174 1736252 | 159702 159624 | 79 79 | 100.0 | NC_022356.1_Haemophilus_influenzae_KR494__complete_genome NODE_5_length_444826_cov_179.227036
		Skipping redundant alignment 75771 75851 | 326536 326616 | 81 81 | 100.0 | NC_022356.1_Haemophilus_influenzae_KR494__complete_genome NODE_5_length_444826_cov_179.227036
		Skipping redundant alignment 75775 75855 | 326536 326616 | 81 81 | 100.0 | NC_022356.1_Haemophilus_influenzae_KR494__complete_genome NODE_5_length_444826_cov_179.227036
		Skipping redundant alignment 406579 406768 | 381675 381486 | 190 190 | 97.37 | NC_022356.1_Haemophilus_influenzae_KR494__complete_genome NODE_5_length_444826_cov_179.227036
		Skipping redundant alignment 406167 406475 | 381985 381677 | 309 309 | 97.09 | NC_022356.1_Haemophilus_influenzae_KR494__complete_genome NODE_5_length_444826_cov_179.227036
		Skipping redundant alignment 299642 299725 | 435117 435203 | 84 87 | 96.55 | NC_022356.1_Haemophilus_influenzae_KR494__complete_genome NODE_5_length_444826_cov_179.227036
		Skipping redundant alignment 1667534 1667673 | 444952 444811 | 140 142 | 97.18 | NC_022356.1_Haemophilus_influenzae_KR494__complete_genome NODE_5_length_444826_cov_179.227036
		Skipping redundant alignment 1634434 1634541 | 444952 444843 | 108 110 | 98.18 | NC_022356.1_Haemophilus_influenzae_KR494__complete_genome NODE_5_length_444826_cov_179.227036
		Skipping redundant alignment 240866 240942 | 444952 444875 | 77 78 | 98.72 | NC_022356.1_Haemophilus_influenzae_KR494__complete_genome NODE_5_length_444826_cov_179.227036
			Skipping redundant alignments which significantly overlap with adjacent alignments
		Skipping redundant alignment 1832618 1833123 | 80080 79566 | 506 515 | 96.32 | NC_022356.1_Haemophilus_influenzae_KR494__complete_genome NODE_5_length_444826_cov_179.227036
		This contig is misassembled. 56 total aligns.
			Real Alignment 1: 1667534 1676174 | 1 8646 | 8641 8646 | 95.44 | NC_022356.1_Haemophilus_influenzae_KR494__complete_genome NODE_5_length_444826_cov_179.227036
			  Extensive misassembly ( relocation, inconsistency = -1619547 ) between these two alignments
			Real Alignment 2: 57970 70645 | 22660 9989 | 12676 12672 | 97.31 | NC_022356.1_Haemophilus_influenzae_KR494__complete_genome NODE_5_length_444826_cov_179.227036
			  Extensive misassembly ( relocation, inconsistency = 24290 ) between these two alignments
			Real Alignment 3: 16783 25801 | 39564 30539 | 9019 9026 | 95.44 | NC_022356.1_Haemophilus_influenzae_KR494__complete_genome NODE_5_length_444826_cov_179.227036
			  Extensive misassembly ( relocation, inconsistency = -1856079 ) between these two alignments
			Real Alignment 4: 1832567 1856176 | 79840 56250 | 23610 23591 | 95.97 | NC_022356.1_Haemophilus_influenzae_KR494__complete_genome NODE_5_length_444826_cov_179.227036
			  Overlap between these two alignments (local misassembly). Inconsistency = -573 
			Real Alignment 5: 1805057 1833139 | 107860 79841 | 28083 28020 | 95.74 | NC_022356.1_Haemophilus_influenzae_KR494__complete_genome NODE_5_length_444826_cov_179.227036
			  Extensive misassembly ( relocation, inconsistency = 1684305 ) between these two alignments
			Real Alignment 6: 115163 118143 | 113450 110469 | 2981 2982 | 95.84 | NC_022356.1_Haemophilus_influenzae_KR494__complete_genome NODE_5_length_444826_cov_179.227036
			  Extensive misassembly ( relocation, inconsistency = -5420 ) between these two alignments
			Excluding internal overlap of size 38 between Alignment 7 and 8:  107320 115163 | 126714 118870 | 7844 7845 --> 107358 115163 | 126676 118870 | 7806 7807
			Real Alignment 7: 107358 115163 | 126676 118870 | 7806 7807 | 96.25 | NC_022356.1_Haemophilus_influenzae_KR494__complete_genome NODE_5_length_444826_cov_179.227036
			  Gap between these two alignments (local misassembly). Inconsistency = 184 
			Real Alignment 8: 96985 107173 | 136866 126677 | 10189 10190 | 96.53 | NC_022356.1_Haemophilus_influenzae_KR494__complete_genome NODE_5_length_444826_cov_179.227036
			  Extensive misassembly ( relocation, inconsistency = 12230 ) between these two alignments
			Real Alignment 9: 120757 123992 | 138220 141455 | 3236 3236 | 95.86 | NC_022356.1_Haemophilus_influenzae_KR494__complete_genome NODE_5_length_444826_cov_179.227036
			  Extensive misassembly ( relocation, inconsistency = 1627745 ) between these two alignments
			Real Alignment 10: 1751831 1755485 | 141549 145203 | 3655 3655 | 95.57 | NC_022356.1_Haemophilus_influenzae_KR494__complete_genome NODE_5_length_444826_cov_179.227036
			  Overlap between these two alignments (local misassembly). Inconsistency = -4 
			Excluding internal overlap of size 34 between Alignment 11 and 12:  1755605 1772545 | 145327 162239 | 16941 16913 --> 1755605 1772511 | 145327 162205 | 16907 16879
			Real Alignment 11: 1755605 1772511 | 145327 162205 | 16907 16879 | 96.03 | NC_022356.1_Haemophilus_influenzae_KR494__complete_genome NODE_5_length_444826_cov_179.227036
			  Overlap between these two alignments (local misassembly). Inconsistency = -138 
			Excluding internal overlap of size 8 between Alignment 12 and 13:  1794976 1805064 | 184023 194117 | 10089 10095 --> 1794984 1805064 | 184031 194117 | 10081 10087
			Real Alignment 12: 1772374 1794221 | 162206 184030 | 21848 21825 | 95.65 | NC_022356.1_Haemophilus_influenzae_KR494__complete_genome NODE_5_length_444826_cov_179.227036
			  Gap between these two alignments (local misassembly). Inconsistency = 762 
			Real Alignment 13: 1794984 1805064 | 184031 194117 | 10081 10087 | 96.77 | NC_022356.1_Haemophilus_influenzae_KR494__complete_genome NODE_5_length_444826_cov_179.227036
			  Extensive misassembly ( relocation, inconsistency = -1684807 ) between these two alignments
			Real Alignment 14: 120757 120837 | 194617 194697 | 81 81 | 100.0 | NC_022356.1_Haemophilus_influenzae_KR494__complete_genome NODE_5_length_444826_cov_179.227036
			  Extensive misassembly ( relocation, inconsistency = -82034 ) between these two alignments
			Real Alignment 15: 46211 57013 | 212914 202105 | 10803 10810 | 95.87 | NC_022356.1_Haemophilus_influenzae_KR494__complete_genome NODE_5_length_444826_cov_179.227036
			  Extensive misassembly ( relocation, inconsistency = -416532 ) between these two alignments
			Real Alignment 16: 446488 451383 | 229166 224274 | 4896 4893 | 95.34 | NC_022356.1_Haemophilus_influenzae_KR494__complete_genome NODE_5_length_444826_cov_179.227036
			  Extensive misassembly ( relocation, inconsistency = -334150 ) between these two alignments
			Real Alignment 17: 142321 153947 | 254254 265880 | 11627 11627 | 97.19 | NC_022356.1_Haemophilus_influenzae_KR494__complete_genome NODE_5_length_444826_cov_179.227036
			  Extensive misassembly ( relocation, inconsistency = 170930 ) between these two alignments
			Real Alignment 18: 326201 365086 | 306023 267204 | 38886 38820 | 95.11 | NC_022356.1_Haemophilus_influenzae_KR494__complete_genome NODE_5_length_444826_cov_179.227036
			  Gap between these two alignments (local misassembly). Inconsistency = 134 
			Real Alignment 19: 320620 326056 | 311469 306034 | 5437 5436 | 95.29 | NC_022356.1_Haemophilus_influenzae_KR494__complete_genome NODE_5_length_444826_cov_179.227036
			  Extensive misassembly ( relocation, inconsistency = -265356 ) between these two alignments
			Real Alignment 20: 75766 75847 | 326535 326616 | 82 82 | 100.0 | NC_022356.1_Haemophilus_influenzae_KR494__complete_genome NODE_5_length_444826_cov_179.227036
			  Extensive misassembly ( relocation, inconsistency = 123499 ) between these two alignments
			Real Alignment 21: 204046 211933 | 331316 339198 | 7888 7883 | 97.45 | NC_022356.1_Haemophilus_influenzae_KR494__complete_genome NODE_5_length_444826_cov_179.227036
			  Extensive misassembly ( relocation, inconsistency = 38498 ) between these two alignments
			Real Alignment 22: 252791 253180 | 341947 341558 | 390 390 | 95.13 | NC_022356.1_Haemophilus_influenzae_KR494__complete_genome NODE_5_length_444826_cov_179.227036
			  Extensive misassembly ( relocation, inconsistency = -41252 ) between these two alignments
			Real Alignment 23: 211935 220591 | 341954 350611 | 8657 8658 | 95.51 | NC_022356.1_Haemophilus_influenzae_KR494__complete_genome NODE_5_length_444826_cov_179.227036
			  Overlap between these two alignments (local misassembly). Inconsistency = -624 
			Excluding internal overlap of size 1278 between Alignment 24 and 25:  220829 224976 | 351473 355631 | 4148 4159 --> 220829 223698 | 351473 354353 | 2870 2881
			Real Alignment 24: 220829 223698 | 351473 354353 | 2870 2881 | 95.5 | NC_022356.1_Haemophilus_influenzae_KR494__complete_genome NODE_5_length_444826_cov_179.227036
			  Extensive misassembly ( relocation, inconsistency = 36920 ) between these two alignments
			Real Alignment 25: 260619 267606 | 361327 354354 | 6988 6974 | 96.25 | NC_022356.1_Haemophilus_influenzae_KR494__complete_genome NODE_5_length_444826_cov_179.227036
			  Extensive misassembly ( relocation, inconsistency = 3111 ) between these two alignments
			Real Alignment 26: 250728 252791 | 368108 366044 | 2064 2065 | 95.35 | NC_022356.1_Haemophilus_influenzae_KR494__complete_genome NODE_5_length_444826_cov_179.227036
			  Extensive misassembly ( relocation, inconsistency = 43923 ) between these two alignments
			Real Alignment 27: 300448 304024 | 371842 375416 | 3577 3575 | 95.55 | NC_022356.1_Haemophilus_influenzae_KR494__complete_genome NODE_5_length_444826_cov_179.227036
			  Extensive misassembly ( relocation, inconsistency = -1873 ) between these two alignments
			Real Alignment 28: 304032 306629 | 377297 379880 | 2598 2584 | 95.73 | NC_022356.1_Haemophilus_influenzae_KR494__complete_genome NODE_5_length_444826_cov_179.227036
			  Gap between these two alignments (local misassembly). Inconsistency = 199 
			Real Alignment 29: 306829 309052 | 379881 382113 | 2224 2233 | 95.7 | NC_022356.1_Haemophilus_influenzae_KR494__complete_genome NODE_5_length_444826_cov_179.227036
			  Extensive misassembly ( relocation, inconsistency = 96763 ) between these two alignments
			Real Alignment 30: 412602 418654 | 394957 388900 | 6053 6058 | 95.68 | NC_022356.1_Haemophilus_influenzae_KR494__complete_genome NODE_5_length_444826_cov_179.227036
			  Extensive misassembly ( relocation, inconsistency = -1318 ) between these two alignments
			Excluding internal overlap of size 2037 between Alignment 31 and 32:  406540 409415 | 400298 397401 | 2876 2898 --> 406540 407378 | 400298 399438 | 839 861
			Real Alignment 31: 409428 412566 | 399437 396311 | 3139 3127 | 97.29 | NC_022356.1_Haemophilus_influenzae_KR494__complete_genome NODE_5_length_444826_cov_179.227036
			  Extensive misassembly ( relocation, inconsistency = 2049 ) between these two alignments
			Excluding internal overlap of size 99 between Alignment 32 and 33:  406167 406536 | 400569 400200 | 370 370 --> 406167 406437 | 400569 400299 | 271 271
			Real Alignment 32: 406540 407378 | 400298 399438 | 839 861 | 97.18 | NC_022356.1_Haemophilus_influenzae_KR494__complete_genome NODE_5_length_444826_cov_179.227036
			  Gap between these two alignments (local misassembly). Inconsistency = 102 
			Real Alignment 33: 406167 406437 | 400569 400299 | 271 271 | 98.92 | NC_022356.1_Haemophilus_influenzae_KR494__complete_genome NODE_5_length_444826_cov_179.227036
			  Extensive misassembly ( relocation, inconsistency = -20408 ) between these two alignments
			Real Alignment 34: 418539 420441 | 408606 406703 | 1903 1904 | 96.22 | NC_022356.1_Haemophilus_influenzae_KR494__complete_genome NODE_5_length_444826_cov_179.227036
			  Extensive misassembly ( relocation, inconsistency = 6868 ) between these two alignments
			Excluding internal overlap of size 141 between Alignment 35 and 36:  411435 411670 | 408842 408607 | 236 236 --> 411576 411670 | 408701 408607 | 95 95
			Real Alignment 35: 411576 411670 | 408701 408607 | 95 95 | 98.73 | NC_022356.1_Haemophilus_influenzae_KR494__complete_genome NODE_5_length_444826_cov_179.227036
			  Extensive misassembly ( relocation, inconsistency = 5427 ) between these two alignments
			Excluding internal overlap of size 5 between Alignment 36 and 37:  404181 406148 | 410681 408702 | 1968 1980 --> 404186 406148 | 410676 408702 | 1963 1975
			Real Alignment 36: 404186 406148 | 410676 408702 | 1963 1975 | 95.71 | NC_022356.1_Haemophilus_influenzae_KR494__complete_genome NODE_5_length_444826_cov_179.227036
			  Gap between these two alignments (local misassembly). Inconsistency = 496 
			Excluding internal overlap of size 45 between Alignment 37 and 38:  377504 388664 | 433696 422518 | 11161 11179 --> 377504 388619 | 433696 422563 | 11116 11134
			Real Alignment 37: 391728 403689 | 422562 410677 | 11962 11886 | 95.4 | NC_022356.1_Haemophilus_influenzae_KR494__complete_genome NODE_5_length_444826_cov_179.227036
			  Extensive misassembly ( relocation, inconsistency = 3108 ) between these two alignments
			Real Alignment 38: 377504 388619 | 433696 422563 | 11116 11134 | 96.35 | NC_022356.1_Haemophilus_influenzae_KR494__complete_genome NODE_5_length_444826_cov_179.227036
			  Extensive misassembly ( relocation, inconsistency = -90346 ) between these two alignments
			Real Alignment 39: 299601 299715 | 435024 435138 | 115 115 | 98.26 | NC_022356.1_Haemophilus_influenzae_KR494__complete_genome NODE_5_length_444826_cov_179.227036
			  Extensive misassembly ( relocation, inconsistency = 69214 ) between these two alignments
			Real Alignment 40: 368948 376123 | 442332 435157 | 7176 7176 | 97.46 | NC_022356.1_Haemophilus_influenzae_KR494__complete_genome NODE_5_length_444826_cov_179.227036
			  Extensive misassembly ( relocation, inconsistency = 181753 ) between these two alignments
			Real Alignment 41: 184576 187184 | 444952 442343 | 2609 2610 | 97.4 | NC_022356.1_Haemophilus_influenzae_KR494__complete_genome NODE_5_length_444826_cov_179.227036

CONTIG: NODE_6_length_842_cov_765.074829 (968bp)
Top Length: 968  Top ID: 98.66
		This contig has 6 significant alignments. [An ambiguously mapped contig]
		Using only first of these alignment (option --ambiguity-usage is set to "one"):
		Alignment: 182792 183759 | 1 968 | 968 968 | 98.66 | NC_022356.1_Haemophilus_influenzae_KR494__complete_genome NODE_6_length_842_cov_765.074829
		Skipping alignment  239083 240050 | 1 968 | 968 968 | 98.66 | NC_022356.1_Haemophilus_influenzae_KR494__complete_genome NODE_6_length_842_cov_765.074829
		Skipping alignment  1440526 1441493 | 1 968 | 968 968 | 98.66 | NC_022356.1_Haemophilus_influenzae_KR494__complete_genome NODE_6_length_842_cov_765.074829
		Skipping alignment  1632651 1633618 | 1 968 | 968 968 | 98.66 | NC_022356.1_Haemophilus_influenzae_KR494__complete_genome NODE_6_length_842_cov_765.074829
		Skipping alignment  1665751 1666718 | 1 968 | 968 968 | 98.66 | NC_022356.1_Haemophilus_influenzae_KR494__complete_genome NODE_6_length_842_cov_765.074829
		Skipping alignment  1722530 1723497 | 1 968 | 968 968 | 98.66 | NC_022356.1_Haemophilus_influenzae_KR494__complete_genome NODE_6_length_842_cov_765.074829

CONTIG: NODE_7_length_666_cov_698.303284 (792bp)
Top Length: 792  Top ID: 97.6
		This contig has 6 significant alignments. [An ambiguously mapped contig]
		Using only first of these alignment (option --ambiguity-usage is set to "one"):
		Alignment: 1441368 1442158 | 792 1 | 791 792 | 97.6 | NC_022356.1_Haemophilus_influenzae_KR494__complete_genome NODE_7_length_666_cov_698.303284
		Skipping alignment  183634 184424 | 792 1 | 791 792 | 97.47 | NC_022356.1_Haemophilus_influenzae_KR494__complete_genome NODE_7_length_666_cov_698.303284
		Skipping alignment  239925 240714 | 792 2 | 790 791 | 97.47 | NC_022356.1_Haemophilus_influenzae_KR494__complete_genome NODE_7_length_666_cov_698.303284
		Skipping alignment  1633493 1634282 | 792 2 | 790 791 | 97.47 | NC_022356.1_Haemophilus_influenzae_KR494__complete_genome NODE_7_length_666_cov_698.303284
		Skipping alignment  1666593 1667382 | 792 2 | 790 791 | 97.47 | NC_022356.1_Haemophilus_influenzae_KR494__complete_genome NODE_7_length_666_cov_698.303284
		Skipping alignment  1723372 1724161 | 792 2 | 790 791 | 97.47 | NC_022356.1_Haemophilus_influenzae_KR494__complete_genome NODE_7_length_666_cov_698.303284

CONTIG: NODE_10_length_50905_cov_184.963623 (51031bp)
Top Length: 12067  Top ID: 95.23
		Skipping redundant alignment 1661690 1661769 | 126 47 | 80 80 | 98.75 | NC_022356.1_Haemophilus_influenzae_KR494__complete_genome NODE_10_length_50905_cov_184.963623
		This contig is misassembled. 9 total aligns.
			Real Alignment 1: 1661769 1661893 | 125 1 | 125 125 | 97.6 | NC_022356.1_Haemophilus_influenzae_KR494__complete_genome NODE_10_length_50905_cov_184.963623
			  Extensive misassembly ( relocation, inconsistency = -1404789 ) between these two alignments
			Real Alignment 2: 266331 267144 | 9352 10165 | 814 814 | 97.54 | NC_022356.1_Haemophilus_influenzae_KR494__complete_genome NODE_10_length_50905_cov_184.963623
			  Overlap between these two alignments (local misassembly). Inconsistency = -434 
			Real Alignment 3: 267872 279936 | 11327 23393 | 12065 12067 | 95.23 | NC_022356.1_Haemophilus_influenzae_KR494__complete_genome NODE_10_length_50905_cov_184.963623
			  Gap between these two alignments (local misassembly). Inconsistency = 838 
			Real Alignment 4: 291816 291880 | 34435 34499 | 65 65 | 100.0 | NC_022356.1_Haemophilus_influenzae_KR494__complete_genome NODE_10_length_50905_cov_184.963623
			  Overlap between these two alignments (local misassembly). Inconsistency = -240 
			Real Alignment 5: 291872 296250 | 34731 39136 | 4379 4406 | 95.3 | NC_022356.1_Haemophilus_influenzae_KR494__complete_genome NODE_10_length_50905_cov_184.963623
			  Extensive misassembly ( relocation, inconsistency = 76625 ) between these two alignments
			Real Alignment 6: 376088 376161 | 42422 42349 | 74 74 | 100.0 | NC_022356.1_Haemophilus_influenzae_KR494__complete_genome NODE_10_length_50905_cov_184.963623
			  Extensive misassembly ( relocation, inconsistency = -76536 ) between these two alignments
			Real Alignment 7: 299642 299715 | 42439 42512 | 74 74 | 100.0 | NC_022356.1_Haemophilus_influenzae_KR494__complete_genome NODE_10_length_50905_cov_184.963623
			  Extensive misassembly ( relocation, inconsistency = -59442 ) between these two alignments
			Real Alignment 8: 240801 248803 | 51031 43040 | 8003 7992 | 95.33 | NC_022356.1_Haemophilus_influenzae_KR494__complete_genome NODE_10_length_50905_cov_184.963623

CONTIG: NODE_11_length_1086_cov_655.151917 (1212bp)
Top Length: 1212  Top ID: 97.37
		This contig has 6 significant alignments. [An ambiguously mapped contig]
		Using only first of these alignment (option --ambiguity-usage is set to "one"):
		Alignment: 179490 180703 | 1 1212 | 1214 1212 | 97.37 | NC_022356.1_Haemophilus_influenzae_KR494__complete_genome NODE_11_length_1086_cov_655.151917
		Skipping alignment  235781 236994 | 1 1212 | 1214 1212 | 97.37 | NC_022356.1_Haemophilus_influenzae_KR494__complete_genome NODE_11_length_1086_cov_655.151917
		Skipping alignment  1437467 1438680 | 1 1212 | 1214 1212 | 97.37 | NC_022356.1_Haemophilus_influenzae_KR494__complete_genome NODE_11_length_1086_cov_655.151917
		Skipping alignment  1629349 1630562 | 1 1212 | 1214 1212 | 97.37 | NC_022356.1_Haemophilus_influenzae_KR494__complete_genome NODE_11_length_1086_cov_655.151917
		Skipping alignment  1662449 1663662 | 1 1212 | 1214 1212 | 97.37 | NC_022356.1_Haemophilus_influenzae_KR494__complete_genome NODE_11_length_1086_cov_655.151917
		Skipping alignment  1719228 1720441 | 1 1212 | 1214 1212 | 97.37 | NC_022356.1_Haemophilus_influenzae_KR494__complete_genome NODE_11_length_1086_cov_655.151917

CONTIG: NODE_12_length_87982_cov_144.570938 (88108bp)
Top Length: 12855  Top ID: 95.84
		Skipping redundant alignment 75767 75857 | 64069 64159 | 91 91 | 100.0 | NC_022356.1_Haemophilus_influenzae_KR494__complete_genome NODE_12_length_87982_cov_144.570938
		Skipping redundant alignment 75767 75857 | 64105 64195 | 91 91 | 100.0 | NC_022356.1_Haemophilus_influenzae_KR494__complete_genome NODE_12_length_87982_cov_144.570938
		This contig is misassembled. 10 total aligns.
			Warning! This contig is more unaligned than misassembled. Contig length is 88108 and total length of all aligns is 25135
		Alignment: 1261349 1272092 | 24848 14131 | 10744 10718 | 95.18 | NC_022356.1_Haemophilus_influenzae_KR494__complete_genome NODE_12_length_87982_cov_144.570938
		Alignment: 1029508 1029759 | 33568 33317 | 252 252 | 98.41 | NC_022356.1_Haemophilus_influenzae_KR494__complete_genome NODE_12_length_87982_cov_144.570938
		Alignment: 716967 717186 | 34014 33795 | 220 220 | 97.73 | NC_022356.1_Haemophilus_influenzae_KR494__complete_genome NODE_12_length_87982_cov_144.570938
		Alignment: 715505 716017 | 34526 34014 | 513 513 | 97.47 | NC_022356.1_Haemophilus_influenzae_KR494__complete_genome NODE_12_length_87982_cov_144.570938
		Alignment: 300027 300158 | 35434 35565 | 132 132 | 97.73 | NC_022356.1_Haemophilus_influenzae_KR494__complete_genome NODE_12_length_87982_cov_144.570938
		Alignment: 75766 75857 | 64064 64155 | 92 92 | 100.0 | NC_022356.1_Haemophilus_influenzae_KR494__complete_genome NODE_12_length_87982_cov_144.570938
		Alignment: 1061187 1074042 | 64195 77049 | 12856 12855 | 95.84 | NC_022356.1_Haemophilus_influenzae_KR494__complete_genome NODE_12_length_87982_cov_144.570938
		Alignment: 1198537 1198887 | 83752 83399 | 351 354 | 96.34 | NC_022356.1_Haemophilus_influenzae_KR494__complete_genome NODE_12_length_87982_cov_144.570938
		Unaligned bases: 62973
		This contig has both significant aligned and unaligned parts (of length >= min-contig)!
CONTIG: NODE_20_length_483_cov_386.440979 (609bp)
Top Length: 209  Top ID: 96.65
		This contig is partially unaligned. (Aligned 209 out of 609 bases)
		Alignment: 1440135 1440343 | 609 401 | 209 209 | 96.65 | NC_022356.1_Haemophilus_influenzae_KR494__complete_genome NODE_20_length_483_cov_386.440979
		Unaligned bases: 1 to 400 (400)

CONTIG: NODE_23_length_1186_cov_265.353302 (1312bp)
		This contig is unaligned. (1312 bp)
		Unaligned bases: 1312  total: 7359

CONTIG: NODE_26_length_118173_cov_164.728897 (118299bp)
Top Length: 21486  Top ID: 97.05
		Skipping redundant alignment 1661690 1661769 | 369 290 | 80 80 | 98.75 | NC_022356.1_Haemophilus_influenzae_KR494__complete_genome NODE_26_length_118173_cov_164.728897
		Skipping redundant alignment 1661106 1661187 | 98349 98268 | 82 82 | 100.0 | NC_022356.1_Haemophilus_influenzae_KR494__complete_genome NODE_26_length_118173_cov_164.728897
		Skipping redundant alignment 1769906 1769984 | 106379 106457 | 79 79 | 100.0 | NC_022356.1_Haemophilus_influenzae_KR494__complete_genome NODE_26_length_118173_cov_164.728897
		Skipping redundant alignment 1650176 1650255 | 117375 117296 | 80 80 | 100.0 | NC_022356.1_Haemophilus_influenzae_KR494__complete_genome NODE_26_length_118173_cov_164.728897
		Skipping redundant alignment 1441368 1442290 | 118299 117378 | 923 922 | 97.51 | NC_022356.1_Haemophilus_influenzae_KR494__complete_genome NODE_26_length_118173_cov_164.728897
		Skipping redundant alignment 183634 184556 | 118299 117378 | 923 922 | 97.4 | NC_022356.1_Haemophilus_influenzae_KR494__complete_genome NODE_26_length_118173_cov_164.728897
		Skipping redundant alignment 239925 240846 | 118299 117378 | 922 922 | 97.29 | NC_022356.1_Haemophilus_influenzae_KR494__complete_genome NODE_26_length_118173_cov_164.728897
		Skipping redundant alignment 1633493 1634414 | 118299 117378 | 922 922 | 97.29 | NC_022356.1_Haemophilus_influenzae_KR494__complete_genome NODE_26_length_118173_cov_164.728897
		Skipping redundant alignment 1666593 1667514 | 118299 117378 | 922 922 | 97.29 | NC_022356.1_Haemophilus_influenzae_KR494__complete_genome NODE_26_length_118173_cov_164.728897
		This contig is misassembled. 20 total aligns.
			Real Alignment 1: 1661769 1661901 | 368 236 | 133 133 | 96.99 | NC_022356.1_Haemophilus_influenzae_KR494__complete_genome NODE_26_length_118173_cov_164.728897
			  Extensive misassembly ( relocation, inconsistency = 21340 ) between these two alignments
			Real Alignment 2: 1702264 1710001 | 19391 27136 | 7738 7746 | 95.71 | NC_022356.1_Haemophilus_influenzae_KR494__complete_genome NODE_26_length_118173_cov_164.728897
			  Extensive misassembly ( relocation, inconsistency = -841801 ) between these two alignments
			Real Alignment 3: 868264 886689 | 45625 27200 | 18426 18426 | 96.54 | NC_022356.1_Haemophilus_influenzae_KR494__complete_genome NODE_26_length_118173_cov_164.728897
			  Extensive misassembly ( relocation, inconsistency = 47793 ) between these two alignments
			Real Alignment 4: 807107 814605 | 58992 51491 | 7499 7502 | 96.41 | NC_022356.1_Haemophilus_influenzae_KR494__complete_genome NODE_26_length_118173_cov_164.728897
			  Gap between these two alignments (local misassembly). Inconsistency = 710 
			Real Alignment 5: 797658 806343 | 67734 59046 | 8686 8689 | 96.15 | NC_022356.1_Haemophilus_influenzae_KR494__complete_genome NODE_26_length_118173_cov_164.728897
			  Extensive misassembly ( relocation, inconsistency = 4637 ) between these two alignments
			Real Alignment 6: 814653 836103 | 71407 92892 | 21451 21486 | 97.05 | NC_022356.1_Haemophilus_influenzae_KR494__complete_genome NODE_26_length_118173_cov_164.728897
			  Extensive misassembly ( relocation, inconsistency = 819732 ) between these two alignments
			Real Alignment 7: 1661107 1661191 | 98248 98164 | 85 85 | 100.0 | NC_022356.1_Haemophilus_influenzae_KR494__complete_genome NODE_26_length_118173_cov_164.728897
			  Extensive misassembly ( relocation, inconsistency = -87651 ) between these two alignments
			Real Alignment 8: 1742940 1748738 | 104064 98268 | 5799 5797 | 95.05 | NC_022356.1_Haemophilus_influenzae_KR494__complete_genome NODE_26_length_118173_cov_164.728897
			  Extensive misassembly ( relocation, inconsistency = -894182 ) between these two alignments
			Real Alignment 9: 856834 857087 | 106342 106594 | 254 253 | 96.46 | NC_022356.1_Haemophilus_influenzae_KR494__complete_genome NODE_26_length_118173_cov_164.728897
			  Gap between these two alignments (local misassembly). Inconsistency = 103 
			Real Alignment 10: 857191 857272 | 106595 106676 | 82 82 | 100.0 | NC_022356.1_Haemophilus_influenzae_KR494__complete_genome NODE_26_length_118173_cov_164.728897
			  Extensive misassembly ( relocation, inconsistency = 860867 ) between these two alignments
			Real Alignment 11: 1723372 1729757 | 118299 111909 | 6386 6391 | 95.16 | NC_022356.1_Haemophilus_influenzae_KR494__complete_genome NODE_26_length_118173_cov_164.728897

CONTIG: NODE_28_length_2167_cov_134.466080 (2293bp)
		This contig is unaligned. (2293 bp)
		Unaligned bases: 2293  total: 9652

CONTIG: NODE_39_length_42854_cov_142.599518 (42980bp)
Top Length: 11750  Top ID: 95.24
		This contig is misassembled. 5 total aligns.
			Real Alignment 1: 1198552 1203153 | 4854 9461 | 4602 4608 | 95.7 | NC_022356.1_Haemophilus_influenzae_KR494__complete_genome NODE_39_length_42854_cov_142.599518
			  Extensive misassembly ( relocation, inconsistency = -108411 ) between these two alignments
			Real Alignment 2: 1094801 1103326 | 18045 9520 | 8526 8526 | 95.99 | NC_022356.1_Haemophilus_influenzae_KR494__complete_genome NODE_39_length_42854_cov_142.599518
			  Extensive misassembly ( relocation, inconsistency = -6930 ) between these two alignments
			Real Alignment 3: 1080220 1091969 | 39556 27807 | 11750 11750 | 95.24 | NC_022356.1_Haemophilus_influenzae_KR494__complete_genome NODE_39_length_42854_cov_142.599518
			  Extensive misassembly ( relocation, inconsistency = 145012 ) between these two alignments
			Real Alignment 4: 1237654 1237913 | 40229 40488 | 260 260 | 96.92 | NC_022356.1_Haemophilus_influenzae_KR494__complete_genome NODE_39_length_42854_cov_142.599518
			  Extensive misassembly ( relocation, inconsistency = -51134 ) between these two alignments
			Real Alignment 5: 1189146 1189273 | 42855 42980 | 128 126 | 96.88 | NC_022356.1_Haemophilus_influenzae_KR494__complete_genome NODE_39_length_42854_cov_142.599518

CONTIG: NODE_45_length_390_cov_744.241028 (516bp)
Top Length: 516  Top ID: 99.61
		This contig has 6 significant alignments. [An ambiguously mapped contig]
		Using only first of these alignment (option --ambiguity-usage is set to "one"):
		Alignment: 180960 181475 | 516 1 | 516 516 | 99.61 | NC_022356.1_Haemophilus_influenzae_KR494__complete_genome NODE_45_length_390_cov_744.241028
		Skipping alignment  237251 237766 | 516 1 | 516 516 | 99.61 | NC_022356.1_Haemophilus_influenzae_KR494__complete_genome NODE_45_length_390_cov_744.241028
		Skipping alignment  1438937 1439452 | 516 1 | 516 516 | 99.61 | NC_022356.1_Haemophilus_influenzae_KR494__complete_genome NODE_45_length_390_cov_744.241028
		Skipping alignment  1630819 1631334 | 516 1 | 516 516 | 99.61 | NC_022356.1_Haemophilus_influenzae_KR494__complete_genome NODE_45_length_390_cov_744.241028
		Skipping alignment  1663919 1664434 | 516 1 | 516 516 | 99.61 | NC_022356.1_Haemophilus_influenzae_KR494__complete_genome NODE_45_length_390_cov_744.241028
		Skipping alignment  1720698 1721213 | 516 1 | 516 516 | 99.61 | NC_022356.1_Haemophilus_influenzae_KR494__complete_genome NODE_45_length_390_cov_744.241028

CONTIG: NODE_47_length_398_cov_79.638191 (524bp)
Top Length: 124  Top ID: 95.16
		This contig is partially unaligned. (Aligned 124 out of 524 bases)
		Alignment: 1440220 1440343 | 1 124 | 124 124 | 95.16 | NC_022356.1_Haemophilus_influenzae_KR494__complete_genome NODE_47_length_398_cov_79.638191
		Unaligned bases: 125 to 524 (400)

CONTIG: NODE_49_length_250248_cov_144.423798 (250374bp)
Top Length: 15973  Top ID: 95.73
		Skipping redundant alignment 838389 838462 | 245030 244957 | 74 74 | 100.0 | NC_022356.1_Haemophilus_influenzae_KR494__complete_genome NODE_49_length_250248_cov_144.423798
		Skipping redundant alignment 838389 838462 | 245050 244977 | 74 74 | 100.0 | NC_022356.1_Haemophilus_influenzae_KR494__complete_genome NODE_49_length_250248_cov_144.423798
		Skipping redundant alignment 838391 838462 | 245052 244981 | 72 72 | 100.0 | NC_022356.1_Haemophilus_influenzae_KR494__complete_genome NODE_49_length_250248_cov_144.423798
			Skipping redundant alignments after choosing the best set of alignments
		Skipping redundant alignment 299634 299707 | 189305 189232 | 74 74 | 98.65 | NC_022356.1_Haemophilus_influenzae_KR494__complete_genome NODE_49_length_250248_cov_144.423798
		Skipping redundant alignment 1345164 1345245 | 244957 245038 | 82 82 | 100.0 | NC_022356.1_Haemophilus_influenzae_KR494__complete_genome NODE_49_length_250248_cov_144.423798
		This contig is misassembled. 23 total aligns.
			Warning! This contig is more unaligned than misassembled. Contig length is 250374 and total length of all aligns is 96619
		Alignment: 1345442 1361400 | 16392 420 | 15959 15973 | 95.73 | NC_022356.1_Haemophilus_influenzae_KR494__complete_genome NODE_49_length_250248_cov_144.423798
		Alignment: 926374 927908 | 34437 35971 | 1535 1535 | 98.31 | NC_022356.1_Haemophilus_influenzae_KR494__complete_genome NODE_49_length_250248_cov_144.423798
		Alignment: 927907 941964 | 36270 50296 | 14058 14027 | 96.32 | NC_022356.1_Haemophilus_influenzae_KR494__complete_genome NODE_49_length_250248_cov_144.423798
		Alignment: 942290 949846 | 50349 57905 | 7557 7557 | 95.63 | NC_022356.1_Haemophilus_influenzae_KR494__complete_genome NODE_49_length_250248_cov_144.423798
		Alignment: 963799 964014 | 71938 71724 | 216 215 | 97.22 | NC_022356.1_Haemophilus_influenzae_KR494__complete_genome NODE_49_length_250248_cov_144.423798
		Alignment: 986850 993441 | 95778 102384 | 6592 6607 | 95.31 | NC_022356.1_Haemophilus_influenzae_KR494__complete_genome NODE_49_length_250248_cov_144.423798
		Alignment: 1031632 1032056 | 103263 103688 | 425 426 | 97.65 | NC_022356.1_Haemophilus_influenzae_KR494__complete_genome NODE_49_length_250248_cov_144.423798
		Alignment: 1112599 1126334 | 154196 167936 | 13736 13741 | 96.81 | NC_022356.1_Haemophilus_influenzae_KR494__complete_genome NODE_49_length_250248_cov_144.423798
		Alignment: 1131082 1139752 | 172608 181276 | 8671 8669 | 95.07 | NC_022356.1_Haemophilus_influenzae_KR494__complete_genome NODE_49_length_250248_cov_144.423798
		Alignment: 1140303 1146387 | 181697 187802 | 6085 6106 | 98.43 | NC_022356.1_Haemophilus_influenzae_KR494__complete_genome NODE_49_length_250248_cov_144.423798
		Alignment: 1146778 1148159 | 187800 189177 | 1382 1378 | 96.17 | NC_022356.1_Haemophilus_influenzae_KR494__complete_genome NODE_49_length_250248_cov_144.423798
		Alignment: 299650 299717 | 189297 189230 | 68 68 | 100.0 | NC_022356.1_Haemophilus_influenzae_KR494__complete_genome NODE_49_length_250248_cov_144.423798
		Alignment: 1163334 1164504 | 216235 217407 | 1171 1173 | 98.21 | NC_022356.1_Haemophilus_influenzae_KR494__complete_genome NODE_49_length_250248_cov_144.423798
		Alignment: 1103330 1104911 | 225892 224311 | 1582 1582 | 95.51 | NC_022356.1_Haemophilus_influenzae_KR494__complete_genome NODE_49_length_250248_cov_144.423798
		Alignment: 1203169 1217407 | 225950 240129 | 14239 14180 | 95.08 | NC_022356.1_Haemophilus_influenzae_KR494__complete_genome NODE_49_length_250248_cov_144.423798
		Alignment: 1218442 1220912 | 240120 242598 | 2471 2479 | 96.85 | NC_022356.1_Haemophilus_influenzae_KR494__complete_genome NODE_49_length_250248_cov_144.423798
		Alignment: 1222700 1223532 | 243670 244503 | 833 834 | 96.64 | NC_022356.1_Haemophilus_influenzae_KR494__complete_genome NODE_49_length_250248_cov_144.423798
		Alignment: 1345164 1345245 | 244969 245050 | 82 82 | 100.0 | NC_022356.1_Haemophilus_influenzae_KR494__complete_genome NODE_49_length_250248_cov_144.423798
		Unaligned bases: 153755
		This contig has both significant aligned and unaligned parts (of length >= min-contig)!
CONTIG: NODE_60_length_545845_cov_167.814865 (545971bp)
Top Length: 34161  Top ID: 98.32
		Skipping redundant alignment 1661690 1661769 | 1814 1735 | 80 80 | 98.75 | NC_022356.1_Haemophilus_influenzae_KR494__complete_genome NODE_60_length_545845_cov_167.814865
		Skipping redundant alignment 638082 642520 | 296869 301305 | 4439 4437 | 96.55 | NC_022356.1_Haemophilus_influenzae_KR494__complete_genome NODE_60_length_545845_cov_167.814865
			Skipping redundant alignments after choosing the best set of alignments
		Skipping redundant alignment 179208 180703 | 1491 1 | 1496 1491 | 96.33 | NC_022356.1_Haemophilus_influenzae_KR494__complete_genome NODE_60_length_545845_cov_167.814865
		Skipping redundant alignment 235499 236994 | 1491 1 | 1496 1491 | 96.33 | NC_022356.1_Haemophilus_influenzae_KR494__complete_genome NODE_60_length_545845_cov_167.814865
		Skipping redundant alignment 838389 838462 | 42236 42309 | 74 74 | 100.0 | NC_022356.1_Haemophilus_influenzae_KR494__complete_genome NODE_60_length_545845_cov_167.814865
		Skipping redundant alignment 838389 838463 | 42288 42362 | 75 75 | 100.0 | NC_022356.1_Haemophilus_influenzae_KR494__complete_genome NODE_60_length_545845_cov_167.814865
		Skipping redundant alignment 838391 838462 | 42234 42305 | 72 72 | 100.0 | NC_022356.1_Haemophilus_influenzae_KR494__complete_genome NODE_60_length_545845_cov_167.814865
		Skipping redundant alignment 1345163 1345245 | 42362 42280 | 83 83 | 100.0 | NC_022356.1_Haemophilus_influenzae_KR494__complete_genome NODE_60_length_545845_cov_167.814865
		Skipping redundant alignment 1345164 1345245 | 42317 42236 | 82 82 | 100.0 | NC_022356.1_Haemophilus_influenzae_KR494__complete_genome NODE_60_length_545845_cov_167.814865
		Skipping redundant alignment 1437185 1438680 | 1491 1 | 1496 1491 | 96.33 | NC_022356.1_Haemophilus_influenzae_KR494__complete_genome NODE_60_length_545845_cov_167.814865
		Skipping redundant alignment 1629067 1630562 | 1491 1 | 1496 1491 | 96.33 | NC_022356.1_Haemophilus_influenzae_KR494__complete_genome NODE_60_length_545845_cov_167.814865
		Skipping redundant alignment 1718946 1720441 | 1491 1 | 1496 1491 | 96.33 | NC_022356.1_Haemophilus_influenzae_KR494__complete_genome NODE_60_length_545845_cov_167.814865
		This contig is misassembled. 49 total aligns.
			Real Alignment 1: 1662167 1663662 | 1491 1 | 1496 1491 | 96.33 | NC_022356.1_Haemophilus_influenzae_KR494__complete_genome NODE_60_length_545845_cov_167.814865
			  Gap between these two alignments (local misassembly). Inconsistency = 76 
			Real Alignment 2: 1661769 1661901 | 1813 1681 | 133 133 | 96.24 | NC_022356.1_Haemophilus_influenzae_KR494__complete_genome NODE_60_length_545845_cov_167.814865
			  Extensive misassembly ( relocation, inconsistency = 1483016 ) between these two alignments
			Real Alignment 3: 153980 163077 | 26568 17489 | 9098 9080 | 96.31 | NC_022356.1_Haemophilus_influenzae_KR494__complete_genome NODE_60_length_545845_cov_167.814865
			  Extensive misassembly ( relocation, inconsistency = 19803 ) between these two alignments
			Real Alignment 4: 187234 193838 | 30922 37526 | 6605 6605 | 96.56 | NC_022356.1_Haemophilus_influenzae_KR494__complete_genome NODE_60_length_545845_cov_167.814865
			  Extensive misassembly ( relocation, inconsistency = 1146576 ) between these two alignments
			Real Alignment 5: 1345164 1345245 | 42357 42276 | 82 82 | 100.0 | NC_022356.1_Haemophilus_influenzae_KR494__complete_genome NODE_60_length_545845_cov_167.814865
			  Extensive misassembly ( relocation, inconsistency = -914571 ) between these two alignments
			Real Alignment 6: 431661 437973 | 43344 49658 | 6313 6315 | 95.66 | NC_022356.1_Haemophilus_influenzae_KR494__complete_genome NODE_60_length_545845_cov_167.814865
			  Extensive misassembly ( relocation, inconsistency = 13266 ) between these two alignments
			Real Alignment 7: 451395 454704 | 49814 53123 | 3310 3310 | 95.71 | NC_022356.1_Haemophilus_influenzae_KR494__complete_genome NODE_60_length_545845_cov_167.814865
			  Gap between these two alignments (local misassembly). Inconsistency = 0 
			Real Alignment 8: 455055 459112 | 53474 57516 | 4058 4043 | 96.25 | NC_022356.1_Haemophilus_influenzae_KR494__complete_genome NODE_60_length_545845_cov_167.814865
			  Extensive misassembly ( relocation, inconsistency = -4379 ) between these two alignments
			Real Alignment 9: 464323 469456 | 67106 72238 | 5134 5133 | 98.71 | NC_022356.1_Haemophilus_influenzae_KR494__complete_genome NODE_60_length_545845_cov_167.814865
			  Extensive misassembly ( relocation, inconsistency = -1062 ) between these two alignments
			Real Alignment 10: 469559 498476 | 73403 102333 | 28918 28931 | 96.67 | NC_022356.1_Haemophilus_influenzae_KR494__complete_genome NODE_60_length_545845_cov_167.814865
			  Extensive misassembly ( relocation, inconsistency = 1204 ) between these two alignments
			Real Alignment 11: 517952 519147 | 120605 121800 | 1196 1196 | 97.16 | NC_022356.1_Haemophilus_influenzae_KR494__complete_genome NODE_60_length_545845_cov_167.814865
			  Extensive misassembly ( relocation, inconsistency = 1173560 ) between these two alignments
			Real Alignment 12: 1692755 1702327 | 131360 121848 | 9573 9513 | 95.09 | NC_022356.1_Haemophilus_influenzae_KR494__complete_genome NODE_60_length_545845_cov_167.814865
			  Extensive misassembly ( relocation, inconsistency = -1649441 ) between these two alignments
			Real Alignment 13: 78583 92042 | 157057 170550 | 13460 13494 | 96.52 | NC_022356.1_Haemophilus_influenzae_KR494__complete_genome NODE_60_length_545845_cov_167.814865
			  Overlap between these two alignments (local misassembly). Inconsistency = -121 
			Real Alignment 14: 92071 93338 | 170700 171967 | 1268 1268 | 96.69 | NC_022356.1_Haemophilus_influenzae_KR494__complete_genome NODE_60_length_545845_cov_167.814865
			  Overlap between these two alignments (local misassembly). Inconsistency = -955 
			Real Alignment 15: 93466 97003 | 173050 176587 | 3538 3538 | 96.61 | NC_022356.1_Haemophilus_influenzae_KR494__complete_genome NODE_60_length_545845_cov_167.814865
			  Extensive misassembly ( relocation, inconsistency = 422099 ) between these two alignments
			Real Alignment 16: 519246 554058 | 176731 211543 | 34813 34813 | 95.38 | NC_022356.1_Haemophilus_influenzae_KR494__complete_genome NODE_60_length_545845_cov_167.814865
			  Extensive misassembly ( relocation, inconsistency = -4140 ) between these two alignments
			Real Alignment 17: 580565 601810 | 242190 263452 | 21246 21263 | 96.07 | NC_022356.1_Haemophilus_influenzae_KR494__complete_genome NODE_60_length_545845_cov_167.814865
			  Extensive misassembly ( relocation, inconsistency = 2404 ) between these two alignments
			Real Alignment 18: 604250 617663 | 263488 276923 | 13414 13436 | 96.17 | NC_022356.1_Haemophilus_influenzae_KR494__complete_genome NODE_60_length_545845_cov_167.814865
			  Gap between these two alignments (local misassembly). Inconsistency = 100 
			Real Alignment 19: 617764 620873 | 276924 280045 | 3110 3122 | 95.84 | NC_022356.1_Haemophilus_influenzae_KR494__complete_genome NODE_60_length_545845_cov_167.814865
			  Overlap between these two alignments (local misassembly). Inconsistency = -175 
			Real Alignment 20: 632950 637431 | 292297 296763 | 4482 4467 | 96.85 | NC_022356.1_Haemophilus_influenzae_KR494__complete_genome NODE_60_length_545845_cov_167.814865
			  Extensive misassembly ( relocation, inconsistency = 5103 ) between these two alignments
			Real Alignment 21: 642640 661254 | 296869 315490 | 18615 18622 | 95.16 | NC_022356.1_Haemophilus_influenzae_KR494__complete_genome NODE_60_length_545845_cov_167.814865
			  Extensive misassembly ( relocation, inconsistency = 4215 ) between these two alignments
			Real Alignment 22: 667121 674126 | 317142 324129 | 7006 6988 | 97.93 | NC_022356.1_Haemophilus_influenzae_KR494__complete_genome NODE_60_length_545845_cov_167.814865
			  Extensive misassembly ( relocation, inconsistency = 46331 ) between these two alignments
			Real Alignment 23: 729063 739150 | 332735 342822 | 10088 10088 | 97.18 | NC_022356.1_Haemophilus_influenzae_KR494__complete_genome NODE_60_length_545845_cov_167.814865
			  Extensive misassembly ( relocation, inconsistency = -1373 ) between these two alignments
			Real Alignment 24: 743358 763385 | 348403 368429 | 20028 20027 | 96.58 | NC_022356.1_Haemophilus_influenzae_KR494__complete_genome NODE_60_length_545845_cov_167.814865
			  Gap between these two alignments (local misassembly). Inconsistency = 2 
			Real Alignment 25: 763510 797668 | 368552 402712 | 34159 34161 | 98.32 | NC_022356.1_Haemophilus_influenzae_KR494__complete_genome NODE_60_length_545845_cov_167.814865
			  Extensive misassembly ( relocation, inconsistency = 704548 ) between these two alignments
			Real Alignment 26: 1502726 1529771 | 430322 403222 | 27046 27101 | 95.7 | NC_022356.1_Haemophilus_influenzae_KR494__complete_genome NODE_60_length_545845_cov_167.814865
			  Overlap between these two alignments (local misassembly). Inconsistency = -164 
			Real Alignment 27: 1492738 1502726 | 440459 430486 | 9989 9974 | 96.62 | NC_022356.1_Haemophilus_influenzae_KR494__complete_genome NODE_60_length_545845_cov_167.814865
			  Gap between these two alignments (local misassembly). Inconsistency = 673 
			Real Alignment 28: 1488942 1492031 | 443582 440493 | 3090 3090 | 95.4 | NC_022356.1_Haemophilus_influenzae_KR494__complete_genome NODE_60_length_545845_cov_167.814865
			  Overlap between these two alignments (local misassembly). Inconsistency = -31 
			Real Alignment 29: 1483574 1488420 | 448995 444135 | 4847 4861 | 95.52 | NC_022356.1_Haemophilus_influenzae_KR494__complete_genome NODE_60_length_545845_cov_167.814865
			  Extensive misassembly ( relocation, inconsistency = -34796 ) between these two alignments
			Real Alignment 30: 1455216 1456531 | 450587 451903 | 1316 1317 | 95.29 | NC_022356.1_Haemophilus_influenzae_KR494__complete_genome NODE_60_length_545845_cov_167.814865
			  Extensive misassembly ( relocation, inconsistency = 1914 ) between these two alignments
			Real Alignment 31: 1460276 1471135 | 453734 464597 | 10860 10864 | 96.22 | NC_022356.1_Haemophilus_influenzae_KR494__complete_genome NODE_60_length_545845_cov_167.814865
			  Extensive misassembly ( relocation, inconsistency = -578442 ) between these two alignments
			Real Alignment 32: 896529 923145 | 468433 495018 | 26617 26586 | 95.83 | NC_022356.1_Haemophilus_influenzae_KR494__complete_genome NODE_60_length_545845_cov_167.814865
			  Gap between these two alignments (local misassembly). Inconsistency = 0 
			Real Alignment 33: 923335 926208 | 495208 498080 | 2874 2873 | 97.08 | NC_022356.1_Haemophilus_influenzae_KR494__complete_genome NODE_60_length_545845_cov_167.814865
			  Extensive misassembly ( relocation, inconsistency = 386023 ) between these two alignments
			Excluding internal overlap of size 10 between Alignment 34 and 35:  1310536 1311433 | 515949 515050 | 898 900 --> 1310536 1311423 | 515949 515060 | 888 890
			Real Alignment 34: 1312411 1329207 | 515059 498260 | 16797 16800 | 95.84 | NC_022356.1_Haemophilus_influenzae_KR494__complete_genome NODE_60_length_545845_cov_167.814865
			  Gap between these two alignments (local misassembly). Inconsistency = 987 
			Real Alignment 35: 1310536 1311423 | 515949 515060 | 888 890 | 96.56 | NC_022356.1_Haemophilus_influenzae_KR494__complete_genome NODE_60_length_545845_cov_167.814865
			  Gap between these two alignments (local misassembly). Inconsistency = 4 
			Real Alignment 36: 1299462 1299565 | 527019 526916 | 104 104 | 98.08 | NC_022356.1_Haemophilus_influenzae_KR494__complete_genome NODE_60_length_545845_cov_167.814865
			  Extensive misassembly ( relocation, inconsistency = 2729 ) between these two alignments
			Real Alignment 37: 1280214 1296653 | 543549 527099 | 16440 16451 | 95.55 | NC_022356.1_Haemophilus_influenzae_KR494__complete_genome NODE_60_length_545845_cov_167.814865

Analyzing coverage...
Writing SNPs into /data/projects/Assembly/Aroon/reports/GCF_000465255.1_ASM46525v1_genomic/contigs_reports/nucmer_output/M05964_contigs.used_snps
	Reference NC_022356.1_Haemophilus_influenzae_KR494__complete_genome: 158 total alignments. 1 total regions.
		Region: 1 to 1856176 (1856176 bp)
			START in gap: 1 to 16783 (16782 bp)
			Align 1: 16783 25801 NODE_5_length_444826_cov_179.227036 39564 30539
				Gap between this and next alignment: 25801 to 46211 (20409 bp)
				Next Alignment: 46211 57013 NODE_5_length_444826_cov_179.227036 212914 202105

			Align 2: 46211 57013 NODE_5_length_444826_cov_179.227036 212914 202105
				Gap between this and next alignment: 57013 to 57970 (956 bp)
				Next Alignment: 57970 70645 NODE_5_length_444826_cov_179.227036 22660 9989

			Align 3: 57970 70645 NODE_5_length_444826_cov_179.227036 22660 9989
				Gap between this and next alignment: 70645 to 75766 (5120 bp)
				Next Alignment: 75766 75847 NODE_5_length_444826_cov_179.227036 326535 326616

			Align 4: 75766 75847 NODE_5_length_444826_cov_179.227036 326535 326616
				Negative gap (overlap) between this and next alignment: 75847 to 75766 (-81 bp)
				Next Alignment: 75766 75857 NODE_12_length_87982_cov_144.570938 64064 64155

			Previous gap was negative, modifying coordinates to ignore overlap
				Moving contig start from 64064 to 64146.
			Align 5: 75848 75857 NODE_12_length_87982_cov_144.570938 64146 64155
				Gap between this and next alignment: 75857 to 78583 (2725 bp)
				Next Alignment: 78583 92042 NODE_60_length_545845_cov_167.814865 157057 170550

			Align 6: 78583 92042 NODE_60_length_545845_cov_167.814865 157057 170550
				Gap between this and next alignment: 92042 to 92071 (28 bp)
				Next Alignment: 92071 93338 NODE_60_length_545845_cov_167.814865 170700 171967

			Align 7: 92071 93338 NODE_60_length_545845_cov_167.814865 170700 171967
				Gap between this and next alignment: 93338 to 93466 (127 bp)
				Next Alignment: 93466 97003 NODE_60_length_545845_cov_167.814865 173050 176587

			Align 8: 93466 97003 NODE_60_length_545845_cov_167.814865 173050 176587
				Negative gap (overlap) between this and next alignment: 97003 to 96985 (-18 bp)
				Next Alignment: 96985 107173 NODE_5_length_444826_cov_179.227036 136866 126677

			Previous gap was negative, modifying coordinates to ignore overlap
				Moving contig start from 136866 to 136847.
			Align 9: 97004 107173 NODE_5_length_444826_cov_179.227036 136847 126677
				Gap between this and next alignment: 107173 to 107358 (184 bp)
				Next Alignment: 107358 115163 NODE_5_length_444826_cov_179.227036 126676 118870

			Align 10: 107358 115163 NODE_5_length_444826_cov_179.227036 126676 118870
				Negative gap (overlap) between this and next alignment: 115163 to 115163 (0 bp)
				Next Alignment: 115163 118143 NODE_5_length_444826_cov_179.227036 113450 110469

			Previous gap was negative, modifying coordinates to ignore overlap
				Moving contig start from 113450 to 113449.
			Align 11: 115164 118143 NODE_5_length_444826_cov_179.227036 113449 110469
				Gap between this and next alignment: 118143 to 120757 (2613 bp)
				Next Alignment: 120757 123992 NODE_5_length_444826_cov_179.227036 138220 141455

			Align 12: 120757 123992 NODE_5_length_444826_cov_179.227036 138220 141455
				The next alignment (120757 120837 NODE_5_length_444826_cov_179.227036 194617 194697) is redundant. Skipping.
				Gap between this and next alignment: 123992 to 142321 (18328 bp)
				Next Alignment: 142321 153947 NODE_5_length_444826_cov_179.227036 254254 265880

			Align 14: 142321 153947 NODE_5_length_444826_cov_179.227036 254254 265880
				Gap between this and next alignment: 153947 to 153980 (32 bp)
				Next Alignment: 153980 163077 NODE_60_length_545845_cov_167.814865 26568 17489

			Align 15: 153980 163077 NODE_60_length_545845_cov_167.814865 26568 17489
				Gap between this and next alignment: 163077 to 179490 (16412 bp)
				Next Alignment: 179490 180703 NODE_11_length_1086_cov_655.151917 1 1212

			Align 16: 179490 180703 NODE_11_length_1086_cov_655.151917 1 1212
				Gap between this and next alignment: 180703 to 180960 (256 bp)
				Next Alignment: 180960 181475 NODE_45_length_390_cov_744.241028 516 1

			Align 17: 180960 181475 NODE_45_length_390_cov_744.241028 516 1
				Gap between this and next alignment: 181475 to 182792 (1316 bp)
				Next Alignment: 182792 183759 NODE_6_length_842_cov_765.074829 1 968

			Align 18: 182792 183759 NODE_6_length_842_cov_765.074829 1 968
				Gap between this and next alignment: 183759 to 184576 (816 bp)
				Next Alignment: 184576 187184 NODE_5_length_444826_cov_179.227036 444952 442343

			Align 19: 184576 187184 NODE_5_length_444826_cov_179.227036 444952 442343
				Gap between this and next alignment: 187184 to 187234 (49 bp)
				Next Alignment: 187234 193838 NODE_60_length_545845_cov_167.814865 30922 37526

			Align 20: 187234 193838 NODE_60_length_545845_cov_167.814865 30922 37526
				Gap between this and next alignment: 193838 to 204046 (10207 bp)
				Next Alignment: 204046 211933 NODE_5_length_444826_cov_179.227036 331316 339198

			Align 21: 204046 211933 NODE_5_length_444826_cov_179.227036 331316 339198
				Gap between this and next alignment: 211933 to 211935 (1 bp)
				Next Alignment: 211935 220591 NODE_5_length_444826_cov_179.227036 341954 350611

			Align 22: 211935 220591 NODE_5_length_444826_cov_179.227036 341954 350611
				Gap between this and next alignment: 220591 to 220829 (237 bp)
				Next Alignment: 220829 223698 NODE_5_length_444826_cov_179.227036 351473 354353

			Align 23: 220829 223698 NODE_5_length_444826_cov_179.227036 351473 354353
				Gap between this and next alignment: 223698 to 240801 (17102 bp)
				Next Alignment: 240801 248803 NODE_10_length_50905_cov_184.963623 51031 43040

			Align 24: 240801 248803 NODE_10_length_50905_cov_184.963623 51031 43040
				Gap between this and next alignment: 248803 to 250728 (1924 bp)
				Next Alignment: 250728 252791 NODE_5_length_444826_cov_179.227036 368108 366044

			Align 25: 250728 252791 NODE_5_length_444826_cov_179.227036 368108 366044
				Negative gap (overlap) between this and next alignment: 252791 to 252791 (0 bp)
				Next Alignment: 252791 253180 NODE_5_length_444826_cov_179.227036 341947 341558

			Previous gap was negative, modifying coordinates to ignore overlap
				Moving contig start from 341947 to 341946.
			Align 26: 252792 253180 NODE_5_length_444826_cov_179.227036 341946 341558
				Gap between this and next alignment: 253180 to 260619 (7438 bp)
				Next Alignment: 260619 267606 NODE_5_length_444826_cov_179.227036 361327 354354

			Align 27: 260619 267606 NODE_5_length_444826_cov_179.227036 361327 354354
				The next alignment (266331 267144 NODE_10_length_50905_cov_184.963623 9352 10165) is redundant. Skipping.
				Gap between this and next alignment: 267606 to 267872 (265 bp)
				Next Alignment: 267872 279936 NODE_10_length_50905_cov_184.963623 11327 23393

			Align 29: 267872 279936 NODE_10_length_50905_cov_184.963623 11327 23393
				Gap between this and next alignment: 279936 to 291816 (11879 bp)
				Next Alignment: 291816 291880 NODE_10_length_50905_cov_184.963623 34435 34499

			Align 30: 291816 291880 NODE_10_length_50905_cov_184.963623 34435 34499
				Negative gap (overlap) between this and next alignment: 291880 to 291872 (-8 bp)
				Next Alignment: 291872 296250 NODE_10_length_50905_cov_184.963623 34731 39136

			Previous gap was negative, modifying coordinates to ignore overlap
				Moving contig start from 34731 to 34740.
			Align 31: 291881 296250 NODE_10_length_50905_cov_184.963623 34740 39136
				Gap between this and next alignment: 296250 to 299601 (3350 bp)
				Next Alignment: 299601 299715 NODE_5_length_444826_cov_179.227036 435024 435138

			Align 32: 299601 299715 NODE_5_length_444826_cov_179.227036 435024 435138
				The next alignment (299642 299715 NODE_10_length_50905_cov_184.963623 42439 42512) is redundant. Skipping.
				Negative gap (overlap) between this and next alignment: 299715 to 299650 (-65 bp)
				Next Alignment: 299650 299717 NODE_49_length_250248_cov_144.423798 189297 189230

			Previous gap was negative, modifying coordinates to ignore overlap
				Moving contig start from 189297 to 189231.
			Align 34: 299716 299717 NODE_49_length_250248_cov_144.423798 189231 189230
				Gap between this and next alignment: 299717 to 300027 (309 bp)
				Next Alignment: 300027 300158 NODE_12_length_87982_cov_144.570938 35434 35565

			Align 35: 300027 300158 NODE_12_length_87982_cov_144.570938 35434 35565
				Gap between this and next alignment: 300158 to 300448 (289 bp)
				Next Alignment: 300448 304024 NODE_5_length_444826_cov_179.227036 371842 375416

			Align 36: 300448 304024 NODE_5_length_444826_cov_179.227036 371842 375416
				Gap between this and next alignment: 304024 to 304032 (7 bp)
				Next Alignment: 304032 306629 NODE_5_length_444826_cov_179.227036 377297 379880

			Align 37: 304032 306629 NODE_5_length_444826_cov_179.227036 377297 379880
				Gap between this and next alignment: 306629 to 306829 (199 bp)
				Next Alignment: 306829 309052 NODE_5_length_444826_cov_179.227036 379881 382113

			Align 38: 306829 309052 NODE_5_length_444826_cov_179.227036 379881 382113
				Gap between this and next alignment: 309052 to 320620 (11567 bp)
				Next Alignment: 320620 326056 NODE_5_length_444826_cov_179.227036 311469 306034

			Align 39: 320620 326056 NODE_5_length_444826_cov_179.227036 311469 306034
				Gap between this and next alignment: 326056 to 326201 (144 bp)
				Next Alignment: 326201 365086 NODE_5_length_444826_cov_179.227036 306023 267204

			Align 40: 326201 365086 NODE_5_length_444826_cov_179.227036 306023 267204
				Gap between this and next alignment: 365086 to 368948 (3861 bp)
				Next Alignment: 368948 376123 NODE_5_length_444826_cov_179.227036 442332 435157

			Align 41: 368948 376123 NODE_5_length_444826_cov_179.227036 442332 435157
				Negative gap (overlap) between this and next alignment: 376123 to 376088 (-35 bp)
				Next Alignment: 376088 376161 NODE_10_length_50905_cov_184.963623 42422 42349

			Previous gap was negative, modifying coordinates to ignore overlap
				Moving contig start from 42422 to 42386.
			Align 42: 376124 376161 NODE_10_length_50905_cov_184.963623 42386 42349
				Gap between this and next alignment: 376161 to 377504 (1342 bp)
				Next Alignment: 377504 388619 NODE_5_length_444826_cov_179.227036 433696 422563

			Align 43: 377504 388619 NODE_5_length_444826_cov_179.227036 433696 422563
				Gap between this and next alignment: 388619 to 391728 (3108 bp)
				Next Alignment: 391728 403689 NODE_5_length_444826_cov_179.227036 422562 410677

			Align 44: 391728 403689 NODE_5_length_444826_cov_179.227036 422562 410677
				Gap between this and next alignment: 403689 to 404186 (496 bp)
				Next Alignment: 404186 406148 NODE_5_length_444826_cov_179.227036 410676 408702

			Align 45: 404186 406148 NODE_5_length_444826_cov_179.227036 410676 408702
				Gap between this and next alignment: 406148 to 406167 (18 bp)
				Next Alignment: 406167 406437 NODE_5_length_444826_cov_179.227036 400569 400299

			Align 46: 406167 406437 NODE_5_length_444826_cov_179.227036 400569 400299
				Gap between this and next alignment: 406437 to 406540 (102 bp)
				Next Alignment: 406540 407378 NODE_5_length_444826_cov_179.227036 400298 399438

			Align 47: 406540 407378 NODE_5_length_444826_cov_179.227036 400298 399438
				Gap between this and next alignment: 407378 to 409428 (2049 bp)
				Next Alignment: 409428 412566 NODE_5_length_444826_cov_179.227036 399437 396311

			Align 48: 409428 412566 NODE_5_length_444826_cov_179.227036 399437 396311
				The next alignment (411576 411670 NODE_5_length_444826_cov_179.227036 408701 408607) is redundant. Skipping.
				Gap between this and next alignment: 412566 to 412602 (35 bp)
				Next Alignment: 412602 418654 NODE_5_length_444826_cov_179.227036 394957 388900

			Align 50: 412602 418654 NODE_5_length_444826_cov_179.227036 394957 388900
				Negative gap (overlap) between this and next alignment: 418654 to 418539 (-115 bp)
				Next Alignment: 418539 420441 NODE_5_length_444826_cov_179.227036 408606 406703

			Previous gap was negative, modifying coordinates to ignore overlap
				Moving contig start from 408606 to 408490.
			Align 51: 418655 420441 NODE_5_length_444826_cov_179.227036 408490 406703
				Gap between this and next alignment: 420441 to 431661 (11219 bp)
				Next Alignment: 431661 437973 NODE_60_length_545845_cov_167.814865 43344 49658

			Align 52: 431661 437973 NODE_60_length_545845_cov_167.814865 43344 49658
				Gap between this and next alignment: 437973 to 446488 (8514 bp)
				Next Alignment: 446488 451383 NODE_5_length_444826_cov_179.227036 229166 224274

			Align 53: 446488 451383 NODE_5_length_444826_cov_179.227036 229166 224274
				Gap between this and next alignment: 451383 to 451395 (11 bp)
				Next Alignment: 451395 454704 NODE_60_length_545845_cov_167.814865 49814 53123

			Align 54: 451395 454704 NODE_60_length_545845_cov_167.814865 49814 53123
				Gap between this and next alignment: 454704 to 455055 (350 bp)
				Next Alignment: 455055 459112 NODE_60_length_545845_cov_167.814865 53474 57516

			Align 55: 455055 459112 NODE_60_length_545845_cov_167.814865 53474 57516
				Gap between this and next alignment: 459112 to 464323 (5210 bp)
				Next Alignment: 464323 469456 NODE_60_length_545845_cov_167.814865 67106 72238

			Align 56: 464323 469456 NODE_60_length_545845_cov_167.814865 67106 72238
				Gap between this and next alignment: 469456 to 469559 (102 bp)
				Next Alignment: 469559 498476 NODE_60_length_545845_cov_167.814865 73403 102333

			Align 57: 469559 498476 NODE_60_length_545845_cov_167.814865 73403 102333
				Gap between this and next alignment: 498476 to 517952 (19475 bp)
				Next Alignment: 517952 519147 NODE_60_length_545845_cov_167.814865 120605 121800

			Align 58: 517952 519147 NODE_60_length_545845_cov_167.814865 120605 121800
				Gap between this and next alignment: 519147 to 519246 (98 bp)
				Next Alignment: 519246 554058 NODE_60_length_545845_cov_167.814865 176731 211543

			Align 59: 519246 554058 NODE_60_length_545845_cov_167.814865 176731 211543
				Gap between this and next alignment: 554058 to 580565 (26506 bp)
				Next Alignment: 580565 601810 NODE_60_length_545845_cov_167.814865 242190 263452

			Align 60: 580565 601810 NODE_60_length_545845_cov_167.814865 242190 263452
				Gap between this and next alignment: 601810 to 604250 (2439 bp)
				Next Alignment: 604250 617663 NODE_60_length_545845_cov_167.814865 263488 276923

			Align 61: 604250 617663 NODE_60_length_545845_cov_167.814865 263488 276923
				Gap between this and next alignment: 617663 to 617764 (100 bp)
				Next Alignment: 617764 620873 NODE_60_length_545845_cov_167.814865 276924 280045

			Align 62: 617764 620873 NODE_60_length_545845_cov_167.814865 276924 280045
				Gap between this and next alignment: 620873 to 632950 (12076 bp)
				Next Alignment: 632950 637431 NODE_60_length_545845_cov_167.814865 292297 296763

			Align 63: 632950 637431 NODE_60_length_545845_cov_167.814865 292297 296763
				Gap between this and next alignment: 637431 to 642640 (5208 bp)
				Next Alignment: 642640 661254 NODE_60_length_545845_cov_167.814865 296869 315490

			Align 64: 642640 661254 NODE_60_length_545845_cov_167.814865 296869 315490
				Gap between this and next alignment: 661254 to 667121 (5866 bp)
				Next Alignment: 667121 674126 NODE_60_length_545845_cov_167.814865 317142 324129

			Align 65: 667121 674126 NODE_60_length_545845_cov_167.814865 317142 324129
				Gap between this and next alignment: 674126 to 715505 (41378 bp)
				Next Alignment: 715505 716017 NODE_12_length_87982_cov_144.570938 34526 34014

			Align 66: 715505 716017 NODE_12_length_87982_cov_144.570938 34526 34014
				Gap between this and next alignment: 716017 to 716967 (949 bp)
				Next Alignment: 716967 717186 NODE_12_length_87982_cov_144.570938 34014 33795

			Align 67: 716967 717186 NODE_12_length_87982_cov_144.570938 34014 33795
				Gap between this and next alignment: 717186 to 729063 (11876 bp)
				Next Alignment: 729063 739150 NODE_60_length_545845_cov_167.814865 332735 342822

			Align 68: 729063 739150 NODE_60_length_545845_cov_167.814865 332735 342822
				Gap between this and next alignment: 739150 to 743358 (4207 bp)
				Next Alignment: 743358 763385 NODE_60_length_545845_cov_167.814865 348403 368429

			Align 69: 743358 763385 NODE_60_length_545845_cov_167.814865 348403 368429
				Gap between this and next alignment: 763385 to 763510 (124 bp)
				Next Alignment: 763510 797668 NODE_60_length_545845_cov_167.814865 368552 402712

			Align 70: 763510 797668 NODE_60_length_545845_cov_167.814865 368552 402712
				Negative gap (overlap) between this and next alignment: 797668 to 797658 (-10 bp)
				Next Alignment: 797658 806343 NODE_26_length_118173_cov_164.728897 67734 59046

			Previous gap was negative, modifying coordinates to ignore overlap
				Moving contig start from 67734 to 67723.
			Align 71: 797669 806343 NODE_26_length_118173_cov_164.728897 67723 59046
				Gap between this and next alignment: 806343 to 807107 (763 bp)
				Next Alignment: 807107 814605 NODE_26_length_118173_cov_164.728897 58992 51491

			Align 72: 807107 814605 NODE_26_length_118173_cov_164.728897 58992 51491
				Gap between this and next alignment: 814605 to 814653 (47 bp)
				Next Alignment: 814653 836103 NODE_26_length_118173_cov_164.728897 71407 92892

			Align 73: 814653 836103 NODE_26_length_118173_cov_164.728897 71407 92892
				Gap between this and next alignment: 836103 to 856834 (20730 bp)
				Next Alignment: 856834 857087 NODE_26_length_118173_cov_164.728897 106342 106594

			Align 74: 856834 857087 NODE_26_length_118173_cov_164.728897 106342 106594
				Gap between this and next alignment: 857087 to 857191 (103 bp)
				Next Alignment: 857191 857272 NODE_26_length_118173_cov_164.728897 106595 106676

			Align 75: 857191 857272 NODE_26_length_118173_cov_164.728897 106595 106676
				Gap between this and next alignment: 857272 to 860657 (3384 bp)
				Next Alignment: 860657 863633 NODE_3_length_179628_cov_156.746414 94598 91622

			Align 76: 860657 863633 NODE_3_length_179628_cov_156.746414 94598 91622
				Gap between this and next alignment: 863633 to 864429 (795 bp)
				Next Alignment: 864429 865420 NODE_3_length_179628_cov_156.746414 91618 90628

			Align 77: 864429 865420 NODE_3_length_179628_cov_156.746414 91618 90628
				Gap between this and next alignment: 865420 to 868264 (2843 bp)
				Next Alignment: 868264 886689 NODE_26_length_118173_cov_164.728897 45625 27200

			Align 78: 868264 886689 NODE_26_length_118173_cov_164.728897 45625 27200
				Gap between this and next alignment: 886689 to 889053 (2363 bp)
				Next Alignment: 889053 889330 NODE_3_length_179628_cov_156.746414 172807 172530

			Align 79: 889053 889330 NODE_3_length_179628_cov_156.746414 172807 172530
				Gap between this and next alignment: 889330 to 893231 (3900 bp)
				Next Alignment: 893231 894215 NODE_3_length_179628_cov_156.746414 160087 159106

			Align 80: 893231 894215 NODE_3_length_179628_cov_156.746414 160087 159106
				Gap between this and next alignment: 894215 to 896529 (2313 bp)
				Next Alignment: 896529 923145 NODE_60_length_545845_cov_167.814865 468433 495018

			Align 81: 896529 923145 NODE_60_length_545845_cov_167.814865 468433 495018
				Gap between this and next alignment: 923145 to 923335 (189 bp)
				Next Alignment: 923335 926208 NODE_60_length_545845_cov_167.814865 495208 498080

			Align 82: 923335 926208 NODE_60_length_545845_cov_167.814865 495208 498080
				Gap between this and next alignment: 926208 to 926374 (165 bp)
				Next Alignment: 926374 927908 NODE_49_length_250248_cov_144.423798 34437 35971

			Align 83: 926374 927908 NODE_49_length_250248_cov_144.423798 34437 35971
				Negative gap (overlap) between this and next alignment: 927908 to 927907 (-1 bp)
				Next Alignment: 927907 941964 NODE_49_length_250248_cov_144.423798 36270 50296

			Previous gap was negative, modifying coordinates to ignore overlap
				Moving contig start from 36270 to 36272.
			Align 84: 927909 941964 NODE_49_length_250248_cov_144.423798 36272 50296
				Gap between this and next alignment: 941964 to 942290 (325 bp)
				Next Alignment: 942290 949846 NODE_49_length_250248_cov_144.423798 50349 57905

			Align 85: 942290 949846 NODE_49_length_250248_cov_144.423798 50349 57905
				Gap between this and next alignment: 949846 to 963799 (13952 bp)
				Next Alignment: 963799 964014 NODE_49_length_250248_cov_144.423798 71938 71724

			Align 86: 963799 964014 NODE_49_length_250248_cov_144.423798 71938 71724
				Gap between this and next alignment: 964014 to 986850 (22835 bp)
				Next Alignment: 986850 993441 NODE_49_length_250248_cov_144.423798 95778 102384

			Align 87: 986850 993441 NODE_49_length_250248_cov_144.423798 95778 102384
				Gap between this and next alignment: 993441 to 1029508 (36066 bp)
				Next Alignment: 1029508 1029759 NODE_12_length_87982_cov_144.570938 33568 33317

			Align 88: 1029508 1029759 NODE_12_length_87982_cov_144.570938 33568 33317
				Gap between this and next alignment: 1029759 to 1031632 (1872 bp)
				Next Alignment: 1031632 1032056 NODE_49_length_250248_cov_144.423798 103263 103688

			Align 89: 1031632 1032056 NODE_49_length_250248_cov_144.423798 103263 103688
				Gap between this and next alignment: 1032056 to 1061187 (29130 bp)
				Next Alignment: 1061187 1074042 NODE_12_length_87982_cov_144.570938 64195 77049

			Align 90: 1061187 1074042 NODE_12_length_87982_cov_144.570938 64195 77049
				Gap between this and next alignment: 1074042 to 1080220 (6177 bp)
				Next Alignment: 1080220 1091969 NODE_39_length_42854_cov_142.599518 39556 27807

			Align 91: 1080220 1091969 NODE_39_length_42854_cov_142.599518 39556 27807
				Gap between this and next alignment: 1091969 to 1094801 (2831 bp)
				Next Alignment: 1094801 1103326 NODE_39_length_42854_cov_142.599518 18045 9520

			Align 92: 1094801 1103326 NODE_39_length_42854_cov_142.599518 18045 9520
				Gap between this and next alignment: 1103326 to 1103330 (3 bp)
				Next Alignment: 1103330 1104911 NODE_49_length_250248_cov_144.423798 225892 224311

			Align 93: 1103330 1104911 NODE_49_length_250248_cov_144.423798 225892 224311
				Gap between this and next alignment: 1104911 to 1112599 (7687 bp)
				Next Alignment: 1112599 1126334 NODE_49_length_250248_cov_144.423798 154196 167936

			Align 94: 1112599 1126334 NODE_49_length_250248_cov_144.423798 154196 167936
				Gap between this and next alignment: 1126334 to 1131082 (4747 bp)
				Next Alignment: 1131082 1139752 NODE_49_length_250248_cov_144.423798 172608 181276

			Align 95: 1131082 1139752 NODE_49_length_250248_cov_144.423798 172608 181276
				Gap between this and next alignment: 1139752 to 1140303 (550 bp)
				Next Alignment: 1140303 1146387 NODE_49_length_250248_cov_144.423798 181697 187802

			Align 96: 1140303 1146387 NODE_49_length_250248_cov_144.423798 181697 187802
				Gap between this and next alignment: 1146387 to 1146778 (390 bp)
				Next Alignment: 1146778 1148159 NODE_49_length_250248_cov_144.423798 187800 189177

			Align 97: 1146778 1148159 NODE_49_length_250248_cov_144.423798 187800 189177
				Gap between this and next alignment: 1148159 to 1163334 (15174 bp)
				Next Alignment: 1163334 1164504 NODE_49_length_250248_cov_144.423798 216235 217407

			Align 98: 1163334 1164504 NODE_49_length_250248_cov_144.423798 216235 217407
				Gap between this and next alignment: 1164504 to 1189146 (24641 bp)
				Next Alignment: 1189146 1189273 NODE_39_length_42854_cov_142.599518 42855 42980

			Align 99: 1189146 1189273 NODE_39_length_42854_cov_142.599518 42855 42980
				Gap between this and next alignment: 1189273 to 1198537 (9263 bp)
				Next Alignment: 1198537 1198887 NODE_12_length_87982_cov_144.570938 83752 83399

			Align 100: 1198537 1198887 NODE_12_length_87982_cov_144.570938 83752 83399
				Negative gap (overlap) between this and next alignment: 1198887 to 1198552 (-335 bp)
				Next Alignment: 1198552 1203153 NODE_39_length_42854_cov_142.599518 4854 9461

			Previous gap was negative, modifying coordinates to ignore overlap
				Moving contig start from 4854 to 5193.
			Align 101: 1198888 1203153 NODE_39_length_42854_cov_142.599518 5193 9461
				Gap between this and next alignment: 1203153 to 1203169 (15 bp)
				Next Alignment: 1203169 1217407 NODE_49_length_250248_cov_144.423798 225950 240129

			Align 102: 1203169 1217407 NODE_49_length_250248_cov_144.423798 225950 240129
				Gap between this and next alignment: 1217407 to 1218442 (1034 bp)
				Next Alignment: 1218442 1220912 NODE_49_length_250248_cov_144.423798 240120 242598

			Align 103: 1218442 1220912 NODE_49_length_250248_cov_144.423798 240120 242598
				Gap between this and next alignment: 1220912 to 1222700 (1787 bp)
				Next Alignment: 1222700 1223532 NODE_49_length_250248_cov_144.423798 243670 244503

			Align 104: 1222700 1223532 NODE_49_length_250248_cov_144.423798 243670 244503
				Gap between this and next alignment: 1223532 to 1237654 (14121 bp)
				Next Alignment: 1237654 1237913 NODE_39_length_42854_cov_142.599518 40229 40488

			Align 105: 1237654 1237913 NODE_39_length_42854_cov_142.599518 40229 40488
				Gap between this and next alignment: 1237913 to 1261349 (23435 bp)
				Next Alignment: 1261349 1272092 NODE_12_length_87982_cov_144.570938 24848 14131

			Align 106: 1261349 1272092 NODE_12_length_87982_cov_144.570938 24848 14131
				Gap between this and next alignment: 1272092 to 1280214 (8121 bp)
				Next Alignment: 1280214 1296653 NODE_60_length_545845_cov_167.814865 543549 527099

			Align 107: 1280214 1296653 NODE_60_length_545845_cov_167.814865 543549 527099
				Gap between this and next alignment: 1296653 to 1299462 (2808 bp)
				Next Alignment: 1299462 1299565 NODE_60_length_545845_cov_167.814865 527019 526916

			Align 108: 1299462 1299565 NODE_60_length_545845_cov_167.814865 527019 526916
				Gap between this and next alignment: 1299565 to 1310536 (10970 bp)
				Next Alignment: 1310536 1311423 NODE_60_length_545845_cov_167.814865 515949 515060

			Align 109: 1310536 1311423 NODE_60_length_545845_cov_167.814865 515949 515060
				Gap between this and next alignment: 1311423 to 1312411 (987 bp)
				Next Alignment: 1312411 1329207 NODE_60_length_545845_cov_167.814865 515059 498260

			Align 110: 1312411 1329207 NODE_60_length_545845_cov_167.814865 515059 498260
				Gap between this and next alignment: 1329207 to 1345164 (15956 bp)
				Next Alignment: 1345164 1345245 NODE_49_length_250248_cov_144.423798 244969 245050

			Align 111: 1345164 1345245 NODE_49_length_250248_cov_144.423798 244969 245050
				The next alignment (1345164 1345245 NODE_60_length_545845_cov_167.814865 42357 42276) is redundant. Skipping.
				Gap between this and next alignment: 1345245 to 1345442 (196 bp)
				Next Alignment: 1345442 1361400 NODE_49_length_250248_cov_144.423798 16392 420

			Align 113: 1345442 1361400 NODE_49_length_250248_cov_144.423798 16392 420
				Gap between this and next alignment: 1361400 to 1361404 (3 bp)
				Next Alignment: 1361404 1368969 NODE_1_length_61020_cov_149.082642 68 7633

			Align 114: 1361404 1368969 NODE_1_length_61020_cov_149.082642 68 7633
				Gap between this and next alignment: 1368969 to 1375338 (6368 bp)
				Next Alignment: 1375338 1380047 NODE_1_length_61020_cov_149.082642 7727 12435

			Align 115: 1375338 1380047 NODE_1_length_61020_cov_149.082642 7727 12435
				Gap between this and next alignment: 1380047 to 1389815 (9767 bp)
				Next Alignment: 1389815 1407146 NODE_1_length_61020_cov_149.082642 22915 40267

			Align 116: 1389815 1407146 NODE_1_length_61020_cov_149.082642 22915 40267
				Gap between this and next alignment: 1407146 to 1407929 (782 bp)
				Next Alignment: 1407929 1420801 NODE_1_length_61020_cov_149.082642 40336 53178

			Align 117: 1407929 1420801 NODE_1_length_61020_cov_149.082642 40336 53178
				Gap between this and next alignment: 1420801 to 1431646 (10844 bp)
				Next Alignment: 1431646 1435748 NODE_1_length_61020_cov_149.082642 56408 60525

			Align 118: 1431646 1435748 NODE_1_length_61020_cov_149.082642 56408 60525
				Gap between this and next alignment: 1435748 to 1440135 (4386 bp)
				Next Alignment: 1440135 1440343 NODE_20_length_483_cov_386.440979 609 401

			Align 119: 1440135 1440343 NODE_20_length_483_cov_386.440979 609 401
				The next alignment (1440220 1440343 NODE_47_length_398_cov_79.638191 1 124) is redundant. Skipping.
				Gap between this and next alignment: 1440343 to 1441368 (1024 bp)
				Next Alignment: 1441368 1442158 NODE_7_length_666_cov_698.303284 792 1

			Align 121: 1441368 1442158 NODE_7_length_666_cov_698.303284 792 1
				Gap between this and next alignment: 1442158 to 1449257 (7098 bp)
				Next Alignment: 1449257 1454916 NODE_3_length_179628_cov_156.746414 6651 12309

			Align 122: 1449257 1454916 NODE_3_length_179628_cov_156.746414 6651 12309
				Gap between this and next alignment: 1454916 to 1455216 (299 bp)
				Next Alignment: 1455216 1456531 NODE_60_length_545845_cov_167.814865 450587 451903

			Align 123: 1455216 1456531 NODE_60_length_545845_cov_167.814865 450587 451903
				Gap between this and next alignment: 1456531 to 1460276 (3744 bp)
				Next Alignment: 1460276 1471135 NODE_60_length_545845_cov_167.814865 453734 464597

			Align 124: 1460276 1471135 NODE_60_length_545845_cov_167.814865 453734 464597
				Gap between this and next alignment: 1471135 to 1472471 (1335 bp)
				Next Alignment: 1472471 1480723 NODE_3_length_179628_cov_156.746414 159096 150845

			Align 125: 1472471 1480723 NODE_3_length_179628_cov_156.746414 159096 150845
				Gap between this and next alignment: 1480723 to 1483574 (2850 bp)
				Next Alignment: 1483574 1488420 NODE_60_length_545845_cov_167.814865 448995 444135

			Align 126: 1483574 1488420 NODE_60_length_545845_cov_167.814865 448995 444135
				Gap between this and next alignment: 1488420 to 1488942 (521 bp)
				Next Alignment: 1488942 1492031 NODE_60_length_545845_cov_167.814865 443582 440493

			Align 127: 1488942 1492031 NODE_60_length_545845_cov_167.814865 443582 440493
				Gap between this and next alignment: 1492031 to 1492738 (706 bp)
				Next Alignment: 1492738 1502726 NODE_60_length_545845_cov_167.814865 440459 430486

			Align 128: 1492738 1502726 NODE_60_length_545845_cov_167.814865 440459 430486
				Negative gap (overlap) between this and next alignment: 1502726 to 1502726 (0 bp)
				Next Alignment: 1502726 1529771 NODE_60_length_545845_cov_167.814865 430322 403222

			Previous gap was negative, modifying coordinates to ignore overlap
				Moving contig start from 430322 to 430321.
			Align 129: 1502727 1529771 NODE_60_length_545845_cov_167.814865 430321 403222
				Negative gap (overlap) between this and next alignment: 1529771 to 1529766 (-5 bp)
				Next Alignment: 1529766 1553345 NODE_3_length_179628_cov_156.746414 12426 36007

			Previous gap was negative, modifying coordinates to ignore overlap
				Moving contig start from 12426 to 12432.
			Align 130: 1529772 1553345 NODE_3_length_179628_cov_156.746414 12432 36007
				Gap between this and next alignment: 1553345 to 1575766 (22420 bp)
				Next Alignment: 1575766 1577563 NODE_3_length_179628_cov_156.746414 56851 58648

			Align 131: 1575766 1577563 NODE_3_length_179628_cov_156.746414 56851 58648
				Gap between this and next alignment: 1577563 to 1634386 (56822 bp)
				Next Alignment: 1634386 1634528 NODE_3_length_179628_cov_156.746414 1 144

			Align 132: 1634386 1634528 NODE_3_length_179628_cov_156.746414 1 144
				Negative gap (overlap) between this and next alignment: 1634528 to 1634418 (-110 bp)
				Next Alignment: 1634418 1652961 NODE_2_length_27589_cov_169.095764 27715 9190

			Previous gap was negative, modifying coordinates to ignore overlap
				Moving contig start from 27715 to 27602.
			Align 133: 1634529 1652961 NODE_2_length_27589_cov_169.095764 27602 9190
				Gap between this and next alignment: 1652961 to 1652990 (28 bp)
				Next Alignment: 1652990 1660757 NODE_2_length_27589_cov_169.095764 8396 634

			Align 134: 1652990 1660757 NODE_2_length_27589_cov_169.095764 8396 634
				Gap between this and next alignment: 1660757 to 1661107 (349 bp)
				Next Alignment: 1661107 1661191 NODE_26_length_118173_cov_164.728897 98248 98164

			Align 135: 1661107 1661191 NODE_26_length_118173_cov_164.728897 98248 98164
				Gap between this and next alignment: 1661191 to 1661565 (373 bp)
				Next Alignment: 1661565 1661769 NODE_2_length_27589_cov_169.095764 251 47

			Align 136: 1661565 1661769 NODE_2_length_27589_cov_169.095764 251 47
				Negative gap (overlap) between this and next alignment: 1661769 to 1661769 (0 bp)
				Next Alignment: 1661769 1661910 NODE_1_length_61020_cov_149.082642 60621 60765

			Previous gap was negative, modifying coordinates to ignore overlap
				Moving contig start from 60621 to 60622.
			Align 137: 1661770 1661910 NODE_1_length_61020_cov_149.082642 60622 60765
				The next alignment (1661769 1661901 NODE_3_length_179628_cov_156.746414 179213 179345) is redundant. Skipping.
				The next alignment (1661769 1661893 NODE_10_length_50905_cov_184.963623 125 1) is redundant. Skipping.
				The next alignment (1661769 1661901 NODE_26_length_118173_cov_164.728897 368 236) is redundant. Skipping.
				The next alignment (1661769 1661901 NODE_60_length_545845_cov_167.814865 1813 1681) is redundant. Skipping.
				Gap between this and next alignment: 1661910 to 1662167 (256 bp)
				Next Alignment: 1662167 1663662 NODE_60_length_545845_cov_167.814865 1491 1

			Align 142: 1662167 1663662 NODE_60_length_545845_cov_167.814865 1491 1
				Gap between this and next alignment: 1663662 to 1667534 (3871 bp)
				Next Alignment: 1667534 1676174 NODE_5_length_444826_cov_179.227036 1 8646

			Align 143: 1667534 1676174 NODE_5_length_444826_cov_179.227036 1 8646
				Gap between this and next alignment: 1676174 to 1692755 (16580 bp)
				Next Alignment: 1692755 1702327 NODE_60_length_545845_cov_167.814865 131360 121848

			Align 144: 1692755 1702327 NODE_60_length_545845_cov_167.814865 131360 121848
				Negative gap (overlap) between this and next alignment: 1702327 to 1702264 (-63 bp)
				Next Alignment: 1702264 1710001 NODE_26_length_118173_cov_164.728897 19391 27136

			Previous gap was negative, modifying coordinates to ignore overlap
				Moving contig start from 19391 to 19455.
			Align 145: 1702328 1710001 NODE_26_length_118173_cov_164.728897 19455 27136
				Gap between this and next alignment: 1710001 to 1723372 (13370 bp)
				Next Alignment: 1723372 1729757 NODE_26_length_118173_cov_164.728897 118299 111909

			Align 146: 1723372 1729757 NODE_26_length_118173_cov_164.728897 118299 111909
				Gap between this and next alignment: 1729757 to 1735955 (6197 bp)
				Next Alignment: 1735955 1736036 NODE_3_length_179628_cov_156.746414 98020 98101

			Align 147: 1735955 1736036 NODE_3_length_179628_cov_156.746414 98020 98101
				Next Alignment: 1736037 1736129 NODE_3_length_179628_cov_156.746414 98205 98297

			Align 148: 1736037 1736129 NODE_3_length_179628_cov_156.746414 98205 98297
				Negative gap (overlap) between this and next alignment: 1736129 to 1736060 (-69 bp)
				Next Alignment: 1736060 1736297 NODE_3_length_179628_cov_156.746414 143091 143327

			Previous gap was negative, modifying coordinates to ignore overlap
				Moving contig start from 143091 to 143161.
			Align 149: 1736130 1736297 NODE_3_length_179628_cov_156.746414 143161 143327
				Gap between this and next alignment: 1736297 to 1742940 (6642 bp)
				Next Alignment: 1742940 1748738 NODE_26_length_118173_cov_164.728897 104064 98268

			Align 150: 1742940 1748738 NODE_26_length_118173_cov_164.728897 104064 98268
				Negative gap (overlap) between this and next alignment: 1748738 to 1748658 (-80 bp)
				Next Alignment: 1748658 1748742 NODE_2_length_27589_cov_169.095764 381 297

			Previous gap was negative, modifying coordinates to ignore overlap
				Moving contig start from 381 to 300.
			Align 151: 1748739 1748742 NODE_2_length_27589_cov_169.095764 300 297
				Gap between this and next alignment: 1748742 to 1751831 (3088 bp)
				Next Alignment: 1751831 1755485 NODE_5_length_444826_cov_179.227036 141549 145203

			Align 152: 1751831 1755485 NODE_5_length_444826_cov_179.227036 141549 145203
				Gap between this and next alignment: 1755485 to 1755605 (119 bp)
				Next Alignment: 1755605 1772511 NODE_5_length_444826_cov_179.227036 145327 162205

			Align 153: 1755605 1772511 NODE_5_length_444826_cov_179.227036 145327 162205
				Negative gap (overlap) between this and next alignment: 1772511 to 1772374 (-137 bp)
				Next Alignment: 1772374 1794221 NODE_5_length_444826_cov_179.227036 162206 184030

			Previous gap was negative, modifying coordinates to ignore overlap
				Moving contig start from 162206 to 162323.
			Align 154: 1772512 1794221 NODE_5_length_444826_cov_179.227036 162323 184030
				Gap between this and next alignment: 1794221 to 1794984 (762 bp)
				Next Alignment: 1794984 1805064 NODE_5_length_444826_cov_179.227036 184031 194117

			Align 155: 1794984 1805064 NODE_5_length_444826_cov_179.227036 184031 194117
				Negative gap (overlap) between this and next alignment: 1805064 to 1805057 (-7 bp)
				Next Alignment: 1805057 1833139 NODE_5_length_444826_cov_179.227036 107860 79841

			Previous gap was negative, modifying coordinates to ignore overlap
				Moving contig start from 107860 to 107852.
			Align 156: 1805065 1833139 NODE_5_length_444826_cov_179.227036 107852 79841
				The next alignment (1805151 1805249 NODE_3_length_179628_cov_156.746414 55005 55103) is redundant. Skipping.
				Negative gap (overlap) between this and next alignment: 1833139 to 1832567 (-572 bp)
				Next Alignment: 1832567 1856176 NODE_5_length_444826_cov_179.227036 79840 56250

			Previous gap was negative, modifying coordinates to ignore overlap
				Moving contig start from 79840 to 79317.
			Align 158: 1833140 1856176 NODE_5_length_444826_cov_179.227036 79317 56250
			END in current alignment.  Modifying 1856176 to 1856176.

Analysis is finished!
Founded SNPs were written into /data/projects/Assembly/Aroon/reports/GCF_000465255.1_ASM46525v1_genomic/contigs_reports/nucmer_output/M05964_contigs.used_snps

Results:
	Local Misassemblies: 31
	Misassemblies: 74
		Relocations: 74
		Translocations: 0
		Inversions: 0
	Misassembled Contigs: 7
	Misassembled Contig Bases: 1292094
	Misassemblies Inter-Contig Overlap: 0
Uncovered Regions: 0 (0)
Unaligned Contigs: 3 + 5 part
Partially Unaligned Contigs with Misassemblies: 3
Unaligned Contig Bases: 361627

Ambiguously Mapped Contigs: 4
Total Bases in Ambiguously Mapped Contigs: 3488
Note that --allow-ambiguity option was set to "one" and only first alignment per each contig was used.

	Covered Bases: 1065114

	SNPs: 37264
	Insertions: 1029
	Deletions: 1198

	Positive Gaps: 125
		Internal Gaps:  72
		External Gaps:  53
		External Gap Total:  380393
		External Gap Average: 7177
	Negative Gaps: 21
		Internal Overlaps:  10
		External Overlaps:  11
		External Overlaps Total: -802
		External Overlaps Average: -73
	Contigs with Redundant Alignments: 4 (1893)
