Aligning contigs to reference...
	Running Nucmer
Parsing coords...
Loading reference...
	Loaded [NC_022356.1_Haemophilus_influenzae_KR494__complete_genome]
Loading SNPs...
Loading regions...
	No regions given, using whole reference.
	Total Regions: 1
	Total Region Length: 1856176
Analyzing contigs...
CONTIG: NODE_1_length_1866_cov_327.743286 (1992bp)
		This contig is unaligned. (1992 bp)
		Unaligned bases: 1992  total: 1992

CONTIG: NODE_4_length_14061_cov_138.316406 (14187bp)
		This contig is unaligned. (14187 bp)
		Unaligned bases: 14187  total: 16179

CONTIG: NODE_5_length_200242_cov_157.865829 (200368bp)
Top Length: 38893  Top ID: 95.45
		Skipping redundant alignment 856872 856950 | 7322 7400 | 79 79 | 100.0 | NC_022356.1_Haemophilus_influenzae_KR494__complete_genome NODE_5_length_200242_cov_157.865829
		Skipping redundant alignment 1736174 1736252 | 7400 7322 | 79 79 | 100.0 | NC_022356.1_Haemophilus_influenzae_KR494__complete_genome NODE_5_length_200242_cov_157.865829
		This contig is misassembled. 15 total aligns.
			Real Alignment 1: 1769809 1772526 | 7225 9924 | 2718 2700 | 95.4 | NC_022356.1_Haemophilus_influenzae_KR494__complete_genome NODE_5_length_200242_cov_157.865829
			  Overlap between these two alignments (local misassembly). Inconsistency = -132 
			Real Alignment 2: 1772734 1781540 | 10264 19070 | 8807 8807 | 96.37 | NC_022356.1_Haemophilus_influenzae_KR494__complete_genome NODE_5_length_200242_cov_157.865829
			  Gap between these two alignments (local misassembly). Inconsistency = 15 
			Excluding internal overlap of size 8 between Alignment 3 and 4:  1794976 1805064 | 31737 41830 | 10089 10094 --> 1794984 1805064 | 31745 41830 | 10081 10086
			Real Alignment 3: 1782190 1794221 | 19705 31744 | 12032 12040 | 95.11 | NC_022356.1_Haemophilus_influenzae_KR494__complete_genome NODE_5_length_200242_cov_157.865829
			  Gap between these two alignments (local misassembly). Inconsistency = 762 
			Real Alignment 4: 1794984 1805064 | 31745 41830 | 10081 10086 | 96.43 | NC_022356.1_Haemophilus_influenzae_KR494__complete_genome NODE_5_length_200242_cov_157.865829
			  Extensive misassembly ( relocation, inconsistency = -1684807 ) between these two alignments
			Real Alignment 5: 120757 120837 | 42330 42410 | 81 81 | 100.0 | NC_022356.1_Haemophilus_influenzae_KR494__complete_genome NODE_5_length_200242_cov_157.865829
			  Extensive misassembly ( relocation, inconsistency = -82034 ) between these two alignments
			Real Alignment 6: 46211 57013 | 60626 49818 | 10803 10809 | 95.86 | NC_022356.1_Haemophilus_influenzae_KR494__complete_genome NODE_5_length_200242_cov_157.865829
			  Extensive misassembly ( relocation, inconsistency = 48745 ) between these two alignments
			Real Alignment 7: 133639 142284 | 88507 97172 | 8646 8666 | 96.07 | NC_022356.1_Haemophilus_influenzae_KR494__complete_genome NODE_5_length_200242_cov_157.865829
			  Extensive misassembly ( relocation, inconsistency = -8059 ) between these two alignments
			Real Alignment 8: 142321 150230 | 105268 113176 | 7910 7909 | 97.22 | NC_022356.1_Haemophilus_influenzae_KR494__complete_genome NODE_5_length_200242_cov_157.865829
			  Gap between these two alignments (local misassembly). Inconsistency = 129 
			Real Alignment 9: 153226 153947 | 116043 116765 | 722 723 | 96.69 | NC_022356.1_Haemophilus_influenzae_KR494__complete_genome NODE_5_length_200242_cov_157.865829
			  Extensive misassembly ( relocation, inconsistency = 170905 ) between these two alignments
			Real Alignment 10: 326201 365086 | 157006 118114 | 38886 38893 | 95.45 | NC_022356.1_Haemophilus_influenzae_KR494__complete_genome NODE_5_length_200242_cov_157.865829
			  Gap between these two alignments (local misassembly). Inconsistency = 134 
			Real Alignment 11: 320620 326056 | 162451 157017 | 5437 5435 | 95.57 | NC_022356.1_Haemophilus_influenzae_KR494__complete_genome NODE_5_length_200242_cov_157.865829
			  Extensive misassembly ( relocation, inconsistency = -140882 ) between these two alignments
			Real Alignment 12: 194632 196639 | 171909 173920 | 2008 2012 | 97.52 | NC_022356.1_Haemophilus_influenzae_KR494__complete_genome NODE_5_length_200242_cov_157.865829
			  Extensive misassembly ( relocation, inconsistency = 1386 ) between these two alignments
			Real Alignment 13: 204046 220591 | 179941 196485 | 16546 16545 | 95.74 | NC_022356.1_Haemophilus_influenzae_KR494__complete_genome NODE_5_length_200242_cov_157.865829

CONTIG: NODE_6_length_305742_cov_137.956314 (305868bp)
Top Length: 27101  Top ID: 95.45
			Skipping redundant alignments which significantly overlap with adjacent alignments
		Skipping redundant alignment 637729 642520 | 247271 242505 | 4792 4767 | 96.89 | NC_022356.1_Haemophilus_influenzae_KR494__complete_genome NODE_6_length_305742_cov_137.956314
		This contig is misassembled. 20 total aligns.
			Real Alignment 1: 1280214 1296515 | 2389 18701 | 16302 16313 | 95.61 | NC_022356.1_Haemophilus_influenzae_KR494__complete_genome NODE_6_length_305742_cov_137.956314
			  Extensive misassembly ( relocation, inconsistency = 3089 ) between these two alignments
			Excluding internal overlap of size 10 between Alignment 2 and 3:  1310536 1311433 | 29633 30532 | 898 900 --> 1310536 1311423 | 29633 30522 | 888 890
			Real Alignment 2: 1310536 1311423 | 29633 30522 | 888 890 | 97.11 | NC_022356.1_Haemophilus_influenzae_KR494__complete_genome NODE_6_length_305742_cov_137.956314
			  Gap between these two alignments (local misassembly). Inconsistency = 987 
			Real Alignment 3: 1312411 1329207 | 30523 47340 | 16797 16818 | 95.87 | NC_022356.1_Haemophilus_influenzae_KR494__complete_genome NODE_6_length_305742_cov_137.956314
			  Extensive misassembly ( relocation, inconsistency = -406052 ) between these two alignments
			Real Alignment 4: 923335 926208 | 50404 47520 | 2874 2885 | 95.77 | NC_022356.1_Haemophilus_influenzae_KR494__complete_genome NODE_6_length_305742_cov_137.956314
			  Overlap between these two alignments (local misassembly). Inconsistency = -3 
			Real Alignment 5: 896561 923132 | 77169 50610 | 26572 26560 | 96.21 | NC_022356.1_Haemophilus_influenzae_KR494__complete_genome NODE_6_length_305742_cov_137.956314
			  Extensive misassembly ( relocation, inconsistency = -576455 ) between these two alignments
			Real Alignment 6: 1455217 1457912 | 94972 92273 | 2696 2700 | 95.07 | NC_022356.1_Haemophilus_influenzae_KR494__complete_genome NODE_6_length_305742_cov_137.956314
			  Extensive misassembly ( relocation, inconsistency = 24069 ) between these two alignments
			Real Alignment 7: 1483574 1492031 | 96565 105031 | 8458 8467 | 95.33 | NC_022356.1_Haemophilus_influenzae_KR494__complete_genome NODE_6_length_305742_cov_137.956314
			  Gap between these two alignments (local misassembly). Inconsistency = 673 
			Real Alignment 8: 1492738 1502726 | 105065 115052 | 9989 9988 | 95.87 | NC_022356.1_Haemophilus_influenzae_KR494__complete_genome NODE_6_length_305742_cov_137.956314
			  Overlap between these two alignments (local misassembly). Inconsistency = -164 
			Real Alignment 9: 1502726 1529771 | 115216 142316 | 27046 27101 | 95.45 | NC_022356.1_Haemophilus_influenzae_KR494__complete_genome NODE_6_length_305742_cov_137.956314
			  Extensive misassembly ( relocation, inconsistency = -748159 ) between these two alignments
			Excluding internal overlap of size 167 between Alignment 10 and 11:  782120 797668 | 158372 142824 | 15549 15549 --> 782287 797668 | 158205 142824 | 15382 15382
			Real Alignment 10: 782287 797668 | 158205 142824 | 15382 15382 | 99.86 | NC_022356.1_Haemophilus_influenzae_KR494__complete_genome NODE_6_length_305742_cov_137.956314
			  Extensive misassembly ( relocation, inconsistency = 3991 ) between these two alignments
			Real Alignment 11: 752627 778295 | 183883 158206 | 25669 25678 | 98.7 | NC_022356.1_Haemophilus_influenzae_KR494__complete_genome NODE_6_length_305742_cov_137.956314
			  Overlap between these two alignments (local misassembly). Inconsistency = -34 
			Real Alignment 12: 743358 752450 | 193191 184094 | 9093 9098 | 95.05 | NC_022356.1_Haemophilus_influenzae_KR494__complete_genome NODE_6_length_305742_cov_137.956314
			  Gap between these two alignments (local misassembly). Inconsistency = 15 
			Real Alignment 13: 729063 743052 | 207469 193482 | 13990 13988 | 95.94 | NC_022356.1_Haemophilus_influenzae_KR494__complete_genome NODE_6_length_305742_cov_137.956314
			  Extensive misassembly ( relocation, inconsistency = 46147 ) between these two alignments
			Real Alignment 14: 666431 674091 | 223957 216294 | 7661 7664 | 98.29 | NC_022356.1_Haemophilus_influenzae_KR494__complete_genome NODE_6_length_305742_cov_137.956314
			  Gap between these two alignments (local misassembly). Inconsistency = 817 
			Real Alignment 15: 642625 663071 | 246958 226500 | 20447 20459 | 96.35 | NC_022356.1_Haemophilus_influenzae_KR494__complete_genome NODE_6_length_305742_cov_137.956314
			  Extensive misassembly ( relocation, inconsistency = 4869 ) between these two alignments
			Real Alignment 16: 633086 637753 | 251614 246961 | 4668 4654 | 96.7 | NC_022356.1_Haemophilus_influenzae_KR494__complete_genome NODE_6_length_305742_cov_137.956314
			  Overlap between these two alignments (local misassembly). Inconsistency = -286 
			Real Alignment 17: 624399 627138 | 260586 257848 | 2740 2739 | 96.86 | NC_022356.1_Haemophilus_influenzae_KR494__complete_genome NODE_6_length_305742_cov_137.956314
			  Extensive misassembly ( relocation, inconsistency = -1059 ) between these two alignments
			Real Alignment 18: 604250 620992 | 281796 265052 | 16743 16745 | 96.64 | NC_022356.1_Haemophilus_influenzae_KR494__complete_genome NODE_6_length_305742_cov_137.956314
			  Extensive misassembly ( relocation, inconsistency = 2404 ) between these two alignments
			Real Alignment 19: 580565 601810 | 303085 281832 | 21246 21254 | 98.33 | NC_022356.1_Haemophilus_influenzae_KR494__complete_genome NODE_6_length_305742_cov_137.956314

CONTIG: NODE_9_length_10305_cov_156.146530 (10431bp)
Top Length: 125  Top ID: 97.6
		Skipping redundant alignment 1661690 1661769 | 125 46 | 80 80 | 98.75 | NC_022356.1_Haemophilus_influenzae_KR494__complete_genome NODE_9_length_10305_cov_156.146530
		This contig is misassembled. 3 total aligns.
			Warning! This contig is more unaligned than misassembled. Contig length is 10431 and total length of all aligns is 249
		Alignment: 1661769 1661892 | 124 1 | 124 124 | 96.77 | NC_022356.1_Haemophilus_influenzae_KR494__complete_genome NODE_9_length_10305_cov_156.146530
		Alignment: 266331 266455 | 10307 10431 | 125 125 | 97.6 | NC_022356.1_Haemophilus_influenzae_KR494__complete_genome NODE_9_length_10305_cov_156.146530
		Unaligned bases: 10182
CONTIG: NODE_10_length_70088_cov_157.618210 (70214bp)
Top Length: 11142  Top ID: 96.45
		Skipping redundant alignment 1667487 1667673 | 70214 70027 | 187 188 | 97.87 | NC_022356.1_Haemophilus_influenzae_KR494__complete_genome NODE_10_length_70088_cov_157.618210
		Skipping redundant alignment 1634387 1634541 | 70214 70059 | 155 156 | 98.08 | NC_022356.1_Haemophilus_influenzae_KR494__complete_genome NODE_10_length_70088_cov_157.618210
		Skipping redundant alignment 240819 240950 | 70214 70082 | 132 133 | 96.99 | NC_022356.1_Haemophilus_influenzae_KR494__complete_genome NODE_10_length_70088_cov_157.618210
		This contig is misassembled. 10 total aligns.
			Warning! This contig is more unaligned than misassembled. Contig length is 70214 and total length of all aligns is 33116
		Alignment: 306829 310501 | 12535 16216 | 3673 3682 | 95.98 | NC_022356.1_Haemophilus_influenzae_KR494__complete_genome NODE_10_length_70088_cov_157.618210
		Alignment: 409428 420566 | 32210 21069 | 11139 11142 | 96.45 | NC_022356.1_Haemophilus_influenzae_KR494__complete_genome NODE_10_length_70088_cov_157.618210
		Alignment: 406540 409415 | 33038 30160 | 2876 2879 | 99.03 | NC_022356.1_Haemophilus_influenzae_KR494__complete_genome NODE_10_length_70088_cov_157.618210
		Alignment: 404181 406536 | 35307 32940 | 2356 2368 | 97.64 | NC_022356.1_Haemophilus_influenzae_KR494__complete_genome NODE_10_length_70088_cov_157.618210
		Alignment: 379958 384258 | 57279 52978 | 4301 4302 | 97.12 | NC_022356.1_Haemophilus_influenzae_KR494__complete_genome NODE_10_length_70088_cov_157.618210
		Alignment: 368948 377191 | 67544 59312 | 8244 8233 | 96.9 | NC_022356.1_Haemophilus_influenzae_KR494__complete_genome NODE_10_length_70088_cov_157.618210
		Alignment: 184529 187184 | 70214 67555 | 2656 2660 | 97.07 | NC_022356.1_Haemophilus_influenzae_KR494__complete_genome NODE_10_length_70088_cov_157.618210
		Unaligned bases: 37098
		This contig has both significant aligned and unaligned parts (of length >= min-contig)!
CONTIG: NODE_11_length_27693_cov_160.142822 (27819bp)
Top Length: 18559  Top ID: 96.13
		Skipping redundant alignment 184528 184683 | 1 158 | 156 158 | 97.47 | NC_022356.1_Haemophilus_influenzae_KR494__complete_genome NODE_11_length_27693_cov_160.142822
		Skipping redundant alignment 1667486 1667641 | 1 158 | 156 158 | 97.47 | NC_022356.1_Haemophilus_influenzae_KR494__complete_genome NODE_11_length_27693_cov_160.142822
		Skipping redundant alignment 240818 240942 | 1 126 | 125 126 | 98.41 | NC_022356.1_Haemophilus_influenzae_KR494__complete_genome NODE_11_length_27693_cov_160.142822
		Skipping redundant alignment 1724296 1724375 | 15784 15863 | 80 80 | 100.0 | NC_022356.1_Haemophilus_influenzae_KR494__complete_genome NODE_11_length_27693_cov_160.142822
		Skipping redundant alignment 178913 179038 | 27694 27819 | 126 126 | 96.83 | NC_022356.1_Haemophilus_influenzae_KR494__complete_genome NODE_11_length_27693_cov_160.142822
		Skipping redundant alignment 235204 235329 | 27694 27819 | 126 126 | 96.83 | NC_022356.1_Haemophilus_influenzae_KR494__complete_genome NODE_11_length_27693_cov_160.142822
		Skipping redundant alignment 1436890 1437015 | 27694 27819 | 126 126 | 96.83 | NC_022356.1_Haemophilus_influenzae_KR494__complete_genome NODE_11_length_27693_cov_160.142822
		Skipping redundant alignment 1628772 1628897 | 27694 27819 | 126 126 | 96.83 | NC_022356.1_Haemophilus_influenzae_KR494__complete_genome NODE_11_length_27693_cov_160.142822
		Skipping redundant alignment 1718651 1718776 | 27694 27819 | 126 126 | 96.83 | NC_022356.1_Haemophilus_influenzae_KR494__complete_genome NODE_11_length_27693_cov_160.142822
		Skipping redundant alignment 1661769 1661893 | 27695 27819 | 125 125 | 96.8 | NC_022356.1_Haemophilus_influenzae_KR494__complete_genome NODE_11_length_27693_cov_160.142822
		This contig is misassembled. 13 total aligns.
			Real Alignment 1: 1634386 1652961 | 1 18559 | 18576 18559 | 96.13 | NC_022356.1_Haemophilus_influenzae_KR494__complete_genome NODE_11_length_27693_cov_160.142822
			  Extensive misassembly ( relocation, inconsistency = 86817 ) between these two alignments
			Real Alignment 2: 1748658 1748742 | 27439 27523 | 85 85 | 100.0 | NC_022356.1_Haemophilus_influenzae_KR494__complete_genome NODE_11_length_27693_cov_160.142822
			  Extensive misassembly ( relocation, inconsistency = -87223 ) between these two alignments
			Real Alignment 3: 1661565 1661769 | 27569 27773 | 205 205 | 98.05 | NC_022356.1_Haemophilus_influenzae_KR494__complete_genome NODE_11_length_27693_cov_160.142822

CONTIG: NODE_12_length_76973_cov_147.809525 (77099bp)
Top Length: 513  Top ID: 96.69
		Skipping redundant alignment 75767 75857 | 29340 29430 | 91 91 | 100.0 | NC_022356.1_Haemophilus_influenzae_KR494__complete_genome NODE_12_length_76973_cov_147.809525
		This contig is misassembled. 6 total aligns.
			Warning! This contig is more unaligned than misassembled. Contig length is 77099 and total length of all aligns is 1479
		Alignment: 1029513 1029730 | 1698 1481 | 218 218 | 97.25 | NC_022356.1_Haemophilus_influenzae_KR494__complete_genome NODE_12_length_76973_cov_147.809525
		Alignment: 716967 717186 | 2148 1929 | 220 220 | 96.36 | NC_022356.1_Haemophilus_influenzae_KR494__complete_genome NODE_12_length_76973_cov_147.809525
		Alignment: 715505 716017 | 2660 2148 | 513 513 | 96.69 | NC_022356.1_Haemophilus_influenzae_KR494__complete_genome NODE_12_length_76973_cov_147.809525
		Alignment: 75766 75857 | 29335 29426 | 92 92 | 100.0 | NC_022356.1_Haemophilus_influenzae_KR494__complete_genome NODE_12_length_76973_cov_147.809525
		Alignment: 1237654 1238094 | 43757 43321 | 441 437 | 96.37 | NC_022356.1_Haemophilus_influenzae_KR494__complete_genome NODE_12_length_76973_cov_147.809525
		Unaligned bases: 75620
		This contig has both significant aligned and unaligned parts (of length >= min-contig)!
CONTIG: NODE_13_length_61744_cov_120.733742 (61870bp)
Top Length: 11359  Top ID: 95.66
		Skipping redundant alignment 1370928 1374754 | 3767 7592 | 3827 3826 | 95.23 | NC_022356.1_Haemophilus_influenzae_KR494__complete_genome NODE_13_length_61744_cov_120.733742
		Skipping redundant alignment 1661690 1661769 | 61650 61729 | 80 80 | 98.75 | NC_022356.1_Haemophilus_influenzae_KR494__complete_genome NODE_13_length_61744_cov_120.733742
			Skipping redundant alignments after choosing the best set of alignments
		Skipping redundant alignment 1735957 1736034 | 39955 40032 | 78 78 | 100.0 | NC_022356.1_Haemophilus_influenzae_KR494__complete_genome NODE_13_length_61744_cov_120.733742
		This contig is misassembled. 9 total aligns.
			Warning! This contig is more unaligned than misassembled. Contig length is 61870 and total length of all aligns is 27943
		Alignment: 1361404 1368969 | 34 7598 | 7566 7565 | 95.29 | NC_022356.1_Haemophilus_influenzae_KR494__complete_genome NODE_13_length_61744_cov_120.733742
		Alignment: 1389815 1401165 | 22695 34053 | 11351 11359 | 95.66 | NC_022356.1_Haemophilus_influenzae_KR494__complete_genome NODE_13_length_61744_cov_120.733742
		Alignment: 1401215 1405893 | 35260 39937 | 4679 4678 | 98.18 | NC_022356.1_Haemophilus_influenzae_KR494__complete_genome NODE_13_length_61744_cov_120.733742
		Alignment: 857193 857270 | 40032 39955 | 78 78 | 100.0 | NC_022356.1_Haemophilus_influenzae_KR494__complete_genome NODE_13_length_61744_cov_120.733742
		Alignment: 1431646 1435748 | 57438 61555 | 4103 4118 | 95.34 | NC_022356.1_Haemophilus_influenzae_KR494__complete_genome NODE_13_length_61744_cov_120.733742
		Alignment: 1661769 1661910 | 61651 61795 | 142 145 | 95.17 | NC_022356.1_Haemophilus_influenzae_KR494__complete_genome NODE_13_length_61744_cov_120.733742
		Unaligned bases: 33927
		This contig has both significant aligned and unaligned parts (of length >= min-contig)!
CONTIG: NODE_14_length_6974_cov_267.165039 (7100bp)
		This contig is unaligned. (7100 bp)
		Unaligned bases: 7100  total: 23279

CONTIG: NODE_15_length_164826_cov_120.856506 (164952bp)
Top Length: 37588  Top ID: 95.15
		Skipping redundant alignment 1572512 1572610 | 117685 117587 | 99 99 | 100.0 | NC_022356.1_Haemophilus_influenzae_KR494__complete_genome NODE_15_length_164826_cov_120.856506
		This contig is misassembled. 13 total aligns.
			Real Alignment 1: 1667467 1676174 | 1 8711 | 8708 8711 | 95.4 | NC_022356.1_Haemophilus_influenzae_KR494__complete_genome NODE_15_length_164826_cov_120.856506
			  Extensive misassembly ( relocation, inconsistency = -1622728 ) between these two alignments
			Real Alignment 2: 57970 67214 | 22477 13235 | 9245 9243 | 96.36 | NC_022356.1_Haemophilus_influenzae_KR494__complete_genome NODE_15_length_164826_cov_120.856506
			  Extensive misassembly ( relocation, inconsistency = 13233 ) between these two alignments
			Excluding internal overlap of size 9 between Alignment 3 and 4:  244 1459 | 66970 65755 | 1216 1216 --> 253 1459 | 66961 65755 | 1207 1207
			Real Alignment 3: 253 1459 | 66961 65755 | 1207 1207 | 97.37 | NC_022356.1_Haemophilus_influenzae_KR494__complete_genome NODE_15_length_164826_cov_120.856506
			  Gap between these two alignments (local misassembly). Inconsistency = 401 (linear representation of circular genome)
			Real Alignment 4: 1851197 1856027 | 71792 66962 | 4831 4831 | 96.38 | NC_022356.1_Haemophilus_influenzae_KR494__complete_genome NODE_15_length_164826_cov_120.856506
			  Fake misassembly between these two alignments: inconsistency = -7 , gap in the contig is small or absent or filled mostly with Ns (long indel: insertion of length 7; 0 mismatches)
			Real Alignment 5: 1813469 1851068 | 109515 71928 | 37600 37588 | 95.15 | NC_022356.1_Haemophilus_influenzae_KR494__complete_genome NODE_15_length_164826_cov_120.856506
			  Gap between these two alignments (local misassembly). Inconsistency = 148 
			Real Alignment 6: 1805057 1805565 | 117779 117271 | 509 509 | 95.69 | NC_022356.1_Haemophilus_influenzae_KR494__complete_genome NODE_15_length_164826_cov_120.856506
			  Extensive misassembly ( relocation, inconsistency = 1684305 ) between these two alignments
			Excluding internal overlap of size 1 between Alignment 7 and 8:  96985 107173 | 141363 131175 | 10189 10189 --> 96985 107172 | 141363 131176 | 10188 10188
			Real Alignment 7: 107357 118139 | 131175 120392 | 10783 10784 | 96.4 | NC_022356.1_Haemophilus_influenzae_KR494__complete_genome NODE_15_length_164826_cov_120.856506
			  Gap between these two alignments (local misassembly). Inconsistency = 184 
			Real Alignment 8: 96985 107172 | 141363 131176 | 10188 10188 | 96.05 | NC_022356.1_Haemophilus_influenzae_KR494__complete_genome NODE_15_length_164826_cov_120.856506
			  Extensive misassembly ( relocation, inconsistency = -32437 ) between these two alignments
			Real Alignment 9: 75767 75895 | 142395 142522 | 129 128 | 96.9 | NC_022356.1_Haemophilus_influenzae_KR494__complete_genome NODE_15_length_164826_cov_120.856506
			  Extensive misassembly ( relocation, inconsistency = 44655 ) between these two alignments
			Real Alignment 10: 120757 123992 | 142729 145964 | 3236 3236 | 95.83 | NC_022356.1_Haemophilus_influenzae_KR494__complete_genome NODE_15_length_164826_cov_120.856506
			  Extensive misassembly ( relocation, inconsistency = 1627745 ) between these two alignments
			Real Alignment 11: 1751830 1755609 | 146057 149836 | 3780 3780 | 95.95 | NC_022356.1_Haemophilus_influenzae_KR494__complete_genome NODE_15_length_164826_cov_120.856506
			  Overlap between these two alignments (local misassembly). Inconsistency = -501 
			Real Alignment 12: 1755611 1769857 | 150339 164580 | 14247 14242 | 96.72 | NC_022356.1_Haemophilus_influenzae_KR494__complete_genome NODE_15_length_164826_cov_120.856506

CONTIG: NODE_16_length_1623_cov_754.963623 (1749bp)
Top Length: 711  Top ID: 98.18
			Skipping redundant alignments after choosing the best set of alignments
		Skipping redundant alignment 237053 237242 | 1 190 | 190 190 | 96.32 | NC_022356.1_Haemophilus_influenzae_KR494__complete_genome NODE_16_length_1623_cov_754.963623
		Skipping redundant alignment 237248 237869 | 309 930 | 622 622 | 100.0 | NC_022356.1_Haemophilus_influenzae_KR494__complete_genome NODE_16_length_1623_cov_754.963623
		Skipping redundant alignment 237874 238585 | 1039 1749 | 712 711 | 98.18 | NC_022356.1_Haemophilus_influenzae_KR494__complete_genome NODE_16_length_1623_cov_754.963623
		Skipping redundant alignment 1438739 1438928 | 1 190 | 190 190 | 96.32 | NC_022356.1_Haemophilus_influenzae_KR494__complete_genome NODE_16_length_1623_cov_754.963623
		Skipping redundant alignment 1438934 1439555 | 309 930 | 622 622 | 100.0 | NC_022356.1_Haemophilus_influenzae_KR494__complete_genome NODE_16_length_1623_cov_754.963623
		Skipping redundant alignment 1439560 1440271 | 1039 1749 | 712 711 | 98.18 | NC_022356.1_Haemophilus_influenzae_KR494__complete_genome NODE_16_length_1623_cov_754.963623
		Skipping redundant alignment 1630621 1630810 | 1 190 | 190 190 | 96.32 | NC_022356.1_Haemophilus_influenzae_KR494__complete_genome NODE_16_length_1623_cov_754.963623
		Skipping redundant alignment 1630816 1631437 | 309 930 | 622 622 | 100.0 | NC_022356.1_Haemophilus_influenzae_KR494__complete_genome NODE_16_length_1623_cov_754.963623
		Skipping redundant alignment 1631442 1632153 | 1039 1749 | 712 711 | 98.18 | NC_022356.1_Haemophilus_influenzae_KR494__complete_genome NODE_16_length_1623_cov_754.963623
		Skipping redundant alignment 1663721 1663910 | 1 190 | 190 190 | 96.32 | NC_022356.1_Haemophilus_influenzae_KR494__complete_genome NODE_16_length_1623_cov_754.963623
		Skipping redundant alignment 1663916 1664537 | 309 930 | 622 622 | 100.0 | NC_022356.1_Haemophilus_influenzae_KR494__complete_genome NODE_16_length_1623_cov_754.963623
		Skipping redundant alignment 1664542 1665253 | 1039 1749 | 712 711 | 98.18 | NC_022356.1_Haemophilus_influenzae_KR494__complete_genome NODE_16_length_1623_cov_754.963623
		Skipping redundant alignment 1720500 1720689 | 1 190 | 190 190 | 96.32 | NC_022356.1_Haemophilus_influenzae_KR494__complete_genome NODE_16_length_1623_cov_754.963623
		Skipping redundant alignment 1720695 1721316 | 309 930 | 622 622 | 100.0 | NC_022356.1_Haemophilus_influenzae_KR494__complete_genome NODE_16_length_1623_cov_754.963623
		Skipping redundant alignment 1721321 1722032 | 1039 1749 | 712 711 | 98.18 | NC_022356.1_Haemophilus_influenzae_KR494__complete_genome NODE_16_length_1623_cov_754.963623
		This contig is misassembled. 18 total aligns.
			Real Alignment 1: 180762 180951 | 1 190 | 190 190 | 96.32 | NC_022356.1_Haemophilus_influenzae_KR494__complete_genome NODE_16_length_1623_cov_754.963623
			  Overlap between these two alignments (local misassembly). Inconsistency = -113 
			Real Alignment 2: 180957 181578 | 309 930 | 622 622 | 100.0 | NC_022356.1_Haemophilus_influenzae_KR494__complete_genome NODE_16_length_1623_cov_754.963623
			  Overlap between these two alignments (local misassembly). Inconsistency = -104 
			Real Alignment 3: 181583 182294 | 1039 1749 | 712 711 | 98.18 | NC_022356.1_Haemophilus_influenzae_KR494__complete_genome NODE_16_length_1623_cov_754.963623

CONTIG: NODE_17_length_678_cov_443.811218 (804bp)
Top Length: 178  Top ID: 98.31
		This contig is partially unaligned. (Aligned 178 out of 804 bases)
		Alignment: 1440526 1440703 | 627 804 | 178 178 | 98.31 | NC_022356.1_Haemophilus_influenzae_KR494__complete_genome NODE_17_length_678_cov_443.811218
		Unaligned bases: 1 to 626 (626)

CONTIG: NODE_18_length_8645_cov_125.807518 (8771bp)
		This contig is unaligned. (8771 bp)
		Unaligned bases: 8771  total: 32050

CONTIG: NODE_19_length_4174_cov_148.450882 (4300bp)
		This contig is unaligned. (4300 bp)
		Unaligned bases: 4300  total: 36350

CONTIG: NODE_20_length_79421_cov_141.900635 (79547bp)
Top Length: 17684  Top ID: 96.33
		This contig is misassembled. 7 total aligns.
			Real Alignment 1: 1080220 1091969 | 460 12207 | 11750 11748 | 95.18 | NC_022356.1_Haemophilus_influenzae_KR494__complete_genome NODE_20_length_79421_cov_141.900635
			  Extensive misassembly ( relocation, inconsistency = -5617 ) between these two alignments
			Real Alignment 2: 1094801 1103326 | 20656 29181 | 8526 8526 | 95.58 | NC_022356.1_Haemophilus_influenzae_KR494__complete_genome NODE_20_length_79421_cov_141.900635
			  Extensive misassembly ( relocation, inconsistency = 95167 ) between these two alignments
			Real Alignment 3: 1198552 1203153 | 33844 29240 | 4602 4605 | 95.53 | NC_022356.1_Haemophilus_influenzae_KR494__complete_genome NODE_20_length_79421_cov_141.900635
			  Extensive misassembly ( relocation, inconsistency = -37195 ) between these two alignments
			Real Alignment 4: 1222700 1223532 | 46891 46059 | 833 833 | 98.08 | NC_022356.1_Haemophilus_influenzae_KR494__complete_genome NODE_20_length_79421_cov_141.900635
			  Gap between these two alignments (local misassembly). Inconsistency = 716 
			Real Alignment 5: 1203169 1220912 | 65646 47963 | 17744 17684 | 96.33 | NC_022356.1_Haemophilus_influenzae_KR494__complete_genome NODE_20_length_79421_cov_141.900635
			  Extensive misassembly ( relocation, inconsistency = -117640 ) between these two alignments
			Real Alignment 6: 1103330 1104911 | 65704 67285 | 1582 1582 | 95.51 | NC_022356.1_Haemophilus_influenzae_KR494__complete_genome NODE_20_length_79421_cov_141.900635
			  Extensive misassembly ( relocation, inconsistency = 51519 ) between these two alignments
			Real Alignment 7: 1163334 1164504 | 75359 74189 | 1171 1171 | 98.21 | NC_022356.1_Haemophilus_influenzae_KR494__complete_genome NODE_20_length_79421_cov_141.900635

CONTIG: NODE_21_length_3971_cov_270.450012 (4097bp)
		This contig is unaligned. (4097 bp)
		Unaligned bases: 4097  total: 40447

CONTIG: NODE_22_length_1236_cov_123.345467 (1362bp)
		This contig is unaligned. (1362 bp)
		Unaligned bases: 1362  total: 41809

CONTIG: NODE_23_length_2046_cov_141.985825 (2172bp)
		This contig is unaligned. (2172 bp)
		Unaligned bases: 2172  total: 43981

CONTIG: NODE_24_length_1136_cov_317.318665 (1262bp)
Top Length: 1262  Top ID: 96.91
		This contig has 2 significant alignments. [An ambiguously mapped contig]
		Using only first of these alignment (option --ambiguity-usage is set to "one"):
		Alignment: 223715 224976 | 1 1262 | 1262 1262 | 96.91 | NC_022356.1_Haemophilus_influenzae_KR494__complete_genome NODE_24_length_1136_cov_317.318665
		Skipping alignment  266331 267591 | 1261 1 | 1261 1261 | 96.91 | NC_022356.1_Haemophilus_influenzae_KR494__complete_genome NODE_24_length_1136_cov_317.318665

CONTIG: NODE_25_length_5391_cov_251.194031 (5517bp)
		This contig is unaligned. (5517 bp)
		Unaligned bases: 5517  total: 49498

CONTIG: NODE_26_length_1133_cov_637.275391 (1259bp)
Top Length: 1259  Top ID: 97.62
		This contig has 6 significant alignments. [An ambiguously mapped contig]
		Using only first of these alignment (option --ambiguity-usage is set to "one"):
		Alignment: 179500 180760 | 1259 1 | 1261 1259 | 97.62 | NC_022356.1_Haemophilus_influenzae_KR494__complete_genome NODE_26_length_1133_cov_637.275391
		Skipping alignment  235791 237051 | 1259 1 | 1261 1259 | 97.62 | NC_022356.1_Haemophilus_influenzae_KR494__complete_genome NODE_26_length_1133_cov_637.275391
		Skipping alignment  1437477 1438737 | 1259 1 | 1261 1259 | 97.62 | NC_022356.1_Haemophilus_influenzae_KR494__complete_genome NODE_26_length_1133_cov_637.275391
		Skipping alignment  1629359 1630619 | 1259 1 | 1261 1259 | 97.62 | NC_022356.1_Haemophilus_influenzae_KR494__complete_genome NODE_26_length_1133_cov_637.275391
		Skipping alignment  1662459 1663719 | 1259 1 | 1261 1259 | 97.62 | NC_022356.1_Haemophilus_influenzae_KR494__complete_genome NODE_26_length_1133_cov_637.275391
		Skipping alignment  1719238 1720498 | 1259 1 | 1261 1259 | 97.62 | NC_022356.1_Haemophilus_influenzae_KR494__complete_genome NODE_26_length_1133_cov_637.275391

CONTIG: NODE_27_length_520_cov_653.528870 (646bp)
		This contig is unaligned. (646 bp)
		Unaligned bases: 646  total: 50144

CONTIG: NODE_28_length_25356_cov_157.250427 (25482bp)
Top Length: 8139  Top ID: 95.1
		Skipping redundant alignment 1442096 1442401 | 1 309 | 306 309 | 97.09 | NC_022356.1_Haemophilus_influenzae_KR494__complete_genome NODE_28_length_25356_cov_157.250427
		Skipping redundant alignment 184362 184659 | 1 299 | 298 299 | 98.33 | NC_022356.1_Haemophilus_influenzae_KR494__complete_genome NODE_28_length_25356_cov_157.250427
		Skipping redundant alignment 1634221 1634517 | 1 299 | 297 299 | 97.32 | NC_022356.1_Haemophilus_influenzae_KR494__complete_genome NODE_28_length_25356_cov_157.250427
		Skipping redundant alignment 1667321 1667617 | 1 299 | 297 299 | 97.32 | NC_022356.1_Haemophilus_influenzae_KR494__complete_genome NODE_28_length_25356_cov_157.250427
		Skipping redundant alignment 1724100 1724293 | 1 195 | 194 195 | 97.95 | NC_022356.1_Haemophilus_influenzae_KR494__complete_genome NODE_28_length_25356_cov_157.250427
		Skipping redundant alignment 224851 224976 | 25482 25357 | 126 126 | 97.62 | NC_022356.1_Haemophilus_influenzae_KR494__complete_genome NODE_28_length_25356_cov_157.250427
		This contig is misassembled. 10 total aligns.
			Real Alignment 1: 240653 248803 | 1 8139 | 8151 8139 | 95.1 | NC_022356.1_Haemophilus_influenzae_KR494__complete_genome NODE_28_length_25356_cov_157.250427
			  Extensive misassembly ( relocation, inconsistency = -2818 ) between these two alignments
			Real Alignment 2: 250728 252791 | 12882 14946 | 2064 2065 | 95.69 | NC_022356.1_Haemophilus_influenzae_KR494__complete_genome NODE_28_length_25356_cov_157.250427
			  Extensive misassembly ( relocation, inconsistency = 3977 ) between these two alignments
			Real Alignment 3: 258174 260235 | 16352 18413 | 2062 2062 | 95.79 | NC_022356.1_Haemophilus_influenzae_KR494__complete_genome NODE_28_length_25356_cov_157.250427
			  Overlap between these two alignments (local misassembly). Inconsistency = -866 
			Real Alignment 4: 260619 266455 | 19663 25482 | 5837 5820 | 97.31 | NC_022356.1_Haemophilus_influenzae_KR494__complete_genome NODE_28_length_25356_cov_157.250427

CONTIG: NODE_30_length_22329_cov_132.361191 (22455bp)
		This contig is unaligned. (22455 bp)
		Unaligned bases: 22455  total: 72599

CONTIG: NODE_31_length_433_cov_382.521942 (559bp)
Top Length: 559  Top ID: 96.43
		Marking as insignificant: 1722530 1722707 | 178 1 | 178 178 | 98.88 | NC_022356.1_Haemophilus_influenzae_KR494__complete_genome NODE_31_length_433_cov_382.521942
		Marking as insignificant: 1665751 1665928 | 178 1 | 178 178 | 98.88 | NC_022356.1_Haemophilus_influenzae_KR494__complete_genome NODE_31_length_433_cov_382.521942
		Marking as insignificant: 1632651 1632828 | 178 1 | 178 178 | 98.88 | NC_022356.1_Haemophilus_influenzae_KR494__complete_genome NODE_31_length_433_cov_382.521942
		Marking as insignificant: 239083 239260 | 178 1 | 178 178 | 98.88 | NC_022356.1_Haemophilus_influenzae_KR494__complete_genome NODE_31_length_433_cov_382.521942
		Marking as insignificant: 182792 182969 | 178 1 | 178 178 | 98.88 | NC_022356.1_Haemophilus_influenzae_KR494__complete_genome NODE_31_length_433_cov_382.521942
		Marking as insignificant: 1721906 1722106 | 559 360 | 201 200 | 95.05 | NC_022356.1_Haemophilus_influenzae_KR494__complete_genome NODE_31_length_433_cov_382.521942
		Marking as insignificant: 1665127 1665327 | 559 360 | 201 200 | 95.05 | NC_022356.1_Haemophilus_influenzae_KR494__complete_genome NODE_31_length_433_cov_382.521942
		Marking as insignificant: 1632027 1632227 | 559 360 | 201 200 | 95.05 | NC_022356.1_Haemophilus_influenzae_KR494__complete_genome NODE_31_length_433_cov_382.521942
		Marking as insignificant: 238459 238659 | 559 360 | 201 200 | 95.05 | NC_022356.1_Haemophilus_influenzae_KR494__complete_genome NODE_31_length_433_cov_382.521942
		Marking as insignificant: 182168 182368 | 559 360 | 201 200 | 95.05 | NC_022356.1_Haemophilus_influenzae_KR494__complete_genome NODE_31_length_433_cov_382.521942
		One align captures most of this contig: 1440145 1440703 | 559 1 | 559 559 | 96.43 | NC_022356.1_Haemophilus_influenzae_KR494__complete_genome NODE_31_length_433_cov_382.521942

CONTIG: NODE_33_length_1214_cov_311.869843 (1340bp)
		This contig is unaligned. (1340 bp)
		Unaligned bases: 1340  total: 73939

CONTIG: NODE_35_length_62635_cov_154.319550 (62761bp)
Top Length: 12076  Top ID: 95.61
		This contig is misassembled. 7 total aligns.
			Real Alignment 1: 718355 720151 | 2025 230 | 1797 1796 | 97.33 | NC_022356.1_Haemophilus_influenzae_KR494__complete_genome NODE_35_length_62635_cov_154.319550
			  Fake misassembly between these two alignments: inconsistency = 63 , gap in the contig is small or absent or filled mostly with Ns (long indel: deletion of length 63; 9 mismatches)
			Real Alignment 2: 715466 718219 | 4851 2098 | 2754 2754 | 96.3 | NC_022356.1_Haemophilus_influenzae_KR494__complete_genome NODE_35_length_62635_cov_154.319550
			  Overlap between these two alignments (local misassembly). Inconsistency = -6 
			Real Alignment 3: 708191 715278 | 12132 5045 | 7088 7088 | 96.66 | NC_022356.1_Haemophilus_influenzae_KR494__complete_genome NODE_35_length_62635_cov_154.319550
			  Overlap between these two alignments (local misassembly). Inconsistency = -10 
			Real Alignment 4: 700768 706821 | 19564 13512 | 6054 6053 | 97.8 | NC_022356.1_Haemophilus_influenzae_KR494__complete_genome NODE_35_length_62635_cov_154.319550
			  Extensive misassembly ( relocation, inconsistency = 389431 ) between these two alignments
			Real Alignment 5: 300448 306458 | 30444 24443 | 6011 6002 | 95.24 | NC_022356.1_Haemophilus_influenzae_KR494__complete_genome NODE_35_length_62635_cov_154.319550
			  Gap between these two alignments (local misassembly). Inconsistency = 267 
			Real Alignment 6: 291816 291880 | 38809 38745 | 65 65 | 100.0 | NC_022356.1_Haemophilus_influenzae_KR494__complete_genome NODE_35_length_62635_cov_154.319550
			  Gap between these two alignments (local misassembly). Inconsistency = 841 
			Real Alignment 7: 267872 279936 | 61923 49848 | 12065 12076 | 95.61 | NC_022356.1_Haemophilus_influenzae_KR494__complete_genome NODE_35_length_62635_cov_154.319550

CONTIG: NODE_37_length_790_cov_684.572144 (916bp)
Top Length: 915  Top ID: 98.8
		This contig has 6 significant alignments. [An ambiguously mapped contig]
		Using only first of these alignment (option --ambiguity-usage is set to "one"):
		Alignment: 182845 183759 | 915 1 | 915 915 | 98.8 | NC_022356.1_Haemophilus_influenzae_KR494__complete_genome NODE_37_length_790_cov_684.572144
		Skipping alignment  239136 240050 | 915 1 | 915 915 | 98.8 | NC_022356.1_Haemophilus_influenzae_KR494__complete_genome NODE_37_length_790_cov_684.572144
		Skipping alignment  1440579 1441493 | 915 1 | 915 915 | 98.8 | NC_022356.1_Haemophilus_influenzae_KR494__complete_genome NODE_37_length_790_cov_684.572144
		Skipping alignment  1632704 1633618 | 915 1 | 915 915 | 98.8 | NC_022356.1_Haemophilus_influenzae_KR494__complete_genome NODE_37_length_790_cov_684.572144
		Skipping alignment  1665804 1666718 | 915 1 | 915 915 | 98.8 | NC_022356.1_Haemophilus_influenzae_KR494__complete_genome NODE_37_length_790_cov_684.572144
		Skipping alignment  1722583 1723497 | 915 1 | 915 915 | 98.8 | NC_022356.1_Haemophilus_influenzae_KR494__complete_genome NODE_37_length_790_cov_684.572144

CONTIG: NODE_39_length_233014_cov_148.519196 (233140bp)
Top Length: 35432  Top ID: 95.47
		Skipping redundant alignment 1661690 1661769 | 125 46 | 80 80 | 98.75 | NC_022356.1_Haemophilus_influenzae_KR494__complete_genome NODE_39_length_233014_cov_148.519196
		Skipping redundant alignment 838389 838458 | 38805 38874 | 70 70 | 100.0 | NC_022356.1_Haemophilus_influenzae_KR494__complete_genome NODE_39_length_233014_cov_148.519196
			Skipping redundant alignments after choosing the best set of alignments
		Skipping redundant alignment 838391 838462 | 38803 38874 | 72 72 | 100.0 | NC_022356.1_Haemophilus_influenzae_KR494__complete_genome NODE_39_length_233014_cov_148.519196
		Skipping redundant alignment 1345164 1345235 | 38874 38803 | 72 72 | 100.0 | NC_022356.1_Haemophilus_influenzae_KR494__complete_genome NODE_39_length_233014_cov_148.519196
		This contig is misassembled. 16 total aligns.
			Real Alignment 1: 1661769 1661892 | 124 1 | 124 124 | 96.77 | NC_022356.1_Haemophilus_influenzae_KR494__complete_genome NODE_39_length_233014_cov_148.519196
			  Extensive misassembly ( relocation, inconsistency = -1502026 ) between these two alignments
			Real Alignment 2: 187234 193838 | 27492 34096 | 6605 6605 | 96.66 | NC_022356.1_Haemophilus_influenzae_KR494__complete_genome NODE_39_length_233014_cov_148.519196
			  Extensive misassembly ( relocation, inconsistency = 1146627 ) between these two alignments
			Real Alignment 3: 1345172 1345243 | 38874 38803 | 72 72 | 100.0 | NC_022356.1_Haemophilus_influenzae_KR494__complete_genome NODE_39_length_233014_cov_148.519196
			  Extensive misassembly ( relocation, inconsistency = -914646 ) between these two alignments
			Real Alignment 4: 431661 437973 | 39938 46252 | 6313 6315 | 95.38 | NC_022356.1_Haemophilus_influenzae_KR494__complete_genome NODE_39_length_233014_cov_148.519196
			  Extensive misassembly ( relocation, inconsistency = 13255 ) between these two alignments
			Real Alignment 5: 451395 469456 | 46419 64495 | 18062 18077 | 97.82 | NC_022356.1_Haemophilus_influenzae_KR494__complete_genome NODE_39_length_233014_cov_148.519196
			  Extensive misassembly ( relocation, inconsistency = -1061 ) between these two alignments
			Excluding internal overlap of size 11 between Alignment 6 and 7:  469559 479524 | 65659 75623 | 9966 9965 --> 469559 479513 | 65659 75612 | 9955 9954
			Real Alignment 6: 469559 479513 | 65659 75612 | 9955 9954 | 99.04 | NC_022356.1_Haemophilus_influenzae_KR494__complete_genome NODE_39_length_233014_cov_148.519196
			  Gap between these two alignments (local misassembly). Inconsistency = 382 
			Real Alignment 7: 479896 498476 | 75613 94209 | 18581 18597 | 95.35 | NC_022356.1_Haemophilus_influenzae_KR494__complete_genome NODE_39_length_233014_cov_148.519196
			  Extensive misassembly ( relocation, inconsistency = 1378 ) between these two alignments
			Real Alignment 8: 517952 519147 | 112307 113502 | 1196 1196 | 96.82 | NC_022356.1_Haemophilus_influenzae_KR494__complete_genome NODE_39_length_233014_cov_148.519196
			  Extensive misassembly ( relocation, inconsistency = -468110 ) between these two alignments
			Real Alignment 9: 71279 93347 | 133744 155794 | 22069 22051 | 95.37 | NC_022356.1_Haemophilus_influenzae_KR494__complete_genome NODE_39_length_233014_cov_148.519196
			  Extensive misassembly ( relocation, inconsistency = -1726 ) between these two alignments
			Real Alignment 10: 93371 97002 | 157544 161176 | 3632 3633 | 95.65 | NC_022356.1_Haemophilus_influenzae_KR494__complete_genome NODE_39_length_233014_cov_148.519196
			  Extensive misassembly ( relocation, inconsistency = 422098 ) between these two alignments
			Real Alignment 11: 519245 554710 | 161321 196752 | 35466 35432 | 95.47 | NC_022356.1_Haemophilus_influenzae_KR494__complete_genome NODE_39_length_233014_cov_148.519196
			  Overlap between these two alignments (local misassembly). Inconsistency = -714 
			Real Alignment 12: 556339 578754 | 199095 221515 | 22416 22421 | 95.07 | NC_022356.1_Haemophilus_influenzae_KR494__complete_genome NODE_39_length_233014_cov_148.519196

CONTIG: NODE_40_length_1253_cov_141.162811 (1379bp)
		This contig is unaligned. (1379 bp)
		Unaligned bases: 1379  total: 75318

CONTIG: NODE_41_length_3788_cov_277.582367 (3914bp)
		This contig is unaligned. (3914 bp)
		Unaligned bases: 3914  total: 79232

CONTIG: NODE_42_length_780_cov_246.939743 (906bp)
		This contig is unaligned. (906 bp)
		Unaligned bases: 906  total: 80138

CONTIG: NODE_43_length_729_cov_299.320984 (855bp)
		This contig is unaligned. (855 bp)
		Unaligned bases: 855  total: 80993

CONTIG: NODE_46_length_410_cov_254.624390 (536bp)
		This contig is unaligned. (536 bp)
		Unaligned bases: 536  total: 81529

CONTIG: NODE_47_length_906_cov_336.151215 (1032bp)
		This contig is unaligned. (1032 bp)
		Unaligned bases: 1032  total: 82561

CONTIG: NODE_48_length_609_cov_328.308716 (735bp)
		This contig is unaligned. (735 bp)
		Unaligned bases: 735  total: 83296

CONTIG: NODE_49_length_417_cov_291.045563 (543bp)
		This contig is unaligned. (543 bp)
		Unaligned bases: 543  total: 83839

CONTIG: NODE_50_length_111947_cov_114.293762 (112073bp)
Top Length: 28910  Top ID: 96.87
		Skipping redundant alignment 1661690 1661769 | 692 613 | 80 80 | 98.75 | NC_022356.1_Haemophilus_influenzae_KR494__complete_genome NODE_50_length_111947_cov_114.293762
		Skipping redundant alignment 1661106 1661187 | 92181 92100 | 82 82 | 100.0 | NC_022356.1_Haemophilus_influenzae_KR494__complete_genome NODE_50_length_111947_cov_114.293762
		Skipping redundant alignment 1769906 1769984 | 100216 100294 | 79 79 | 100.0 | NC_022356.1_Haemophilus_influenzae_KR494__complete_genome NODE_50_length_111947_cov_114.293762
			Skipping redundant alignments after choosing the best set of alignments
		Skipping redundant alignment 184180 184556 | 112073 111697 | 377 377 | 98.41 | NC_022356.1_Haemophilus_influenzae_KR494__complete_genome NODE_50_length_111947_cov_114.293762
		Skipping redundant alignment 240471 240846 | 112073 111697 | 376 377 | 97.62 | NC_022356.1_Haemophilus_influenzae_KR494__complete_genome NODE_50_length_111947_cov_114.293762
		Skipping redundant alignment 1441914 1442290 | 112073 111697 | 377 377 | 98.15 | NC_022356.1_Haemophilus_influenzae_KR494__complete_genome NODE_50_length_111947_cov_114.293762
		Skipping redundant alignment 1634039 1634414 | 112073 111697 | 376 377 | 97.62 | NC_022356.1_Haemophilus_influenzae_KR494__complete_genome NODE_50_length_111947_cov_114.293762
		This contig is misassembled. 19 total aligns.
			Real Alignment 1: 1662153 1662584 | 431 1 | 432 431 | 95.83 | NC_022356.1_Haemophilus_influenzae_KR494__complete_genome NODE_50_length_111947_cov_114.293762
			  Gap between these two alignments (local misassembly). Inconsistency = 124 
			Real Alignment 2: 1661769 1661901 | 691 559 | 133 133 | 96.24 | NC_022356.1_Haemophilus_influenzae_KR494__complete_genome NODE_50_length_111947_cov_114.293762
			  Extensive misassembly ( relocation, inconsistency = 21343 ) between these two alignments
			Real Alignment 3: 1702264 1710001 | 19711 27454 | 7738 7744 | 95.65 | NC_022356.1_Haemophilus_influenzae_KR494__complete_genome NODE_50_length_111947_cov_114.293762
			  Extensive misassembly ( relocation, inconsistency = -844593 ) between these two alignments
			Real Alignment 4: 865472 886689 | 48810 27518 | 21218 21293 | 96.17 | NC_022356.1_Haemophilus_influenzae_KR494__complete_genome NODE_50_length_111947_cov_114.293762
			  Extensive misassembly ( relocation, inconsistency = -89212 ) between these two alignments
			Real Alignment 5: 797658 806343 | 48991 57678 | 8686 8688 | 96.27 | NC_022356.1_Haemophilus_influenzae_KR494__complete_genome NODE_50_length_111947_cov_114.293762
			  Gap between these two alignments (local misassembly). Inconsistency = 710 
			Real Alignment 6: 807107 836103 | 57732 86641 | 28997 28910 | 96.87 | NC_022356.1_Haemophilus_influenzae_KR494__complete_genome NODE_50_length_111947_cov_114.293762
			  Extensive misassembly ( relocation, inconsistency = 819649 ) between these two alignments
			Real Alignment 7: 1661107 1661191 | 92080 91996 | 85 85 | 100.0 | NC_022356.1_Haemophilus_influenzae_KR494__complete_genome NODE_50_length_111947_cov_114.293762
			  Extensive misassembly ( relocation, inconsistency = -87651 ) between these two alignments
			Real Alignment 8: 1742940 1748738 | 97900 92100 | 5799 5801 | 95.5 | NC_022356.1_Haemophilus_influenzae_KR494__complete_genome NODE_50_length_111947_cov_114.293762
			  Extensive misassembly ( relocation, inconsistency = -894183 ) between these two alignments
			Real Alignment 9: 856834 857087 | 100179 100431 | 254 253 | 95.67 | NC_022356.1_Haemophilus_influenzae_KR494__complete_genome NODE_50_length_111947_cov_114.293762
			  Gap between these two alignments (local misassembly). Inconsistency = 103 
			Real Alignment 10: 857191 857272 | 100432 100513 | 82 82 | 100.0 | NC_022356.1_Haemophilus_influenzae_KR494__complete_genome NODE_50_length_111947_cov_114.293762
			  Extensive misassembly ( relocation, inconsistency = 781802 ) between these two alignments
			Real Alignment 11: 1650176 1650255 | 111694 111615 | 80 80 | 100.0 | NC_022356.1_Haemophilus_influenzae_KR494__complete_genome NODE_50_length_111947_cov_114.293762
			  Extensive misassembly ( relocation, inconsistency = -17341 ) between these two alignments
			Real Alignment 12: 1667139 1667514 | 112073 111697 | 376 377 | 97.62 | NC_022356.1_Haemophilus_influenzae_KR494__complete_genome NODE_50_length_111947_cov_114.293762

CONTIG: NODE_55_length_141337_cov_116.166039 (141463bp)
Top Length: 27331  Top ID: 95.76
		Skipping redundant alignment 1661690 1661769 | 125 46 | 80 80 | 98.75 | NC_022356.1_Haemophilus_influenzae_KR494__complete_genome NODE_55_length_141337_cov_116.166039
		Skipping redundant alignment 842444 844217 | 30511 32284 | 1774 1774 | 98.03 | NC_022356.1_Haemophilus_influenzae_KR494__complete_genome NODE_55_length_141337_cov_116.166039
		Skipping redundant alignment 1736037 1736298 | 40600 40337 | 262 264 | 96.21 | NC_022356.1_Haemophilus_influenzae_KR494__complete_genome NODE_55_length_141337_cov_116.166039
		Skipping redundant alignment 1769906 1769984 | 40384 40462 | 79 79 | 100.0 | NC_022356.1_Haemophilus_influenzae_KR494__complete_genome NODE_55_length_141337_cov_116.166039
		Skipping redundant alignment 1735955 1736036 | 40785 40704 | 82 82 | 100.0 | NC_022356.1_Haemophilus_influenzae_KR494__complete_genome NODE_55_length_141337_cov_116.166039
		Skipping redundant alignment 240653 240952 | 140764 140464 | 300 301 | 97.35 | NC_022356.1_Haemophilus_influenzae_KR494__complete_genome NODE_55_length_141337_cov_116.166039
			Skipping redundant alignments after choosing the best set of alignments
		Skipping redundant alignment 183646 184152 | 141463 140957 | 507 507 | 98.62 | NC_022356.1_Haemophilus_influenzae_KR494__complete_genome NODE_55_length_141337_cov_116.166039
		Skipping redundant alignment 184362 184669 | 140764 140457 | 308 308 | 96.76 | NC_022356.1_Haemophilus_influenzae_KR494__complete_genome NODE_55_length_141337_cov_116.166039
		Skipping redundant alignment 239937 240443 | 141463 140957 | 507 507 | 98.62 | NC_022356.1_Haemophilus_influenzae_KR494__complete_genome NODE_55_length_141337_cov_116.166039
		Skipping redundant alignment 840284 841430 | 28956 30102 | 1147 1147 | 96.52 | NC_022356.1_Haemophilus_influenzae_KR494__complete_genome NODE_55_length_141337_cov_116.166039
		Skipping redundant alignment 1441380 1441886 | 141463 140957 | 507 507 | 98.62 | NC_022356.1_Haemophilus_influenzae_KR494__complete_genome NODE_55_length_141337_cov_116.166039
		Skipping redundant alignment 1666605 1667111 | 141463 140957 | 507 507 | 98.62 | NC_022356.1_Haemophilus_influenzae_KR494__complete_genome NODE_55_length_141337_cov_116.166039
		Skipping redundant alignment 1667321 1667627 | 140764 140457 | 307 308 | 96.44 | NC_022356.1_Haemophilus_influenzae_KR494__complete_genome NODE_55_length_141337_cov_116.166039
		Skipping redundant alignment 1723384 1723890 | 141463 140957 | 507 507 | 98.62 | NC_022356.1_Haemophilus_influenzae_KR494__complete_genome NODE_55_length_141337_cov_116.166039
		This contig is misassembled. 28 total aligns.
			Real Alignment 1: 1661769 1661892 | 124 1 | 124 124 | 96.77 | NC_022356.1_Haemophilus_influenzae_KR494__complete_genome NODE_55_length_141337_cov_116.166039
			  Extensive misassembly ( relocation, inconsistency = -788068 ) between these two alignments
			Real Alignment 2: 893231 894215 | 19531 20511 | 985 981 | 95.74 | NC_022356.1_Haemophilus_influenzae_KR494__complete_genome NODE_55_length_141337_cov_116.166039
			  Extensive misassembly ( relocation, inconsistency = 578246 ) between these two alignments
			Real Alignment 3: 1472474 1480723 | 20524 28772 | 8250 8249 | 95.36 | NC_022356.1_Haemophilus_influenzae_KR494__complete_genome NODE_55_length_141337_cov_116.166039
			  Extensive misassembly ( relocation, inconsistency = -636068 ) between these two alignments
			Real Alignment 4: 844839 845985 | 28956 30102 | 1147 1147 | 96.52 | NC_022356.1_Haemophilus_influenzae_KR494__complete_genome NODE_55_length_141337_cov_116.166039
			  Gap between these two alignments (local misassembly). Inconsistency = 605 
			Real Alignment 5: 846999 860148 | 30511 43658 | 13150 13148 | 95.99 | NC_022356.1_Haemophilus_influenzae_KR494__complete_genome NODE_55_length_141337_cov_116.166039
			  Gap between these two alignments (local misassembly). Inconsistency = 203 
			Real Alignment 6: 860657 861475 | 43964 44782 | 819 819 | 95.48 | NC_022356.1_Haemophilus_influenzae_KR494__complete_genome NODE_55_length_141337_cov_116.166039
			  Overlap between these two alignments (local misassembly). Inconsistency = -522 
			Real Alignment 7: 861546 863623 | 45375 47452 | 2078 2078 | 95.04 | NC_022356.1_Haemophilus_influenzae_KR494__complete_genome NODE_55_length_141337_cov_116.166039
			  Gap between these two alignments (local misassembly). Inconsistency = 792 
			Real Alignment 8: 864429 865420 | 47466 48457 | 992 992 | 95.46 | NC_022356.1_Haemophilus_influenzae_KR494__complete_genome NODE_55_length_141337_cov_116.166039
			  Extensive misassembly ( relocation, inconsistency = 718218 ) between these two alignments
			Real Alignment 9: 1583684 1610957 | 75833 48503 | 27274 27331 | 95.76 | NC_022356.1_Haemophilus_influenzae_KR494__complete_genome NODE_55_length_141337_cov_116.166039
			  Extensive misassembly ( relocation, inconsistency = 1453 ) between these two alignments
			Excluding internal overlap of size 1 between Alignment 10 and 11:  1529766 1553345 | 128171 104548 | 23580 23624 --> 1529766 1553344 | 128171 104549 | 23579 23623
			Real Alignment 10: 1553472 1577563 | 104548 80501 | 24092 24048 | 95.81 | NC_022356.1_Haemophilus_influenzae_KR494__complete_genome NODE_55_length_141337_cov_116.166039
			  Gap between these two alignments (local misassembly). Inconsistency = 127 
			Real Alignment 11: 1529766 1553344 | 128171 104549 | 23579 23623 | 96.56 | NC_022356.1_Haemophilus_influenzae_KR494__complete_genome NODE_55_length_141337_cov_116.166039
			  Extensive misassembly ( relocation, inconsistency = 74731 ) between these two alignments
			Real Alignment 12: 1449257 1454896 | 133949 128310 | 5640 5640 | 95.8 | NC_022356.1_Haemophilus_influenzae_KR494__complete_genome NODE_55_length_141337_cov_116.166039
			  Extensive misassembly ( relocation, inconsistency = -191778 ) between these two alignments
			Real Alignment 13: 1634221 1634527 | 140764 140457 | 307 308 | 96.44 | NC_022356.1_Haemophilus_influenzae_KR494__complete_genome NODE_55_length_141337_cov_116.166039
			  Fake misassembly between these two alignments: inconsistency = 17 , gap in the contig is small or absent or filled mostly with Ns (long indel: deletion of length 17; 0 mismatches)
			Real Alignment 14: 1633505 1634011 | 141463 140957 | 507 507 | 98.62 | NC_022356.1_Haemophilus_influenzae_KR494__complete_genome NODE_55_length_141337_cov_116.166039

CONTIG: NODE_56_length_1778_cov_161.577621 (1904bp)
		This contig is unaligned. (1904 bp)
		Unaligned bases: 1904  total: 85743

CONTIG: NODE_69_length_277640_cov_129.889389 (277766bp)
Top Length: 24936  Top ID: 95.04
		This contig is misassembled. 18 total aligns.
			Warning! This contig is more unaligned than misassembled. Contig length is 277766 and total length of all aligns is 126707
		Alignment: 1146778 1148159 | 29873 28496 | 1382 1378 | 96.17 | NC_022356.1_Haemophilus_influenzae_KR494__complete_genome NODE_69_length_277640_cov_129.889389
		Alignment: 1140303 1146387 | 35976 29871 | 6085 6106 | 98.43 | NC_022356.1_Haemophilus_influenzae_KR494__complete_genome NODE_69_length_277640_cov_129.889389
		Alignment: 1131082 1139752 | 45068 36397 | 8671 8672 | 96.24 | NC_022356.1_Haemophilus_influenzae_KR494__complete_genome NODE_69_length_277640_cov_129.889389
		Alignment: 1112599 1130947 | 65472 47088 | 18349 18385 | 96.41 | NC_022356.1_Haemophilus_influenzae_KR494__complete_genome NODE_69_length_277640_cov_129.889389
		Alignment: 1179225 1181637 | 77601 80013 | 2413 2413 | 96.4 | NC_022356.1_Haemophilus_influenzae_KR494__complete_genome NODE_69_length_277640_cov_129.889389
		Alignment: 1224612 1249543 | 80084 105019 | 24932 24936 | 95.04 | NC_022356.1_Haemophilus_influenzae_KR494__complete_genome NODE_69_length_277640_cov_129.889389
		Alignment: 1250043 1250341 | 105429 105727 | 299 299 | 95.32 | NC_022356.1_Haemophilus_influenzae_KR494__complete_genome NODE_69_length_277640_cov_129.889389
		Alignment: 1074170 1079152 | 115435 110457 | 4983 4979 | 96.49 | NC_022356.1_Haemophilus_influenzae_KR494__complete_genome NODE_69_length_277640_cov_129.889389
		Alignment: 1031632 1032056 | 116164 115739 | 425 426 | 97.65 | NC_022356.1_Haemophilus_influenzae_KR494__complete_genome NODE_69_length_277640_cov_129.889389
		Alignment: 1380259 1382251 | 129209 131204 | 1993 1996 | 97.19 | NC_022356.1_Haemophilus_influenzae_KR494__complete_genome NODE_69_length_277640_cov_129.889389
		Alignment: 1382748 1385301 | 133816 136374 | 2554 2559 | 95.27 | NC_022356.1_Haemophilus_influenzae_KR494__complete_genome NODE_69_length_277640_cov_129.889389
		Alignment: 986850 993441 | 149029 142448 | 6592 6582 | 96.15 | NC_022356.1_Haemophilus_influenzae_KR494__complete_genome NODE_69_length_277640_cov_129.889389
		Alignment: 963799 964014 | 172275 172489 | 216 215 | 97.22 | NC_022356.1_Haemophilus_influenzae_KR494__complete_genome NODE_69_length_277640_cov_129.889389
		Alignment: 927908 941964 | 208050 193943 | 14057 14108 | 97.2 | NC_022356.1_Haemophilus_influenzae_KR494__complete_genome NODE_69_length_277640_cov_129.889389
		Alignment: 926374 927908 | 209884 208350 | 1535 1535 | 98.24 | NC_022356.1_Haemophilus_influenzae_KR494__complete_genome NODE_69_length_277640_cov_129.889389
		Alignment: 1329202 1344011 | 213003 227829 | 14810 14827 | 95.33 | NC_022356.1_Haemophilus_influenzae_KR494__complete_genome NODE_69_length_277640_cov_129.889389
		Alignment: 1345236 1361401 | 227975 244167 | 16166 16193 | 96.04 | NC_022356.1_Haemophilus_influenzae_KR494__complete_genome NODE_69_length_277640_cov_129.889389
		Alignment: 1279079 1280179 | 273306 274406 | 1101 1101 | 95.28 | NC_022356.1_Haemophilus_influenzae_KR494__complete_genome NODE_69_length_277640_cov_129.889389
		Unaligned bases: 151059
		This contig has both significant aligned and unaligned parts (of length >= min-contig)!
CONTIG: NODE_71_length_3065_cov_113.476349 (3191bp)
		This contig is unaligned. (3191 bp)
		Unaligned bases: 3191  total: 88934

CONTIG: NODE_74_length_10024_cov_111.852356 (10150bp)
		This contig is unaligned. (10150 bp)
		Unaligned bases: 10150  total: 99084

CONTIG: NODE_75_length_5097_cov_135.393951 (5223bp)
		This contig is unaligned. (5223 bp)
		Unaligned bases: 5223  total: 104307

Analyzing coverage...
Writing SNPs into /data/projects/Assembly/Aroon/reports/GCF_000465255.1_ASM46525v1_genomic/contigs_reports/nucmer_output/M07572_contigs.used_snps
	Reference NC_022356.1_Haemophilus_influenzae_KR494__complete_genome: 149 total alignments. 1 total regions.
		Region: 1 to 1856176 (1856176 bp)
			START in gap: 1 to 253 (252 bp)
			Align 1: 253 1459 NODE_15_length_164826_cov_120.856506 66961 65755
				Gap between this and next alignment: 1459 to 46211 (44751 bp)
				Next Alignment: 46211 57013 NODE_5_length_200242_cov_157.865829 60626 49818

			Align 2: 46211 57013 NODE_5_length_200242_cov_157.865829 60626 49818
				Gap between this and next alignment: 57013 to 57970 (956 bp)
				Next Alignment: 57970 67214 NODE_15_length_164826_cov_120.856506 22477 13235

			Align 3: 57970 67214 NODE_15_length_164826_cov_120.856506 22477 13235
				Gap between this and next alignment: 67214 to 71279 (4064 bp)
				Next Alignment: 71279 93347 NODE_39_length_233014_cov_148.519196 133744 155794

			Align 4: 71279 93347 NODE_39_length_233014_cov_148.519196 133744 155794
				The next alignment (75766 75857 NODE_12_length_76973_cov_147.809525 29335 29426) is redundant. Skipping.
				The next alignment (75767 75895 NODE_15_length_164826_cov_120.856506 142395 142522) is redundant. Skipping.
				Gap between this and next alignment: 93347 to 93371 (23 bp)
				Next Alignment: 93371 97002 NODE_39_length_233014_cov_148.519196 157544 161176

			Align 7: 93371 97002 NODE_39_length_233014_cov_148.519196 157544 161176
				Negative gap (overlap) between this and next alignment: 97002 to 96985 (-17 bp)
				Next Alignment: 96985 107172 NODE_15_length_164826_cov_120.856506 141363 131176

			Previous gap was negative, modifying coordinates to ignore overlap
				Moving contig start from 141363 to 141345.
			Align 8: 97003 107172 NODE_15_length_164826_cov_120.856506 141345 131176
				Gap between this and next alignment: 107172 to 107357 (184 bp)
				Next Alignment: 107357 118139 NODE_15_length_164826_cov_120.856506 131175 120392

			Align 9: 107357 118139 NODE_15_length_164826_cov_120.856506 131175 120392
				Gap between this and next alignment: 118139 to 120757 (2617 bp)
				Next Alignment: 120757 120837 NODE_5_length_200242_cov_157.865829 42330 42410

			Align 10: 120757 120837 NODE_5_length_200242_cov_157.865829 42330 42410
				Negative gap (overlap) between this and next alignment: 120837 to 120757 (-80 bp)
				Next Alignment: 120757 123992 NODE_15_length_164826_cov_120.856506 142729 145964

			Previous gap was negative, modifying coordinates to ignore overlap
				Moving contig start from 142729 to 142810.
			Align 11: 120838 123992 NODE_15_length_164826_cov_120.856506 142810 145964
				Gap between this and next alignment: 123992 to 133639 (9646 bp)
				Next Alignment: 133639 142284 NODE_5_length_200242_cov_157.865829 88507 97172

			Align 12: 133639 142284 NODE_5_length_200242_cov_157.865829 88507 97172
				Gap between this and next alignment: 142284 to 142321 (36 bp)
				Next Alignment: 142321 150230 NODE_5_length_200242_cov_157.865829 105268 113176

			Align 13: 142321 150230 NODE_5_length_200242_cov_157.865829 105268 113176
				Gap between this and next alignment: 150230 to 153226 (2995 bp)
				Next Alignment: 153226 153947 NODE_5_length_200242_cov_157.865829 116043 116765

			Align 14: 153226 153947 NODE_5_length_200242_cov_157.865829 116043 116765
				Gap between this and next alignment: 153947 to 179500 (25552 bp)
				Next Alignment: 179500 180760 NODE_26_length_1133_cov_637.275391 1259 1

			Align 15: 179500 180760 NODE_26_length_1133_cov_637.275391 1259 1
				Gap between this and next alignment: 180760 to 180762 (1 bp)
				Next Alignment: 180762 180951 NODE_16_length_1623_cov_754.963623 1 190

			Align 16: 180762 180951 NODE_16_length_1623_cov_754.963623 1 190
				Gap between this and next alignment: 180951 to 180957 (5 bp)
				Next Alignment: 180957 181578 NODE_16_length_1623_cov_754.963623 309 930

			Align 17: 180957 181578 NODE_16_length_1623_cov_754.963623 309 930
				Gap between this and next alignment: 181578 to 181583 (4 bp)
				Next Alignment: 181583 182294 NODE_16_length_1623_cov_754.963623 1039 1749

			Align 18: 181583 182294 NODE_16_length_1623_cov_754.963623 1039 1749
				Gap between this and next alignment: 182294 to 182845 (550 bp)
				Next Alignment: 182845 183759 NODE_37_length_790_cov_684.572144 915 1

			Align 19: 182845 183759 NODE_37_length_790_cov_684.572144 915 1
				Gap between this and next alignment: 183759 to 184529 (769 bp)
				Next Alignment: 184529 187184 NODE_10_length_70088_cov_157.618210 70214 67555

			Align 20: 184529 187184 NODE_10_length_70088_cov_157.618210 70214 67555
				Gap between this and next alignment: 187184 to 187234 (49 bp)
				Next Alignment: 187234 193838 NODE_39_length_233014_cov_148.519196 27492 34096

			Align 21: 187234 193838 NODE_39_length_233014_cov_148.519196 27492 34096
				Gap between this and next alignment: 193838 to 194632 (793 bp)
				Next Alignment: 194632 196639 NODE_5_length_200242_cov_157.865829 171909 173920

			Align 22: 194632 196639 NODE_5_length_200242_cov_157.865829 171909 173920
				Gap between this and next alignment: 196639 to 204046 (7406 bp)
				Next Alignment: 204046 220591 NODE_5_length_200242_cov_157.865829 179941 196485

			Align 23: 204046 220591 NODE_5_length_200242_cov_157.865829 179941 196485
				Gap between this and next alignment: 220591 to 223715 (3123 bp)
				Next Alignment: 223715 224976 NODE_24_length_1136_cov_317.318665 1 1262

			Align 24: 223715 224976 NODE_24_length_1136_cov_317.318665 1 1262
				Gap between this and next alignment: 224976 to 240653 (15676 bp)
				Next Alignment: 240653 248803 NODE_28_length_25356_cov_157.250427 1 8139

			Align 25: 240653 248803 NODE_28_length_25356_cov_157.250427 1 8139
				Gap between this and next alignment: 248803 to 250728 (1924 bp)
				Next Alignment: 250728 252791 NODE_28_length_25356_cov_157.250427 12882 14946

			Align 26: 250728 252791 NODE_28_length_25356_cov_157.250427 12882 14946
				Gap between this and next alignment: 252791 to 258174 (5382 bp)
				Next Alignment: 258174 260235 NODE_28_length_25356_cov_157.250427 16352 18413

			Align 27: 258174 260235 NODE_28_length_25356_cov_157.250427 16352 18413
				Gap between this and next alignment: 260235 to 260619 (383 bp)
				Next Alignment: 260619 266455 NODE_28_length_25356_cov_157.250427 19663 25482

			Align 28: 260619 266455 NODE_28_length_25356_cov_157.250427 19663 25482
				The next alignment (266331 266455 NODE_9_length_10305_cov_156.146530 10307 10431) is redundant. Skipping.
				Gap between this and next alignment: 266455 to 267872 (1416 bp)
				Next Alignment: 267872 279936 NODE_35_length_62635_cov_154.319550 61923 49848

			Align 30: 267872 279936 NODE_35_length_62635_cov_154.319550 61923 49848
				Gap between this and next alignment: 279936 to 291816 (11879 bp)
				Next Alignment: 291816 291880 NODE_35_length_62635_cov_154.319550 38809 38745

			Align 31: 291816 291880 NODE_35_length_62635_cov_154.319550 38809 38745
				Gap between this and next alignment: 291880 to 300448 (8567 bp)
				Next Alignment: 300448 306458 NODE_35_length_62635_cov_154.319550 30444 24443

			Align 32: 300448 306458 NODE_35_length_62635_cov_154.319550 30444 24443
				Gap between this and next alignment: 306458 to 306829 (370 bp)
				Next Alignment: 306829 310501 NODE_10_length_70088_cov_157.618210 12535 16216

			Align 33: 306829 310501 NODE_10_length_70088_cov_157.618210 12535 16216
				Gap between this and next alignment: 310501 to 320620 (10118 bp)
				Next Alignment: 320620 326056 NODE_5_length_200242_cov_157.865829 162451 157017

			Align 34: 320620 326056 NODE_5_length_200242_cov_157.865829 162451 157017
				Gap between this and next alignment: 326056 to 326201 (144 bp)
				Next Alignment: 326201 365086 NODE_5_length_200242_cov_157.865829 157006 118114

			Align 35: 326201 365086 NODE_5_length_200242_cov_157.865829 157006 118114
				Gap between this and next alignment: 365086 to 368948 (3861 bp)
				Next Alignment: 368948 377191 NODE_10_length_70088_cov_157.618210 67544 59312

			Align 36: 368948 377191 NODE_10_length_70088_cov_157.618210 67544 59312
				Gap between this and next alignment: 377191 to 379958 (2766 bp)
				Next Alignment: 379958 384258 NODE_10_length_70088_cov_157.618210 57279 52978

			Align 37: 379958 384258 NODE_10_length_70088_cov_157.618210 57279 52978
				Gap between this and next alignment: 384258 to 404181 (19922 bp)
				Next Alignment: 404181 406536 NODE_10_length_70088_cov_157.618210 35307 32940

			Align 38: 404181 406536 NODE_10_length_70088_cov_157.618210 35307 32940
				Gap between this and next alignment: 406536 to 406540 (3 bp)
				Next Alignment: 406540 409415 NODE_10_length_70088_cov_157.618210 33038 30160

			Align 39: 406540 409415 NODE_10_length_70088_cov_157.618210 33038 30160
				Gap between this and next alignment: 409415 to 409428 (12 bp)
				Next Alignment: 409428 420566 NODE_10_length_70088_cov_157.618210 32210 21069

			Align 40: 409428 420566 NODE_10_length_70088_cov_157.618210 32210 21069
				Gap between this and next alignment: 420566 to 431661 (11094 bp)
				Next Alignment: 431661 437973 NODE_39_length_233014_cov_148.519196 39938 46252

			Align 41: 431661 437973 NODE_39_length_233014_cov_148.519196 39938 46252
				Gap between this and next alignment: 437973 to 451395 (13421 bp)
				Next Alignment: 451395 469456 NODE_39_length_233014_cov_148.519196 46419 64495

			Align 42: 451395 469456 NODE_39_length_233014_cov_148.519196 46419 64495
				Gap between this and next alignment: 469456 to 469559 (102 bp)
				Next Alignment: 469559 479513 NODE_39_length_233014_cov_148.519196 65659 75612

			Align 43: 469559 479513 NODE_39_length_233014_cov_148.519196 65659 75612
				Gap between this and next alignment: 479513 to 479896 (382 bp)
				Next Alignment: 479896 498476 NODE_39_length_233014_cov_148.519196 75613 94209

			Align 44: 479896 498476 NODE_39_length_233014_cov_148.519196 75613 94209
				Gap between this and next alignment: 498476 to 517952 (19475 bp)
				Next Alignment: 517952 519147 NODE_39_length_233014_cov_148.519196 112307 113502

			Align 45: 517952 519147 NODE_39_length_233014_cov_148.519196 112307 113502
				Gap between this and next alignment: 519147 to 519245 (97 bp)
				Next Alignment: 519245 554710 NODE_39_length_233014_cov_148.519196 161321 196752

			Align 46: 519245 554710 NODE_39_length_233014_cov_148.519196 161321 196752
				Gap between this and next alignment: 554710 to 556339 (1628 bp)
				Next Alignment: 556339 578754 NODE_39_length_233014_cov_148.519196 199095 221515

			Align 47: 556339 578754 NODE_39_length_233014_cov_148.519196 199095 221515
				Gap between this and next alignment: 578754 to 580565 (1810 bp)
				Next Alignment: 580565 601810 NODE_6_length_305742_cov_137.956314 303085 281832

			Align 48: 580565 601810 NODE_6_length_305742_cov_137.956314 303085 281832
				Gap between this and next alignment: 601810 to 604250 (2439 bp)
				Next Alignment: 604250 620992 NODE_6_length_305742_cov_137.956314 281796 265052

			Align 49: 604250 620992 NODE_6_length_305742_cov_137.956314 281796 265052
				Gap between this and next alignment: 620992 to 624399 (3406 bp)
				Next Alignment: 624399 627138 NODE_6_length_305742_cov_137.956314 260586 257848

			Align 50: 624399 627138 NODE_6_length_305742_cov_137.956314 260586 257848
				Gap between this and next alignment: 627138 to 633086 (5947 bp)
				Next Alignment: 633086 637753 NODE_6_length_305742_cov_137.956314 251614 246961

			Align 51: 633086 637753 NODE_6_length_305742_cov_137.956314 251614 246961
				Gap between this and next alignment: 637753 to 642625 (4871 bp)
				Next Alignment: 642625 663071 NODE_6_length_305742_cov_137.956314 246958 226500

			Align 52: 642625 663071 NODE_6_length_305742_cov_137.956314 246958 226500
				Gap between this and next alignment: 663071 to 666431 (3359 bp)
				Next Alignment: 666431 674091 NODE_6_length_305742_cov_137.956314 223957 216294

			Align 53: 666431 674091 NODE_6_length_305742_cov_137.956314 223957 216294
				Gap between this and next alignment: 674091 to 700768 (26676 bp)
				Next Alignment: 700768 706821 NODE_35_length_62635_cov_154.319550 19564 13512

			Align 54: 700768 706821 NODE_35_length_62635_cov_154.319550 19564 13512
				Gap between this and next alignment: 706821 to 708191 (1369 bp)
				Next Alignment: 708191 715278 NODE_35_length_62635_cov_154.319550 12132 5045

			Align 55: 708191 715278 NODE_35_length_62635_cov_154.319550 12132 5045
				Gap between this and next alignment: 715278 to 715466 (187 bp)
				Next Alignment: 715466 718219 NODE_35_length_62635_cov_154.319550 4851 2098

			Align 56: 715466 718219 NODE_35_length_62635_cov_154.319550 4851 2098
				The next alignment (715505 716017 NODE_12_length_76973_cov_147.809525 2660 2148) is redundant. Skipping.
				The next alignment (716967 717186 NODE_12_length_76973_cov_147.809525 2148 1929) is redundant. Skipping.
				Gap between this and next alignment: 718219 to 718355 (135 bp)
				Next Alignment: 718355 720151 NODE_35_length_62635_cov_154.319550 2025 230

			Align 59: 718355 720151 NODE_35_length_62635_cov_154.319550 2025 230
				Gap between this and next alignment: 720151 to 729063 (8911 bp)
				Next Alignment: 729063 743052 NODE_6_length_305742_cov_137.956314 207469 193482

			Align 60: 729063 743052 NODE_6_length_305742_cov_137.956314 207469 193482
				Gap between this and next alignment: 743052 to 743358 (305 bp)
				Next Alignment: 743358 752450 NODE_6_length_305742_cov_137.956314 193191 184094

			Align 61: 743358 752450 NODE_6_length_305742_cov_137.956314 193191 184094
				Gap between this and next alignment: 752450 to 752627 (176 bp)
				Next Alignment: 752627 778295 NODE_6_length_305742_cov_137.956314 183883 158206

			Align 62: 752627 778295 NODE_6_length_305742_cov_137.956314 183883 158206
				Gap between this and next alignment: 778295 to 782287 (3991 bp)
				Next Alignment: 782287 797668 NODE_6_length_305742_cov_137.956314 158205 142824

			Align 63: 782287 797668 NODE_6_length_305742_cov_137.956314 158205 142824
				Negative gap (overlap) between this and next alignment: 797668 to 797658 (-10 bp)
				Next Alignment: 797658 806343 NODE_50_length_111947_cov_114.293762 48991 57678

			Previous gap was negative, modifying coordinates to ignore overlap
				Moving contig start from 48991 to 49002.
			Align 64: 797669 806343 NODE_50_length_111947_cov_114.293762 49002 57678
				Gap between this and next alignment: 806343 to 807107 (763 bp)
				Next Alignment: 807107 836103 NODE_50_length_111947_cov_114.293762 57732 86641

			Align 65: 807107 836103 NODE_50_length_111947_cov_114.293762 57732 86641
				Gap between this and next alignment: 836103 to 844839 (8735 bp)
				Next Alignment: 844839 845985 NODE_55_length_141337_cov_116.166039 28956 30102

			Align 66: 844839 845985 NODE_55_length_141337_cov_116.166039 28956 30102
				Gap between this and next alignment: 845985 to 846999 (1013 bp)
				Next Alignment: 846999 860148 NODE_55_length_141337_cov_116.166039 30511 43658

			Align 67: 846999 860148 NODE_55_length_141337_cov_116.166039 30511 43658
				The next alignment (856834 857087 NODE_50_length_111947_cov_114.293762 100179 100431) is redundant. Skipping.
				The next alignment (857191 857272 NODE_50_length_111947_cov_114.293762 100432 100513) is redundant. Skipping.
				The next alignment (857193 857270 NODE_13_length_61744_cov_120.733742 40032 39955) is redundant. Skipping.
				Gap between this and next alignment: 860148 to 860657 (508 bp)
				Next Alignment: 860657 861475 NODE_55_length_141337_cov_116.166039 43964 44782

			Align 71: 860657 861475 NODE_55_length_141337_cov_116.166039 43964 44782
				Gap between this and next alignment: 861475 to 861546 (70 bp)
				Next Alignment: 861546 863623 NODE_55_length_141337_cov_116.166039 45375 47452

			Align 72: 861546 863623 NODE_55_length_141337_cov_116.166039 45375 47452
				Gap between this and next alignment: 863623 to 864429 (805 bp)
				Next Alignment: 864429 865420 NODE_55_length_141337_cov_116.166039 47466 48457

			Align 73: 864429 865420 NODE_55_length_141337_cov_116.166039 47466 48457
				Gap between this and next alignment: 865420 to 865472 (51 bp)
				Next Alignment: 865472 886689 NODE_50_length_111947_cov_114.293762 48810 27518

			Align 74: 865472 886689 NODE_50_length_111947_cov_114.293762 48810 27518
				Gap between this and next alignment: 886689 to 893231 (6541 bp)
				Next Alignment: 893231 894215 NODE_55_length_141337_cov_116.166039 19531 20511

			Align 75: 893231 894215 NODE_55_length_141337_cov_116.166039 19531 20511
				Gap between this and next alignment: 894215 to 896561 (2345 bp)
				Next Alignment: 896561 923132 NODE_6_length_305742_cov_137.956314 77169 50610

			Align 76: 896561 923132 NODE_6_length_305742_cov_137.956314 77169 50610
				Gap between this and next alignment: 923132 to 923335 (202 bp)
				Next Alignment: 923335 926208 NODE_6_length_305742_cov_137.956314 50404 47520

			Align 77: 923335 926208 NODE_6_length_305742_cov_137.956314 50404 47520
				Gap between this and next alignment: 926208 to 926374 (165 bp)
				Next Alignment: 926374 927908 NODE_69_length_277640_cov_129.889389 209884 208350

			Align 78: 926374 927908 NODE_69_length_277640_cov_129.889389 209884 208350
				Negative gap (overlap) between this and next alignment: 927908 to 927908 (0 bp)
				Next Alignment: 927908 941964 NODE_69_length_277640_cov_129.889389 208050 193943

			Previous gap was negative, modifying coordinates to ignore overlap
				Moving contig start from 208050 to 208049.
			Align 79: 927909 941964 NODE_69_length_277640_cov_129.889389 208049 193943
				Gap between this and next alignment: 941964 to 963799 (21834 bp)
				Next Alignment: 963799 964014 NODE_69_length_277640_cov_129.889389 172275 172489

			Align 80: 963799 964014 NODE_69_length_277640_cov_129.889389 172275 172489
				Gap between this and next alignment: 964014 to 986850 (22835 bp)
				Next Alignment: 986850 993441 NODE_69_length_277640_cov_129.889389 149029 142448

			Align 81: 986850 993441 NODE_69_length_277640_cov_129.889389 149029 142448
				Gap between this and next alignment: 993441 to 1029513 (36071 bp)
				Next Alignment: 1029513 1029730 NODE_12_length_76973_cov_147.809525 1698 1481

			Align 82: 1029513 1029730 NODE_12_length_76973_cov_147.809525 1698 1481
				Gap between this and next alignment: 1029730 to 1031632 (1901 bp)
				Next Alignment: 1031632 1032056 NODE_69_length_277640_cov_129.889389 116164 115739

			Align 83: 1031632 1032056 NODE_69_length_277640_cov_129.889389 116164 115739
				Gap between this and next alignment: 1032056 to 1074170 (42113 bp)
				Next Alignment: 1074170 1079152 NODE_69_length_277640_cov_129.889389 115435 110457

			Align 84: 1074170 1079152 NODE_69_length_277640_cov_129.889389 115435 110457
				Gap between this and next alignment: 1079152 to 1080220 (1067 bp)
				Next Alignment: 1080220 1091969 NODE_20_length_79421_cov_141.900635 460 12207

			Align 85: 1080220 1091969 NODE_20_length_79421_cov_141.900635 460 12207
				Gap between this and next alignment: 1091969 to 1094801 (2831 bp)
				Next Alignment: 1094801 1103326 NODE_20_length_79421_cov_141.900635 20656 29181

			Align 86: 1094801 1103326 NODE_20_length_79421_cov_141.900635 20656 29181
				Gap between this and next alignment: 1103326 to 1103330 (3 bp)
				Next Alignment: 1103330 1104911 NODE_20_length_79421_cov_141.900635 65704 67285

			Align 87: 1103330 1104911 NODE_20_length_79421_cov_141.900635 65704 67285
				Gap between this and next alignment: 1104911 to 1112599 (7687 bp)
				Next Alignment: 1112599 1130947 NODE_69_length_277640_cov_129.889389 65472 47088

			Align 88: 1112599 1130947 NODE_69_length_277640_cov_129.889389 65472 47088
				Gap between this and next alignment: 1130947 to 1131082 (134 bp)
				Next Alignment: 1131082 1139752 NODE_69_length_277640_cov_129.889389 45068 36397

			Align 89: 1131082 1139752 NODE_69_length_277640_cov_129.889389 45068 36397
				Gap between this and next alignment: 1139752 to 1140303 (550 bp)
				Next Alignment: 1140303 1146387 NODE_69_length_277640_cov_129.889389 35976 29871

			Align 90: 1140303 1146387 NODE_69_length_277640_cov_129.889389 35976 29871
				Gap between this and next alignment: 1146387 to 1146778 (390 bp)
				Next Alignment: 1146778 1148159 NODE_69_length_277640_cov_129.889389 29873 28496

			Align 91: 1146778 1148159 NODE_69_length_277640_cov_129.889389 29873 28496
				Gap between this and next alignment: 1148159 to 1163334 (15174 bp)
				Next Alignment: 1163334 1164504 NODE_20_length_79421_cov_141.900635 75359 74189

			Align 92: 1163334 1164504 NODE_20_length_79421_cov_141.900635 75359 74189
				Gap between this and next alignment: 1164504 to 1179225 (14720 bp)
				Next Alignment: 1179225 1181637 NODE_69_length_277640_cov_129.889389 77601 80013

			Align 93: 1179225 1181637 NODE_69_length_277640_cov_129.889389 77601 80013
				Gap between this and next alignment: 1181637 to 1198552 (16914 bp)
				Next Alignment: 1198552 1203153 NODE_20_length_79421_cov_141.900635 33844 29240

			Align 94: 1198552 1203153 NODE_20_length_79421_cov_141.900635 33844 29240
				Gap between this and next alignment: 1203153 to 1203169 (15 bp)
				Next Alignment: 1203169 1220912 NODE_20_length_79421_cov_141.900635 65646 47963

			Align 95: 1203169 1220912 NODE_20_length_79421_cov_141.900635 65646 47963
				Gap between this and next alignment: 1220912 to 1222700 (1787 bp)
				Next Alignment: 1222700 1223532 NODE_20_length_79421_cov_141.900635 46891 46059

			Align 96: 1222700 1223532 NODE_20_length_79421_cov_141.900635 46891 46059
				Gap between this and next alignment: 1223532 to 1224612 (1079 bp)
				Next Alignment: 1224612 1249543 NODE_69_length_277640_cov_129.889389 80084 105019

			Align 97: 1224612 1249543 NODE_69_length_277640_cov_129.889389 80084 105019
				The next alignment (1237654 1238094 NODE_12_length_76973_cov_147.809525 43757 43321) is redundant. Skipping.
				Gap between this and next alignment: 1249543 to 1250043 (499 bp)
				Next Alignment: 1250043 1250341 NODE_69_length_277640_cov_129.889389 105429 105727

			Align 99: 1250043 1250341 NODE_69_length_277640_cov_129.889389 105429 105727
				Gap between this and next alignment: 1250341 to 1279079 (28737 bp)
				Next Alignment: 1279079 1280179 NODE_69_length_277640_cov_129.889389 273306 274406

			Align 100: 1279079 1280179 NODE_69_length_277640_cov_129.889389 273306 274406
				Gap between this and next alignment: 1280179 to 1280214 (34 bp)
				Next Alignment: 1280214 1296515 NODE_6_length_305742_cov_137.956314 2389 18701

			Align 101: 1280214 1296515 NODE_6_length_305742_cov_137.956314 2389 18701
				Gap between this and next alignment: 1296515 to 1310536 (14020 bp)
				Next Alignment: 1310536 1311423 NODE_6_length_305742_cov_137.956314 29633 30522

			Align 102: 1310536 1311423 NODE_6_length_305742_cov_137.956314 29633 30522
				Gap between this and next alignment: 1311423 to 1312411 (987 bp)
				Next Alignment: 1312411 1329207 NODE_6_length_305742_cov_137.956314 30523 47340

			Align 103: 1312411 1329207 NODE_6_length_305742_cov_137.956314 30523 47340
				Negative gap (overlap) between this and next alignment: 1329207 to 1329202 (-5 bp)
				Next Alignment: 1329202 1344011 NODE_69_length_277640_cov_129.889389 213003 227829

			Previous gap was negative, modifying coordinates to ignore overlap
				Moving contig start from 213003 to 213009.
			Align 104: 1329208 1344011 NODE_69_length_277640_cov_129.889389 213009 227829
				Gap between this and next alignment: 1344011 to 1345172 (1160 bp)
				Next Alignment: 1345172 1345243 NODE_39_length_233014_cov_148.519196 38874 38803

			Align 105: 1345172 1345243 NODE_39_length_233014_cov_148.519196 38874 38803
				Negative gap (overlap) between this and next alignment: 1345243 to 1345236 (-7 bp)
				Next Alignment: 1345236 1361401 NODE_69_length_277640_cov_129.889389 227975 244167

			Previous gap was negative, modifying coordinates to ignore overlap
				Moving contig start from 227975 to 227983.
			Align 106: 1345244 1361401 NODE_69_length_277640_cov_129.889389 227983 244167
				Gap between this and next alignment: 1361401 to 1361404 (2 bp)
				Next Alignment: 1361404 1368969 NODE_13_length_61744_cov_120.733742 34 7598

			Align 107: 1361404 1368969 NODE_13_length_61744_cov_120.733742 34 7598
				Gap between this and next alignment: 1368969 to 1380259 (11289 bp)
				Next Alignment: 1380259 1382251 NODE_69_length_277640_cov_129.889389 129209 131204

			Align 108: 1380259 1382251 NODE_69_length_277640_cov_129.889389 129209 131204
				Gap between this and next alignment: 1382251 to 1382748 (496 bp)
				Next Alignment: 1382748 1385301 NODE_69_length_277640_cov_129.889389 133816 136374

			Align 109: 1382748 1385301 NODE_69_length_277640_cov_129.889389 133816 136374
				Gap between this and next alignment: 1385301 to 1389815 (4513 bp)
				Next Alignment: 1389815 1401165 NODE_13_length_61744_cov_120.733742 22695 34053

			Align 110: 1389815 1401165 NODE_13_length_61744_cov_120.733742 22695 34053
				Gap between this and next alignment: 1401165 to 1401215 (49 bp)
				Next Alignment: 1401215 1405893 NODE_13_length_61744_cov_120.733742 35260 39937

			Align 111: 1401215 1405893 NODE_13_length_61744_cov_120.733742 35260 39937
				Gap between this and next alignment: 1405893 to 1431646 (25752 bp)
				Next Alignment: 1431646 1435748 NODE_13_length_61744_cov_120.733742 57438 61555

			Align 112: 1431646 1435748 NODE_13_length_61744_cov_120.733742 57438 61555
				Gap between this and next alignment: 1435748 to 1440145 (4396 bp)
				Next Alignment: 1440145 1440703 NODE_31_length_433_cov_382.521942 559 1

			Align 113: 1440145 1440703 NODE_31_length_433_cov_382.521942 559 1
				The next alignment (1440526 1440703 NODE_17_length_678_cov_443.811218 627 804) is redundant. Skipping.
				Gap between this and next alignment: 1440703 to 1449257 (8553 bp)
				Next Alignment: 1449257 1454896 NODE_55_length_141337_cov_116.166039 133949 128310

			Align 115: 1449257 1454896 NODE_55_length_141337_cov_116.166039 133949 128310
				Gap between this and next alignment: 1454896 to 1455217 (320 bp)
				Next Alignment: 1455217 1457912 NODE_6_length_305742_cov_137.956314 94972 92273

			Align 116: 1455217 1457912 NODE_6_length_305742_cov_137.956314 94972 92273
				Gap between this and next alignment: 1457912 to 1472474 (14561 bp)
				Next Alignment: 1472474 1480723 NODE_55_length_141337_cov_116.166039 20524 28772

			Align 117: 1472474 1480723 NODE_55_length_141337_cov_116.166039 20524 28772
				Gap between this and next alignment: 1480723 to 1483574 (2850 bp)
				Next Alignment: 1483574 1492031 NODE_6_length_305742_cov_137.956314 96565 105031

			Align 118: 1483574 1492031 NODE_6_length_305742_cov_137.956314 96565 105031
				Gap between this and next alignment: 1492031 to 1492738 (706 bp)
				Next Alignment: 1492738 1502726 NODE_6_length_305742_cov_137.956314 105065 115052

			Align 119: 1492738 1502726 NODE_6_length_305742_cov_137.956314 105065 115052
				Negative gap (overlap) between this and next alignment: 1502726 to 1502726 (0 bp)
				Next Alignment: 1502726 1529771 NODE_6_length_305742_cov_137.956314 115216 142316

			Previous gap was negative, modifying coordinates to ignore overlap
				Moving contig start from 115216 to 115217.
			Align 120: 1502727 1529771 NODE_6_length_305742_cov_137.956314 115217 142316
				Negative gap (overlap) between this and next alignment: 1529771 to 1529766 (-5 bp)
				Next Alignment: 1529766 1553344 NODE_55_length_141337_cov_116.166039 128171 104549

			Previous gap was negative, modifying coordinates to ignore overlap
				Moving contig start from 128171 to 128165.
			Align 121: 1529772 1553344 NODE_55_length_141337_cov_116.166039 128165 104549
				Gap between this and next alignment: 1553344 to 1553472 (127 bp)
				Next Alignment: 1553472 1577563 NODE_55_length_141337_cov_116.166039 104548 80501

			Align 122: 1553472 1577563 NODE_55_length_141337_cov_116.166039 104548 80501
				Gap between this and next alignment: 1577563 to 1583684 (6120 bp)
				Next Alignment: 1583684 1610957 NODE_55_length_141337_cov_116.166039 75833 48503

			Align 123: 1583684 1610957 NODE_55_length_141337_cov_116.166039 75833 48503
				Gap between this and next alignment: 1610957 to 1633505 (22547 bp)
				Next Alignment: 1633505 1634011 NODE_55_length_141337_cov_116.166039 141463 140957

			Align 124: 1633505 1634011 NODE_55_length_141337_cov_116.166039 141463 140957
				Gap between this and next alignment: 1634011 to 1634221 (209 bp)
				Next Alignment: 1634221 1634527 NODE_55_length_141337_cov_116.166039 140764 140457

			Align 125: 1634221 1634527 NODE_55_length_141337_cov_116.166039 140764 140457
				Negative gap (overlap) between this and next alignment: 1634527 to 1634386 (-141 bp)
				Next Alignment: 1634386 1652961 NODE_11_length_27693_cov_160.142822 1 18559

			Previous gap was negative, modifying coordinates to ignore overlap
				Moving contig start from 1 to 145.
			Align 126: 1634528 1652961 NODE_11_length_27693_cov_160.142822 145 18559
				The next alignment (1650176 1650255 NODE_50_length_111947_cov_114.293762 111694 111615) is redundant. Skipping.
				Gap between this and next alignment: 1652961 to 1661107 (8145 bp)
				Next Alignment: 1661107 1661191 NODE_50_length_111947_cov_114.293762 92080 91996

			Align 128: 1661107 1661191 NODE_50_length_111947_cov_114.293762 92080 91996
				Gap between this and next alignment: 1661191 to 1661565 (373 bp)
				Next Alignment: 1661565 1661769 NODE_11_length_27693_cov_160.142822 27569 27773

			Align 129: 1661565 1661769 NODE_11_length_27693_cov_160.142822 27569 27773
				Negative gap (overlap) between this and next alignment: 1661769 to 1661769 (0 bp)
				Next Alignment: 1661769 1661892 NODE_9_length_10305_cov_156.146530 124 1

			Previous gap was negative, modifying coordinates to ignore overlap
				Moving contig start from 124 to 123.
			Align 130: 1661770 1661892 NODE_9_length_10305_cov_156.146530 123 1
				Negative gap (overlap) between this and next alignment: 1661892 to 1661769 (-123 bp)
				Next Alignment: 1661769 1661910 NODE_13_length_61744_cov_120.733742 61651 61795

			Previous gap was negative, modifying coordinates to ignore overlap
				Moving contig start from 61651 to 61775.
			Align 131: 1661893 1661910 NODE_13_length_61744_cov_120.733742 61775 61795
				The next alignment (1661769 1661892 NODE_39_length_233014_cov_148.519196 124 1) is redundant. Skipping.
				The next alignment (1661769 1661901 NODE_50_length_111947_cov_114.293762 691 559) is redundant. Skipping.
				The next alignment (1661769 1661892 NODE_55_length_141337_cov_116.166039 124 1) is redundant. Skipping.
				Gap between this and next alignment: 1661910 to 1662153 (242 bp)
				Next Alignment: 1662153 1662584 NODE_50_length_111947_cov_114.293762 431 1

			Align 135: 1662153 1662584 NODE_50_length_111947_cov_114.293762 431 1
				Gap between this and next alignment: 1662584 to 1667139 (4554 bp)
				Next Alignment: 1667139 1667514 NODE_50_length_111947_cov_114.293762 112073 111697

			Align 136: 1667139 1667514 NODE_50_length_111947_cov_114.293762 112073 111697
				Negative gap (overlap) between this and next alignment: 1667514 to 1667467 (-47 bp)
				Next Alignment: 1667467 1676174 NODE_15_length_164826_cov_120.856506 1 8711

			Previous gap was negative, modifying coordinates to ignore overlap
				Moving contig start from 1 to 49.
			Align 137: 1667515 1676174 NODE_15_length_164826_cov_120.856506 49 8711
				Gap between this and next alignment: 1676174 to 1702264 (26089 bp)
				Next Alignment: 1702264 1710001 NODE_50_length_111947_cov_114.293762 19711 27454

			Align 138: 1702264 1710001 NODE_50_length_111947_cov_114.293762 19711 27454
				Gap between this and next alignment: 1710001 to 1742940 (32938 bp)
				Next Alignment: 1742940 1748738 NODE_50_length_111947_cov_114.293762 97900 92100

			Align 139: 1742940 1748738 NODE_50_length_111947_cov_114.293762 97900 92100
				Negative gap (overlap) between this and next alignment: 1748738 to 1748658 (-80 bp)
				Next Alignment: 1748658 1748742 NODE_11_length_27693_cov_160.142822 27439 27523

			Previous gap was negative, modifying coordinates to ignore overlap
				Moving contig start from 27439 to 27520.
			Align 140: 1748739 1748742 NODE_11_length_27693_cov_160.142822 27520 27523
				Gap between this and next alignment: 1748742 to 1751830 (3087 bp)
				Next Alignment: 1751830 1755609 NODE_15_length_164826_cov_120.856506 146057 149836

			Align 141: 1751830 1755609 NODE_15_length_164826_cov_120.856506 146057 149836
				Gap between this and next alignment: 1755609 to 1755611 (1 bp)
				Next Alignment: 1755611 1769857 NODE_15_length_164826_cov_120.856506 150339 164580

			Align 142: 1755611 1769857 NODE_15_length_164826_cov_120.856506 150339 164580
				Negative gap (overlap) between this and next alignment: 1769857 to 1769809 (-48 bp)
				Next Alignment: 1769809 1772526 NODE_5_length_200242_cov_157.865829 7225 9924

			Previous gap was negative, modifying coordinates to ignore overlap
				Moving contig start from 7225 to 7274.
			Align 143: 1769858 1772526 NODE_5_length_200242_cov_157.865829 7274 9924
				Gap between this and next alignment: 1772526 to 1772734 (207 bp)
				Next Alignment: 1772734 1781540 NODE_5_length_200242_cov_157.865829 10264 19070

			Align 144: 1772734 1781540 NODE_5_length_200242_cov_157.865829 10264 19070
				Gap between this and next alignment: 1781540 to 1782190 (649 bp)
				Next Alignment: 1782190 1794221 NODE_5_length_200242_cov_157.865829 19705 31744

			Align 145: 1782190 1794221 NODE_5_length_200242_cov_157.865829 19705 31744
				Gap between this and next alignment: 1794221 to 1794984 (762 bp)
				Next Alignment: 1794984 1805064 NODE_5_length_200242_cov_157.865829 31745 41830

			Align 146: 1794984 1805064 NODE_5_length_200242_cov_157.865829 31745 41830
				Negative gap (overlap) between this and next alignment: 1805064 to 1805057 (-7 bp)
				Next Alignment: 1805057 1805565 NODE_15_length_164826_cov_120.856506 117779 117271

			Previous gap was negative, modifying coordinates to ignore overlap
				Moving contig start from 117779 to 117771.
			Align 147: 1805065 1805565 NODE_15_length_164826_cov_120.856506 117771 117271
				Gap between this and next alignment: 1805565 to 1813469 (7903 bp)
				Next Alignment: 1813469 1851068 NODE_15_length_164826_cov_120.856506 109515 71928

			Align 148: 1813469 1851068 NODE_15_length_164826_cov_120.856506 109515 71928
				Gap between this and next alignment: 1851068 to 1851197 (128 bp)
				Next Alignment: 1851197 1856027 NODE_15_length_164826_cov_120.856506 71792 66962

			Align 149: 1851197 1856027 NODE_15_length_164826_cov_120.856506 71792 66962
			END in gap: 1856027 to 1856176 (149 bp)

Analysis is finished!
Founded SNPs were written into /data/projects/Assembly/Aroon/reports/GCF_000465255.1_ASM46525v1_genomic/contigs_reports/nucmer_output/M07572_contigs.used_snps

Results:
	Local Misassemblies: 35
	Misassemblies: 57
		Relocations: 57
		Translocations: 0
		Inversions: 0
	Misassembled Contigs: 10
	Misassembled Contig Bases: 1353473
	Misassemblies Inter-Contig Overlap: 0
Uncovered Regions: 0 (0)
Unaligned Contigs: 24 + 6 part
Partially Unaligned Contigs with Misassemblies: 5
Unaligned Contig Bases: 412819

Ambiguously Mapped Contigs: 3
Total Bases in Ambiguously Mapped Contigs: 3436
Note that --allow-ambiguity option was set to "one" and only first alignment per each contig was used.

	Covered Bases: 1118739

	SNPs: 40279
	Insertions: 1255
	Deletions: 1074

	Positive Gaps: 121
		Internal Gaps:  70
		External Gaps:  51
		External Gap Total:  371268
		External Gap Average: 7280
	Negative Gaps: 15
		Internal Overlaps:  2
		External Overlaps:  13
		External Overlaps Total: -570
		External Overlaps Average: -44
	Contigs with Redundant Alignments: 8 (2573)
