/data/home/achande3/bin/quast-3.2/quast.py -o ./quast/M29695 --no-plots  -t 6 --no-snps  --no-check  /data/projects/assembly/aroon/contigs/meta.M29695.fa /data/projects/assembly/aroon/contigs/spades.M29695.fa /data/projects/assembly/aroon/contigs/velvet.M29695.fa /data/projects/assembly/aroon/contigs/abyss.115.M29695.fa

Version: 3.2, build 26.11.2015 18:55

System information:
  OS: Linux-2.6.32-573.12.1.el6.x86_64-x86_64-with-redhat-6.7-Santiago (linux_64)
  Python version: 2.7.11
  CPUs number: 6

Started: 2016-02-18 08:38:16

Logging to /data/projects/assembly/aroon/meta/quast/M29695/quast.log

Main parameters: 
  Threads: 6, minimum contig length: 500, ambiguity: one, threshold for extensive misassembly size: 1000

Contigs:
  1  /data/projects/assembly/aroon/contigs/meta.M29695.fa ==> meta.M29695
  2  /data/projects/assembly/aroon/contigs/spades.M29695.fa ==> spades.M29695
  3  /data/projects/assembly/aroon/contigs/velvet.M29695.fa ==> velvet.M29695
  4  /data/projects/assembly/aroon/contigs/abyss.115.M29695.fa ==> abyss.115.M29695

2016-02-18 08:38:17
Running Basic statistics processor...
  Contig files: 
    1  meta.M29695
    2  spades.M29695
    3  velvet.M29695
    4  abyss.115.M29695
  Calculating N50 and L50...
    1  meta.M29695, N50 = 210681, L50 = 3, Total length = 1837865, GC % = 37.94, # N's per 100 kbp =  0.00
    2  spades.M29695, N50 = 210681, L50 = 3, Total length = 1871309, GC % = 38.19, # N's per 100 kbp =  0.00
    3  velvet.M29695, N50 = 211238, L50 = 3, Total length = 1842424, GC % = 37.92, # N's per 100 kbp =  39.13
    4  abyss.115.M29695, N50 = 129934, L50 = 4, Total length = 1889911, GC % = 38.06, # N's per 100 kbp =  0.00
Done.

NOTICE: Genes are not predicted by default. Use --gene-finding option to enable it.

2016-02-18 08:38:17
RESULTS:
  Text versions of total report are saved to /data/projects/assembly/aroon/meta/quast/M29695/report.txt, report.tsv, and report.tex
  Text versions of transposed total report are saved to /data/projects/assembly/aroon/meta/quast/M29695/transposed_report.txt, transposed_report.tsv, and transposed_report.tex
  HTML version (interactive tables and plots) saved to /data/projects/assembly/aroon/meta/quast/M29695/report.html
  PDF version (tables and plots) saved to /data/projects/assembly/aroon/meta/quast/M29695/report.pdf
  Log saved to /data/projects/assembly/aroon/meta/quast/M29695/quast.log

Finished: 2016-02-18 08:38:17
Elapsed time: 0:00:01.731889
NOTICEs: 1; WARNINGs: 0; non-fatal ERRORs: 0

Thank you for using QUAST!
