/data/home/achande3/bin/quast-3.2/quast.py -o ./quast/M07572 --no-plots  -t 6 --no-snps  --no-check  /data/projects/assembly/aroon/contigs/meta.M07572.fa /data/projects/assembly/aroon/contigs/spades.M07572.fa /data/projects/assembly/aroon/contigs/velvet.M07572.fa /data/projects/assembly/aroon/contigs/abyss.115.M07572.fa

Version: 3.2, build 26.11.2015 18:55

System information:
  OS: Linux-2.6.32-573.12.1.el6.x86_64-x86_64-with-redhat-6.7-Santiago (linux_64)
  Python version: 2.7.11
  CPUs number: 6

Started: 2016-02-18 08:37:24

Logging to /data/projects/assembly/aroon/meta/quast/M07572/quast.log

NOTICE: Output directory already exists. Existing Nucmer alignments can be used.

Main parameters: 
  Threads: 6, minimum contig length: 500, ambiguity: one, threshold for extensive misassembly size: 1000

Contigs:
  1  /data/projects/assembly/aroon/contigs/meta.M07572.fa ==> meta.M07572
  2  /data/projects/assembly/aroon/contigs/spades.M07572.fa ==> spades.M07572
  3  /data/projects/assembly/aroon/contigs/velvet.M07572.fa ==> velvet.M07572
  4  /data/projects/assembly/aroon/contigs/abyss.115.M07572.fa ==> abyss.115.M07572

2016-02-18 08:37:25
Running Basic statistics processor...
  Contig files: 
    1  meta.M07572
    2  spades.M07572
    3  velvet.M07572
    4  abyss.115.M07572
  Calculating N50 and L50...
    1  meta.M07572, N50 = 140620, L50 = 5, Total length = 1955171, GC % = 38.25, # N's per 100 kbp =  0.00
    2  spades.M07572, N50 = 125428, L50 = 6, Total length = 2127397, GC % = 39.40, # N's per 100 kbp =  0.00
    3  velvet.M07572, N50 = 197749, L50 = 4, Total length = 1968722, GC % = 38.24, # N's per 100 kbp =  101.89
    4  abyss.115.M07572, N50 = 141184, L50 = 5, Total length = 2045367, GC % = 38.45, # N's per 100 kbp =  0.05
Done.

NOTICE: Genes are not predicted by default. Use --gene-finding option to enable it.

2016-02-18 08:37:26
RESULTS:
  Text versions of total report are saved to /data/projects/assembly/aroon/meta/quast/M07572/report.txt, report.tsv, and report.tex
  Text versions of transposed total report are saved to /data/projects/assembly/aroon/meta/quast/M07572/transposed_report.txt, transposed_report.tsv, and transposed_report.tex
  HTML version (interactive tables and plots) saved to /data/projects/assembly/aroon/meta/quast/M07572/report.html
  PDF version (tables and plots) saved to /data/projects/assembly/aroon/meta/quast/M07572/report.pdf
  Log saved to /data/projects/assembly/aroon/meta/quast/M07572/quast.log

Finished: 2016-02-18 08:37:26
Elapsed time: 0:00:02.011239
NOTICEs: 2; WARNINGs: 0; non-fatal ERRORs: 0

Thank you for using QUAST!
