/data/home/achande3/bin/quast-3.2/quast.py -o ./quast/M29697 --no-plots  -t 6 --no-snps  --no-check  /data/projects/assembly/aroon/contigs/meta.M29697.fa /data/projects/assembly/aroon/contigs/spades.M29697.fa /data/projects/assembly/aroon/contigs/velvet.M29697.fa /data/projects/assembly/aroon/contigs/abyss.115.M29697.fa

Version: 3.2, build 26.11.2015 18:55

System information:
  OS: Linux-2.6.32-573.12.1.el6.x86_64-x86_64-with-redhat-6.7-Santiago (linux_64)
  Python version: 2.7.11
  CPUs number: 6

Started: 2016-02-18 08:38:17

Logging to /data/projects/assembly/aroon/meta/quast/M29697/quast.log

Main parameters: 
  Threads: 6, minimum contig length: 500, ambiguity: one, threshold for extensive misassembly size: 1000

Contigs:
  1  /data/projects/assembly/aroon/contigs/meta.M29697.fa ==> meta.M29697
  2  /data/projects/assembly/aroon/contigs/spades.M29697.fa ==> spades.M29697
  3  /data/projects/assembly/aroon/contigs/velvet.M29697.fa ==> velvet.M29697
  4  /data/projects/assembly/aroon/contigs/abyss.115.M29697.fa ==> abyss.115.M29697

2016-02-18 08:38:18
Running Basic statistics processor...
  Contig files: 
    1  meta.M29697
    2  spades.M29697
    3  velvet.M29697
    4  abyss.115.M29697
  Calculating N50 and L50...
    1  meta.M29697, N50 = 456784, L50 = 2, Total length = 1857529, GC % = 38.09, # N's per 100 kbp =  0.00
    2  spades.M29697, N50 = 456784, L50 = 2, Total length = 1877014, GC % = 38.10, # N's per 100 kbp =  0.00
    3  velvet.M29697, N50 = 457336, L50 = 2, Total length = 1860102, GC % = 38.06, # N's per 100 kbp =  68.22
    4  abyss.115.M29697, N50 = 144250, L50 = 3, Total length = 1903246, GC % = 38.26, # N's per 100 kbp =  4.68
Done.

NOTICE: Genes are not predicted by default. Use --gene-finding option to enable it.

2016-02-18 08:38:19
RESULTS:
  Text versions of total report are saved to /data/projects/assembly/aroon/meta/quast/M29697/report.txt, report.tsv, and report.tex
  Text versions of transposed total report are saved to /data/projects/assembly/aroon/meta/quast/M29697/transposed_report.txt, transposed_report.tsv, and transposed_report.tex
  HTML version (interactive tables and plots) saved to /data/projects/assembly/aroon/meta/quast/M29697/report.html
  PDF version (tables and plots) saved to /data/projects/assembly/aroon/meta/quast/M29697/report.pdf
  Log saved to /data/projects/assembly/aroon/meta/quast/M29697/quast.log

Finished: 2016-02-18 08:38:19
Elapsed time: 0:00:01.803639
NOTICEs: 1; WARNINGs: 0; non-fatal ERRORs: 0

Thank you for using QUAST!
