Aligning contigs to reference...
	Running Nucmer
Parsing coords...
Loading reference...
	Loaded [NC_016809.1_Haemophilus_influenzae_10810_genome]
Loading SNPs...
Loading regions...
	No regions given, using whole reference.
	Total Regions: 1
	Total Region Length: 1981535
Analyzing contigs...
CONTIG: NODE_1_length_311333_cov_153.831482 (311459bp)
Top Length: 20624  Top ID: 95.69
		Skipping redundant alignment 475538 475681 | 103292 103148 | 144 145 | 97.24 | NC_016809.1_Haemophilus_influenzae_10810_genome NODE_1_length_311333_cov_153.831482
		Skipping redundant alignment 1740809 1740916 | 103186 103293 | 108 108 | 100.0 | NC_016809.1_Haemophilus_influenzae_10810_genome NODE_1_length_311333_cov_153.831482
		Skipping redundant alignment 1740725 1740831 | 103186 103292 | 107 107 | 100.0 | NC_016809.1_Haemophilus_influenzae_10810_genome NODE_1_length_311333_cov_153.831482
		Skipping redundant alignment 680442 680522 | 103268 103188 | 81 81 | 100.0 | NC_016809.1_Haemophilus_influenzae_10810_genome NODE_1_length_311333_cov_153.831482
		Skipping redundant alignment 680442 680522 | 103288 103208 | 81 81 | 100.0 | NC_016809.1_Haemophilus_influenzae_10810_genome NODE_1_length_311333_cov_153.831482
		Skipping redundant alignment 680441 680522 | 103293 103212 | 82 82 | 100.0 | NC_016809.1_Haemophilus_influenzae_10810_genome NODE_1_length_311333_cov_153.831482
		Skipping redundant alignment 424095 424386 | 202149 202440 | 292 292 | 98.29 | NC_016809.1_Haemophilus_influenzae_10810_genome NODE_1_length_311333_cov_153.831482
		Skipping redundant alignment 423540 423955 | 202165 202582 | 416 418 | 99.04 | NC_016809.1_Haemophilus_influenzae_10810_genome NODE_1_length_311333_cov_153.831482
		Skipping redundant alignment 423820 424247 | 202165 202582 | 428 418 | 96.27 | NC_016809.1_Haemophilus_influenzae_10810_genome NODE_1_length_311333_cov_153.831482
		Skipping redundant alignment 423860 424094 | 202726 202960 | 235 235 | 100.0 | NC_016809.1_Haemophilus_influenzae_10810_genome NODE_1_length_311333_cov_153.831482
		Skipping redundant alignment 423580 423811 | 202726 202957 | 232 232 | 100.0 | NC_016809.1_Haemophilus_influenzae_10810_genome NODE_1_length_311333_cov_153.831482
		Skipping redundant alignment 423300 423531 | 202726 202957 | 232 232 | 99.14 | NC_016809.1_Haemophilus_influenzae_10810_genome NODE_1_length_311333_cov_153.831482
		Skipping redundant alignment 47122 47237 | 230393 230278 | 116 116 | 97.44 | NC_016809.1_Haemophilus_influenzae_10810_genome NODE_1_length_311333_cov_153.831482
		Skipping redundant alignment 143658 143736 | 265543 265621 | 79 79 | 100.0 | NC_016809.1_Haemophilus_influenzae_10810_genome NODE_1_length_311333_cov_153.831482
		Skipping redundant alignment 192550 192628 | 265543 265621 | 79 79 | 100.0 | NC_016809.1_Haemophilus_influenzae_10810_genome NODE_1_length_311333_cov_153.831482
		Skipping redundant alignment 497110 497188 | 299375 299453 | 79 79 | 100.0 | NC_016809.1_Haemophilus_influenzae_10810_genome NODE_1_length_311333_cov_153.831482
		Skipping redundant alignment 87525 87617 | 299590 299498 | 93 93 | 98.92 | NC_016809.1_Haemophilus_influenzae_10810_genome NODE_1_length_311333_cov_153.831482
		Skipping redundant alignment 1937649 1937726 | 299670 299593 | 78 78 | 100.0 | NC_016809.1_Haemophilus_influenzae_10810_genome NODE_1_length_311333_cov_153.831482
			Skipping redundant alignments after choosing the best set of alignments
		Skipping redundant alignment 475354 475600 | 103432 103186 | 247 247 | 98.79 | NC_016809.1_Haemophilus_influenzae_10810_genome NODE_1_length_311333_cov_153.831482
		This contig is misassembled. 46 total aligns.
			Warning! This contig is more unaligned than misassembled. Contig length is 311459 and total length of all aligns is 152217
		Alignment: 175343 175427 | 84 1 | 85 84 | 98.82 | NC_016809.1_Haemophilus_influenzae_10810_genome NODE_1_length_311333_cov_153.831482
		Alignment: 608014 615922 | 36656 28747 | 7909 7910 | 97.07 | NC_016809.1_Haemophilus_influenzae_10810_genome NODE_1_length_311333_cov_153.831482
		Alignment: 475888 479119 | 58286 55054 | 3232 3233 | 95.18 | NC_016809.1_Haemophilus_influenzae_10810_genome NODE_1_length_311333_cov_153.831482
		Alignment: 453592 464494 | 60822 71723 | 10903 10902 | 95.96 | NC_016809.1_Haemophilus_influenzae_10810_genome NODE_1_length_311333_cov_153.831482
		Alignment: 464457 474645 | 71870 82058 | 10189 10189 | 96.03 | NC_016809.1_Haemophilus_influenzae_10810_genome NODE_1_length_311333_cov_153.831482
		Alignment: 1032328 1050775 | 100460 82040 | 18448 18421 | 95.6 | NC_016809.1_Haemophilus_influenzae_10810_genome NODE_1_length_311333_cov_153.831482
		Alignment: 475354 475604 | 103432 103186 | 251 247 | 97.21 | NC_016809.1_Haemophilus_influenzae_10810_genome NODE_1_length_311333_cov_153.831482
		Alignment: 319664 323015 | 111713 108363 | 3352 3351 | 95.23 | NC_016809.1_Haemophilus_influenzae_10810_genome NODE_1_length_311333_cov_153.831482
		Alignment: 317603 319578 | 113823 111845 | 1976 1979 | 95.25 | NC_016809.1_Haemophilus_influenzae_10810_genome NODE_1_length_311333_cov_153.831482
		Alignment: 311979 317616 | 121089 115448 | 5638 5642 | 96.92 | NC_016809.1_Haemophilus_influenzae_10810_genome NODE_1_length_311333_cov_153.831482
		Alignment: 540057 550863 | 122046 132848 | 10807 10803 | 95.98 | NC_016809.1_Haemophilus_influenzae_10810_genome NODE_1_length_311333_cov_153.831482
		Alignment: 324753 325669 | 149305 150221 | 917 917 | 96.07 | NC_016809.1_Haemophilus_influenzae_10810_genome NODE_1_length_311333_cov_153.831482
		Alignment: 337651 338992 | 162415 163756 | 1342 1342 | 98.44 | NC_016809.1_Haemophilus_influenzae_10810_genome NODE_1_length_311333_cov_153.831482
		Alignment: 352471 353483 | 177549 178561 | 1013 1013 | 97.63 | NC_016809.1_Haemophilus_influenzae_10810_genome NODE_1_length_311333_cov_153.831482
		Alignment: 353495 356241 | 179261 182007 | 2747 2747 | 96.83 | NC_016809.1_Haemophilus_influenzae_10810_genome NODE_1_length_311333_cov_153.831482
		Alignment: 403072 423675 | 181959 202582 | 20604 20624 | 95.69 | NC_016809.1_Haemophilus_influenzae_10810_genome NODE_1_length_311333_cov_153.831482
		Alignment: 424152 443482 | 202726 222058 | 19331 19333 | 95.33 | NC_016809.1_Haemophilus_influenzae_10810_genome NODE_1_length_311333_cov_153.831482
		Alignment: 447314 450376 | 226763 229821 | 3063 3059 | 95.76 | NC_016809.1_Haemophilus_influenzae_10810_genome NODE_1_length_311333_cov_153.831482
		Alignment: 450517 451026 | 229962 230470 | 510 509 | 95.89 | NC_016809.1_Haemophilus_influenzae_10810_genome NODE_1_length_311333_cov_153.831482
		Alignment: 499613 508625 | 262968 253987 | 9013 8982 | 95.43 | NC_016809.1_Haemophilus_influenzae_10810_genome NODE_1_length_311333_cov_153.831482
		Alignment: 482856 499639 | 279879 263086 | 16784 16794 | 96.33 | NC_016809.1_Haemophilus_influenzae_10810_genome NODE_1_length_311333_cov_153.831482
		Alignment: 479223 482863 | 283695 280056 | 3641 3640 | 96.98 | NC_016809.1_Haemophilus_influenzae_10810_genome NODE_1_length_311333_cov_153.831482
		Alignment: 738162 738246 | 286785 286869 | 85 85 | 100.0 | NC_016809.1_Haemophilus_influenzae_10810_genome NODE_1_length_311333_cov_153.831482
		Alignment: 738166 738246 | 286889 286969 | 81 81 | 100.0 | NC_016809.1_Haemophilus_influenzae_10810_genome NODE_1_length_311333_cov_153.831482
		Alignment: 143546 143782 | 299565 299330 | 237 236 | 96.2 | NC_016809.1_Haemophilus_influenzae_10810_genome NODE_1_length_311333_cov_153.831482
		Alignment: 87340 87421 | 299672 299591 | 82 82 | 100.0 | NC_016809.1_Haemophilus_influenzae_10810_genome NODE_1_length_311333_cov_153.831482
		Alignment: 749860 749939 | 311252 311331 | 80 80 | 100.0 | NC_016809.1_Haemophilus_influenzae_10810_genome NODE_1_length_311333_cov_153.831482
		Unaligned bases: 159242
		This contig has both significant aligned and unaligned parts (of length >= min-contig)!
CONTIG: NODE_2_length_39119_cov_167.875656 (39245bp)
Top Length: 16540  Top ID: 95.55
		Skipping redundant alignment 296857 297002 | 39242 39098 | 146 145 | 97.95 | NC_016809.1_Haemophilus_influenzae_10810_genome NODE_2_length_39119_cov_167.875656
		Skipping redundant alignment 765560 765674 | 39130 39242 | 115 113 | 98.26 | NC_016809.1_Haemophilus_influenzae_10810_genome NODE_2_length_39119_cov_167.875656
		This contig is misassembled. 6 total aligns.
			Real Alignment 1: 684845 701364 | 19761 3222 | 16520 16540 | 95.55 | NC_016809.1_Haemophilus_influenzae_10810_genome NODE_2_length_39119_cov_167.875656
			  Gap between these two alignments (local misassembly). Inconsistency = 593 
			Real Alignment 2: 674803 683813 | 29181 20200 | 9011 8982 | 95.22 | NC_016809.1_Haemophilus_influenzae_10810_genome NODE_2_length_39119_cov_167.875656
			  Extensive misassembly ( relocation, inconsistency = -244031 ) between these two alignments
			Real Alignment 3: 911434 918040 | 36579 29975 | 6607 6605 | 96.57 | NC_016809.1_Haemophilus_influenzae_10810_genome NODE_2_length_39119_cov_167.875656
			  Extensive misassembly ( relocation, inconsistency = -43798 ) between these two alignments
			Real Alignment 4: 874292 876907 | 36629 39242 | 2616 2614 | 97.17 | NC_016809.1_Haemophilus_influenzae_10810_genome NODE_2_length_39119_cov_167.875656

CONTIG: NODE_3_length_25597_cov_176.608231 (25723bp)
Top Length: 5838  Top ID: 96.7
		Skipping redundant alignment 780698 780823 | 126 1 | 126 126 | 97.62 | NC_016809.1_Haemophilus_influenzae_10810_genome NODE_3_length_25597_cov_176.608231
		Skipping redundant alignment 765592 765799 | 25515 25722 | 208 208 | 97.61 | NC_016809.1_Haemophilus_influenzae_10810_genome NODE_3_length_25597_cov_176.608231
		Skipping redundant alignment 876825 877032 | 25515 25722 | 208 208 | 97.61 | NC_016809.1_Haemophilus_influenzae_10810_genome NODE_3_length_25597_cov_176.608231
			Skipping redundant alignments after choosing the best set of alignments
		Skipping redundant alignment 1973564 1973781 | 25722 25505 | 218 218 | 97.26 | NC_016809.1_Haemophilus_influenzae_10810_genome NODE_3_length_25597_cov_176.608231
		This contig is misassembled. 9 total aligns.
			Real Alignment 1: 706259 712081 | 1 5838 | 5823 5838 | 96.7 | NC_016809.1_Haemophilus_influenzae_10810_genome NODE_3_length_25597_cov_176.608231
			  Gap between these two alignments (local misassembly). Inconsistency = 866 
			Real Alignment 2: 713331 715392 | 6222 8283 | 2062 2062 | 96.71 | NC_016809.1_Haemophilus_influenzae_10810_genome NODE_3_length_25597_cov_176.608231
			  Extensive misassembly ( relocation, inconsistency = 3428 ) between these two alignments
			Real Alignment 3: 719190 723468 | 12931 8653 | 4279 4279 | 97.99 | NC_016809.1_Haemophilus_influenzae_10810_genome NODE_3_length_25597_cov_176.608231
			  Extensive misassembly ( relocation, inconsistency = -7404 ) between these two alignments
			Real Alignment 4: 716799 719017 | 13666 15891 | 2219 2226 | 95.11 | NC_016809.1_Haemophilus_influenzae_10810_genome NODE_3_length_25597_cov_176.608231
			  Extensive misassembly ( relocation, inconsistency = -431901 ) between these two alignments
			Real Alignment 5: 296732 296947 | 25722 25507 | 216 216 | 97.24 | NC_016809.1_Haemophilus_influenzae_10810_genome NODE_3_length_25597_cov_176.608231

CONTIG: NODE_4_length_186812_cov_140.254013 (186938bp)
Top Length: 37034  Top ID: 95.7
		Skipping redundant alignment 765592 766064 | 473 1 | 473 473 | 96.2 | NC_016809.1_Haemophilus_influenzae_10810_genome NODE_4_length_186812_cov_140.254013
		Skipping redundant alignment 876825 877297 | 473 1 | 473 473 | 96.2 | NC_016809.1_Haemophilus_influenzae_10810_genome NODE_4_length_186812_cov_140.254013
		Skipping redundant alignment 180650 181025 | 1 377 | 376 377 | 96.82 | NC_016809.1_Haemophilus_influenzae_10810_genome NODE_4_length_186812_cov_140.254013
		This contig is misassembled. 13 total aligns.
			Warning! This contig is more unaligned than misassembled. Contig length is 186938 and total length of all aligns is 93138
		Alignment: 732068 732557 | 488 1 | 490 488 | 95.52 | NC_016809.1_Haemophilus_influenzae_10810_genome NODE_4_length_186812_cov_140.254013
		Alignment: 1980291 1981535 | 7339 8584 | 1245 1246 | 95.03 | NC_016809.1_Haemophilus_influenzae_10810_genome NODE_4_length_186812_cov_140.254013
		Alignment: 1370604 1371921 | 13303 14618 | 1318 1316 | 95.6 | NC_016809.1_Haemophilus_influenzae_10810_genome NODE_4_length_186812_cov_140.254013
		Alignment: 1373754 1384617 | 18379 29238 | 10864 10860 | 96.96 | NC_016809.1_Haemophilus_influenzae_10810_genome NODE_4_length_186812_cov_140.254013
		Alignment: 155332 163583 | 38826 30574 | 8252 8253 | 95.27 | NC_016809.1_Haemophilus_influenzae_10810_genome NODE_4_length_186812_cov_140.254013
		Alignment: 1360407 1370600 | 50134 39951 | 10194 10184 | 95.44 | NC_016809.1_Haemophilus_influenzae_10810_genome NODE_4_length_186812_cov_140.254013
		Alignment: 1323275 1360373 | 87874 50841 | 37099 37034 | 95.7 | NC_016809.1_Haemophilus_influenzae_10810_genome NODE_4_length_186812_cov_140.254013
		Alignment: 4530 28142 | 87869 111448 | 23613 23580 | 96.42 | NC_016809.1_Haemophilus_influenzae_10810_genome NODE_4_length_186812_cov_140.254013
		Alignment: 450834 450932 | 130713 130615 | 99 99 | 98.99 | NC_016809.1_Haemophilus_influenzae_10810_genome NODE_4_length_186812_cov_140.254013
		Alignment: 175343 175427 | 186855 186938 | 85 84 | 98.82 | NC_016809.1_Haemophilus_influenzae_10810_genome NODE_4_length_186812_cov_140.254013
		Unaligned bases: 93800
		This contig has both significant aligned and unaligned parts (of length >= min-contig)!
CONTIG: NODE_5_length_26946_cov_145.931458 (27072bp)
Top Length: 18544  Top ID: 96.19
		Skipping redundant alignment 296846 296970 | 3 126 | 125 124 | 97.6 | NC_016809.1_Haemophilus_influenzae_10810_genome NODE_5_length_26946_cov_145.931458
		Skipping redundant alignment 1973678 1973789 | 3 113 | 112 111 | 95.54 | NC_016809.1_Haemophilus_influenzae_10810_genome NODE_5_length_26946_cov_145.931458
		Skipping redundant alignment 181028 181107 | 15761 15840 | 80 80 | 100.0 | NC_016809.1_Haemophilus_influenzae_10810_genome NODE_5_length_26946_cov_145.931458
		Skipping redundant alignment 200654 200735 | 26691 26772 | 82 82 | 100.0 | NC_016809.1_Haemophilus_influenzae_10810_genome NODE_5_length_26946_cov_145.931458
		Skipping redundant alignment 200755 200839 | 26692 26776 | 85 85 | 100.0 | NC_016809.1_Haemophilus_influenzae_10810_genome NODE_5_length_26946_cov_145.931458
		Skipping redundant alignment 737702 737987 | 27072 26787 | 286 286 | 96.85 | NC_016809.1_Haemophilus_influenzae_10810_genome NODE_5_length_26946_cov_145.931458
		Skipping redundant alignment 175364 175489 | 26947 27072 | 126 126 | 98.41 | NC_016809.1_Haemophilus_influenzae_10810_genome NODE_5_length_26946_cov_145.931458
		Skipping redundant alignment 290924 291049 | 26947 27072 | 126 126 | 97.62 | NC_016809.1_Haemophilus_influenzae_10810_genome NODE_5_length_26946_cov_145.931458
		Skipping redundant alignment 882715 882840 | 27072 26947 | 126 126 | 97.62 | NC_016809.1_Haemophilus_influenzae_10810_genome NODE_5_length_26946_cov_145.931458
		Skipping redundant alignment 1967756 1967881 | 26947 27072 | 126 126 | 97.62 | NC_016809.1_Haemophilus_influenzae_10810_genome NODE_5_length_26946_cov_145.931458
		Skipping redundant alignment 771209 771334 | 27072 26947 | 126 126 | 96.83 | NC_016809.1_Haemophilus_influenzae_10810_genome NODE_5_length_26946_cov_145.931458
		This contig is misassembled. 13 total aligns.
			Real Alignment 1: 747164 765685 | 18546 3 | 18522 18544 | 96.19 | NC_016809.1_Haemophilus_influenzae_10810_genome NODE_5_length_26946_cov_145.931458
			  Gap between these two alignments (local misassembly). Inconsistency = 765 
			Real Alignment 2: 737884 746380 | 27054 18565 | 8497 8490 | 95.0 | NC_016809.1_Haemophilus_influenzae_10810_genome NODE_5_length_26946_cov_145.931458

CONTIG: NODE_6_length_10068_cov_175.156143 (10194bp)
Top Length: 127  Top ID: 97.64
		This contig is partially unaligned. (Aligned 127 out of 10194 bases)
		Alignment: 706259 706385 | 10194 10068 | 127 127 | 97.64 | NC_016809.1_Haemophilus_influenzae_10810_genome NODE_6_length_10068_cov_175.156143
		Unaligned bases: 1 to 10067 (10067)

CONTIG: NODE_7_length_50836_cov_155.284012 (50962bp)
Top Length: 8983  Top ID: 95.42
		Skipping redundant alignment 765560 765674 | 116 4 | 115 113 | 98.26 | NC_016809.1_Haemophilus_influenzae_10810_genome NODE_7_length_50836_cov_155.284012
		This contig is misassembled. 5 total aligns.
			Warning! This contig is more unaligned than misassembled. Contig length is 50962 and total length of all aligns is 19553
		Alignment: 296857 305843 | 4 8986 | 8987 8983 | 95.42 | NC_016809.1_Haemophilus_influenzae_10810_genome NODE_7_length_50836_cov_155.284012
		Alignment: 265267 273010 | 42476 34739 | 7744 7738 | 95.34 | NC_016809.1_Haemophilus_influenzae_10810_genome NODE_7_length_50836_cov_155.284012
		Alignment: 171788 172064 | 43886 44163 | 277 278 | 97.12 | NC_016809.1_Haemophilus_influenzae_10810_genome NODE_7_length_50836_cov_155.284012
		Alignment: 172064 174615 | 44345 46898 | 2552 2554 | 96.68 | NC_016809.1_Haemophilus_influenzae_10810_genome NODE_7_length_50836_cov_155.284012
		Unaligned bases: 31409
		This contig has both significant aligned and unaligned parts (of length >= min-contig)!
CONTIG: NODE_8_length_1388_cov_514.852295 (1514bp)
Top Length: 1514  Top ID: 98.22
		This contig has 6 significant alignments. [An ambiguously mapped contig]
		Using only first of these alignment (option --ambiguity-usage is set to "one"):
		Alignment: 179261 180775 | 1 1514 | 1515 1514 | 98.22 | NC_016809.1_Haemophilus_influenzae_10810_genome NODE_8_length_1388_cov_514.852295
		Skipping alignment  295078 296592 | 1 1514 | 1515 1514 | 98.22 | NC_016809.1_Haemophilus_influenzae_10810_genome NODE_8_length_1388_cov_514.852295
		Skipping alignment  732432 733946 | 1514 1 | 1515 1514 | 98.22 | NC_016809.1_Haemophilus_influenzae_10810_genome NODE_8_length_1388_cov_514.852295
		Skipping alignment  765939 767453 | 1514 1 | 1515 1514 | 98.22 | NC_016809.1_Haemophilus_influenzae_10810_genome NODE_8_length_1388_cov_514.852295
		Skipping alignment  877172 878686 | 1514 1 | 1515 1514 | 98.22 | NC_016809.1_Haemophilus_influenzae_10810_genome NODE_8_length_1388_cov_514.852295
		Skipping alignment  1971910 1973424 | 1 1514 | 1515 1514 | 98.22 | NC_016809.1_Haemophilus_influenzae_10810_genome NODE_8_length_1388_cov_514.852295

CONTIG: NODE_9_length_3328_cov_573.854553 (3454bp)
Top Length: 1744  Top ID: 96.85
			Skipping redundant alignments after choosing the best set of alignments
		Skipping redundant alignment 290924 291057 | 1 134 | 134 134 | 97.01 | NC_016809.1_Haemophilus_influenzae_10810_genome NODE_9_length_3328_cov_573.854553
		Skipping redundant alignment 291265 293006 | 296 2039 | 1742 1744 | 96.85 | NC_016809.1_Haemophilus_influenzae_10810_genome NODE_9_length_3328_cov_573.854553
		Skipping redundant alignment 293125 293746 | 2045 2666 | 622 622 | 99.2 | NC_016809.1_Haemophilus_influenzae_10810_genome NODE_9_length_3328_cov_573.854553
		Skipping redundant alignment 293855 294637 | 2671 3454 | 783 784 | 98.47 | NC_016809.1_Haemophilus_influenzae_10810_genome NODE_9_length_3328_cov_573.854553
		Skipping redundant alignment 734130 734912 | 3454 2671 | 783 784 | 98.34 | NC_016809.1_Haemophilus_influenzae_10810_genome NODE_9_length_3328_cov_573.854553
		Skipping redundant alignment 735021 735642 | 2666 2045 | 622 622 | 99.2 | NC_016809.1_Haemophilus_influenzae_10810_genome NODE_9_length_3328_cov_573.854553
		Skipping redundant alignment 735761 737502 | 2039 296 | 1742 1744 | 96.85 | NC_016809.1_Haemophilus_influenzae_10810_genome NODE_9_length_3328_cov_573.854553
		Skipping redundant alignment 737694 737827 | 134 1 | 134 134 | 96.27 | NC_016809.1_Haemophilus_influenzae_10810_genome NODE_9_length_3328_cov_573.854553
		Skipping redundant alignment 767637 768419 | 3454 2671 | 783 784 | 98.34 | NC_016809.1_Haemophilus_influenzae_10810_genome NODE_9_length_3328_cov_573.854553
		Skipping redundant alignment 768528 769149 | 2666 2045 | 622 622 | 99.2 | NC_016809.1_Haemophilus_influenzae_10810_genome NODE_9_length_3328_cov_573.854553
		Skipping redundant alignment 769268 771009 | 2039 296 | 1742 1744 | 96.85 | NC_016809.1_Haemophilus_influenzae_10810_genome NODE_9_length_3328_cov_573.854553
		Skipping redundant alignment 771201 771334 | 134 1 | 134 134 | 96.27 | NC_016809.1_Haemophilus_influenzae_10810_genome NODE_9_length_3328_cov_573.854553
		Skipping redundant alignment 879127 879909 | 3454 2671 | 783 784 | 98.47 | NC_016809.1_Haemophilus_influenzae_10810_genome NODE_9_length_3328_cov_573.854553
		Skipping redundant alignment 880018 880639 | 2666 2045 | 622 622 | 99.2 | NC_016809.1_Haemophilus_influenzae_10810_genome NODE_9_length_3328_cov_573.854553
		Skipping redundant alignment 880758 882499 | 2039 296 | 1742 1744 | 96.85 | NC_016809.1_Haemophilus_influenzae_10810_genome NODE_9_length_3328_cov_573.854553
		Skipping redundant alignment 882707 882840 | 134 1 | 134 134 | 97.01 | NC_016809.1_Haemophilus_influenzae_10810_genome NODE_9_length_3328_cov_573.854553
		Skipping redundant alignment 1967756 1967889 | 1 134 | 134 134 | 97.01 | NC_016809.1_Haemophilus_influenzae_10810_genome NODE_9_length_3328_cov_573.854553
		Skipping redundant alignment 1968097 1969838 | 296 2039 | 1742 1744 | 96.85 | NC_016809.1_Haemophilus_influenzae_10810_genome NODE_9_length_3328_cov_573.854553
		Skipping redundant alignment 1969957 1970578 | 2045 2666 | 622 622 | 99.2 | NC_016809.1_Haemophilus_influenzae_10810_genome NODE_9_length_3328_cov_573.854553
		Skipping redundant alignment 1970687 1971469 | 2671 3454 | 783 784 | 98.47 | NC_016809.1_Haemophilus_influenzae_10810_genome NODE_9_length_3328_cov_573.854553
		This contig is misassembled. 24 total aligns.
			Real Alignment 1: 175364 175497 | 1 134 | 134 134 | 97.76 | NC_016809.1_Haemophilus_influenzae_10810_genome NODE_9_length_3328_cov_573.854553
			  Gap between these two alignments (local misassembly). Inconsistency = 46 
			Real Alignment 2: 175705 177446 | 296 2039 | 1742 1744 | 96.79 | NC_016809.1_Haemophilus_influenzae_10810_genome NODE_9_length_3328_cov_573.854553
			  Gap between these two alignments (local misassembly). Inconsistency = 113 
			Real Alignment 3: 177565 178186 | 2045 2666 | 622 622 | 99.2 | NC_016809.1_Haemophilus_influenzae_10810_genome NODE_9_length_3328_cov_573.854553
			  Gap between these two alignments (local misassembly). Inconsistency = 104 
			Real Alignment 4: 178295 179077 | 2671 3454 | 783 784 | 98.34 | NC_016809.1_Haemophilus_influenzae_10810_genome NODE_9_length_3328_cov_573.854553

CONTIG: NODE_15_length_1150785_cov_139.851166 (1150911bp)
Top Length: 36900  Top ID: 95.56
		Skipping redundant alignment 737746 737827 | 1 82 | 82 82 | 98.78 | NC_016809.1_Haemophilus_influenzae_10810_genome NODE_15_length_1150785_cov_139.851166
		Skipping redundant alignment 1720597 1721040 | 233091 232652 | 444 440 | 95.27 | NC_016809.1_Haemophilus_influenzae_10810_genome NODE_15_length_1150785_cov_139.851166
		Skipping redundant alignment 1861729 1861900 | 501542 501713 | 172 172 | 98.26 | NC_016809.1_Haemophilus_influenzae_10810_genome NODE_15_length_1150785_cov_139.851166
		Skipping redundant alignment 192331 192412 | 572346 572427 | 82 82 | 100.0 | NC_016809.1_Haemophilus_influenzae_10810_genome NODE_15_length_1150785_cov_139.851166
		Skipping redundant alignment 1937649 1937726 | 572348 572425 | 78 78 | 100.0 | NC_016809.1_Haemophilus_influenzae_10810_genome NODE_15_length_1150785_cov_139.851166
		Skipping redundant alignment 192413 192673 | 572531 572793 | 261 263 | 95.06 | NC_016809.1_Haemophilus_influenzae_10810_genome NODE_15_length_1150785_cov_139.851166
		Skipping redundant alignment 497110 497188 | 572746 572668 | 79 79 | 100.0 | NC_016809.1_Haemophilus_influenzae_10810_genome NODE_15_length_1150785_cov_139.851166
		Skipping redundant alignment 922751 922842 | 586692 586601 | 92 92 | 100.0 | NC_016809.1_Haemophilus_influenzae_10810_genome NODE_15_length_1150785_cov_139.851166
		Skipping redundant alignment 818799 819298 | 1011564 1012063 | 500 500 | 96.6 | NC_016809.1_Haemophilus_influenzae_10810_genome NODE_15_length_1150785_cov_139.851166
		Skipping redundant alignment 838704 839244 | 1109900 1109360 | 541 541 | 96.12 | NC_016809.1_Haemophilus_influenzae_10810_genome NODE_15_length_1150785_cov_139.851166
			Skipping redundant alignments after choosing the best set of alignments
		Skipping redundant alignment 867009 867102 | 1118667 1118574 | 94 94 | 100.0 | NC_016809.1_Haemophilus_influenzae_10810_genome NODE_15_length_1150785_cov_139.851166
		Skipping redundant alignment 922751 922854 | 86324 86427 | 104 104 | 100.0 | NC_016809.1_Haemophilus_influenzae_10810_genome NODE_15_length_1150785_cov_139.851166
		Skipping redundant alignment 922751 922854 | 86328 86431 | 104 104 | 100.0 | NC_016809.1_Haemophilus_influenzae_10810_genome NODE_15_length_1150785_cov_139.851166
		Skipping redundant alignment 1188683 1189396 | 417458 416744 | 714 715 | 95.39 | NC_016809.1_Haemophilus_influenzae_10810_genome NODE_15_length_1150785_cov_139.851166
		Skipping redundant alignment 1967737 1967837 | 101 1 | 101 101 | 97.03 | NC_016809.1_Haemophilus_influenzae_10810_genome NODE_15_length_1150785_cov_139.851166
		This contig is misassembled. 86 total aligns.
			Real Alignment 1: 175343 175445 | 102 1 | 103 102 | 99.03 | NC_016809.1_Haemophilus_influenzae_10810_genome NODE_15_length_1150785_cov_139.851166
			  Extensive misassembly ( relocation, inconsistency = -1793441 ) between these two alignments
			Real Alignment 2: 1963545 1967662 | 5326 1224 | 4118 4103 | 95.63 | NC_016809.1_Haemophilus_influenzae_10810_genome NODE_15_length_1150785_cov_139.851166
			  Overlap between these two alignments (local misassembly). Inconsistency = -164 
			Real Alignment 3: 1933007 1938989 | 36025 30046 | 5983 5980 | 95.89 | NC_016809.1_Haemophilus_influenzae_10810_genome NODE_15_length_1150785_cov_139.851166
			  Gap between these two alignments (local misassembly). Inconsistency = 822 
			Real Alignment 4: 1920834 1932183 | 47377 36027 | 11350 11351 | 95.04 | NC_016809.1_Haemophilus_influenzae_10810_genome NODE_15_length_1150785_cov_139.851166
			  Gap between these two alignments (local misassembly). Inconsistency = 22 
			Real Alignment 5: 1882033 1905829 | 86127 62360 | 23797 23768 | 96.3 | NC_016809.1_Haemophilus_influenzae_10810_genome NODE_15_length_1150785_cov_139.851166
			  Extensive misassembly ( relocation, inconsistency = -983271 ) between these two alignments
			Real Alignment 6: 922753 922854 | 86322 86423 | 102 102 | 100.0 | NC_016809.1_Haemophilus_influenzae_10810_genome NODE_15_length_1150785_cov_139.851166
			  Extensive misassembly ( relocation, inconsistency = 943081 ) between these two alignments
			Excluding internal overlap of size 6 between Alignment 7 and 8:  1867278 1882022 | 102503 87766 | 14745 14738 --> 1867284 1882022 | 102497 87766 | 14739 14732
			Real Alignment 7: 1867284 1882022 | 102497 87766 | 14739 14732 | 95.14 | NC_016809.1_Haemophilus_influenzae_10810_genome NODE_15_length_1150785_cov_139.851166
			  Extensive misassembly ( relocation, inconsistency = 5556 ) between these two alignments
			Real Alignment 8: 1844915 1861727 | 119294 102498 | 16813 16797 | 95.7 | NC_016809.1_Haemophilus_influenzae_10810_genome NODE_15_length_1150785_cov_139.851166
			  Overlap between these two alignments (local misassembly). Inconsistency = -987 
			Real Alignment 9: 1836339 1844924 | 128852 120272 | 8586 8581 | 96.37 | NC_016809.1_Haemophilus_influenzae_10810_genome NODE_15_length_1150785_cov_139.851166
			  Extensive misassembly ( relocation, inconsistency = -344796 ) between these two alignments
			Real Alignment 10: 1566387 1572124 | 195111 200850 | 5738 5740 | 96.2 | NC_016809.1_Haemophilus_influenzae_10810_genome NODE_15_length_1150785_cov_139.851166
			  Extensive misassembly ( relocation, inconsistency = 124697 ) between these two alignments
			Real Alignment 11: 1704144 1709103 | 213139 208173 | 4960 4967 | 95.31 | NC_016809.1_Haemophilus_influenzae_10810_genome NODE_15_length_1150785_cov_139.851166
			  Extensive misassembly ( relocation, inconsistency = -1106 ) between these two alignments
			Real Alignment 12: 1696245 1704153 | 222142 214236 | 7909 7907 | 95.98 | NC_016809.1_Haemophilus_influenzae_10810_genome NODE_15_length_1150785_cov_139.851166
			  Extensive misassembly ( relocation, inconsistency = -165127 ) between these two alignments
			Real Alignment 13: 1545359 1549963 | 228475 233076 | 4605 4602 | 95.62 | NC_016809.1_Haemophilus_influenzae_10810_genome NODE_15_length_1150785_cov_139.851166
			  Extensive misassembly ( relocation, inconsistency = 97939 ) between these two alignments
			Real Alignment 14: 1679868 1681038 | 266212 265042 | 1171 1171 | 98.29 | NC_016809.1_Haemophilus_influenzae_10810_genome NODE_15_length_1150785_cov_139.851166
			  Extensive misassembly ( relocation, inconsistency = 36667 ) between these two alignments
			Real Alignment 15: 1626647 1628086 | 282768 281327 | 1440 1442 | 96.05 | NC_016809.1_Haemophilus_influenzae_10810_genome NODE_15_length_1150785_cov_139.851166
			  Overlap between these two alignments (local misassembly). Inconsistency = -381 
			Real Alignment 16: 1620535 1626620 | 289243 283176 | 6086 6068 | 98.46 | NC_016809.1_Haemophilus_influenzae_10810_genome NODE_15_length_1150785_cov_139.851166
			  Overlap between these two alignments (local misassembly). Inconsistency = -260 
			Real Alignment 17: 1593012 1611356 | 317031 298682 | 18345 18350 | 97.24 | NC_016809.1_Haemophilus_influenzae_10810_genome NODE_15_length_1150785_cov_139.851166
			  Extensive misassembly ( relocation, inconsistency = 69174 ) between these two alignments
			Real Alignment 18: 1681048 1687943 | 317549 324436 | 6896 6888 | 95.35 | NC_016809.1_Haemophilus_influenzae_10810_genome NODE_15_length_1150785_cov_139.851166
			  Overlap between these two alignments (local misassembly). Inconsistency = -282 
			Real Alignment 19: 1687944 1689525 | 324719 326300 | 1582 1582 | 95.26 | NC_016809.1_Haemophilus_influenzae_10810_genome NODE_15_length_1150785_cov_139.851166
			  Extensive misassembly ( relocation, inconsistency = -152754 ) between these two alignments
			Real Alignment 20: 1536775 1545300 | 334829 326304 | 8526 8526 | 95.74 | NC_016809.1_Haemophilus_influenzae_10810_genome NODE_15_length_1150785_cov_139.851166
			  Extensive misassembly ( relocation, inconsistency = 7150 ) between these two alignments
			Real Alignment 21: 1515045 1526793 | 349410 337661 | 11749 11750 | 95.48 | NC_016809.1_Haemophilus_influenzae_10810_genome NODE_15_length_1150785_cov_139.851166
			  Extensive misassembly ( relocation, inconsistency = 194896 ) between these two alignments
			Real Alignment 22: 1727867 1740747 | 355588 368465 | 12881 12878 | 95.06 | NC_016809.1_Haemophilus_influenzae_10810_genome NODE_15_length_1150785_cov_139.851166
			  Extensive misassembly ( relocation, inconsistency = -279660 ) between these two alignments
			Real Alignment 23: 1490184 1490609 | 397986 397562 | 426 425 | 97.65 | NC_016809.1_Haemophilus_influenzae_10810_genome NODE_15_length_1150785_cov_139.851166
			  Extensive misassembly ( relocation, inconsistency = 291164 ) between these two alignments
			Real Alignment 24: 1184282 1187230 | 412724 409776 | 2949 2949 | 96.64 | NC_016809.1_Haemophilus_influenzae_10810_genome NODE_15_length_1150785_cov_139.851166
			  Gap between these two alignments (local misassembly). Inconsistency = 0 
			Excluding internal overlap of size 3 between Alignment 25 and 26:  1206806 1207520 | 417459 416744 | 715 716 --> 1206806 1207517 | 417459 416747 | 712 713
			Real Alignment 25: 1180260 1184115 | 416746 412891 | 3856 3856 | 96.81 | NC_016809.1_Haemophilus_influenzae_10810_genome NODE_15_length_1150785_cov_139.851166
			  Extensive misassembly ( relocation, inconsistency = -27258 ) between these two alignments
			Real Alignment 26: 1206806 1207517 | 417459 416747 | 712 713 | 95.4 | NC_016809.1_Haemophilus_influenzae_10810_genome NODE_15_length_1150785_cov_139.851166
			  Extensive misassembly ( relocation, inconsistency = -301219 ) between these two alignments
			Real Alignment 27: 1482733 1489315 | 442759 436169 | 6583 6591 | 95.87 | NC_016809.1_Haemophilus_influenzae_10810_genome NODE_15_length_1150785_cov_139.851166
			  Extensive misassembly ( relocation, inconsistency = 3982 ) between these two alignments
			Real Alignment 28: 1471474 1476166 | 450051 445344 | 4693 4708 | 95.2 | NC_016809.1_Haemophilus_influenzae_10810_genome NODE_15_length_1150785_cov_139.851166
			  Extensive misassembly ( relocation, inconsistency = -35560 ) between these two alignments
			Real Alignment 29: 1456150 1456364 | 465595 465810 | 215 216 | 96.76 | NC_016809.1_Haemophilus_influenzae_10810_genome NODE_15_length_1150785_cov_139.851166
			  Extensive misassembly ( relocation, inconsistency = -57461 ) between these two alignments
			Real Alignment 30: 1420738 1434733 | 501675 487645 | 13996 14031 | 95.36 | NC_016809.1_Haemophilus_influenzae_10810_genome NODE_15_length_1150785_cov_139.851166
			  Extensive misassembly ( relocation, inconsistency = 427455 ) between these two alignments
			Real Alignment 31: 1862281 1863757 | 501768 503244 | 1477 1477 | 98.24 | NC_016809.1_Haemophilus_influenzae_10810_genome NODE_15_length_1150785_cov_139.851166
			  Extensive misassembly ( relocation, inconsistency = -475882 ) between these two alignments
			Real Alignment 32: 1391126 1417651 | 533057 506495 | 26526 26563 | 95.69 | NC_016809.1_Haemophilus_influenzae_10810_genome NODE_15_length_1150785_cov_139.851166
			  Extensive misassembly ( relocation, inconsistency = -1256404 ) between these two alignments
			Real Alignment 33: 163593 169061 | 535403 540871 | 5469 5469 | 95.07 | NC_016809.1_Haemophilus_influenzae_10810_genome NODE_15_length_1150785_cov_139.851166
			  Extensive misassembly ( relocation, inconsistency = 72962 ) between these two alignments
			Real Alignment 34: 244081 265202 | 564146 542929 | 21122 21218 | 96.31 | NC_016809.1_Haemophilus_influenzae_10810_genome NODE_15_length_1150785_cov_139.851166
			  Extensive misassembly ( relocation, inconsistency = -186098 ) between these two alignments
			Real Alignment 35: 80953 83919 | 565995 568961 | 2967 2967 | 95.11 | NC_016809.1_Haemophilus_influenzae_10810_genome NODE_15_length_1150785_cov_139.851166
			  Gap between these two alignments (local misassembly). Inconsistency = 38 
			Excluding internal overlap of size 68 between Alignment 36 and 37:  84456 87617 | 569460 572623 | 3162 3164 --> 84456 87549 | 569460 572555 | 3094 3096
			Real Alignment 36: 84456 87549 | 569460 572555 | 3094 3096 | 96.18 | NC_016809.1_Haemophilus_influenzae_10810_genome NODE_15_length_1150785_cov_139.851166
			  Extensive misassembly ( relocation, inconsistency = 55996 ) between these two alignments
			Real Alignment 37: 143546 153594 | 572556 582619 | 10049 10064 | 95.67 | NC_016809.1_Haemophilus_influenzae_10810_genome NODE_15_length_1150785_cov_139.851166
			  Overlap between these two alignments (local misassembly). Inconsistency = -605 
			Real Alignment 38: 154003 155148 | 583633 584779 | 1146 1147 | 96.69 | NC_016809.1_Haemophilus_influenzae_10810_genome NODE_15_length_1150785_cov_139.851166
			  Extensive misassembly ( relocation, inconsistency = 765792 ) between these two alignments
			Real Alignment 39: 922761 922855 | 586694 586600 | 95 95 | 100.0 | NC_016809.1_Haemophilus_influenzae_10810_genome NODE_15_length_1150785_cov_139.851166
			  Extensive misassembly ( relocation, inconsistency = -719014 ) between these two alignments
			Excluding internal overlap of size 19 between Alignment 40 and 41:  1476173 1476612 | 604333 604771 | 440 439 --> 1476192 1476612 | 604352 604771 | 421 420
			Real Alignment 40: 206127 221490 | 588980 604351 | 15364 15372 | 96.56 | NC_016809.1_Haemophilus_influenzae_10810_genome NODE_15_length_1150785_cov_139.851166
			  Extensive misassembly ( relocation, inconsistency = 1254701 ) between these two alignments
			Excluding internal overlap of size 31 between Alignment 41 and 42:  1476192 1476612 | 604352 604771 | 421 420 --> 1476192 1476581 | 604352 604740 | 390 389
			Real Alignment 41: 1476192 1476581 | 604352 604740 | 390 389 | 98.18 | NC_016809.1_Haemophilus_influenzae_10810_genome NODE_15_length_1150785_cov_139.851166
			  Extensive misassembly ( relocation, inconsistency = -1254650 ) between these two alignments
			Real Alignment 42: 221932 235156 | 604741 617976 | 13225 13236 | 96.75 | NC_016809.1_Haemophilus_influenzae_10810_genome NODE_15_length_1150785_cov_139.851166
			  Overlap between these two alignments (local misassembly). Inconsistency = -710 
			Excluding internal overlap of size 11 between Alignment 43 and 44:  235210 243900 | 618740 627425 | 8691 8686 --> 235210 243889 | 618740 627414 | 8680 8675
			Real Alignment 43: 235210 243889 | 618740 627414 | 8680 8675 | 96.08 | NC_016809.1_Haemophilus_influenzae_10810_genome NODE_15_length_1150785_cov_139.851166
			  Extensive misassembly ( relocation, inconsistency = 1044760 ) between these two alignments
			Real Alignment 44: 1288650 1322766 | 661573 627415 | 34117 34159 | 98.15 | NC_016809.1_Haemophilus_influenzae_10810_genome NODE_15_length_1150785_cov_139.851166
			  Overlap between these two alignments (local misassembly). Inconsistency = -3 
			Real Alignment 45: 1277769 1288528 | 672453 661698 | 10760 10756 | 97.36 | NC_016809.1_Haemophilus_influenzae_10810_genome NODE_15_length_1150785_cov_139.851166
			  Gap between these two alignments (local misassembly). Inconsistency = 34 
			Real Alignment 46: 1268464 1277555 | 681725 672633 | 9092 9093 | 95.21 | NC_016809.1_Haemophilus_influenzae_10810_genome NODE_15_length_1150785_cov_139.851166
			  Overlap between these two alignments (local misassembly). Inconsistency = -15 
			Real Alignment 47: 1254198 1268173 | 696020 682031 | 13976 13990 | 95.55 | NC_016809.1_Haemophilus_influenzae_10810_genome NODE_15_length_1150785_cov_139.851166
			  Extensive misassembly ( relocation, inconsistency = -46375 ) between these two alignments
			Real Alignment 48: 1238618 1245625 | 757973 750968 | 7008 7006 | 97.65 | NC_016809.1_Haemophilus_influenzae_10810_genome NODE_15_length_1150785_cov_139.851166
			  Extensive misassembly ( relocation, inconsistency = -3181 ) between these two alignments
			Real Alignment 49: 1224483 1236082 | 775276 763690 | 11600 11587 | 95.21 | NC_016809.1_Haemophilus_influenzae_10810_genome NODE_15_length_1150785_cov_139.851166
			  Extensive misassembly ( relocation, inconsistency = 44199 ) between these two alignments
			Real Alignment 50: 1173089 1180265 | 782473 775295 | 7177 7179 | 95.04 | NC_016809.1_Haemophilus_influenzae_10810_genome NODE_15_length_1150785_cov_139.851166
			  Overlap between these two alignments (local misassembly). Inconsistency = -459 
			Real Alignment 51: 1168726 1173089 | 787296 782932 | 4364 4365 | 96.35 | NC_016809.1_Haemophilus_influenzae_10810_genome NODE_15_length_1150785_cov_139.851166
			  Gap between these two alignments (local misassembly). Inconsistency = 269 
			Real Alignment 52: 1159760 1162499 | 795993 793254 | 2740 2740 | 97.3 | NC_016809.1_Haemophilus_influenzae_10810_genome NODE_15_length_1150785_cov_139.851166
			  Overlap between these two alignments (local misassembly). Inconsistency = -84 
			Real Alignment 53: 1138100 1156344 | 817726 799493 | 18245 18234 | 95.82 | NC_016809.1_Haemophilus_influenzae_10810_genome NODE_15_length_1150785_cov_139.851166
			  Gap between these two alignments (local misassembly). Inconsistency = 43 
			Real Alignment 54: 1115942 1137154 | 839827 818629 | 21213 21199 | 96.69 | NC_016809.1_Haemophilus_influenzae_10810_genome NODE_15_length_1150785_cov_139.851166
			  Extensive misassembly ( relocation, inconsistency = 3714 ) between these two alignments
			Real Alignment 55: 1050918 1085724 | 901146 866331 | 34807 34816 | 95.12 | NC_016809.1_Haemophilus_influenzae_10810_genome NODE_15_length_1150785_cov_139.851166
			  Extensive misassembly ( relocation, inconsistency = 53117 ) between these two alignments
			Real Alignment 56: 996507 997702 | 902440 901245 | 1196 1196 | 96.91 | NC_016809.1_Haemophilus_influenzae_10810_genome NODE_15_length_1150785_cov_139.851166
			  Extensive misassembly ( relocation, inconsistency = -1407 ) between these two alignments
			Real Alignment 57: 949506 978438 | 950833 921916 | 28933 28918 | 96.72 | NC_016809.1_Haemophilus_influenzae_10810_genome NODE_15_length_1150785_cov_139.851166
			  Extensive misassembly ( relocation, inconsistency = 1063 ) between these two alignments
			Real Alignment 58: 930297 948340 | 968997 950936 | 18044 18062 | 97.17 | NC_016809.1_Haemophilus_influenzae_10810_genome NODE_15_length_1150785_cov_139.851166
			  Extensive misassembly ( relocation, inconsistency = -13276 ) between these two alignments
			Real Alignment 59: 923837 930151 | 988731 982419 | 6315 6313 | 95.77 | NC_016809.1_Haemophilus_influenzae_10810_genome NODE_15_length_1150785_cov_139.851166
			  Extensive misassembly ( relocation, inconsistency = -115549 ) between these two alignments
			Real Alignment 60: 825703 833660 | 999832 1007790 | 7958 7959 | 95.94 | NC_016809.1_Haemophilus_influenzae_10810_genome NODE_15_length_1150785_cov_139.851166
			  Extensive misassembly ( relocation, inconsistency = 1320 ) between these two alignments
			Real Alignment 61: 835016 841242 | 1007826 1014049 | 6227 6224 | 96.73 | NC_016809.1_Haemophilus_influenzae_10810_genome NODE_15_length_1150785_cov_139.851166
			  Overlap between these two alignments (local misassembly). Inconsistency = -496 
			Real Alignment 62: 841238 858910 | 1014541 1032260 | 17673 17720 | 95.17 | NC_016809.1_Haemophilus_influenzae_10810_genome NODE_15_length_1150785_cov_139.851166
			  Extensive misassembly ( relocation, inconsistency = -1683 ) between these two alignments
			Real Alignment 63: 858909 864459 | 1033942 1039495 | 5551 5554 | 96.18 | NC_016809.1_Haemophilus_influenzae_10810_genome NODE_15_length_1150785_cov_139.851166
			  Overlap between these two alignments (local misassembly). Inconsistency = -15 
			Real Alignment 64: 865764 874281 | 1040815 1049333 | 8518 8519 | 97.58 | NC_016809.1_Haemophilus_influenzae_10810_genome NODE_15_length_1150785_cov_139.851166
			  Extensive misassembly ( relocation, inconsistency = -257139 ) between these two alignments
			Real Alignment 65: 621004 657921 | 1053195 1090094 | 36918 36900 | 95.56 | NC_016809.1_Haemophilus_influenzae_10810_genome NODE_15_length_1150785_cov_139.851166
			  Extensive misassembly ( relocation, inconsistency = 141584 ) between these two alignments
			Real Alignment 66: 817195 820875 | 1111456 1107784 | 3681 3673 | 95.65 | NC_016809.1_Haemophilus_influenzae_10810_genome NODE_15_length_1150785_cov_139.851166
			  Overlap between these two alignments (local misassembly). Inconsistency = -199 
			Real Alignment 67: 814604 817194 | 1114253 1111656 | 2591 2598 | 96.04 | NC_016809.1_Haemophilus_influenzae_10810_genome NODE_15_length_1150785_cov_139.851166
			  Extensive misassembly ( relocation, inconsistency = 1656 ) between these two alignments
			Real Alignment 68: 809138 809368 | 1118062 1117833 | 231 230 | 96.54 | NC_016809.1_Haemophilus_influenzae_10810_genome NODE_15_length_1150785_cov_139.851166
			  Extensive misassembly ( relocation, inconsistency = 85330 ) between these two alignments
			Real Alignment 69: 723601 723739 | 1118269 1118131 | 139 139 | 99.28 | NC_016809.1_Haemophilus_influenzae_10810_genome NODE_15_length_1150785_cov_139.851166
			  Extensive misassembly ( relocation, inconsistency = -143842 ) between these two alignments
			Real Alignment 70: 867045 867138 | 1118667 1118574 | 94 94 | 100.0 | NC_016809.1_Haemophilus_influenzae_10810_genome NODE_15_length_1150785_cov_139.851166
			  Extensive misassembly ( relocation, inconsistency = 52548 ) between these two alignments
			Real Alignment 71: 782629 790983 | 1150533 1142181 | 8355 8353 | 96.28 | NC_016809.1_Haemophilus_influenzae_10810_genome NODE_15_length_1150785_cov_139.851166

CONTIG: NODE_16_length_1163_cov_286.803101 (1289bp)
Top Length: 1276  Top ID: 96.71
			Skipping redundant alignments after choosing the best set of alignments
		Skipping redundant alignment 780698 781974 | 1289 14 | 1277 1276 | 96.71 | NC_016809.1_Haemophilus_influenzae_10810_genome NODE_16_length_1163_cov_286.803101
		This contig is partially unaligned. (Aligned 1276 out of 1289 bases)
		Alignment: 705108 706384 | 14 1289 | 1277 1276 | 96.71 | NC_016809.1_Haemophilus_influenzae_10810_genome NODE_16_length_1163_cov_286.803101
		Unaligned bases: 1 to 13 (13)

CONTIG: NODE_17_length_551_cov_403.508179 (677bp)
Top Length: 126  Top ID: 99.21
			Skipping redundant alignments after choosing the best set of alignments
		Skipping redundant alignment 733821 733946 | 677 552 | 126 126 | 99.21 | NC_016809.1_Haemophilus_influenzae_10810_genome NODE_17_length_551_cov_403.508179
		Skipping redundant alignment 734128 734254 | 128 1 | 127 128 | 96.09 | NC_016809.1_Haemophilus_influenzae_10810_genome NODE_17_length_551_cov_403.508179
		Skipping redundant alignment 767328 767453 | 677 552 | 126 126 | 99.21 | NC_016809.1_Haemophilus_influenzae_10810_genome NODE_17_length_551_cov_403.508179
		Skipping redundant alignment 767635 767761 | 128 1 | 127 128 | 96.09 | NC_016809.1_Haemophilus_influenzae_10810_genome NODE_17_length_551_cov_403.508179
		This contig is misassembled. 6 total aligns.
			Warning! This contig is more unaligned than misassembled. Contig length is 677 and total length of all aligns is 254
		Alignment: 178953 179079 | 1 128 | 127 128 | 96.09 | NC_016809.1_Haemophilus_influenzae_10810_genome NODE_17_length_551_cov_403.508179
		Alignment: 179261 179386 | 552 677 | 126 126 | 99.21 | NC_016809.1_Haemophilus_influenzae_10810_genome NODE_17_length_551_cov_403.508179
		Unaligned bases: 423
Analyzing coverage...
Writing SNPs into /data/projects/Assembly/Aroon/reports/GCF_000210875.1_ASM21087v1_genomic/contigs_reports/nucmer_output/M10540_contigs.used_snps
	Reference NC_016809.1_Haemophilus_influenzae_10810_genome: 132 total alignments. 1 total regions.
		Region: 1 to 1981535 (1981535 bp)
			START in gap: 1 to 4530 (4529 bp)
			Align 1: 4530 28142 NODE_4_length_186812_cov_140.254013 87869 111448
				Gap between this and next alignment: 28142 to 80953 (52810 bp)
				Next Alignment: 80953 83919 NODE_15_length_1150785_cov_139.851166 565995 568961

			Align 2: 80953 83919 NODE_15_length_1150785_cov_139.851166 565995 568961
				Gap between this and next alignment: 83919 to 84456 (536 bp)
				Next Alignment: 84456 87549 NODE_15_length_1150785_cov_139.851166 569460 572555

			Align 3: 84456 87549 NODE_15_length_1150785_cov_139.851166 569460 572555
				The next alignment (87340 87421 NODE_1_length_311333_cov_153.831482 299672 299591) is redundant. Skipping.
				Gap between this and next alignment: 87549 to 143546 (55996 bp)
				Next Alignment: 143546 143782 NODE_1_length_311333_cov_153.831482 299565 299330

			Align 5: 143546 143782 NODE_1_length_311333_cov_153.831482 299565 299330
				Negative gap (overlap) between this and next alignment: 143782 to 143546 (-236 bp)
				Next Alignment: 143546 153594 NODE_15_length_1150785_cov_139.851166 572556 582619

			Previous gap was negative, modifying coordinates to ignore overlap
				Moving contig start from 572556 to 572794.
			Align 6: 143783 153594 NODE_15_length_1150785_cov_139.851166 572794 582619
				Gap between this and next alignment: 153594 to 154003 (408 bp)
				Next Alignment: 154003 155148 NODE_15_length_1150785_cov_139.851166 583633 584779

			Align 7: 154003 155148 NODE_15_length_1150785_cov_139.851166 583633 584779
				Gap between this and next alignment: 155148 to 155332 (183 bp)
				Next Alignment: 155332 163583 NODE_4_length_186812_cov_140.254013 38826 30574

			Align 8: 155332 163583 NODE_4_length_186812_cov_140.254013 38826 30574
				Gap between this and next alignment: 163583 to 163593 (9 bp)
				Next Alignment: 163593 169061 NODE_15_length_1150785_cov_139.851166 535403 540871

			Align 9: 163593 169061 NODE_15_length_1150785_cov_139.851166 535403 540871
				Gap between this and next alignment: 169061 to 171788 (2726 bp)
				Next Alignment: 171788 172064 NODE_7_length_50836_cov_155.284012 43886 44163

			Align 10: 171788 172064 NODE_7_length_50836_cov_155.284012 43886 44163
				Negative gap (overlap) between this and next alignment: 172064 to 172064 (0 bp)
				Next Alignment: 172064 174615 NODE_7_length_50836_cov_155.284012 44345 46898

			Previous gap was negative, modifying coordinates to ignore overlap
				Moving contig start from 44345 to 44346.
			Align 11: 172065 174615 NODE_7_length_50836_cov_155.284012 44346 46898
				Gap between this and next alignment: 174615 to 175343 (727 bp)
				Next Alignment: 175343 175427 NODE_1_length_311333_cov_153.831482 84 1

			Align 12: 175343 175427 NODE_1_length_311333_cov_153.831482 84 1
				The next alignment (175343 175427 NODE_4_length_186812_cov_140.254013 186855 186938) is redundant. Skipping.
				Negative gap (overlap) between this and next alignment: 175427 to 175343 (-84 bp)
				Next Alignment: 175343 175445 NODE_15_length_1150785_cov_139.851166 102 1

			Previous gap was negative, modifying coordinates to ignore overlap
				Moving contig start from 102 to 18.
			Align 14: 175428 175445 NODE_15_length_1150785_cov_139.851166 18 1
				Negative gap (overlap) between this and next alignment: 175445 to 175364 (-81 bp)
				Next Alignment: 175364 175497 NODE_9_length_3328_cov_573.854553 1 134

			Previous gap was negative, modifying coordinates to ignore overlap
				Moving contig start from 1 to 83.
			Align 15: 175446 175497 NODE_9_length_3328_cov_573.854553 83 134
				Gap between this and next alignment: 175497 to 175705 (207 bp)
				Next Alignment: 175705 177446 NODE_9_length_3328_cov_573.854553 296 2039

			Align 16: 175705 177446 NODE_9_length_3328_cov_573.854553 296 2039
				Gap between this and next alignment: 177446 to 177565 (118 bp)
				Next Alignment: 177565 178186 NODE_9_length_3328_cov_573.854553 2045 2666

			Align 17: 177565 178186 NODE_9_length_3328_cov_573.854553 2045 2666
				Gap between this and next alignment: 178186 to 178295 (108 bp)
				Next Alignment: 178295 179077 NODE_9_length_3328_cov_573.854553 2671 3454

			Align 18: 178295 179077 NODE_9_length_3328_cov_573.854553 2671 3454
				Negative gap (overlap) between this and next alignment: 179077 to 178953 (-124 bp)
				Next Alignment: 178953 179079 NODE_17_length_551_cov_403.508179 1 128

			Previous gap was negative, modifying coordinates to ignore overlap
				Moving contig start from 1 to 127.
			Align 19: 179078 179079 NODE_17_length_551_cov_403.508179 127 128
				Gap between this and next alignment: 179079 to 179261 (181 bp)
				Next Alignment: 179261 180775 NODE_8_length_1388_cov_514.852295 1 1514

			Align 20: 179261 180775 NODE_8_length_1388_cov_514.852295 1 1514
				The next alignment (179261 179386 NODE_17_length_551_cov_403.508179 552 677) is redundant. Skipping.
				Gap between this and next alignment: 180775 to 206127 (25351 bp)
				Next Alignment: 206127 221490 NODE_15_length_1150785_cov_139.851166 588980 604351

			Align 22: 206127 221490 NODE_15_length_1150785_cov_139.851166 588980 604351
				Gap between this and next alignment: 221490 to 221932 (441 bp)
				Next Alignment: 221932 235156 NODE_15_length_1150785_cov_139.851166 604741 617976

			Align 23: 221932 235156 NODE_15_length_1150785_cov_139.851166 604741 617976
				Gap between this and next alignment: 235156 to 235210 (53 bp)
				Next Alignment: 235210 243889 NODE_15_length_1150785_cov_139.851166 618740 627414

			Align 24: 235210 243889 NODE_15_length_1150785_cov_139.851166 618740 627414
				Gap between this and next alignment: 243889 to 244081 (191 bp)
				Next Alignment: 244081 265202 NODE_15_length_1150785_cov_139.851166 564146 542929

			Align 25: 244081 265202 NODE_15_length_1150785_cov_139.851166 564146 542929
				Gap between this and next alignment: 265202 to 265267 (64 bp)
				Next Alignment: 265267 273010 NODE_7_length_50836_cov_155.284012 42476 34739

			Align 26: 265267 273010 NODE_7_length_50836_cov_155.284012 42476 34739
				Gap between this and next alignment: 273010 to 296732 (23721 bp)
				Next Alignment: 296732 296947 NODE_3_length_25597_cov_176.608231 25722 25507

			Align 27: 296732 296947 NODE_3_length_25597_cov_176.608231 25722 25507
				Negative gap (overlap) between this and next alignment: 296947 to 296857 (-90 bp)
				Next Alignment: 296857 305843 NODE_7_length_50836_cov_155.284012 4 8986

			Previous gap was negative, modifying coordinates to ignore overlap
				Moving contig start from 4 to 94.
			Align 28: 296948 305843 NODE_7_length_50836_cov_155.284012 94 8986
				Gap between this and next alignment: 305843 to 311979 (6135 bp)
				Next Alignment: 311979 317616 NODE_1_length_311333_cov_153.831482 121089 115448

			Align 29: 311979 317616 NODE_1_length_311333_cov_153.831482 121089 115448
				Negative gap (overlap) between this and next alignment: 317616 to 317603 (-13 bp)
				Next Alignment: 317603 319578 NODE_1_length_311333_cov_153.831482 113823 111845

			Previous gap was negative, modifying coordinates to ignore overlap
				Moving contig start from 113823 to 113809.
			Align 30: 317617 319578 NODE_1_length_311333_cov_153.831482 113809 111845
				Gap between this and next alignment: 319578 to 319664 (85 bp)
				Next Alignment: 319664 323015 NODE_1_length_311333_cov_153.831482 111713 108363

			Align 31: 319664 323015 NODE_1_length_311333_cov_153.831482 111713 108363
				Gap between this and next alignment: 323015 to 324753 (1737 bp)
				Next Alignment: 324753 325669 NODE_1_length_311333_cov_153.831482 149305 150221

			Align 32: 324753 325669 NODE_1_length_311333_cov_153.831482 149305 150221
				Gap between this and next alignment: 325669 to 337651 (11981 bp)
				Next Alignment: 337651 338992 NODE_1_length_311333_cov_153.831482 162415 163756

			Align 33: 337651 338992 NODE_1_length_311333_cov_153.831482 162415 163756
				Gap between this and next alignment: 338992 to 352471 (13478 bp)
				Next Alignment: 352471 353483 NODE_1_length_311333_cov_153.831482 177549 178561

			Align 34: 352471 353483 NODE_1_length_311333_cov_153.831482 177549 178561
				Gap between this and next alignment: 353483 to 353495 (11 bp)
				Next Alignment: 353495 356241 NODE_1_length_311333_cov_153.831482 179261 182007

			Align 35: 353495 356241 NODE_1_length_311333_cov_153.831482 179261 182007
				Gap between this and next alignment: 356241 to 403072 (46830 bp)
				Next Alignment: 403072 423675 NODE_1_length_311333_cov_153.831482 181959 202582

			Align 36: 403072 423675 NODE_1_length_311333_cov_153.831482 181959 202582
				Gap between this and next alignment: 423675 to 424152 (476 bp)
				Next Alignment: 424152 443482 NODE_1_length_311333_cov_153.831482 202726 222058

			Align 37: 424152 443482 NODE_1_length_311333_cov_153.831482 202726 222058
				Gap between this and next alignment: 443482 to 447314 (3831 bp)
				Next Alignment: 447314 450376 NODE_1_length_311333_cov_153.831482 226763 229821

			Align 38: 447314 450376 NODE_1_length_311333_cov_153.831482 226763 229821
				Gap between this and next alignment: 450376 to 450517 (140 bp)
				Next Alignment: 450517 451026 NODE_1_length_311333_cov_153.831482 229962 230470

			Align 39: 450517 451026 NODE_1_length_311333_cov_153.831482 229962 230470
				The next alignment (450834 450932 NODE_4_length_186812_cov_140.254013 130713 130615) is redundant. Skipping.
				Gap between this and next alignment: 451026 to 453592 (2565 bp)
				Next Alignment: 453592 464494 NODE_1_length_311333_cov_153.831482 60822 71723

			Align 41: 453592 464494 NODE_1_length_311333_cov_153.831482 60822 71723
				Negative gap (overlap) between this and next alignment: 464494 to 464457 (-37 bp)
				Next Alignment: 464457 474645 NODE_1_length_311333_cov_153.831482 71870 82058

			Previous gap was negative, modifying coordinates to ignore overlap
				Moving contig start from 71870 to 71908.
			Align 42: 464495 474645 NODE_1_length_311333_cov_153.831482 71908 82058
				Gap between this and next alignment: 474645 to 475354 (708 bp)
				Next Alignment: 475354 475604 NODE_1_length_311333_cov_153.831482 103432 103186

			Align 43: 475354 475604 NODE_1_length_311333_cov_153.831482 103432 103186
				Gap between this and next alignment: 475604 to 475888 (283 bp)
				Next Alignment: 475888 479119 NODE_1_length_311333_cov_153.831482 58286 55054

			Align 44: 475888 479119 NODE_1_length_311333_cov_153.831482 58286 55054
				Gap between this and next alignment: 479119 to 479223 (103 bp)
				Next Alignment: 479223 482863 NODE_1_length_311333_cov_153.831482 283695 280056

			Align 45: 479223 482863 NODE_1_length_311333_cov_153.831482 283695 280056
				Negative gap (overlap) between this and next alignment: 482863 to 482856 (-7 bp)
				Next Alignment: 482856 499639 NODE_1_length_311333_cov_153.831482 279879 263086

			Previous gap was negative, modifying coordinates to ignore overlap
				Moving contig start from 279879 to 279871.
			Align 46: 482864 499639 NODE_1_length_311333_cov_153.831482 279871 263086
				Negative gap (overlap) between this and next alignment: 499639 to 499613 (-26 bp)
				Next Alignment: 499613 508625 NODE_1_length_311333_cov_153.831482 262968 253987

			Previous gap was negative, modifying coordinates to ignore overlap
				Moving contig start from 262968 to 262941.
			Align 47: 499640 508625 NODE_1_length_311333_cov_153.831482 262941 253987
				Gap between this and next alignment: 508625 to 540057 (31431 bp)
				Next Alignment: 540057 550863 NODE_1_length_311333_cov_153.831482 122046 132848

			Align 48: 540057 550863 NODE_1_length_311333_cov_153.831482 122046 132848
				Gap between this and next alignment: 550863 to 608014 (57150 bp)
				Next Alignment: 608014 615922 NODE_1_length_311333_cov_153.831482 36656 28747

			Align 49: 608014 615922 NODE_1_length_311333_cov_153.831482 36656 28747
				Gap between this and next alignment: 615922 to 621004 (5081 bp)
				Next Alignment: 621004 657921 NODE_15_length_1150785_cov_139.851166 1053195 1090094

			Align 50: 621004 657921 NODE_15_length_1150785_cov_139.851166 1053195 1090094
				Gap between this and next alignment: 657921 to 674803 (16881 bp)
				Next Alignment: 674803 683813 NODE_2_length_39119_cov_167.875656 29181 20200

			Align 51: 674803 683813 NODE_2_length_39119_cov_167.875656 29181 20200
				Gap between this and next alignment: 683813 to 684845 (1031 bp)
				Next Alignment: 684845 701364 NODE_2_length_39119_cov_167.875656 19761 3222

			Align 52: 684845 701364 NODE_2_length_39119_cov_167.875656 19761 3222
				Gap between this and next alignment: 701364 to 705108 (3743 bp)
				Next Alignment: 705108 706384 NODE_16_length_1163_cov_286.803101 14 1289

			Align 53: 705108 706384 NODE_16_length_1163_cov_286.803101 14 1289
				Negative gap (overlap) between this and next alignment: 706384 to 706259 (-125 bp)
				Next Alignment: 706259 712081 NODE_3_length_25597_cov_176.608231 1 5838

			Previous gap was negative, modifying coordinates to ignore overlap
				Moving contig start from 1 to 127.
			Align 54: 706385 712081 NODE_3_length_25597_cov_176.608231 127 5838
				The next alignment (706259 706385 NODE_6_length_10068_cov_175.156143 10194 10068) is redundant. Skipping.
				Gap between this and next alignment: 712081 to 713331 (1249 bp)
				Next Alignment: 713331 715392 NODE_3_length_25597_cov_176.608231 6222 8283

			Align 56: 713331 715392 NODE_3_length_25597_cov_176.608231 6222 8283
				Gap between this and next alignment: 715392 to 716799 (1406 bp)
				Next Alignment: 716799 719017 NODE_3_length_25597_cov_176.608231 13666 15891

			Align 57: 716799 719017 NODE_3_length_25597_cov_176.608231 13666 15891
				Gap between this and next alignment: 719017 to 719190 (172 bp)
				Next Alignment: 719190 723468 NODE_3_length_25597_cov_176.608231 12931 8653

			Align 58: 719190 723468 NODE_3_length_25597_cov_176.608231 12931 8653
				Gap between this and next alignment: 723468 to 723601 (132 bp)
				Next Alignment: 723601 723739 NODE_15_length_1150785_cov_139.851166 1118269 1118131

			Align 59: 723601 723739 NODE_15_length_1150785_cov_139.851166 1118269 1118131
				Gap between this and next alignment: 723739 to 732068 (8328 bp)
				Next Alignment: 732068 732557 NODE_4_length_186812_cov_140.254013 488 1

			Align 60: 732068 732557 NODE_4_length_186812_cov_140.254013 488 1
				Gap between this and next alignment: 732557 to 737884 (5326 bp)
				Next Alignment: 737884 746380 NODE_5_length_26946_cov_145.931458 27054 18565

			Align 61: 737884 746380 NODE_5_length_26946_cov_145.931458 27054 18565
				The next alignment (738162 738246 NODE_1_length_311333_cov_153.831482 286785 286869) is redundant. Skipping.
				The next alignment (738166 738246 NODE_1_length_311333_cov_153.831482 286889 286969) is redundant. Skipping.
				Gap between this and next alignment: 746380 to 747164 (783 bp)
				Next Alignment: 747164 765685 NODE_5_length_26946_cov_145.931458 18546 3

			Align 64: 747164 765685 NODE_5_length_26946_cov_145.931458 18546 3
				The next alignment (749860 749939 NODE_1_length_311333_cov_153.831482 311252 311331) is redundant. Skipping.
				Gap between this and next alignment: 765685 to 782629 (16943 bp)
				Next Alignment: 782629 790983 NODE_15_length_1150785_cov_139.851166 1150533 1142181

			Align 66: 782629 790983 NODE_15_length_1150785_cov_139.851166 1150533 1142181
				Gap between this and next alignment: 790983 to 809138 (18154 bp)
				Next Alignment: 809138 809368 NODE_15_length_1150785_cov_139.851166 1118062 1117833

			Align 67: 809138 809368 NODE_15_length_1150785_cov_139.851166 1118062 1117833
				Gap between this and next alignment: 809368 to 814604 (5235 bp)
				Next Alignment: 814604 817194 NODE_15_length_1150785_cov_139.851166 1114253 1111656

			Align 68: 814604 817194 NODE_15_length_1150785_cov_139.851166 1114253 1111656
				Next Alignment: 817195 820875 NODE_15_length_1150785_cov_139.851166 1111456 1107784

			Align 69: 817195 820875 NODE_15_length_1150785_cov_139.851166 1111456 1107784
				Gap between this and next alignment: 820875 to 825703 (4827 bp)
				Next Alignment: 825703 833660 NODE_15_length_1150785_cov_139.851166 999832 1007790

			Align 70: 825703 833660 NODE_15_length_1150785_cov_139.851166 999832 1007790
				Gap between this and next alignment: 833660 to 835016 (1355 bp)
				Next Alignment: 835016 841242 NODE_15_length_1150785_cov_139.851166 1007826 1014049

			Align 71: 835016 841242 NODE_15_length_1150785_cov_139.851166 1007826 1014049
				Negative gap (overlap) between this and next alignment: 841242 to 841238 (-4 bp)
				Next Alignment: 841238 858910 NODE_15_length_1150785_cov_139.851166 1014541 1032260

			Previous gap was negative, modifying coordinates to ignore overlap
				Moving contig start from 1014541 to 1014546.
			Align 72: 841243 858910 NODE_15_length_1150785_cov_139.851166 1014546 1032260
				Negative gap (overlap) between this and next alignment: 858910 to 858909 (-1 bp)
				Next Alignment: 858909 864459 NODE_15_length_1150785_cov_139.851166 1033942 1039495

			Previous gap was negative, modifying coordinates to ignore overlap
				Moving contig start from 1033942 to 1033944.
			Align 73: 858911 864459 NODE_15_length_1150785_cov_139.851166 1033944 1039495
				Gap between this and next alignment: 864459 to 865764 (1304 bp)
				Next Alignment: 865764 874281 NODE_15_length_1150785_cov_139.851166 1040815 1049333

			Align 74: 865764 874281 NODE_15_length_1150785_cov_139.851166 1040815 1049333
				The next alignment (867045 867138 NODE_15_length_1150785_cov_139.851166 1118667 1118574) is redundant. Skipping.
				Gap between this and next alignment: 874281 to 874292 (10 bp)
				Next Alignment: 874292 876907 NODE_2_length_39119_cov_167.875656 36629 39242

			Align 76: 874292 876907 NODE_2_length_39119_cov_167.875656 36629 39242
				Gap between this and next alignment: 876907 to 911434 (34526 bp)
				Next Alignment: 911434 918040 NODE_2_length_39119_cov_167.875656 36579 29975

			Align 77: 911434 918040 NODE_2_length_39119_cov_167.875656 36579 29975
				Gap between this and next alignment: 918040 to 922753 (4712 bp)
				Next Alignment: 922753 922854 NODE_15_length_1150785_cov_139.851166 86322 86423

			Align 78: 922753 922854 NODE_15_length_1150785_cov_139.851166 86322 86423
				Negative gap (overlap) between this and next alignment: 922854 to 922761 (-93 bp)
				Next Alignment: 922761 922855 NODE_15_length_1150785_cov_139.851166 586694 586600

			Previous gap was negative, modifying coordinates to ignore overlap
				Moving contig start from 586694 to 586600.
			Align 79: 922855 922855 NODE_15_length_1150785_cov_139.851166 586600 586600
				Gap between this and next alignment: 922855 to 923837 (981 bp)
				Next Alignment: 923837 930151 NODE_15_length_1150785_cov_139.851166 988731 982419

			Align 80: 923837 930151 NODE_15_length_1150785_cov_139.851166 988731 982419
				Gap between this and next alignment: 930151 to 930297 (145 bp)
				Next Alignment: 930297 948340 NODE_15_length_1150785_cov_139.851166 968997 950936

			Align 81: 930297 948340 NODE_15_length_1150785_cov_139.851166 968997 950936
				Gap between this and next alignment: 948340 to 949506 (1165 bp)
				Next Alignment: 949506 978438 NODE_15_length_1150785_cov_139.851166 950833 921916

			Align 82: 949506 978438 NODE_15_length_1150785_cov_139.851166 950833 921916
				Gap between this and next alignment: 978438 to 996507 (18068 bp)
				Next Alignment: 996507 997702 NODE_15_length_1150785_cov_139.851166 902440 901245

			Align 83: 996507 997702 NODE_15_length_1150785_cov_139.851166 902440 901245
				Gap between this and next alignment: 997702 to 1032328 (34625 bp)
				Next Alignment: 1032328 1050775 NODE_1_length_311333_cov_153.831482 100460 82040

			Align 84: 1032328 1050775 NODE_1_length_311333_cov_153.831482 100460 82040
				Gap between this and next alignment: 1050775 to 1050918 (142 bp)
				Next Alignment: 1050918 1085724 NODE_15_length_1150785_cov_139.851166 901146 866331

			Align 85: 1050918 1085724 NODE_15_length_1150785_cov_139.851166 901146 866331
				Gap between this and next alignment: 1085724 to 1115942 (30217 bp)
				Next Alignment: 1115942 1137154 NODE_15_length_1150785_cov_139.851166 839827 818629

			Align 86: 1115942 1137154 NODE_15_length_1150785_cov_139.851166 839827 818629
				Gap between this and next alignment: 1137154 to 1138100 (945 bp)
				Next Alignment: 1138100 1156344 NODE_15_length_1150785_cov_139.851166 817726 799493

			Align 87: 1138100 1156344 NODE_15_length_1150785_cov_139.851166 817726 799493
				Gap between this and next alignment: 1156344 to 1159760 (3415 bp)
				Next Alignment: 1159760 1162499 NODE_15_length_1150785_cov_139.851166 795993 793254

			Align 88: 1159760 1162499 NODE_15_length_1150785_cov_139.851166 795993 793254
				Gap between this and next alignment: 1162499 to 1168726 (6226 bp)
				Next Alignment: 1168726 1173089 NODE_15_length_1150785_cov_139.851166 787296 782932

			Align 89: 1168726 1173089 NODE_15_length_1150785_cov_139.851166 787296 782932
				Negative gap (overlap) between this and next alignment: 1173089 to 1173089 (0 bp)
				Next Alignment: 1173089 1180265 NODE_15_length_1150785_cov_139.851166 782473 775295

			Previous gap was negative, modifying coordinates to ignore overlap
				Moving contig start from 782473 to 782472.
			Align 90: 1173090 1180265 NODE_15_length_1150785_cov_139.851166 782472 775295
				Negative gap (overlap) between this and next alignment: 1180265 to 1180260 (-5 bp)
				Next Alignment: 1180260 1184115 NODE_15_length_1150785_cov_139.851166 416746 412891

			Previous gap was negative, modifying coordinates to ignore overlap
				Moving contig start from 416746 to 416740.
			Align 91: 1180266 1184115 NODE_15_length_1150785_cov_139.851166 416740 412891
				Gap between this and next alignment: 1184115 to 1184282 (166 bp)
				Next Alignment: 1184282 1187230 NODE_15_length_1150785_cov_139.851166 412724 409776

			Align 92: 1184282 1187230 NODE_15_length_1150785_cov_139.851166 412724 409776
				Gap between this and next alignment: 1187230 to 1206806 (19575 bp)
				Next Alignment: 1206806 1207517 NODE_15_length_1150785_cov_139.851166 417459 416747

			Align 93: 1206806 1207517 NODE_15_length_1150785_cov_139.851166 417459 416747
				Gap between this and next alignment: 1207517 to 1224483 (16965 bp)
				Next Alignment: 1224483 1236082 NODE_15_length_1150785_cov_139.851166 775276 763690

			Align 94: 1224483 1236082 NODE_15_length_1150785_cov_139.851166 775276 763690
				Gap between this and next alignment: 1236082 to 1238618 (2535 bp)
				Next Alignment: 1238618 1245625 NODE_15_length_1150785_cov_139.851166 757973 750968

			Align 95: 1238618 1245625 NODE_15_length_1150785_cov_139.851166 757973 750968
				Gap between this and next alignment: 1245625 to 1254198 (8572 bp)
				Next Alignment: 1254198 1268173 NODE_15_length_1150785_cov_139.851166 696020 682031

			Align 96: 1254198 1268173 NODE_15_length_1150785_cov_139.851166 696020 682031
				Gap between this and next alignment: 1268173 to 1268464 (290 bp)
				Next Alignment: 1268464 1277555 NODE_15_length_1150785_cov_139.851166 681725 672633

			Align 97: 1268464 1277555 NODE_15_length_1150785_cov_139.851166 681725 672633
				Gap between this and next alignment: 1277555 to 1277769 (213 bp)
				Next Alignment: 1277769 1288528 NODE_15_length_1150785_cov_139.851166 672453 661698

			Align 98: 1277769 1288528 NODE_15_length_1150785_cov_139.851166 672453 661698
				Gap between this and next alignment: 1288528 to 1288650 (121 bp)
				Next Alignment: 1288650 1322766 NODE_15_length_1150785_cov_139.851166 661573 627415

			Align 99: 1288650 1322766 NODE_15_length_1150785_cov_139.851166 661573 627415
				Gap between this and next alignment: 1322766 to 1323275 (508 bp)
				Next Alignment: 1323275 1360373 NODE_4_length_186812_cov_140.254013 87874 50841

			Align 100: 1323275 1360373 NODE_4_length_186812_cov_140.254013 87874 50841
				Gap between this and next alignment: 1360373 to 1360407 (33 bp)
				Next Alignment: 1360407 1370600 NODE_4_length_186812_cov_140.254013 50134 39951

			Align 101: 1360407 1370600 NODE_4_length_186812_cov_140.254013 50134 39951
				Gap between this and next alignment: 1370600 to 1370604 (3 bp)
				Next Alignment: 1370604 1371921 NODE_4_length_186812_cov_140.254013 13303 14618

			Align 102: 1370604 1371921 NODE_4_length_186812_cov_140.254013 13303 14618
				Gap between this and next alignment: 1371921 to 1373754 (1832 bp)
				Next Alignment: 1373754 1384617 NODE_4_length_186812_cov_140.254013 18379 29238

			Align 103: 1373754 1384617 NODE_4_length_186812_cov_140.254013 18379 29238
				Gap between this and next alignment: 1384617 to 1391126 (6508 bp)
				Next Alignment: 1391126 1417651 NODE_15_length_1150785_cov_139.851166 533057 506495

			Align 104: 1391126 1417651 NODE_15_length_1150785_cov_139.851166 533057 506495
				Gap between this and next alignment: 1417651 to 1420738 (3086 bp)
				Next Alignment: 1420738 1434733 NODE_15_length_1150785_cov_139.851166 501675 487645

			Align 105: 1420738 1434733 NODE_15_length_1150785_cov_139.851166 501675 487645
				Gap between this and next alignment: 1434733 to 1456150 (21416 bp)
				Next Alignment: 1456150 1456364 NODE_15_length_1150785_cov_139.851166 465595 465810

			Align 106: 1456150 1456364 NODE_15_length_1150785_cov_139.851166 465595 465810
				Gap between this and next alignment: 1456364 to 1471474 (15109 bp)
				Next Alignment: 1471474 1476166 NODE_15_length_1150785_cov_139.851166 450051 445344

			Align 107: 1471474 1476166 NODE_15_length_1150785_cov_139.851166 450051 445344
				Gap between this and next alignment: 1476166 to 1476192 (25 bp)
				Next Alignment: 1476192 1476581 NODE_15_length_1150785_cov_139.851166 604352 604740

			Align 108: 1476192 1476581 NODE_15_length_1150785_cov_139.851166 604352 604740
				Gap between this and next alignment: 1476581 to 1482733 (6151 bp)
				Next Alignment: 1482733 1489315 NODE_15_length_1150785_cov_139.851166 442759 436169

			Align 109: 1482733 1489315 NODE_15_length_1150785_cov_139.851166 442759 436169
				Gap between this and next alignment: 1489315 to 1490184 (868 bp)
				Next Alignment: 1490184 1490609 NODE_15_length_1150785_cov_139.851166 397986 397562

			Align 110: 1490184 1490609 NODE_15_length_1150785_cov_139.851166 397986 397562
				Gap between this and next alignment: 1490609 to 1515045 (24435 bp)
				Next Alignment: 1515045 1526793 NODE_15_length_1150785_cov_139.851166 349410 337661

			Align 111: 1515045 1526793 NODE_15_length_1150785_cov_139.851166 349410 337661
				Gap between this and next alignment: 1526793 to 1536775 (9981 bp)
				Next Alignment: 1536775 1545300 NODE_15_length_1150785_cov_139.851166 334829 326304

			Align 112: 1536775 1545300 NODE_15_length_1150785_cov_139.851166 334829 326304
				Gap between this and next alignment: 1545300 to 1545359 (58 bp)
				Next Alignment: 1545359 1549963 NODE_15_length_1150785_cov_139.851166 228475 233076

			Align 113: 1545359 1549963 NODE_15_length_1150785_cov_139.851166 228475 233076
				Gap between this and next alignment: 1549963 to 1566387 (16423 bp)
				Next Alignment: 1566387 1572124 NODE_15_length_1150785_cov_139.851166 195111 200850

			Align 114: 1566387 1572124 NODE_15_length_1150785_cov_139.851166 195111 200850
				Gap between this and next alignment: 1572124 to 1593012 (20887 bp)
				Next Alignment: 1593012 1611356 NODE_15_length_1150785_cov_139.851166 317031 298682

			Align 115: 1593012 1611356 NODE_15_length_1150785_cov_139.851166 317031 298682
				Gap between this and next alignment: 1611356 to 1620535 (9178 bp)
				Next Alignment: 1620535 1626620 NODE_15_length_1150785_cov_139.851166 289243 283176

			Align 116: 1620535 1626620 NODE_15_length_1150785_cov_139.851166 289243 283176
				Gap between this and next alignment: 1626620 to 1626647 (26 bp)
				Next Alignment: 1626647 1628086 NODE_15_length_1150785_cov_139.851166 282768 281327

			Align 117: 1626647 1628086 NODE_15_length_1150785_cov_139.851166 282768 281327
				Gap between this and next alignment: 1628086 to 1679868 (51781 bp)
				Next Alignment: 1679868 1681038 NODE_15_length_1150785_cov_139.851166 266212 265042

			Align 118: 1679868 1681038 NODE_15_length_1150785_cov_139.851166 266212 265042
				Gap between this and next alignment: 1681038 to 1681048 (9 bp)
				Next Alignment: 1681048 1687943 NODE_15_length_1150785_cov_139.851166 317549 324436

			Align 119: 1681048 1687943 NODE_15_length_1150785_cov_139.851166 317549 324436
				Next Alignment: 1687944 1689525 NODE_15_length_1150785_cov_139.851166 324719 326300

			Align 120: 1687944 1689525 NODE_15_length_1150785_cov_139.851166 324719 326300
				Gap between this and next alignment: 1689525 to 1696245 (6719 bp)
				Next Alignment: 1696245 1704153 NODE_15_length_1150785_cov_139.851166 222142 214236

			Align 121: 1696245 1704153 NODE_15_length_1150785_cov_139.851166 222142 214236
				Negative gap (overlap) between this and next alignment: 1704153 to 1704144 (-9 bp)
				Next Alignment: 1704144 1709103 NODE_15_length_1150785_cov_139.851166 213139 208173

			Previous gap was negative, modifying coordinates to ignore overlap
				Moving contig start from 213139 to 213129.
			Align 122: 1704154 1709103 NODE_15_length_1150785_cov_139.851166 213129 208173
				Gap between this and next alignment: 1709103 to 1727867 (18763 bp)
				Next Alignment: 1727867 1740747 NODE_15_length_1150785_cov_139.851166 355588 368465

			Align 123: 1727867 1740747 NODE_15_length_1150785_cov_139.851166 355588 368465
				Gap between this and next alignment: 1740747 to 1836339 (95591 bp)
				Next Alignment: 1836339 1844924 NODE_15_length_1150785_cov_139.851166 128852 120272

			Align 124: 1836339 1844924 NODE_15_length_1150785_cov_139.851166 128852 120272
				Negative gap (overlap) between this and next alignment: 1844924 to 1844915 (-9 bp)
				Next Alignment: 1844915 1861727 NODE_15_length_1150785_cov_139.851166 119294 102498

			Previous gap was negative, modifying coordinates to ignore overlap
				Moving contig start from 119294 to 119284.
			Align 125: 1844925 1861727 NODE_15_length_1150785_cov_139.851166 119284 102498
				Gap between this and next alignment: 1861727 to 1862281 (553 bp)
				Next Alignment: 1862281 1863757 NODE_15_length_1150785_cov_139.851166 501768 503244

			Align 126: 1862281 1863757 NODE_15_length_1150785_cov_139.851166 501768 503244
				Gap between this and next alignment: 1863757 to 1867284 (3526 bp)
				Next Alignment: 1867284 1882022 NODE_15_length_1150785_cov_139.851166 102497 87766

			Align 127: 1867284 1882022 NODE_15_length_1150785_cov_139.851166 102497 87766
				Gap between this and next alignment: 1882022 to 1882033 (10 bp)
				Next Alignment: 1882033 1905829 NODE_15_length_1150785_cov_139.851166 86127 62360

			Align 128: 1882033 1905829 NODE_15_length_1150785_cov_139.851166 86127 62360
				Gap between this and next alignment: 1905829 to 1920834 (15004 bp)
				Next Alignment: 1920834 1932183 NODE_15_length_1150785_cov_139.851166 47377 36027

			Align 129: 1920834 1932183 NODE_15_length_1150785_cov_139.851166 47377 36027
				Gap between this and next alignment: 1932183 to 1933007 (823 bp)
				Next Alignment: 1933007 1938989 NODE_15_length_1150785_cov_139.851166 36025 30046

			Align 130: 1933007 1938989 NODE_15_length_1150785_cov_139.851166 36025 30046
				Gap between this and next alignment: 1938989 to 1963545 (24555 bp)
				Next Alignment: 1963545 1967662 NODE_15_length_1150785_cov_139.851166 5326 1224

			Align 131: 1963545 1967662 NODE_15_length_1150785_cov_139.851166 5326 1224
				Gap between this and next alignment: 1967662 to 1980291 (12628 bp)
				Next Alignment: 1980291 1981535 NODE_4_length_186812_cov_140.254013 7339 8584

			Align 132: 1980291 1981535 NODE_4_length_186812_cov_140.254013 7339 8584
			END in current alignment.  Modifying 1981535 to 1981535.

Analysis is finished!
Founded SNPs were written into /data/projects/Assembly/Aroon/reports/GCF_000210875.1_ASM21087v1_genomic/contigs_reports/nucmer_output/M10540_contigs.used_snps

Results:
	Local Misassemblies: 27
	Misassemblies: 54
		Relocations: 54
		Translocations: 0
		Inversions: 0
	Misassembled Contigs: 3
	Misassembled Contig Bases: 1215879
	Misassemblies Inter-Contig Overlap: 0
Uncovered Regions: 0 (0)
Unaligned Contigs: 0 + 6 part
Partially Unaligned Contigs with Misassemblies: 4
Unaligned Contig Bases: 294954

Ambiguously Mapped Contigs: 1
Total Bases in Ambiguously Mapped Contigs: 1514
Note that --allow-ambiguity option was set to "one" and only first alignment per each contig was used.

	Covered Bases: 994179

	SNPs: 37125
	Insertions: 1026
	Deletions: 971

	Positive Gaps: 103
		Internal Gaps:  77
		External Gaps:  26
		External Gap Total:  287999
		External Gap Average: 11077
	Negative Gaps: 18
		Internal Overlaps:  12
		External Overlaps:  6
		External Overlaps Total: -740
		External Overlaps Average: -123
	Contigs with Redundant Alignments: 5 (859)
