Aligning contigs to reference...
	Using existing Nucmer alignments...
Parsing coords...
Loading reference...
	Loaded [NC_009566.1_Haemophilus_influenzae_PittEE__complete_genome]
Loading SNPs...
Loading regions...
	No regions given, using whole reference.
	Total Regions: 1
	Total Region Length: 1813033
Analyzing contigs...
CONTIG: NODE_1_length_311333_cov_153.831482 (311459bp)
Top Length: 40168  Top ID: 96.06
		Skipping redundant alignment 296077 296521 | 202582 202149 | 445 434 | 96.4 | NC_009566.1_Haemophilus_influenzae_PittEE__complete_genome NODE_1_length_311333_cov_153.831482
		Skipping redundant alignment 295939 296229 | 202439 202149 | 291 291 | 98.97 | NC_009566.1_Haemophilus_influenzae_PittEE__complete_genome NODE_1_length_311333_cov_153.831482
		Skipping redundant alignment 296522 296756 | 202960 202726 | 235 235 | 99.57 | NC_009566.1_Haemophilus_influenzae_PittEE__complete_genome NODE_1_length_311333_cov_153.831482
		Skipping redundant alignment 296230 296464 | 202960 202726 | 235 235 | 99.15 | NC_009566.1_Haemophilus_influenzae_PittEE__complete_genome NODE_1_length_311333_cov_153.831482
		Skipping redundant alignment 620058 620156 | 230278 230376 | 99 99 | 100.0 | NC_009566.1_Haemophilus_influenzae_PittEE__complete_genome NODE_1_length_311333_cov_153.831482
		Skipping redundant alignment 521396 521474 | 265621 265543 | 79 79 | 100.0 | NC_009566.1_Haemophilus_influenzae_PittEE__complete_genome NODE_1_length_311333_cov_153.831482
		Skipping redundant alignment 575936 576014 | 265621 265543 | 79 79 | 100.0 | NC_009566.1_Haemophilus_influenzae_PittEE__complete_genome NODE_1_length_311333_cov_153.831482
		Skipping redundant alignment 702661 702738 | 299593 299670 | 78 78 | 100.0 | NC_009566.1_Haemophilus_influenzae_PittEE__complete_genome NODE_1_length_311333_cov_153.831482
			Skipping redundant alignments after choosing the best set of alignments
		Skipping redundant alignment 43964 44057 | 103200 103293 | 94 94 | 100.0 | NC_009566.1_Haemophilus_influenzae_PittEE__complete_genome NODE_1_length_311333_cov_153.831482
		Skipping redundant alignment 43966 44056 | 103186 103276 | 91 91 | 100.0 | NC_009566.1_Haemophilus_influenzae_PittEE__complete_genome NODE_1_length_311333_cov_153.831482
		Skipping redundant alignment 376229 376354 | 311334 311459 | 126 126 | 98.41 | NC_009566.1_Haemophilus_influenzae_PittEE__complete_genome NODE_1_length_311333_cov_153.831482
		Skipping redundant alignment 409374 409499 | 311334 311459 | 126 126 | 99.21 | NC_009566.1_Haemophilus_influenzae_PittEE__complete_genome NODE_1_length_311333_cov_153.831482
		Skipping redundant alignment 1681527 1681650 | 311459 311334 | 124 126 | 97.62 | NC_009566.1_Haemophilus_influenzae_PittEE__complete_genome NODE_1_length_311333_cov_153.831482
		Skipping redundant alignment 1803928 1804053 | 311459 311334 | 126 126 | 98.41 | NC_009566.1_Haemophilus_influenzae_PittEE__complete_genome NODE_1_length_311333_cov_153.831482
		This contig is misassembled. 42 total aligns.
			Real Alignment 1: 1660597 1675824 | 15213 1 | 15228 15213 | 95.8 | NC_009566.1_Haemophilus_influenzae_PittEE__complete_genome NODE_1_length_311333_cov_153.831482
			  Overlap between these two alignments (local misassembly). Inconsistency = -175 
			Real Alignment 2: 1651004 1660081 | 24997 15904 | 9078 9094 | 96.3 | NC_009566.1_Haemophilus_influenzae_PittEE__complete_genome NODE_1_length_311333_cov_153.831482
			  Extensive misassembly ( relocation, inconsistency = -1555418 ) between these two alignments
			Real Alignment 3: 104696 105418 | 25030 25751 | 723 722 | 96.82 | NC_009566.1_Haemophilus_influenzae_PittEE__complete_genome NODE_1_length_311333_cov_153.831482
			  Overlap between these two alignments (local misassembly). Inconsistency = -146 
			Real Alignment 4: 105418 116178 | 25897 36656 | 10761 10760 | 97.19 | NC_009566.1_Haemophilus_influenzae_PittEE__complete_genome NODE_1_length_311333_cov_153.831482
			  Extensive misassembly ( relocation, inconsistency = 8058 ) between these two alignments
			Real Alignment 5: 124273 132940 | 36693 45338 | 8668 8646 | 96.46 | NC_009566.1_Haemophilus_influenzae_PittEE__complete_genome NODE_1_length_311333_cov_153.831482
			  Extensive misassembly ( relocation, inconsistency = 29863 ) between these two alignments
			Real Alignment 6: 175671 175751 | 58206 58286 | 81 81 | 100.0 | NC_009566.1_Haemophilus_influenzae_PittEE__complete_genome NODE_1_length_311333_cov_153.831482
			  Extensive misassembly ( relocation, inconsistency = 79681 ) between these two alignments
			Excluding internal overlap of size 1 between Alignment 7 and 8:  258046 261026 | 63880 60900 | 2981 2981 --> 258047 261026 | 63879 60900 | 2980 2980
			Real Alignment 7: 258047 261026 | 63879 60900 | 2980 2980 | 95.77 | NC_009566.1_Haemophilus_influenzae_PittEE__complete_genome NODE_1_length_311333_cov_153.831482
			  Extensive misassembly ( relocation, inconsistency = 5420 ) between these two alignments
			Real Alignment 8: 244782 252626 | 71723 63880 | 7845 7844 | 96.28 | NC_009566.1_Haemophilus_influenzae_PittEE__complete_genome NODE_1_length_311333_cov_153.831482
			  Overlap between these two alignments (local misassembly). Inconsistency = -184 
			Excluding internal overlap of size 19 between Alignment 9 and 10:  1500965 1504502 | 82040 85577 | 3538 3538 --> 1500984 1504502 | 82059 85577 | 3519 3519
			Real Alignment 9: 234632 244819 | 82058 71870 | 10188 10189 | 96.43 | NC_009566.1_Haemophilus_influenzae_PittEE__complete_genome NODE_1_length_311333_cov_153.831482
			  Extensive misassembly ( relocation, inconsistency = 1256164 ) between these two alignments
			Real Alignment 10: 1500984 1504502 | 82059 85577 | 3519 3519 | 96.61 | NC_009566.1_Haemophilus_influenzae_PittEE__complete_genome NODE_1_length_311333_cov_153.831482
			  Gap between these two alignments (local misassembly). Inconsistency = 927 
			Real Alignment 11: 1505557 1506824 | 85705 86972 | 1268 1268 | 96.61 | NC_009566.1_Haemophilus_influenzae_PittEE__complete_genome NODE_1_length_311333_cov_153.831482
			  Gap between these two alignments (local misassembly). Inconsistency = 121 
			Real Alignment 12: 1506974 1520416 | 87001 100402 | 13443 13402 | 95.34 | NC_009566.1_Haemophilus_influenzae_PittEE__complete_genome NODE_1_length_311333_cov_153.831482
			  Extensive misassembly ( relocation, inconsistency = -465578 ) between these two alignments
			Real Alignment 13: 1057630 1057729 | 103194 103293 | 100 100 | 100.0 | NC_009566.1_Haemophilus_influenzae_PittEE__complete_genome NODE_1_length_311333_cov_153.831482
			  Extensive misassembly ( relocation, inconsistency = -709298 ) between these two alignments
			Real Alignment 14: 353552 366223 | 121089 108414 | 12672 12676 | 97.28 | NC_009566.1_Haemophilus_influenzae_PittEE__complete_genome NODE_1_length_311333_cov_153.831482
			  Extensive misassembly ( relocation, inconsistency = 184336 ) between these two alignments
			Real Alignment 15: 157452 168259 | 132848 122046 | 10808 10803 | 96.19 | NC_009566.1_Haemophilus_influenzae_PittEE__complete_genome NODE_1_length_311333_cov_153.831482
			  Extensive misassembly ( relocation, inconsistency = -208378 ) between these two alignments
			Real Alignment 16: 336477 345549 | 162221 153129 | 9073 9093 | 97.2 | NC_009566.1_Haemophilus_influenzae_PittEE__complete_genome NODE_1_length_311333_cov_153.831482
			  Overlap between these two alignments (local misassembly). Inconsistency = -202 
			Real Alignment 17: 296369 336485 | 202582 162415 | 40117 40168 | 96.06 | NC_009566.1_Haemophilus_influenzae_PittEE__complete_genome NODE_1_length_311333_cov_153.831482
			  Fake misassembly between these two alignments: inconsistency = 53 , gap in the contig is small or absent or filled mostly with Ns (long indel: deletion of length 53; 0 mismatches)
			Real Alignment 18: 276254 296172 | 222642 202726 | 19919 19917 | 96.15 | NC_009566.1_Haemophilus_influenzae_PittEE__complete_genome NODE_1_length_311333_cov_153.831482
			  Extensive misassembly ( relocation, inconsistency = 4785 ) between these two alignments
			Excluding internal overlap of size 4 between Alignment 19 and 20:  263635 271392 | 230470 222719 | 7758 7752 --> 263639 271392 | 230466 222719 | 7754 7748
			Real Alignment 19: 263639 271392 | 230466 222719 | 7754 7748 | 95.67 | NC_009566.1_Haemophilus_influenzae_PittEE__complete_genome NODE_1_length_311333_cov_153.831482
			  Extensive misassembly ( relocation, inconsistency = -95192 ) between these two alignments
			Real Alignment 20: 176201 199123 | 230467 253337 | 22923 22871 | 95.03 | NC_009566.1_Haemophilus_influenzae_PittEE__complete_genome NODE_1_length_311333_cov_153.831482
			  Overlap between these two alignments (local misassembly). Inconsistency = -15 
			Excluding internal overlap of size 5 between Alignment 21 and 22:  226206 229984 | 279918 283695 | 3779 3778 --> 226211 229984 | 279923 283695 | 3774 3773
			Real Alignment 21: 199758 225708 | 253987 279922 | 25951 25936 | 96.24 | NC_009566.1_Haemophilus_influenzae_PittEE__complete_genome NODE_1_length_311333_cov_153.831482
			  Gap between these two alignments (local misassembly). Inconsistency = 502 
			Real Alignment 22: 226211 229984 | 279923 283695 | 3774 3773 | 95.74 | NC_009566.1_Haemophilus_influenzae_PittEE__complete_genome NODE_1_length_311333_cov_153.831482
			  Extensive misassembly ( relocation, inconsistency = 148859 ) between these two alignments
			Real Alignment 23: 381933 382017 | 286785 286869 | 85 85 | 100.0 | NC_009566.1_Haemophilus_influenzae_PittEE__complete_genome NODE_1_length_311333_cov_153.831482
			  Overlap between these two alignments (local misassembly). Inconsistency = -100 
			Real Alignment 24: 381937 382017 | 286889 286969 | 81 81 | 100.0 | NC_009566.1_Haemophilus_influenzae_PittEE__complete_genome NODE_1_length_311333_cov_153.831482
			  Extensive misassembly ( relocation, inconsistency = 181514 ) between these two alignments
			Real Alignment 25: 575892 576151 | 299330 299590 | 260 261 | 97.7 | NC_009566.1_Haemophilus_influenzae_PittEE__complete_genome NODE_1_length_311333_cov_153.831482
			  Gap between these two alignments (local misassembly). Inconsistency = 103 
			Real Alignment 26: 576255 576336 | 299591 299672 | 82 82 | 100.0 | NC_009566.1_Haemophilus_influenzae_PittEE__complete_genome NODE_1_length_311333_cov_153.831482
			  Extensive misassembly ( relocation, inconsistency = -194378 ) between these two alignments
			Real Alignment 27: 393538 393617 | 311252 311331 | 80 80 | 100.0 | NC_009566.1_Haemophilus_influenzae_PittEE__complete_genome NODE_1_length_311333_cov_153.831482
			  Extensive misassembly ( relocation, inconsistency = 281514 ) between these two alignments
			Real Alignment 28: 675134 675257 | 311334 311459 | 124 126 | 97.62 | NC_009566.1_Haemophilus_influenzae_PittEE__complete_genome NODE_1_length_311333_cov_153.831482

CONTIG: NODE_2_length_39119_cov_167.875656 (39245bp)
Top Length: 7888  Top ID: 97.09
		Skipping redundant alignment 376069 376214 | 39098 39242 | 146 145 | 97.95 | NC_009566.1_Haemophilus_influenzae_PittEE__complete_genome NODE_2_length_39119_cov_167.875656
		Skipping redundant alignment 409245 409359 | 39130 39242 | 115 113 | 98.26 | NC_009566.1_Haemophilus_influenzae_PittEE__complete_genome NODE_2_length_39119_cov_167.875656
		This contig is misassembled. 5 total aligns.
			Warning! This contig is more unaligned than misassembled. Contig length is 39245 and total length of all aligns is 17106
		Alignment: 31378 39264 | 11880 19767 | 7887 7888 | 97.09 | NC_009566.1_Haemophilus_influenzae_PittEE__complete_genome NODE_2_length_39119_cov_167.875656
		Alignment: 1640044 1646647 | 29975 36578 | 6604 6604 | 96.53 | NC_009566.1_Haemophilus_influenzae_PittEE__complete_genome NODE_2_length_39119_cov_167.875656
		Alignment: 1681665 1684280 | 39242 36629 | 2616 2614 | 97.36 | NC_009566.1_Haemophilus_influenzae_PittEE__complete_genome NODE_2_length_39119_cov_167.875656
		Unaligned bases: 22139
		This contig has both significant aligned and unaligned parts (of length >= min-contig)!
CONTIG: NODE_3_length_25597_cov_176.608231 (25723bp)
Top Length: 8069  Top ID: 95.37
		Skipping redundant alignment 1787270 1787395 | 1 126 | 126 126 | 99.21 | NC_009566.1_Haemophilus_influenzae_PittEE__complete_genome NODE_3_length_25597_cov_176.608231
		Skipping redundant alignment 1 1057 | 18710 17654 | 1057 1057 | 97.35 | NC_009566.1_Haemophilus_influenzae_PittEE__complete_genome NODE_3_length_25597_cov_176.608231
		Skipping redundant alignment 675027 675243 | 25505 25722 | 217 218 | 97.72 | NC_009566.1_Haemophilus_influenzae_PittEE__complete_genome NODE_3_length_25597_cov_176.608231
		Skipping redundant alignment 376124 376340 | 25507 25722 | 217 216 | 98.62 | NC_009566.1_Haemophilus_influenzae_PittEE__complete_genome NODE_3_length_25597_cov_176.608231
		Skipping redundant alignment 409277 409485 | 25515 25722 | 209 208 | 99.04 | NC_009566.1_Haemophilus_influenzae_PittEE__complete_genome NODE_3_length_25597_cov_176.608231
		Skipping redundant alignment 1681541 1681747 | 25722 25515 | 207 208 | 98.09 | NC_009566.1_Haemophilus_influenzae_PittEE__complete_genome NODE_3_length_25597_cov_176.608231
		Skipping redundant alignment 532393 532502 | 25611 25722 | 110 112 | 98.21 | NC_009566.1_Haemophilus_influenzae_PittEE__complete_genome NODE_3_length_25597_cov_176.608231
		This contig is misassembled. 10 total aligns.
			Real Alignment 1: 11141 16947 | 5830 1 | 5807 5830 | 95.44 | NC_009566.1_Haemophilus_influenzae_PittEE__complete_genome NODE_3_length_25597_cov_176.608231
			  Extensive misassembly ( relocation, inconsistency = -27201 ) between these two alignments
			Real Alignment 2: 30504 30895 | 13668 13277 | 392 392 | 95.15 | NC_009566.1_Haemophilus_influenzae_PittEE__complete_genome NODE_3_length_25597_cov_176.608231
			  Extensive misassembly ( relocation, inconsistency = -1785483 ) between these two alignments
			Real Alignment 3: 1803942 1812001 | 25722 17654 | 8060 8069 | 95.37 | NC_009566.1_Haemophilus_influenzae_PittEE__complete_genome NODE_3_length_25597_cov_176.608231

CONTIG: NODE_4_length_186812_cov_140.254013 (186938bp)
Top Length: 37034  Top ID: 95.68
		Skipping redundant alignment 532393 532768 | 377 1 | 376 377 | 96.56 | NC_009566.1_Haemophilus_influenzae_PittEE__complete_genome NODE_4_length_186812_cov_140.254013
			Skipping redundant alignments after choosing the best set of alignments
		Skipping redundant alignment 1681276 1681747 | 1 473 | 472 473 | 96.41 | NC_009566.1_Haemophilus_influenzae_PittEE__complete_genome NODE_4_length_186812_cov_140.254013
		Skipping redundant alignment 1803675 1804150 | 1 473 | 476 473 | 96.22 | NC_009566.1_Haemophilus_influenzae_PittEE__complete_genome NODE_4_length_186812_cov_140.254013
		This contig is misassembled. 12 total aligns.
			Warning! This contig is more unaligned than misassembled. Contig length is 186938 and total length of all aligns is 89067
		Alignment: 409277 409751 | 473 1 | 475 473 | 96.84 | NC_009566.1_Haemophilus_influenzae_PittEE__complete_genome NODE_4_length_186812_cov_140.254013
		Alignment: 662847 668510 | 13003 7344 | 5664 5660 | 95.02 | NC_009566.1_Haemophilus_influenzae_PittEE__complete_genome NODE_4_length_186812_cov_140.254013
		Alignment: 1224430 1225746 | 14618 13303 | 1317 1316 | 95.22 | NC_009566.1_Haemophilus_influenzae_PittEE__complete_genome NODE_4_length_186812_cov_140.254013
		Alignment: 1211734 1222597 | 29238 18379 | 10864 10860 | 96.19 | NC_009566.1_Haemophilus_influenzae_PittEE__complete_genome NODE_4_length_186812_cov_140.254013
		Alignment: 558352 566604 | 30574 38826 | 8253 8253 | 95.77 | NC_009566.1_Haemophilus_influenzae_PittEE__complete_genome NODE_4_length_186812_cov_140.254013
		Alignment: 1235885 1272953 | 50841 87874 | 37069 37034 | 95.68 | NC_009566.1_Haemophilus_influenzae_PittEE__complete_genome NODE_4_length_186812_cov_140.254013
		Alignment: 639155 662734 | 111448 87869 | 23580 23580 | 97.28 | NC_009566.1_Haemophilus_influenzae_PittEE__complete_genome NODE_4_length_186812_cov_140.254013
		Alignment: 263729 263827 | 130615 130713 | 99 99 | 100.0 | NC_009566.1_Haemophilus_influenzae_PittEE__complete_genome NODE_4_length_186812_cov_140.254013
		Alignment: 616513 618310 | 135666 133869 | 1798 1798 | 96.61 | NC_009566.1_Haemophilus_influenzae_PittEE__complete_genome NODE_4_length_186812_cov_140.254013
		Unaligned bases: 97871
		This contig has both significant aligned and unaligned parts (of length >= min-contig)!
CONTIG: NODE_5_length_26946_cov_145.931458 (27072bp)
Top Length: 18544  Top ID: 96.22
		Skipping redundant alignment 376101 376227 | 126 1 | 127 126 | 97.64 | NC_009566.1_Haemophilus_influenzae_PittEE__complete_genome NODE_5_length_26946_cov_145.931458
		Skipping redundant alignment 1681654 1681779 | 3 126 | 126 124 | 97.62 | NC_009566.1_Haemophilus_influenzae_PittEE__complete_genome NODE_5_length_26946_cov_145.931458
		Skipping redundant alignment 675019 675130 | 113 3 | 112 111 | 95.54 | NC_009566.1_Haemophilus_influenzae_PittEE__complete_genome NODE_5_length_26946_cov_145.931458
		Skipping redundant alignment 532311 532390 | 15840 15761 | 80 80 | 100.0 | NC_009566.1_Haemophilus_influenzae_PittEE__complete_genome NODE_5_length_26946_cov_145.931458
			Skipping redundant alignments after choosing the best set of alignments
		Skipping redundant alignment 513284 513365 | 26772 26691 | 82 82 | 100.0 | NC_009566.1_Haemophilus_influenzae_PittEE__complete_genome NODE_5_length_26946_cov_145.931458
		Skipping redundant alignment 538124 538249 | 27072 26947 | 126 126 | 96.83 | NC_009566.1_Haemophilus_influenzae_PittEE__complete_genome NODE_5_length_26946_cov_145.931458
		Skipping redundant alignment 680913 681038 | 27072 26947 | 126 126 | 98.41 | NC_009566.1_Haemophilus_influenzae_PittEE__complete_genome NODE_5_length_26946_cov_145.931458
		Skipping redundant alignment 1675761 1675886 | 26947 27072 | 126 126 | 97.62 | NC_009566.1_Haemophilus_influenzae_PittEE__complete_genome NODE_5_length_26946_cov_145.931458
		Skipping redundant alignment 1798520 1798645 | 26947 27072 | 126 126 | 98.41 | NC_009566.1_Haemophilus_influenzae_PittEE__complete_genome NODE_5_length_26946_cov_145.931458
		This contig is misassembled. 12 total aligns.
			Real Alignment 1: 390842 409370 | 18546 3 | 18529 18544 | 96.22 | NC_009566.1_Haemophilus_influenzae_PittEE__complete_genome NODE_5_length_26946_cov_145.931458
			  Extensive misassembly ( relocation, inconsistency = -130568 ) between these two alignments
			Real Alignment 2: 513180 513264 | 26776 26692 | 85 85 | 100.0 | NC_009566.1_Haemophilus_influenzae_PittEE__complete_genome NODE_5_length_26946_cov_145.931458
			  Extensive misassembly ( relocation, inconsistency = 98135 ) between these two alignments
			Real Alignment 3: 414749 414874 | 27072 26947 | 126 126 | 97.62 | NC_009566.1_Haemophilus_influenzae_PittEE__complete_genome NODE_5_length_26946_cov_145.931458

CONTIG: NODE_6_length_10068_cov_175.156143 (10194bp)
Top Length: 9348  Top ID: 95.33
		Skipping redundant alignment 16821 16947 | 10068 10194 | 127 127 | 97.64 | NC_009566.1_Haemophilus_influenzae_PittEE__complete_genome NODE_6_length_10068_cov_175.156143
		This contig is partially unaligned. (Aligned 9348 out of 10194 bases)
		Alignment: 1787270 1796612 | 10194 847 | 9343 9348 | 95.33 | NC_009566.1_Haemophilus_influenzae_PittEE__complete_genome NODE_6_length_10068_cov_175.156143
		Unaligned bases: 1 to 846 (846)
		This contig has both significant aligned and unaligned parts (of length >= min-contig)!

CONTIG: NODE_7_length_50836_cov_155.284012 (50962bp)
Top Length: 9573  Top ID: 95.12
		Skipping redundant alignment 1681665 1681811 | 4 148 | 147 145 | 97.28 | NC_009566.1_Haemophilus_influenzae_PittEE__complete_genome NODE_7_length_50836_cov_155.284012
		Skipping redundant alignment 409245 409359 | 116 4 | 115 113 | 98.26 | NC_009566.1_Haemophilus_influenzae_PittEE__complete_genome NODE_7_length_50836_cov_155.284012
		This contig is misassembled. 5 total aligns.
			Real Alignment 1: 367566 376214 | 8649 4 | 8649 8646 | 95.47 | NC_009566.1_Haemophilus_influenzae_PittEE__complete_genome NODE_7_length_50836_cov_155.284012
			  Extensive misassembly ( relocation, inconsistency = 1154370 ) between these two alignments
			Excluding internal overlap of size 64 between Alignment 2 and 3:  433849 441597 | 34739 42476 | 7749 7738 --> 433913 441597 | 34803 42476 | 7685 7674
			Real Alignment 2: 1547165 1556677 | 25230 34802 | 9513 9573 | 95.12 | NC_009566.1_Haemophilus_influenzae_PittEE__complete_genome NODE_7_length_50836_cov_155.284012
			  Extensive misassembly ( relocation, inconsistency = -1122765 ) between these two alignments
			Real Alignment 3: 433913 441597 | 34803 42476 | 7685 7674 | 95.54 | NC_009566.1_Haemophilus_influenzae_PittEE__complete_genome NODE_7_length_50836_cov_155.284012

CONTIG: NODE_8_length_1388_cov_514.852295 (1514bp)
Top Length: 1514  Top ID: 97.95
		This contig has 6 significant alignments. [An ambiguously mapped contig]
		Using only first of these alignment (option --ambiguity-usage is set to "one"):
		Alignment: 532643 534157 | 1514 1 | 1515 1514 | 97.95 | NC_009566.1_Haemophilus_influenzae_PittEE__complete_genome NODE_8_length_1388_cov_514.852295
		Skipping alignment  675383 676897 | 1514 1 | 1515 1514 | 97.95 | NC_009566.1_Haemophilus_influenzae_PittEE__complete_genome NODE_8_length_1388_cov_514.852295
		Skipping alignment  1679887 1681401 | 1 1514 | 1515 1514 | 97.95 | NC_009566.1_Haemophilus_influenzae_PittEE__complete_genome NODE_8_length_1388_cov_514.852295
		Skipping alignment  376481 377996 | 1514 1 | 1516 1514 | 97.89 | NC_009566.1_Haemophilus_influenzae_PittEE__complete_genome NODE_8_length_1388_cov_514.852295
		Skipping alignment  409625 411140 | 1514 1 | 1516 1514 | 97.89 | NC_009566.1_Haemophilus_influenzae_PittEE__complete_genome NODE_8_length_1388_cov_514.852295
		Skipping alignment  1802286 1803801 | 1 1514 | 1516 1514 | 97.89 | NC_009566.1_Haemophilus_influenzae_PittEE__complete_genome NODE_8_length_1388_cov_514.852295

CONTIG: NODE_9_length_3328_cov_573.854553 (3454bp)
Top Length: 2666  Top ID: 95.82
		Skipping redundant alignment 381617 381762 | 143 1 | 146 143 | 95.89 | NC_009566.1_Haemophilus_influenzae_PittEE__complete_genome NODE_9_length_3328_cov_573.854553
		Skipping redundant alignment 680893 681038 | 143 1 | 146 143 | 95.89 | NC_009566.1_Haemophilus_influenzae_PittEE__complete_genome NODE_9_length_3328_cov_573.854553
		Skipping redundant alignment 1798520 1798665 | 1 143 | 146 143 | 95.89 | NC_009566.1_Haemophilus_influenzae_PittEE__complete_genome NODE_9_length_3328_cov_573.854553
		Skipping redundant alignment 1798842 1801210 | 296 2666 | 2369 2371 | 97.6 | NC_009566.1_Haemophilus_influenzae_PittEE__complete_genome NODE_9_length_3328_cov_573.854553
		Skipping redundant alignment 379072 381440 | 2666 296 | 2369 2371 | 97.26 | NC_009566.1_Haemophilus_influenzae_PittEE__complete_genome NODE_9_length_3328_cov_573.854553
		Skipping redundant alignment 678958 680699 | 2039 296 | 1742 1744 | 96.91 | NC_009566.1_Haemophilus_influenzae_PittEE__complete_genome NODE_9_length_3328_cov_573.854553
		Skipping redundant alignment 535478 536099 | 2666 2045 | 622 622 | 99.36 | NC_009566.1_Haemophilus_influenzae_PittEE__complete_genome NODE_9_length_3328_cov_573.854553
		Skipping redundant alignment 678218 678839 | 2666 2045 | 622 622 | 99.36 | NC_009566.1_Haemophilus_influenzae_PittEE__complete_genome NODE_9_length_3328_cov_573.854553
		Skipping redundant alignment 1677945 1678566 | 2045 2666 | 622 622 | 99.36 | NC_009566.1_Haemophilus_influenzae_PittEE__complete_genome NODE_9_length_3328_cov_573.854553
			Skipping redundant alignments after choosing the best set of alignments
		Skipping redundant alignment 378180 378963 | 3454 2671 | 784 784 | 98.09 | NC_009566.1_Haemophilus_influenzae_PittEE__complete_genome NODE_9_length_3328_cov_573.854553
		Skipping redundant alignment 534586 535369 | 3454 2671 | 784 784 | 97.83 | NC_009566.1_Haemophilus_influenzae_PittEE__complete_genome NODE_9_length_3328_cov_573.854553
		Skipping redundant alignment 677326 678109 | 3454 2671 | 784 784 | 97.7 | NC_009566.1_Haemophilus_influenzae_PittEE__complete_genome NODE_9_length_3328_cov_573.854553
		Skipping redundant alignment 1678675 1679458 | 2671 3454 | 784 784 | 98.21 | NC_009566.1_Haemophilus_influenzae_PittEE__complete_genome NODE_9_length_3328_cov_573.854553
		Skipping redundant alignment 1801319 1802102 | 2671 3454 | 784 784 | 98.09 | NC_009566.1_Haemophilus_influenzae_PittEE__complete_genome NODE_9_length_3328_cov_573.854553
		This contig is misassembled. 16 total aligns.
			Real Alignment 1: 412216 414874 | 2666 1 | 2659 2666 | 95.82 | NC_009566.1_Haemophilus_influenzae_PittEE__complete_genome NODE_9_length_3328_cov_573.854553
			  Gap between these two alignments (local misassembly). Inconsistency = 104 
			Real Alignment 2: 411324 412107 | 3454 2671 | 784 784 | 98.09 | NC_009566.1_Haemophilus_influenzae_PittEE__complete_genome NODE_9_length_3328_cov_573.854553

CONTIG: NODE_15_length_1150785_cov_139.851166 (1150911bp)
Top Length: 34813  Top ID: 95.19
		Skipping redundant alignment 381681 381762 | 1 82 | 82 82 | 98.78 | NC_009566.1_Haemophilus_influenzae_PittEE__complete_genome NODE_15_length_1150785_cov_139.851166
		Skipping redundant alignment 996670 996737 | 86391 86324 | 68 68 | 100.0 | NC_009566.1_Haemophilus_influenzae_PittEE__complete_genome NODE_15_length_1150785_cov_139.851166
		Skipping redundant alignment 996670 996737 | 86431 86364 | 68 68 | 100.0 | NC_009566.1_Haemophilus_influenzae_PittEE__complete_genome NODE_15_length_1150785_cov_139.851166
		Skipping redundant alignment 521612 521693 | 572427 572346 | 82 82 | 100.0 | NC_009566.1_Haemophilus_influenzae_PittEE__complete_genome NODE_15_length_1150785_cov_139.851166
		Skipping redundant alignment 702661 702738 | 572425 572348 | 78 78 | 100.0 | NC_009566.1_Haemophilus_influenzae_PittEE__complete_genome NODE_15_length_1150785_cov_139.851166
		Skipping redundant alignment 521359 521611 | 572784 572531 | 253 254 | 96.46 | NC_009566.1_Haemophilus_influenzae_PittEE__complete_genome NODE_15_length_1150785_cov_139.851166
		Skipping redundant alignment 996670 996737 | 586601 586668 | 68 68 | 100.0 | NC_009566.1_Haemophilus_influenzae_PittEE__complete_genome NODE_15_length_1150785_cov_139.851166
		Skipping redundant alignment 1635096 1635183 | 586605 586692 | 88 88 | 100.0 | NC_009566.1_Haemophilus_influenzae_PittEE__complete_genome NODE_15_length_1150785_cov_139.851166
		Skipping redundant alignment 996670 996737 | 586625 586692 | 68 68 | 100.0 | NC_009566.1_Haemophilus_influenzae_PittEE__complete_genome NODE_15_length_1150785_cov_139.851166
		Skipping redundant alignment 1717772 1718007 | 1008957 1008722 | 236 236 | 98.73 | NC_009566.1_Haemophilus_influenzae_PittEE__complete_genome NODE_15_length_1150785_cov_139.851166
		Skipping redundant alignment 1743343 1743842 | 1012063 1011564 | 500 500 | 97.0 | NC_009566.1_Haemophilus_influenzae_PittEE__complete_genome NODE_15_length_1150785_cov_139.851166
		Skipping redundant alignment 1753946 1754033 | 1042201 1042114 | 88 88 | 97.73 | NC_009566.1_Haemophilus_influenzae_PittEE__complete_genome NODE_15_length_1150785_cov_139.851166
			Skipping redundant alignments after choosing the best set of alignments
		Skipping redundant alignment 1635096 1635183 | 86411 86324 | 88 88 | 100.0 | NC_009566.1_Haemophilus_influenzae_PittEE__complete_genome NODE_15_length_1150785_cov_139.851166
		This contig is misassembled. 87 total aligns.
			Real Alignment 1: 680957 681058 | 1 101 | 102 101 | 96.08 | NC_009566.1_Haemophilus_influenzae_PittEE__complete_genome NODE_15_length_1150785_cov_139.851166
			  Extensive misassembly ( relocation, inconsistency = -1048 ) between these two alignments
			Real Alignment 2: 681133 685250 | 1224 5326 | 4118 4103 | 95.56 | NC_009566.1_Haemophilus_influenzae_PittEE__complete_genome NODE_15_length_1150785_cov_139.851166
			  Extensive misassembly ( relocation, inconsistency = -7834 ) between these two alignments
			Real Alignment 3: 688488 701331 | 16398 29263 | 12844 12866 | 96.16 | NC_009566.1_Haemophilus_influenzae_PittEE__complete_genome NODE_15_length_1150785_cov_139.851166
			  Overlap between these two alignments (local misassembly). Inconsistency = -612 
			Excluding internal overlap of size 2 between Alignment 4 and 5:  702762 707483 | 31306 36028 | 4722 4723 --> 702762 707481 | 31306 36026 | 4720 4721
			Real Alignment 4: 702762 707481 | 31306 36026 | 4720 4721 | 96.06 | NC_009566.1_Haemophilus_influenzae_PittEE__complete_genome NODE_15_length_1150785_cov_139.851166
			  Gap between these two alignments (local misassembly). Inconsistency = 163 
			Real Alignment 5: 707645 719004 | 36027 47377 | 11360 11351 | 95.3 | NC_009566.1_Haemophilus_influenzae_PittEE__complete_genome NODE_15_length_1150785_cov_139.851166
			  Overlap between these two alignments (local misassembly). Inconsistency = -61 
			Real Alignment 6: 734171 741729 | 62605 70163 | 7559 7559 | 95.64 | NC_009566.1_Haemophilus_influenzae_PittEE__complete_genome NODE_15_length_1150785_cov_139.851166
			  Extensive misassembly ( relocation, inconsistency = 9768 ) between these two alignments
			Real Alignment 7: 751501 767473 | 70167 86125 | 15973 15959 | 95.97 | NC_009566.1_Haemophilus_influenzae_PittEE__complete_genome NODE_15_length_1150785_cov_139.851166
			  Extensive misassembly ( relocation, inconsistency = 867404 ) between these two alignments
			Real Alignment 8: 1635096 1635183 | 86431 86344 | 88 88 | 100.0 | NC_009566.1_Haemophilus_influenzae_PittEE__complete_genome NODE_15_length_1150785_cov_139.851166
			  Extensive misassembly ( relocation, inconsistency = 440930 ) between these two alignments
			Excluding internal overlap of size 20 between Alignment 9 and 10:  1158206 1164933 | 119294 112572 | 6728 6723 --> 1158206 1164913 | 119294 112592 | 6708 6703
			Real Alignment 9: 1167988 1178099 | 112591 102498 | 10112 10094 | 95.51 | NC_009566.1_Haemophilus_influenzae_PittEE__complete_genome NODE_15_length_1150785_cov_139.851166
			  Extensive misassembly ( relocation, inconsistency = 3074 ) between these two alignments
			Real Alignment 10: 1158206 1164913 | 119294 112592 | 6708 6703 | 95.59 | NC_009566.1_Haemophilus_influenzae_PittEE__complete_genome NODE_15_length_1150785_cov_139.851166
			  Overlap between these two alignments (local misassembly). Inconsistency = -987 
			Real Alignment 11: 1157317 1158215 | 121169 120272 | 899 898 | 97.0 | NC_009566.1_Haemophilus_influenzae_PittEE__complete_genome NODE_15_length_1150785_cov_139.851166
			  Extensive misassembly ( relocation, inconsistency = -3091 ) between these two alignments
			Real Alignment 12: 1130069 1146387 | 151491 135190 | 16319 16302 | 95.56 | NC_009566.1_Haemophilus_influenzae_PittEE__complete_genome NODE_15_length_1150785_cov_139.851166
			  Extensive misassembly ( relocation, inconsistency = 14184 ) between these two alignments
			Real Alignment 13: 1097049 1107763 | 170356 159613 | 10715 10744 | 95.79 | NC_009566.1_Haemophilus_influenzae_PittEE__complete_genome NODE_15_length_1150785_cov_139.851166
			  Extensive misassembly ( relocation, inconsistency = 30051 ) between these two alignments
			Real Alignment 14: 1043307 1043743 | 194051 193611 | 437 441 | 96.37 | NC_009566.1_Haemophilus_influenzae_PittEE__complete_genome NODE_15_length_1150785_cov_139.851166
			  Extensive misassembly ( relocation, inconsistency = 32969 ) between these two alignments
			Real Alignment 15: 995383 996216 | 209005 208173 | 834 833 | 96.64 | NC_009566.1_Haemophilus_influenzae_PittEE__complete_genome NODE_15_length_1150785_cov_139.851166
			  Overlap between these two alignments (local misassembly). Inconsistency = -716 
			Real Alignment 16: 991833 994311 | 213263 210793 | 2479 2471 | 96.85 | NC_009566.1_Haemophilus_influenzae_PittEE__complete_genome NODE_15_length_1150785_cov_139.851166
			  Extensive misassembly ( relocation, inconsistency = -1044 ) between these two alignments
			Real Alignment 17: 977668 991842 | 228459 214298 | 14175 14162 | 95.99 | NC_009566.1_Haemophilus_influenzae_PittEE__complete_genome NODE_15_length_1150785_cov_139.851166
			  Extensive misassembly ( relocation, inconsistency = -34881 ) between these two alignments
			Real Alignment 18: 1007928 1012533 | 233076 228475 | 4606 4602 | 96.14 | NC_009566.1_Haemophilus_influenzae_PittEE__complete_genome NODE_15_length_1150785_cov_139.851166
			  Extensive misassembly ( relocation, inconsistency = 6859 ) between these two alignments
			Real Alignment 19: 967932 969103 | 266212 265042 | 1172 1171 | 98.29 | NC_009566.1_Haemophilus_influenzae_PittEE__complete_genome NODE_15_length_1150785_cov_139.851166
			  Extensive misassembly ( relocation, inconsistency = 10984 ) between these two alignments
			Real Alignment 20: 951941 952502 | 271220 270658 | 562 563 | 96.09 | NC_009566.1_Haemophilus_influenzae_PittEE__complete_genome NODE_15_length_1150785_cov_139.851166
			  Extensive misassembly ( relocation, inconsistency = 1106 ) between these two alignments
			Real Alignment 21: 939285 940668 | 282768 281387 | 1384 1382 | 96.03 | NC_009566.1_Haemophilus_influenzae_PittEE__complete_genome NODE_15_length_1150785_cov_139.851166
			  Overlap between these two alignments (local misassembly). Inconsistency = -393 
			Real Alignment 22: 933190 939287 | 289236 283159 | 6098 6078 | 98.53 | NC_009566.1_Haemophilus_influenzae_PittEE__complete_genome NODE_15_length_1150785_cov_139.851166
			  Overlap between these two alignments (local misassembly). Inconsistency = -180 
			Real Alignment 23: 905568 933155 | 317031 289451 | 27588 27581 | 95.06 | NC_009566.1_Haemophilus_influenzae_PittEE__complete_genome NODE_15_length_1150785_cov_139.851166
			  Extensive misassembly ( relocation, inconsistency = 35167 ) between these two alignments
			Real Alignment 24: 976010 977591 | 324719 326300 | 1582 1582 | 95.76 | NC_009566.1_Haemophilus_influenzae_PittEE__complete_genome NODE_15_length_1150785_cov_139.851166
			  Extensive misassembly ( relocation, inconsistency = 34997 ) between these two alignments
			Real Alignment 25: 1012592 1021119 | 326304 334829 | 8528 8526 | 95.83 | NC_009566.1_Haemophilus_influenzae_PittEE__complete_genome NODE_15_length_1150785_cov_139.851166
			  Extensive misassembly ( relocation, inconsistency = 6930 ) between these two alignments
			Real Alignment 26: 1030881 1042634 | 337661 349410 | 11754 11750 | 95.24 | NC_009566.1_Haemophilus_influenzae_PittEE__complete_genome NODE_15_length_1150785_cov_139.851166
			  Extensive misassembly ( relocation, inconsistency = -4036 ) between these two alignments
			Real Alignment 27: 1044776 1060395 | 355588 371132 | 15620 15545 | 95.07 | NC_009566.1_Haemophilus_influenzae_PittEE__complete_genome NODE_15_length_1150785_cov_139.851166
			  Extensive misassembly ( relocation, inconsistency = -232192 ) between these two alignments
			Real Alignment 28: 854633 855058 | 397986 397562 | 426 425 | 97.65 | NC_009566.1_Haemophilus_influenzae_PittEE__complete_genome NODE_15_length_1150785_cov_139.851166
			  Extensive misassembly ( relocation, inconsistency = -235821 ) between these two alignments
			Real Alignment 29: 1088330 1088581 | 400110 399859 | 252 252 | 98.41 | NC_009566.1_Haemophilus_influenzae_PittEE__complete_genome NODE_15_length_1150785_cov_139.851166
			  Extensive misassembly ( relocation, inconsistency = 198517 ) between these two alignments
			Real Alignment 30: 847158 853754 | 442759 436169 | 6597 6591 | 95.25 | NC_009566.1_Haemophilus_influenzae_PittEE__complete_genome NODE_15_length_1150785_cov_139.851166
			  Extensive misassembly ( relocation, inconsistency = -53480 ) between these two alignments
			Real Alignment 31: 823110 823324 | 465595 465810 | 215 216 | 97.22 | NC_009566.1_Haemophilus_influenzae_PittEE__complete_genome NODE_15_length_1150785_cov_139.851166
			  Extensive misassembly ( relocation, inconsistency = -57518 ) between these two alignments
			Excluding internal overlap of size 2 between Alignment 32 and 33:  785808 787342 | 503244 501710 | 1535 1535 --> 785808 787340 | 503244 501712 | 1533 1533
			Real Alignment 32: 787641 801666 | 501711 487645 | 14026 14067 | 95.87 | NC_009566.1_Haemophilus_influenzae_PittEE__complete_genome NODE_15_length_1150785_cov_139.851166
			  Gap between these two alignments (local misassembly). Inconsistency = 300 
			Real Alignment 33: 785808 787340 | 503244 501712 | 1533 1533 | 98.31 | NC_009566.1_Haemophilus_influenzae_PittEE__complete_genome NODE_15_length_1150785_cov_139.851166
			  Extensive misassembly ( relocation, inconsistency = 390774 ) between these two alignments
			Real Alignment 34: 1178310 1181177 | 503440 506299 | 2868 2860 | 96.2 | NC_009566.1_Haemophilus_influenzae_PittEE__complete_genome NODE_15_length_1150785_cov_139.851166
			  Overlap between these two alignments (local misassembly). Inconsistency = -58 
			Real Alignment 35: 1188610 1207899 | 513790 533089 | 19290 19300 | 95.61 | NC_009566.1_Haemophilus_influenzae_PittEE__complete_genome NODE_15_length_1150785_cov_139.851166
			  Extensive misassembly ( relocation, inconsistency = -652908 ) between these two alignments
			Real Alignment 36: 557305 558342 | 536442 535403 | 1038 1040 | 95.4 | NC_009566.1_Haemophilus_influenzae_PittEE__complete_genome NODE_15_length_1150785_cov_139.851166
			  Extensive misassembly ( relocation, inconsistency = 8528 ) between these two alignments
			Real Alignment 37: 544654 544931 | 540565 540288 | 278 278 | 96.04 | NC_009566.1_Haemophilus_influenzae_PittEE__complete_genome NODE_15_length_1150785_cov_139.851166
			  Extensive misassembly ( relocation, inconsistency = -105634 ) between these two alignments
			Real Alignment 38: 441661 460089 | 542929 561354 | 18429 18426 | 96.59 | NC_009566.1_Haemophilus_influenzae_PittEE__complete_genome NODE_15_length_1150785_cov_139.851166
			  Extensive misassembly ( relocation, inconsistency = 116827 ) between these two alignments
			Real Alignment 39: 579760 584522 | 568961 564198 | 4763 4764 | 95.68 | NC_009566.1_Haemophilus_influenzae_PittEE__complete_genome NODE_15_length_1150785_cov_139.851166
			  Gap between these two alignments (local misassembly). Inconsistency = 38 
			Real Alignment 40: 567962 579223 | 580737 569460 | 11262 11278 | 95.08 | NC_009566.1_Haemophilus_influenzae_PittEE__complete_genome NODE_15_length_1150785_cov_139.851166
			  Extensive misassembly ( relocation, inconsistency = -2868 ) between these two alignments
			Real Alignment 41: 566788 567934 | 584779 583633 | 1147 1147 | 96.52 | NC_009566.1_Haemophilus_influenzae_PittEE__complete_genome NODE_15_length_1150785_cov_139.851166
			  Extensive misassembly ( relocation, inconsistency = 1065340 ) between these two alignments
			Real Alignment 42: 1635095 1635183 | 586600 586688 | 89 89 | 100.0 | NC_009566.1_Haemophilus_influenzae_PittEE__complete_genome NODE_15_length_1150785_cov_139.851166
			  Extensive misassembly ( relocation, inconsistency = -1151056 ) between these two alignments
			Real Alignment 43: 486419 507908 | 610430 588980 | 21490 21451 | 97.03 | NC_009566.1_Haemophilus_influenzae_PittEE__complete_genome NODE_15_length_1150785_cov_139.851166
			  Extensive misassembly ( relocation, inconsistency = -41453 ) between these two alignments
			Real Alignment 44: 466503 474005 | 610478 617976 | 7503 7499 | 96.39 | NC_009566.1_Haemophilus_influenzae_PittEE__complete_genome NODE_15_length_1150785_cov_139.851166
			  Overlap between these two alignments (local misassembly). Inconsistency = -710 
			Excluding internal overlap of size 11 between Alignment 45 and 46:  474059 482746 | 618740 627425 | 8688 8686 --> 474059 482735 | 618740 627414 | 8677 8675
			Real Alignment 45: 474059 482735 | 618740 627414 | 8677 8675 | 96.07 | NC_009566.1_Haemophilus_influenzae_PittEE__complete_genome NODE_15_length_1150785_cov_139.851166
			  Extensive misassembly ( relocation, inconsistency = 790725 ) between these two alignments
			Real Alignment 46: 1273461 1299543 | 627415 653480 | 26083 26066 | 98.93 | NC_009566.1_Haemophilus_influenzae_PittEE__complete_genome NODE_15_length_1150785_cov_139.851166
			  Gap between these two alignments (local misassembly). Inconsistency = 230 
			Real Alignment 47: 1299828 1307873 | 653535 661573 | 8046 8039 | 96.95 | NC_009566.1_Haemophilus_influenzae_PittEE__complete_genome NODE_15_length_1150785_cov_139.851166
			  Overlap between these two alignments (local misassembly). Inconsistency = -2 
			Real Alignment 48: 1307996 1318753 | 661698 672453 | 10758 10756 | 97.7 | NC_009566.1_Haemophilus_influenzae_PittEE__complete_genome NODE_15_length_1150785_cov_139.851166
			  Extensive misassembly ( relocation, inconsistency = 1410 ) between these two alignments
			Real Alignment 49: 1333643 1343719 | 685933 696021 | 10077 10089 | 97.14 | NC_009566.1_Haemophilus_influenzae_PittEE__complete_genome NODE_15_length_1150785_cov_139.851166
			  Extensive misassembly ( relocation, inconsistency = -267711 ) between these two alignments
			Real Alignment 50: 1087884 1088103 | 708116 707897 | 220 220 | 97.73 | NC_009566.1_Haemophilus_influenzae_PittEE__complete_genome NODE_15_length_1150785_cov_139.851166
			  Overlap between these two alignments (local misassembly). Inconsistency = -950 
			Real Alignment 51: 1087373 1087884 | 709578 709066 | 512 513 | 97.27 | NC_009566.1_Haemophilus_influenzae_PittEE__complete_genome NODE_15_length_1150785_cov_139.851166
			  Extensive misassembly ( relocation, inconsistency = 218469 ) between these two alignments
			Excluding internal overlap of size 14 between Alignment 52 and 53:  1360450 1360627 | 763675 763853 | 178 179 --> 1360450 1360613 | 763675 763839 | 164 165
			Real Alignment 52: 1360450 1360613 | 763675 763839 | 164 165 | 95.56 | NC_009566.1_Haemophilus_influenzae_PittEE__complete_genome NODE_15_length_1150785_cov_139.851166
			  Gap between these two alignments (local misassembly). Inconsistency = 416 
			Real Alignment 53: 1361030 1379987 | 763840 782771 | 18958 18932 | 95.36 | NC_009566.1_Haemophilus_influenzae_PittEE__complete_genome NODE_15_length_1150785_cov_139.851166
			  Overlap between these two alignments (local misassembly). Inconsistency = -308 
			Real Alignment 54: 1379681 1379856 | 782773 782948 | 176 176 | 96.59 | NC_009566.1_Haemophilus_influenzae_PittEE__complete_genome NODE_15_length_1150785_cov_139.851166
			  Gap between these two alignments (local misassembly). Inconsistency = 437 
			Real Alignment 55: 1396407 1396598 | 799062 799253 | 192 192 | 96.35 | NC_009566.1_Haemophilus_influenzae_PittEE__complete_genome NODE_15_length_1150785_cov_139.851166
			  Gap between these two alignments (local misassembly). Inconsistency = 396 
			Real Alignment 56: 1397234 1413905 | 799493 816142 | 16672 16650 | 95.97 | NC_009566.1_Haemophilus_influenzae_PittEE__complete_genome NODE_15_length_1150785_cov_139.851166
			  Extensive misassembly ( relocation, inconsistency = -2404 ) between these two alignments
			Real Alignment 57: 1413941 1435202 | 818582 839827 | 21262 21246 | 95.94 | NC_009566.1_Haemophilus_influenzae_PittEE__complete_genome NODE_15_length_1150785_cov_139.851166
			  Extensive misassembly ( relocation, inconsistency = 4288 ) between these two alignments
			Real Alignment 58: 1465997 1500821 | 866334 901146 | 34825 34813 | 95.19 | NC_009566.1_Haemophilus_influenzae_PittEE__complete_genome NODE_15_length_1150785_cov_139.851166
			  Extensive misassembly ( relocation, inconsistency = 55805 ) between these two alignments
			Real Alignment 59: 1556725 1557920 | 901245 902440 | 1196 1196 | 96.91 | NC_009566.1_Haemophilus_influenzae_PittEE__complete_genome NODE_15_length_1150785_cov_139.851166
			  Extensive misassembly ( relocation, inconsistency = -1199 ) between these two alignments
			Real Alignment 60: 1576197 1610368 | 921916 956069 | 34172 34154 | 96.99 | NC_009566.1_Haemophilus_influenzae_PittEE__complete_genome NODE_15_length_1150785_cov_139.851166
			  Extensive misassembly ( relocation, inconsistency = 4378 ) between these two alignments
			Real Alignment 61: 1619957 1627654 | 961280 968997 | 7698 7718 | 95.35 | NC_009566.1_Haemophilus_influenzae_PittEE__complete_genome NODE_15_length_1150785_cov_139.851166
			  Extensive misassembly ( relocation, inconsistency = -1486392 ) between these two alignments
			Real Alignment 62: 141274 146161 | 973898 969009 | 4888 4890 | 95.34 | NC_009566.1_Haemophilus_influenzae_PittEE__complete_genome NODE_15_length_1150785_cov_139.851166
			  Extensive misassembly ( relocation, inconsistency = 1473117 ) between these two alignments
			Real Alignment 63: 1627799 1634113 | 982419 988731 | 6315 6313 | 95.8 | NC_009566.1_Haemophilus_influenzae_PittEE__complete_genome NODE_15_length_1150785_cov_139.851166
			  Extensive misassembly ( relocation, inconsistency = 72675 ) between these two alignments
			Excluding internal overlap of size 116 between Alignment 64 and 65:  1718008 1719912 | 1001853 999951 | 1905 1903 --> 1718124 1719912 | 1001737 999951 | 1789 1787
			Real Alignment 64: 1718124 1719912 | 1001737 999951 | 1789 1787 | 96.17 | NC_009566.1_Haemophilus_influenzae_PittEE__complete_genome NODE_15_length_1150785_cov_139.851166
			  Extensive misassembly ( relocation, inconsistency = -18234 ) between these two alignments
			Real Alignment 65: 1726045 1736357 | 1012063 1001738 | 10313 10326 | 97.02 | NC_009566.1_Haemophilus_influenzae_PittEE__complete_genome NODE_15_length_1150785_cov_139.851166
			  Extensive misassembly ( relocation, inconsistency = 8114 ) between these two alignments
			Real Alignment 66: 1715933 1717912 | 1014049 1012082 | 1980 1968 | 95.56 | NC_009566.1_Haemophilus_influenzae_PittEE__complete_genome NODE_15_length_1150785_cov_139.851166
			  Overlap between these two alignments (local misassembly). Inconsistency = -496 
			Real Alignment 67: 1704054 1715937 | 1026457 1014541 | 11884 11917 | 95.31 | NC_009566.1_Haemophilus_influenzae_PittEE__complete_genome NODE_15_length_1150785_cov_139.851166
			  Extensive misassembly ( relocation, inconsistency = -3108 ) between these two alignments
			Real Alignment 68: 1692918 1704095 | 1040689 1029524 | 11178 11166 | 96.28 | NC_009566.1_Haemophilus_influenzae_PittEE__complete_genome NODE_15_length_1150785_cov_139.851166
			  Gap between these two alignments (local misassembly). Inconsistency = 12 
			Real Alignment 69: 1684291 1692600 | 1049333 1040995 | 8310 8339 | 97.39 | NC_009566.1_Haemophilus_influenzae_PittEE__complete_genome NODE_15_length_1150785_cov_139.851166
			  Extensive misassembly ( relocation, inconsistency = 1576836 ) between these two alignments
			Real Alignment 70: 59147 64562 | 1097662 1092226 | 5416 5437 | 95.37 | NC_009566.1_Haemophilus_influenzae_PittEE__complete_genome NODE_15_length_1150785_cov_139.851166
			  Extensive misassembly ( relocation, inconsistency = 1667082 ) between these two alignments
			Real Alignment 71: 1743215 1745447 | 1109233 1111456 | 2233 2224 | 95.66 | NC_009566.1_Haemophilus_influenzae_PittEE__complete_genome NODE_15_length_1150785_cov_139.851166
			  Overlap between these two alignments (local misassembly). Inconsistency = -199 
			Real Alignment 72: 1745448 1748033 | 1111656 1114253 | 2586 2598 | 95.66 | NC_009566.1_Haemophilus_influenzae_PittEE__complete_genome NODE_15_length_1150785_cov_139.851166
			  Extensive misassembly ( relocation, inconsistency = -665577 ) between these two alignments
			Real Alignment 73: 1086334 1086465 | 1118131 1118262 | 132 132 | 97.73 | NC_009566.1_Haemophilus_influenzae_PittEE__complete_genome NODE_15_length_1150785_cov_139.851166
			  Extensive misassembly ( relocation, inconsistency = 666680 ) between these two alignments
			Real Alignment 74: 1773352 1785422 | 1138469 1150533 | 12071 12065 | 95.16 | NC_009566.1_Haemophilus_influenzae_PittEE__complete_genome NODE_15_length_1150785_cov_139.851166

CONTIG: NODE_16_length_1163_cov_286.803101 (1289bp)
Top Length: 1276  Top ID: 96.79
			Skipping redundant alignments after choosing the best set of alignments
		Skipping redundant alignment 1786119 1787395 | 14 1289 | 1277 1276 | 96.79 | NC_009566.1_Haemophilus_influenzae_PittEE__complete_genome NODE_16_length_1163_cov_286.803101
		This contig is partially unaligned. (Aligned 1276 out of 1289 bases)
		Alignment: 16822 18097 | 1289 14 | 1276 1276 | 96.55 | NC_009566.1_Haemophilus_influenzae_PittEE__complete_genome NODE_16_length_1163_cov_286.803101
		Unaligned bases: 1 to 13 (13)

CONTIG: NODE_17_length_551_cov_403.508179 (677bp)
Top Length: 126  Top ID: 98.41
			Skipping redundant alignments after choosing the best set of alignments
		Skipping redundant alignment 411015 411140 | 677 552 | 126 126 | 98.41 | NC_009566.1_Haemophilus_influenzae_PittEE__complete_genome NODE_17_length_551_cov_403.508179
		Skipping redundant alignment 411322 411449 | 128 1 | 128 128 | 95.31 | NC_009566.1_Haemophilus_influenzae_PittEE__complete_genome NODE_17_length_551_cov_403.508179
		Skipping redundant alignment 1801977 1802104 | 1 128 | 128 128 | 95.31 | NC_009566.1_Haemophilus_influenzae_PittEE__complete_genome NODE_17_length_551_cov_403.508179
		Skipping redundant alignment 1802286 1802411 | 552 677 | 126 126 | 98.41 | NC_009566.1_Haemophilus_influenzae_PittEE__complete_genome NODE_17_length_551_cov_403.508179
		This contig is misassembled. 6 total aligns.
			Warning! This contig is more unaligned than misassembled. Contig length is 677 and total length of all aligns is 254
		Alignment: 378178 378305 | 128 1 | 128 128 | 95.31 | NC_009566.1_Haemophilus_influenzae_PittEE__complete_genome NODE_17_length_551_cov_403.508179
		Alignment: 377871 377996 | 677 552 | 126 126 | 98.41 | NC_009566.1_Haemophilus_influenzae_PittEE__complete_genome NODE_17_length_551_cov_403.508179
		Unaligned bases: 423
Analyzing coverage...
Writing SNPs into /data/projects/Assembly/Aroon/reports/GCF_000016465.1_ASM1646v1_genomic/contigs_reports/nucmer_output/M10540_contigs.used_snps
	Reference NC_009566.1_Haemophilus_influenzae_PittEE__complete_genome: 130 total alignments. 1 total regions.
		Region: 1 to 1813033 (1813033 bp)
			START in gap: 1 to 11141 (11140 bp)
			Align 1: 11141 16947 NODE_3_length_25597_cov_176.608231 5830 1
				Negative gap (overlap) between this and next alignment: 16947 to 16822 (-125 bp)
				Next Alignment: 16822 18097 NODE_16_length_1163_cov_286.803101 1289 14

			Previous gap was negative, modifying coordinates to ignore overlap
				Moving contig start from 1289 to 1163.
			Align 2: 16948 18097 NODE_16_length_1163_cov_286.803101 1163 14
				Gap between this and next alignment: 18097 to 30504 (12406 bp)
				Next Alignment: 30504 30895 NODE_3_length_25597_cov_176.608231 13668 13277

			Align 3: 30504 30895 NODE_3_length_25597_cov_176.608231 13668 13277
				Gap between this and next alignment: 30895 to 31378 (482 bp)
				Next Alignment: 31378 39264 NODE_2_length_39119_cov_167.875656 11880 19767

			Align 4: 31378 39264 NODE_2_length_39119_cov_167.875656 11880 19767
				Gap between this and next alignment: 39264 to 59147 (19882 bp)
				Next Alignment: 59147 64562 NODE_15_length_1150785_cov_139.851166 1097662 1092226

			Align 5: 59147 64562 NODE_15_length_1150785_cov_139.851166 1097662 1092226
				Gap between this and next alignment: 64562 to 104696 (40133 bp)
				Next Alignment: 104696 105418 NODE_1_length_311333_cov_153.831482 25030 25751

			Align 6: 104696 105418 NODE_1_length_311333_cov_153.831482 25030 25751
				Negative gap (overlap) between this and next alignment: 105418 to 105418 (0 bp)
				Next Alignment: 105418 116178 NODE_1_length_311333_cov_153.831482 25897 36656

			Previous gap was negative, modifying coordinates to ignore overlap
				Moving contig start from 25897 to 25898.
			Align 7: 105419 116178 NODE_1_length_311333_cov_153.831482 25898 36656
				Gap between this and next alignment: 116178 to 124273 (8094 bp)
				Next Alignment: 124273 132940 NODE_1_length_311333_cov_153.831482 36693 45338

			Align 8: 124273 132940 NODE_1_length_311333_cov_153.831482 36693 45338
				Gap between this and next alignment: 132940 to 141274 (8333 bp)
				Next Alignment: 141274 146161 NODE_15_length_1150785_cov_139.851166 973898 969009

			Align 9: 141274 146161 NODE_15_length_1150785_cov_139.851166 973898 969009
				Gap between this and next alignment: 146161 to 157452 (11290 bp)
				Next Alignment: 157452 168259 NODE_1_length_311333_cov_153.831482 132848 122046

			Align 10: 157452 168259 NODE_1_length_311333_cov_153.831482 132848 122046
				Gap between this and next alignment: 168259 to 175671 (7411 bp)
				Next Alignment: 175671 175751 NODE_1_length_311333_cov_153.831482 58206 58286

			Align 11: 175671 175751 NODE_1_length_311333_cov_153.831482 58206 58286
				Gap between this and next alignment: 175751 to 176201 (449 bp)
				Next Alignment: 176201 199123 NODE_1_length_311333_cov_153.831482 230467 253337

			Align 12: 176201 199123 NODE_1_length_311333_cov_153.831482 230467 253337
				Gap between this and next alignment: 199123 to 199758 (634 bp)
				Next Alignment: 199758 225708 NODE_1_length_311333_cov_153.831482 253987 279922

			Align 13: 199758 225708 NODE_1_length_311333_cov_153.831482 253987 279922
				Gap between this and next alignment: 225708 to 226211 (502 bp)
				Next Alignment: 226211 229984 NODE_1_length_311333_cov_153.831482 279923 283695

			Align 14: 226211 229984 NODE_1_length_311333_cov_153.831482 279923 283695
				Gap between this and next alignment: 229984 to 234632 (4647 bp)
				Next Alignment: 234632 244819 NODE_1_length_311333_cov_153.831482 82058 71870

			Align 15: 234632 244819 NODE_1_length_311333_cov_153.831482 82058 71870
				Negative gap (overlap) between this and next alignment: 244819 to 244782 (-37 bp)
				Next Alignment: 244782 252626 NODE_1_length_311333_cov_153.831482 71723 63880

			Previous gap was negative, modifying coordinates to ignore overlap
				Moving contig start from 71723 to 71685.
			Align 16: 244820 252626 NODE_1_length_311333_cov_153.831482 71685 63880
				Gap between this and next alignment: 252626 to 258047 (5420 bp)
				Next Alignment: 258047 261026 NODE_1_length_311333_cov_153.831482 63879 60900

			Align 17: 258047 261026 NODE_1_length_311333_cov_153.831482 63879 60900
				Gap between this and next alignment: 261026 to 263639 (2612 bp)
				Next Alignment: 263639 271392 NODE_1_length_311333_cov_153.831482 230466 222719

			Align 18: 263639 271392 NODE_1_length_311333_cov_153.831482 230466 222719
				The next alignment (263729 263827 NODE_4_length_186812_cov_140.254013 130615 130713) is redundant. Skipping.
				Gap between this and next alignment: 271392 to 276254 (4861 bp)
				Next Alignment: 276254 296172 NODE_1_length_311333_cov_153.831482 222642 202726

			Align 20: 276254 296172 NODE_1_length_311333_cov_153.831482 222642 202726
				Gap between this and next alignment: 296172 to 296369 (196 bp)
				Next Alignment: 296369 336485 NODE_1_length_311333_cov_153.831482 202582 162415

			Align 21: 296369 336485 NODE_1_length_311333_cov_153.831482 202582 162415
				Negative gap (overlap) between this and next alignment: 336485 to 336477 (-8 bp)
				Next Alignment: 336477 345549 NODE_1_length_311333_cov_153.831482 162221 153129

			Previous gap was negative, modifying coordinates to ignore overlap
				Moving contig start from 162221 to 162212.
			Align 22: 336486 345549 NODE_1_length_311333_cov_153.831482 162212 153129
				Gap between this and next alignment: 345549 to 353552 (8002 bp)
				Next Alignment: 353552 366223 NODE_1_length_311333_cov_153.831482 121089 108414

			Align 23: 353552 366223 NODE_1_length_311333_cov_153.831482 121089 108414
				Gap between this and next alignment: 366223 to 367566 (1342 bp)
				Next Alignment: 367566 376214 NODE_7_length_50836_cov_155.284012 8649 4

			Align 24: 367566 376214 NODE_7_length_50836_cov_155.284012 8649 4
				Gap between this and next alignment: 376214 to 377871 (1656 bp)
				Next Alignment: 377871 377996 NODE_17_length_551_cov_403.508179 677 552

			Align 25: 377871 377996 NODE_17_length_551_cov_403.508179 677 552
				Gap between this and next alignment: 377996 to 378178 (181 bp)
				Next Alignment: 378178 378305 NODE_17_length_551_cov_403.508179 128 1

			Align 26: 378178 378305 NODE_17_length_551_cov_403.508179 128 1
				Gap between this and next alignment: 378305 to 381933 (3627 bp)
				Next Alignment: 381933 382017 NODE_1_length_311333_cov_153.831482 286785 286869

			Align 27: 381933 382017 NODE_1_length_311333_cov_153.831482 286785 286869
				The next alignment (381937 382017 NODE_1_length_311333_cov_153.831482 286889 286969) is redundant. Skipping.
				Gap between this and next alignment: 382017 to 390842 (8824 bp)
				Next Alignment: 390842 409370 NODE_5_length_26946_cov_145.931458 18546 3

			Align 29: 390842 409370 NODE_5_length_26946_cov_145.931458 18546 3
				The next alignment (393538 393617 NODE_1_length_311333_cov_153.831482 311252 311331) is redundant. Skipping.
				Negative gap (overlap) between this and next alignment: 409370 to 409277 (-93 bp)
				Next Alignment: 409277 409751 NODE_4_length_186812_cov_140.254013 473 1

			Previous gap was negative, modifying coordinates to ignore overlap
				Moving contig start from 473 to 380.
			Align 31: 409371 409751 NODE_4_length_186812_cov_140.254013 380 1
				Gap between this and next alignment: 409751 to 411324 (1572 bp)
				Next Alignment: 411324 412107 NODE_9_length_3328_cov_573.854553 3454 2671

			Align 32: 411324 412107 NODE_9_length_3328_cov_573.854553 3454 2671
				Gap between this and next alignment: 412107 to 412216 (108 bp)
				Next Alignment: 412216 414874 NODE_9_length_3328_cov_573.854553 2666 1

			Align 33: 412216 414874 NODE_9_length_3328_cov_573.854553 2666 1
				The next alignment (414749 414874 NODE_5_length_26946_cov_145.931458 27072 26947) is redundant. Skipping.
				Gap between this and next alignment: 414874 to 433913 (19038 bp)
				Next Alignment: 433913 441597 NODE_7_length_50836_cov_155.284012 34803 42476

			Align 35: 433913 441597 NODE_7_length_50836_cov_155.284012 34803 42476
				Gap between this and next alignment: 441597 to 441661 (63 bp)
				Next Alignment: 441661 460089 NODE_15_length_1150785_cov_139.851166 542929 561354

			Align 36: 441661 460089 NODE_15_length_1150785_cov_139.851166 542929 561354
				Gap between this and next alignment: 460089 to 466503 (6413 bp)
				Next Alignment: 466503 474005 NODE_15_length_1150785_cov_139.851166 610478 617976

			Align 37: 466503 474005 NODE_15_length_1150785_cov_139.851166 610478 617976
				Gap between this and next alignment: 474005 to 474059 (53 bp)
				Next Alignment: 474059 482735 NODE_15_length_1150785_cov_139.851166 618740 627414

			Align 38: 474059 482735 NODE_15_length_1150785_cov_139.851166 618740 627414
				Gap between this and next alignment: 482735 to 486419 (3683 bp)
				Next Alignment: 486419 507908 NODE_15_length_1150785_cov_139.851166 610430 588980

			Align 39: 486419 507908 NODE_15_length_1150785_cov_139.851166 610430 588980
				Gap between this and next alignment: 507908 to 513180 (5271 bp)
				Next Alignment: 513180 513264 NODE_5_length_26946_cov_145.931458 26776 26692

			Align 40: 513180 513264 NODE_5_length_26946_cov_145.931458 26776 26692
				Gap between this and next alignment: 513264 to 532643 (19378 bp)
				Next Alignment: 532643 534157 NODE_8_length_1388_cov_514.852295 1514 1

			Align 41: 532643 534157 NODE_8_length_1388_cov_514.852295 1514 1
				Gap between this and next alignment: 534157 to 544654 (10496 bp)
				Next Alignment: 544654 544931 NODE_15_length_1150785_cov_139.851166 540565 540288

			Align 42: 544654 544931 NODE_15_length_1150785_cov_139.851166 540565 540288
				Gap between this and next alignment: 544931 to 557305 (12373 bp)
				Next Alignment: 557305 558342 NODE_15_length_1150785_cov_139.851166 536442 535403

			Align 43: 557305 558342 NODE_15_length_1150785_cov_139.851166 536442 535403
				Gap between this and next alignment: 558342 to 558352 (9 bp)
				Next Alignment: 558352 566604 NODE_4_length_186812_cov_140.254013 30574 38826

			Align 44: 558352 566604 NODE_4_length_186812_cov_140.254013 30574 38826
				Gap between this and next alignment: 566604 to 566788 (183 bp)
				Next Alignment: 566788 567934 NODE_15_length_1150785_cov_139.851166 584779 583633

			Align 45: 566788 567934 NODE_15_length_1150785_cov_139.851166 584779 583633
				Gap between this and next alignment: 567934 to 567962 (27 bp)
				Next Alignment: 567962 579223 NODE_15_length_1150785_cov_139.851166 580737 569460

			Align 46: 567962 579223 NODE_15_length_1150785_cov_139.851166 580737 569460
				The next alignment (575892 576151 NODE_1_length_311333_cov_153.831482 299330 299590) is redundant. Skipping.
				The next alignment (576255 576336 NODE_1_length_311333_cov_153.831482 299591 299672) is redundant. Skipping.
				Gap between this and next alignment: 579223 to 579760 (536 bp)
				Next Alignment: 579760 584522 NODE_15_length_1150785_cov_139.851166 568961 564198

			Align 49: 579760 584522 NODE_15_length_1150785_cov_139.851166 568961 564198
				Gap between this and next alignment: 584522 to 616513 (31990 bp)
				Next Alignment: 616513 618310 NODE_4_length_186812_cov_140.254013 135666 133869

			Align 50: 616513 618310 NODE_4_length_186812_cov_140.254013 135666 133869
				Gap between this and next alignment: 618310 to 639155 (20844 bp)
				Next Alignment: 639155 662734 NODE_4_length_186812_cov_140.254013 111448 87869

			Align 51: 639155 662734 NODE_4_length_186812_cov_140.254013 111448 87869
				Gap between this and next alignment: 662734 to 662847 (112 bp)
				Next Alignment: 662847 668510 NODE_4_length_186812_cov_140.254013 13003 7344

			Align 52: 662847 668510 NODE_4_length_186812_cov_140.254013 13003 7344
				Gap between this and next alignment: 668510 to 675134 (6623 bp)
				Next Alignment: 675134 675257 NODE_1_length_311333_cov_153.831482 311334 311459

			Align 53: 675134 675257 NODE_1_length_311333_cov_153.831482 311334 311459
				Gap between this and next alignment: 675257 to 680957 (5699 bp)
				Next Alignment: 680957 681058 NODE_15_length_1150785_cov_139.851166 1 101

			Align 54: 680957 681058 NODE_15_length_1150785_cov_139.851166 1 101
				Gap between this and next alignment: 681058 to 681133 (74 bp)
				Next Alignment: 681133 685250 NODE_15_length_1150785_cov_139.851166 1224 5326

			Align 55: 681133 685250 NODE_15_length_1150785_cov_139.851166 1224 5326
				Gap between this and next alignment: 685250 to 688488 (3237 bp)
				Next Alignment: 688488 701331 NODE_15_length_1150785_cov_139.851166 16398 29263

			Align 56: 688488 701331 NODE_15_length_1150785_cov_139.851166 16398 29263
				Gap between this and next alignment: 701331 to 702762 (1430 bp)
				Next Alignment: 702762 707481 NODE_15_length_1150785_cov_139.851166 31306 36026

			Align 57: 702762 707481 NODE_15_length_1150785_cov_139.851166 31306 36026
				Gap between this and next alignment: 707481 to 707645 (163 bp)
				Next Alignment: 707645 719004 NODE_15_length_1150785_cov_139.851166 36027 47377

			Align 58: 707645 719004 NODE_15_length_1150785_cov_139.851166 36027 47377
				Gap between this and next alignment: 719004 to 734171 (15166 bp)
				Next Alignment: 734171 741729 NODE_15_length_1150785_cov_139.851166 62605 70163

			Align 59: 734171 741729 NODE_15_length_1150785_cov_139.851166 62605 70163
				Gap between this and next alignment: 741729 to 751501 (9771 bp)
				Next Alignment: 751501 767473 NODE_15_length_1150785_cov_139.851166 70167 86125

			Align 60: 751501 767473 NODE_15_length_1150785_cov_139.851166 70167 86125
				Gap between this and next alignment: 767473 to 785808 (18334 bp)
				Next Alignment: 785808 787340 NODE_15_length_1150785_cov_139.851166 503244 501712

			Align 61: 785808 787340 NODE_15_length_1150785_cov_139.851166 503244 501712
				Gap between this and next alignment: 787340 to 787641 (300 bp)
				Next Alignment: 787641 801666 NODE_15_length_1150785_cov_139.851166 501711 487645

			Align 62: 787641 801666 NODE_15_length_1150785_cov_139.851166 501711 487645
				Gap between this and next alignment: 801666 to 823110 (21443 bp)
				Next Alignment: 823110 823324 NODE_15_length_1150785_cov_139.851166 465595 465810

			Align 63: 823110 823324 NODE_15_length_1150785_cov_139.851166 465595 465810
				Gap between this and next alignment: 823324 to 847158 (23833 bp)
				Next Alignment: 847158 853754 NODE_15_length_1150785_cov_139.851166 442759 436169

			Align 64: 847158 853754 NODE_15_length_1150785_cov_139.851166 442759 436169
				Gap between this and next alignment: 853754 to 854633 (878 bp)
				Next Alignment: 854633 855058 NODE_15_length_1150785_cov_139.851166 397986 397562

			Align 65: 854633 855058 NODE_15_length_1150785_cov_139.851166 397986 397562
				Gap between this and next alignment: 855058 to 905568 (50509 bp)
				Next Alignment: 905568 933155 NODE_15_length_1150785_cov_139.851166 317031 289451

			Align 66: 905568 933155 NODE_15_length_1150785_cov_139.851166 317031 289451
				Gap between this and next alignment: 933155 to 933190 (34 bp)
				Next Alignment: 933190 939287 NODE_15_length_1150785_cov_139.851166 289236 283159

			Align 67: 933190 939287 NODE_15_length_1150785_cov_139.851166 289236 283159
				Negative gap (overlap) between this and next alignment: 939287 to 939285 (-2 bp)
				Next Alignment: 939285 940668 NODE_15_length_1150785_cov_139.851166 282768 281387

			Previous gap was negative, modifying coordinates to ignore overlap
				Moving contig start from 282768 to 282765.
			Align 68: 939288 940668 NODE_15_length_1150785_cov_139.851166 282765 281387
				Gap between this and next alignment: 940668 to 951941 (11272 bp)
				Next Alignment: 951941 952502 NODE_15_length_1150785_cov_139.851166 271220 270658

			Align 69: 951941 952502 NODE_15_length_1150785_cov_139.851166 271220 270658
				Gap between this and next alignment: 952502 to 967932 (15429 bp)
				Next Alignment: 967932 969103 NODE_15_length_1150785_cov_139.851166 266212 265042

			Align 70: 967932 969103 NODE_15_length_1150785_cov_139.851166 266212 265042
				Gap between this and next alignment: 969103 to 976010 (6906 bp)
				Next Alignment: 976010 977591 NODE_15_length_1150785_cov_139.851166 324719 326300

			Align 71: 976010 977591 NODE_15_length_1150785_cov_139.851166 324719 326300
				Gap between this and next alignment: 977591 to 977668 (76 bp)
				Next Alignment: 977668 991842 NODE_15_length_1150785_cov_139.851166 228459 214298

			Align 72: 977668 991842 NODE_15_length_1150785_cov_139.851166 228459 214298
				Negative gap (overlap) between this and next alignment: 991842 to 991833 (-9 bp)
				Next Alignment: 991833 994311 NODE_15_length_1150785_cov_139.851166 213263 210793

			Previous gap was negative, modifying coordinates to ignore overlap
				Moving contig start from 213263 to 213254.
			Align 73: 991843 994311 NODE_15_length_1150785_cov_139.851166 213254 210793
				Gap between this and next alignment: 994311 to 995383 (1071 bp)
				Next Alignment: 995383 996216 NODE_15_length_1150785_cov_139.851166 209005 208173

			Align 74: 995383 996216 NODE_15_length_1150785_cov_139.851166 209005 208173
				Gap between this and next alignment: 996216 to 1007928 (11711 bp)
				Next Alignment: 1007928 1012533 NODE_15_length_1150785_cov_139.851166 233076 228475

			Align 75: 1007928 1012533 NODE_15_length_1150785_cov_139.851166 233076 228475
				Gap between this and next alignment: 1012533 to 1012592 (58 bp)
				Next Alignment: 1012592 1021119 NODE_15_length_1150785_cov_139.851166 326304 334829

			Align 76: 1012592 1021119 NODE_15_length_1150785_cov_139.851166 326304 334829
				Gap between this and next alignment: 1021119 to 1030881 (9761 bp)
				Next Alignment: 1030881 1042634 NODE_15_length_1150785_cov_139.851166 337661 349410

			Align 77: 1030881 1042634 NODE_15_length_1150785_cov_139.851166 337661 349410
				Gap between this and next alignment: 1042634 to 1043307 (672 bp)
				Next Alignment: 1043307 1043743 NODE_15_length_1150785_cov_139.851166 194051 193611

			Align 78: 1043307 1043743 NODE_15_length_1150785_cov_139.851166 194051 193611
				Gap between this and next alignment: 1043743 to 1044776 (1032 bp)
				Next Alignment: 1044776 1060395 NODE_15_length_1150785_cov_139.851166 355588 371132

			Align 79: 1044776 1060395 NODE_15_length_1150785_cov_139.851166 355588 371132
				The next alignment (1057630 1057729 NODE_1_length_311333_cov_153.831482 103194 103293) is redundant. Skipping.
				Gap between this and next alignment: 1060395 to 1086334 (25938 bp)
				Next Alignment: 1086334 1086465 NODE_15_length_1150785_cov_139.851166 1118131 1118262

			Align 81: 1086334 1086465 NODE_15_length_1150785_cov_139.851166 1118131 1118262
				Gap between this and next alignment: 1086465 to 1087373 (907 bp)
				Next Alignment: 1087373 1087884 NODE_15_length_1150785_cov_139.851166 709578 709066

			Align 82: 1087373 1087884 NODE_15_length_1150785_cov_139.851166 709578 709066
				Negative gap (overlap) between this and next alignment: 1087884 to 1087884 (0 bp)
				Next Alignment: 1087884 1088103 NODE_15_length_1150785_cov_139.851166 708116 707897

			Previous gap was negative, modifying coordinates to ignore overlap
				Moving contig start from 708116 to 708115.
			Align 83: 1087885 1088103 NODE_15_length_1150785_cov_139.851166 708115 707897
				Gap between this and next alignment: 1088103 to 1088330 (226 bp)
				Next Alignment: 1088330 1088581 NODE_15_length_1150785_cov_139.851166 400110 399859

			Align 84: 1088330 1088581 NODE_15_length_1150785_cov_139.851166 400110 399859
				Gap between this and next alignment: 1088581 to 1097049 (8467 bp)
				Next Alignment: 1097049 1107763 NODE_15_length_1150785_cov_139.851166 170356 159613

			Align 85: 1097049 1107763 NODE_15_length_1150785_cov_139.851166 170356 159613
				Gap between this and next alignment: 1107763 to 1130069 (22305 bp)
				Next Alignment: 1130069 1146387 NODE_15_length_1150785_cov_139.851166 151491 135190

			Align 86: 1130069 1146387 NODE_15_length_1150785_cov_139.851166 151491 135190
				Gap between this and next alignment: 1146387 to 1157317 (10929 bp)
				Next Alignment: 1157317 1158215 NODE_15_length_1150785_cov_139.851166 121169 120272

			Align 87: 1157317 1158215 NODE_15_length_1150785_cov_139.851166 121169 120272
				Negative gap (overlap) between this and next alignment: 1158215 to 1158206 (-9 bp)
				Next Alignment: 1158206 1164913 NODE_15_length_1150785_cov_139.851166 119294 112592

			Previous gap was negative, modifying coordinates to ignore overlap
				Moving contig start from 119294 to 119284.
			Align 88: 1158216 1164913 NODE_15_length_1150785_cov_139.851166 119284 112592
				Gap between this and next alignment: 1164913 to 1167988 (3074 bp)
				Next Alignment: 1167988 1178099 NODE_15_length_1150785_cov_139.851166 112591 102498

			Align 89: 1167988 1178099 NODE_15_length_1150785_cov_139.851166 112591 102498
				Gap between this and next alignment: 1178099 to 1178310 (210 bp)
				Next Alignment: 1178310 1181177 NODE_15_length_1150785_cov_139.851166 503440 506299

			Align 90: 1178310 1181177 NODE_15_length_1150785_cov_139.851166 503440 506299
				Gap between this and next alignment: 1181177 to 1188610 (7432 bp)
				Next Alignment: 1188610 1207899 NODE_15_length_1150785_cov_139.851166 513790 533089

			Align 91: 1188610 1207899 NODE_15_length_1150785_cov_139.851166 513790 533089
				Gap between this and next alignment: 1207899 to 1211734 (3834 bp)
				Next Alignment: 1211734 1222597 NODE_4_length_186812_cov_140.254013 29238 18379

			Align 92: 1211734 1222597 NODE_4_length_186812_cov_140.254013 29238 18379
				Gap between this and next alignment: 1222597 to 1224430 (1832 bp)
				Next Alignment: 1224430 1225746 NODE_4_length_186812_cov_140.254013 14618 13303

			Align 93: 1224430 1225746 NODE_4_length_186812_cov_140.254013 14618 13303
				Gap between this and next alignment: 1225746 to 1235885 (10138 bp)
				Next Alignment: 1235885 1272953 NODE_4_length_186812_cov_140.254013 50841 87874

			Align 94: 1235885 1272953 NODE_4_length_186812_cov_140.254013 50841 87874
				Gap between this and next alignment: 1272953 to 1273461 (507 bp)
				Next Alignment: 1273461 1299543 NODE_15_length_1150785_cov_139.851166 627415 653480

			Align 95: 1273461 1299543 NODE_15_length_1150785_cov_139.851166 627415 653480
				Gap between this and next alignment: 1299543 to 1299828 (284 bp)
				Next Alignment: 1299828 1307873 NODE_15_length_1150785_cov_139.851166 653535 661573

			Align 96: 1299828 1307873 NODE_15_length_1150785_cov_139.851166 653535 661573
				Gap between this and next alignment: 1307873 to 1307996 (122 bp)
				Next Alignment: 1307996 1318753 NODE_15_length_1150785_cov_139.851166 661698 672453

			Align 97: 1307996 1318753 NODE_15_length_1150785_cov_139.851166 661698 672453
				Gap between this and next alignment: 1318753 to 1333643 (14889 bp)
				Next Alignment: 1333643 1343719 NODE_15_length_1150785_cov_139.851166 685933 696021

			Align 98: 1333643 1343719 NODE_15_length_1150785_cov_139.851166 685933 696021
				Gap between this and next alignment: 1343719 to 1360450 (16730 bp)
				Next Alignment: 1360450 1360613 NODE_15_length_1150785_cov_139.851166 763675 763839

			Align 99: 1360450 1360613 NODE_15_length_1150785_cov_139.851166 763675 763839
				Gap between this and next alignment: 1360613 to 1361030 (416 bp)
				Next Alignment: 1361030 1379987 NODE_15_length_1150785_cov_139.851166 763840 782771

			Align 100: 1361030 1379987 NODE_15_length_1150785_cov_139.851166 763840 782771
				The next alignment (1379681 1379856 NODE_15_length_1150785_cov_139.851166 782773 782948) is redundant. Skipping.
				Gap between this and next alignment: 1379987 to 1396407 (16419 bp)
				Next Alignment: 1396407 1396598 NODE_15_length_1150785_cov_139.851166 799062 799253

			Align 102: 1396407 1396598 NODE_15_length_1150785_cov_139.851166 799062 799253
				Gap between this and next alignment: 1396598 to 1397234 (635 bp)
				Next Alignment: 1397234 1413905 NODE_15_length_1150785_cov_139.851166 799493 816142

			Align 103: 1397234 1413905 NODE_15_length_1150785_cov_139.851166 799493 816142
				Gap between this and next alignment: 1413905 to 1413941 (35 bp)
				Next Alignment: 1413941 1435202 NODE_15_length_1150785_cov_139.851166 818582 839827

			Align 104: 1413941 1435202 NODE_15_length_1150785_cov_139.851166 818582 839827
				Gap between this and next alignment: 1435202 to 1465997 (30794 bp)
				Next Alignment: 1465997 1500821 NODE_15_length_1150785_cov_139.851166 866334 901146

			Align 105: 1465997 1500821 NODE_15_length_1150785_cov_139.851166 866334 901146
				Gap between this and next alignment: 1500821 to 1500984 (162 bp)
				Next Alignment: 1500984 1504502 NODE_1_length_311333_cov_153.831482 82059 85577

			Align 106: 1500984 1504502 NODE_1_length_311333_cov_153.831482 82059 85577
				Gap between this and next alignment: 1504502 to 1505557 (1054 bp)
				Next Alignment: 1505557 1506824 NODE_1_length_311333_cov_153.831482 85705 86972

			Align 107: 1505557 1506824 NODE_1_length_311333_cov_153.831482 85705 86972
				Gap between this and next alignment: 1506824 to 1506974 (149 bp)
				Next Alignment: 1506974 1520416 NODE_1_length_311333_cov_153.831482 87001 100402

			Align 108: 1506974 1520416 NODE_1_length_311333_cov_153.831482 87001 100402
				Gap between this and next alignment: 1520416 to 1547165 (26748 bp)
				Next Alignment: 1547165 1556677 NODE_7_length_50836_cov_155.284012 25230 34802

			Align 109: 1547165 1556677 NODE_7_length_50836_cov_155.284012 25230 34802
				Gap between this and next alignment: 1556677 to 1556725 (47 bp)
				Next Alignment: 1556725 1557920 NODE_15_length_1150785_cov_139.851166 901245 902440

			Align 110: 1556725 1557920 NODE_15_length_1150785_cov_139.851166 901245 902440
				Gap between this and next alignment: 1557920 to 1576197 (18276 bp)
				Next Alignment: 1576197 1610368 NODE_15_length_1150785_cov_139.851166 921916 956069

			Align 111: 1576197 1610368 NODE_15_length_1150785_cov_139.851166 921916 956069
				Gap between this and next alignment: 1610368 to 1619957 (9588 bp)
				Next Alignment: 1619957 1627654 NODE_15_length_1150785_cov_139.851166 961280 968997

			Align 112: 1619957 1627654 NODE_15_length_1150785_cov_139.851166 961280 968997
				Gap between this and next alignment: 1627654 to 1627799 (144 bp)
				Next Alignment: 1627799 1634113 NODE_15_length_1150785_cov_139.851166 982419 988731

			Align 113: 1627799 1634113 NODE_15_length_1150785_cov_139.851166 982419 988731
				Gap between this and next alignment: 1634113 to 1635095 (981 bp)
				Next Alignment: 1635095 1635183 NODE_15_length_1150785_cov_139.851166 586600 586688

			Align 114: 1635095 1635183 NODE_15_length_1150785_cov_139.851166 586600 586688
				The next alignment (1635096 1635183 NODE_15_length_1150785_cov_139.851166 86431 86344) is redundant. Skipping.
				Gap between this and next alignment: 1635183 to 1640044 (4860 bp)
				Next Alignment: 1640044 1646647 NODE_2_length_39119_cov_167.875656 29975 36578

			Align 116: 1640044 1646647 NODE_2_length_39119_cov_167.875656 29975 36578
				Gap between this and next alignment: 1646647 to 1651004 (4356 bp)
				Next Alignment: 1651004 1660081 NODE_1_length_311333_cov_153.831482 24997 15904

			Align 117: 1651004 1660081 NODE_1_length_311333_cov_153.831482 24997 15904
				Gap between this and next alignment: 1660081 to 1660597 (515 bp)
				Next Alignment: 1660597 1675824 NODE_1_length_311333_cov_153.831482 15213 1

			Align 118: 1660597 1675824 NODE_1_length_311333_cov_153.831482 15213 1
				Gap between this and next alignment: 1675824 to 1681665 (5840 bp)
				Next Alignment: 1681665 1684280 NODE_2_length_39119_cov_167.875656 39242 36629

			Align 119: 1681665 1684280 NODE_2_length_39119_cov_167.875656 39242 36629
				Gap between this and next alignment: 1684280 to 1684291 (10 bp)
				Next Alignment: 1684291 1692600 NODE_15_length_1150785_cov_139.851166 1049333 1040995

			Align 120: 1684291 1692600 NODE_15_length_1150785_cov_139.851166 1049333 1040995
				Gap between this and next alignment: 1692600 to 1692918 (317 bp)
				Next Alignment: 1692918 1704095 NODE_15_length_1150785_cov_139.851166 1040689 1029524

			Align 121: 1692918 1704095 NODE_15_length_1150785_cov_139.851166 1040689 1029524
				Negative gap (overlap) between this and next alignment: 1704095 to 1704054 (-41 bp)
				Next Alignment: 1704054 1715937 NODE_15_length_1150785_cov_139.851166 1026457 1014541

			Previous gap was negative, modifying coordinates to ignore overlap
				Moving contig start from 1026457 to 1026415.
			Align 122: 1704096 1715937 NODE_15_length_1150785_cov_139.851166 1026415 1014541
				Negative gap (overlap) between this and next alignment: 1715937 to 1715933 (-4 bp)
				Next Alignment: 1715933 1717912 NODE_15_length_1150785_cov_139.851166 1014049 1012082

			Previous gap was negative, modifying coordinates to ignore overlap
				Moving contig start from 1014049 to 1014044.
			Align 123: 1715938 1717912 NODE_15_length_1150785_cov_139.851166 1014044 1012082
				Gap between this and next alignment: 1717912 to 1718124 (211 bp)
				Next Alignment: 1718124 1719912 NODE_15_length_1150785_cov_139.851166 1001737 999951

			Align 124: 1718124 1719912 NODE_15_length_1150785_cov_139.851166 1001737 999951
				Gap between this and next alignment: 1719912 to 1726045 (6132 bp)
				Next Alignment: 1726045 1736357 NODE_15_length_1150785_cov_139.851166 1012063 1001738

			Align 125: 1726045 1736357 NODE_15_length_1150785_cov_139.851166 1012063 1001738
				Gap between this and next alignment: 1736357 to 1743215 (6857 bp)
				Next Alignment: 1743215 1745447 NODE_15_length_1150785_cov_139.851166 1109233 1111456

			Align 126: 1743215 1745447 NODE_15_length_1150785_cov_139.851166 1109233 1111456
				Next Alignment: 1745448 1748033 NODE_15_length_1150785_cov_139.851166 1111656 1114253

			Align 127: 1745448 1748033 NODE_15_length_1150785_cov_139.851166 1111656 1114253
				Gap between this and next alignment: 1748033 to 1773352 (25318 bp)
				Next Alignment: 1773352 1785422 NODE_15_length_1150785_cov_139.851166 1138469 1150533

			Align 128: 1773352 1785422 NODE_15_length_1150785_cov_139.851166 1138469 1150533
				Gap between this and next alignment: 1785422 to 1787270 (1847 bp)
				Next Alignment: 1787270 1796612 NODE_6_length_10068_cov_175.156143 10194 847

			Align 129: 1787270 1796612 NODE_6_length_10068_cov_175.156143 10194 847
				Gap between this and next alignment: 1796612 to 1803942 (7329 bp)
				Next Alignment: 1803942 1812001 NODE_3_length_25597_cov_176.608231 25722 17654

			Align 130: 1803942 1812001 NODE_3_length_25597_cov_176.608231 25722 17654
			END in gap: 1812001 to 1813033 (1032 bp)

Analysis is finished!
Founded SNPs were written into /data/projects/Assembly/Aroon/reports/GCF_000016465.1_ASM1646v1_genomic/contigs_reports/nucmer_output/M10540_contigs.used_snps

Results:
	Local Misassemblies: 32
	Misassemblies: 74
		Relocations: 74
		Translocations: 0
		Inversions: 0
	Misassembled Contigs: 5
	Misassembled Contig Bases: 1566127
	Misassemblies Inter-Contig Overlap: 0
Uncovered Regions: 0 (0)
Unaligned Contigs: 0 + 5 part
Partially Unaligned Contigs with Misassemblies: 3
Unaligned Contig Bases: 121292

Ambiguously Mapped Contigs: 1
Total Bases in Ambiguously Mapped Contigs: 1514
Note that --allow-ambiguity option was set to "one" and only first alignment per each contig was used.

	Covered Bases: 1005382

	SNPs: 36839
	Insertions: 1126
	Deletions: 1360

	Positive Gaps: 110
		Internal Gaps:  76
		External Gaps:  34
		External Gap Total:  276009
		External Gap Average: 8118
	Negative Gaps: 11
		Internal Overlaps:  9
		External Overlaps:  2
		External Overlaps Total: -218
		External Overlaps Average: -109
	Contigs with Redundant Alignments: 4 (1092)
