Aligning contigs to reference...
	Using existing Nucmer alignments...
Parsing coords...
Loading reference...
	Loaded [NC_009566.1_Haemophilus_influenzae_PittEE__complete_genome]
Loading SNPs...
Loading regions...
	No regions given, using whole reference.
	Total Regions: 1
	Total Region Length: 1813033
Analyzing contigs...
CONTIG: NODE_1_length_1866_cov_327.743286 (1992bp)
		This contig is unaligned. (1992 bp)
		Unaligned bases: 1992  total: 1992

CONTIG: NODE_4_length_14061_cov_138.316406 (14187bp)
		This contig is unaligned. (14187 bp)
		Unaligned bases: 14187  total: 16179

CONTIG: NODE_5_length_200242_cov_157.865829 (200368bp)
Top Length: 60300  Top ID: 97.68
		Skipping redundant alignment 521396 521474 | 7322 7400 | 79 79 | 100.0 | NC_009566.1_Haemophilus_influenzae_PittEE__complete_genome NODE_5_length_200242_cov_157.865829
		Skipping redundant alignment 575936 576014 | 7322 7400 | 79 79 | 100.0 | NC_009566.1_Haemophilus_influenzae_PittEE__complete_genome NODE_5_length_200242_cov_157.865829
		This contig is misassembled. 12 total aligns.
			Excluding internal overlap of size 15 between Alignment 1 and 2:  208807 211506 | 9924 7225 | 2700 2700 --> 208822 211506 | 9909 7225 | 2685 2685
			Real Alignment 1: 208822 211506 | 9909 7225 | 2685 2685 | 99.07 | NC_009566.1_Haemophilus_influenzae_PittEE__complete_genome NODE_5_length_200242_cov_157.865829
			  Overlap between these two alignments (local misassembly). Inconsistency = -96 
			Excluding internal overlap of size 8 between Alignment 2 and 3:  176201 186291 | 41826 31737 | 10091 10090 --> 176201 186283 | 41826 31745 | 10083 10082
			Real Alignment 2: 187046 208917 | 31744 9910 | 21872 21835 | 96.24 | NC_009566.1_Haemophilus_influenzae_PittEE__complete_genome NODE_5_length_200242_cov_157.865829
			  Gap between these two alignments (local misassembly). Inconsistency = 762 
			Real Alignment 3: 176201 186283 | 41826 31745 | 10083 10082 | 96.76 | NC_009566.1_Haemophilus_influenzae_PittEE__complete_genome NODE_5_length_200242_cov_157.865829
			  Overlap between these two alignments (local misassembly). Inconsistency = -54 
			Real Alignment 4: 141268 175925 | 76895 42156 | 34658 34740 | 96.8 | NC_009566.1_Haemophilus_influenzae_PittEE__complete_genome NODE_5_length_200242_cov_157.865829
			  Overlap between these two alignments (local misassembly). Inconsistency = -141 
			Real Alignment 5: 137196 141279 | 81108 77025 | 4084 4084 | 97.31 | NC_009566.1_Haemophilus_influenzae_PittEE__complete_genome NODE_5_length_200242_cov_157.865829
			  Extensive misassembly ( relocation, inconsistency = -3143 ) between these two alignments
			Real Alignment 6: 108270 137213 | 113176 84234 | 28944 28943 | 97.98 | NC_009566.1_Haemophilus_influenzae_PittEE__complete_genome NODE_5_length_200242_cov_157.865829
			  Overlap between these two alignments (local misassembly). Inconsistency = -15 
			Real Alignment 7: 47673 107829 | 173931 113632 | 60157 60300 | 97.68 | NC_009566.1_Haemophilus_influenzae_PittEE__complete_genome NODE_5_length_200242_cov_157.865829
			  Extensive misassembly ( relocation, inconsistency = 1933 ) between these two alignments
			Real Alignment 8: 40673 45692 | 178962 173979 | 5020 4984 | 97.39 | NC_009566.1_Haemophilus_influenzae_PittEE__complete_genome NODE_5_length_200242_cov_157.865829
			  Gap between these two alignments (local misassembly). Inconsistency = 430 
			Real Alignment 9: 31378 39268 | 187825 179937 | 7891 7889 | 98.57 | NC_009566.1_Haemophilus_influenzae_PittEE__complete_genome NODE_5_length_200242_cov_157.865829
			  Gap between these two alignments (local misassembly). Inconsistency = 877 
			Real Alignment 10: 17957 30499 | 200368 187827 | 12543 12542 | 96.99 | NC_009566.1_Haemophilus_influenzae_PittEE__complete_genome NODE_5_length_200242_cov_157.865829

CONTIG: NODE_6_length_305742_cov_137.956314 (305868bp)
Top Length: 43188  Top ID: 98.36
		Skipping redundant alignment 787677 787810 | 47475 47342 | 134 134 | 98.51 | NC_009566.1_Haemophilus_influenzae_PittEE__complete_genome NODE_6_length_305742_cov_137.956314
		This contig is misassembled. 13 total aligns.
			Excluding internal overlap of size 19 between Alignment 1 and 2:  1167989 1181154 | 37229 50397 | 13166 13169 --> 1168008 1181154 | 37248 50397 | 13147 13150
			Real Alignment 1: 1127682 1164933 | 1 37247 | 37252 37247 | 99.63 | NC_009566.1_Haemophilus_influenzae_PittEE__complete_genome NODE_6_length_305742_cov_137.956314
			  Extensive misassembly ( relocation, inconsistency = 3074 ) between these two alignments
			Real Alignment 2: 1168008 1181154 | 37248 50397 | 13147 13150 | 97.24 | NC_009566.1_Haemophilus_influenzae_PittEE__complete_genome NODE_6_length_305742_cov_137.956314
			  Overlap between these two alignments (local misassembly). Inconsistency = -52 
			Real Alignment 3: 1188610 1224331 | 57905 93551 | 35722 35647 | 96.18 | NC_009566.1_Haemophilus_influenzae_PittEE__complete_genome NODE_6_length_305742_cov_137.956314
			  Overlap between these two alignments (local misassembly). Inconsistency = -7 
			Real Alignment 4: 1224430 1245851 | 93657 115052 | 21422 21396 | 97.07 | NC_009566.1_Haemophilus_influenzae_PittEE__complete_genome NODE_6_length_305742_cov_137.956314
			  Overlap between these two alignments (local misassembly). Inconsistency = -163 
			Excluding internal overlap of size 167 between Alignment 5 and 6:  1292850 1299543 | 158206 164903 | 6694 6698 --> 1293017 1299543 | 158373 164903 | 6527 6531
			Real Alignment 5: 1245821 1289026 | 115185 158372 | 43206 43188 | 98.36 | NC_009566.1_Haemophilus_influenzae_PittEE__complete_genome NODE_6_length_305742_cov_137.956314
			  Extensive misassembly ( relocation, inconsistency = 3990 ) between these two alignments
			Real Alignment 6: 1293017 1299543 | 158373 164903 | 6527 6531 | 98.91 | NC_009566.1_Haemophilus_influenzae_PittEE__complete_genome NODE_6_length_305742_cov_137.956314
			  Gap between these two alignments (local misassembly). Inconsistency = 230 
			Real Alignment 7: 1299828 1307873 | 164958 172996 | 8046 8039 | 96.96 | NC_009566.1_Haemophilus_influenzae_PittEE__complete_genome NODE_6_length_305742_cov_137.956314
			  Overlap between these two alignments (local misassembly). Inconsistency = -2 
			Excluding internal overlap of size 35 between Alignment 8 and 9:  1333643 1344274 | 197384 208028 | 10632 10645 --> 1333678 1344274 | 197419 208028 | 10597 10610
			Real Alignment 8: 1307996 1332289 | 173121 197418 | 24294 24298 | 98.23 | NC_009566.1_Haemophilus_influenzae_PittEE__complete_genome NODE_6_length_305742_cov_137.956314
			  Extensive misassembly ( relocation, inconsistency = 1388 ) between these two alignments
			Real Alignment 9: 1333678 1344274 | 197419 208028 | 10597 10610 | 97.0 | NC_009566.1_Haemophilus_influenzae_PittEE__complete_genome NODE_6_length_305742_cov_137.956314
			  Extensive misassembly ( relocation, inconsistency = -3534 ) between these two alignments
			Real Alignment 10: 1361030 1384378 | 228318 251614 | 23349 23297 | 96.89 | NC_009566.1_Haemophilus_influenzae_PittEE__complete_genome NODE_6_length_305742_cov_137.956314
			  Gap between these two alignments (local misassembly). Inconsistency = 48 
			Real Alignment 11: 1385917 1390436 | 253105 257607 | 4520 4503 | 96.13 | NC_009566.1_Haemophilus_influenzae_PittEE__complete_genome NODE_6_length_305742_cov_137.956314
			  Overlap between these two alignments (local misassembly). Inconsistency = -770 
			Real Alignment 12: 1396978 1437625 | 264919 305508 | 40648 40590 | 96.31 | NC_009566.1_Haemophilus_influenzae_PittEE__complete_genome NODE_6_length_305742_cov_137.956314

CONTIG: NODE_9_length_10305_cov_156.146530 (10431bp)
Top Length: 9332  Top ID: 96.87
		Skipping redundant alignment 538125 538259 | 1 135 | 135 135 | 97.04 | NC_009566.1_Haemophilus_influenzae_PittEE__complete_genome NODE_9_length_10305_cov_156.146530
		Skipping redundant alignment 414750 414883 | 1 134 | 134 134 | 99.25 | NC_009566.1_Haemophilus_influenzae_PittEE__complete_genome NODE_9_length_10305_cov_156.146530
		Skipping redundant alignment 1675752 1675885 | 134 1 | 134 134 | 99.25 | NC_009566.1_Haemophilus_influenzae_PittEE__complete_genome NODE_9_length_10305_cov_156.146530
		Skipping redundant alignment 1798512 1798644 | 133 1 | 133 133 | 97.74 | NC_009566.1_Haemophilus_influenzae_PittEE__complete_genome NODE_9_length_10305_cov_156.146530
		Skipping redundant alignment 381638 381762 | 1 125 | 125 125 | 98.4 | NC_009566.1_Haemophilus_influenzae_PittEE__complete_genome NODE_9_length_10305_cov_156.146530
		Skipping redundant alignment 16821 16946 | 10306 10431 | 126 126 | 100.0 | NC_009566.1_Haemophilus_influenzae_PittEE__complete_genome NODE_9_length_10305_cov_156.146530
		This contig is misassembled. 8 total aligns.
			Real Alignment 1: 680914 681053 | 1 141 | 140 141 | 96.45 | NC_009566.1_Haemophilus_influenzae_PittEE__complete_genome NODE_9_length_10305_cov_156.146530
			  Extensive misassembly ( relocation, inconsistency = 1105259 ) between these two alignments
			Real Alignment 2: 1787271 1796612 | 10431 1100 | 9342 9332 | 96.87 | NC_009566.1_Haemophilus_influenzae_PittEE__complete_genome NODE_9_length_10305_cov_156.146530

CONTIG: NODE_10_length_70088_cov_157.618210 (70214bp)
Top Length: 13869  Top ID: 96.51
		Skipping redundant alignment 1717772 1718007 | 30200 29965 | 236 236 | 95.76 | NC_009566.1_Haemophilus_influenzae_PittEE__complete_genome NODE_10_length_70088_cov_157.618210
		Skipping redundant alignment 1743343 1743842 | 33309 32810 | 500 500 | 98.0 | NC_009566.1_Haemophilus_influenzae_PittEE__complete_genome NODE_10_length_70088_cov_157.618210
		Skipping redundant alignment 376069 376256 | 70027 70214 | 188 188 | 98.4 | NC_009566.1_Haemophilus_influenzae_PittEE__complete_genome NODE_10_length_70088_cov_157.618210
		Skipping redundant alignment 409245 409401 | 70059 70214 | 157 156 | 99.36 | NC_009566.1_Haemophilus_influenzae_PittEE__complete_genome NODE_10_length_70088_cov_157.618210
		Skipping redundant alignment 1804026 1804158 | 70214 70083 | 133 132 | 96.99 | NC_009566.1_Haemophilus_influenzae_PittEE__complete_genome NODE_10_length_70088_cov_157.618210
		This contig is misassembled. 12 total aligns.
			Excluding internal overlap of size 669 between Alignment 1 and 2:  1743215 1745613 | 14767 12366 | 2399 2402 --> 1743884 1745613 | 14098 12366 | 1730 1733
			Real Alignment 1: 1743884 1745613 | 14098 12366 | 1730 1733 | 97.09 | NC_009566.1_Haemophilus_influenzae_PittEE__complete_genome NODE_10_length_70088_cov_157.618210
			  Extensive misassembly ( relocation, inconsistency = 17289 ) between these two alignments
			Real Alignment 2: 1719912 1726594 | 20776 14099 | 6683 6678 | 97.4 | NC_009566.1_Haemophilus_influenzae_PittEE__complete_genome NODE_10_length_70088_cov_157.618210
			  Overlap between these two alignments (local misassembly). Inconsistency = -418 
			Excluding internal overlap of size 113 between Alignment 3 and 4:  1718008 1719912 | 23095 21194 | 1905 1902 --> 1718121 1719912 | 22982 21194 | 1792 1789
			Real Alignment 3: 1718121 1719912 | 22982 21194 | 1792 1789 | 97.27 | NC_009566.1_Haemophilus_influenzae_PittEE__complete_genome NODE_10_length_70088_cov_157.618210
			  Extensive misassembly ( relocation, inconsistency = -18234 ) between these two alignments
			Real Alignment 4: 1726045 1736354 | 33309 22983 | 10310 10327 | 97.93 | NC_009566.1_Haemophilus_influenzae_PittEE__complete_genome NODE_10_length_70088_cov_157.618210
			  Extensive misassembly ( relocation, inconsistency = 8114 ) between these two alignments
			Real Alignment 5: 1704054 1717930 | 47178 33310 | 13877 13869 | 96.51 | NC_009566.1_Haemophilus_influenzae_PittEE__complete_genome NODE_10_length_70088_cov_157.618210
			  Extensive misassembly ( relocation, inconsistency = -1424 ) between these two alignments
			Excluding internal overlap of size 1 between Alignment 6 and 7:  1695380 1699679 | 57276 52977 | 4300 4300 --> 1695381 1699679 | 57275 52977 | 4299 4299
			Real Alignment 6: 1695381 1699679 | 57275 52977 | 4299 4299 | 95.98 | NC_009566.1_Haemophilus_influenzae_PittEE__complete_genome NODE_10_length_70088_cov_157.618210
			  Gap between these two alignments (local misassembly). Inconsistency = 727 
			Real Alignment 7: 1681623 1694653 | 70214 57276 | 13031 12939 | 95.97 | NC_009566.1_Haemophilus_influenzae_PittEE__complete_genome NODE_10_length_70088_cov_157.618210

CONTIG: NODE_11_length_27693_cov_160.142822 (27819bp)
Top Length: 27819  Top ID: 98.9
		Marking as insignificant: 532311 532390 | 15863 15784 | 80 80 | 100.0 | NC_009566.1_Haemophilus_influenzae_PittEE__complete_genome NODE_11_length_27693_cov_160.142822
		Marking as insignificant: 513284 513364 | 27519 27439 | 81 81 | 100.0 | NC_009566.1_Haemophilus_influenzae_PittEE__complete_genome NODE_11_length_27693_cov_160.142822
		Marking as insignificant: 513180 513264 | 27523 27439 | 85 85 | 100.0 | NC_009566.1_Haemophilus_influenzae_PittEE__complete_genome NODE_11_length_27693_cov_160.142822
		Marking as insignificant: 1798520 1798645 | 27694 27819 | 126 126 | 98.41 | NC_009566.1_Haemophilus_influenzae_PittEE__complete_genome NODE_11_length_27693_cov_160.142822
		Marking as insignificant: 680913 681038 | 27819 27694 | 126 126 | 98.41 | NC_009566.1_Haemophilus_influenzae_PittEE__complete_genome NODE_11_length_27693_cov_160.142822
		Marking as insignificant: 538124 538249 | 27819 27694 | 126 126 | 98.41 | NC_009566.1_Haemophilus_influenzae_PittEE__complete_genome NODE_11_length_27693_cov_160.142822
		Marking as insignificant: 1675761 1675886 | 27694 27819 | 126 126 | 99.21 | NC_009566.1_Haemophilus_influenzae_PittEE__complete_genome NODE_11_length_27693_cov_160.142822
		Marking as insignificant: 414749 414874 | 27819 27694 | 126 126 | 99.21 | NC_009566.1_Haemophilus_influenzae_PittEE__complete_genome NODE_11_length_27693_cov_160.142822
		Marking as insignificant: 1804025 1804158 | 1 134 | 134 134 | 97.76 | NC_009566.1_Haemophilus_influenzae_PittEE__complete_genome NODE_11_length_27693_cov_160.142822
		Marking as insignificant: 675019 675162 | 145 1 | 144 145 | 97.24 | NC_009566.1_Haemophilus_influenzae_PittEE__complete_genome NODE_11_length_27693_cov_160.142822
		Marking as insignificant: 376101 376257 | 158 1 | 157 158 | 97.47 | NC_009566.1_Haemophilus_influenzae_PittEE__complete_genome NODE_11_length_27693_cov_160.142822
		Marking as insignificant: 1681622 1681779 | 1 158 | 158 158 | 100.0 | NC_009566.1_Haemophilus_influenzae_PittEE__complete_genome NODE_11_length_27693_cov_160.142822
		One align captures most of this contig: 381637 409402 | 27819 1 | 27766 27819 | 98.9 | NC_009566.1_Haemophilus_influenzae_PittEE__complete_genome NODE_11_length_27693_cov_160.142822

CONTIG: NODE_12_length_76973_cov_147.809525 (77099bp)
Top Length: 20363  Top ID: 96.88
		Skipping redundant alignment 43964 44057 | 29428 29335 | 94 94 | 100.0 | NC_009566.1_Haemophilus_influenzae_PittEE__complete_genome NODE_12_length_76973_cov_147.809525
		Skipping redundant alignment 233562 233638 | 29411 29335 | 77 77 | 100.0 | NC_009566.1_Haemophilus_influenzae_PittEE__complete_genome NODE_12_length_76973_cov_147.809525
		Skipping redundant alignment 43966 44056 | 29430 29340 | 91 91 | 100.0 | NC_009566.1_Haemophilus_influenzae_PittEE__complete_genome NODE_12_length_76973_cov_147.809525
		Skipping redundant alignment 233558 233637 | 29434 29356 | 80 79 | 98.75 | NC_009566.1_Haemophilus_influenzae_PittEE__complete_genome NODE_12_length_76973_cov_147.809525
		Skipping redundant alignment 877344 877784 | 43321 43757 | 441 437 | 97.28 | NC_009566.1_Haemophilus_influenzae_PittEE__complete_genome NODE_12_length_76973_cov_147.809525
		Skipping redundant alignment 878210 878799 | 43759 44348 | 590 590 | 97.8 | NC_009566.1_Haemophilus_influenzae_PittEE__complete_genome NODE_12_length_76973_cov_147.809525
		This contig is misassembled. 10 total aligns.
			Excluding internal overlap of size 6 between Alignment 1 and 2:  1085606 1086214 | 3622 3014 | 609 609 --> 1085606 1086208 | 3622 3020 | 603 603
			Real Alignment 1: 1087014 1088552 | 3019 1481 | 1539 1539 | 97.4 | NC_009566.1_Haemophilus_influenzae_PittEE__complete_genome NODE_12_length_76973_cov_147.809525
			  Gap between these two alignments (local misassembly). Inconsistency = 805 
			Real Alignment 2: 1085606 1086208 | 3622 3020 | 603 603 | 98.03 | NC_009566.1_Haemophilus_influenzae_PittEE__complete_genome NODE_12_length_76973_cov_147.809525
			  Extensive misassembly ( relocation, inconsistency = 2157 ) between these two alignments
			Real Alignment 3: 1060807 1081178 | 26255 5893 | 20372 20363 | 96.88 | NC_009566.1_Haemophilus_influenzae_PittEE__complete_genome NODE_12_length_76973_cov_147.809525
			  Overlap between these two alignments (local misassembly). Inconsistency = -2 
			Real Alignment 4: 1042716 1060390 | 44348 26674 | 17675 17675 | 98.2 | NC_009566.1_Haemophilus_influenzae_PittEE__complete_genome NODE_12_length_76973_cov_147.809525

CONTIG: NODE_13_length_61744_cov_120.733742 (61870bp)
Top Length: 26608  Top ID: 97.86
		Skipping redundant alignment 521614 521691 | 40032 39955 | 78 78 | 100.0 | NC_009566.1_Haemophilus_influenzae_PittEE__complete_genome NODE_13_length_61744_cov_120.733742
		Skipping redundant alignment 576257 576334 | 40032 39955 | 78 78 | 100.0 | NC_009566.1_Haemophilus_influenzae_PittEE__complete_genome NODE_13_length_61744_cov_120.733742
		Skipping redundant alignment 1675753 1675978 | 61642 61867 | 226 226 | 99.12 | NC_009566.1_Haemophilus_influenzae_PittEE__complete_genome NODE_13_length_61744_cov_120.733742
		Skipping redundant alignment 1798512 1798737 | 61642 61867 | 226 226 | 97.79 | NC_009566.1_Haemophilus_influenzae_PittEE__complete_genome NODE_13_length_61744_cov_120.733742
		Skipping redundant alignment 381545 381762 | 61867 61650 | 218 218 | 97.71 | NC_009566.1_Haemophilus_influenzae_PittEE__complete_genome NODE_13_length_61744_cov_120.733742
		This contig is misassembled. 8 total aligns.
			Excluding internal overlap of size 46 between Alignment 1 and 2:  731567 741762 | 10196 1 | 10196 10196 --> 731613 741762 | 10150 1 | 10150 10150
			Real Alignment 1: 731613 741762 | 10150 1 | 10150 10150 | 98.94 | NC_009566.1_Haemophilus_influenzae_PittEE__complete_genome NODE_13_length_61744_cov_120.733742
			  Fake misassembly between these two alignments: inconsistency = 63 , gap in the contig is small or absent or filled mostly with Ns (long indel: deletion of length 63; 0 mismatches)
			Real Alignment 2: 707525 731549 | 34173 10151 | 24025 24023 | 99.61 | NC_009566.1_Haemophilus_influenzae_PittEE__complete_genome NODE_13_length_61744_cov_120.733742
			  Overlap between these two alignments (local misassembly). Inconsistency = -994 
			Real Alignment 3: 680805 707432 | 61867 35260 | 26628 26608 | 97.86 | NC_009566.1_Haemophilus_influenzae_PittEE__complete_genome NODE_13_length_61744_cov_120.733742

CONTIG: NODE_14_length_6974_cov_267.165039 (7100bp)
		This contig is unaligned. (7100 bp)
		Unaligned bases: 7100  total: 23279

CONTIG: NODE_15_length_164826_cov_120.856506 (164952bp)
Top Length: 22170  Top ID: 97.46
		Skipping redundant alignment 1681603 1681811 | 1 208 | 209 208 | 97.61 | NC_009566.1_Haemophilus_influenzae_PittEE__complete_genome NODE_15_length_164826_cov_120.856506
		Skipping redundant alignment 409245 409421 | 176 1 | 177 176 | 97.74 | NC_009566.1_Haemophilus_influenzae_PittEE__complete_genome NODE_15_length_164826_cov_120.856506
		Skipping redundant alignment 675019 675181 | 163 1 | 163 163 | 98.16 | NC_009566.1_Haemophilus_influenzae_PittEE__complete_genome NODE_15_length_164826_cov_120.856506
		Skipping redundant alignment 1804006 1804158 | 1 152 | 153 152 | 96.08 | NC_009566.1_Haemophilus_influenzae_PittEE__complete_genome NODE_15_length_164826_cov_120.856506
		Skipping redundant alignment 296523 296813 | 90420 90130 | 291 291 | 98.63 | NC_009566.1_Haemophilus_influenzae_PittEE__complete_genome NODE_15_length_164826_cov_120.856506
		Skipping redundant alignment 620058 620156 | 117587 117685 | 99 99 | 100.0 | NC_009566.1_Haemophilus_influenzae_PittEE__complete_genome NODE_15_length_164826_cov_120.856506
		Skipping redundant alignment 1057630 1057729 | 142457 142358 | 100 100 | 100.0 | NC_009566.1_Haemophilus_influenzae_PittEE__complete_genome NODE_15_length_164826_cov_120.856506
		Skipping redundant alignment 43964 44057 | 142451 142358 | 94 94 | 100.0 | NC_009566.1_Haemophilus_influenzae_PittEE__complete_genome NODE_15_length_164826_cov_120.856506
		Skipping redundant alignment 1057633 1057728 | 142486 142391 | 96 96 | 100.0 | NC_009566.1_Haemophilus_influenzae_PittEE__complete_genome NODE_15_length_164826_cov_120.856506
		Skipping redundant alignment 43965 44056 | 142486 142395 | 92 92 | 100.0 | NC_009566.1_Haemophilus_influenzae_PittEE__complete_genome NODE_15_length_164826_cov_120.856506
		Skipping redundant alignment 223563 233637 | 152477 142407 | 10075 10071 | 96.98 | NC_009566.1_Haemophilus_influenzae_PittEE__complete_genome NODE_15_length_164826_cov_120.856506
		This contig is misassembled. 24 total aligns.
			Real Alignment 1: 366720 376276 | 9556 1 | 9557 9556 | 97.0 | NC_009566.1_Haemophilus_influenzae_PittEE__complete_genome NODE_15_length_164826_cov_120.856506
			  Gap between these two alignments (local misassembly). Inconsistency = 203 
			Real Alignment 2: 362924 366253 | 13149 9820 | 3330 3330 | 97.63 | NC_009566.1_Haemophilus_influenzae_PittEE__complete_genome NODE_15_length_164826_cov_120.856506
			  Fake misassembly between these two alignments: inconsistency = 46 , gap in the contig is small or absent or filled mostly with Ns (long indel: deletion of length 46; 39 mismatches)
			Excluding internal overlap of size 48 between Alignment 3 and 4:  347040 347495 | 28848 28393 | 456 456 --> 347040 347447 | 28848 28441 | 408 408
			Real Alignment 3: 347565 362792 | 28440 13235 | 15228 15206 | 95.91 | NC_009566.1_Haemophilus_influenzae_PittEE__complete_genome NODE_15_length_164826_cov_120.856506
			  Gap between these two alignments (local misassembly). Inconsistency = 117 
			Real Alignment 4: 347040 347447 | 28848 28441 | 408 408 | 96.93 | NC_009566.1_Haemophilus_influenzae_PittEE__complete_genome NODE_15_length_164826_cov_120.856506
			  Gap between these two alignments (local misassembly). Inconsistency = 2 
			Real Alignment 5: 336476 345285 | 39428 30601 | 8810 8828 | 95.44 | NC_009566.1_Haemophilus_influenzae_PittEE__complete_genome NODE_15_length_164826_cov_120.856506
			  Extensive misassembly ( relocation, inconsistency = -11511 ) between these two alignments
			Real Alignment 6: 321751 336381 | 65763 51034 | 14631 14730 | 95.28 | NC_009566.1_Haemophilus_influenzae_PittEE__complete_genome NODE_15_length_164826_cov_120.856506
			  Gap between these two alignments (local misassembly). Inconsistency = 852 
			Real Alignment 7: 314870 319700 | 71792 66962 | 4831 4831 | 98.26 | NC_009566.1_Haemophilus_influenzae_PittEE__complete_genome NODE_15_length_164826_cov_120.856506
			  Fake misassembly between these two alignments: inconsistency = -6 , gap in the contig is small or absent or filled mostly with Ns (long indel: insertion of length 6; 0 mismatches)
			Excluding internal overlap of size 583 between Alignment 8 and 9:  296231 314740 | 90420 71928 | 18510 18493 --> 296814 314740 | 89837 71928 | 17927 17910
			Real Alignment 8: 296814 314740 | 89837 71928 | 17927 17910 | 96.83 | NC_009566.1_Haemophilus_influenzae_PittEE__complete_genome NODE_15_length_164826_cov_120.856506
			  Gap between these two alignments (local misassembly). Inconsistency = 292 
			Real Alignment 9: 276840 296521 | 109515 89838 | 19682 19678 | 96.73 | NC_009566.1_Haemophilus_influenzae_PittEE__complete_genome NODE_15_length_164826_cov_120.856506
			  Extensive misassembly ( relocation, inconsistency = 4937 ) between these two alignments
			Real Alignment 10: 264285 271392 | 117130 110026 | 7108 7105 | 96.35 | NC_009566.1_Haemophilus_influenzae_PittEE__complete_genome NODE_15_length_164826_cov_120.856506
			  Gap between these two alignments (local misassembly). Inconsistency = 0 
			Excluding internal overlap of size 4 between Alignment 11 and 12:  258046 264144 | 123368 117271 | 6099 6098 --> 258050 264144 | 123364 117271 | 6095 6094
			Real Alignment 11: 258050 264144 | 123364 117271 | 6095 6094 | 97.38 | NC_009566.1_Haemophilus_influenzae_PittEE__complete_genome NODE_15_length_164826_cov_120.856506
			  Extensive misassembly ( relocation, inconsistency = 5420 ) between these two alignments
			Excluding internal overlap of size 24 between Alignment 12 and 13:  233562 252629 | 142434 123365 | 19068 19070 --> 233586 252629 | 142410 123365 | 19044 19046
			Real Alignment 12: 233586 252629 | 142410 123365 | 19044 19046 | 97.23 | NC_009566.1_Haemophilus_influenzae_PittEE__complete_genome NODE_15_length_164826_cov_120.856506
			  Fake misassembly between these two alignments: inconsistency = -52 , gap in the contig is small or absent or filled mostly with Ns (long indel: insertion of length 52; 0 mismatches)
			Real Alignment 13: 211458 233637 | 164580 142411 | 22180 22170 | 97.46 | NC_009566.1_Haemophilus_influenzae_PittEE__complete_genome NODE_15_length_164826_cov_120.856506

CONTIG: NODE_16_length_1623_cov_754.963623 (1749bp)
Top Length: 1749  Top ID: 98.29
		Marking as insignificant: 1800394 1800583 | 1 190 | 190 190 | 100.0 | NC_009566.1_Haemophilus_influenzae_PittEE__complete_genome NODE_16_length_1623_cov_754.963623
		Marking as insignificant: 412843 413032 | 190 1 | 190 190 | 100.0 | NC_009566.1_Haemophilus_influenzae_PittEE__complete_genome NODE_16_length_1623_cov_754.963623
		Marking as insignificant: 379699 379888 | 190 1 | 190 190 | 100.0 | NC_009566.1_Haemophilus_influenzae_PittEE__complete_genome NODE_16_length_1623_cov_754.963623
		Marking as insignificant: 378252 379690 | 1749 312 | 1439 1438 | 98.82 | NC_009566.1_Haemophilus_influenzae_PittEE__complete_genome NODE_16_length_1623_cov_754.963623
		Marking as insignificant: 1800592 1802030 | 312 1749 | 1439 1438 | 98.89 | NC_009566.1_Haemophilus_influenzae_PittEE__complete_genome NODE_16_length_1623_cov_754.963623
		Marking as insignificant: 411396 412834 | 1749 312 | 1439 1438 | 98.89 | NC_009566.1_Haemophilus_influenzae_PittEE__complete_genome NODE_16_length_1623_cov_754.963623
		This contig has 3 significant alignments. [An ambiguously mapped contig]
		Using only first of these alignment (option --ambiguity-usage is set to "one"):
		Alignment: 677398 679147 | 1749 1 | 1750 1749 | 98.29 | NC_009566.1_Haemophilus_influenzae_PittEE__complete_genome NODE_16_length_1623_cov_754.963623
		Skipping alignment  1677637 1679386 | 1 1749 | 1750 1749 | 98.29 | NC_009566.1_Haemophilus_influenzae_PittEE__complete_genome NODE_16_length_1623_cov_754.963623
		Skipping alignment  534658 536407 | 1749 1 | 1750 1749 | 98.23 | NC_009566.1_Haemophilus_influenzae_PittEE__complete_genome NODE_16_length_1623_cov_754.963623

CONTIG: NODE_17_length_678_cov_443.811218 (804bp)
Top Length: 804  Top ID: 98.14
		Marking as insignificant: 1802286 1802463 | 627 804 | 178 178 | 99.44 | NC_009566.1_Haemophilus_influenzae_PittEE__complete_genome NODE_17_length_678_cov_443.811218
		Marking as insignificant: 410963 411140 | 804 627 | 178 178 | 99.44 | NC_009566.1_Haemophilus_influenzae_PittEE__complete_genome NODE_17_length_678_cov_443.811218
		Marking as insignificant: 377819 377996 | 804 627 | 178 178 | 99.44 | NC_009566.1_Haemophilus_influenzae_PittEE__complete_genome NODE_17_length_678_cov_443.811218
		Marking as insignificant: 533980 534784 | 804 1 | 805 804 | 96.65 | NC_009566.1_Haemophilus_influenzae_PittEE__complete_genome NODE_17_length_678_cov_443.811218
		This contig has 2 significant alignments. [An ambiguously mapped contig]
		Using only first of these alignment (option --ambiguity-usage is set to "one"):
		Alignment: 1679260 1680064 | 1 804 | 805 804 | 98.14 | NC_009566.1_Haemophilus_influenzae_PittEE__complete_genome NODE_17_length_678_cov_443.811218
		Skipping alignment  676720 677524 | 804 1 | 805 804 | 97.64 | NC_009566.1_Haemophilus_influenzae_PittEE__complete_genome NODE_17_length_678_cov_443.811218

CONTIG: NODE_18_length_8645_cov_125.807518 (8771bp)
		This contig is unaligned. (8771 bp)
		Unaligned bases: 8771  total: 32050

CONTIG: NODE_19_length_4174_cov_148.450882 (4300bp)
Top Length: 352  Top ID: 95.74
		This contig is partially unaligned. (Aligned 352 out of 4300 bases)
		Alignment: 959724 960075 | 793 1144 | 352 352 | 95.74 | NC_009566.1_Haemophilus_influenzae_PittEE__complete_genome NODE_19_length_4174_cov_148.450882
		Unaligned bases: 1 to 792 (792)
		Unaligned bases: 1145 to 4300 (3156)

CONTIG: NODE_20_length_79421_cov_141.900635 (79547bp)
Top Length: 30810  Top ID: 96.17
		This contig is misassembled. 6 total aligns.
			Excluding internal overlap of size 9 between Alignment 1 and 2:  1028657 1042720 | 14431 374 | 14064 14058 --> 1028666 1042720 | 14422 374 | 14055 14049
			Real Alignment 1: 1028666 1042720 | 14422 374 | 14055 14049 | 98.59 | NC_009566.1_Haemophilus_influenzae_PittEE__complete_genome NODE_20_length_79421_cov_141.900635
			  Extensive misassembly ( relocation, inconsistency = 1309 ) between these two alignments
			Real Alignment 2: 996483 1027356 | 45232 14423 | 30874 30810 | 96.17 | NC_009566.1_Haemophilus_influenzae_PittEE__complete_genome NODE_20_length_79421_cov_141.900635
			  Overlap between these two alignments (local misassembly). Inconsistency = -561 
			Real Alignment 3: 991833 996259 | 50439 46017 | 4427 4423 | 98.15 | NC_009566.1_Haemophilus_influenzae_PittEE__complete_genome NODE_20_length_79421_cov_141.900635
			  Extensive misassembly ( relocation, inconsistency = -1043 ) between these two alignments
			Excluding internal overlap of size 2 between Alignment 4 and 5:  965728 967110 | 77110 75716 | 1383 1395 --> 965728 967108 | 77110 75718 | 1381 1393
			Real Alignment 4: 967549 991842 | 75717 51473 | 24294 24245 | 96.77 | NC_009566.1_Haemophilus_influenzae_PittEE__complete_genome NODE_20_length_79421_cov_141.900635
			  Gap between these two alignments (local misassembly). Inconsistency = 440 
			Real Alignment 5: 965728 967108 | 77110 75718 | 1381 1393 | 95.99 | NC_009566.1_Haemophilus_influenzae_PittEE__complete_genome NODE_20_length_79421_cov_141.900635
			  Overlap between these two alignments (local misassembly). Inconsistency = -869 
			Real Alignment 6: 964161 964375 | 79547 79332 | 215 216 | 98.15 | NC_009566.1_Haemophilus_influenzae_PittEE__complete_genome NODE_20_length_79421_cov_141.900635

CONTIG: NODE_21_length_3971_cov_270.450012 (4097bp)
		This contig is unaligned. (4097 bp)
		Unaligned bases: 4097  total: 36147

CONTIG: NODE_22_length_1236_cov_123.345467 (1362bp)
		This contig is unaligned. (1362 bp)
		Unaligned bases: 1362  total: 37509

CONTIG: NODE_23_length_2046_cov_141.985825 (2172bp)
		This contig is unaligned. (2172 bp)
		Unaligned bases: 2172  total: 39681

CONTIG: NODE_24_length_1136_cov_317.318665 (1262bp)
Top Length: 1262  Top ID: 99.21
		This contig has 2 significant alignments. [An ambiguously mapped contig]
		Using only first of these alignment (option --ambiguity-usage is set to "one"):
		Alignment: 16821 18082 | 1262 1 | 1262 1262 | 99.21 | NC_009566.1_Haemophilus_influenzae_PittEE__complete_genome NODE_24_length_1136_cov_317.318665
		Skipping alignment  1786135 1787396 | 1 1262 | 1262 1262 | 99.05 | NC_009566.1_Haemophilus_influenzae_PittEE__complete_genome NODE_24_length_1136_cov_317.318665

CONTIG: NODE_25_length_5391_cov_251.194031 (5517bp)
		This contig is unaligned. (5517 bp)
		Unaligned bases: 5517  total: 45198

CONTIG: NODE_26_length_1133_cov_637.275391 (1259bp)
Top Length: 1259  Top ID: 99.29
		This contig has 6 significant alignments. [An ambiguously mapped contig]
		Using only first of these alignment (option --ambiguity-usage is set to "one"):
		Alignment: 413034 414292 | 1 1259 | 1259 1259 | 99.29 | NC_009566.1_Haemophilus_influenzae_PittEE__complete_genome NODE_26_length_1133_cov_637.275391
		Skipping alignment  1799134 1800392 | 1259 1 | 1259 1259 | 99.29 | NC_009566.1_Haemophilus_influenzae_PittEE__complete_genome NODE_26_length_1133_cov_637.275391
		Skipping alignment  536409 537667 | 1 1259 | 1259 1259 | 98.89 | NC_009566.1_Haemophilus_influenzae_PittEE__complete_genome NODE_26_length_1133_cov_637.275391
		Skipping alignment  679149 680407 | 1 1259 | 1259 1259 | 98.89 | NC_009566.1_Haemophilus_influenzae_PittEE__complete_genome NODE_26_length_1133_cov_637.275391
		Skipping alignment  379890 381148 | 1 1259 | 1259 1259 | 98.81 | NC_009566.1_Haemophilus_influenzae_PittEE__complete_genome NODE_26_length_1133_cov_637.275391
		Skipping alignment  1676376 1677635 | 1259 1 | 1260 1259 | 98.81 | NC_009566.1_Haemophilus_influenzae_PittEE__complete_genome NODE_26_length_1133_cov_637.275391

CONTIG: NODE_27_length_520_cov_653.528870 (646bp)
Top Length: 646  Top ID: 95.83
		This contig has 3 significant alignments. [An ambiguously mapped contig]
		Using only first of these alignment (option --ambiguity-usage is set to "one"):
		Alignment: 1675856 1676501 | 1 646 | 646 646 | 95.83 | NC_009566.1_Haemophilus_influenzae_PittEE__complete_genome NODE_27_length_520_cov_653.528870
		Skipping alignment  381023 381667 | 646 1 | 645 646 | 95.06 | NC_009566.1_Haemophilus_influenzae_PittEE__complete_genome NODE_27_length_520_cov_653.528870
		Skipping alignment  1798615 1799259 | 1 646 | 645 646 | 95.06 | NC_009566.1_Haemophilus_influenzae_PittEE__complete_genome NODE_27_length_520_cov_653.528870

CONTIG: NODE_28_length_25356_cov_157.250427 (25482bp)
Top Length: 8361  Top ID: 97.86
		Skipping redundant alignment 675022 675326 | 309 1 | 305 309 | 98.38 | NC_009566.1_Haemophilus_influenzae_PittEE__complete_genome NODE_28_length_25356_cov_157.250427
		Skipping redundant alignment 409269 409568 | 299 1 | 300 299 | 99.33 | NC_009566.1_Haemophilus_influenzae_PittEE__complete_genome NODE_28_length_25356_cov_157.250427
		Skipping redundant alignment 376125 376424 | 299 1 | 300 299 | 98.67 | NC_009566.1_Haemophilus_influenzae_PittEE__complete_genome NODE_28_length_25356_cov_157.250427
		Skipping redundant alignment 1681458 1681755 | 1 299 | 298 299 | 98.33 | NC_009566.1_Haemophilus_influenzae_PittEE__complete_genome NODE_28_length_25356_cov_157.250427
		Skipping redundant alignment 532393 532586 | 195 1 | 194 195 | 97.96 | NC_009566.1_Haemophilus_influenzae_PittEE__complete_genome NODE_28_length_25356_cov_157.250427
		Skipping redundant alignment 1787271 1787396 | 25482 25357 | 126 126 | 98.41 | NC_009566.1_Haemophilus_influenzae_PittEE__complete_genome NODE_28_length_25356_cov_157.250427
		This contig is misassembled. 9 total aligns.
			Real Alignment 1: 1803858 1812210 | 1 8361 | 8353 8361 | 97.86 | NC_009566.1_Haemophilus_influenzae_PittEE__complete_genome NODE_28_length_25356_cov_157.250427
			  Extensive misassembly ( relocation, inconsistency = -1811876 ) between these two alignments
			Real Alignment 2: 4501 10389 | 12528 18413 | 5889 5886 | 95.76 | NC_009566.1_Haemophilus_influenzae_PittEE__complete_genome NODE_28_length_25356_cov_157.250427
			  Overlap between these two alignments (local misassembly). Inconsistency = -507 
			Real Alignment 3: 11138 16946 | 19669 25482 | 5809 5814 | 96.46 | NC_009566.1_Haemophilus_influenzae_PittEE__complete_genome NODE_28_length_25356_cov_157.250427

CONTIG: NODE_30_length_22329_cov_132.361191 (22455bp)
		This contig is unaligned. (22455 bp)
		Unaligned bases: 22455  total: 67653

CONTIG: NODE_31_length_433_cov_382.521942 (559bp)
Top Length: 559  Top ID: 98.04
		Marking as insignificant: 1679887 1680064 | 178 1 | 178 178 | 98.88 | NC_009566.1_Haemophilus_influenzae_PittEE__complete_genome NODE_31_length_433_cov_382.521942
		Marking as insignificant: 676720 676897 | 1 178 | 178 178 | 98.88 | NC_009566.1_Haemophilus_influenzae_PittEE__complete_genome NODE_31_length_433_cov_382.521942
		Marking as insignificant: 533980 534157 | 1 178 | 178 178 | 98.88 | NC_009566.1_Haemophilus_influenzae_PittEE__complete_genome NODE_31_length_433_cov_382.521942
		Marking as insignificant: 1679260 1679460 | 559 360 | 201 200 | 96.04 | NC_009566.1_Haemophilus_influenzae_PittEE__complete_genome NODE_31_length_433_cov_382.521942
		This contig has 3 significant alignments. [An ambiguously mapped contig]
		Using only first of these alignment (option --ambiguity-usage is set to "one"):
		Alignment: 377819 378378 | 1 559 | 560 559 | 98.04 | NC_009566.1_Haemophilus_influenzae_PittEE__complete_genome NODE_31_length_433_cov_382.521942
		Skipping alignment  410963 411522 | 1 559 | 560 559 | 98.04 | NC_009566.1_Haemophilus_influenzae_PittEE__complete_genome NODE_31_length_433_cov_382.521942
		Skipping alignment  1801904 1802463 | 559 1 | 560 559 | 98.04 | NC_009566.1_Haemophilus_influenzae_PittEE__complete_genome NODE_31_length_433_cov_382.521942

CONTIG: NODE_33_length_1214_cov_311.869843 (1340bp)
		This contig is unaligned. (1340 bp)
		Unaligned bases: 1340  total: 68993

CONTIG: NODE_35_length_62635_cov_154.319550 (62761bp)
Top Length: 29383  Top ID: 96.24
		This contig is misassembled. 4 total aligns.
			Real Alignment 1: 1087884 1088103 | 3350 3131 | 220 220 | 97.73 | NC_009566.1_Haemophilus_influenzae_PittEE__complete_genome NODE_35_length_62635_cov_154.319550
			  Overlap between these two alignments (local misassembly). Inconsistency = -950 
			Real Alignment 2: 1087373 1087883 | 4812 4301 | 511 512 | 95.51 | NC_009566.1_Haemophilus_influenzae_PittEE__complete_genome NODE_35_length_62635_cov_154.319550
			  Extensive misassembly ( relocation, inconsistency = 638095 ) between these two alignments
			Real Alignment 3: 1745609 1748033 | 24443 26865 | 2425 2423 | 99.09 | NC_009566.1_Haemophilus_influenzae_PittEE__complete_genome NODE_35_length_62635_cov_154.319550
			  Extensive misassembly ( relocation, inconsistency = 2377 ) between these two alignments
			Real Alignment 4: 1756924 1786260 | 33379 62761 | 29337 29383 | 96.24 | NC_009566.1_Haemophilus_influenzae_PittEE__complete_genome NODE_35_length_62635_cov_154.319550

CONTIG: NODE_37_length_790_cov_684.572144 (916bp)
Top Length: 915  Top ID: 100.0
		This contig has 6 significant alignments. [An ambiguously mapped contig]
		Using only first of these alignment (option --ambiguity-usage is set to "one"):
		Alignment: 377029 377943 | 1 915 | 915 915 | 100.0 | NC_009566.1_Haemophilus_influenzae_PittEE__complete_genome NODE_37_length_790_cov_684.572144
		Skipping alignment  410173 411087 | 1 915 | 915 915 | 100.0 | NC_009566.1_Haemophilus_influenzae_PittEE__complete_genome NODE_37_length_790_cov_684.572144
		Skipping alignment  533190 534104 | 1 915 | 915 915 | 100.0 | NC_009566.1_Haemophilus_influenzae_PittEE__complete_genome NODE_37_length_790_cov_684.572144
		Skipping alignment  675930 676844 | 1 915 | 915 915 | 100.0 | NC_009566.1_Haemophilus_influenzae_PittEE__complete_genome NODE_37_length_790_cov_684.572144
		Skipping alignment  1679940 1680854 | 915 1 | 915 915 | 100.0 | NC_009566.1_Haemophilus_influenzae_PittEE__complete_genome NODE_37_length_790_cov_684.572144
		Skipping alignment  1802339 1803253 | 915 1 | 915 915 | 100.0 | NC_009566.1_Haemophilus_influenzae_PittEE__complete_genome NODE_37_length_790_cov_684.572144

CONTIG: NODE_39_length_233014_cov_148.519196 (233140bp)
Top Length: 38456  Top ID: 97.03
		Skipping redundant alignment 414750 414949 | 1 195 | 200 195 | 95.5 | NC_009566.1_Haemophilus_influenzae_PittEE__complete_genome NODE_39_length_233014_cov_148.519196
		Skipping redundant alignment 680914 681046 | 1 133 | 133 133 | 98.5 | NC_009566.1_Haemophilus_influenzae_PittEE__complete_genome NODE_39_length_233014_cov_148.519196
		Skipping redundant alignment 381638 381762 | 1 125 | 125 125 | 98.4 | NC_009566.1_Haemophilus_influenzae_PittEE__complete_genome NODE_39_length_233014_cov_148.519196
		Skipping redundant alignment 996670 996737 | 38870 38803 | 68 68 | 100.0 | NC_009566.1_Haemophilus_influenzae_PittEE__complete_genome NODE_39_length_233014_cov_148.519196
		Skipping redundant alignment 996670 996737 | 38874 38807 | 68 68 | 100.0 | NC_009566.1_Haemophilus_influenzae_PittEE__complete_genome NODE_39_length_233014_cov_148.519196
		Skipping redundant alignment 433849 433918 | 113616 113547 | 70 70 | 100.0 | NC_009566.1_Haemophilus_influenzae_PittEE__complete_genome NODE_39_length_233014_cov_148.519196
		This contig is misassembled. 19 total aligns.
			Real Alignment 1: 1660438 1675885 | 15450 1 | 15448 15450 | 96.51 | NC_009566.1_Haemophilus_influenzae_PittEE__complete_genome NODE_39_length_233014_cov_148.519196
			  Gap between these two alignments (local misassembly). Inconsistency = 558 
			Real Alignment 2: 1649418 1650625 | 25908 24705 | 1208 1204 | 98.18 | NC_009566.1_Haemophilus_influenzae_PittEE__complete_genome NODE_39_length_233014_cov_148.519196
			  Extensive misassembly ( relocation, inconsistency = 1185 ) between these two alignments
			Excluding internal overlap of size 1 between Alignment 3 and 4:  1635096 1639792 | 38870 34197 | 4697 4674 --> 1635096 1639791 | 38870 34198 | 4696 4673
			Real Alignment 3: 1639943 1648162 | 34197 25979 | 8220 8219 | 99.37 | NC_009566.1_Haemophilus_influenzae_PittEE__complete_genome NODE_39_length_233014_cov_148.519196
			  Gap between these two alignments (local misassembly). Inconsistency = 151 
			Real Alignment 4: 1635096 1639791 | 38870 34198 | 4696 4673 | 98.55 | NC_009566.1_Haemophilus_influenzae_PittEE__complete_genome NODE_39_length_233014_cov_148.519196
			  Fake misassembly between these two alignments: inconsistency = -85 , gap in the contig is small or absent or filled mostly with Ns (long indel: insertion of length 85; 0 mismatches)
			Real Alignment 5: 1619944 1635035 | 54164 39016 | 15092 15149 | 95.83 | NC_009566.1_Haemophilus_influenzae_PittEE__complete_genome NODE_39_length_233014_cov_148.519196
			  Extensive misassembly ( relocation, inconsistency = 4378 ) between these two alignments
			Real Alignment 6: 1605238 1610373 | 64495 59357 | 5136 5139 | 98.85 | NC_009566.1_Haemophilus_influenzae_PittEE__complete_genome NODE_39_length_233014_cov_148.519196
			  Extensive misassembly ( relocation, inconsistency = -1061 ) between these two alignments
			Excluding internal overlap of size 11 between Alignment 7 and 8:  1595172 1605135 | 75623 65659 | 9964 9965 --> 1595183 1605135 | 75612 65659 | 9953 9954
			Real Alignment 7: 1595183 1605135 | 75612 65659 | 9953 9954 | 99.46 | NC_009566.1_Haemophilus_influenzae_PittEE__complete_genome NODE_39_length_233014_cov_148.519196
			  Gap between these two alignments (local misassembly). Inconsistency = 382 
			Real Alignment 8: 1562632 1594800 | 107799 75613 | 32169 32187 | 97.68 | NC_009566.1_Haemophilus_influenzae_PittEE__complete_genome NODE_39_length_233014_cov_148.519196
			  Gap between these two alignments (local misassembly). Inconsistency = 215 
			Real Alignment 9: 1547023 1562416 | 123203 107800 | 15394 15404 | 97.83 | NC_009566.1_Haemophilus_influenzae_PittEE__complete_genome NODE_39_length_233014_cov_148.519196
			  Overlap between these two alignments (local misassembly). Inconsistency = -144 
			Real Alignment 10: 1530510 1547023 | 139859 123347 | 16514 16513 | 97.06 | NC_009566.1_Haemophilus_influenzae_PittEE__complete_genome NODE_39_length_233014_cov_148.519196
			  Extensive misassembly ( relocation, inconsistency = 8891 ) between these two alignments
			Real Alignment 11: 1507000 1520416 | 154432 141062 | 13417 13371 | 97.82 | NC_009566.1_Haemophilus_influenzae_PittEE__complete_genome NODE_39_length_233014_cov_148.519196
			  Overlap between these two alignments (local misassembly). Inconsistency = -709 
			Real Alignment 12: 1466003 1504502 | 196094 157639 | 38500 38456 | 97.03 | NC_009566.1_Haemophilus_influenzae_PittEE__complete_genome NODE_39_length_233014_cov_148.519196
			  Extensive misassembly ( relocation, inconsistency = 2943 ) between these two alignments
			Real Alignment 13: 1437620 1460168 | 221515 198986 | 22549 22530 | 96.15 | NC_009566.1_Haemophilus_influenzae_PittEE__complete_genome NODE_39_length_233014_cov_148.519196

CONTIG: NODE_40_length_1253_cov_141.162811 (1379bp)
		This contig is unaligned. (1379 bp)
		Unaligned bases: 1379  total: 70372

CONTIG: NODE_41_length_3788_cov_277.582367 (3914bp)
		This contig is unaligned. (3914 bp)
		Unaligned bases: 3914  total: 74286

CONTIG: NODE_42_length_780_cov_246.939743 (906bp)
		This contig is unaligned. (906 bp)
		Unaligned bases: 906  total: 75192

CONTIG: NODE_43_length_729_cov_299.320984 (855bp)
		This contig is unaligned. (855 bp)
		Unaligned bases: 855  total: 76047

CONTIG: NODE_46_length_410_cov_254.624390 (536bp)
		This contig is unaligned. (536 bp)
		Unaligned bases: 536  total: 76583

CONTIG: NODE_47_length_906_cov_336.151215 (1032bp)
		This contig is unaligned. (1032 bp)
		Unaligned bases: 1032  total: 77615

CONTIG: NODE_48_length_609_cov_328.308716 (735bp)
Top Length: 735  Top ID: 95.37
		One align captures most of this contig: 963553 964286 | 735 1 | 734 735 | 95.37 | NC_009566.1_Haemophilus_influenzae_PittEE__complete_genome NODE_48_length_609_cov_328.308716

CONTIG: NODE_49_length_417_cov_291.045563 (543bp)
		This contig is unaligned. (543 bp)
		Unaligned bases: 543  total: 78158

CONTIG: NODE_50_length_111947_cov_114.293762 (112073bp)
Top Length: 41573  Top ID: 97.81
		Skipping redundant alignment 537542 538313 | 1 759 | 772 759 | 95.74 | NC_009566.1_Haemophilus_influenzae_PittEE__complete_genome NODE_50_length_111947_cov_114.293762
		Skipping redundant alignment 381933 382017 | 91996 92080 | 85 85 | 100.0 | NC_009566.1_Haemophilus_influenzae_PittEE__complete_genome NODE_50_length_111947_cov_114.293762
		Skipping redundant alignment 381937 382017 | 92100 92180 | 81 81 | 100.0 | NC_009566.1_Haemophilus_influenzae_PittEE__complete_genome NODE_50_length_111947_cov_114.293762
		Skipping redundant alignment 575890 576151 | 100168 100431 | 262 264 | 96.59 | NC_009566.1_Haemophilus_influenzae_PittEE__complete_genome NODE_50_length_111947_cov_114.293762
		Skipping redundant alignment 576255 576336 | 100432 100513 | 82 82 | 100.0 | NC_009566.1_Haemophilus_influenzae_PittEE__complete_genome NODE_50_length_111947_cov_114.293762
		Skipping redundant alignment 702661 702738 | 100434 100511 | 78 78 | 100.0 | NC_009566.1_Haemophilus_influenzae_PittEE__complete_genome NODE_50_length_111947_cov_114.293762
		Skipping redundant alignment 393538 393617 | 111615 111694 | 80 80 | 100.0 | NC_009566.1_Haemophilus_influenzae_PittEE__complete_genome NODE_50_length_111947_cov_114.293762
		Skipping redundant alignment 409374 409751 | 111697 112073 | 378 377 | 97.1 | NC_009566.1_Haemophilus_influenzae_PittEE__complete_genome NODE_50_length_111947_cov_114.293762
		Skipping redundant alignment 675134 675508 | 111697 112073 | 375 377 | 97.08 | NC_009566.1_Haemophilus_influenzae_PittEE__complete_genome NODE_50_length_111947_cov_114.293762
		Skipping redundant alignment 1681276 1681650 | 112073 111697 | 375 377 | 97.08 | NC_009566.1_Haemophilus_influenzae_PittEE__complete_genome NODE_50_length_111947_cov_114.293762
		Skipping redundant alignment 376229 376607 | 111697 112073 | 379 377 | 96.57 | NC_009566.1_Haemophilus_influenzae_PittEE__complete_genome NODE_50_length_111947_cov_114.293762
		Skipping redundant alignment 1803675 1804053 | 112073 111697 | 379 377 | 96.57 | NC_009566.1_Haemophilus_influenzae_PittEE__complete_genome NODE_50_length_111947_cov_114.293762
		This contig is misassembled. 19 total aligns.
			Real Alignment 1: 414167 418602 | 1 4413 | 4436 4413 | 98.72 | NC_009566.1_Haemophilus_influenzae_PittEE__complete_genome NODE_50_length_111947_cov_114.293762
			  Fake misassembly between these two alignments: inconsistency = -63 , gap in the contig is small or absent or filled mostly with Ns (long indel: insertion of length 63; 0 mismatches)
			Real Alignment 2: 418571 460089 | 4445 46017 | 41519 41573 | 97.81 | NC_009566.1_Haemophilus_influenzae_PittEE__complete_genome NODE_50_length_111947_cov_114.293762
			  Extensive misassembly ( relocation, inconsistency = 6386 ) between these two alignments
			Real Alignment 3: 466503 485693 | 65233 46045 | 19191 19189 | 98.15 | NC_009566.1_Haemophilus_influenzae_PittEE__complete_genome NODE_50_length_111947_cov_114.293762
			  Extensive misassembly ( inversion ) between these two alignments
			Excluding internal overlap of size 7 between Alignment 4 and 5:  486421 492388 | 65283 71245 | 5968 5963 --> 486421 492381 | 65283 71238 | 5961 5956
			Real Alignment 4: 486421 492381 | 65283 71238 | 5961 5956 | 98.93 | NC_009566.1_Haemophilus_influenzae_PittEE__complete_genome NODE_50_length_111947_cov_114.293762
			  Gap between these two alignments (local misassembly). Inconsistency = 126 
			Real Alignment 5: 492508 522495 | 71239 101318 | 29988 30080 | 97.48 | NC_009566.1_Haemophilus_influenzae_PittEE__complete_genome NODE_50_length_111947_cov_114.293762
			  Overlap between these two alignments (local misassembly). Inconsistency = -561 
			Real Alignment 6: 522692 524001 | 102076 103385 | 1310 1310 | 99.01 | NC_009566.1_Haemophilus_influenzae_PittEE__complete_genome NODE_50_length_111947_cov_114.293762
			  Gap between these two alignments (local misassembly). Inconsistency = 93 
			Real Alignment 7: 524097 532768 | 103388 112073 | 8672 8686 | 96.71 | NC_009566.1_Haemophilus_influenzae_PittEE__complete_genome NODE_50_length_111947_cov_114.293762

CONTIG: NODE_55_length_141337_cov_116.166039 (141463bp)
Top Length: 57041  Top ID: 97.82
		Skipping redundant alignment 680914 681058 | 1 144 | 145 144 | 95.17 | NC_009566.1_Haemophilus_influenzae_PittEE__complete_genome NODE_55_length_141337_cov_116.166039
		Skipping redundant alignment 381638 381762 | 1 125 | 125 125 | 98.4 | NC_009566.1_Haemophilus_influenzae_PittEE__complete_genome NODE_55_length_141337_cov_116.166039
		Skipping redundant alignment 521350 521611 | 40338 40600 | 262 263 | 96.59 | NC_009566.1_Haemophilus_influenzae_PittEE__complete_genome NODE_55_length_141337_cov_116.166039
		Skipping redundant alignment 521612 521693 | 40704 40785 | 82 82 | 100.0 | NC_009566.1_Haemophilus_influenzae_PittEE__complete_genome NODE_55_length_141337_cov_116.166039
		Skipping redundant alignment 702661 702738 | 40706 40783 | 78 78 | 100.0 | NC_009566.1_Haemophilus_influenzae_PittEE__complete_genome NODE_55_length_141337_cov_116.166039
		Skipping redundant alignment 1681458 1681765 | 140764 140457 | 308 308 | 98.06 | NC_009566.1_Haemophilus_influenzae_PittEE__complete_genome NODE_55_length_141337_cov_116.166039
		Skipping redundant alignment 376115 376424 | 140457 140764 | 310 308 | 97.74 | NC_009566.1_Haemophilus_influenzae_PittEE__complete_genome NODE_55_length_141337_cov_116.166039
		Skipping redundant alignment 409259 409568 | 140457 140764 | 310 308 | 97.74 | NC_009566.1_Haemophilus_influenzae_PittEE__complete_genome NODE_55_length_141337_cov_116.166039
		Skipping redundant alignment 1803858 1804168 | 140764 140459 | 311 306 | 96.78 | NC_009566.1_Haemophilus_influenzae_PittEE__complete_genome NODE_55_length_141337_cov_116.166039
		Skipping redundant alignment 532393 532586 | 140571 140764 | 194 194 | 98.46 | NC_009566.1_Haemophilus_influenzae_PittEE__complete_genome NODE_55_length_141337_cov_116.166039
			Skipping redundant alignments after choosing the best set of alignments
		Skipping redundant alignment 376636 377142 | 140957 141463 | 507 507 | 99.01 | NC_009566.1_Haemophilus_influenzae_PittEE__complete_genome NODE_55_length_141337_cov_116.166039
		Skipping redundant alignment 409780 410286 | 140957 141463 | 507 507 | 99.01 | NC_009566.1_Haemophilus_influenzae_PittEE__complete_genome NODE_55_length_141337_cov_116.166039
		Skipping redundant alignment 532797 533303 | 140957 141463 | 507 507 | 99.01 | NC_009566.1_Haemophilus_influenzae_PittEE__complete_genome NODE_55_length_141337_cov_116.166039
		Skipping redundant alignment 1680741 1681247 | 141463 140957 | 507 507 | 99.01 | NC_009566.1_Haemophilus_influenzae_PittEE__complete_genome NODE_55_length_141337_cov_116.166039
		Skipping redundant alignment 1803140 1803646 | 141463 140957 | 507 507 | 99.01 | NC_009566.1_Haemophilus_influenzae_PittEE__complete_genome NODE_55_length_141337_cov_116.166039
		This contig is misassembled. 26 total aligns.
			Excluding internal overlap of size 1 between Alignment 1 and 2:  542017 544650 | 3471 6103 | 2634 2633 --> 542018 544650 | 3472 6103 | 2633 2632
			Real Alignment 1: 538125 541586 | 1 3471 | 3462 3471 | 96.4 | NC_009566.1_Haemophilus_influenzae_PittEE__complete_genome NODE_55_length_141337_cov_116.166039
			  Gap between these two alignments (local misassembly). Inconsistency = 431 
			Real Alignment 2: 542018 544650 | 3472 6103 | 2633 2632 | 98.41 | NC_009566.1_Haemophilus_influenzae_PittEE__complete_genome NODE_55_length_141337_cov_116.166039
			  Overlap between these two alignments (local misassembly). Inconsistency = -397 
			Real Alignment 3: 544654 544932 | 6504 6782 | 279 279 | 98.57 | NC_009566.1_Haemophilus_influenzae_PittEE__complete_genome NODE_55_length_141337_cov_116.166039
			  Overlap between these two alignments (local misassembly). Inconsistency = -358 
			Real Alignment 4: 544936 551908 | 7144 14114 | 6973 6971 | 96.25 | NC_009566.1_Haemophilus_influenzae_PittEE__complete_genome NODE_55_length_141337_cov_116.166039
			  Gap between these two alignments (local misassembly). Inconsistency = 36 
			Real Alignment 5: 552370 567970 | 14540 30138 | 15601 15599 | 97.35 | NC_009566.1_Haemophilus_influenzae_PittEE__complete_genome NODE_55_length_141337_cov_116.166039
			  Extensive misassembly ( relocation, inconsistency = -2263 ) between these two alignments
			Real Alignment 6: 567962 579220 | 32393 43666 | 11259 11274 | 98.02 | NC_009566.1_Haemophilus_influenzae_PittEE__complete_genome NODE_55_length_141337_cov_116.166039
			  Gap between these two alignments (local misassembly). Inconsistency = 242 
			Real Alignment 7: 579755 580578 | 43959 44782 | 824 824 | 97.57 | NC_009566.1_Haemophilus_influenzae_PittEE__complete_genome NODE_55_length_141337_cov_116.166039
			  Overlap between these two alignments (local misassembly). Inconsistency = -522 
			Real Alignment 8: 580649 582735 | 45375 47461 | 2087 2087 | 96.46 | NC_009566.1_Haemophilus_influenzae_PittEE__complete_genome NODE_55_length_141337_cov_116.166039
			  Gap between these two alignments (local misassembly). Inconsistency = 792 
			Real Alignment 9: 583530 618310 | 47464 82298 | 34781 34835 | 96.17 | NC_009566.1_Haemophilus_influenzae_PittEE__complete_genome NODE_55_length_141337_cov_116.166039
			  Extensive misassembly ( relocation, inconsistency = -1406 ) between these two alignments
			Real Alignment 10: 618330 675326 | 83724 140764 | 56997 57041 | 97.82 | NC_009566.1_Haemophilus_influenzae_PittEE__complete_genome NODE_55_length_141337_cov_116.166039
			  Fake misassembly between these two alignments: inconsistency = 18 , gap in the contig is small or absent or filled mostly with Ns (long indel: deletion of length 18; 0 mismatches)
			Real Alignment 11: 675537 676043 | 140957 141463 | 507 507 | 99.01 | NC_009566.1_Haemophilus_influenzae_PittEE__complete_genome NODE_55_length_141337_cov_116.166039

CONTIG: NODE_56_length_1778_cov_161.577621 (1904bp)
Top Length: 215  Top ID: 97.67
		This contig is partially unaligned. (Aligned 215 out of 1904 bases)
		Alignment: 964161 964375 | 1 215 | 215 215 | 97.67 | NC_009566.1_Haemophilus_influenzae_PittEE__complete_genome NODE_56_length_1778_cov_161.577621
		Unaligned bases: 216 to 1904 (1689)

CONTIG: NODE_69_length_277640_cov_129.889389 (277766bp)
Top Length: 54452  Top ID: 97.85
		Skipping redundant alignment 1042644 1043305 | 92039 92699 | 662 661 | 97.13 | NC_009566.1_Haemophilus_influenzae_PittEE__complete_genome NODE_69_length_277640_cov_129.889389
		Skipping redundant alignment 1043307 1043743 | 93125 93565 | 437 441 | 97.05 | NC_009566.1_Haemophilus_influenzae_PittEE__complete_genome NODE_69_length_277640_cov_129.889389
		Skipping redundant alignment 1118803 1118873 | 244474 244544 | 71 71 | 100.0 | NC_009566.1_Haemophilus_influenzae_PittEE__complete_genome NODE_69_length_277640_cov_129.889389
		Skipping redundant alignment 750553 750874 | 274587 274265 | 322 323 | 96.28 | NC_009566.1_Haemophilus_influenzae_PittEE__complete_genome NODE_69_length_277640_cov_129.889389
			Skipping redundant alignments after choosing the best set of alignments
		Skipping redundant alignment 1118519 1118677 | 244386 244544 | 159 159 | 97.5 | NC_009566.1_Haemophilus_influenzae_PittEE__complete_genome NODE_69_length_277640_cov_129.889389
		This contig is misassembled. 20 total aligns.
			Real Alignment 1: 950821 958275 | 18607 11131 | 7455 7477 | 97.35 | NC_009566.1_Haemophilus_influenzae_PittEE__complete_genome NODE_69_length_277640_cov_129.889389
			  Gap between these two alignments (local misassembly). Inconsistency = 214 
			Real Alignment 2: 924058 950102 | 45068 19112 | 26045 25957 | 96.32 | NC_009566.1_Haemophilus_influenzae_PittEE__complete_genome NODE_69_length_277640_cov_129.889389
			  Extensive misassembly ( relocation, inconsistency = -1885 ) between these two alignments
			Real Alignment 3: 890953 923923 | 80080 47088 | 32971 32993 | 95.35 | NC_009566.1_Haemophilus_influenzae_PittEE__complete_genome NODE_69_length_277640_cov_129.889389
			  Gap between these two alignments (local misassembly). Inconsistency = 122 
			Real Alignment 4: 865887 890787 | 105021 80124 | 24901 24898 | 98.22 | NC_009566.1_Haemophilus_influenzae_PittEE__complete_genome NODE_69_length_277640_cov_129.889389
			  Gap between these two alignments (local misassembly). Inconsistency = 81 
			Real Alignment 5: 865116 865398 | 105711 105429 | 283 283 | 95.76 | NC_009566.1_Haemophilus_influenzae_PittEE__complete_genome NODE_69_length_277640_cov_129.889389
			  Gap between these two alignments (local misassembly). Inconsistency = 45 
			Real Alignment 6: 854631 863554 | 116166 107228 | 8924 8939 | 96.51 | NC_009566.1_Haemophilus_influenzae_PittEE__complete_genome NODE_69_length_277640_cov_129.889389
			  Extensive misassembly ( relocation, inconsistency = -25404 ) between these two alignments
			Excluding internal overlap of size 10 between Alignment 7 and 8:  838370 853972 | 157819 142229 | 15603 15591 --> 838380 853972 | 157809 142229 | 15593 15581
			Real Alignment 7: 838380 853972 | 157809 142229 | 15593 15581 | 97.62 | NC_009566.1_Haemophilus_influenzae_PittEE__complete_genome NODE_69_length_277640_cov_129.889389
			  Gap between these two alignments (local misassembly). Inconsistency = 591 
			Real Alignment 8: 783431 837788 | 212261 157810 | 54358 54452 | 97.85 | NC_009566.1_Haemophilus_influenzae_PittEE__complete_genome NODE_69_length_277640_cov_129.889389
			  Overlap between these two alignments (local misassembly). Inconsistency = -236 
			Excluding internal overlap of size 3 between Alignment 9 and 10:  783189 783423 | 212739 212505 | 235 235 --> 783192 783423 | 212736 212505 | 232 232
			Real Alignment 9: 783192 783423 | 212736 212505 | 232 232 | 100.0 | NC_009566.1_Haemophilus_influenzae_PittEE__complete_genome NODE_69_length_277640_cov_129.889389
			  Gap between these two alignments (local misassembly). Inconsistency = 404 
			Real Alignment 10: 773499 782787 | 222021 212737 | 9289 9285 | 97.86 | NC_009566.1_Haemophilus_influenzae_PittEE__complete_genome NODE_69_length_277640_cov_129.889389
			  Gap between these two alignments (local misassembly). Inconsistency = 279 
			Real Alignment 11: 767486 773091 | 227746 222150 | 5606 5597 | 97.09 | NC_009566.1_Haemophilus_influenzae_PittEE__complete_genome NODE_69_length_277640_cov_129.889389
			  Overlap between these two alignments (local misassembly). Inconsistency = -428 
			Real Alignment 12: 751431 767479 | 244237 228181 | 16049 16057 | 97.09 | NC_009566.1_Haemophilus_influenzae_PittEE__complete_genome NODE_69_length_277640_cov_129.889389
			  Gap between these two alignments (local misassembly). Inconsistency = 550 
			Real Alignment 13: 750574 750732 | 244544 244386 | 159 159 | 97.5 | NC_009566.1_Haemophilus_influenzae_PittEE__complete_genome NODE_69_length_277640_cov_129.889389
			  Extensive misassembly ( relocation, inconsistency = 335376 ) between these two alignments
			Excluding internal overlap of size 1 between Alignment 14 and 15:  1110401 1118733 | 266207 274622 | 8333 8416 --> 1110402 1118733 | 266208 274622 | 8332 8415
			Real Alignment 14: 1089273 1107763 | 247709 266207 | 18491 18499 | 97.17 | NC_009566.1_Haemophilus_influenzae_PittEE__complete_genome NODE_69_length_277640_cov_129.889389
			  Extensive misassembly ( relocation, inconsistency = 2638 ) between these two alignments
			Real Alignment 15: 1110402 1118733 | 266208 274622 | 8332 8415 | 96.08 | NC_009566.1_Haemophilus_influenzae_PittEE__complete_genome NODE_69_length_277640_cov_129.889389

CONTIG: NODE_71_length_3065_cov_113.476349 (3191bp)
Top Length: 1516  Top ID: 95.06
		Skipping redundant alignment 1118613 1118677 | 3191 3127 | 65 65 | 100.0 | NC_009566.1_Haemophilus_influenzae_PittEE__complete_genome NODE_71_length_3065_cov_113.476349
		This contig is partially unaligned. (Aligned 1516 out of 3191 bases)
		Alignment: 1118809 1120314 | 3191 1676 | 1506 1516 | 95.06 | NC_009566.1_Haemophilus_influenzae_PittEE__complete_genome NODE_71_length_3065_cov_113.476349
		Unaligned bases: 1 to 1675 (1675)
		This contig has both significant aligned and unaligned parts (of length >= min-contig)!

CONTIG: NODE_74_length_10024_cov_111.852356 (10150bp)
Top Length: 378  Top ID: 97.09
		This contig is misassembled. 2 total aligns.
			Warning! This contig is more unaligned than misassembled. Contig length is 10150 and total length of all aligns is 500
		Alignment: 959724 960101 | 3108 2731 | 378 378 | 97.09 | NC_009566.1_Haemophilus_influenzae_PittEE__complete_genome NODE_74_length_10024_cov_111.852356
		Alignment: 964254 964375 | 9422 9543 | 122 122 | 95.9 | NC_009566.1_Haemophilus_influenzae_PittEE__complete_genome NODE_74_length_10024_cov_111.852356
		Unaligned bases: 9650
		This contig has both significant aligned and unaligned parts (of length >= min-contig)!
CONTIG: NODE_75_length_5097_cov_135.393951 (5223bp)
		This contig is unaligned. (5223 bp)
		Unaligned bases: 5223  total: 83381

Analyzing coverage...
Writing SNPs into /data/projects/Assembly/Aroon/reports/GCF_000016465.1_ASM1646v1_genomic/contigs_reports/nucmer_output/M07572_contigs.used_snps
	Reference NC_009566.1_Haemophilus_influenzae_PittEE__complete_genome: 124 total alignments. 1 total regions.
		Region: 1 to 1813033 (1813033 bp)
			START in gap: 1 to 4501 (4500 bp)
			Align 1: 4501 10389 NODE_28_length_25356_cov_157.250427 12528 18413
				Gap between this and next alignment: 10389 to 11138 (748 bp)
				Next Alignment: 11138 16946 NODE_28_length_25356_cov_157.250427 19669 25482

			Align 2: 11138 16946 NODE_28_length_25356_cov_157.250427 19669 25482
				Negative gap (overlap) between this and next alignment: 16946 to 16821 (-125 bp)
				Next Alignment: 16821 18082 NODE_24_length_1136_cov_317.318665 1262 1

			Previous gap was negative, modifying coordinates to ignore overlap
				Moving contig start from 1262 to 1136.
			Align 3: 16947 18082 NODE_24_length_1136_cov_317.318665 1136 1
				Negative gap (overlap) between this and next alignment: 18082 to 17957 (-125 bp)
				Next Alignment: 17957 30499 NODE_5_length_200242_cov_157.865829 200368 187827

			Previous gap was negative, modifying coordinates to ignore overlap
				Moving contig start from 200368 to 200242.
			Align 4: 18083 30499 NODE_5_length_200242_cov_157.865829 200242 187827
				Gap between this and next alignment: 30499 to 31378 (878 bp)
				Next Alignment: 31378 39268 NODE_5_length_200242_cov_157.865829 187825 179937

			Align 5: 31378 39268 NODE_5_length_200242_cov_157.865829 187825 179937
				Gap between this and next alignment: 39268 to 40673 (1404 bp)
				Next Alignment: 40673 45692 NODE_5_length_200242_cov_157.865829 178962 173979

			Align 6: 40673 45692 NODE_5_length_200242_cov_157.865829 178962 173979
				Gap between this and next alignment: 45692 to 47673 (1980 bp)
				Next Alignment: 47673 107829 NODE_5_length_200242_cov_157.865829 173931 113632

			Align 7: 47673 107829 NODE_5_length_200242_cov_157.865829 173931 113632
				Gap between this and next alignment: 107829 to 108270 (440 bp)
				Next Alignment: 108270 137213 NODE_5_length_200242_cov_157.865829 113176 84234

			Align 8: 108270 137213 NODE_5_length_200242_cov_157.865829 113176 84234
				Negative gap (overlap) between this and next alignment: 137213 to 137196 (-17 bp)
				Next Alignment: 137196 141279 NODE_5_length_200242_cov_157.865829 81108 77025

			Previous gap was negative, modifying coordinates to ignore overlap
				Moving contig start from 81108 to 81090.
			Align 9: 137214 141279 NODE_5_length_200242_cov_157.865829 81090 77025
				Negative gap (overlap) between this and next alignment: 141279 to 141268 (-11 bp)
				Next Alignment: 141268 175925 NODE_5_length_200242_cov_157.865829 76895 42156

			Previous gap was negative, modifying coordinates to ignore overlap
				Moving contig start from 76895 to 76883.
			Align 10: 141280 175925 NODE_5_length_200242_cov_157.865829 76883 42156
				Gap between this and next alignment: 175925 to 176201 (275 bp)
				Next Alignment: 176201 186283 NODE_5_length_200242_cov_157.865829 41826 31745

			Align 11: 176201 186283 NODE_5_length_200242_cov_157.865829 41826 31745
				Gap between this and next alignment: 186283 to 187046 (762 bp)
				Next Alignment: 187046 208917 NODE_5_length_200242_cov_157.865829 31744 9910

			Align 12: 187046 208917 NODE_5_length_200242_cov_157.865829 31744 9910
				Negative gap (overlap) between this and next alignment: 208917 to 208822 (-95 bp)
				Next Alignment: 208822 211506 NODE_5_length_200242_cov_157.865829 9909 7225

			Previous gap was negative, modifying coordinates to ignore overlap
				Moving contig start from 9909 to 9813.
			Align 13: 208918 211506 NODE_5_length_200242_cov_157.865829 9813 7225
				Negative gap (overlap) between this and next alignment: 211506 to 211458 (-48 bp)
				Next Alignment: 211458 233637 NODE_15_length_164826_cov_120.856506 164580 142411

			Previous gap was negative, modifying coordinates to ignore overlap
				Moving contig start from 164580 to 164531.
			Align 14: 211507 233637 NODE_15_length_164826_cov_120.856506 164531 142411
				Negative gap (overlap) between this and next alignment: 233637 to 233586 (-51 bp)
				Next Alignment: 233586 252629 NODE_15_length_164826_cov_120.856506 142410 123365

			Previous gap was negative, modifying coordinates to ignore overlap
				Moving contig start from 142410 to 142358.
			Align 15: 233638 252629 NODE_15_length_164826_cov_120.856506 142358 123365
				Gap between this and next alignment: 252629 to 258050 (5420 bp)
				Next Alignment: 258050 264144 NODE_15_length_164826_cov_120.856506 123364 117271

			Align 16: 258050 264144 NODE_15_length_164826_cov_120.856506 123364 117271
				Gap between this and next alignment: 264144 to 264285 (140 bp)
				Next Alignment: 264285 271392 NODE_15_length_164826_cov_120.856506 117130 110026

			Align 17: 264285 271392 NODE_15_length_164826_cov_120.856506 117130 110026
				Gap between this and next alignment: 271392 to 276840 (5447 bp)
				Next Alignment: 276840 296521 NODE_15_length_164826_cov_120.856506 109515 89838

			Align 18: 276840 296521 NODE_15_length_164826_cov_120.856506 109515 89838
				Gap between this and next alignment: 296521 to 296814 (292 bp)
				Next Alignment: 296814 314740 NODE_15_length_164826_cov_120.856506 89837 71928

			Align 19: 296814 314740 NODE_15_length_164826_cov_120.856506 89837 71928
				Gap between this and next alignment: 314740 to 314870 (129 bp)
				Next Alignment: 314870 319700 NODE_15_length_164826_cov_120.856506 71792 66962

			Align 20: 314870 319700 NODE_15_length_164826_cov_120.856506 71792 66962
				Gap between this and next alignment: 319700 to 321751 (2050 bp)
				Next Alignment: 321751 336381 NODE_15_length_164826_cov_120.856506 65763 51034

			Align 21: 321751 336381 NODE_15_length_164826_cov_120.856506 65763 51034
				Gap between this and next alignment: 336381 to 336476 (94 bp)
				Next Alignment: 336476 345285 NODE_15_length_164826_cov_120.856506 39428 30601

			Align 22: 336476 345285 NODE_15_length_164826_cov_120.856506 39428 30601
				Gap between this and next alignment: 345285 to 347040 (1754 bp)
				Next Alignment: 347040 347447 NODE_15_length_164826_cov_120.856506 28848 28441

			Align 23: 347040 347447 NODE_15_length_164826_cov_120.856506 28848 28441
				Gap between this and next alignment: 347447 to 347565 (117 bp)
				Next Alignment: 347565 362792 NODE_15_length_164826_cov_120.856506 28440 13235

			Align 24: 347565 362792 NODE_15_length_164826_cov_120.856506 28440 13235
				Gap between this and next alignment: 362792 to 362924 (131 bp)
				Next Alignment: 362924 366253 NODE_15_length_164826_cov_120.856506 13149 9820

			Align 25: 362924 366253 NODE_15_length_164826_cov_120.856506 13149 9820
				Gap between this and next alignment: 366253 to 366720 (466 bp)
				Next Alignment: 366720 376276 NODE_15_length_164826_cov_120.856506 9556 1

			Align 26: 366720 376276 NODE_15_length_164826_cov_120.856506 9556 1
				Gap between this and next alignment: 376276 to 377029 (752 bp)
				Next Alignment: 377029 377943 NODE_37_length_790_cov_684.572144 1 915

			Align 27: 377029 377943 NODE_37_length_790_cov_684.572144 1 915
				Negative gap (overlap) between this and next alignment: 377943 to 377819 (-124 bp)
				Next Alignment: 377819 378378 NODE_31_length_433_cov_382.521942 1 559

			Previous gap was negative, modifying coordinates to ignore overlap
				Moving contig start from 1 to 126.
			Align 28: 377944 378378 NODE_31_length_433_cov_382.521942 126 559
				Gap between this and next alignment: 378378 to 381637 (3258 bp)
				Next Alignment: 381637 409402 NODE_11_length_27693_cov_160.142822 27819 1

			Align 29: 381637 409402 NODE_11_length_27693_cov_160.142822 27819 1
				Gap between this and next alignment: 409402 to 413034 (3631 bp)
				Next Alignment: 413034 414292 NODE_26_length_1133_cov_637.275391 1 1259

			Align 30: 413034 414292 NODE_26_length_1133_cov_637.275391 1 1259
				Negative gap (overlap) between this and next alignment: 414292 to 414167 (-125 bp)
				Next Alignment: 414167 418602 NODE_50_length_111947_cov_114.293762 1 4413

			Previous gap was negative, modifying coordinates to ignore overlap
				Moving contig start from 1 to 127.
			Align 31: 414293 418602 NODE_50_length_111947_cov_114.293762 127 4413
				Negative gap (overlap) between this and next alignment: 418602 to 418571 (-31 bp)
				Next Alignment: 418571 460089 NODE_50_length_111947_cov_114.293762 4445 46017

			Previous gap was negative, modifying coordinates to ignore overlap
				Moving contig start from 4445 to 4477.
			Align 32: 418603 460089 NODE_50_length_111947_cov_114.293762 4477 46017
				Gap between this and next alignment: 460089 to 466503 (6413 bp)
				Next Alignment: 466503 485693 NODE_50_length_111947_cov_114.293762 65233 46045

			Align 33: 466503 485693 NODE_50_length_111947_cov_114.293762 65233 46045
				Gap between this and next alignment: 485693 to 486421 (727 bp)
				Next Alignment: 486421 492381 NODE_50_length_111947_cov_114.293762 65283 71238

			Align 34: 486421 492381 NODE_50_length_111947_cov_114.293762 65283 71238
				Gap between this and next alignment: 492381 to 492508 (126 bp)
				Next Alignment: 492508 522495 NODE_50_length_111947_cov_114.293762 71239 101318

			Align 35: 492508 522495 NODE_50_length_111947_cov_114.293762 71239 101318
				Gap between this and next alignment: 522495 to 522692 (196 bp)
				Next Alignment: 522692 524001 NODE_50_length_111947_cov_114.293762 102076 103385

			Align 36: 522692 524001 NODE_50_length_111947_cov_114.293762 102076 103385
				Gap between this and next alignment: 524001 to 524097 (95 bp)
				Next Alignment: 524097 532768 NODE_50_length_111947_cov_114.293762 103388 112073

			Align 37: 524097 532768 NODE_50_length_111947_cov_114.293762 103388 112073
				Gap between this and next alignment: 532768 to 538125 (5356 bp)
				Next Alignment: 538125 541586 NODE_55_length_141337_cov_116.166039 1 3471

			Align 38: 538125 541586 NODE_55_length_141337_cov_116.166039 1 3471
				Gap between this and next alignment: 541586 to 542018 (431 bp)
				Next Alignment: 542018 544650 NODE_55_length_141337_cov_116.166039 3472 6103

			Align 39: 542018 544650 NODE_55_length_141337_cov_116.166039 3472 6103
				Gap between this and next alignment: 544650 to 544654 (3 bp)
				Next Alignment: 544654 544932 NODE_55_length_141337_cov_116.166039 6504 6782

			Align 40: 544654 544932 NODE_55_length_141337_cov_116.166039 6504 6782
				Gap between this and next alignment: 544932 to 544936 (3 bp)
				Next Alignment: 544936 551908 NODE_55_length_141337_cov_116.166039 7144 14114

			Align 41: 544936 551908 NODE_55_length_141337_cov_116.166039 7144 14114
				Gap between this and next alignment: 551908 to 552370 (461 bp)
				Next Alignment: 552370 567970 NODE_55_length_141337_cov_116.166039 14540 30138

			Align 42: 552370 567970 NODE_55_length_141337_cov_116.166039 14540 30138
				Negative gap (overlap) between this and next alignment: 567970 to 567962 (-8 bp)
				Next Alignment: 567962 579220 NODE_55_length_141337_cov_116.166039 32393 43666

			Previous gap was negative, modifying coordinates to ignore overlap
				Moving contig start from 32393 to 32402.
			Align 43: 567971 579220 NODE_55_length_141337_cov_116.166039 32402 43666
				Gap between this and next alignment: 579220 to 579755 (534 bp)
				Next Alignment: 579755 580578 NODE_55_length_141337_cov_116.166039 43959 44782

			Align 44: 579755 580578 NODE_55_length_141337_cov_116.166039 43959 44782
				Gap between this and next alignment: 580578 to 580649 (70 bp)
				Next Alignment: 580649 582735 NODE_55_length_141337_cov_116.166039 45375 47461

			Align 45: 580649 582735 NODE_55_length_141337_cov_116.166039 45375 47461
				Gap between this and next alignment: 582735 to 583530 (794 bp)
				Next Alignment: 583530 618310 NODE_55_length_141337_cov_116.166039 47464 82298

			Align 46: 583530 618310 NODE_55_length_141337_cov_116.166039 47464 82298
				Gap between this and next alignment: 618310 to 618330 (19 bp)
				Next Alignment: 618330 675326 NODE_55_length_141337_cov_116.166039 83724 140764

			Align 47: 618330 675326 NODE_55_length_141337_cov_116.166039 83724 140764
				Gap between this and next alignment: 675326 to 675537 (210 bp)
				Next Alignment: 675537 676043 NODE_55_length_141337_cov_116.166039 140957 141463

			Align 48: 675537 676043 NODE_55_length_141337_cov_116.166039 140957 141463
				Gap between this and next alignment: 676043 to 677398 (1354 bp)
				Next Alignment: 677398 679147 NODE_16_length_1623_cov_754.963623 1749 1

			Align 49: 677398 679147 NODE_16_length_1623_cov_754.963623 1749 1
				Gap between this and next alignment: 679147 to 680805 (1657 bp)
				Next Alignment: 680805 707432 NODE_13_length_61744_cov_120.733742 61867 35260

			Align 50: 680805 707432 NODE_13_length_61744_cov_120.733742 61867 35260
				The next alignment (680914 681053 NODE_9_length_10305_cov_156.146530 1 141) is redundant. Skipping.
				Gap between this and next alignment: 707432 to 707525 (92 bp)
				Next Alignment: 707525 731549 NODE_13_length_61744_cov_120.733742 34173 10151

			Align 52: 707525 731549 NODE_13_length_61744_cov_120.733742 34173 10151
				Gap between this and next alignment: 731549 to 731613 (63 bp)
				Next Alignment: 731613 741762 NODE_13_length_61744_cov_120.733742 10150 1

			Align 53: 731613 741762 NODE_13_length_61744_cov_120.733742 10150 1
				Gap between this and next alignment: 741762 to 750574 (8811 bp)
				Next Alignment: 750574 750732 NODE_69_length_277640_cov_129.889389 244544 244386

			Align 54: 750574 750732 NODE_69_length_277640_cov_129.889389 244544 244386
				Gap between this and next alignment: 750732 to 751431 (698 bp)
				Next Alignment: 751431 767479 NODE_69_length_277640_cov_129.889389 244237 228181

			Align 55: 751431 767479 NODE_69_length_277640_cov_129.889389 244237 228181
				Gap between this and next alignment: 767479 to 767486 (6 bp)
				Next Alignment: 767486 773091 NODE_69_length_277640_cov_129.889389 227746 222150

			Align 56: 767486 773091 NODE_69_length_277640_cov_129.889389 227746 222150
				Gap between this and next alignment: 773091 to 773499 (407 bp)
				Next Alignment: 773499 782787 NODE_69_length_277640_cov_129.889389 222021 212737

			Align 57: 773499 782787 NODE_69_length_277640_cov_129.889389 222021 212737
				Gap between this and next alignment: 782787 to 783192 (404 bp)
				Next Alignment: 783192 783423 NODE_69_length_277640_cov_129.889389 212736 212505

			Align 58: 783192 783423 NODE_69_length_277640_cov_129.889389 212736 212505
				Gap between this and next alignment: 783423 to 783431 (7 bp)
				Next Alignment: 783431 837788 NODE_69_length_277640_cov_129.889389 212261 157810

			Align 59: 783431 837788 NODE_69_length_277640_cov_129.889389 212261 157810
				Gap between this and next alignment: 837788 to 838380 (591 bp)
				Next Alignment: 838380 853972 NODE_69_length_277640_cov_129.889389 157809 142229

			Align 60: 838380 853972 NODE_69_length_277640_cov_129.889389 157809 142229
				Gap between this and next alignment: 853972 to 854631 (658 bp)
				Next Alignment: 854631 863554 NODE_69_length_277640_cov_129.889389 116166 107228

			Align 61: 854631 863554 NODE_69_length_277640_cov_129.889389 116166 107228
				Gap between this and next alignment: 863554 to 865116 (1561 bp)
				Next Alignment: 865116 865398 NODE_69_length_277640_cov_129.889389 105711 105429

			Align 62: 865116 865398 NODE_69_length_277640_cov_129.889389 105711 105429
				Gap between this and next alignment: 865398 to 865887 (488 bp)
				Next Alignment: 865887 890787 NODE_69_length_277640_cov_129.889389 105021 80124

			Align 63: 865887 890787 NODE_69_length_277640_cov_129.889389 105021 80124
				Gap between this and next alignment: 890787 to 890953 (165 bp)
				Next Alignment: 890953 923923 NODE_69_length_277640_cov_129.889389 80080 47088

			Align 64: 890953 923923 NODE_69_length_277640_cov_129.889389 80080 47088
				Gap between this and next alignment: 923923 to 924058 (134 bp)
				Next Alignment: 924058 950102 NODE_69_length_277640_cov_129.889389 45068 19112

			Align 65: 924058 950102 NODE_69_length_277640_cov_129.889389 45068 19112
				Gap between this and next alignment: 950102 to 950821 (718 bp)
				Next Alignment: 950821 958275 NODE_69_length_277640_cov_129.889389 18607 11131

			Align 66: 950821 958275 NODE_69_length_277640_cov_129.889389 18607 11131
				Gap between this and next alignment: 958275 to 959724 (1448 bp)
				Next Alignment: 959724 960075 NODE_19_length_4174_cov_148.450882 793 1144

			Align 67: 959724 960075 NODE_19_length_4174_cov_148.450882 793 1144
				Negative gap (overlap) between this and next alignment: 960075 to 959724 (-351 bp)
				Next Alignment: 959724 960101 NODE_74_length_10024_cov_111.852356 3108 2731

			Previous gap was negative, modifying coordinates to ignore overlap
				Moving contig start from 3108 to 2756.
			Align 68: 960076 960101 NODE_74_length_10024_cov_111.852356 2756 2731
				Gap between this and next alignment: 960101 to 963553 (3451 bp)
				Next Alignment: 963553 964286 NODE_48_length_609_cov_328.308716 735 1

			Align 69: 963553 964286 NODE_48_length_609_cov_328.308716 735 1
				Negative gap (overlap) between this and next alignment: 964286 to 964161 (-125 bp)
				Next Alignment: 964161 964375 NODE_20_length_79421_cov_141.900635 79547 79332

			Previous gap was negative, modifying coordinates to ignore overlap
				Moving contig start from 79547 to 79421.
			Align 70: 964287 964375 NODE_20_length_79421_cov_141.900635 79421 79332
				The next alignment (964161 964375 NODE_56_length_1778_cov_161.577621 1 215) is redundant. Skipping.
				The next alignment (964254 964375 NODE_74_length_10024_cov_111.852356 9422 9543) is redundant. Skipping.
				Gap between this and next alignment: 964375 to 965728 (1352 bp)
				Next Alignment: 965728 967108 NODE_20_length_79421_cov_141.900635 77110 75718

			Align 73: 965728 967108 NODE_20_length_79421_cov_141.900635 77110 75718
				Gap between this and next alignment: 967108 to 967549 (440 bp)
				Next Alignment: 967549 991842 NODE_20_length_79421_cov_141.900635 75717 51473

			Align 74: 967549 991842 NODE_20_length_79421_cov_141.900635 75717 51473
				Negative gap (overlap) between this and next alignment: 991842 to 991833 (-9 bp)
				Next Alignment: 991833 996259 NODE_20_length_79421_cov_141.900635 50439 46017

			Previous gap was negative, modifying coordinates to ignore overlap
				Moving contig start from 50439 to 50430.
			Align 75: 991843 996259 NODE_20_length_79421_cov_141.900635 50430 46017
				Gap between this and next alignment: 996259 to 996483 (223 bp)
				Next Alignment: 996483 1027356 NODE_20_length_79421_cov_141.900635 45232 14423

			Align 76: 996483 1027356 NODE_20_length_79421_cov_141.900635 45232 14423
				Gap between this and next alignment: 1027356 to 1028666 (1309 bp)
				Next Alignment: 1028666 1042720 NODE_20_length_79421_cov_141.900635 14422 374

			Align 77: 1028666 1042720 NODE_20_length_79421_cov_141.900635 14422 374
				Negative gap (overlap) between this and next alignment: 1042720 to 1042716 (-4 bp)
				Next Alignment: 1042716 1060390 NODE_12_length_76973_cov_147.809525 44348 26674

			Previous gap was negative, modifying coordinates to ignore overlap
				Moving contig start from 44348 to 44343.
			Align 78: 1042721 1060390 NODE_12_length_76973_cov_147.809525 44343 26674
				Gap between this and next alignment: 1060390 to 1060807 (416 bp)
				Next Alignment: 1060807 1081178 NODE_12_length_76973_cov_147.809525 26255 5893

			Align 79: 1060807 1081178 NODE_12_length_76973_cov_147.809525 26255 5893
				Gap between this and next alignment: 1081178 to 1085606 (4427 bp)
				Next Alignment: 1085606 1086208 NODE_12_length_76973_cov_147.809525 3622 3020

			Align 80: 1085606 1086208 NODE_12_length_76973_cov_147.809525 3622 3020
				Gap between this and next alignment: 1086208 to 1087014 (805 bp)
				Next Alignment: 1087014 1088552 NODE_12_length_76973_cov_147.809525 3019 1481

			Align 81: 1087014 1088552 NODE_12_length_76973_cov_147.809525 3019 1481
				The next alignment (1087373 1087883 NODE_35_length_62635_cov_154.319550 4812 4301) is redundant. Skipping.
				The next alignment (1087884 1088103 NODE_35_length_62635_cov_154.319550 3350 3131) is redundant. Skipping.
				Gap between this and next alignment: 1088552 to 1089273 (720 bp)
				Next Alignment: 1089273 1107763 NODE_69_length_277640_cov_129.889389 247709 266207

			Align 84: 1089273 1107763 NODE_69_length_277640_cov_129.889389 247709 266207
				Gap between this and next alignment: 1107763 to 1110402 (2638 bp)
				Next Alignment: 1110402 1118733 NODE_69_length_277640_cov_129.889389 266208 274622

			Align 85: 1110402 1118733 NODE_69_length_277640_cov_129.889389 266208 274622
				Gap between this and next alignment: 1118733 to 1118809 (75 bp)
				Next Alignment: 1118809 1120314 NODE_71_length_3065_cov_113.476349 3191 1676

			Align 86: 1118809 1120314 NODE_71_length_3065_cov_113.476349 3191 1676
				Gap between this and next alignment: 1120314 to 1127682 (7367 bp)
				Next Alignment: 1127682 1164933 NODE_6_length_305742_cov_137.956314 1 37247

			Align 87: 1127682 1164933 NODE_6_length_305742_cov_137.956314 1 37247
				Gap between this and next alignment: 1164933 to 1168008 (3074 bp)
				Next Alignment: 1168008 1181154 NODE_6_length_305742_cov_137.956314 37248 50397

			Align 88: 1168008 1181154 NODE_6_length_305742_cov_137.956314 37248 50397
				Gap between this and next alignment: 1181154 to 1188610 (7455 bp)
				Next Alignment: 1188610 1224331 NODE_6_length_305742_cov_137.956314 57905 93551

			Align 89: 1188610 1224331 NODE_6_length_305742_cov_137.956314 57905 93551
				Gap between this and next alignment: 1224331 to 1224430 (98 bp)
				Next Alignment: 1224430 1245851 NODE_6_length_305742_cov_137.956314 93657 115052

			Align 90: 1224430 1245851 NODE_6_length_305742_cov_137.956314 93657 115052
				Negative gap (overlap) between this and next alignment: 1245851 to 1245821 (-30 bp)
				Next Alignment: 1245821 1289026 NODE_6_length_305742_cov_137.956314 115185 158372

			Previous gap was negative, modifying coordinates to ignore overlap
				Moving contig start from 115185 to 115218.
			Align 91: 1245852 1289026 NODE_6_length_305742_cov_137.956314 115218 158372
				Gap between this and next alignment: 1289026 to 1293017 (3990 bp)
				Next Alignment: 1293017 1299543 NODE_6_length_305742_cov_137.956314 158373 164903

			Align 92: 1293017 1299543 NODE_6_length_305742_cov_137.956314 158373 164903
				Gap between this and next alignment: 1299543 to 1299828 (284 bp)
				Next Alignment: 1299828 1307873 NODE_6_length_305742_cov_137.956314 164958 172996

			Align 93: 1299828 1307873 NODE_6_length_305742_cov_137.956314 164958 172996
				Gap between this and next alignment: 1307873 to 1307996 (122 bp)
				Next Alignment: 1307996 1332289 NODE_6_length_305742_cov_137.956314 173121 197418

			Align 94: 1307996 1332289 NODE_6_length_305742_cov_137.956314 173121 197418
				Gap between this and next alignment: 1332289 to 1333678 (1388 bp)
				Next Alignment: 1333678 1344274 NODE_6_length_305742_cov_137.956314 197419 208028

			Align 95: 1333678 1344274 NODE_6_length_305742_cov_137.956314 197419 208028
				Gap between this and next alignment: 1344274 to 1361030 (16755 bp)
				Next Alignment: 1361030 1384378 NODE_6_length_305742_cov_137.956314 228318 251614

			Align 96: 1361030 1384378 NODE_6_length_305742_cov_137.956314 228318 251614
				Gap between this and next alignment: 1384378 to 1385917 (1538 bp)
				Next Alignment: 1385917 1390436 NODE_6_length_305742_cov_137.956314 253105 257607

			Align 97: 1385917 1390436 NODE_6_length_305742_cov_137.956314 253105 257607
				Gap between this and next alignment: 1390436 to 1396978 (6541 bp)
				Next Alignment: 1396978 1437625 NODE_6_length_305742_cov_137.956314 264919 305508

			Align 98: 1396978 1437625 NODE_6_length_305742_cov_137.956314 264919 305508
				Negative gap (overlap) between this and next alignment: 1437625 to 1437620 (-5 bp)
				Next Alignment: 1437620 1460168 NODE_39_length_233014_cov_148.519196 221515 198986

			Previous gap was negative, modifying coordinates to ignore overlap
				Moving contig start from 221515 to 221509.
			Align 99: 1437626 1460168 NODE_39_length_233014_cov_148.519196 221509 198986
				Gap between this and next alignment: 1460168 to 1466003 (5834 bp)
				Next Alignment: 1466003 1504502 NODE_39_length_233014_cov_148.519196 196094 157639

			Align 100: 1466003 1504502 NODE_39_length_233014_cov_148.519196 196094 157639
				Gap between this and next alignment: 1504502 to 1507000 (2497 bp)
				Next Alignment: 1507000 1520416 NODE_39_length_233014_cov_148.519196 154432 141062

			Align 101: 1507000 1520416 NODE_39_length_233014_cov_148.519196 154432 141062
				Gap between this and next alignment: 1520416 to 1530510 (10093 bp)
				Next Alignment: 1530510 1547023 NODE_39_length_233014_cov_148.519196 139859 123347

			Align 102: 1530510 1547023 NODE_39_length_233014_cov_148.519196 139859 123347
				Negative gap (overlap) between this and next alignment: 1547023 to 1547023 (0 bp)
				Next Alignment: 1547023 1562416 NODE_39_length_233014_cov_148.519196 123203 107800

			Previous gap was negative, modifying coordinates to ignore overlap
				Moving contig start from 123203 to 123202.
			Align 103: 1547024 1562416 NODE_39_length_233014_cov_148.519196 123202 107800
				Gap between this and next alignment: 1562416 to 1562632 (215 bp)
				Next Alignment: 1562632 1594800 NODE_39_length_233014_cov_148.519196 107799 75613

			Align 104: 1562632 1594800 NODE_39_length_233014_cov_148.519196 107799 75613
				Gap between this and next alignment: 1594800 to 1595183 (382 bp)
				Next Alignment: 1595183 1605135 NODE_39_length_233014_cov_148.519196 75612 65659

			Align 105: 1595183 1605135 NODE_39_length_233014_cov_148.519196 75612 65659
				Gap between this and next alignment: 1605135 to 1605238 (102 bp)
				Next Alignment: 1605238 1610373 NODE_39_length_233014_cov_148.519196 64495 59357

			Align 106: 1605238 1610373 NODE_39_length_233014_cov_148.519196 64495 59357
				Gap between this and next alignment: 1610373 to 1619944 (9570 bp)
				Next Alignment: 1619944 1635035 NODE_39_length_233014_cov_148.519196 54164 39016

			Align 107: 1619944 1635035 NODE_39_length_233014_cov_148.519196 54164 39016
				Gap between this and next alignment: 1635035 to 1635096 (60 bp)
				Next Alignment: 1635096 1639791 NODE_39_length_233014_cov_148.519196 38870 34198

			Align 108: 1635096 1639791 NODE_39_length_233014_cov_148.519196 38870 34198
				Gap between this and next alignment: 1639791 to 1639943 (151 bp)
				Next Alignment: 1639943 1648162 NODE_39_length_233014_cov_148.519196 34197 25979

			Align 109: 1639943 1648162 NODE_39_length_233014_cov_148.519196 34197 25979
				Gap between this and next alignment: 1648162 to 1649418 (1255 bp)
				Next Alignment: 1649418 1650625 NODE_39_length_233014_cov_148.519196 25908 24705

			Align 110: 1649418 1650625 NODE_39_length_233014_cov_148.519196 25908 24705
				Gap between this and next alignment: 1650625 to 1660438 (9812 bp)
				Next Alignment: 1660438 1675885 NODE_39_length_233014_cov_148.519196 15450 1

			Align 111: 1660438 1675885 NODE_39_length_233014_cov_148.519196 15450 1
				Negative gap (overlap) between this and next alignment: 1675885 to 1675856 (-29 bp)
				Next Alignment: 1675856 1676501 NODE_27_length_520_cov_653.528870 1 646

			Previous gap was negative, modifying coordinates to ignore overlap
				Moving contig start from 1 to 31.
			Align 112: 1675886 1676501 NODE_27_length_520_cov_653.528870 31 646
				Gap between this and next alignment: 1676501 to 1679260 (2758 bp)
				Next Alignment: 1679260 1680064 NODE_17_length_678_cov_443.811218 1 804

			Align 113: 1679260 1680064 NODE_17_length_678_cov_443.811218 1 804
				Gap between this and next alignment: 1680064 to 1681623 (1558 bp)
				Next Alignment: 1681623 1694653 NODE_10_length_70088_cov_157.618210 70214 57276

			Align 114: 1681623 1694653 NODE_10_length_70088_cov_157.618210 70214 57276
				Gap between this and next alignment: 1694653 to 1695381 (727 bp)
				Next Alignment: 1695381 1699679 NODE_10_length_70088_cov_157.618210 57275 52977

			Align 115: 1695381 1699679 NODE_10_length_70088_cov_157.618210 57275 52977
				Gap between this and next alignment: 1699679 to 1704054 (4374 bp)
				Next Alignment: 1704054 1717930 NODE_10_length_70088_cov_157.618210 47178 33310

			Align 116: 1704054 1717930 NODE_10_length_70088_cov_157.618210 47178 33310
				Gap between this and next alignment: 1717930 to 1718121 (190 bp)
				Next Alignment: 1718121 1719912 NODE_10_length_70088_cov_157.618210 22982 21194

			Align 117: 1718121 1719912 NODE_10_length_70088_cov_157.618210 22982 21194
				Negative gap (overlap) between this and next alignment: 1719912 to 1719912 (0 bp)
				Next Alignment: 1719912 1726594 NODE_10_length_70088_cov_157.618210 20776 14099

			Previous gap was negative, modifying coordinates to ignore overlap
				Moving contig start from 20776 to 20775.
			Align 118: 1719913 1726594 NODE_10_length_70088_cov_157.618210 20775 14099
				Negative gap (overlap) between this and next alignment: 1726594 to 1726045 (-549 bp)
				Next Alignment: 1726045 1736354 NODE_10_length_70088_cov_157.618210 33309 22983

			Previous gap was negative, modifying coordinates to ignore overlap
				Moving contig start from 33309 to 32768.
			Align 119: 1726595 1736354 NODE_10_length_70088_cov_157.618210 32768 22983
				Gap between this and next alignment: 1736354 to 1743884 (7529 bp)
				Next Alignment: 1743884 1745613 NODE_10_length_70088_cov_157.618210 14098 12366

			Align 120: 1743884 1745613 NODE_10_length_70088_cov_157.618210 14098 12366
				Negative gap (overlap) between this and next alignment: 1745613 to 1745609 (-4 bp)
				Next Alignment: 1745609 1748033 NODE_35_length_62635_cov_154.319550 24443 26865

			Previous gap was negative, modifying coordinates to ignore overlap
				Moving contig start from 24443 to 24448.
			Align 121: 1745614 1748033 NODE_35_length_62635_cov_154.319550 24448 26865
				Gap between this and next alignment: 1748033 to 1756924 (8890 bp)
				Next Alignment: 1756924 1786260 NODE_35_length_62635_cov_154.319550 33379 62761

			Align 122: 1756924 1786260 NODE_35_length_62635_cov_154.319550 33379 62761
				Gap between this and next alignment: 1786260 to 1787271 (1010 bp)
				Next Alignment: 1787271 1796612 NODE_9_length_10305_cov_156.146530 10431 1100

			Align 123: 1787271 1796612 NODE_9_length_10305_cov_156.146530 10431 1100
				Gap between this and next alignment: 1796612 to 1803858 (7245 bp)
				Next Alignment: 1803858 1812210 NODE_28_length_25356_cov_157.250427 1 8361

			Align 124: 1803858 1812210 NODE_28_length_25356_cov_157.250427 1 8361
			END in gap: 1812210 to 1813033 (823 bp)

Analysis is finished!
Founded SNPs were written into /data/projects/Assembly/Aroon/reports/GCF_000016465.1_ASM1646v1_genomic/contigs_reports/nucmer_output/M07572_contigs.used_snps

Results:
	Local Misassemblies: 56
	Misassemblies: 33
		Relocations: 32
		Translocations: 0
		Inversions: 1
	Misassembled Contigs: 13
	Misassembled Contig Bases: 1761164
	Misassemblies Inter-Contig Overlap: 0
Uncovered Regions: 0 (0)
Unaligned Contigs: 18 + 4 part
Partially Unaligned Contigs with Misassemblies: 1
Unaligned Contig Bases: 100343

Ambiguously Mapped Contigs: 7
Total Bases in Ambiguously Mapped Contigs: 7194
Note that --allow-ambiguity option was set to "one" and only first alignment per each contig was used.

	Covered Bases: 1604122

	SNPs: 39254
	Insertions: 2092
	Deletions: 1844

	Positive Gaps: 98
		Internal Gaps:  80
		External Gaps:  18
		External Gap Total:  55774
		External Gap Average: 3099
	Negative Gaps: 22
		Internal Overlaps:  11
		External Overlaps:  11
		External Overlaps Total: -1065
		External Overlaps Average: -97
	Contigs with Redundant Alignments: 3 (1208)
