Aligning contigs to reference...
	Running Nucmer
Parsing coords...
Loading reference...
	Loaded [NZ_CP007471.1_Haemophilus_influenzae_strain_C486__complete_genome]
Loading SNPs...
Loading regions...
	No regions given, using whole reference.
	Total Regions: 1
	Total Region Length: 1846503
Analyzing contigs...
CONTIG: NODE_1_length_61020_cov_149.082642 (61146bp)
Top Length: 48268  Top ID: 99.64
		Skipping redundant alignment 1522333 1522491 | 1 159 | 159 159 | 96.23 | NZ_CP007471.1_Haemophilus_influenzae_strain_C486__complete_genome NODE_1_length_61020_cov_149.082642
		Skipping redundant alignment 907675 907752 | 38996 38919 | 78 78 | 100.0 | NZ_CP007471.1_Haemophilus_influenzae_strain_C486__complete_genome NODE_1_length_61020_cov_149.082642
		Skipping redundant alignment 962319 962396 | 38996 38919 | 78 78 | 100.0 | NZ_CP007471.1_Haemophilus_influenzae_strain_C486__complete_genome NODE_1_length_61020_cov_149.082642
		This contig is misassembled. 5 total aligns.
			Real Alignment 1: 1118193 1130630 | 12434 1 | 12438 12434 | 97.76 | NZ_CP007471.1_Haemophilus_influenzae_strain_C486__complete_genome NODE_1_length_61020_cov_149.082642
			  Overlap between these two alignments (local misassembly). Inconsistency = -128 
			Real Alignment 2: 1069922 1118180 | 60842 12575 | 48259 48268 | 99.64 | NZ_CP007471.1_Haemophilus_influenzae_strain_C486__complete_genome NODE_1_length_61020_cov_149.082642

CONTIG: NODE_2_length_27589_cov_169.095764 (27715bp)
Top Length: 27715  Top ID: 99.48
		Marking as insignificant: 918374 918453 | 11886 11965 | 80 80 | 100.0 | NZ_CP007471.1_Haemophilus_influenzae_strain_C486__complete_genome NODE_2_length_27589_cov_169.095764
		Marking as insignificant: 899344 899424 | 301 381 | 81 81 | 100.0 | NZ_CP007471.1_Haemophilus_influenzae_strain_C486__complete_genome NODE_2_length_27589_cov_169.095764
		Marking as insignificant: 899240 899324 | 297 381 | 85 85 | 100.0 | NZ_CP007471.1_Haemophilus_influenzae_strain_C486__complete_genome NODE_2_length_27589_cov_169.095764
		Marking as insignificant: 384041 384142 | 27715 27614 | 102 102 | 99.02 | NZ_CP007471.1_Haemophilus_influenzae_strain_C486__complete_genome NODE_2_length_27589_cov_169.095764
		Marking as insignificant: 762328 762452 | 27590 27715 | 125 126 | 98.41 | NZ_CP007471.1_Haemophilus_influenzae_strain_C486__complete_genome NODE_2_length_27589_cov_169.095764
		Marking as insignificant: 1070019 1070144 | 1 126 | 126 126 | 99.21 | NZ_CP007471.1_Haemophilus_influenzae_strain_C486__complete_genome NODE_2_length_27589_cov_169.095764
		Marking as insignificant: 924189 924314 | 1 126 | 126 126 | 99.21 | NZ_CP007471.1_Haemophilus_influenzae_strain_C486__complete_genome NODE_2_length_27589_cov_169.095764
		Marking as insignificant: 378507 378632 | 126 1 | 126 126 | 99.21 | NZ_CP007471.1_Haemophilus_influenzae_strain_C486__complete_genome NODE_2_length_27589_cov_169.095764
		Marking as insignificant: 260476 260600 | 27715 27590 | 125 126 | 99.21 | NZ_CP007471.1_Haemophilus_influenzae_strain_C486__complete_genome NODE_2_length_27589_cov_169.095764
		Marking as insignificant: 254584 254709 | 126 1 | 126 126 | 99.21 | NZ_CP007471.1_Haemophilus_influenzae_strain_C486__complete_genome NODE_2_length_27589_cov_169.095764
		Marking as insignificant: 800920 801045 | 1 126 | 126 126 | 100.0 | NZ_CP007471.1_Haemophilus_influenzae_strain_C486__complete_genome NODE_2_length_27589_cov_169.095764
		One align captures most of this contig: 767860 795590 | 1 27715 | 27731 27715 | 99.48 | NZ_CP007471.1_Haemophilus_influenzae_strain_C486__complete_genome NODE_2_length_27589_cov_169.095764

CONTIG: NODE_3_length_179628_cov_156.746414 (179754bp)
Top Length: 91623  Top ID: 98.67
		Skipping redundant alignment 795478 795622 | 144 1 | 145 144 | 97.24 | NZ_CP007471.1_Haemophilus_influenzae_strain_C486__complete_genome NODE_3_length_179628_cov_156.746414
		Skipping redundant alignment 384009 384152 | 1 141 | 144 141 | 95.14 | NZ_CP007471.1_Haemophilus_influenzae_strain_C486__complete_genome NODE_3_length_179628_cov_156.746414
		Skipping redundant alignment 654210 654308 | 55005 55103 | 99 99 | 100.0 | NZ_CP007471.1_Haemophilus_influenzae_strain_C486__complete_genome NODE_3_length_179628_cov_156.746414
		Skipping redundant alignment 907673 907754 | 98101 98020 | 82 82 | 100.0 | NZ_CP007471.1_Haemophilus_influenzae_strain_C486__complete_genome NODE_3_length_179628_cov_156.746414
		Skipping redundant alignment 1091759 1091836 | 98099 98022 | 78 78 | 100.0 | NZ_CP007471.1_Haemophilus_influenzae_strain_C486__complete_genome NODE_3_length_179628_cov_156.746414
		Skipping redundant alignment 907580 907672 | 98297 98205 | 93 93 | 98.92 | NZ_CP007471.1_Haemophilus_influenzae_strain_C486__complete_genome NODE_3_length_179628_cov_156.746414
		Skipping redundant alignment 907412 907649 | 143327 143091 | 238 237 | 96.64 | NZ_CP007471.1_Haemophilus_influenzae_strain_C486__complete_genome NODE_3_length_179628_cov_156.746414
		Skipping redundant alignment 602324 602402 | 143205 143283 | 79 79 | 100.0 | NZ_CP007471.1_Haemophilus_influenzae_strain_C486__complete_genome NODE_3_length_179628_cov_156.746414
		This contig is misassembled. 14 total aligns.
			Excluding internal overlap of size 2 between Alignment 1 and 2:  969004 971980 | 94598 91622 | 2977 2977 --> 969004 971978 | 94598 91624 | 2975 2975
			Real Alignment 1: 972771 1064461 | 91623 1 | 91691 91623 | 98.67 | NZ_CP007471.1_Haemophilus_influenzae_strain_C486__complete_genome NODE_3_length_179628_cov_156.746414
			  Gap between these two alignments (local misassembly). Inconsistency = 792 
			Real Alignment 2: 969004 971978 | 94598 91624 | 2975 2975 | 95.57 | NZ_CP007471.1_Haemophilus_influenzae_strain_C486__complete_genome NODE_3_length_179628_cov_156.746414
			  Extensive misassembly ( relocation, inconsistency = 3186 ) between these two alignments
			Real Alignment 3: 962121 965283 | 98297 95133 | 3163 3165 | 96.08 | NZ_CP007471.1_Haemophilus_influenzae_strain_C486__complete_genome NODE_3_length_179628_cov_156.746414
			  Extensive misassembly ( relocation, inconsistency = -44863 ) between these two alignments
			Real Alignment 4: 956048 962190 | 149233 143091 | 6143 6143 | 98.81 | NZ_CP007471.1_Haemophilus_influenzae_strain_C486__complete_genome NODE_3_length_179628_cov_156.746414
			  Extensive misassembly ( relocation, inconsistency = 1771 ) between these two alignments
			Real Alignment 5: 939042 952858 | 164470 150652 | 13817 13819 | 97.29 | NZ_CP007471.1_Haemophilus_influenzae_strain_C486__complete_genome NODE_3_length_179628_cov_156.746414
			  Overlap between these two alignments (local misassembly). Inconsistency = -18 
			Real Alignment 6: 923772 937959 | 179754 165571 | 14188 14184 | 98.38 | NZ_CP007471.1_Haemophilus_influenzae_strain_C486__complete_genome NODE_3_length_179628_cov_156.746414

CONTIG: NODE_4_length_5921_cov_282.400604 (6047bp)
Top Length: 4648  Top ID: 95.61
			Skipping redundant alignments after choosing the best set of alignments
		Skipping redundant alignment 1517810 1522458 | 1400 6047 | 4649 4648 | 95.61 | NZ_CP007471.1_Haemophilus_influenzae_strain_C486__complete_genome NODE_4_length_5921_cov_282.400604
		This contig is partially unaligned. (Aligned 4648 out of 6047 bases)
		Alignment: 1130505 1135153 | 6047 1400 | 4649 4648 | 95.61 | NZ_CP007471.1_Haemophilus_influenzae_strain_C486__complete_genome NODE_4_length_5921_cov_282.400604
		Unaligned bases: 1 to 1399 (1399)
		This contig has both significant aligned and unaligned parts (of length >= min-contig)!

CONTIG: NODE_5_length_444826_cov_179.227036 (444952bp)
Top Length: 144756  Top ID: 99.03
		Skipping redundant alignment 260492 260632 | 1 142 | 141 142 | 99.3 | NZ_CP007471.1_Haemophilus_influenzae_strain_C486__complete_genome NODE_5_length_444826_cov_179.227036
		Skipping redundant alignment 795465 795574 | 110 1 | 110 110 | 100.0 | NZ_CP007471.1_Haemophilus_influenzae_strain_C486__complete_genome NODE_5_length_444826_cov_179.227036
		Skipping redundant alignment 1009357 1009455 | 107668 107766 | 99 99 | 100.0 | NZ_CP007471.1_Haemophilus_influenzae_strain_C486__complete_genome NODE_5_length_444826_cov_179.227036
		Skipping redundant alignment 434566 434681 | 137977 137862 | 116 116 | 99.14 | NZ_CP007471.1_Haemophilus_influenzae_strain_C486__complete_genome NODE_5_length_444826_cov_179.227036
		Skipping redundant alignment 1197802 1197917 | 137862 137977 | 116 116 | 99.14 | NZ_CP007471.1_Haemophilus_influenzae_strain_C486__complete_genome NODE_5_length_444826_cov_179.227036
		Skipping redundant alignment 434565 434677 | 137974 137862 | 113 113 | 99.12 | NZ_CP007471.1_Haemophilus_influenzae_strain_C486__complete_genome NODE_5_length_444826_cov_179.227036
		Skipping redundant alignment 434590 434699 | 137977 137868 | 110 110 | 100.0 | NZ_CP007471.1_Haemophilus_influenzae_strain_C486__complete_genome NODE_5_length_444826_cov_179.227036
		Skipping redundant alignment 1197796 1197905 | 137868 137977 | 110 110 | 100.0 | NZ_CP007471.1_Haemophilus_influenzae_strain_C486__complete_genome NODE_5_length_444826_cov_179.227036
		Skipping redundant alignment 1197794 1197901 | 137870 137977 | 108 108 | 100.0 | NZ_CP007471.1_Haemophilus_influenzae_strain_C486__complete_genome NODE_5_length_444826_cov_179.227036
		Skipping redundant alignment 907457 907535 | 159624 159702 | 79 79 | 100.0 | NZ_CP007471.1_Haemophilus_influenzae_strain_C486__complete_genome NODE_5_length_444826_cov_179.227036
		Skipping redundant alignment 961997 962075 | 159624 159702 | 79 79 | 100.0 | NZ_CP007471.1_Haemophilus_influenzae_strain_C486__complete_genome NODE_5_length_444826_cov_179.227036
		Skipping redundant alignment 109728 109809 | 326616 326535 | 82 82 | 100.0 | NZ_CP007471.1_Haemophilus_influenzae_strain_C486__complete_genome NODE_5_length_444826_cov_179.227036
		Skipping redundant alignment 1197793 1197874 | 326535 326616 | 82 82 | 100.0 | NZ_CP007471.1_Haemophilus_influenzae_strain_C486__complete_genome NODE_5_length_444826_cov_179.227036
		Skipping redundant alignment 624048 624112 | 326599 326535 | 65 65 | 100.0 | NZ_CP007471.1_Haemophilus_influenzae_strain_C486__complete_genome NODE_5_length_444826_cov_179.227036
		Skipping redundant alignment 1197798 1197878 | 326536 326616 | 81 81 | 100.0 | NZ_CP007471.1_Haemophilus_influenzae_strain_C486__complete_genome NODE_5_length_444826_cov_179.227036
		Skipping redundant alignment 1197838 1197918 | 326536 326616 | 81 81 | 100.0 | NZ_CP007471.1_Haemophilus_influenzae_strain_C486__complete_genome NODE_5_length_444826_cov_179.227036
		Skipping redundant alignment 109702 109780 | 326614 326536 | 79 79 | 100.0 | NZ_CP007471.1_Haemophilus_influenzae_strain_C486__complete_genome NODE_5_length_444826_cov_179.227036
		Skipping redundant alignment 366077 367394 | 354314 355631 | 1318 1318 | 96.74 | NZ_CP007471.1_Haemophilus_influenzae_strain_C486__complete_genome NODE_5_length_444826_cov_179.227036
		Skipping redundant alignment 306516 307143 | 382113 381486 | 628 628 | 98.25 | NZ_CP007471.1_Haemophilus_influenzae_strain_C486__complete_genome NODE_5_length_444826_cov_179.227036
		Skipping redundant alignment 323827 324454 | 400697 400070 | 628 628 | 98.25 | NZ_CP007471.1_Haemophilus_influenzae_strain_C486__complete_genome NODE_5_length_444826_cov_179.227036
		Skipping redundant alignment 309751 309986 | 408842 408607 | 236 236 | 95.76 | NZ_CP007471.1_Haemophilus_influenzae_strain_C486__complete_genome NODE_5_length_444826_cov_179.227036
		Skipping redundant alignment 334389 334555 | 435192 435027 | 167 166 | 98.8 | NZ_CP007471.1_Haemophilus_influenzae_strain_C486__complete_genome NODE_5_length_444826_cov_179.227036
		Skipping redundant alignment 392451 392592 | 435168 435027 | 142 142 | 97.18 | NZ_CP007471.1_Haemophilus_influenzae_strain_C486__complete_genome NODE_5_length_444826_cov_179.227036
		Skipping redundant alignment 334405 334517 | 435193 435081 | 113 113 | 100.0 | NZ_CP007471.1_Haemophilus_influenzae_strain_C486__complete_genome NODE_5_length_444826_cov_179.227036
		Skipping redundant alignment 392451 392554 | 435188 435085 | 104 104 | 100.0 | NZ_CP007471.1_Haemophilus_influenzae_strain_C486__complete_genome NODE_5_length_444826_cov_179.227036
		Skipping redundant alignment 392443 392554 | 435200 435089 | 112 112 | 100.0 | NZ_CP007471.1_Haemophilus_influenzae_strain_C486__complete_genome NODE_5_length_444826_cov_179.227036
		Skipping redundant alignment 762296 762436 | 444811 444952 | 141 142 | 97.89 | NZ_CP007471.1_Haemophilus_influenzae_strain_C486__complete_genome NODE_5_length_444826_cov_179.227036
		Skipping redundant alignment 795465 795574 | 444843 444952 | 110 110 | 100.0 | NZ_CP007471.1_Haemophilus_influenzae_strain_C486__complete_genome NODE_5_length_444826_cov_179.227036
			Skipping redundant alignments after choosing the best set of alignments
		Skipping redundant alignment 260492 270317 | 444952 435121 | 9826 9832 | 98.47 | NZ_CP007471.1_Haemophilus_influenzae_strain_C486__complete_genome NODE_5_length_444826_cov_179.227036
		This contig is misassembled. 46 total aligns.
			Real Alignment 1: 733791 762436 | 28614 1 | 28646 28614 | 98.6 | NZ_CP007471.1_Haemophilus_influenzae_strain_C486__complete_genome NODE_5_length_444826_cov_179.227036
			  Gap between these two alignments (local misassembly). Inconsistency = 150 
			Excluding internal overlap of size 10 between Alignment 2 and 3:  722687 731716 | 39573 30539 | 9030 9035 --> 722697 731716 | 39563 30539 | 9020 9025
			Real Alignment 2: 722697 731716 | 39563 30539 | 9020 9025 | 96.69 | NZ_CP007471.1_Haemophilus_influenzae_strain_C486__complete_genome NODE_5_length_444826_cov_179.227036
			  Gap between these two alignments (local misassembly). Inconsistency = 281 
			Real Alignment 3: 662378 722415 | 99446 39564 | 60038 59883 | 97.37 | NZ_CP007471.1_Haemophilus_influenzae_strain_C486__complete_genome NODE_5_length_444826_cov_179.227036
			  Overlap between these two alignments (local misassembly). Inconsistency = -151 
			Excluding internal overlap of size 32 between Alignment 4 and 5:  590657 599442 | 171354 162566 | 8786 8789 --> 590657 599410 | 171354 162598 | 8754 8757
			Real Alignment 4: 599465 662373 | 162597 99602 | 62909 62996 | 97.82 | NZ_CP007471.1_Haemophilus_influenzae_strain_C486__complete_genome NODE_5_length_444826_cov_179.227036
			  Fake misassembly between these two alignments: inconsistency = 54 , gap in the contig is small or absent or filled mostly with Ns (long indel: deletion of length 54; 0 mismatches)
			Real Alignment 5: 590657 599410 | 171354 162598 | 8754 8757 | 97.24 | NZ_CP007471.1_Haemophilus_influenzae_strain_C486__complete_genome NODE_5_length_444826_cov_179.227036
			  Overlap between these two alignments (local misassembly). Inconsistency = -15 
			Excluding internal overlap of size 8 between Alignment 6 and 7:  567060 577164 | 194113 184023 | 10105 10091 --> 567060 577156 | 194113 184031 | 10097 10083
			Real Alignment 6: 577919 590032 | 184030 171994 | 12114 12037 | 96.02 | NZ_CP007471.1_Haemophilus_influenzae_strain_C486__complete_genome NODE_5_length_444826_cov_179.227036
			  Gap between these two alignments (local misassembly). Inconsistency = 762 
			Real Alignment 7: 567060 577156 | 194113 184031 | 10097 10083 | 97.3 | NZ_CP007471.1_Haemophilus_influenzae_strain_C486__complete_genome NODE_5_length_444826_cov_179.227036
			  Overlap between these two alignments (local misassembly). Inconsistency = -54 
			Real Alignment 8: 421981 566784 | 339198 194443 | 144804 144756 | 99.03 | NZ_CP007471.1_Haemophilus_influenzae_strain_C486__complete_genome NODE_5_length_444826_cov_179.227036
			  Extensive misassembly ( relocation, inconsistency = -2754 ) between these two alignments
			Real Alignment 9: 393860 421979 | 370085 341954 | 28120 28132 | 97.19 | NZ_CP007471.1_Haemophilus_influenzae_strain_C486__complete_genome NODE_5_length_444826_cov_179.227036
			  Extensive misassembly ( relocation, inconsistency = 58004 ) between these two alignments
			Excluding internal overlap of size 14 between Alignment 10 and 11:  310919 320813 | 394957 385057 | 9895 9901 --> 310919 320799 | 394957 385071 | 9881 9887
			Real Alignment 10: 320870 334344 | 385070 371597 | 13475 13474 | 98.17 | NZ_CP007471.1_Haemophilus_influenzae_strain_C486__complete_genome NODE_5_length_444826_cov_179.227036
			  Fake misassembly between these two alignments: inconsistency = 70 , gap in the contig is small or absent or filled mostly with Ns (long indel: deletion of length 70; 0 mismatches)
			Real Alignment 11: 310919 320799 | 394957 385071 | 9881 9887 | 98.86 | NZ_CP007471.1_Haemophilus_influenzae_strain_C486__complete_genome NODE_5_length_444826_cov_179.227036
			  Extensive misassembly ( relocation, inconsistency = -1318 ) between these two alignments
			Excluding internal overlap of size 9 between Alignment 12 and 13:  300497 310883 | 406711 396311 | 10387 10401 --> 300506 310883 | 406702 396311 | 10378 10392
			Real Alignment 12: 300506 310883 | 406702 396311 | 10378 10392 | 99.19 | NZ_CP007471.1_Haemophilus_influenzae_strain_C486__complete_genome NODE_5_length_444826_cov_179.227036
			  Gap between these two alignments (local misassembly). Inconsistency = 418 
			Excluding internal overlap of size 45 between Alignment 13 and 14:  278425 281165 | 425258 422518 | 2741 2741 --> 278425 281120 | 425258 422563 | 2696 2696
			Real Alignment 13: 284229 300087 | 422562 406703 | 15859 15860 | 98.62 | NZ_CP007471.1_Haemophilus_influenzae_strain_C486__complete_genome NODE_5_length_444826_cov_179.227036
			  Extensive misassembly ( relocation, inconsistency = 3108 ) between these two alignments
			Real Alignment 14: 278425 281120 | 425258 422563 | 2696 2696 | 96.13 | NZ_CP007471.1_Haemophilus_influenzae_strain_C486__complete_genome NODE_5_length_444826_cov_179.227036
			  Extensive misassembly ( relocation, inconsistency = -1683 ) between these two alignments
			Real Alignment 15: 271485 278431 | 433891 426935 | 6947 6957 | 95.12 | NZ_CP007471.1_Haemophilus_influenzae_strain_C486__complete_genome NODE_5_length_444826_cov_179.227036
			  Overlap between these two alignments (local misassembly). Inconsistency = -6 
			Excluding internal overlap of size 8 between Alignment 16 and 17:  270250 271388 | 435132 433994 | 1139 1139 --> 270258 271388 | 435124 433994 | 1131 1131
			Real Alignment 16: 270258 271388 | 435124 433994 | 1131 1131 | 96.66 | NZ_CP007471.1_Haemophilus_influenzae_strain_C486__complete_genome NODE_5_length_444826_cov_179.227036
			  Fake misassembly between these two alignments: inconsistency = -60 , gap in the contig is small or absent or filled mostly with Ns (long indel: insertion of length 60; 0 mismatches)
			Real Alignment 17: 260492 270317 | 444952 435125 | 9826 9828 | 98.51 | NZ_CP007471.1_Haemophilus_influenzae_strain_C486__complete_genome NODE_5_length_444826_cov_179.227036

CONTIG: NODE_6_length_842_cov_765.074829 (968bp)
Top Length: 968  Top ID: 99.9
		This contig has 6 significant alignments. [An ambiguously mapped contig]
		Using only first of these alignment (option --ambiguity-usage is set to "one"):
		Alignment: 382273 383240 | 1 968 | 968 968 | 99.9 | NZ_CP007471.1_Haemophilus_influenzae_strain_C486__complete_genome NODE_6_length_842_cov_765.074829
		Skipping alignment  763254 764221 | 968 1 | 968 968 | 99.9 | NZ_CP007471.1_Haemophilus_influenzae_strain_C486__complete_genome NODE_6_length_842_cov_765.074829
		Skipping alignment  919255 920222 | 968 1 | 968 968 | 99.9 | NZ_CP007471.1_Haemophilus_influenzae_strain_C486__complete_genome NODE_6_length_842_cov_765.074829
		Skipping alignment  1065229 1066196 | 968 1 | 968 968 | 99.9 | NZ_CP007471.1_Haemophilus_influenzae_strain_C486__complete_genome NODE_6_length_842_cov_765.074829
		Skipping alignment  258709 259676 | 1 968 | 968 968 | 99.79 | NZ_CP007471.1_Haemophilus_influenzae_strain_C486__complete_genome NODE_6_length_842_cov_765.074829
		Skipping alignment  796393 797360 | 968 1 | 968 968 | 99.79 | NZ_CP007471.1_Haemophilus_influenzae_strain_C486__complete_genome NODE_6_length_842_cov_765.074829

CONTIG: NODE_7_length_666_cov_698.303284 (792bp)
Top Length: 792  Top ID: 99.62
		This contig has 6 significant alignments. [An ambiguously mapped contig]
		Using only first of these alignment (option --ambiguity-usage is set to "one"):
		Alignment: 383115 383906 | 792 1 | 792 792 | 99.62 | NZ_CP007471.1_Haemophilus_influenzae_strain_C486__complete_genome NODE_7_length_666_cov_698.303284
		Skipping alignment  762588 763379 | 1 792 | 792 792 | 99.62 | NZ_CP007471.1_Haemophilus_influenzae_strain_C486__complete_genome NODE_7_length_666_cov_698.303284
		Skipping alignment  918589 919380 | 1 792 | 792 792 | 99.62 | NZ_CP007471.1_Haemophilus_influenzae_strain_C486__complete_genome NODE_7_length_666_cov_698.303284
		Skipping alignment  1064563 1065354 | 1 792 | 792 792 | 99.62 | NZ_CP007471.1_Haemophilus_influenzae_strain_C486__complete_genome NODE_7_length_666_cov_698.303284
		Skipping alignment  259551 260342 | 792 1 | 792 792 | 99.49 | NZ_CP007471.1_Haemophilus_influenzae_strain_C486__complete_genome NODE_7_length_666_cov_698.303284
		Skipping alignment  795726 796518 | 1 792 | 793 792 | 98.99 | NZ_CP007471.1_Haemophilus_influenzae_strain_C486__complete_genome NODE_7_length_666_cov_698.303284

CONTIG: NODE_10_length_50905_cov_184.963623 (51031bp)
Top Length: 28679  Top ID: 97.1
		Skipping redundant alignment 378466 378632 | 167 1 | 167 167 | 96.41 | NZ_CP007471.1_Haemophilus_influenzae_strain_C486__complete_genome NODE_10_length_50905_cov_184.963623
		Skipping redundant alignment 1070019 1070152 | 1 134 | 134 134 | 99.25 | NZ_CP007471.1_Haemophilus_influenzae_strain_C486__complete_genome NODE_10_length_50905_cov_184.963623
		Skipping redundant alignment 767860 767985 | 1 126 | 126 126 | 99.21 | NZ_CP007471.1_Haemophilus_influenzae_strain_C486__complete_genome NODE_10_length_50905_cov_184.963623
		Skipping redundant alignment 408303 409117 | 9351 10165 | 815 815 | 96.56 | NZ_CP007471.1_Haemophilus_influenzae_strain_C486__complete_genome NODE_10_length_50905_cov_184.963623
		Skipping redundant alignment 270250 270317 | 42510 42443 | 68 68 | 100.0 | NZ_CP007471.1_Haemophilus_influenzae_strain_C486__complete_genome NODE_10_length_50905_cov_184.963623
		Skipping redundant alignment 270252 270317 | 42512 42447 | 66 66 | 100.0 | NZ_CP007471.1_Haemophilus_influenzae_strain_C486__complete_genome NODE_10_length_50905_cov_184.963623
		Skipping redundant alignment 1064321 1064478 | 50871 51031 | 158 161 | 95.65 | NZ_CP007471.1_Haemophilus_influenzae_strain_C486__complete_genome NODE_10_length_50905_cov_184.963623
		Skipping redundant alignment 795489 795639 | 50881 51031 | 151 151 | 98.68 | NZ_CP007471.1_Haemophilus_influenzae_strain_C486__complete_genome NODE_10_length_50905_cov_184.963623
		Skipping redundant alignment 260427 260576 | 51031 50881 | 150 151 | 98.01 | NZ_CP007471.1_Haemophilus_influenzae_strain_C486__complete_genome NODE_10_length_50905_cov_184.963623
		Skipping redundant alignment 762352 762501 | 50881 51031 | 150 151 | 98.01 | NZ_CP007471.1_Haemophilus_influenzae_strain_C486__complete_genome NODE_10_length_50905_cov_184.963623
			Skipping redundant alignments after choosing the best set of alignments
		Skipping redundant alignment 800920 801095 | 1 171 | 176 171 | 96.59 | NZ_CP007471.1_Haemophilus_influenzae_strain_C486__complete_genome NODE_10_length_50905_cov_184.963623
		This contig is misassembled. 16 total aligns.
			Real Alignment 1: 254539 254709 | 171 1 | 171 171 | 99.42 | NZ_CP007471.1_Haemophilus_influenzae_strain_C486__complete_genome NODE_10_length_50905_cov_184.963623
			  Extensive misassembly ( relocation, inconsistency = -122018 ) between these two alignments
			Real Alignment 2: 366580 376556 | 10165 172 | 9977 9994 | 97.8 | NZ_CP007471.1_Haemophilus_influenzae_strain_C486__complete_genome NODE_10_length_50905_cov_184.963623
			  Fake misassembly between these two alignments: inconsistency = -2 , gap in the contig is small or absent or filled mostly with Ns (short indel: insertion of length 2; 0 mismatches)
			Real Alignment 3: 337656 366289 | 39136 10458 | 28634 28679 | 97.1 | NZ_CP007471.1_Haemophilus_influenzae_strain_C486__complete_genome NODE_10_length_50905_cov_184.963623
			  Extensive misassembly ( relocation, inconsistency = 64088 ) between these two alignments
			Real Alignment 4: 270250 270355 | 42454 42349 | 106 106 | 98.11 | NZ_CP007471.1_Haemophilus_influenzae_strain_C486__complete_genome NODE_10_length_50905_cov_184.963623
			  Extensive misassembly ( relocation, inconsistency = -122304 ) between these two alignments
			Real Alignment 5: 383992 392396 | 51031 42612 | 8405 8420 | 99.19 | NZ_CP007471.1_Haemophilus_influenzae_strain_C486__complete_genome NODE_10_length_50905_cov_184.963623

CONTIG: NODE_11_length_1086_cov_655.151917 (1212bp)
Top Length: 1212  Top ID: 100.0
		This contig has 6 significant alignments. [An ambiguously mapped contig]
		Using only first of these alignment (option --ambiguity-usage is set to "one"):
		Alignment: 255189 256400 | 1 1212 | 1212 1212 | 100.0 | NZ_CP007471.1_Haemophilus_influenzae_strain_C486__complete_genome NODE_11_length_1086_cov_655.151917
		Skipping alignment  799309 800520 | 1212 1 | 1212 1212 | 100.0 | NZ_CP007471.1_Haemophilus_influenzae_strain_C486__complete_genome NODE_11_length_1086_cov_655.151917
		Skipping alignment  922531 923742 | 1212 1 | 1212 1212 | 100.0 | NZ_CP007471.1_Haemophilus_influenzae_strain_C486__complete_genome NODE_11_length_1086_cov_655.151917
		Skipping alignment  1068392 1069603 | 1212 1 | 1212 1212 | 100.0 | NZ_CP007471.1_Haemophilus_influenzae_strain_C486__complete_genome NODE_11_length_1086_cov_655.151917
		Skipping alignment  379117 380322 | 7 1212 | 1206 1206 | 99.92 | NZ_CP007471.1_Haemophilus_influenzae_strain_C486__complete_genome NODE_11_length_1086_cov_655.151917
		Skipping alignment  766170 767375 | 1212 7 | 1206 1206 | 99.92 | NZ_CP007471.1_Haemophilus_influenzae_strain_C486__complete_genome NODE_11_length_1086_cov_655.151917

CONTIG: NODE_12_length_87982_cov_144.570938 (88108bp)
Top Length: 51469  Top ID: 98.43
		Skipping redundant alignment 1702518 1702737 | 34014 33795 | 220 220 | 96.36 | NZ_CP007471.1_Haemophilus_influenzae_strain_C486__complete_genome NODE_12_length_87982_cov_144.570938
		Skipping redundant alignment 434571 434702 | 64195 64064 | 132 132 | 100.0 | NZ_CP007471.1_Haemophilus_influenzae_strain_C486__complete_genome NODE_12_length_87982_cov_144.570938
		Skipping redundant alignment 109702 109809 | 64171 64064 | 108 108 | 100.0 | NZ_CP007471.1_Haemophilus_influenzae_strain_C486__complete_genome NODE_12_length_87982_cov_144.570938
		Skipping redundant alignment 624048 624112 | 64128 64064 | 65 65 | 100.0 | NZ_CP007471.1_Haemophilus_influenzae_strain_C486__complete_genome NODE_12_length_87982_cov_144.570938
		Skipping redundant alignment 434565 434693 | 64193 64065 | 129 129 | 100.0 | NZ_CP007471.1_Haemophilus_influenzae_strain_C486__complete_genome NODE_12_length_87982_cov_144.570938
		Skipping redundant alignment 1260745 1261081 | 83399 83733 | 337 335 | 97.92 | NZ_CP007471.1_Haemophilus_influenzae_strain_C486__complete_genome NODE_12_length_87982_cov_144.570938
		Skipping redundant alignment 1265811 1265936 | 87983 88108 | 126 126 | 98.41 | NZ_CP007471.1_Haemophilus_influenzae_strain_C486__complete_genome NODE_12_length_87982_cov_144.570938
		This contig is misassembled. 11 total aligns.
			Excluding internal overlap of size 1 between Alignment 1 and 2:  1139571 1140735 | 3433 4597 | 1165 1165 --> 1139571 1140734 | 3433 4596 | 1164 1164
			Real Alignment 1: 1139571 1140734 | 3433 4596 | 1164 1164 | 97.51 | NZ_CP007471.1_Haemophilus_influenzae_strain_C486__complete_genome NODE_12_length_87982_cov_144.570938
			  Gap between these two alignments (local misassembly). Inconsistency = 110 
			Real Alignment 2: 1140845 1147794 | 4597 11542 | 6950 6946 | 96.48 | NZ_CP007471.1_Haemophilus_influenzae_strain_C486__complete_genome NODE_12_length_87982_cov_144.570938
			  Extensive misassembly ( relocation, inconsistency = -2634 ) between these two alignments
			Excluding internal overlap of size 675 between Alignment 3 and 4:  1147749 1170937 | 14131 37314 | 23189 23184 --> 1147749 1170262 | 14131 36639 | 22514 22509
			Real Alignment 3: 1147749 1170262 | 14131 36639 | 22514 22509 | 98.35 | NZ_CP007471.1_Haemophilus_influenzae_strain_C486__complete_genome NODE_12_length_87982_cov_144.570938
			  Gap between these two alignments (local misassembly). Inconsistency = 108 
			Real Alignment 4: 1170371 1221836 | 36640 88108 | 51466 51469 | 98.43 | NZ_CP007471.1_Haemophilus_influenzae_strain_C486__complete_genome NODE_12_length_87982_cov_144.570938

CONTIG: NODE_20_length_483_cov_386.440979 (609bp)
Top Length: 609  Top ID: 100.0
		Marking as insignificant: 797542 797750 | 399 609 | 209 211 | 97.63 | NZ_CP007471.1_Haemophilus_influenzae_strain_C486__complete_genome NODE_20_length_483_cov_386.440979
		Marking as insignificant: 764403 764611 | 399 609 | 209 211 | 97.63 | NZ_CP007471.1_Haemophilus_influenzae_strain_C486__complete_genome NODE_20_length_483_cov_386.440979
		Marking as insignificant: 381881 382091 | 609 399 | 211 211 | 98.58 | NZ_CP007471.1_Haemophilus_influenzae_strain_C486__complete_genome NODE_20_length_483_cov_386.440979
		This contig has 3 significant alignments. [An ambiguously mapped contig]
		Using only first of these alignment (option --ambiguity-usage is set to "one"):
		Alignment: 258072 258680 | 609 1 | 609 609 | 100.0 | NZ_CP007471.1_Haemophilus_influenzae_strain_C486__complete_genome NODE_20_length_483_cov_386.440979
		Skipping alignment  920251 920859 | 1 609 | 609 609 | 100.0 | NZ_CP007471.1_Haemophilus_influenzae_strain_C486__complete_genome NODE_20_length_483_cov_386.440979
		Skipping alignment  1066225 1066833 | 1 609 | 609 609 | 100.0 | NZ_CP007471.1_Haemophilus_influenzae_strain_C486__complete_genome NODE_20_length_483_cov_386.440979

CONTIG: NODE_23_length_1186_cov_265.353302 (1312bp)
Top Length: 1312  Top ID: 100.0
		Marking as insignificant: 1265811 1267122 | 1 1312 | 1312 1312 | 98.25 | NZ_CP007471.1_Haemophilus_influenzae_strain_C486__complete_genome NODE_23_length_1186_cov_265.353302
		One align captures most of this contig: 1221711 1223022 | 1 1312 | 1312 1312 | 100.0 | NZ_CP007471.1_Haemophilus_influenzae_strain_C486__complete_genome NODE_23_length_1186_cov_265.353302

CONTIG: NODE_26_length_118173_cov_164.728897 (118299bp)
Top Length: 68816  Top ID: 98.87
		Skipping redundant alignment 767546 767663 | 9 126 | 118 118 | 99.15 | NZ_CP007471.1_Haemophilus_influenzae_strain_C486__complete_genome NODE_26_length_118173_cov_164.728897
		Skipping redundant alignment 254514 254791 | 444 162 | 278 283 | 95.41 | NZ_CP007471.1_Haemophilus_influenzae_strain_C486__complete_genome NODE_26_length_118173_cov_164.728897
		Skipping redundant alignment 767779 767985 | 163 369 | 207 207 | 97.58 | NZ_CP007471.1_Haemophilus_influenzae_strain_C486__complete_genome NODE_26_length_118173_cov_164.728897
		Skipping redundant alignment 768156 768240 | 98164 98248 | 85 85 | 100.0 | NZ_CP007471.1_Haemophilus_influenzae_strain_C486__complete_genome NODE_26_length_118173_cov_164.728897
		Skipping redundant alignment 768160 768240 | 98268 98348 | 81 81 | 100.0 | NZ_CP007471.1_Haemophilus_influenzae_strain_C486__complete_genome NODE_26_length_118173_cov_164.728897
		Skipping redundant alignment 961951 962213 | 106331 106594 | 263 264 | 96.98 | NZ_CP007471.1_Haemophilus_influenzae_strain_C486__complete_genome NODE_26_length_118173_cov_164.728897
		Skipping redundant alignment 602324 602402 | 106457 106379 | 79 79 | 100.0 | NZ_CP007471.1_Haemophilus_influenzae_strain_C486__complete_genome NODE_26_length_118173_cov_164.728897
		Skipping redundant alignment 962317 962398 | 106595 106676 | 82 82 | 100.0 | NZ_CP007471.1_Haemophilus_influenzae_strain_C486__complete_genome NODE_26_length_118173_cov_164.728897
		Skipping redundant alignment 1091759 1091836 | 106597 106674 | 78 78 | 100.0 | NZ_CP007471.1_Haemophilus_influenzae_strain_C486__complete_genome NODE_26_length_118173_cov_164.728897
		Skipping redundant alignment 779761 779840 | 117296 117375 | 80 80 | 100.0 | NZ_CP007471.1_Haemophilus_influenzae_strain_C486__complete_genome NODE_26_length_118173_cov_164.728897
		Skipping redundant alignment 259551 260472 | 118299 117378 | 922 922 | 99.46 | NZ_CP007471.1_Haemophilus_influenzae_strain_C486__complete_genome NODE_26_length_118173_cov_164.728897
		Skipping redundant alignment 1064433 1065354 | 117378 118299 | 922 922 | 99.35 | NZ_CP007471.1_Haemophilus_influenzae_strain_C486__complete_genome NODE_26_length_118173_cov_164.728897
		Skipping redundant alignment 383115 384037 | 118299 117378 | 923 922 | 99.24 | NZ_CP007471.1_Haemophilus_influenzae_strain_C486__complete_genome NODE_26_length_118173_cov_164.728897
		Skipping redundant alignment 762456 763379 | 117378 118299 | 924 922 | 99.24 | NZ_CP007471.1_Haemophilus_influenzae_strain_C486__complete_genome NODE_26_length_118173_cov_164.728897
		Skipping redundant alignment 795594 796518 | 117378 118299 | 925 922 | 99.03 | NZ_CP007471.1_Haemophilus_influenzae_strain_C486__complete_genome NODE_26_length_118173_cov_164.728897
		This contig is misassembled. 17 total aligns.
			Real Alignment 1: 800677 849884 | 1 49288 | 49208 49288 | 98.57 | NZ_CP007471.1_Haemophilus_influenzae_strain_C486__complete_genome NODE_26_length_118173_cov_164.728897
			  Gap between these two alignments (local misassembly). Inconsistency = 606 
			Real Alignment 2: 850686 919380 | 49484 118299 | 68695 68816 | 98.87 | NZ_CP007471.1_Haemophilus_influenzae_strain_C486__complete_genome NODE_26_length_118173_cov_164.728897

CONTIG: NODE_28_length_2167_cov_134.466080 (2293bp)
		This contig is unaligned. (2293 bp)
		Unaligned bases: 2293  total: 2293

CONTIG: NODE_39_length_42854_cov_142.599518 (42980bp)
Top Length: 42980  Top ID: 99.0
		Marking as insignificant: 1266997 1267122 | 42980 42855 | 126 126 | 100.0 | NZ_CP007471.1_Haemophilus_influenzae_strain_C486__complete_genome NODE_39_length_42854_cov_142.599518
		Marking as insignificant: 1221711 1221836 | 126 1 | 126 126 | 100.0 | NZ_CP007471.1_Haemophilus_influenzae_strain_C486__complete_genome NODE_39_length_42854_cov_142.599518
		Marking as insignificant: 1387148 1387407 | 40229 40488 | 260 260 | 98.46 | NZ_CP007471.1_Haemophilus_influenzae_strain_C486__complete_genome NODE_39_length_42854_cov_142.599518
		Marking as insignificant: 1217127 1217461 | 5192 4856 | 335 337 | 97.92 | NZ_CP007471.1_Haemophilus_influenzae_strain_C486__complete_genome NODE_39_length_42854_cov_142.599518
		Marking as insignificant: 1386062 1386722 | 39566 40227 | 661 662 | 96.68 | NZ_CP007471.1_Haemophilus_influenzae_strain_C486__complete_genome NODE_39_length_42854_cov_142.599518
		Marking as insignificant: 1391687 1393385 | 40542 42239 | 1699 1698 | 97.17 | NZ_CP007471.1_Haemophilus_influenzae_strain_C486__complete_genome NODE_39_length_42854_cov_142.599518
		One align captures most of this contig: 1222897 1265936 | 42980 1 | 43040 42980 | 99.0 | NZ_CP007471.1_Haemophilus_influenzae_strain_C486__complete_genome NODE_39_length_42854_cov_142.599518

CONTIG: NODE_45_length_390_cov_744.241028 (516bp)
Top Length: 516  Top ID: 100.0
		This contig has 6 significant alignments. [An ambiguously mapped contig]
		Using only first of these alignment (option --ambiguity-usage is set to "one"):
		Alignment: 256770 257285 | 516 1 | 516 516 | 100.0 | NZ_CP007471.1_Haemophilus_influenzae_strain_C486__complete_genome NODE_45_length_390_cov_744.241028
		Skipping alignment  380579 381094 | 516 1 | 516 516 | 100.0 | NZ_CP007471.1_Haemophilus_influenzae_strain_C486__complete_genome NODE_45_length_390_cov_744.241028
		Skipping alignment  765398 765913 | 1 516 | 516 516 | 100.0 | NZ_CP007471.1_Haemophilus_influenzae_strain_C486__complete_genome NODE_45_length_390_cov_744.241028
		Skipping alignment  798537 799052 | 1 516 | 516 516 | 100.0 | NZ_CP007471.1_Haemophilus_influenzae_strain_C486__complete_genome NODE_45_length_390_cov_744.241028
		Skipping alignment  921646 922161 | 1 516 | 516 516 | 100.0 | NZ_CP007471.1_Haemophilus_influenzae_strain_C486__complete_genome NODE_45_length_390_cov_744.241028
		Skipping alignment  1067620 1068135 | 1 516 | 516 516 | 100.0 | NZ_CP007471.1_Haemophilus_influenzae_strain_C486__complete_genome NODE_45_length_390_cov_744.241028

CONTIG: NODE_47_length_398_cov_79.638191 (524bp)
Top Length: 524  Top ID: 99.24
		Marking as insignificant: 797542 797665 | 126 1 | 124 126 | 95.24 | NZ_CP007471.1_Haemophilus_influenzae_strain_C486__complete_genome NODE_47_length_398_cov_79.638191
		Marking as insignificant: 764403 764526 | 126 1 | 124 126 | 95.24 | NZ_CP007471.1_Haemophilus_influenzae_strain_C486__complete_genome NODE_47_length_398_cov_79.638191
		Marking as insignificant: 381966 382091 | 1 126 | 126 126 | 100.0 | NZ_CP007471.1_Haemophilus_influenzae_strain_C486__complete_genome NODE_47_length_398_cov_79.638191
		This contig has 3 significant alignments. [An ambiguously mapped contig]
		Using only first of these alignment (option --ambiguity-usage is set to "one"):
		Alignment: 258157 258680 | 1 524 | 524 524 | 99.24 | NZ_CP007471.1_Haemophilus_influenzae_strain_C486__complete_genome NODE_47_length_398_cov_79.638191
		Skipping alignment  920251 920774 | 524 1 | 524 524 | 99.24 | NZ_CP007471.1_Haemophilus_influenzae_strain_C486__complete_genome NODE_47_length_398_cov_79.638191
		Skipping alignment  1066225 1066748 | 524 1 | 524 524 | 99.24 | NZ_CP007471.1_Haemophilus_influenzae_strain_C486__complete_genome NODE_47_length_398_cov_79.638191

CONTIG: NODE_49_length_250248_cov_144.423798 (250374bp)
Top Length: 167941  Top ID: 98.34
		Skipping redundant alignment 1503447 1513558 | 10106 1 | 10112 10106 | 96.19 | NZ_CP007471.1_Haemophilus_influenzae_strain_C486__complete_genome NODE_49_length_250248_cov_144.423798
		Skipping redundant alignment 1139452 1139632 | 22 201 | 181 180 | 98.34 | NZ_CP007471.1_Haemophilus_influenzae_strain_C486__complete_genome NODE_49_length_250248_cov_144.423798
		Skipping redundant alignment 1572773 1572906 | 36439 36306 | 134 134 | 98.51 | NZ_CP007471.1_Haemophilus_influenzae_strain_C486__complete_genome NODE_49_length_250248_cov_144.423798
		Skipping redundant alignment 1223667 1225364 | 120178 121876 | 1698 1699 | 97.35 | NZ_CP007471.1_Haemophilus_influenzae_strain_C486__complete_genome NODE_49_length_250248_cov_144.423798
		Skipping redundant alignment 1225373 1225708 | 126080 126415 | 336 336 | 98.51 | NZ_CP007471.1_Haemophilus_influenzae_strain_C486__complete_genome NODE_49_length_250248_cov_144.423798
		Skipping redundant alignment 1225710 1226371 | 126841 127501 | 662 661 | 96.83 | NZ_CP007471.1_Haemophilus_influenzae_strain_C486__complete_genome NODE_49_length_250248_cov_144.423798
		Skipping redundant alignment 270252 270325 | 189232 189305 | 74 74 | 98.65 | NZ_CP007471.1_Haemophilus_influenzae_strain_C486__complete_genome NODE_49_length_250248_cov_144.423798
		Skipping redundant alignment 334452 334525 | 189232 189305 | 74 74 | 98.65 | NZ_CP007471.1_Haemophilus_influenzae_strain_C486__complete_genome NODE_49_length_250248_cov_144.423798
		Skipping redundant alignment 334408 334473 | 189232 189297 | 66 66 | 100.0 | NZ_CP007471.1_Haemophilus_influenzae_strain_C486__complete_genome NODE_49_length_250248_cov_144.423798
		Skipping redundant alignment 392453 392518 | 189232 189297 | 66 66 | 100.0 | NZ_CP007471.1_Haemophilus_influenzae_strain_C486__complete_genome NODE_49_length_250248_cov_144.423798
		Skipping redundant alignment 392489 392554 | 189232 189297 | 66 66 | 100.0 | NZ_CP007471.1_Haemophilus_influenzae_strain_C486__complete_genome NODE_49_length_250248_cov_144.423798
		Skipping redundant alignment 589711 589780 | 245025 244956 | 70 70 | 100.0 | NZ_CP007471.1_Haemophilus_influenzae_strain_C486__complete_genome NODE_49_length_250248_cov_144.423798
		Skipping redundant alignment 213928 214011 | 244957 245040 | 84 84 | 100.0 | NZ_CP007471.1_Haemophilus_influenzae_strain_C486__complete_genome NODE_49_length_250248_cov_144.423798
		Skipping redundant alignment 213928 214011 | 244969 245052 | 84 84 | 100.0 | NZ_CP007471.1_Haemophilus_influenzae_strain_C486__complete_genome NODE_49_length_250248_cov_144.423798
		Skipping redundant alignment 589712 589779 | 245052 244985 | 68 68 | 100.0 | NZ_CP007471.1_Haemophilus_influenzae_strain_C486__complete_genome NODE_49_length_250248_cov_144.423798
		Skipping redundant alignment 1223019 1223671 | 248617 247965 | 653 653 | 97.7 | NZ_CP007471.1_Haemophilus_influenzae_strain_C486__complete_genome NODE_49_length_250248_cov_144.423798
		Skipping redundant alignment 1222897 1223022 | 250374 250249 | 126 126 | 100.0 | NZ_CP007471.1_Haemophilus_influenzae_strain_C486__complete_genome NODE_49_length_250248_cov_144.423798
		This contig is misassembled. 21 total aligns.
			Real Alignment 1: 1345647 1513551 | 167941 1 | 167905 167941 | 98.34 | NZ_CP007471.1_Haemophilus_influenzae_strain_C486__complete_genome NODE_49_length_250248_cov_144.423798
			  Gap between these two alignments (local misassembly). Inconsistency = 24 
			Real Alignment 2: 1306474 1345354 | 207163 168210 | 38881 38954 | 98.2 | NZ_CP007471.1_Haemophilus_influenzae_strain_C486__complete_genome NODE_49_length_250248_cov_144.423798
			  Extensive misassembly ( relocation, inconsistency = -3631 ) between these two alignments
			Real Alignment 3: 1272248 1306480 | 245016 210788 | 34233 34229 | 98.4 | NZ_CP007471.1_Haemophilus_influenzae_strain_C486__complete_genome NODE_49_length_250248_cov_144.423798
			  Overlap between these two alignments (local misassembly). Inconsistency = -118 
			Real Alignment 4: 1266997 1272213 | 250374 245169 | 5217 5206 | 96.59 | NZ_CP007471.1_Haemophilus_influenzae_strain_C486__complete_genome NODE_49_length_250248_cov_144.423798

CONTIG: NODE_60_length_545845_cov_167.814865 (545971bp)
Top Length: 107080  Top ID: 98.71
		Skipping redundant alignment 378439 380322 | 1884 1 | 1884 1884 | 96.56 | NZ_CP007471.1_Haemophilus_influenzae_strain_C486__complete_genome NODE_60_length_545845_cov_167.814865
		Skipping redundant alignment 766170 767985 | 1 1814 | 1816 1814 | 97.08 | NZ_CP007471.1_Haemophilus_influenzae_strain_C486__complete_genome NODE_60_length_545845_cov_167.814865
		Skipping redundant alignment 589712 589779 | 42234 42301 | 68 68 | 100.0 | NZ_CP007471.1_Haemophilus_influenzae_strain_C486__complete_genome NODE_60_length_545845_cov_167.814865
		Skipping redundant alignment 589711 589779 | 42237 42305 | 69 69 | 100.0 | NZ_CP007471.1_Haemophilus_influenzae_strain_C486__complete_genome NODE_60_length_545845_cov_167.814865
		Skipping redundant alignment 589711 589779 | 42293 42361 | 69 69 | 100.0 | NZ_CP007471.1_Haemophilus_influenzae_strain_C486__complete_genome NODE_60_length_545845_cov_167.814865
		Skipping redundant alignment 1477117 1477250 | 498258 498125 | 134 134 | 98.51 | NZ_CP007471.1_Haemophilus_influenzae_strain_C486__complete_genome NODE_60_length_545845_cov_167.814865
		Skipping redundant alignment 1130490 1130630 | 545831 545971 | 141 141 | 96.45 | NZ_CP007471.1_Haemophilus_influenzae_strain_C486__complete_genome NODE_60_length_545845_cov_167.814865
		This contig is misassembled. 29 total aligns.
			Excluding internal overlap of size 3 between Alignment 1 and 2:  213928 218620 | 42317 37627 | 4693 4691 --> 213928 218617 | 42317 37630 | 4690 4688
			Real Alignment 1: 218769 256400 | 37629 1 | 37632 37629 | 99.68 | NZ_CP007471.1_Haemophilus_influenzae_strain_C486__complete_genome NODE_60_length_545845_cov_167.814865
			  Gap between these two alignments (local misassembly). Inconsistency = 151 
			Excluding internal overlap of size 40 between Alignment 2 and 3:  213928 218617 | 42317 37630 | 4690 4688 --> 213968 218617 | 42277 37630 | 4650 4648
			Real Alignment 2: 213968 218617 | 42277 37630 | 4650 4648 | 98.96 | NZ_CP007471.1_Haemophilus_influenzae_strain_C486__complete_genome NODE_60_length_545845_cov_167.814865
			  Fake misassembly between these two alignments: inconsistency = -44 , gap in the contig is small or absent or filled mostly with Ns (long indel: insertion of length 44; 0 mismatches)
			Real Alignment 3: 203546 214011 | 52765 42278 | 10466 10488 | 97.76 | NZ_CP007471.1_Haemophilus_influenzae_strain_C486__complete_genome NODE_60_length_545845_cov_167.814865
			  Gap between these two alignments (local misassembly). Inconsistency = 105 
			Real Alignment 4: 110815 202764 | 145374 53442 | 91950 91933 | 99.64 | NZ_CP007471.1_Haemophilus_influenzae_strain_C486__complete_genome NODE_60_length_545845_cov_167.814865
			  Extensive misassembly ( relocation, inconsistency = 1053 ) between these two alignments
			Real Alignment 5: 108122 109482 | 147014 145654 | 1361 1361 | 97.87 | NZ_CP007471.1_Haemophilus_influenzae_strain_C486__complete_genome NODE_60_length_545845_cov_167.814865
			  Extensive misassembly ( relocation, inconsistency = -8898 ) between these two alignments
			Real Alignment 6: 1 106977 | 264136 157057 | 106977 107080 | 98.71 | NZ_CP007471.1_Haemophilus_influenzae_strain_C486__complete_genome NODE_60_length_545845_cov_167.814865
			  Fake misassembly (caused by linear representation of circular genome) between these two alignments
			Real Alignment 7: 1833727 1846503 | 276918 264137 | 12777 12782 | 97.89 | NZ_CP007471.1_Haemophilus_influenzae_strain_C486__complete_genome NODE_60_length_545845_cov_167.814865
			  Gap between these two alignments (local misassembly). Inconsistency = 102 
			Real Alignment 8: 1830342 1833619 | 280217 276924 | 3278 3294 | 96.48 | NZ_CP007471.1_Haemophilus_influenzae_strain_C486__complete_genome NODE_60_length_545845_cov_167.814865
			  Gap between these two alignments (local misassembly). Inconsistency = 526 
			Real Alignment 9: 1819302 1827004 | 290725 283029 | 7703 7697 | 95.45 | NZ_CP007471.1_Haemophilus_influenzae_strain_C486__complete_genome NODE_60_length_545845_cov_167.814865
			  Overlap between these two alignments (local misassembly). Inconsistency = -52 
			Real Alignment 10: 1813316 1817649 | 296763 292430 | 4334 4334 | 97.72 | NZ_CP007471.1_Haemophilus_influenzae_strain_C486__complete_genome NODE_60_length_545845_cov_167.814865
			  Gap between these two alignments (local misassembly). Inconsistency = 86 
			Real Alignment 11: 1794504 1813124 | 315490 296869 | 18621 18622 | 97.91 | NZ_CP007471.1_Haemophilus_influenzae_strain_C486__complete_genome NODE_60_length_545845_cov_167.814865
			  Extensive misassembly ( relocation, inconsistency = 3513 ) between these two alignments
			Real Alignment 12: 1776054 1789339 | 330412 317142 | 13286 13271 | 95.98 | NZ_CP007471.1_Haemophilus_influenzae_strain_C486__complete_genome NODE_60_length_545845_cov_167.814865
			  Overlap between these two alignments (local misassembly). Inconsistency = -72 
			Real Alignment 13: 1763682 1774828 | 342795 331710 | 11147 11086 | 96.54 | NZ_CP007471.1_Haemophilus_influenzae_strain_C486__complete_genome NODE_60_length_545845_cov_167.814865
			  Extensive misassembly ( relocation, inconsistency = -1228 ) between these two alignments
			Excluding internal overlap of size 5 between Alignment 14 and 15:  1667996 1681560 | 402701 389138 | 13565 13564 --> 1667996 1681555 | 402701 389143 | 13560 13559
			Real Alignment 14: 1718554 1759302 | 389142 348403 | 40749 40740 | 98.47 | NZ_CP007471.1_Haemophilus_influenzae_strain_C486__complete_genome NODE_60_length_545845_cov_167.814865
			  Extensive misassembly ( relocation, inconsistency = 36998 ) between these two alignments
			Real Alignment 15: 1667996 1681555 | 402701 389143 | 13560 13559 | 98.72 | NZ_CP007471.1_Haemophilus_influenzae_strain_C486__complete_genome NODE_60_length_545845_cov_167.814865
			  Overlap between these two alignments (local misassembly). Inconsistency = -122 
			Real Alignment 16: 1640466 1667996 | 430353 402823 | 27531 27531 | 98.32 | NZ_CP007471.1_Haemophilus_influenzae_strain_C486__complete_genome NODE_60_length_545845_cov_167.814865
			  Overlap between these two alignments (local misassembly). Inconsistency = -164 
			Real Alignment 17: 1619098 1640497 | 451903 430486 | 21400 21418 | 98.05 | NZ_CP007471.1_Haemophilus_influenzae_strain_C486__complete_genome NODE_60_length_545845_cov_167.814865
			  Gap between these two alignments (local misassembly). Inconsistency = 7 
			Real Alignment 18: 1583277 1618992 | 487727 452002 | 35716 35726 | 98.53 | NZ_CP007471.1_Haemophilus_influenzae_strain_C486__complete_genome NODE_60_length_545845_cov_167.814865
			  Overlap between these two alignments (local misassembly). Inconsistency = -40 
			Real Alignment 19: 1576002 1583174 | 495020 487870 | 7173 7151 | 95.52 | NZ_CP007471.1_Haemophilus_influenzae_strain_C486__complete_genome NODE_60_length_545845_cov_167.814865
			  Overlap between these two alignments (local misassembly). Inconsistency = -18 
			Excluding internal overlap of size 19 between Alignment 20 and 21:  1562664 1575844 | 508367 495196 | 13181 13172 --> 1562683 1575844 | 508348 495196 | 13162 13153
			Real Alignment 20: 1562683 1575844 | 508348 495196 | 13162 13153 | 96.47 | NZ_CP007471.1_Haemophilus_influenzae_strain_C486__complete_genome NODE_60_length_545845_cov_167.814865
			  Extensive misassembly ( relocation, inconsistency = 3074 ) between these two alignments
			Real Alignment 21: 1541072 1559608 | 526879 508349 | 18537 18531 | 97.85 | NZ_CP007471.1_Haemophilus_influenzae_strain_C486__complete_genome NODE_60_length_545845_cov_167.814865
			  Overlap between these two alignments (local misassembly). Inconsistency = -348 
			Real Alignment 22: 1522333 1541067 | 545971 527232 | 18735 18740 | 98.52 | NZ_CP007471.1_Haemophilus_influenzae_strain_C486__complete_genome NODE_60_length_545845_cov_167.814865

Analyzing coverage...
Writing SNPs into /data/projects/Assembly/Aroon/reports/GCF_000931605.1_ASM93160v1_genomic/contigs_reports/nucmer_output/M05964_contigs.used_snps
	Reference NZ_CP007471.1_Haemophilus_influenzae_strain_C486__complete_genome: 72 total alignments. 1 total regions.
		Region: 1 to 1846503 (1846503 bp)
			Align 1: 1 106977 NODE_60_length_545845_cov_167.814865 264136 157057
				Gap between this and next alignment: 106977 to 108122 (1144 bp)
				Next Alignment: 108122 109482 NODE_60_length_545845_cov_167.814865 147014 145654

			Align 2: 108122 109482 NODE_60_length_545845_cov_167.814865 147014 145654
				Gap between this and next alignment: 109482 to 110815 (1332 bp)
				Next Alignment: 110815 202764 NODE_60_length_545845_cov_167.814865 145374 53442

			Align 3: 110815 202764 NODE_60_length_545845_cov_167.814865 145374 53442
				Gap between this and next alignment: 202764 to 203546 (781 bp)
				Next Alignment: 203546 214011 NODE_60_length_545845_cov_167.814865 52765 42278

			Align 4: 203546 214011 NODE_60_length_545845_cov_167.814865 52765 42278
				Negative gap (overlap) between this and next alignment: 214011 to 213968 (-43 bp)
				Next Alignment: 213968 218617 NODE_60_length_545845_cov_167.814865 42277 37630

			Previous gap was negative, modifying coordinates to ignore overlap
				Moving contig start from 42277 to 42233.
			Align 5: 214012 218617 NODE_60_length_545845_cov_167.814865 42233 37630
				Gap between this and next alignment: 218617 to 218769 (151 bp)
				Next Alignment: 218769 256400 NODE_60_length_545845_cov_167.814865 37629 1

			Align 6: 218769 256400 NODE_60_length_545845_cov_167.814865 37629 1
				The next alignment (254539 254709 NODE_10_length_50905_cov_184.963623 171 1) is redundant. Skipping.
				The next alignment (255189 256400 NODE_11_length_1086_cov_655.151917 1 1212) is redundant. Skipping.
				Gap between this and next alignment: 256400 to 256770 (369 bp)
				Next Alignment: 256770 257285 NODE_45_length_390_cov_744.241028 516 1

			Align 9: 256770 257285 NODE_45_length_390_cov_744.241028 516 1
				Gap between this and next alignment: 257285 to 258072 (786 bp)
				Next Alignment: 258072 258680 NODE_20_length_483_cov_386.440979 609 1

			Align 10: 258072 258680 NODE_20_length_483_cov_386.440979 609 1
				The next alignment (258157 258680 NODE_47_length_398_cov_79.638191 1 524) is redundant. Skipping.
				Gap between this and next alignment: 258680 to 260492 (1811 bp)
				Next Alignment: 260492 270317 NODE_5_length_444826_cov_179.227036 444952 435125

			Align 12: 260492 270317 NODE_5_length_444826_cov_179.227036 444952 435125
				Negative gap (overlap) between this and next alignment: 270317 to 270250 (-67 bp)
				Next Alignment: 270250 270355 NODE_10_length_50905_cov_184.963623 42454 42349

			Previous gap was negative, modifying coordinates to ignore overlap
				Moving contig start from 42454 to 42386.
			Align 13: 270318 270355 NODE_10_length_50905_cov_184.963623 42386 42349
				Negative gap (overlap) between this and next alignment: 270355 to 270258 (-97 bp)
				Next Alignment: 270258 271388 NODE_5_length_444826_cov_179.227036 435124 433994

			Previous gap was negative, modifying coordinates to ignore overlap
				Moving contig start from 435124 to 435026.
			Align 14: 270356 271388 NODE_5_length_444826_cov_179.227036 435026 433994
				Gap between this and next alignment: 271388 to 271485 (96 bp)
				Next Alignment: 271485 278431 NODE_5_length_444826_cov_179.227036 433891 426935

			Align 15: 271485 278431 NODE_5_length_444826_cov_179.227036 433891 426935
				Negative gap (overlap) between this and next alignment: 278431 to 278425 (-6 bp)
				Next Alignment: 278425 281120 NODE_5_length_444826_cov_179.227036 425258 422563

			Previous gap was negative, modifying coordinates to ignore overlap
				Moving contig start from 425258 to 425251.
			Align 16: 278432 281120 NODE_5_length_444826_cov_179.227036 425251 422563
				Gap between this and next alignment: 281120 to 284229 (3108 bp)
				Next Alignment: 284229 300087 NODE_5_length_444826_cov_179.227036 422562 406703

			Align 17: 284229 300087 NODE_5_length_444826_cov_179.227036 422562 406703
				Gap between this and next alignment: 300087 to 300506 (418 bp)
				Next Alignment: 300506 310883 NODE_5_length_444826_cov_179.227036 406702 396311

			Align 18: 300506 310883 NODE_5_length_444826_cov_179.227036 406702 396311
				Gap between this and next alignment: 310883 to 310919 (35 bp)
				Next Alignment: 310919 320799 NODE_5_length_444826_cov_179.227036 394957 385071

			Align 19: 310919 320799 NODE_5_length_444826_cov_179.227036 394957 385071
				Gap between this and next alignment: 320799 to 320870 (70 bp)
				Next Alignment: 320870 334344 NODE_5_length_444826_cov_179.227036 385070 371597

			Align 20: 320870 334344 NODE_5_length_444826_cov_179.227036 385070 371597
				Gap between this and next alignment: 334344 to 337656 (3311 bp)
				Next Alignment: 337656 366289 NODE_10_length_50905_cov_184.963623 39136 10458

			Align 21: 337656 366289 NODE_10_length_50905_cov_184.963623 39136 10458
				Gap between this and next alignment: 366289 to 366580 (290 bp)
				Next Alignment: 366580 376556 NODE_10_length_50905_cov_184.963623 10165 172

			Align 22: 366580 376556 NODE_10_length_50905_cov_184.963623 10165 172
				Gap between this and next alignment: 376556 to 382273 (5716 bp)
				Next Alignment: 382273 383240 NODE_6_length_842_cov_765.074829 1 968

			Align 23: 382273 383240 NODE_6_length_842_cov_765.074829 1 968
				Negative gap (overlap) between this and next alignment: 383240 to 383115 (-125 bp)
				Next Alignment: 383115 383906 NODE_7_length_666_cov_698.303284 792 1

			Previous gap was negative, modifying coordinates to ignore overlap
				Moving contig start from 792 to 666.
			Align 24: 383241 383906 NODE_7_length_666_cov_698.303284 666 1
				Gap between this and next alignment: 383906 to 383992 (85 bp)
				Next Alignment: 383992 392396 NODE_10_length_50905_cov_184.963623 51031 42612

			Align 25: 383992 392396 NODE_10_length_50905_cov_184.963623 51031 42612
				Gap between this and next alignment: 392396 to 393860 (1463 bp)
				Next Alignment: 393860 421979 NODE_5_length_444826_cov_179.227036 370085 341954

			Align 26: 393860 421979 NODE_5_length_444826_cov_179.227036 370085 341954
				Gap between this and next alignment: 421979 to 421981 (1 bp)
				Next Alignment: 421981 566784 NODE_5_length_444826_cov_179.227036 339198 194443

			Align 27: 421981 566784 NODE_5_length_444826_cov_179.227036 339198 194443
				Gap between this and next alignment: 566784 to 567060 (275 bp)
				Next Alignment: 567060 577156 NODE_5_length_444826_cov_179.227036 194113 184031

			Align 28: 567060 577156 NODE_5_length_444826_cov_179.227036 194113 184031
				Gap between this and next alignment: 577156 to 577919 (762 bp)
				Next Alignment: 577919 590032 NODE_5_length_444826_cov_179.227036 184030 171994

			Align 29: 577919 590032 NODE_5_length_444826_cov_179.227036 184030 171994
				Gap between this and next alignment: 590032 to 590657 (624 bp)
				Next Alignment: 590657 599410 NODE_5_length_444826_cov_179.227036 171354 162598

			Align 30: 590657 599410 NODE_5_length_444826_cov_179.227036 171354 162598
				Gap between this and next alignment: 599410 to 599465 (54 bp)
				Next Alignment: 599465 662373 NODE_5_length_444826_cov_179.227036 162597 99602

			Align 31: 599465 662373 NODE_5_length_444826_cov_179.227036 162597 99602
				Gap between this and next alignment: 662373 to 662378 (4 bp)
				Next Alignment: 662378 722415 NODE_5_length_444826_cov_179.227036 99446 39564

			Align 32: 662378 722415 NODE_5_length_444826_cov_179.227036 99446 39564
				Gap between this and next alignment: 722415 to 722697 (281 bp)
				Next Alignment: 722697 731716 NODE_5_length_444826_cov_179.227036 39563 30539

			Align 33: 722697 731716 NODE_5_length_444826_cov_179.227036 39563 30539
				Gap between this and next alignment: 731716 to 733791 (2074 bp)
				Next Alignment: 733791 762436 NODE_5_length_444826_cov_179.227036 28614 1

			Align 34: 733791 762436 NODE_5_length_444826_cov_179.227036 28614 1
				Gap between this and next alignment: 762436 to 767860 (5423 bp)
				Next Alignment: 767860 795590 NODE_2_length_27589_cov_169.095764 1 27715

			Align 35: 767860 795590 NODE_2_length_27589_cov_169.095764 1 27715
				Gap between this and next alignment: 795590 to 800677 (5086 bp)
				Next Alignment: 800677 849884 NODE_26_length_118173_cov_164.728897 1 49288

			Align 36: 800677 849884 NODE_26_length_118173_cov_164.728897 1 49288
				Gap between this and next alignment: 849884 to 850686 (801 bp)
				Next Alignment: 850686 919380 NODE_26_length_118173_cov_164.728897 49484 118299

			Align 37: 850686 919380 NODE_26_length_118173_cov_164.728897 49484 118299
				Gap between this and next alignment: 919380 to 923772 (4391 bp)
				Next Alignment: 923772 937959 NODE_3_length_179628_cov_156.746414 179754 165571

			Align 38: 923772 937959 NODE_3_length_179628_cov_156.746414 179754 165571
				Gap between this and next alignment: 937959 to 939042 (1082 bp)
				Next Alignment: 939042 952858 NODE_3_length_179628_cov_156.746414 164470 150652

			Align 39: 939042 952858 NODE_3_length_179628_cov_156.746414 164470 150652
				Gap between this and next alignment: 952858 to 956048 (3189 bp)
				Next Alignment: 956048 962190 NODE_3_length_179628_cov_156.746414 149233 143091

			Align 40: 956048 962190 NODE_3_length_179628_cov_156.746414 149233 143091
				Negative gap (overlap) between this and next alignment: 962190 to 962121 (-69 bp)
				Next Alignment: 962121 965283 NODE_3_length_179628_cov_156.746414 98297 95133

			Previous gap was negative, modifying coordinates to ignore overlap
				Moving contig start from 98297 to 98227.
			Align 41: 962191 965283 NODE_3_length_179628_cov_156.746414 98227 95133
				Gap between this and next alignment: 965283 to 969004 (3720 bp)
				Next Alignment: 969004 971978 NODE_3_length_179628_cov_156.746414 94598 91624

			Align 42: 969004 971978 NODE_3_length_179628_cov_156.746414 94598 91624
				Gap between this and next alignment: 971978 to 972771 (792 bp)
				Next Alignment: 972771 1064461 NODE_3_length_179628_cov_156.746414 91623 1

			Align 43: 972771 1064461 NODE_3_length_179628_cov_156.746414 91623 1
				Gap between this and next alignment: 1064461 to 1069922 (5460 bp)
				Next Alignment: 1069922 1118180 NODE_1_length_61020_cov_149.082642 60842 12575

			Align 44: 1069922 1118180 NODE_1_length_61020_cov_149.082642 60842 12575
				Gap between this and next alignment: 1118180 to 1118193 (12 bp)
				Next Alignment: 1118193 1130630 NODE_1_length_61020_cov_149.082642 12434 1

			Align 45: 1118193 1130630 NODE_1_length_61020_cov_149.082642 12434 1
				Negative gap (overlap) between this and next alignment: 1130630 to 1130505 (-125 bp)
				Next Alignment: 1130505 1135153 NODE_4_length_5921_cov_282.400604 6047 1400

			Previous gap was negative, modifying coordinates to ignore overlap
				Moving contig start from 6047 to 5921.
			Align 46: 1130631 1135153 NODE_4_length_5921_cov_282.400604 5921 1400
				Gap between this and next alignment: 1135153 to 1139571 (4417 bp)
				Next Alignment: 1139571 1140734 NODE_12_length_87982_cov_144.570938 3433 4596

			Align 47: 1139571 1140734 NODE_12_length_87982_cov_144.570938 3433 4596
				Gap between this and next alignment: 1140734 to 1140845 (110 bp)
				Next Alignment: 1140845 1147794 NODE_12_length_87982_cov_144.570938 4597 11542

			Align 48: 1140845 1147794 NODE_12_length_87982_cov_144.570938 4597 11542
				Negative gap (overlap) between this and next alignment: 1147794 to 1147749 (-45 bp)
				Next Alignment: 1147749 1170262 NODE_12_length_87982_cov_144.570938 14131 36639

			Previous gap was negative, modifying coordinates to ignore overlap
				Moving contig start from 14131 to 14178.
			Align 49: 1147795 1170262 NODE_12_length_87982_cov_144.570938 14178 36639
				Gap between this and next alignment: 1170262 to 1170371 (108 bp)
				Next Alignment: 1170371 1221836 NODE_12_length_87982_cov_144.570938 36640 88108

			Align 50: 1170371 1221836 NODE_12_length_87982_cov_144.570938 36640 88108
				Negative gap (overlap) between this and next alignment: 1221836 to 1221711 (-125 bp)
				Next Alignment: 1221711 1223022 NODE_23_length_1186_cov_265.353302 1 1312

			Previous gap was negative, modifying coordinates to ignore overlap
				Moving contig start from 1 to 127.
			Align 51: 1221837 1223022 NODE_23_length_1186_cov_265.353302 127 1312
				Negative gap (overlap) between this and next alignment: 1223022 to 1222897 (-125 bp)
				Next Alignment: 1222897 1265936 NODE_39_length_42854_cov_142.599518 42980 1

			Previous gap was negative, modifying coordinates to ignore overlap
				Moving contig start from 42980 to 42854.
			Align 52: 1223023 1265936 NODE_39_length_42854_cov_142.599518 42854 1
				Gap between this and next alignment: 1265936 to 1266997 (1060 bp)
				Next Alignment: 1266997 1272213 NODE_49_length_250248_cov_144.423798 250374 245169

			Align 53: 1266997 1272213 NODE_49_length_250248_cov_144.423798 250374 245169
				Gap between this and next alignment: 1272213 to 1272248 (34 bp)
				Next Alignment: 1272248 1306480 NODE_49_length_250248_cov_144.423798 245016 210788

			Align 54: 1272248 1306480 NODE_49_length_250248_cov_144.423798 245016 210788
				Negative gap (overlap) between this and next alignment: 1306480 to 1306474 (-6 bp)
				Next Alignment: 1306474 1345354 NODE_49_length_250248_cov_144.423798 207163 168210

			Previous gap was negative, modifying coordinates to ignore overlap
				Moving contig start from 207163 to 207156.
			Align 55: 1306481 1345354 NODE_49_length_250248_cov_144.423798 207156 168210
				Gap between this and next alignment: 1345354 to 1345647 (292 bp)
				Next Alignment: 1345647 1513551 NODE_49_length_250248_cov_144.423798 167941 1

			Align 56: 1345647 1513551 NODE_49_length_250248_cov_144.423798 167941 1
				Gap between this and next alignment: 1513551 to 1522333 (8781 bp)
				Next Alignment: 1522333 1541067 NODE_60_length_545845_cov_167.814865 545971 527232

			Align 57: 1522333 1541067 NODE_60_length_545845_cov_167.814865 545971 527232
				Gap between this and next alignment: 1541067 to 1541072 (4 bp)
				Next Alignment: 1541072 1559608 NODE_60_length_545845_cov_167.814865 526879 508349

			Align 58: 1541072 1559608 NODE_60_length_545845_cov_167.814865 526879 508349
				Gap between this and next alignment: 1559608 to 1562683 (3074 bp)
				Next Alignment: 1562683 1575844 NODE_60_length_545845_cov_167.814865 508348 495196

			Align 59: 1562683 1575844 NODE_60_length_545845_cov_167.814865 508348 495196
				Gap between this and next alignment: 1575844 to 1576002 (157 bp)
				Next Alignment: 1576002 1583174 NODE_60_length_545845_cov_167.814865 495020 487870

			Align 60: 1576002 1583174 NODE_60_length_545845_cov_167.814865 495020 487870
				Gap between this and next alignment: 1583174 to 1583277 (102 bp)
				Next Alignment: 1583277 1618992 NODE_60_length_545845_cov_167.814865 487727 452002

			Align 61: 1583277 1618992 NODE_60_length_545845_cov_167.814865 487727 452002
				Gap between this and next alignment: 1618992 to 1619098 (105 bp)
				Next Alignment: 1619098 1640497 NODE_60_length_545845_cov_167.814865 451903 430486

			Align 62: 1619098 1640497 NODE_60_length_545845_cov_167.814865 451903 430486
				Negative gap (overlap) between this and next alignment: 1640497 to 1640466 (-31 bp)
				Next Alignment: 1640466 1667996 NODE_60_length_545845_cov_167.814865 430353 402823

			Previous gap was negative, modifying coordinates to ignore overlap
				Moving contig start from 430353 to 430321.
			Align 63: 1640498 1667996 NODE_60_length_545845_cov_167.814865 430321 402823
				Negative gap (overlap) between this and next alignment: 1667996 to 1667996 (0 bp)
				Next Alignment: 1667996 1681555 NODE_60_length_545845_cov_167.814865 402701 389143

			Previous gap was negative, modifying coordinates to ignore overlap
				Moving contig start from 402701 to 402700.
			Align 64: 1667997 1681555 NODE_60_length_545845_cov_167.814865 402700 389143
				Gap between this and next alignment: 1681555 to 1718554 (36998 bp)
				Next Alignment: 1718554 1759302 NODE_60_length_545845_cov_167.814865 389142 348403

			Align 65: 1718554 1759302 NODE_60_length_545845_cov_167.814865 389142 348403
				Gap between this and next alignment: 1759302 to 1763682 (4379 bp)
				Next Alignment: 1763682 1774828 NODE_60_length_545845_cov_167.814865 342795 331710

			Align 66: 1763682 1774828 NODE_60_length_545845_cov_167.814865 342795 331710
				Gap between this and next alignment: 1774828 to 1776054 (1225 bp)
				Next Alignment: 1776054 1789339 NODE_60_length_545845_cov_167.814865 330412 317142

			Align 67: 1776054 1789339 NODE_60_length_545845_cov_167.814865 330412 317142
				Gap between this and next alignment: 1789339 to 1794504 (5164 bp)
				Next Alignment: 1794504 1813124 NODE_60_length_545845_cov_167.814865 315490 296869

			Align 68: 1794504 1813124 NODE_60_length_545845_cov_167.814865 315490 296869
				Gap between this and next alignment: 1813124 to 1813316 (191 bp)
				Next Alignment: 1813316 1817649 NODE_60_length_545845_cov_167.814865 296763 292430

			Align 69: 1813316 1817649 NODE_60_length_545845_cov_167.814865 296763 292430
				Gap between this and next alignment: 1817649 to 1819302 (1652 bp)
				Next Alignment: 1819302 1827004 NODE_60_length_545845_cov_167.814865 290725 283029

			Align 70: 1819302 1827004 NODE_60_length_545845_cov_167.814865 290725 283029
				Gap between this and next alignment: 1827004 to 1830342 (3337 bp)
				Next Alignment: 1830342 1833619 NODE_60_length_545845_cov_167.814865 280217 276924

			Align 71: 1830342 1833619 NODE_60_length_545845_cov_167.814865 280217 276924
				Gap between this and next alignment: 1833619 to 1833727 (107 bp)
				Next Alignment: 1833727 1846503 NODE_60_length_545845_cov_167.814865 276918 264137

			Align 72: 1833727 1846503 NODE_60_length_545845_cov_167.814865 276918 264137
			END in current alignment.  Modifying 1846503 to 1846503.

Analysis is finished!
Founded SNPs were written into /data/projects/Assembly/Aroon/reports/GCF_000931605.1_ASM93160v1_genomic/contigs_reports/nucmer_output/M05964_contigs.used_snps

Results:
	Local Misassemblies: 29
	Misassemblies: 19
		Relocations: 19
		Translocations: 0
		Inversions: 0
	Misassembled Contigs: 6
	Misassembled Contig Bases: 1560190
	Misassemblies Inter-Contig Overlap: 0
Uncovered Regions: 0 (0)
Unaligned Contigs: 1 + 1 part
Partially Unaligned Contigs with Misassemblies: 0
Unaligned Contig Bases: 3692

Ambiguously Mapped Contigs: 6
Total Bases in Ambiguously Mapped Contigs: 4621
Note that --allow-ambiguity option was set to "one" and only first alignment per each contig was used.

	Covered Bases: 1720209

	SNPs: 25131
	Insertions: 1420
	Deletions: 1387

	Positive Gaps: 55
		Internal Gaps:  41
		External Gaps:  14
		External Gap Total:  48159
		External Gap Average: 3440
	Negative Gaps: 13
		Internal Overlaps:  7
		External Overlaps:  6
		External Overlaps Total: -664
		External Overlaps Average: -111
	Contigs with Redundant Alignments: 2 (1907)
